ERROR - 2018-03-27 00:13:31 --> 404 Page Not Found: 
ERROR - 2018-03-27 00:53:29 --> 404 Page Not Found: 
ERROR - 2018-03-27 01:16:27 --> 404 Page Not Found: 
ERROR - 2018-03-27 01:20:58 --> 404 Page Not Found: 
ERROR - 2018-03-27 01:22:46 --> 404 Page Not Found: 
ERROR - 2018-03-27 01:23:47 --> 404 Page Not Found: 
ERROR - 2018-03-27 01:29:30 --> 404 Page Not Found: 
ERROR - 2018-03-27 01:30:30 --> 404 Page Not Found: 
ERROR - 2018-03-27 01:31:31 --> 404 Page Not Found: 
ERROR - 2018-03-27 01:39:09 --> 404 Page Not Found: 
ERROR - 2018-03-27 01:51:36 --> 404 Page Not Found: 
ERROR - 2018-03-27 01:56:52 --> 404 Page Not Found: 
ERROR - 2018-03-27 02:12:25 --> Query error: You have an error in your SQL syntax; check the manual that corresponds to your MySQL server version for the right syntax to use near '-10, 10' at line 11 - Invalid query: SELECT DISTINCT `p`.*, `c`.`name` as `city_name`, `ps`.`name` as `property_status`, `pt`.`name` as `prop_type`, `b`.`name` as `builder`, `l`.`name` as `location`
FROM `properties` `p`
LEFT JOIN `cities` `c` ON `p`.`city_id` = `c`.`id`
LEFT JOIN `builders` `b` ON `p`.`builder_id` = `b`.`id`
LEFT JOIN `locations` `l` ON `p`.`location_id` = `l`.`id`
LEFT JOIN `property_types` `pt` ON `p`.`property_type_id` = `pt`.`id`
LEFT JOIN `property_status` `ps` ON `p`.`property_status_id` = `ps`.`id`
LEFT JOIN `property_amenities` `pa` ON `pa`.`property_id` = `p`.`id`
WHERE `p`.`status` = 1
ORDER BY `p`.`id` DESC
 LIMIT -10, 10
ERROR - 2018-03-27 02:16:57 --> Query error: You have an error in your SQL syntax; check the manual that corresponds to your MySQL server version for the right syntax to use near '-10, 10' at line 11 - Invalid query: SELECT DISTINCT `p`.*, `c`.`name` as `city_name`, `ps`.`name` as `property_status`, `pt`.`name` as `prop_type`, `b`.`name` as `builder`, `l`.`name` as `location`
FROM `properties` `p`
LEFT JOIN `cities` `c` ON `p`.`city_id` = `c`.`id`
LEFT JOIN `builders` `b` ON `p`.`builder_id` = `b`.`id`
LEFT JOIN `locations` `l` ON `p`.`location_id` = `l`.`id`
LEFT JOIN `property_types` `pt` ON `p`.`property_type_id` = `pt`.`id`
LEFT JOIN `property_status` `ps` ON `p`.`property_status_id` = `ps`.`id`
LEFT JOIN `property_amenities` `pa` ON `pa`.`property_id` = `p`.`id`
WHERE `p`.`status` = 1
ORDER BY `p`.`id` DESC
 LIMIT -10, 10
ERROR - 2018-03-27 03:16:04 --> 404 Page Not Found: 
ERROR - 2018-03-27 03:17:24 --> 404 Page Not Found: 
ERROR - 2018-03-27 09:16:42 --> 404 Page Not Found: 
ERROR - 2018-03-27 10:19:50 --> 404 Page Not Found: 
ERROR - 2018-03-27 10:19:51 --> 404 Page Not Found: 
ERROR - 2018-03-27 10:19:51 --> 404 Page Not Found: 
ERROR - 2018-03-27 10:19:51 --> 404 Page Not Found: 
ERROR - 2018-03-27 10:19:51 --> 404 Page Not Found: 
ERROR - 2018-03-27 11:14:31 --> 404 Page Not Found: 
ERROR - 2018-03-27 12:53:17 --> 404 Page Not Found: 
ERROR - 2018-03-27 13:42:40 --> 404 Page Not Found: 
ERROR - 2018-03-27 13:42:40 --> 404 Page Not Found: 
ERROR - 2018-03-27 13:42:41 --> 404 Page Not Found: 
ERROR - 2018-03-27 13:42:41 --> 404 Page Not Found: 
ERROR - 2018-03-27 13:42:41 --> 404 Page Not Found: 
ERROR - 2018-03-27 14:16:25 --> 404 Page Not Found: 
ERROR - 2018-03-27 14:21:33 --> 404 Page Not Found: 
ERROR - 2018-03-27 15:34:38 --> 404 Page Not Found: 
ERROR - 2018-03-27 15:57:44 --> Severity: Warning --> Division by zero /home/nkmtein/public_html/fullbasketproperty.com/application/core/Public_Controller.php 47
ERROR - 2018-03-27 16:01:48 --> Severity: Warning --> Division by zero /home/nkmtein/public_html/fullbasketproperty.com/application/core/Public_Controller.php 47
ERROR - 2018-03-27 16:02:00 --> Severity: Warning --> Division by zero /home/nkmtein/public_html/fullbasketproperty.com/application/core/Public_Controller.php 47
ERROR - 2018-03-27 16:25:43 --> 404 Page Not Found: 
ERROR - 2018-03-27 16:25:43 --> 404 Page Not Found: 
ERROR - 2018-03-27 16:25:44 --> 404 Page Not Found: 
ERROR - 2018-03-27 16:25:45 --> 404 Page Not Found: 
ERROR - 2018-03-27 16:25:45 --> 404 Page Not Found: 
ERROR - 2018-03-27 16:47:09 --> Severity: Warning --> Division by zero /home/nkmtein/public_html/fullbasketproperty.com/application/core/Public_Controller.php 47
ERROR - 2018-03-27 16:47:16 --> Severity: Warning --> Division by zero /home/nkmtein/public_html/fullbasketproperty.com/application/core/Public_Controller.php 47
ERROR - 2018-03-27 17:43:27 --> Severity: Warning --> Division by zero /home/nkmtein/public_html/fullbasketproperty.com/application/core/Public_Controller.php 47
ERROR - 2018-03-27 18:16:02 --> Severity: Warning --> Division by zero /home/nkmtein/public_html/fullbasketproperty.com/application/core/Public_Controller.php 47
ERROR - 2018-03-27 23:50:25 --> 404 Page Not Found: 
