ERROR - 2018-07-02 03:38:37 --> 404 Page Not Found: 
ERROR - 2018-07-02 04:27:23 --> 404 Page Not Found: 
ERROR - 2018-07-02 05:27:53 --> 404 Page Not Found: 
ERROR - 2018-07-02 06:41:45 --> 404 Page Not Found: 
ERROR - 2018-07-02 08:43:39 --> 404 Page Not Found: 
ERROR - 2018-07-02 11:58:34 --> 404 Page Not Found: 
ERROR - 2018-07-02 13:21:48 --> 404 Page Not Found: 
ERROR - 2018-07-02 14:21:39 --> 404 Page Not Found: 
ERROR - 2018-07-02 14:56:42 --> 404 Page Not Found: 
ERROR - 2018-07-02 15:32:33 --> 404 Page Not Found: 
ERROR - 2018-07-02 15:50:47 --> 404 Page Not Found: 
ERROR - 2018-07-02 16:29:46 --> 404 Page Not Found: 
ERROR - 2018-07-02 16:37:57 --> 404 Page Not Found: 
ERROR - 2018-07-02 16:38:49 --> Query error: You have an error in your SQL syntax; check the manual that corresponds to your MySQL server version for the right syntax to use near '-10, 10' at line 11 - Invalid query: SELECT DISTINCT `p`.*, `c`.`name` as `city_name`, `ps`.`name` as `property_status`, `pt`.`name` as `prop_type`, `b`.`name` as `builder`, `l`.`name` as `location`
FROM `properties` `p`
LEFT JOIN `cities` `c` ON `p`.`city_id` = `c`.`id`
LEFT JOIN `builders` `b` ON `p`.`builder_id` = `b`.`id`
LEFT JOIN `locations` `l` ON `p`.`location_id` = `l`.`id`
LEFT JOIN `property_types` `pt` ON `p`.`property_type_id` = `pt`.`id`
LEFT JOIN `property_status` `ps` ON `p`.`property_status_id` = `ps`.`id`
LEFT JOIN `property_amenities` `pa` ON `pa`.`property_id` = `p`.`id`
WHERE `p`.`status` = 1
ORDER BY `p`.`id` DESC
 LIMIT -10, 10
ERROR - 2018-07-02 16:39:22 --> Severity: Warning --> Division by zero /home/nkmtein/public_html/fullbasketproperty.com/application/core/Public_Controller.php 47
ERROR - 2018-07-02 16:39:46 --> Severity: Warning --> Division by zero /home/nkmtein/public_html/fullbasketproperty.com/application/core/Public_Controller.php 47
ERROR - 2018-07-02 18:22:26 --> 404 Page Not Found: 
ERROR - 2018-07-02 18:45:35 --> Severity: Warning --> Division by zero /home/nkmtein/public_html/fullbasketproperty.com/application/core/Public_Controller.php 47
ERROR - 2018-07-02 18:57:59 --> 404 Page Not Found: 
ERROR - 2018-07-02 19:47:36 --> 404 Page Not Found: 
ERROR - 2018-07-02 19:53:43 --> 404 Page Not Found: 
ERROR - 2018-07-02 20:07:51 --> Severity: Warning --> Division by zero /home/nkmtein/public_html/fullbasketproperty.com/application/core/Public_Controller.php 47
ERROR - 2018-07-02 20:08:16 --> Severity: Warning --> Division by zero /home/nkmtein/public_html/fullbasketproperty.com/application/core/Public_Controller.php 47
ERROR - 2018-07-02 20:08:27 --> Severity: Warning --> Division by zero /home/nkmtein/public_html/fullbasketproperty.com/application/core/Public_Controller.php 47
ERROR - 2018-07-02 20:08:42 --> Severity: Warning --> Division by zero /home/nkmtein/public_html/fullbasketproperty.com/application/core/Public_Controller.php 47
ERROR - 2018-07-02 20:08:43 --> Severity: Warning --> Division by zero /home/nkmtein/public_html/fullbasketproperty.com/application/core/Public_Controller.php 47
ERROR - 2018-07-02 20:14:11 --> 404 Page Not Found: 
ERROR - 2018-07-02 21:18:15 --> 404 Page Not Found: 
ERROR - 2018-07-02 22:26:05 --> 404 Page Not Found: 
ERROR - 2018-07-02 23:53:36 --> 404 Page Not Found: 
