ERROR - 2018-12-16 00:25:27 --> 404 Page Not Found: 
ERROR - 2018-12-16 00:25:31 --> 404 Page Not Found: 
ERROR - 2018-12-16 00:41:18 --> Query error: You have an error in your SQL syntax; check the manual that corresponds to your MySQL server version for the right syntax to use near '-10, 10' at line 11 - Invalid query: SELECT DISTINCT `p`.*, `c`.`name` as `city_name`, `ps`.`name` as `property_status`, `pt`.`name` as `prop_type`, `b`.`name` as `builder`, `l`.`name` as `location`
FROM `properties` `p`
LEFT JOIN `cities` `c` ON `p`.`city_id` = `c`.`id`
LEFT JOIN `builders` `b` ON `p`.`builder_id` = `b`.`id`
LEFT JOIN `locations` `l` ON `p`.`location_id` = `l`.`id`
LEFT JOIN `property_types` `pt` ON `p`.`property_type_id` = `pt`.`id`
LEFT JOIN `property_status` `ps` ON `p`.`property_status_id` = `ps`.`id`
LEFT JOIN `property_amenities` `pa` ON `pa`.`property_id` = `p`.`id`
WHERE `p`.`status` = 1
ORDER BY `p`.`id` DESC
 LIMIT -10, 10
ERROR - 2018-12-16 00:41:28 --> Query error: You have an error in your SQL syntax; check the manual that corresponds to your MySQL server version for the right syntax to use near '-10, 10' at line 11 - Invalid query: SELECT DISTINCT `p`.*, `c`.`name` as `city_name`, `ps`.`name` as `property_status`, `pt`.`name` as `prop_type`, `b`.`name` as `builder`, `l`.`name` as `location`
FROM `properties` `p`
LEFT JOIN `cities` `c` ON `p`.`city_id` = `c`.`id`
LEFT JOIN `builders` `b` ON `p`.`builder_id` = `b`.`id`
LEFT JOIN `locations` `l` ON `p`.`location_id` = `l`.`id`
LEFT JOIN `property_types` `pt` ON `p`.`property_type_id` = `pt`.`id`
LEFT JOIN `property_status` `ps` ON `p`.`property_status_id` = `ps`.`id`
LEFT JOIN `property_amenities` `pa` ON `pa`.`property_id` = `p`.`id`
WHERE `p`.`status` = 1
ORDER BY `p`.`id` DESC
 LIMIT -10, 10
ERROR - 2018-12-16 00:42:11 --> Query error: You have an error in your SQL syntax; check the manual that corresponds to your MySQL server version for the right syntax to use near '-10, 10' at line 11 - Invalid query: SELECT DISTINCT `p`.*, `c`.`name` as `city_name`, `ps`.`name` as `property_status`, `pt`.`name` as `prop_type`, `b`.`name` as `builder`, `l`.`name` as `location`
FROM `properties` `p`
LEFT JOIN `cities` `c` ON `p`.`city_id` = `c`.`id`
LEFT JOIN `builders` `b` ON `p`.`builder_id` = `b`.`id`
LEFT JOIN `locations` `l` ON `p`.`location_id` = `l`.`id`
LEFT JOIN `property_types` `pt` ON `p`.`property_type_id` = `pt`.`id`
LEFT JOIN `property_status` `ps` ON `p`.`property_status_id` = `ps`.`id`
LEFT JOIN `property_amenities` `pa` ON `pa`.`property_id` = `p`.`id`
WHERE `p`.`status` = 1
ORDER BY `p`.`id` DESC
 LIMIT -10, 10
ERROR - 2018-12-16 00:45:29 --> 404 Page Not Found: 
ERROR - 2018-12-16 01:25:15 --> 404 Page Not Found: 
ERROR - 2018-12-16 01:45:40 --> 404 Page Not Found: 
ERROR - 2018-12-16 02:20:34 --> 404 Page Not Found: 
ERROR - 2018-12-16 02:42:39 --> 404 Page Not Found: 
ERROR - 2018-12-16 03:24:07 --> 404 Page Not Found: 
ERROR - 2018-12-16 03:24:08 --> 404 Page Not Found: 
ERROR - 2018-12-16 04:20:06 --> 404 Page Not Found: 
ERROR - 2018-12-16 04:20:07 --> 404 Page Not Found: 
ERROR - 2018-12-16 04:24:00 --> 404 Page Not Found: 
ERROR - 2018-12-16 04:24:02 --> 404 Page Not Found: 
ERROR - 2018-12-16 04:24:02 --> 404 Page Not Found: 
ERROR - 2018-12-16 05:10:35 --> 404 Page Not Found: 
ERROR - 2018-12-16 05:22:53 --> 404 Page Not Found: 
ERROR - 2018-12-16 05:25:30 --> 404 Page Not Found: 
ERROR - 2018-12-16 05:25:33 --> 404 Page Not Found: 
ERROR - 2018-12-16 05:26:12 --> Query error: You have an error in your SQL syntax; check the manual that corresponds to your MySQL server version for the right syntax to use near '-10, 10' at line 11 - Invalid query: SELECT DISTINCT `p`.*, `c`.`name` as `city_name`, `ps`.`name` as `property_status`, `pt`.`name` as `prop_type`, `b`.`name` as `builder`, `l`.`name` as `location`
FROM `properties` `p`
LEFT JOIN `cities` `c` ON `p`.`city_id` = `c`.`id`
LEFT JOIN `builders` `b` ON `p`.`builder_id` = `b`.`id`
LEFT JOIN `locations` `l` ON `p`.`location_id` = `l`.`id`
LEFT JOIN `property_types` `pt` ON `p`.`property_type_id` = `pt`.`id`
LEFT JOIN `property_status` `ps` ON `p`.`property_status_id` = `ps`.`id`
LEFT JOIN `property_amenities` `pa` ON `pa`.`property_id` = `p`.`id`
WHERE `p`.`status` = 1
ORDER BY `p`.`id` DESC
 LIMIT -10, 10
ERROR - 2018-12-16 05:26:16 --> Query error: You have an error in your SQL syntax; check the manual that corresponds to your MySQL server version for the right syntax to use near '-10, 10' at line 11 - Invalid query: SELECT DISTINCT `p`.*, `c`.`name` as `city_name`, `ps`.`name` as `property_status`, `pt`.`name` as `prop_type`, `b`.`name` as `builder`, `l`.`name` as `location`
FROM `properties` `p`
LEFT JOIN `cities` `c` ON `p`.`city_id` = `c`.`id`
LEFT JOIN `builders` `b` ON `p`.`builder_id` = `b`.`id`
LEFT JOIN `locations` `l` ON `p`.`location_id` = `l`.`id`
LEFT JOIN `property_types` `pt` ON `p`.`property_type_id` = `pt`.`id`
LEFT JOIN `property_status` `ps` ON `p`.`property_status_id` = `ps`.`id`
LEFT JOIN `property_amenities` `pa` ON `pa`.`property_id` = `p`.`id`
WHERE `p`.`status` = 1
ORDER BY `p`.`id` DESC
 LIMIT -10, 10
ERROR - 2018-12-16 05:26:32 --> Query error: You have an error in your SQL syntax; check the manual that corresponds to your MySQL server version for the right syntax to use near '-10, 10' at line 11 - Invalid query: SELECT DISTINCT `p`.*, `c`.`name` as `city_name`, `ps`.`name` as `property_status`, `pt`.`name` as `prop_type`, `b`.`name` as `builder`, `l`.`name` as `location`
FROM `properties` `p`
LEFT JOIN `cities` `c` ON `p`.`city_id` = `c`.`id`
LEFT JOIN `builders` `b` ON `p`.`builder_id` = `b`.`id`
LEFT JOIN `locations` `l` ON `p`.`location_id` = `l`.`id`
LEFT JOIN `property_types` `pt` ON `p`.`property_type_id` = `pt`.`id`
LEFT JOIN `property_status` `ps` ON `p`.`property_status_id` = `ps`.`id`
LEFT JOIN `property_amenities` `pa` ON `pa`.`property_id` = `p`.`id`
WHERE `p`.`status` = 1
ORDER BY `p`.`id` DESC
 LIMIT -10, 10
ERROR - 2018-12-16 05:41:26 --> 404 Page Not Found: 
ERROR - 2018-12-16 05:41:28 --> 404 Page Not Found: 
ERROR - 2018-12-16 05:56:49 --> 404 Page Not Found: 
ERROR - 2018-12-16 06:00:25 --> 404 Page Not Found: 
ERROR - 2018-12-16 06:00:28 --> 404 Page Not Found: 
ERROR - 2018-12-16 06:21:15 --> 404 Page Not Found: 
ERROR - 2018-12-16 06:44:22 --> 404 Page Not Found: 
ERROR - 2018-12-16 07:45:42 --> 404 Page Not Found: 
ERROR - 2018-12-16 10:15:16 --> 404 Page Not Found: 
ERROR - 2018-12-16 10:24:48 --> 404 Page Not Found: 
ERROR - 2018-12-16 10:31:59 --> 404 Page Not Found: 
ERROR - 2018-12-16 11:03:33 --> 404 Page Not Found: 
ERROR - 2018-12-16 11:32:20 --> 404 Page Not Found: 
ERROR - 2018-12-16 11:32:47 --> Severity: Warning --> Division by zero /home/nkmtein/public_html/fullbasketproperty.com/application/core/Public_Controller.php 47
ERROR - 2018-12-16 11:33:08 --> Severity: Warning --> Division by zero /home/nkmtein/public_html/fullbasketproperty.com/application/core/Public_Controller.php 47
ERROR - 2018-12-16 16:38:19 --> 404 Page Not Found: 
ERROR - 2018-12-16 16:55:17 --> 404 Page Not Found: 
ERROR - 2018-12-16 17:40:21 --> 404 Page Not Found: 
ERROR - 2018-12-16 18:25:09 --> 404 Page Not Found: 
ERROR - 2018-12-16 19:25:56 --> 404 Page Not Found: 
ERROR - 2018-12-16 19:52:30 --> 404 Page Not Found: 
ERROR - 2018-12-16 19:53:59 --> 404 Page Not Found: 
ERROR - 2018-12-16 19:55:04 --> 404 Page Not Found: 
ERROR - 2018-12-16 19:55:23 --> Severity: Warning --> Division by zero /home/nkmtein/public_html/fullbasketproperty.com/application/core/Public_Controller.php 47
ERROR - 2018-12-16 19:57:14 --> Severity: Warning --> Division by zero /home/nkmtein/public_html/fullbasketproperty.com/application/core/Public_Controller.php 47
ERROR - 2018-12-16 20:18:31 --> 404 Page Not Found: 
ERROR - 2018-12-16 23:04:56 --> 404 Page Not Found: 
