ERROR - 2018-03-22 00:35:03 --> 404 Page Not Found: 
ERROR - 2018-03-22 00:52:35 --> 404 Page Not Found: 
ERROR - 2018-03-22 04:38:59 --> 404 Page Not Found: 
ERROR - 2018-03-22 04:39:00 --> 404 Page Not Found: 
ERROR - 2018-03-22 06:57:59 --> 404 Page Not Found: 
ERROR - 2018-03-22 09:07:11 --> 404 Page Not Found: 
ERROR - 2018-03-22 09:56:59 --> 404 Page Not Found: 
ERROR - 2018-03-22 11:03:09 --> 404 Page Not Found: 
ERROR - 2018-03-22 11:10:34 --> Severity: Warning --> Missing argument 1 for Properties::edit() /home/nkmtein/public_html/fullbasketproperty.com/application/controllers/admin/Properties.php 378
ERROR - 2018-03-22 12:02:42 --> 404 Page Not Found: 
ERROR - 2018-03-22 13:08:39 --> 404 Page Not Found: 
ERROR - 2018-03-22 13:56:56 --> 404 Page Not Found: 
ERROR - 2018-03-22 16:02:36 --> Severity: Warning --> rename(uploads/master_plans/about-kolte-patil-mirabilis-master-plan-8-638.jpg,uploads/kolte-patil-mirabilis/about-kolte-patil-mirabilis-master-plan-8-638.jpg): No such file or directory /home/nkmtein/public_html/fullbasketproperty.com/application/controllers/admin/Properties.php 277
ERROR - 2018-03-22 16:07:28 --> 404 Page Not Found: 
ERROR - 2018-03-22 16:08:35 --> 404 Page Not Found: 
ERROR - 2018-03-22 17:40:01 --> 404 Page Not Found: 
ERROR - 2018-03-22 18:33:37 --> Severity: Warning --> Division by zero /home/nkmtein/public_html/fullbasketproperty.com/application/core/Public_Controller.php 47
ERROR - 2018-03-22 19:17:56 --> Severity: Warning --> Division by zero /home/nkmtein/public_html/fullbasketproperty.com/application/core/Public_Controller.php 47
ERROR - 2018-03-22 19:32:38 --> 404 Page Not Found: 
ERROR - 2018-03-22 19:48:45 --> Severity: Warning --> Division by zero /home/nkmtein/public_html/fullbasketproperty.com/application/core/Public_Controller.php 47
ERROR - 2018-03-22 19:58:51 --> 404 Page Not Found: 
ERROR - 2018-03-22 20:03:39 --> Severity: Warning --> Division by zero /home/nkmtein/public_html/fullbasketproperty.com/application/core/Public_Controller.php 47
ERROR - 2018-03-22 20:27:48 --> 404 Page Not Found: 
ERROR - 2018-03-22 20:29:06 --> Severity: Warning --> Division by zero /home/nkmtein/public_html/fullbasketproperty.com/application/core/Public_Controller.php 47
ERROR - 2018-03-22 20:44:25 --> 404 Page Not Found: 
ERROR - 2018-03-22 21:23:27 --> 404 Page Not Found: 
ERROR - 2018-03-22 22:03:15 --> 404 Page Not Found: 
ERROR - 2018-03-22 22:05:40 --> 404 Page Not Found: 
ERROR - 2018-03-22 23:23:13 --> 404 Page Not Found: 
ERROR - 2018-03-22 23:29:03 --> 404 Page Not Found: 
ERROR - 2018-03-22 19:55:42 --> Severity: error --> Exception: Oophs. Error! /home/nkmtein/public_html/fullbasketproperty.com/application/third_party/hybridauth/Hybrid/Endpoint.php 212
