ERROR - 2018-11-29 00:02:27 --> 404 Page Not Found: 
ERROR - 2018-11-29 00:15:18 --> 404 Page Not Found: 
ERROR - 2018-11-29 00:36:01 --> 404 Page Not Found: 
ERROR - 2018-11-29 01:04:45 --> 404 Page Not Found: 
ERROR - 2018-11-29 02:05:17 --> 404 Page Not Found: 
ERROR - 2018-11-29 02:33:18 --> Severity: Warning --> Division by zero /home/nkmtein/public_html/fullbasketproperty.com/application/core/Public_Controller.php 47
ERROR - 2018-11-29 02:33:20 --> Severity: Warning --> Division by zero /home/nkmtein/public_html/fullbasketproperty.com/application/core/Public_Controller.php 47
ERROR - 2018-11-29 04:18:09 --> 404 Page Not Found: 
ERROR - 2018-11-29 04:36:02 --> 404 Page Not Found: 
ERROR - 2018-11-29 05:06:58 --> 404 Page Not Found: 
ERROR - 2018-11-29 05:32:50 --> 404 Page Not Found: 
ERROR - 2018-11-29 06:05:06 --> 404 Page Not Found: 
ERROR - 2018-11-29 06:06:47 --> 404 Page Not Found: 
ERROR - 2018-11-29 06:06:49 --> 404 Page Not Found: 
ERROR - 2018-11-29 06:29:59 --> 404 Page Not Found: 
ERROR - 2018-11-29 07:15:46 --> 404 Page Not Found: 
ERROR - 2018-11-29 07:35:37 --> 404 Page Not Found: 
ERROR - 2018-11-29 08:06:15 --> 404 Page Not Found: 
ERROR - 2018-11-29 08:06:15 --> 404 Page Not Found: 
ERROR - 2018-11-29 08:06:15 --> 404 Page Not Found: 
ERROR - 2018-11-29 08:06:15 --> 404 Page Not Found: 
ERROR - 2018-11-29 08:06:16 --> 404 Page Not Found: 
ERROR - 2018-11-29 08:31:29 --> 404 Page Not Found: 
ERROR - 2018-11-29 08:48:49 --> 404 Page Not Found: 
ERROR - 2018-11-29 09:35:41 --> Query error: You have an error in your SQL syntax; check the manual that corresponds to your MySQL server version for the right syntax to use near '-10, 10' at line 11 - Invalid query: SELECT DISTINCT `p`.*, `c`.`name` as `city_name`, `ps`.`name` as `property_status`, `pt`.`name` as `prop_type`, `b`.`name` as `builder`, `l`.`name` as `location`
FROM `properties` `p`
LEFT JOIN `cities` `c` ON `p`.`city_id` = `c`.`id`
LEFT JOIN `builders` `b` ON `p`.`builder_id` = `b`.`id`
LEFT JOIN `locations` `l` ON `p`.`location_id` = `l`.`id`
LEFT JOIN `property_types` `pt` ON `p`.`property_type_id` = `pt`.`id`
LEFT JOIN `property_status` `ps` ON `p`.`property_status_id` = `ps`.`id`
LEFT JOIN `property_amenities` `pa` ON `pa`.`property_id` = `p`.`id`
WHERE `p`.`status` = 1
ORDER BY `p`.`id` DESC
 LIMIT -10, 10
ERROR - 2018-11-29 09:35:49 --> Query error: You have an error in your SQL syntax; check the manual that corresponds to your MySQL server version for the right syntax to use near '-10, 10' at line 11 - Invalid query: SELECT DISTINCT `p`.*, `c`.`name` as `city_name`, `ps`.`name` as `property_status`, `pt`.`name` as `prop_type`, `b`.`name` as `builder`, `l`.`name` as `location`
FROM `properties` `p`
LEFT JOIN `cities` `c` ON `p`.`city_id` = `c`.`id`
LEFT JOIN `builders` `b` ON `p`.`builder_id` = `b`.`id`
LEFT JOIN `locations` `l` ON `p`.`location_id` = `l`.`id`
LEFT JOIN `property_types` `pt` ON `p`.`property_type_id` = `pt`.`id`
LEFT JOIN `property_status` `ps` ON `p`.`property_status_id` = `ps`.`id`
LEFT JOIN `property_amenities` `pa` ON `pa`.`property_id` = `p`.`id`
WHERE `p`.`status` = 1
ORDER BY `p`.`id` DESC
 LIMIT -10, 10
ERROR - 2018-11-29 09:36:16 --> Query error: You have an error in your SQL syntax; check the manual that corresponds to your MySQL server version for the right syntax to use near '-10, 10' at line 11 - Invalid query: SELECT DISTINCT `p`.*, `c`.`name` as `city_name`, `ps`.`name` as `property_status`, `pt`.`name` as `prop_type`, `b`.`name` as `builder`, `l`.`name` as `location`
FROM `properties` `p`
LEFT JOIN `cities` `c` ON `p`.`city_id` = `c`.`id`
LEFT JOIN `builders` `b` ON `p`.`builder_id` = `b`.`id`
LEFT JOIN `locations` `l` ON `p`.`location_id` = `l`.`id`
LEFT JOIN `property_types` `pt` ON `p`.`property_type_id` = `pt`.`id`
LEFT JOIN `property_status` `ps` ON `p`.`property_status_id` = `ps`.`id`
LEFT JOIN `property_amenities` `pa` ON `pa`.`property_id` = `p`.`id`
WHERE `p`.`status` = 1
ORDER BY `p`.`id` DESC
 LIMIT -10, 10
ERROR - 2018-11-29 09:36:18 --> 404 Page Not Found: 
ERROR - 2018-11-29 11:30:28 --> 404 Page Not Found: 
ERROR - 2018-11-29 11:31:00 --> 404 Page Not Found: 
ERROR - 2018-11-29 11:31:03 --> 404 Page Not Found: 
ERROR - 2018-11-29 11:35:17 --> 404 Page Not Found: 
ERROR - 2018-11-29 12:23:38 --> 404 Page Not Found: 
ERROR - 2018-11-29 12:45:24 --> 404 Page Not Found: 
ERROR - 2018-11-29 12:45:25 --> 404 Page Not Found: 
ERROR - 2018-11-29 12:45:25 --> 404 Page Not Found: 
ERROR - 2018-11-29 12:45:27 --> 404 Page Not Found: 
ERROR - 2018-11-29 13:08:56 --> 404 Page Not Found: 
ERROR - 2018-11-29 13:11:42 --> Severity: Warning --> Division by zero /home/nkmtein/public_html/fullbasketproperty.com/application/core/Public_Controller.php 47
ERROR - 2018-11-29 13:36:32 --> 404 Page Not Found: 
ERROR - 2018-11-29 13:36:33 --> 404 Page Not Found: 
ERROR - 2018-11-29 13:36:33 --> 404 Page Not Found: 
ERROR - 2018-11-29 13:54:13 --> 404 Page Not Found: 
ERROR - 2018-11-29 13:54:14 --> 404 Page Not Found: 
ERROR - 2018-11-29 13:54:14 --> 404 Page Not Found: 
ERROR - 2018-11-29 13:54:15 --> 404 Page Not Found: 
ERROR - 2018-11-29 14:59:19 --> 404 Page Not Found: 
ERROR - 2018-11-29 15:09:04 --> 404 Page Not Found: 
ERROR - 2018-11-29 16:02:33 --> 404 Page Not Found: 
ERROR - 2018-11-29 16:04:39 --> 404 Page Not Found: 
ERROR - 2018-11-29 16:24:13 --> 404 Page Not Found: 
ERROR - 2018-11-29 16:24:45 --> 404 Page Not Found: 
ERROR - 2018-11-29 16:45:31 --> 404 Page Not Found: 
ERROR - 2018-11-29 16:45:32 --> 404 Page Not Found: 
ERROR - 2018-11-29 16:45:33 --> 404 Page Not Found: 
ERROR - 2018-11-29 16:45:34 --> 404 Page Not Found: 
ERROR - 2018-11-29 16:45:35 --> 404 Page Not Found: 
ERROR - 2018-11-29 17:05:32 --> 404 Page Not Found: 
ERROR - 2018-11-29 17:14:42 --> 404 Page Not Found: 
ERROR - 2018-11-29 17:16:42 --> 404 Page Not Found: 
ERROR - 2018-11-29 17:16:44 --> 404 Page Not Found: 
ERROR - 2018-11-29 17:16:45 --> 404 Page Not Found: 
ERROR - 2018-11-29 17:16:46 --> 404 Page Not Found: 
ERROR - 2018-11-29 17:16:47 --> 404 Page Not Found: 
ERROR - 2018-11-29 17:37:03 --> 404 Page Not Found: 
ERROR - 2018-11-29 18:11:14 --> 404 Page Not Found: 
ERROR - 2018-11-29 18:11:15 --> 404 Page Not Found: 
ERROR - 2018-11-29 18:11:16 --> 404 Page Not Found: 
ERROR - 2018-11-29 18:11:36 --> 404 Page Not Found: 
ERROR - 2018-11-29 18:11:37 --> 404 Page Not Found: 
ERROR - 2018-11-29 18:16:54 --> 404 Page Not Found: 
ERROR - 2018-11-29 18:44:46 --> 404 Page Not Found: 
ERROR - 2018-11-29 18:52:16 --> 404 Page Not Found: 
ERROR - 2018-11-29 18:52:17 --> 404 Page Not Found: 
ERROR - 2018-11-29 18:52:18 --> 404 Page Not Found: 
ERROR - 2018-11-29 18:57:29 --> 404 Page Not Found: 
ERROR - 2018-11-29 19:08:05 --> 404 Page Not Found: 
ERROR - 2018-11-29 19:08:05 --> 404 Page Not Found: 
ERROR - 2018-11-29 19:08:06 --> 404 Page Not Found: 
ERROR - 2018-11-29 19:55:14 --> 404 Page Not Found: 
ERROR - 2018-11-29 19:55:41 --> 404 Page Not Found: 
ERROR - 2018-11-29 20:18:49 --> 404 Page Not Found: 
ERROR - 2018-11-29 20:22:41 --> 404 Page Not Found: 
ERROR - 2018-11-29 20:37:24 --> 404 Page Not Found: 
ERROR - 2018-11-29 21:05:00 --> 404 Page Not Found: 
ERROR - 2018-11-29 21:07:24 --> 404 Page Not Found: 
ERROR - 2018-11-29 21:20:41 --> 404 Page Not Found: 
ERROR - 2018-11-29 21:20:47 --> 404 Page Not Found: 
ERROR - 2018-11-29 21:20:47 --> 404 Page Not Found: 
ERROR - 2018-11-29 21:20:48 --> 404 Page Not Found: 
ERROR - 2018-11-29 22:54:44 --> 404 Page Not Found: 
ERROR - 2018-11-29 23:04:41 --> 404 Page Not Found: 
ERROR - 2018-11-29 23:22:59 --> 404 Page Not Found: 
ERROR - 2018-11-29 23:45:12 --> 404 Page Not Found: 
ERROR - 2018-11-29 23:45:12 --> 404 Page Not Found: 
ERROR - 2018-11-29 23:45:14 --> 404 Page Not Found: 
