ERROR - 2018-12-19 00:44:44 --> 404 Page Not Found: 
ERROR - 2018-12-19 00:58:24 --> 404 Page Not Found: 
ERROR - 2018-12-19 00:58:31 --> 404 Page Not Found: 
ERROR - 2018-12-19 01:13:50 --> 404 Page Not Found: 
ERROR - 2018-12-19 01:18:35 --> 404 Page Not Found: 
ERROR - 2018-12-19 01:18:37 --> 404 Page Not Found: 
ERROR - 2018-12-19 01:51:10 --> 404 Page Not Found: 
ERROR - 2018-12-19 02:07:13 --> 404 Page Not Found: 
ERROR - 2018-12-19 04:34:40 --> 404 Page Not Found: 
ERROR - 2018-12-19 05:35:18 --> 404 Page Not Found: 
ERROR - 2018-12-19 05:48:16 --> 404 Page Not Found: 
ERROR - 2018-12-19 06:47:17 --> 404 Page Not Found: 
ERROR - 2018-12-19 06:58:22 --> 404 Page Not Found: 
ERROR - 2018-12-19 08:28:35 --> 404 Page Not Found: 
ERROR - 2018-12-19 08:40:06 --> 404 Page Not Found: 
ERROR - 2018-12-19 08:55:19 --> 404 Page Not Found: 
ERROR - 2018-12-19 10:35:12 --> 404 Page Not Found: 
ERROR - 2018-12-19 11:19:21 --> 404 Page Not Found: 
ERROR - 2018-12-19 11:25:10 --> 404 Page Not Found: 
ERROR - 2018-12-19 11:35:14 --> 404 Page Not Found: 
ERROR - 2018-12-19 12:07:29 --> 404 Page Not Found: 
ERROR - 2018-12-19 12:14:45 --> 404 Page Not Found: 
ERROR - 2018-12-19 12:33:00 --> 404 Page Not Found: 
ERROR - 2018-12-19 12:45:34 --> 404 Page Not Found: 
ERROR - 2018-12-19 12:57:43 --> 404 Page Not Found: 
ERROR - 2018-12-19 12:58:13 --> 404 Page Not Found: 
ERROR - 2018-12-19 12:58:22 --> Severity: Warning --> Division by zero /home/nkmtein/public_html/fullbasketproperty.com/application/core/Public_Controller.php 47
ERROR - 2018-12-19 12:58:32 --> Severity: Warning --> Division by zero /home/nkmtein/public_html/fullbasketproperty.com/application/core/Public_Controller.php 47
ERROR - 2018-12-19 12:59:14 --> Severity: Warning --> Division by zero /home/nkmtein/public_html/fullbasketproperty.com/application/core/Public_Controller.php 47
ERROR - 2018-12-19 13:21:04 --> 404 Page Not Found: 
ERROR - 2018-12-19 13:47:44 --> 404 Page Not Found: 
ERROR - 2018-12-19 14:07:20 --> 404 Page Not Found: 
ERROR - 2018-12-19 14:27:17 --> 404 Page Not Found: 
ERROR - 2018-12-19 15:38:10 --> 404 Page Not Found: 
ERROR - 2018-12-19 17:28:13 --> 404 Page Not Found: 
ERROR - 2018-12-19 17:35:25 --> Severity: Warning --> Unknown: Failed to write session data (user). Please verify that the current setting of session.save_path is correct (ci_sessions) Unknown 0
ERROR - 2018-12-19 17:35:25 --> Severity: Warning --> Unknown: Failed to write session data (user). Please verify that the current setting of session.save_path is correct (ci_sessions) Unknown 0
ERROR - 2018-12-19 17:35:46 --> Severity: Warning --> Unknown: Failed to write session data (user). Please verify that the current setting of session.save_path is correct (ci_sessions) Unknown 0
ERROR - 2018-12-19 17:36:01 --> 404 Page Not Found: 
ERROR - 2018-12-19 17:36:06 --> 404 Page Not Found: 
ERROR - 2018-12-19 17:45:44 --> 404 Page Not Found: 
ERROR - 2018-12-19 18:41:02 --> 404 Page Not Found: 
ERROR - 2018-12-19 18:49:54 --> 404 Page Not Found: 
ERROR - 2018-12-19 19:17:24 --> 404 Page Not Found: 
ERROR - 2018-12-19 19:40:34 --> 404 Page Not Found: 
ERROR - 2018-12-19 19:55:43 --> 404 Page Not Found: 
ERROR - 2018-12-19 20:17:14 --> 404 Page Not Found: 
ERROR - 2018-12-19 20:48:23 --> 404 Page Not Found: 
ERROR - 2018-12-19 22:29:14 --> Query error: You have an error in your SQL syntax; check the manual that corresponds to your MySQL server version for the right syntax to use near '-10, 10' at line 11 - Invalid query: SELECT DISTINCT `p`.*, `c`.`name` as `city_name`, `ps`.`name` as `property_status`, `pt`.`name` as `prop_type`, `b`.`name` as `builder`, `l`.`name` as `location`
FROM `properties` `p`
LEFT JOIN `cities` `c` ON `p`.`city_id` = `c`.`id`
LEFT JOIN `builders` `b` ON `p`.`builder_id` = `b`.`id`
LEFT JOIN `locations` `l` ON `p`.`location_id` = `l`.`id`
LEFT JOIN `property_types` `pt` ON `p`.`property_type_id` = `pt`.`id`
LEFT JOIN `property_status` `ps` ON `p`.`property_status_id` = `ps`.`id`
LEFT JOIN `property_amenities` `pa` ON `pa`.`property_id` = `p`.`id`
WHERE `p`.`status` = 1
ORDER BY `p`.`id` DESC
 LIMIT -10, 10
ERROR - 2018-12-19 22:29:16 --> Query error: You have an error in your SQL syntax; check the manual that corresponds to your MySQL server version for the right syntax to use near '-10, 10' at line 11 - Invalid query: SELECT DISTINCT `p`.*, `c`.`name` as `city_name`, `ps`.`name` as `property_status`, `pt`.`name` as `prop_type`, `b`.`name` as `builder`, `l`.`name` as `location`
FROM `properties` `p`
LEFT JOIN `cities` `c` ON `p`.`city_id` = `c`.`id`
LEFT JOIN `builders` `b` ON `p`.`builder_id` = `b`.`id`
LEFT JOIN `locations` `l` ON `p`.`location_id` = `l`.`id`
LEFT JOIN `property_types` `pt` ON `p`.`property_type_id` = `pt`.`id`
LEFT JOIN `property_status` `ps` ON `p`.`property_status_id` = `ps`.`id`
LEFT JOIN `property_amenities` `pa` ON `pa`.`property_id` = `p`.`id`
WHERE `p`.`status` = 1
ORDER BY `p`.`id` DESC
 LIMIT -10, 10
ERROR - 2018-12-19 22:29:24 --> Query error: You have an error in your SQL syntax; check the manual that corresponds to your MySQL server version for the right syntax to use near '-10, 10' at line 11 - Invalid query: SELECT DISTINCT `p`.*, `c`.`name` as `city_name`, `ps`.`name` as `property_status`, `pt`.`name` as `prop_type`, `b`.`name` as `builder`, `l`.`name` as `location`
FROM `properties` `p`
LEFT JOIN `cities` `c` ON `p`.`city_id` = `c`.`id`
LEFT JOIN `builders` `b` ON `p`.`builder_id` = `b`.`id`
LEFT JOIN `locations` `l` ON `p`.`location_id` = `l`.`id`
LEFT JOIN `property_types` `pt` ON `p`.`property_type_id` = `pt`.`id`
LEFT JOIN `property_status` `ps` ON `p`.`property_status_id` = `ps`.`id`
LEFT JOIN `property_amenities` `pa` ON `pa`.`property_id` = `p`.`id`
WHERE `p`.`status` = 1
ORDER BY `p`.`id` DESC
 LIMIT -10, 10
ERROR - 2018-12-19 22:44:49 --> 404 Page Not Found: 
ERROR - 2018-12-19 22:50:13 --> 404 Page Not Found: 
ERROR - 2018-12-19 22:58:55 --> 404 Page Not Found: 
ERROR - 2018-12-19 23:57:02 --> 404 Page Not Found: 
