ERROR - 2019-08-15 00:19:18 --> 404 Page Not Found: 
ERROR - 2019-08-15 00:19:19 --> 404 Page Not Found: 
ERROR - 2019-08-15 00:19:20 --> 404 Page Not Found: 
ERROR - 2019-08-15 00:19:20 --> 404 Page Not Found: 
ERROR - 2019-08-15 00:19:21 --> 404 Page Not Found: 
ERROR - 2019-08-15 00:19:25 --> 404 Page Not Found: 
ERROR - 2019-08-15 00:19:26 --> 404 Page Not Found: 
ERROR - 2019-08-15 00:19:48 --> 404 Page Not Found: 
ERROR - 2019-08-15 00:20:37 --> Severity: Warning --> Illegal string offset 'keyword' /home/fullbasketproper/public_html/application/views/listing.php 186
ERROR - 2019-08-15 00:58:40 --> 404 Page Not Found: 
ERROR - 2019-08-15 01:16:36 --> 404 Page Not Found: 
ERROR - 2019-08-15 01:27:58 --> 404 Page Not Found: 
ERROR - 2019-08-15 01:58:10 --> 404 Page Not Found: 
ERROR - 2019-08-15 02:41:13 --> Severity: Warning --> Illegal string offset 'keyword' /home/fullbasketproper/public_html/application/views/listing.php 186
ERROR - 2019-08-15 03:01:35 --> Severity: Warning --> Illegal string offset 'keyword' /home/fullbasketproper/public_html/application/views/listing.php 186
ERROR - 2019-08-15 03:24:40 --> Severity: Warning --> Illegal string offset 'keyword' /home/fullbasketproper/public_html/application/views/listing.php 186
ERROR - 2019-08-15 03:40:34 --> 404 Page Not Found: 
ERROR - 2019-08-15 03:42:48 --> 404 Page Not Found: 
ERROR - 2019-08-15 03:52:33 --> 404 Page Not Found: 
ERROR - 2019-08-15 04:08:30 --> Severity: Warning --> Illegal string offset 'keyword' /home/fullbasketproper/public_html/application/views/listing.php 186
ERROR - 2019-08-15 04:14:34 --> Severity: Warning --> Illegal string offset 'keyword' /home/fullbasketproper/public_html/application/views/listing.php 186
ERROR - 2019-08-15 04:16:55 --> Severity: Warning --> Illegal string offset 'keyword' /home/fullbasketproper/public_html/application/views/listing.php 186
ERROR - 2019-08-15 04:18:36 --> Severity: Warning --> Illegal string offset 'keyword' /home/fullbasketproper/public_html/application/views/listing.php 186
ERROR - 2019-08-15 04:35:08 --> Severity: Warning --> Illegal string offset 'keyword' /home/fullbasketproper/public_html/application/views/listing.php 186
ERROR - 2019-08-15 04:45:57 --> 404 Page Not Found: 
ERROR - 2019-08-15 04:46:28 --> 404 Page Not Found: 
ERROR - 2019-08-15 04:47:35 --> Severity: Warning --> Illegal string offset 'keyword' /home/fullbasketproper/public_html/application/views/listing.php 186
ERROR - 2019-08-15 05:58:26 --> 404 Page Not Found: 
ERROR - 2019-08-15 06:06:30 --> 404 Page Not Found: 
ERROR - 2019-08-15 06:14:14 --> 404 Page Not Found: 
ERROR - 2019-08-15 06:23:25 --> Severity: Warning --> Illegal string offset 'keyword' /home/fullbasketproper/public_html/application/views/listing.php 186
ERROR - 2019-08-15 06:46:01 --> Severity: Warning --> Illegal string offset 'keyword' /home/fullbasketproper/public_html/application/views/listing.php 186
ERROR - 2019-08-15 06:56:50 --> 404 Page Not Found: 
ERROR - 2019-08-15 07:14:39 --> Severity: Warning --> Illegal string offset 'keyword' /home/fullbasketproper/public_html/application/views/listing.php 186
ERROR - 2019-08-15 07:35:17 --> 404 Page Not Found: 
ERROR - 2019-08-15 07:53:19 --> Severity: Warning --> Illegal string offset 'keyword' /home/fullbasketproper/public_html/application/views/listing.php 186
ERROR - 2019-08-15 08:05:41 --> 404 Page Not Found: 
ERROR - 2019-08-15 08:09:35 --> 404 Page Not Found: 
ERROR - 2019-08-15 08:10:00 --> 404 Page Not Found: 
ERROR - 2019-08-15 08:16:51 --> 404 Page Not Found: 
ERROR - 2019-08-15 08:22:13 --> 404 Page Not Found: 
ERROR - 2019-08-15 08:28:11 --> 404 Page Not Found: 
ERROR - 2019-08-15 08:33:37 --> 404 Page Not Found: 
ERROR - 2019-08-15 08:37:41 --> 404 Page Not Found: 
ERROR - 2019-08-15 09:22:50 --> 404 Page Not Found: 
ERROR - 2019-08-15 09:39:34 --> 404 Page Not Found: 
ERROR - 2019-08-15 09:48:01 --> 404 Page Not Found: 
ERROR - 2019-08-15 09:49:17 --> 404 Page Not Found: 
ERROR - 2019-08-15 09:49:30 --> Severity: Warning --> Illegal string offset 'keyword' /home/fullbasketproper/public_html/application/views/listing.php 186
ERROR - 2019-08-15 10:21:37 --> 404 Page Not Found: 
ERROR - 2019-08-15 10:29:19 --> Severity: Warning --> Illegal string offset 'keyword' /home/fullbasketproper/public_html/application/views/listing.php 186
ERROR - 2019-08-15 10:29:33 --> Severity: Warning --> Illegal string offset 'keyword' /home/fullbasketproper/public_html/application/views/listing.php 186
ERROR - 2019-08-15 10:29:39 --> Severity: Warning --> Illegal string offset 'keyword' /home/fullbasketproper/public_html/application/views/listing.php 186
ERROR - 2019-08-15 10:29:48 --> Severity: Warning --> Illegal string offset 'keyword' /home/fullbasketproper/public_html/application/views/listing.php 186
ERROR - 2019-08-15 10:30:07 --> Severity: Warning --> Illegal string offset 'keyword' /home/fullbasketproper/public_html/application/views/listing.php 186
ERROR - 2019-08-15 10:30:33 --> Severity: Warning --> Illegal string offset 'keyword' /home/fullbasketproper/public_html/application/views/listing.php 186
ERROR - 2019-08-15 10:30:39 --> Severity: Warning --> Illegal string offset 'keyword' /home/fullbasketproper/public_html/application/views/listing.php 186
ERROR - 2019-08-15 10:30:45 --> Severity: Warning --> Illegal string offset 'keyword' /home/fullbasketproper/public_html/application/views/listing.php 186
ERROR - 2019-08-15 10:30:51 --> Severity: Warning --> Illegal string offset 'keyword' /home/fullbasketproper/public_html/application/views/listing.php 186
ERROR - 2019-08-15 10:31:10 --> Severity: Warning --> Illegal string offset 'keyword' /home/fullbasketproper/public_html/application/views/listing.php 186
ERROR - 2019-08-15 10:31:31 --> Severity: Warning --> Illegal string offset 'keyword' /home/fullbasketproper/public_html/application/views/listing.php 186
ERROR - 2019-08-15 10:31:37 --> Severity: Warning --> Illegal string offset 'keyword' /home/fullbasketproper/public_html/application/views/listing.php 186
ERROR - 2019-08-15 10:31:49 --> Severity: Warning --> Illegal string offset 'keyword' /home/fullbasketproper/public_html/application/views/listing.php 186
ERROR - 2019-08-15 10:31:58 --> Severity: Warning --> Illegal string offset 'keyword' /home/fullbasketproper/public_html/application/views/listing.php 186
ERROR - 2019-08-15 10:32:06 --> Severity: Warning --> Illegal string offset 'keyword' /home/fullbasketproper/public_html/application/views/listing.php 186
ERROR - 2019-08-15 10:32:11 --> Severity: Warning --> Illegal string offset 'keyword' /home/fullbasketproper/public_html/application/views/listing.php 186
ERROR - 2019-08-15 10:32:29 --> Severity: Warning --> Illegal string offset 'keyword' /home/fullbasketproper/public_html/application/views/listing.php 186
ERROR - 2019-08-15 10:32:46 --> Severity: Warning --> Illegal string offset 'keyword' /home/fullbasketproper/public_html/application/views/listing.php 186
ERROR - 2019-08-15 10:32:51 --> Severity: Warning --> Illegal string offset 'keyword' /home/fullbasketproper/public_html/application/views/listing.php 186
ERROR - 2019-08-15 10:33:09 --> Severity: Warning --> Illegal string offset 'keyword' /home/fullbasketproper/public_html/application/views/listing.php 186
ERROR - 2019-08-15 10:33:32 --> Severity: Warning --> Illegal string offset 'keyword' /home/fullbasketproper/public_html/application/views/listing.php 186
ERROR - 2019-08-15 10:33:38 --> Severity: Warning --> Illegal string offset 'keyword' /home/fullbasketproper/public_html/application/views/listing.php 186
ERROR - 2019-08-15 10:33:46 --> Severity: Warning --> Illegal string offset 'keyword' /home/fullbasketproper/public_html/application/views/listing.php 186
ERROR - 2019-08-15 10:33:56 --> Severity: Warning --> Illegal string offset 'keyword' /home/fullbasketproper/public_html/application/views/listing.php 186
ERROR - 2019-08-15 10:34:06 --> Severity: Warning --> Illegal string offset 'keyword' /home/fullbasketproper/public_html/application/views/listing.php 186
ERROR - 2019-08-15 10:34:26 --> Severity: Warning --> Illegal string offset 'keyword' /home/fullbasketproper/public_html/application/views/listing.php 186
ERROR - 2019-08-15 10:34:31 --> Severity: Warning --> Illegal string offset 'keyword' /home/fullbasketproper/public_html/application/views/listing.php 186
ERROR - 2019-08-15 10:34:38 --> Severity: Warning --> Illegal string offset 'keyword' /home/fullbasketproper/public_html/application/views/listing.php 186
ERROR - 2019-08-15 10:34:44 --> Severity: Warning --> Illegal string offset 'keyword' /home/fullbasketproper/public_html/application/views/listing.php 186
ERROR - 2019-08-15 10:34:49 --> Severity: Warning --> Illegal string offset 'keyword' /home/fullbasketproper/public_html/application/views/listing.php 186
ERROR - 2019-08-15 10:35:06 --> Severity: Warning --> Illegal string offset 'keyword' /home/fullbasketproper/public_html/application/views/listing.php 186
ERROR - 2019-08-15 10:35:22 --> Severity: Warning --> Illegal string offset 'keyword' /home/fullbasketproper/public_html/application/views/listing.php 186
ERROR - 2019-08-15 10:35:41 --> Severity: Warning --> Illegal string offset 'keyword' /home/fullbasketproper/public_html/application/views/listing.php 186
ERROR - 2019-08-15 10:35:46 --> Severity: Warning --> Illegal string offset 'keyword' /home/fullbasketproper/public_html/application/views/listing.php 186
ERROR - 2019-08-15 10:35:51 --> Severity: Warning --> Illegal string offset 'keyword' /home/fullbasketproper/public_html/application/views/listing.php 186
ERROR - 2019-08-15 10:36:11 --> Severity: Warning --> Illegal string offset 'keyword' /home/fullbasketproper/public_html/application/views/listing.php 186
ERROR - 2019-08-15 10:36:23 --> Severity: Warning --> Illegal string offset 'keyword' /home/fullbasketproper/public_html/application/views/listing.php 186
ERROR - 2019-08-15 10:36:41 --> Severity: Warning --> Illegal string offset 'keyword' /home/fullbasketproper/public_html/application/views/listing.php 186
ERROR - 2019-08-15 10:36:47 --> Severity: Warning --> Illegal string offset 'keyword' /home/fullbasketproper/public_html/application/views/listing.php 186
ERROR - 2019-08-15 10:37:04 --> Severity: Warning --> Illegal string offset 'keyword' /home/fullbasketproper/public_html/application/views/listing.php 186
ERROR - 2019-08-15 10:37:09 --> Severity: Warning --> Illegal string offset 'keyword' /home/fullbasketproper/public_html/application/views/listing.php 186
ERROR - 2019-08-15 10:37:15 --> Severity: Warning --> Illegal string offset 'keyword' /home/fullbasketproper/public_html/application/views/listing.php 186
ERROR - 2019-08-15 10:37:31 --> Severity: Warning --> Illegal string offset 'keyword' /home/fullbasketproper/public_html/application/views/listing.php 186
ERROR - 2019-08-15 10:37:34 --> Severity: Warning --> Illegal string offset 'keyword' /home/fullbasketproper/public_html/application/views/listing.php 186
ERROR - 2019-08-15 11:02:29 --> 404 Page Not Found: 
ERROR - 2019-08-15 11:06:48 --> Severity: Warning --> Illegal string offset 'keyword' /home/fullbasketproper/public_html/application/views/listing.php 186
ERROR - 2019-08-15 11:17:10 --> 404 Page Not Found: 
ERROR - 2019-08-15 11:42:54 --> Severity: Warning --> Illegal string offset 'keyword' /home/fullbasketproper/public_html/application/views/listing.php 186
ERROR - 2019-08-15 11:44:23 --> 404 Page Not Found: 
ERROR - 2019-08-15 11:44:56 --> Severity: Warning --> Illegal string offset 'keyword' /home/fullbasketproper/public_html/application/views/listing.php 186
ERROR - 2019-08-15 11:46:44 --> Severity: Warning --> Illegal string offset 'keyword' /home/fullbasketproper/public_html/application/views/listing.php 186
ERROR - 2019-08-15 13:19:20 --> 404 Page Not Found: 
ERROR - 2019-08-15 13:34:02 --> Severity: Warning --> Illegal string offset 'keyword' /home/fullbasketproper/public_html/application/views/listing.php 186
ERROR - 2019-08-15 13:36:38 --> 404 Page Not Found: 
ERROR - 2019-08-15 13:36:50 --> 404 Page Not Found: 
ERROR - 2019-08-15 13:36:50 --> 404 Page Not Found: 
ERROR - 2019-08-15 13:44:11 --> Severity: Warning --> Illegal string offset 'keyword' /home/fullbasketproper/public_html/application/views/listing.php 186
ERROR - 2019-08-15 14:08:51 --> Severity: Warning --> Illegal string offset 'keyword' /home/fullbasketproper/public_html/application/views/listing.php 186
ERROR - 2019-08-15 14:15:45 --> Severity: Warning --> Division by zero /home/fullbasketproper/public_html/application/core/Public_Controller.php 47
ERROR - 2019-08-15 15:10:03 --> 404 Page Not Found: 
ERROR - 2019-08-15 15:10:53 --> 404 Page Not Found: 
ERROR - 2019-08-15 15:11:49 --> 404 Page Not Found: 
ERROR - 2019-08-15 15:17:27 --> 404 Page Not Found: 
ERROR - 2019-08-15 15:19:38 --> Severity: Warning --> Illegal string offset 'keyword' /home/fullbasketproper/public_html/application/views/listing.php 186
ERROR - 2019-08-15 15:36:06 --> 404 Page Not Found: 
ERROR - 2019-08-15 16:11:11 --> Severity: Warning --> Illegal string offset 'keyword' /home/fullbasketproper/public_html/application/views/listing.php 186
ERROR - 2019-08-15 16:23:40 --> Query error: You have an error in your SQL syntax; check the manual that corresponds to your MySQL server version for the right syntax to use near '-10, 10' at line 11 - Invalid query: SELECT DISTINCT `p`.*, `c`.`name` as `city_name`, `ps`.`name` as `property_status`, `pt`.`name` as `prop_type`, `b`.`name` as `builder`, `l`.`name` as `location`
FROM `properties` `p`
LEFT JOIN `cities` `c` ON `p`.`city_id` = `c`.`id`
LEFT JOIN `builders` `b` ON `p`.`builder_id` = `b`.`id`
LEFT JOIN `locations` `l` ON `p`.`location_id` = `l`.`id`
LEFT JOIN `property_types` `pt` ON `p`.`property_type_id` = `pt`.`id`
LEFT JOIN `property_status` `ps` ON `p`.`property_status_id` = `ps`.`id`
LEFT JOIN `property_amenities` `pa` ON `pa`.`property_id` = `p`.`id`
WHERE `p`.`status` = 1
ORDER BY `p`.`id` DESC
 LIMIT -10, 10
ERROR - 2019-08-15 17:08:00 --> Severity: Warning --> Illegal string offset 'keyword' /home/fullbasketproper/public_html/application/views/listing.php 186
ERROR - 2019-08-15 17:47:33 --> 404 Page Not Found: 
ERROR - 2019-08-15 17:57:46 --> 404 Page Not Found: 
ERROR - 2019-08-15 17:57:47 --> 404 Page Not Found: 
ERROR - 2019-08-15 17:57:47 --> 404 Page Not Found: 
ERROR - 2019-08-15 17:57:48 --> 404 Page Not Found: 
ERROR - 2019-08-15 17:57:48 --> 404 Page Not Found: 
ERROR - 2019-08-15 17:57:58 --> 404 Page Not Found: 
ERROR - 2019-08-15 17:57:58 --> 404 Page Not Found: 
ERROR - 2019-08-15 18:21:23 --> 404 Page Not Found: 
ERROR - 2019-08-15 18:39:55 --> 404 Page Not Found: 
ERROR - 2019-08-15 18:44:47 --> Severity: Warning --> Illegal string offset 'keyword' /home/fullbasketproper/public_html/application/views/listing.php 186
ERROR - 2019-08-15 18:49:01 --> 404 Page Not Found: 
ERROR - 2019-08-15 18:58:03 --> 404 Page Not Found: 
ERROR - 2019-08-15 18:58:04 --> 404 Page Not Found: 
ERROR - 2019-08-15 18:58:05 --> 404 Page Not Found: 
ERROR - 2019-08-15 18:58:05 --> 404 Page Not Found: 
ERROR - 2019-08-15 18:58:06 --> 404 Page Not Found: 
ERROR - 2019-08-15 19:04:35 --> Severity: Warning --> Illegal string offset 'keyword' /home/fullbasketproper/public_html/application/views/listing.php 186
ERROR - 2019-08-15 19:22:46 --> 404 Page Not Found: 
ERROR - 2019-08-15 19:23:38 --> 404 Page Not Found: 
ERROR - 2019-08-15 19:24:08 --> 404 Page Not Found: 
ERROR - 2019-08-15 19:24:12 --> 404 Page Not Found: 
ERROR - 2019-08-15 19:28:48 --> Severity: Warning --> Illegal string offset 'keyword' /home/fullbasketproper/public_html/application/views/listing.php 186
ERROR - 2019-08-15 19:29:04 --> Severity: Warning --> Illegal string offset 'keyword' /home/fullbasketproper/public_html/application/views/listing.php 186
ERROR - 2019-08-15 19:32:06 --> 404 Page Not Found: 
ERROR - 2019-08-15 19:42:40 --> Severity: Warning --> Illegal string offset 'keyword' /home/fullbasketproper/public_html/application/views/listing.php 186
ERROR - 2019-08-15 19:53:51 --> Severity: Warning --> Illegal string offset 'keyword' /home/fullbasketproper/public_html/application/views/listing.php 186
ERROR - 2019-08-15 20:06:33 --> 404 Page Not Found: 
ERROR - 2019-08-15 20:21:22 --> Severity: Warning --> Illegal string offset 'keyword' /home/fullbasketproper/public_html/application/views/listing.php 186
ERROR - 2019-08-15 20:52:48 --> Severity: Warning --> Illegal string offset 'keyword' /home/fullbasketproper/public_html/application/views/listing.php 186
ERROR - 2019-08-15 20:57:02 --> Severity: Warning --> Illegal string offset 'keyword' /home/fullbasketproper/public_html/application/views/listing.php 186
ERROR - 2019-08-15 21:52:30 --> 404 Page Not Found: 
ERROR - 2019-08-15 22:35:37 --> Severity: Warning --> Illegal string offset 'keyword' /home/fullbasketproper/public_html/application/views/listing.php 186
ERROR - 2019-08-15 22:51:25 --> 404 Page Not Found: 
ERROR - 2019-08-15 23:41:36 --> 404 Page Not Found: 
ERROR - 2019-08-15 23:42:27 --> 404 Page Not Found: 
ERROR - 2019-08-15 23:53:33 --> 404 Page Not Found: 
ERROR - 2019-08-15 23:59:49 --> 404 Page Not Found: 
ERROR - 2019-08-15 23:59:54 --> 404 Page Not Found: 
