ERROR - 2018-03-05 00:37:03 --> 404 Page Not Found: 
ERROR - 2018-03-05 01:18:03 --> 404 Page Not Found: 
ERROR - 2018-03-05 02:42:16 --> Query error: You have an error in your SQL syntax; check the manual that corresponds to your MySQL server version for the right syntax to use near '-10, 10' at line 12 - Invalid query: SELECT DISTINCT `p`.*, `c`.`name` as `city_name`, `ps`.`name` as `property_status`, `pt`.`name` as `prop_type`, `b`.`name` as `builder`, `l`.`name` as `location`
FROM `properties` `p`
LEFT JOIN `cities` `c` ON `p`.`city_id` = `c`.`id`
LEFT JOIN `builders` `b` ON `p`.`builder_id` = `b`.`id`
LEFT JOIN `locations` `l` ON `p`.`location_id` = `l`.`id`
LEFT JOIN `property_types` `pt` ON `p`.`property_type_id` = `pt`.`id`
LEFT JOIN `property_status` `ps` ON `p`.`property_status_id` = `ps`.`id`
LEFT JOIN `property_amenities` `pa` ON `pa`.`property_id` = `p`.`id`
WHERE `p`.`city_id` = '2'
AND `p`.`status` = 1
ORDER BY `p`.`id` DESC
 LIMIT -10, 10
ERROR - 2018-03-05 05:12:00 --> 404 Page Not Found: 
ERROR - 2018-03-05 08:00:44 --> 404 Page Not Found: 
ERROR - 2018-03-05 09:10:55 --> 404 Page Not Found: 
ERROR - 2018-03-05 10:39:46 --> Severity: Warning --> Missing argument 1 for Blogs::edit_blog() /home/nkmtein/public_html/fullbasketproperty.com/application/controllers/admin/Blogs.php 170
ERROR - 2018-03-05 10:42:24 --> Severity: Warning --> Missing argument 1 for Blogs::edit_blog() /home/nkmtein/public_html/fullbasketproperty.com/application/controllers/admin/Blogs.php 170
ERROR - 2018-03-05 10:43:47 --> Severity: Warning --> Missing argument 1 for Blogs::edit_blog() /home/nkmtein/public_html/fullbasketproperty.com/application/controllers/admin/Blogs.php 170
ERROR - 2018-03-05 10:45:28 --> Severity: Warning --> Missing argument 1 for Blogs::edit_blog() /home/nkmtein/public_html/fullbasketproperty.com/application/controllers/admin/Blogs.php 170
ERROR - 2018-03-05 10:46:39 --> Severity: Warning --> Missing argument 1 for Blogs::edit_blog() /home/nkmtein/public_html/fullbasketproperty.com/application/controllers/admin/Blogs.php 170
ERROR - 2018-03-05 10:47:39 --> Severity: Warning --> Missing argument 1 for Blogs::edit_blog() /home/nkmtein/public_html/fullbasketproperty.com/application/controllers/admin/Blogs.php 170
ERROR - 2018-03-05 10:57:00 --> Severity: Warning --> Division by zero /home/nkmtein/public_html/fullbasketproperty.com/application/core/Public_Controller.php 47
ERROR - 2018-03-05 10:57:35 --> Severity: Warning --> Division by zero /home/nkmtein/public_html/fullbasketproperty.com/application/core/Public_Controller.php 47
ERROR - 2018-03-05 13:33:38 --> Severity: Warning --> Missing argument 1 for Blogs::edit_blog() /home/nkmtein/public_html/fullbasketproperty.com/application/controllers/admin/Blogs.php 170
ERROR - 2018-03-05 14:08:00 --> 404 Page Not Found: 
ERROR - 2018-03-05 15:42:19 --> 404 Page Not Found: 
ERROR - 2018-03-05 16:19:01 --> 404 Page Not Found: 
ERROR - 2018-03-05 22:04:46 --> 404 Page Not Found: 
