ERROR - 2019-03-12 01:41:46 --> 404 Page Not Found: 
ERROR - 2019-03-12 04:13:19 --> 404 Page Not Found: 
ERROR - 2019-03-12 05:16:36 --> 404 Page Not Found: 
ERROR - 2019-03-12 05:42:00 --> 404 Page Not Found: 
ERROR - 2019-03-12 05:59:56 --> 404 Page Not Found: 
ERROR - 2019-03-12 07:39:41 --> 404 Page Not Found: 
ERROR - 2019-03-12 07:59:12 --> 404 Page Not Found: 
ERROR - 2019-03-12 08:27:28 --> 404 Page Not Found: 
ERROR - 2019-03-12 08:30:06 --> 404 Page Not Found: 
ERROR - 2019-03-12 09:19:35 --> 404 Page Not Found: 
ERROR - 2019-03-12 09:37:31 --> 404 Page Not Found: 
ERROR - 2019-03-12 09:52:21 --> 404 Page Not Found: 
ERROR - 2019-03-12 10:04:29 --> 404 Page Not Found: 
ERROR - 2019-03-12 10:05:12 --> 404 Page Not Found: 
ERROR - 2019-03-12 10:23:30 --> 404 Page Not Found: 
ERROR - 2019-03-12 10:23:30 --> 404 Page Not Found: 
ERROR - 2019-03-12 10:23:30 --> 404 Page Not Found: 
ERROR - 2019-03-12 10:23:30 --> 404 Page Not Found: 
ERROR - 2019-03-12 10:23:31 --> 404 Page Not Found: 
ERROR - 2019-03-12 10:53:33 --> Severity: Warning --> Division by zero /home/fullbasketproper/public_html/application/core/Public_Controller.php 47
ERROR - 2019-03-12 11:27:45 --> 404 Page Not Found: 
ERROR - 2019-03-12 11:34:54 --> 404 Page Not Found: 
ERROR - 2019-03-12 12:07:33 --> 404 Page Not Found: 
ERROR - 2019-03-12 12:07:54 --> 404 Page Not Found: 
ERROR - 2019-03-12 12:08:30 --> 404 Page Not Found: 
ERROR - 2019-03-12 12:08:49 --> 404 Page Not Found: 
ERROR - 2019-03-12 12:12:22 --> 404 Page Not Found: 
ERROR - 2019-03-12 12:12:42 --> 404 Page Not Found: 
ERROR - 2019-03-12 12:13:06 --> 404 Page Not Found: 
ERROR - 2019-03-12 12:13:09 --> 404 Page Not Found: 
ERROR - 2019-03-12 12:18:50 --> 404 Page Not Found: 
ERROR - 2019-03-12 12:31:25 --> 404 Page Not Found: 
ERROR - 2019-03-12 12:33:25 --> 404 Page Not Found: 
ERROR - 2019-03-12 13:34:10 --> 404 Page Not Found: 
ERROR - 2019-03-12 13:57:14 --> 404 Page Not Found: 
ERROR - 2019-03-12 14:01:56 --> 404 Page Not Found: 
ERROR - 2019-03-12 14:58:23 --> 404 Page Not Found: 
ERROR - 2019-03-12 15:20:43 --> 404 Page Not Found: 
ERROR - 2019-03-12 16:56:58 --> Severity: Warning --> include(/home/fullbasketproper/public_html/system/language/english/achievements_lang.php): failed to open stream: No such file or directory /home/fullbasketproper/public_html/application/core/MY_Lang.php 112
ERROR - 2019-03-12 16:56:58 --> Severity: Warning --> include(): Failed opening '/home/fullbasketproper/public_html/system/language/english/achievements_lang.php' for inclusion (include_path='.:/opt/cpanel/ea-php56/root/usr/share/pear') /home/fullbasketproper/public_html/application/core/MY_Lang.php 112
ERROR - 2019-03-12 16:56:58 --> Language file contains no data: language/english/achievements_lang.php
ERROR - 2019-03-12 16:56:58 --> Could not find the language line "achievements title achievements"
ERROR - 2019-03-12 18:16:03 --> 404 Page Not Found: 
ERROR - 2019-03-12 19:45:13 --> 404 Page Not Found: 
ERROR - 2019-03-12 20:36:08 --> 404 Page Not Found: 
ERROR - 2019-03-12 22:14:36 --> 404 Page Not Found: 
ERROR - 2019-03-12 23:02:18 --> 404 Page Not Found: 
ERROR - 2019-03-12 23:08:18 --> 404 Page Not Found: 
ERROR - 2019-03-12 23:32:55 --> 404 Page Not Found: 
ERROR - 2019-03-12 23:48:29 --> 404 Page Not Found: 
ERROR - 2019-03-12 23:50:13 --> 404 Page Not Found: 
