ERROR - 2018-07-01 00:53:04 --> 404 Page Not Found: 
ERROR - 2018-07-01 01:56:36 --> 404 Page Not Found: 
ERROR - 2018-07-01 03:03:12 --> 404 Page Not Found: 
ERROR - 2018-07-01 03:03:13 --> 404 Page Not Found: 
ERROR - 2018-07-01 03:03:13 --> 404 Page Not Found: 
ERROR - 2018-07-01 03:03:13 --> 404 Page Not Found: 
ERROR - 2018-07-01 03:03:13 --> 404 Page Not Found: 
ERROR - 2018-07-01 03:08:03 --> 404 Page Not Found: 
ERROR - 2018-07-01 03:32:26 --> Query error: You have an error in your SQL syntax; check the manual that corresponds to your MySQL server version for the right syntax to use near '-10, 10' at line 11 - Invalid query: SELECT DISTINCT `p`.*, `c`.`name` as `city_name`, `ps`.`name` as `property_status`, `pt`.`name` as `prop_type`, `b`.`name` as `builder`, `l`.`name` as `location`
FROM `properties` `p`
LEFT JOIN `cities` `c` ON `p`.`city_id` = `c`.`id`
LEFT JOIN `builders` `b` ON `p`.`builder_id` = `b`.`id`
LEFT JOIN `locations` `l` ON `p`.`location_id` = `l`.`id`
LEFT JOIN `property_types` `pt` ON `p`.`property_type_id` = `pt`.`id`
LEFT JOIN `property_status` `ps` ON `p`.`property_status_id` = `ps`.`id`
LEFT JOIN `property_amenities` `pa` ON `pa`.`property_id` = `p`.`id`
WHERE `p`.`status` = 1
ORDER BY `p`.`id` DESC
 LIMIT -10, 10
ERROR - 2018-07-01 03:32:29 --> Query error: You have an error in your SQL syntax; check the manual that corresponds to your MySQL server version for the right syntax to use near '-10, 10' at line 11 - Invalid query: SELECT DISTINCT `p`.*, `c`.`name` as `city_name`, `ps`.`name` as `property_status`, `pt`.`name` as `prop_type`, `b`.`name` as `builder`, `l`.`name` as `location`
FROM `properties` `p`
LEFT JOIN `cities` `c` ON `p`.`city_id` = `c`.`id`
LEFT JOIN `builders` `b` ON `p`.`builder_id` = `b`.`id`
LEFT JOIN `locations` `l` ON `p`.`location_id` = `l`.`id`
LEFT JOIN `property_types` `pt` ON `p`.`property_type_id` = `pt`.`id`
LEFT JOIN `property_status` `ps` ON `p`.`property_status_id` = `ps`.`id`
LEFT JOIN `property_amenities` `pa` ON `pa`.`property_id` = `p`.`id`
WHERE `p`.`status` = 1
ORDER BY `p`.`id` DESC
 LIMIT -10, 10
ERROR - 2018-07-01 03:59:15 --> 404 Page Not Found: 
ERROR - 2018-07-01 09:04:52 --> 404 Page Not Found: 
ERROR - 2018-07-01 10:24:24 --> 404 Page Not Found: 
ERROR - 2018-07-01 11:03:34 --> 404 Page Not Found: 
ERROR - 2018-07-01 13:20:46 --> 404 Page Not Found: 
ERROR - 2018-07-01 16:05:48 --> 404 Page Not Found: 
ERROR - 2018-07-01 23:33:53 --> 404 Page Not Found: 
