ERROR - 2018-02-05 00:57:39 --> 404 Page Not Found: 
ERROR - 2018-02-05 02:41:23 --> 404 Page Not Found: 
ERROR - 2018-02-05 03:05:31 --> 404 Page Not Found: 
ERROR - 2018-02-05 03:37:41 --> 404 Page Not Found: 
ERROR - 2018-02-05 04:14:26 --> 404 Page Not Found: 
ERROR - 2018-02-05 04:43:10 --> 404 Page Not Found: 
ERROR - 2018-02-05 06:42:43 --> 404 Page Not Found: 
ERROR - 2018-02-05 06:49:07 --> 404 Page Not Found: 
ERROR - 2018-02-05 09:06:43 --> 404 Page Not Found: 
ERROR - 2018-02-05 10:19:05 --> Severity: Warning --> Division by zero /home/nkmtein/public_html/fullbasketproperty.com/application/core/Public_Controller.php 47
ERROR - 2018-02-05 12:02:35 --> Severity: Warning --> include(/home/nkmtein/public_html/fullbasketproperty.com/system/language/english/achievements_lang.php): failed to open stream: No such file or directory /home/nkmtein/public_html/fullbasketproperty.com/application/core/MY_Lang.php 112
ERROR - 2018-02-05 12:02:35 --> Severity: Warning --> include(): Failed opening '/home/nkmtein/public_html/fullbasketproperty.com/system/language/english/achievements_lang.php' for inclusion (include_path='.:/opt/cpanel/ea-php56/root/usr/share/pear') /home/nkmtein/public_html/fullbasketproperty.com/application/core/MY_Lang.php 112
ERROR - 2018-02-05 12:02:35 --> Language file contains no data: language/english/achievements_lang.php
ERROR - 2018-02-05 12:02:35 --> Could not find the language line "achievements title achievements"
ERROR - 2018-02-05 12:02:37 --> 404 Page Not Found: 
ERROR - 2018-02-05 12:02:39 --> Severity: Warning --> include(/home/nkmtein/public_html/fullbasketproperty.com/system/language/english/achievements_lang.php): failed to open stream: No such file or directory /home/nkmtein/public_html/fullbasketproperty.com/application/core/MY_Lang.php 112
ERROR - 2018-02-05 12:02:39 --> Severity: Warning --> include(): Failed opening '/home/nkmtein/public_html/fullbasketproperty.com/system/language/english/achievements_lang.php' for inclusion (include_path='.:/opt/cpanel/ea-php56/root/usr/share/pear') /home/nkmtein/public_html/fullbasketproperty.com/application/core/MY_Lang.php 112
ERROR - 2018-02-05 12:02:39 --> Language file contains no data: language/english/achievements_lang.php
ERROR - 2018-02-05 12:02:39 --> Could not find the language line "achievements title editAchievement"
ERROR - 2018-02-05 12:08:16 --> 404 Page Not Found: 
ERROR - 2018-02-05 12:44:04 --> 404 Page Not Found: 
ERROR - 2018-02-05 13:04:10 --> 404 Page Not Found: 
ERROR - 2018-02-05 15:00:16 --> Severity: Warning --> fsockopen(): unable to connect to ssl://smtp.gmail.com:465 (Network is unreachable) /home/nkmtein/public_html/fullbasketproperty.com/system/libraries/Email.php 2055
ERROR - 2018-02-05 15:59:44 --> Severity: Warning --> include(/home/nkmtein/public_html/fullbasketproperty.com/system/language/english/achievements_lang.php): failed to open stream: No such file or directory /home/nkmtein/public_html/fullbasketproperty.com/application/core/MY_Lang.php 112
ERROR - 2018-02-05 15:59:44 --> Severity: Warning --> include(): Failed opening '/home/nkmtein/public_html/fullbasketproperty.com/system/language/english/achievements_lang.php' for inclusion (include_path='.:/opt/cpanel/ea-php56/root/usr/share/pear') /home/nkmtein/public_html/fullbasketproperty.com/application/core/MY_Lang.php 112
ERROR - 2018-02-05 15:59:44 --> Language file contains no data: language/english/achievements_lang.php
ERROR - 2018-02-05 15:59:44 --> Could not find the language line "achievements title achievements"
ERROR - 2018-02-05 15:59:49 --> Severity: Warning --> include(/home/nkmtein/public_html/fullbasketproperty.com/system/language/english/achievements_lang.php): failed to open stream: No such file or directory /home/nkmtein/public_html/fullbasketproperty.com/application/core/MY_Lang.php 112
ERROR - 2018-02-05 15:59:49 --> Severity: Warning --> include(): Failed opening '/home/nkmtein/public_html/fullbasketproperty.com/system/language/english/achievements_lang.php' for inclusion (include_path='.:/opt/cpanel/ea-php56/root/usr/share/pear') /home/nkmtein/public_html/fullbasketproperty.com/application/core/MY_Lang.php 112
ERROR - 2018-02-05 15:59:49 --> Language file contains no data: language/english/achievements_lang.php
ERROR - 2018-02-05 15:59:49 --> Could not find the language line "achievements title editAchievement"
ERROR - 2018-02-05 16:00:07 --> Severity: Warning --> include(/home/nkmtein/public_html/fullbasketproperty.com/system/language/english/achievements_lang.php): failed to open stream: No such file or directory /home/nkmtein/public_html/fullbasketproperty.com/application/core/MY_Lang.php 112
ERROR - 2018-02-05 16:00:07 --> Severity: Warning --> include(): Failed opening '/home/nkmtein/public_html/fullbasketproperty.com/system/language/english/achievements_lang.php' for inclusion (include_path='.:/opt/cpanel/ea-php56/root/usr/share/pear') /home/nkmtein/public_html/fullbasketproperty.com/application/core/MY_Lang.php 112
ERROR - 2018-02-05 16:00:07 --> Language file contains no data: language/english/achievements_lang.php
ERROR - 2018-02-05 16:00:08 --> Severity: Warning --> include(/home/nkmtein/public_html/fullbasketproperty.com/system/language/english/achievements_lang.php): failed to open stream: No such file or directory /home/nkmtein/public_html/fullbasketproperty.com/application/core/MY_Lang.php 112
ERROR - 2018-02-05 16:00:08 --> Severity: Warning --> include(): Failed opening '/home/nkmtein/public_html/fullbasketproperty.com/system/language/english/achievements_lang.php' for inclusion (include_path='.:/opt/cpanel/ea-php56/root/usr/share/pear') /home/nkmtein/public_html/fullbasketproperty.com/application/core/MY_Lang.php 112
ERROR - 2018-02-05 16:00:08 --> Language file contains no data: language/english/achievements_lang.php
ERROR - 2018-02-05 16:00:08 --> Could not find the language line "achievements title achievements"
ERROR - 2018-02-05 16:00:13 --> Severity: Warning --> include(/home/nkmtein/public_html/fullbasketproperty.com/system/language/english/achievements_lang.php): failed to open stream: No such file or directory /home/nkmtein/public_html/fullbasketproperty.com/application/core/MY_Lang.php 112
ERROR - 2018-02-05 16:00:13 --> Severity: Warning --> include(): Failed opening '/home/nkmtein/public_html/fullbasketproperty.com/system/language/english/achievements_lang.php' for inclusion (include_path='.:/opt/cpanel/ea-php56/root/usr/share/pear') /home/nkmtein/public_html/fullbasketproperty.com/application/core/MY_Lang.php 112
ERROR - 2018-02-05 16:00:13 --> Language file contains no data: language/english/achievements_lang.php
ERROR - 2018-02-05 16:00:13 --> Could not find the language line "achievements title editAchievement"
ERROR - 2018-02-05 16:00:23 --> Severity: Warning --> include(/home/nkmtein/public_html/fullbasketproperty.com/system/language/english/achievements_lang.php): failed to open stream: No such file or directory /home/nkmtein/public_html/fullbasketproperty.com/application/core/MY_Lang.php 112
ERROR - 2018-02-05 16:00:23 --> Severity: Warning --> include(): Failed opening '/home/nkmtein/public_html/fullbasketproperty.com/system/language/english/achievements_lang.php' for inclusion (include_path='.:/opt/cpanel/ea-php56/root/usr/share/pear') /home/nkmtein/public_html/fullbasketproperty.com/application/core/MY_Lang.php 112
ERROR - 2018-02-05 16:00:23 --> Language file contains no data: language/english/achievements_lang.php
ERROR - 2018-02-05 16:00:23 --> Severity: Warning --> include(/home/nkmtein/public_html/fullbasketproperty.com/system/language/english/achievements_lang.php): failed to open stream: No such file or directory /home/nkmtein/public_html/fullbasketproperty.com/application/core/MY_Lang.php 112
ERROR - 2018-02-05 16:00:23 --> Severity: Warning --> include(): Failed opening '/home/nkmtein/public_html/fullbasketproperty.com/system/language/english/achievements_lang.php' for inclusion (include_path='.:/opt/cpanel/ea-php56/root/usr/share/pear') /home/nkmtein/public_html/fullbasketproperty.com/application/core/MY_Lang.php 112
ERROR - 2018-02-05 16:00:23 --> Language file contains no data: language/english/achievements_lang.php
ERROR - 2018-02-05 16:00:23 --> Could not find the language line "achievements title achievements"
ERROR - 2018-02-05 16:00:26 --> Severity: Warning --> include(/home/nkmtein/public_html/fullbasketproperty.com/system/language/english/achievements_lang.php): failed to open stream: No such file or directory /home/nkmtein/public_html/fullbasketproperty.com/application/core/MY_Lang.php 112
ERROR - 2018-02-05 16:00:26 --> Severity: Warning --> include(): Failed opening '/home/nkmtein/public_html/fullbasketproperty.com/system/language/english/achievements_lang.php' for inclusion (include_path='.:/opt/cpanel/ea-php56/root/usr/share/pear') /home/nkmtein/public_html/fullbasketproperty.com/application/core/MY_Lang.php 112
ERROR - 2018-02-05 16:00:26 --> Language file contains no data: language/english/achievements_lang.php
ERROR - 2018-02-05 16:00:26 --> Could not find the language line "achievements title editAchievement"
ERROR - 2018-02-05 16:00:35 --> Severity: Warning --> include(/home/nkmtein/public_html/fullbasketproperty.com/system/language/english/achievements_lang.php): failed to open stream: No such file or directory /home/nkmtein/public_html/fullbasketproperty.com/application/core/MY_Lang.php 112
ERROR - 2018-02-05 16:00:35 --> Severity: Warning --> include(): Failed opening '/home/nkmtein/public_html/fullbasketproperty.com/system/language/english/achievements_lang.php' for inclusion (include_path='.:/opt/cpanel/ea-php56/root/usr/share/pear') /home/nkmtein/public_html/fullbasketproperty.com/application/core/MY_Lang.php 112
ERROR - 2018-02-05 16:00:35 --> Language file contains no data: language/english/achievements_lang.php
ERROR - 2018-02-05 16:00:35 --> Severity: Warning --> include(/home/nkmtein/public_html/fullbasketproperty.com/system/language/english/achievements_lang.php): failed to open stream: No such file or directory /home/nkmtein/public_html/fullbasketproperty.com/application/core/MY_Lang.php 112
ERROR - 2018-02-05 16:00:35 --> Severity: Warning --> include(): Failed opening '/home/nkmtein/public_html/fullbasketproperty.com/system/language/english/achievements_lang.php' for inclusion (include_path='.:/opt/cpanel/ea-php56/root/usr/share/pear') /home/nkmtein/public_html/fullbasketproperty.com/application/core/MY_Lang.php 112
ERROR - 2018-02-05 16:00:35 --> Language file contains no data: language/english/achievements_lang.php
ERROR - 2018-02-05 16:00:35 --> Could not find the language line "achievements title achievements"
ERROR - 2018-02-05 16:00:39 --> Severity: Warning --> include(/home/nkmtein/public_html/fullbasketproperty.com/system/language/english/achievements_lang.php): failed to open stream: No such file or directory /home/nkmtein/public_html/fullbasketproperty.com/application/core/MY_Lang.php 112
ERROR - 2018-02-05 16:00:39 --> Severity: Warning --> include(): Failed opening '/home/nkmtein/public_html/fullbasketproperty.com/system/language/english/achievements_lang.php' for inclusion (include_path='.:/opt/cpanel/ea-php56/root/usr/share/pear') /home/nkmtein/public_html/fullbasketproperty.com/application/core/MY_Lang.php 112
ERROR - 2018-02-05 16:00:39 --> Language file contains no data: language/english/achievements_lang.php
ERROR - 2018-02-05 16:00:39 --> Could not find the language line "achievements title editAchievement"
ERROR - 2018-02-05 16:00:47 --> Severity: Warning --> include(/home/nkmtein/public_html/fullbasketproperty.com/system/language/english/achievements_lang.php): failed to open stream: No such file or directory /home/nkmtein/public_html/fullbasketproperty.com/application/core/MY_Lang.php 112
ERROR - 2018-02-05 16:00:47 --> Severity: Warning --> include(): Failed opening '/home/nkmtein/public_html/fullbasketproperty.com/system/language/english/achievements_lang.php' for inclusion (include_path='.:/opt/cpanel/ea-php56/root/usr/share/pear') /home/nkmtein/public_html/fullbasketproperty.com/application/core/MY_Lang.php 112
ERROR - 2018-02-05 16:00:47 --> Language file contains no data: language/english/achievements_lang.php
ERROR - 2018-02-05 16:00:47 --> Severity: Warning --> include(/home/nkmtein/public_html/fullbasketproperty.com/system/language/english/achievements_lang.php): failed to open stream: No such file or directory /home/nkmtein/public_html/fullbasketproperty.com/application/core/MY_Lang.php 112
ERROR - 2018-02-05 16:00:47 --> Severity: Warning --> include(): Failed opening '/home/nkmtein/public_html/fullbasketproperty.com/system/language/english/achievements_lang.php' for inclusion (include_path='.:/opt/cpanel/ea-php56/root/usr/share/pear') /home/nkmtein/public_html/fullbasketproperty.com/application/core/MY_Lang.php 112
ERROR - 2018-02-05 16:00:47 --> Language file contains no data: language/english/achievements_lang.php
ERROR - 2018-02-05 16:00:47 --> Could not find the language line "achievements title achievements"
ERROR - 2018-02-05 16:00:50 --> Severity: Warning --> include(/home/nkmtein/public_html/fullbasketproperty.com/system/language/english/achievements_lang.php): failed to open stream: No such file or directory /home/nkmtein/public_html/fullbasketproperty.com/application/core/MY_Lang.php 112
ERROR - 2018-02-05 16:00:50 --> Severity: Warning --> include(): Failed opening '/home/nkmtein/public_html/fullbasketproperty.com/system/language/english/achievements_lang.php' for inclusion (include_path='.:/opt/cpanel/ea-php56/root/usr/share/pear') /home/nkmtein/public_html/fullbasketproperty.com/application/core/MY_Lang.php 112
ERROR - 2018-02-05 16:00:50 --> Language file contains no data: language/english/achievements_lang.php
ERROR - 2018-02-05 16:00:50 --> Could not find the language line "achievements title editAchievement"
ERROR - 2018-02-05 16:01:07 --> Severity: Warning --> include(/home/nkmtein/public_html/fullbasketproperty.com/system/language/english/achievements_lang.php): failed to open stream: No such file or directory /home/nkmtein/public_html/fullbasketproperty.com/application/core/MY_Lang.php 112
ERROR - 2018-02-05 16:01:07 --> Severity: Warning --> include(): Failed opening '/home/nkmtein/public_html/fullbasketproperty.com/system/language/english/achievements_lang.php' for inclusion (include_path='.:/opt/cpanel/ea-php56/root/usr/share/pear') /home/nkmtein/public_html/fullbasketproperty.com/application/core/MY_Lang.php 112
ERROR - 2018-02-05 16:01:07 --> Language file contains no data: language/english/achievements_lang.php
ERROR - 2018-02-05 16:01:07 --> Severity: Warning --> include(/home/nkmtein/public_html/fullbasketproperty.com/system/language/english/achievements_lang.php): failed to open stream: No such file or directory /home/nkmtein/public_html/fullbasketproperty.com/application/core/MY_Lang.php 112
ERROR - 2018-02-05 16:01:07 --> Severity: Warning --> include(): Failed opening '/home/nkmtein/public_html/fullbasketproperty.com/system/language/english/achievements_lang.php' for inclusion (include_path='.:/opt/cpanel/ea-php56/root/usr/share/pear') /home/nkmtein/public_html/fullbasketproperty.com/application/core/MY_Lang.php 112
ERROR - 2018-02-05 16:01:07 --> Language file contains no data: language/english/achievements_lang.php
ERROR - 2018-02-05 16:01:07 --> Could not find the language line "achievements title achievements"
ERROR - 2018-02-05 16:02:03 --> Severity: Warning --> fsockopen(): unable to connect to ssl://smtp.gmail.com:465 (Network is unreachable) /home/nkmtein/public_html/fullbasketproperty.com/system/libraries/Email.php 2055
ERROR - 2018-02-05 16:12:23 --> Query error: Table 'nkmtein_fullbasket_new.subscribers' doesn't exist - Invalid query: SELECT *
FROM `subscribers`
WHERE `email` = 'vineeth@soarmorrow.com'
ERROR - 2018-02-05 16:20:02 --> Query error: Duplicate entry '0' for key 'PRIMARY' - Invalid query: INSERT INTO `subscribers` (`email`, `created_at`) VALUES ('gopu@aninha-smart-boys.com', '2018-02-05 16:20:02')
ERROR - 2018-02-05 16:20:54 --> Severity: Warning --> fsockopen(): unable to connect to ssl://smtp.gmail.com:465 (Network is unreachable) /home/nkmtein/public_html/fullbasketproperty.com/system/libraries/Email.php 2055
ERROR - 2018-02-05 16:23:43 --> 404 Page Not Found: 
ERROR - 2018-02-05 16:39:25 --> Severity: Warning --> fsockopen(): unable to connect to ssl://smtp.gmail.com:465 (Network is unreachable) /home/nkmtein/public_html/fullbasketproperty.com/system/libraries/Email.php 2055
ERROR - 2018-02-05 16:49:41 --> Severity: Warning --> fsockopen(): unable to connect to ssl://smtp.gmail.com:465 (Network is unreachable) /home/nkmtein/public_html/fullbasketproperty.com/system/libraries/Email.php 2055
ERROR - 2018-02-05 17:03:09 --> Severity: Warning --> fsockopen(): unable to connect to ssl://smtp.gmail.com:465 (Network is unreachable) /home/nkmtein/public_html/fullbasketproperty.com/system/libraries/Email.php 2055
ERROR - 2018-02-05 17:05:05 --> Severity: Warning --> fsockopen(): unable to connect to ssl://smtp.gmail.com:465 (Network is unreachable) /home/nkmtein/public_html/fullbasketproperty.com/system/libraries/Email.php 2055
ERROR - 2018-02-05 17:09:39 --> Severity: Warning --> fsockopen(): unable to connect to ssl://smtp.gmail.com:465 (Network is unreachable) /home/nkmtein/public_html/fullbasketproperty.com/system/libraries/Email.php 2055
ERROR - 2018-02-05 17:16:15 --> Severity: Warning --> Division by zero /home/nkmtein/public_html/fullbasketproperty.com/application/core/Public_Controller.php 47
ERROR - 2018-02-05 17:16:24 --> Severity: Warning --> Division by zero /home/nkmtein/public_html/fullbasketproperty.com/application/core/Public_Controller.php 47
ERROR - 2018-02-05 17:16:48 --> Severity: Warning --> Division by zero /home/nkmtein/public_html/fullbasketproperty.com/application/core/Public_Controller.php 47
ERROR - 2018-02-05 18:00:04 --> Severity: Warning --> fsockopen(): unable to connect to ssl://smtp.gmail.com:465 (Network is unreachable) /home/nkmtein/public_html/fullbasketproperty.com/system/libraries/Email.php 2055
ERROR - 2018-02-05 19:46:08 --> Query error: Unknown column 'uid' in 'field list' - Invalid query: INSERT INTO `properties` (`builder_id`, `location_id`, `title`, `meta_title`, `meta_keywords`, `meta_desc`, `area`, `budget`, `property_type_id`, `city_id`, `image`, `slug`, `date_added`, `uid`, `rera_number`, `issue_date`, `property_for`, `price_per_unit`, `build`, `face`, `builtup_area`, `builtup_area_unit`, `carpet_area`, `carpet_area_unit`, `plot_area`, `plot_area_unit`, `lat`, `lng`, `bathrooms`, `bedrooms`, `units`, `floors`, `towers`, `facades`, `property_status_id`, `map`, `brochure`) VALUES ('1', '3', 'jayaraj properties', 'dsasd', 'asdsad', 'qqweqwe', '3000000', '200000', '2', '2', '7c9dc9d935e5d8bad1f9c6c379ce4d43.png', 'jayaraj-properties', '2018-02-05', '12', '123123', 'New Launch', 'Sell/Rent', '123123', 'Newly Built', 'East', '20000', 'Sq. Feet', '3000', 'Sq. Feet', '500', 'Sq. Feet', '10.2', '30.3', '1', '1', '1', '1', '1', '1', '1', 'c2f121848d381f008b8bcc28c327b3ea.png', '6eba9ac33420f307578e027e78782898.png')
ERROR - 2018-02-05 19:52:48 --> Severity: Warning --> fsockopen(): unable to connect to ssl://smtp.gmail.com:465 (Network is unreachable) /home/nkmtein/public_html/fullbasketproperty.com/system/libraries/Email.php 2055
ERROR - 2018-02-05 19:53:04 --> Severity: Warning --> fsockopen(): unable to connect to ssl://smtp.gmail.com:465 (Network is unreachable) /home/nkmtein/public_html/fullbasketproperty.com/system/libraries/Email.php 2055
ERROR - 2018-02-05 20:00:13 --> Severity: Warning --> fsockopen(): unable to connect to ssl://smtp.gmail.com:465 (Network is unreachable) /home/nkmtein/public_html/fullbasketproperty.com/system/libraries/Email.php 2055
ERROR - 2018-02-05 20:00:36 --> Severity: Warning --> fsockopen(): unable to connect to ssl://smtp.gmail.com:465 (Network is unreachable) /home/nkmtein/public_html/fullbasketproperty.com/system/libraries/Email.php 2055
ERROR - 2018-02-05 20:02:24 --> Severity: Warning --> fsockopen(): unable to connect to ssl://smtp.gmail.com:465 (Network is unreachable) /home/nkmtein/public_html/fullbasketproperty.com/system/libraries/Email.php 2055
ERROR - 2018-02-05 20:03:14 --> Severity: Warning --> fsockopen(): unable to connect to ssl://smtp.gmail.com:465 (Network is unreachable) /home/nkmtein/public_html/fullbasketproperty.com/system/libraries/Email.php 2055
ERROR - 2018-02-05 20:13:40 --> Severity: Warning --> rename(uploads/properties/BEAUTY_FEST_website_corrected.jpg,uploads/coral55a786d9bcf058/BEAUTY_FEST_website_corrected.jpg): No such file or directory /home/nkmtein/public_html/fullbasketproperty.com/application/controllers/admin/Properties.php 207
ERROR - 2018-02-05 20:13:40 --> Severity: Warning --> rename(uploads/properties/Stranabytes_logo_final-01.png,uploads/coral55a786d9bcf058/Stranabytes_logo_final-01.png): No such file or directory /home/nkmtein/public_html/fullbasketproperty.com/application/controllers/admin/Properties.php 207
ERROR - 2018-02-05 20:13:40 --> Severity: Warning --> rename(uploads/floor_plans/bharath.png,uploads/coral55a786d9bcf058/bharath.png): No such file or directory /home/nkmtein/public_html/fullbasketproperty.com/application/controllers/admin/Properties.php 221
ERROR - 2018-02-05 20:13:40 --> Severity: Warning --> rename(uploads/floor_plans/stemsell.png,uploads/coral55a786d9bcf058/stemsell.png): No such file or directory /home/nkmtein/public_html/fullbasketproperty.com/application/controllers/admin/Properties.php 221
ERROR - 2018-02-05 20:13:40 --> Severity: Warning --> rename(uploads/master_plans/swapco.png,uploads/coral55a786d9bcf058/swapco.png): No such file or directory /home/nkmtein/public_html/fullbasketproperty.com/application/controllers/admin/Properties.php 234
ERROR - 2018-02-05 20:13:40 --> Severity: Warning --> rename(uploads/master_plans/spanish.png,uploads/coral55a786d9bcf058/spanish.png): No such file or directory /home/nkmtein/public_html/fullbasketproperty.com/application/controllers/admin/Properties.php 234
ERROR - 2018-02-05 20:19:32 --> Severity: Warning --> filesize(): stat failed for ./uploads/coral55a786d9bcf058/BEAUTY_FEST_website_corrected.jpg /home/nkmtein/public_html/fullbasketproperty.com/application/controllers/admin/Properties.php 580
ERROR - 2018-02-05 20:19:32 --> Severity: Warning --> filesize(): stat failed for ./uploads/coral55a786d9bcf058/Stranabytes_logo_final-01.png /home/nkmtein/public_html/fullbasketproperty.com/application/controllers/admin/Properties.php 580
ERROR - 2018-02-05 20:19:32 --> Severity: Warning --> filesize(): stat failed for ./uploads/coral55a786d9bcf058/bharath.png /home/nkmtein/public_html/fullbasketproperty.com/application/controllers/admin/Properties.php 580
ERROR - 2018-02-05 20:19:32 --> Severity: Warning --> filesize(): stat failed for ./uploads/coral55a786d9bcf058/stemsell.png /home/nkmtein/public_html/fullbasketproperty.com/application/controllers/admin/Properties.php 580
ERROR - 2018-02-05 20:19:32 --> Severity: Warning --> filesize(): stat failed for ./uploads/coral55a786d9bcf058/swapco.png /home/nkmtein/public_html/fullbasketproperty.com/application/controllers/admin/Properties.php 580
ERROR - 2018-02-05 20:19:32 --> Severity: Warning --> filesize(): stat failed for ./uploads/coral55a786d9bcf058/spanish.png /home/nkmtein/public_html/fullbasketproperty.com/application/controllers/admin/Properties.php 580
ERROR - 2018-02-05 16:34:57 --> Severity: error --> Exception: Oophs. Error! /home/nkmtein/public_html/fullbasketproperty.com/application/third_party/hybridauth/Hybrid/Endpoint.php 212
ERROR - 2018-02-05 22:28:10 --> Severity: Warning --> filesize(): stat failed for ./uploads/coral55a786d9bcf058/swapco.png /home/nkmtein/public_html/fullbasketproperty.com/application/controllers/admin/Properties.php 580
ERROR - 2018-02-05 22:28:10 --> Severity: Warning --> filesize(): stat failed for ./uploads/coral55a786d9bcf058/spanish.png /home/nkmtein/public_html/fullbasketproperty.com/application/controllers/admin/Properties.php 580
ERROR - 2018-02-05 22:28:10 --> Severity: Warning --> filesize(): stat failed for ./uploads/coral55a786d9bcf058/BEAUTY_FEST_website_corrected.jpg /home/nkmtein/public_html/fullbasketproperty.com/application/controllers/admin/Properties.php 580
ERROR - 2018-02-05 22:28:10 --> Severity: Warning --> filesize(): stat failed for ./uploads/coral55a786d9bcf058/Stranabytes_logo_final-01.png /home/nkmtein/public_html/fullbasketproperty.com/application/controllers/admin/Properties.php 580
ERROR - 2018-02-05 22:28:10 --> Severity: Warning --> filesize(): stat failed for ./uploads/coral55a786d9bcf058/bharath.png /home/nkmtein/public_html/fullbasketproperty.com/application/controllers/admin/Properties.php 580
ERROR - 2018-02-05 22:28:10 --> Severity: Warning --> filesize(): stat failed for ./uploads/coral55a786d9bcf058/stemsell.png /home/nkmtein/public_html/fullbasketproperty.com/application/controllers/admin/Properties.php 580
