ERROR - 2018-10-19 00:32:02 --> 404 Page Not Found: 
ERROR - 2018-10-19 00:32:02 --> 404 Page Not Found: 
ERROR - 2018-10-19 01:37:02 --> 404 Page Not Found: 
ERROR - 2018-10-19 01:47:34 --> 404 Page Not Found: 
ERROR - 2018-10-19 04:11:13 --> 404 Page Not Found: 
ERROR - 2018-10-19 05:01:39 --> 404 Page Not Found: 
ERROR - 2018-10-19 05:01:39 --> 404 Page Not Found: 
ERROR - 2018-10-19 05:01:39 --> 404 Page Not Found: 
ERROR - 2018-10-19 05:01:40 --> 404 Page Not Found: 
ERROR - 2018-10-19 05:01:42 --> 404 Page Not Found: 
ERROR - 2018-10-19 05:01:42 --> 404 Page Not Found: 
ERROR - 2018-10-19 05:01:45 --> 404 Page Not Found: 
ERROR - 2018-10-19 05:06:55 --> 404 Page Not Found: 
ERROR - 2018-10-19 05:42:16 --> 404 Page Not Found: 
ERROR - 2018-10-19 06:53:21 --> 404 Page Not Found: 
ERROR - 2018-10-19 07:29:38 --> 404 Page Not Found: 
ERROR - 2018-10-19 10:07:18 --> 404 Page Not Found: 
ERROR - 2018-10-19 13:05:08 --> 404 Page Not Found: 
ERROR - 2018-10-19 13:43:14 --> 404 Page Not Found: 
ERROR - 2018-10-19 16:43:05 --> 404 Page Not Found: 
ERROR - 2018-10-19 17:38:17 --> Query error: You have an error in your SQL syntax; check the manual that corresponds to your MySQL server version for the right syntax to use near '-10, 10' at line 11 - Invalid query: SELECT DISTINCT `p`.*, `c`.`name` as `city_name`, `ps`.`name` as `property_status`, `pt`.`name` as `prop_type`, `b`.`name` as `builder`, `l`.`name` as `location`
FROM `properties` `p`
LEFT JOIN `cities` `c` ON `p`.`city_id` = `c`.`id`
LEFT JOIN `builders` `b` ON `p`.`builder_id` = `b`.`id`
LEFT JOIN `locations` `l` ON `p`.`location_id` = `l`.`id`
LEFT JOIN `property_types` `pt` ON `p`.`property_type_id` = `pt`.`id`
LEFT JOIN `property_status` `ps` ON `p`.`property_status_id` = `ps`.`id`
LEFT JOIN `property_amenities` `pa` ON `pa`.`property_id` = `p`.`id`
WHERE `p`.`status` = 1
ORDER BY `p`.`id` DESC
 LIMIT -10, 10
ERROR - 2018-10-19 17:38:19 --> Query error: You have an error in your SQL syntax; check the manual that corresponds to your MySQL server version for the right syntax to use near '-10, 10' at line 11 - Invalid query: SELECT DISTINCT `p`.*, `c`.`name` as `city_name`, `ps`.`name` as `property_status`, `pt`.`name` as `prop_type`, `b`.`name` as `builder`, `l`.`name` as `location`
FROM `properties` `p`
LEFT JOIN `cities` `c` ON `p`.`city_id` = `c`.`id`
LEFT JOIN `builders` `b` ON `p`.`builder_id` = `b`.`id`
LEFT JOIN `locations` `l` ON `p`.`location_id` = `l`.`id`
LEFT JOIN `property_types` `pt` ON `p`.`property_type_id` = `pt`.`id`
LEFT JOIN `property_status` `ps` ON `p`.`property_status_id` = `ps`.`id`
LEFT JOIN `property_amenities` `pa` ON `pa`.`property_id` = `p`.`id`
WHERE `p`.`status` = 1
ORDER BY `p`.`id` DESC
 LIMIT -10, 10
ERROR - 2018-10-19 17:38:27 --> Query error: You have an error in your SQL syntax; check the manual that corresponds to your MySQL server version for the right syntax to use near '-10, 10' at line 11 - Invalid query: SELECT DISTINCT `p`.*, `c`.`name` as `city_name`, `ps`.`name` as `property_status`, `pt`.`name` as `prop_type`, `b`.`name` as `builder`, `l`.`name` as `location`
FROM `properties` `p`
LEFT JOIN `cities` `c` ON `p`.`city_id` = `c`.`id`
LEFT JOIN `builders` `b` ON `p`.`builder_id` = `b`.`id`
LEFT JOIN `locations` `l` ON `p`.`location_id` = `l`.`id`
LEFT JOIN `property_types` `pt` ON `p`.`property_type_id` = `pt`.`id`
LEFT JOIN `property_status` `ps` ON `p`.`property_status_id` = `ps`.`id`
LEFT JOIN `property_amenities` `pa` ON `pa`.`property_id` = `p`.`id`
WHERE `p`.`status` = 1
ORDER BY `p`.`id` DESC
 LIMIT -10, 10
ERROR - 2018-10-19 19:03:45 --> 404 Page Not Found: 
ERROR - 2018-10-19 19:57:19 --> 404 Page Not Found: 
ERROR - 2018-10-19 20:09:49 --> 404 Page Not Found: 
ERROR - 2018-10-19 20:24:51 --> 404 Page Not Found: 
ERROR - 2018-10-19 21:55:58 --> 404 Page Not Found: 
ERROR - 2018-10-19 22:13:51 --> 404 Page Not Found: 
