ERROR - 2018-05-25 02:29:21 --> 404 Page Not Found: 
ERROR - 2018-05-25 02:58:41 --> 404 Page Not Found: 
ERROR - 2018-05-25 07:07:40 --> 404 Page Not Found: 
ERROR - 2018-05-25 07:29:39 --> 404 Page Not Found: 
ERROR - 2018-05-25 07:55:01 --> 404 Page Not Found: 
ERROR - 2018-05-25 07:55:01 --> 404 Page Not Found: 
ERROR - 2018-05-25 08:07:45 --> Query error: You have an error in your SQL syntax; check the manual that corresponds to your MySQL server version for the right syntax to use near '-10, 10' at line 11 - Invalid query: SELECT DISTINCT `p`.*, `c`.`name` as `city_name`, `ps`.`name` as `property_status`, `pt`.`name` as `prop_type`, `b`.`name` as `builder`, `l`.`name` as `location`
FROM `properties` `p`
LEFT JOIN `cities` `c` ON `p`.`city_id` = `c`.`id`
LEFT JOIN `builders` `b` ON `p`.`builder_id` = `b`.`id`
LEFT JOIN `locations` `l` ON `p`.`location_id` = `l`.`id`
LEFT JOIN `property_types` `pt` ON `p`.`property_type_id` = `pt`.`id`
LEFT JOIN `property_status` `ps` ON `p`.`property_status_id` = `ps`.`id`
LEFT JOIN `property_amenities` `pa` ON `pa`.`property_id` = `p`.`id`
WHERE `p`.`status` = 1
ORDER BY `p`.`id` DESC
 LIMIT -10, 10
ERROR - 2018-05-25 08:08:02 --> Query error: You have an error in your SQL syntax; check the manual that corresponds to your MySQL server version for the right syntax to use near '-10, 10' at line 11 - Invalid query: SELECT DISTINCT `p`.*, `c`.`name` as `city_name`, `ps`.`name` as `property_status`, `pt`.`name` as `prop_type`, `b`.`name` as `builder`, `l`.`name` as `location`
FROM `properties` `p`
LEFT JOIN `cities` `c` ON `p`.`city_id` = `c`.`id`
LEFT JOIN `builders` `b` ON `p`.`builder_id` = `b`.`id`
LEFT JOIN `locations` `l` ON `p`.`location_id` = `l`.`id`
LEFT JOIN `property_types` `pt` ON `p`.`property_type_id` = `pt`.`id`
LEFT JOIN `property_status` `ps` ON `p`.`property_status_id` = `ps`.`id`
LEFT JOIN `property_amenities` `pa` ON `pa`.`property_id` = `p`.`id`
WHERE `p`.`status` = 1
ORDER BY `p`.`id` DESC
 LIMIT -10, 10
ERROR - 2018-05-25 08:42:59 --> 404 Page Not Found: 
ERROR - 2018-05-25 10:10:20 --> 404 Page Not Found: 
ERROR - 2018-05-25 10:49:02 --> 404 Page Not Found: 
ERROR - 2018-05-25 10:49:27 --> 404 Page Not Found: 
ERROR - 2018-05-25 10:49:31 --> Severity: Warning --> Division by zero /home/nkmtein/public_html/fullbasketproperty.com/application/core/Public_Controller.php 47
ERROR - 2018-05-25 12:09:59 --> 404 Page Not Found: 
ERROR - 2018-05-25 12:56:40 --> 404 Page Not Found: 
ERROR - 2018-05-25 13:26:11 --> 404 Page Not Found: 
ERROR - 2018-05-25 13:54:47 --> 404 Page Not Found: 
ERROR - 2018-05-25 13:55:51 --> 404 Page Not Found: 
ERROR - 2018-05-25 16:51:38 --> 404 Page Not Found: 
ERROR - 2018-05-25 16:55:24 --> 404 Page Not Found: 
ERROR - 2018-05-25 16:55:25 --> 404 Page Not Found: 
ERROR - 2018-05-25 16:55:25 --> 404 Page Not Found: 
ERROR - 2018-05-25 16:55:25 --> 404 Page Not Found: 
ERROR - 2018-05-25 16:55:25 --> 404 Page Not Found: 
ERROR - 2018-05-25 17:18:00 --> 404 Page Not Found: 
ERROR - 2018-05-25 17:29:20 --> 404 Page Not Found: 
ERROR - 2018-05-25 18:01:02 --> 404 Page Not Found: 
ERROR - 2018-05-25 18:14:43 --> 404 Page Not Found: 
ERROR - 2018-05-25 18:25:14 --> 404 Page Not Found: 
ERROR - 2018-05-25 18:27:32 --> 404 Page Not Found: 
ERROR - 2018-05-25 18:54:33 --> 404 Page Not Found: 
ERROR - 2018-05-25 20:19:50 --> Query error: You have an error in your SQL syntax; check the manual that corresponds to your MySQL server version for the right syntax to use near '-10, 10' at line 11 - Invalid query: SELECT DISTINCT `p`.*, `c`.`name` as `city_name`, `ps`.`name` as `property_status`, `pt`.`name` as `prop_type`, `b`.`name` as `builder`, `l`.`name` as `location`
FROM `properties` `p`
LEFT JOIN `cities` `c` ON `p`.`city_id` = `c`.`id`
LEFT JOIN `builders` `b` ON `p`.`builder_id` = `b`.`id`
LEFT JOIN `locations` `l` ON `p`.`location_id` = `l`.`id`
LEFT JOIN `property_types` `pt` ON `p`.`property_type_id` = `pt`.`id`
LEFT JOIN `property_status` `ps` ON `p`.`property_status_id` = `ps`.`id`
LEFT JOIN `property_amenities` `pa` ON `pa`.`property_id` = `p`.`id`
WHERE `p`.`status` = 1
ORDER BY `p`.`id` DESC
 LIMIT -10, 10
ERROR - 2018-05-25 20:19:53 --> Query error: You have an error in your SQL syntax; check the manual that corresponds to your MySQL server version for the right syntax to use near '-10, 10' at line 11 - Invalid query: SELECT DISTINCT `p`.*, `c`.`name` as `city_name`, `ps`.`name` as `property_status`, `pt`.`name` as `prop_type`, `b`.`name` as `builder`, `l`.`name` as `location`
FROM `properties` `p`
LEFT JOIN `cities` `c` ON `p`.`city_id` = `c`.`id`
LEFT JOIN `builders` `b` ON `p`.`builder_id` = `b`.`id`
LEFT JOIN `locations` `l` ON `p`.`location_id` = `l`.`id`
LEFT JOIN `property_types` `pt` ON `p`.`property_type_id` = `pt`.`id`
LEFT JOIN `property_status` `ps` ON `p`.`property_status_id` = `ps`.`id`
LEFT JOIN `property_amenities` `pa` ON `pa`.`property_id` = `p`.`id`
WHERE `p`.`status` = 1
ORDER BY `p`.`id` DESC
 LIMIT -10, 10
ERROR - 2018-05-25 20:26:25 --> 404 Page Not Found: 
ERROR - 2018-05-25 21:00:58 --> 404 Page Not Found: 
ERROR - 2018-05-25 21:36:23 --> 404 Page Not Found: 
ERROR - 2018-05-25 22:35:25 --> 404 Page Not Found: 
ERROR - 2018-05-25 23:01:16 --> 404 Page Not Found: 
ERROR - 2018-05-25 23:04:03 --> 404 Page Not Found: 
