ERROR - 2019-01-08 00:05:10 --> 404 Page Not Found: 
ERROR - 2019-01-08 01:17:45 --> 404 Page Not Found: 
ERROR - 2019-01-08 02:02:49 --> 404 Page Not Found: 
ERROR - 2019-01-08 02:04:30 --> 404 Page Not Found: 
ERROR - 2019-01-08 02:41:35 --> 404 Page Not Found: 
ERROR - 2019-01-08 03:11:22 --> 404 Page Not Found: 
ERROR - 2019-01-08 04:07:21 --> 404 Page Not Found: 
ERROR - 2019-01-08 05:37:25 --> 404 Page Not Found: 
ERROR - 2019-01-08 05:46:51 --> 404 Page Not Found: 
ERROR - 2019-01-08 06:30:59 --> 404 Page Not Found: 
ERROR - 2019-01-08 10:03:55 --> Query error: You have an error in your SQL syntax; check the manual that corresponds to your MySQL server version for the right syntax to use near '-10, 10' at line 11 - Invalid query: SELECT DISTINCT `p`.*, `c`.`name` as `city_name`, `ps`.`name` as `property_status`, `pt`.`name` as `prop_type`, `b`.`name` as `builder`, `l`.`name` as `location`
FROM `properties` `p`
LEFT JOIN `cities` `c` ON `p`.`city_id` = `c`.`id`
LEFT JOIN `builders` `b` ON `p`.`builder_id` = `b`.`id`
LEFT JOIN `locations` `l` ON `p`.`location_id` = `l`.`id`
LEFT JOIN `property_types` `pt` ON `p`.`property_type_id` = `pt`.`id`
LEFT JOIN `property_status` `ps` ON `p`.`property_status_id` = `ps`.`id`
LEFT JOIN `property_amenities` `pa` ON `pa`.`property_id` = `p`.`id`
WHERE `p`.`status` = 1
ORDER BY `p`.`id` DESC
 LIMIT -10, 10
ERROR - 2019-01-08 10:03:58 --> Query error: You have an error in your SQL syntax; check the manual that corresponds to your MySQL server version for the right syntax to use near '-10, 10' at line 11 - Invalid query: SELECT DISTINCT `p`.*, `c`.`name` as `city_name`, `ps`.`name` as `property_status`, `pt`.`name` as `prop_type`, `b`.`name` as `builder`, `l`.`name` as `location`
FROM `properties` `p`
LEFT JOIN `cities` `c` ON `p`.`city_id` = `c`.`id`
LEFT JOIN `builders` `b` ON `p`.`builder_id` = `b`.`id`
LEFT JOIN `locations` `l` ON `p`.`location_id` = `l`.`id`
LEFT JOIN `property_types` `pt` ON `p`.`property_type_id` = `pt`.`id`
LEFT JOIN `property_status` `ps` ON `p`.`property_status_id` = `ps`.`id`
LEFT JOIN `property_amenities` `pa` ON `pa`.`property_id` = `p`.`id`
WHERE `p`.`status` = 1
ORDER BY `p`.`id` DESC
 LIMIT -10, 10
ERROR - 2019-01-08 10:04:08 --> Query error: You have an error in your SQL syntax; check the manual that corresponds to your MySQL server version for the right syntax to use near '-10, 10' at line 11 - Invalid query: SELECT DISTINCT `p`.*, `c`.`name` as `city_name`, `ps`.`name` as `property_status`, `pt`.`name` as `prop_type`, `b`.`name` as `builder`, `l`.`name` as `location`
FROM `properties` `p`
LEFT JOIN `cities` `c` ON `p`.`city_id` = `c`.`id`
LEFT JOIN `builders` `b` ON `p`.`builder_id` = `b`.`id`
LEFT JOIN `locations` `l` ON `p`.`location_id` = `l`.`id`
LEFT JOIN `property_types` `pt` ON `p`.`property_type_id` = `pt`.`id`
LEFT JOIN `property_status` `ps` ON `p`.`property_status_id` = `ps`.`id`
LEFT JOIN `property_amenities` `pa` ON `pa`.`property_id` = `p`.`id`
WHERE `p`.`status` = 1
ORDER BY `p`.`id` DESC
 LIMIT -10, 10
ERROR - 2019-01-08 11:15:40 --> 404 Page Not Found: 
ERROR - 2019-01-08 12:00:40 --> 404 Page Not Found: 
ERROR - 2019-01-08 12:01:18 --> 404 Page Not Found: 
ERROR - 2019-01-08 12:01:22 --> Severity: Warning --> Division by zero /home/nkmtein/public_html/fullbasketproperty.com/application/core/Public_Controller.php 47
ERROR - 2019-01-08 12:05:28 --> Severity: Warning --> Division by zero /home/nkmtein/public_html/fullbasketproperty.com/application/core/Public_Controller.php 47
ERROR - 2019-01-08 12:42:40 --> 404 Page Not Found: 
ERROR - 2019-01-08 13:33:53 --> 404 Page Not Found: 
ERROR - 2019-01-08 16:43:03 --> 404 Page Not Found: 
ERROR - 2019-01-08 16:46:29 --> 404 Page Not Found: 
ERROR - 2019-01-08 17:05:39 --> 404 Page Not Found: 
ERROR - 2019-01-08 17:18:29 --> 404 Page Not Found: 
ERROR - 2019-01-08 17:24:25 --> 404 Page Not Found: 
ERROR - 2019-01-08 17:50:07 --> 404 Page Not Found: 
ERROR - 2019-01-08 18:20:00 --> 404 Page Not Found: 
ERROR - 2019-01-08 18:21:55 --> 404 Page Not Found: 
ERROR - 2019-01-08 18:23:01 --> 404 Page Not Found: 
ERROR - 2019-01-08 21:11:27 --> 404 Page Not Found: 
ERROR - 2019-01-08 21:23:17 --> 404 Page Not Found: 
ERROR - 2019-01-08 23:20:30 --> 404 Page Not Found: 
ERROR - 2019-01-08 23:20:44 --> 404 Page Not Found: 
ERROR - 2019-01-08 23:24:14 --> 404 Page Not Found: 
ERROR - 2019-01-08 18:14:58 --> Severity: Warning --> session_start(): Cannot send session cache limiter - headers already sent (output started at /home/nkmtein/public_html/fullbasketproperty.com/application/config/config.php:29) /home/nkmtein/public_html/fullbasketproperty.com/system/libraries/Session/Session.php 143
ERROR - 2019-01-08 18:20:24 --> Severity: Warning --> session_start(): Cannot send session cache limiter - headers already sent (output started at /home/nkmtein/public_html/fullbasketproperty.com/application/config/config.php:28) /home/nkmtein/public_html/fullbasketproperty.com/system/libraries/Session/Session.php 143
ERROR - 2019-01-08 18:20:31 --> Severity: Warning --> session_start(): Cannot send session cache limiter - headers already sent (output started at /home/nkmtein/public_html/fullbasketproperty.com/application/config/config.php:28) /home/nkmtein/public_html/fullbasketproperty.com/system/libraries/Session/Session.php 143
ERROR - 2019-01-08 19:02:50 --> Severity: Error --> Call to undefined function base_url() /home/nkmtein/public_html/fullbasketproperty.com/application/config/routes.php 53
ERROR - 2019-01-08 19:02:53 --> Severity: Error --> Call to undefined function base_url() /home/nkmtein/public_html/fullbasketproperty.com/application/config/routes.php 53
ERROR - 2019-01-08 19:02:58 --> Severity: Error --> Call to undefined function base_url() /home/nkmtein/public_html/fullbasketproperty.com/application/config/routes.php 53
ERROR - 2019-01-08 19:02:59 --> Severity: Error --> Call to undefined function base_url() /home/nkmtein/public_html/fullbasketproperty.com/application/config/routes.php 53
ERROR - 2019-01-08 19:03:02 --> Severity: Error --> Call to undefined function base_url() /home/nkmtein/public_html/fullbasketproperty.com/application/config/routes.php 53
ERROR - 2019-01-08 19:03:06 --> Severity: Error --> Call to undefined function base_url() /home/nkmtein/public_html/fullbasketproperty.com/application/config/routes.php 53
ERROR - 2019-01-08 19:03:10 --> Severity: Error --> Call to undefined function base_url() /home/nkmtein/public_html/fullbasketproperty.com/application/config/routes.php 53
