ERROR - 2018-05-13 00:03:29 --> 404 Page Not Found: 
ERROR - 2018-05-13 02:08:35 --> 404 Page Not Found: 
ERROR - 2018-05-13 02:22:31 --> 404 Page Not Found: 
ERROR - 2018-05-13 03:52:57 --> 404 Page Not Found: 
ERROR - 2018-05-13 06:55:47 --> 404 Page Not Found: 
ERROR - 2018-05-13 11:38:09 --> 404 Page Not Found: 
ERROR - 2018-05-13 13:53:41 --> 404 Page Not Found: 
ERROR - 2018-05-13 14:43:04 --> Query error: You have an error in your SQL syntax; check the manual that corresponds to your MySQL server version for the right syntax to use near '-10, 10' at line 11 - Invalid query: SELECT DISTINCT `p`.*, `c`.`name` as `city_name`, `ps`.`name` as `property_status`, `pt`.`name` as `prop_type`, `b`.`name` as `builder`, `l`.`name` as `location`
FROM `properties` `p`
LEFT JOIN `cities` `c` ON `p`.`city_id` = `c`.`id`
LEFT JOIN `builders` `b` ON `p`.`builder_id` = `b`.`id`
LEFT JOIN `locations` `l` ON `p`.`location_id` = `l`.`id`
LEFT JOIN `property_types` `pt` ON `p`.`property_type_id` = `pt`.`id`
LEFT JOIN `property_status` `ps` ON `p`.`property_status_id` = `ps`.`id`
LEFT JOIN `property_amenities` `pa` ON `pa`.`property_id` = `p`.`id`
WHERE `p`.`status` = 1
ORDER BY `p`.`id` DESC
 LIMIT -10, 10
ERROR - 2018-05-13 14:43:05 --> Query error: You have an error in your SQL syntax; check the manual that corresponds to your MySQL server version for the right syntax to use near '-10, 10' at line 11 - Invalid query: SELECT DISTINCT `p`.*, `c`.`name` as `city_name`, `ps`.`name` as `property_status`, `pt`.`name` as `prop_type`, `b`.`name` as `builder`, `l`.`name` as `location`
FROM `properties` `p`
LEFT JOIN `cities` `c` ON `p`.`city_id` = `c`.`id`
LEFT JOIN `builders` `b` ON `p`.`builder_id` = `b`.`id`
LEFT JOIN `locations` `l` ON `p`.`location_id` = `l`.`id`
LEFT JOIN `property_types` `pt` ON `p`.`property_type_id` = `pt`.`id`
LEFT JOIN `property_status` `ps` ON `p`.`property_status_id` = `ps`.`id`
LEFT JOIN `property_amenities` `pa` ON `pa`.`property_id` = `p`.`id`
WHERE `p`.`status` = 1
ORDER BY `p`.`id` DESC
 LIMIT -10, 10
ERROR - 2018-05-13 15:32:00 --> 404 Page Not Found: 
ERROR - 2018-05-13 16:05:20 --> 404 Page Not Found: 
ERROR - 2018-05-13 16:08:10 --> 404 Page Not Found: 
ERROR - 2018-05-13 20:47:23 --> 404 Page Not Found: 
ERROR - 2018-05-13 21:18:44 --> 404 Page Not Found: 
ERROR - 2018-05-13 22:47:58 --> 404 Page Not Found: 
