ERROR - 2019-07-11 00:03:49 --> 404 Page Not Found: 
ERROR - 2019-07-11 00:50:19 --> 404 Page Not Found: 
ERROR - 2019-07-11 02:28:34 --> 404 Page Not Found: 
ERROR - 2019-07-11 02:36:13 --> 404 Page Not Found: 
ERROR - 2019-07-11 03:26:49 --> 404 Page Not Found: 
ERROR - 2019-07-11 03:40:55 --> 404 Page Not Found: 
ERROR - 2019-07-11 05:04:18 --> 404 Page Not Found: 
ERROR - 2019-07-11 06:09:30 --> 404 Page Not Found: 
ERROR - 2019-07-11 06:35:41 --> 404 Page Not Found: 
ERROR - 2019-07-11 06:44:28 --> 404 Page Not Found: 
ERROR - 2019-07-11 06:52:02 --> 404 Page Not Found: 
ERROR - 2019-07-11 08:08:44 --> 404 Page Not Found: 
ERROR - 2019-07-11 08:09:30 --> 404 Page Not Found: 
ERROR - 2019-07-11 10:07:57 --> 404 Page Not Found: 
ERROR - 2019-07-11 10:08:22 --> 404 Page Not Found: 
ERROR - 2019-07-11 10:22:08 --> 404 Page Not Found: 
ERROR - 2019-07-11 10:31:30 --> 404 Page Not Found: 
ERROR - 2019-07-11 10:31:31 --> 404 Page Not Found: 
ERROR - 2019-07-11 10:52:41 --> 404 Page Not Found: 
ERROR - 2019-07-11 11:26:30 --> 404 Page Not Found: 
ERROR - 2019-07-11 11:45:05 --> 404 Page Not Found: 
ERROR - 2019-07-11 12:02:35 --> 404 Page Not Found: 
ERROR - 2019-07-11 12:07:26 --> 404 Page Not Found: 
ERROR - 2019-07-11 12:07:30 --> 404 Page Not Found: 
ERROR - 2019-07-11 12:07:53 --> 404 Page Not Found: 
ERROR - 2019-07-11 12:08:41 --> 404 Page Not Found: 
ERROR - 2019-07-11 12:09:05 --> 404 Page Not Found: 
ERROR - 2019-07-11 12:11:31 --> 404 Page Not Found: 
ERROR - 2019-07-11 12:12:12 --> 404 Page Not Found: 
ERROR - 2019-07-11 12:13:20 --> 404 Page Not Found: 
ERROR - 2019-07-11 12:14:02 --> 404 Page Not Found: 
ERROR - 2019-07-11 12:14:49 --> 404 Page Not Found: 
ERROR - 2019-07-11 12:15:36 --> 404 Page Not Found: 
ERROR - 2019-07-11 12:23:47 --> 404 Page Not Found: 
ERROR - 2019-07-11 12:24:40 --> 404 Page Not Found: 
ERROR - 2019-07-11 12:25:29 --> 404 Page Not Found: 
ERROR - 2019-07-11 12:26:30 --> 404 Page Not Found: 
ERROR - 2019-07-11 12:27:41 --> 404 Page Not Found: 
ERROR - 2019-07-11 12:29:53 --> 404 Page Not Found: 
ERROR - 2019-07-11 12:33:22 --> 404 Page Not Found: 
ERROR - 2019-07-11 12:36:50 --> 404 Page Not Found: 
ERROR - 2019-07-11 12:37:04 --> 404 Page Not Found: 
ERROR - 2019-07-11 12:37:11 --> 404 Page Not Found: 
ERROR - 2019-07-11 12:37:22 --> 404 Page Not Found: 
ERROR - 2019-07-11 12:37:33 --> 404 Page Not Found: 
ERROR - 2019-07-11 12:38:39 --> 404 Page Not Found: 
ERROR - 2019-07-11 12:38:45 --> 404 Page Not Found: 
ERROR - 2019-07-11 12:42:07 --> Severity: Parsing Error --> syntax error, unexpected '?>' /home/fullbasketproper/public_html/application/views/header.php 81
ERROR - 2019-07-11 12:42:15 --> Severity: Parsing Error --> syntax error, unexpected '?>' /home/fullbasketproper/public_html/application/views/header.php 81
ERROR - 2019-07-11 12:42:28 --> 404 Page Not Found: 
ERROR - 2019-07-11 12:42:52 --> 404 Page Not Found: 
ERROR - 2019-07-11 12:43:58 --> 404 Page Not Found: 
ERROR - 2019-07-11 12:44:05 --> 404 Page Not Found: 
ERROR - 2019-07-11 12:44:10 --> 404 Page Not Found: 
ERROR - 2019-07-11 12:45:44 --> 404 Page Not Found: 
ERROR - 2019-07-11 12:45:54 --> 404 Page Not Found: 
ERROR - 2019-07-11 12:48:08 --> 404 Page Not Found: 
ERROR - 2019-07-11 12:55:41 --> 404 Page Not Found: 
ERROR - 2019-07-11 12:56:19 --> 404 Page Not Found: 
ERROR - 2019-07-11 12:56:24 --> 404 Page Not Found: 
ERROR - 2019-07-11 13:10:24 --> 404 Page Not Found: 
ERROR - 2019-07-11 13:10:35 --> 404 Page Not Found: 
ERROR - 2019-07-11 13:11:09 --> 404 Page Not Found: 
ERROR - 2019-07-11 13:11:23 --> 404 Page Not Found: 
ERROR - 2019-07-11 13:25:39 --> 404 Page Not Found: 
ERROR - 2019-07-11 13:30:30 --> 404 Page Not Found: 
ERROR - 2019-07-11 13:30:45 --> 404 Page Not Found: 
ERROR - 2019-07-11 13:32:41 --> 404 Page Not Found: 
ERROR - 2019-07-11 13:32:51 --> 404 Page Not Found: 
ERROR - 2019-07-11 13:32:59 --> 404 Page Not Found: 
ERROR - 2019-07-11 13:50:00 --> 404 Page Not Found: 
ERROR - 2019-07-11 13:50:13 --> 404 Page Not Found: 
ERROR - 2019-07-11 13:56:43 --> 404 Page Not Found: 
ERROR - 2019-07-11 14:04:40 --> 404 Page Not Found: 
ERROR - 2019-07-11 14:10:11 --> 404 Page Not Found: 
ERROR - 2019-07-11 14:12:25 --> 404 Page Not Found: 
ERROR - 2019-07-11 14:13:57 --> 404 Page Not Found: 
ERROR - 2019-07-11 14:14:40 --> 404 Page Not Found: 
ERROR - 2019-07-11 14:15:36 --> 404 Page Not Found: 
ERROR - 2019-07-11 14:16:06 --> 404 Page Not Found: 
ERROR - 2019-07-11 14:16:11 --> 404 Page Not Found: 
ERROR - 2019-07-11 14:16:59 --> 404 Page Not Found: 
ERROR - 2019-07-11 14:20:19 --> 404 Page Not Found: 
ERROR - 2019-07-11 14:21:45 --> 404 Page Not Found: 
ERROR - 2019-07-11 14:22:02 --> Severity: Warning --> Illegal string offset 'keyword' /home/fullbasketproper/public_html/application/views/listing.php 185
ERROR - 2019-07-11 14:22:33 --> 404 Page Not Found: 
ERROR - 2019-07-11 14:36:02 --> 404 Page Not Found: 
ERROR - 2019-07-11 14:36:10 --> Severity: Warning --> Illegal string offset 'keyword' /home/fullbasketproper/public_html/application/views/listing.php 185
ERROR - 2019-07-11 14:36:15 --> 404 Page Not Found: 
ERROR - 2019-07-11 14:44:26 --> Severity: Warning --> Illegal string offset 'keyword' /home/fullbasketproper/public_html/application/views/listing.php 185
ERROR - 2019-07-11 14:46:38 --> 404 Page Not Found: 
ERROR - 2019-07-11 15:07:25 --> 404 Page Not Found: 
ERROR - 2019-07-11 15:08:34 --> 404 Page Not Found: 
ERROR - 2019-07-11 15:09:21 --> 404 Page Not Found: 
ERROR - 2019-07-11 15:09:36 --> 404 Page Not Found: 
ERROR - 2019-07-11 15:10:54 --> 404 Page Not Found: 
ERROR - 2019-07-11 15:11:29 --> 404 Page Not Found: 
ERROR - 2019-07-11 15:12:14 --> 404 Page Not Found: 
ERROR - 2019-07-11 15:12:20 --> Severity: Warning --> Illegal string offset 'keyword' /home/fullbasketproper/public_html/application/views/listing.php 185
ERROR - 2019-07-11 15:12:33 --> Severity: Warning --> Illegal string offset 'keyword' /home/fullbasketproper/public_html/application/views/listing.php 185
ERROR - 2019-07-11 15:13:48 --> 404 Page Not Found: 
ERROR - 2019-07-11 15:13:51 --> Severity: Warning --> Illegal string offset 'keyword' /home/fullbasketproper/public_html/application/views/listing.php 185
ERROR - 2019-07-11 15:14:11 --> 404 Page Not Found: 
ERROR - 2019-07-11 15:14:15 --> Severity: Warning --> Illegal string offset 'keyword' /home/fullbasketproper/public_html/application/views/listing.php 185
ERROR - 2019-07-11 15:14:18 --> Severity: Warning --> Illegal string offset 'keyword' /home/fullbasketproper/public_html/application/views/listing.php 185
ERROR - 2019-07-11 15:14:20 --> Severity: Warning --> Illegal string offset 'keyword' /home/fullbasketproper/public_html/application/views/listing.php 185
ERROR - 2019-07-11 15:14:23 --> Severity: Warning --> Illegal string offset 'keyword' /home/fullbasketproper/public_html/application/views/listing.php 185
ERROR - 2019-07-11 15:14:25 --> Severity: Warning --> Illegal string offset 'keyword' /home/fullbasketproper/public_html/application/views/listing.php 185
ERROR - 2019-07-11 15:14:28 --> Severity: Warning --> Illegal string offset 'keyword' /home/fullbasketproper/public_html/application/views/listing.php 185
ERROR - 2019-07-11 15:14:30 --> Severity: Warning --> Illegal string offset 'keyword' /home/fullbasketproper/public_html/application/views/listing.php 185
ERROR - 2019-07-11 15:14:33 --> 404 Page Not Found: 
ERROR - 2019-07-11 15:14:36 --> 404 Page Not Found: 
ERROR - 2019-07-11 15:14:37 --> 404 Page Not Found: 
ERROR - 2019-07-11 15:14:42 --> Severity: Warning --> Illegal string offset 'keyword' /home/fullbasketproper/public_html/application/views/listing.php 185
ERROR - 2019-07-11 15:15:33 --> Severity: Warning --> Illegal string offset 'keyword' /home/fullbasketproper/public_html/application/views/listing.php 185
ERROR - 2019-07-11 15:16:30 --> 404 Page Not Found: 
ERROR - 2019-07-11 15:16:34 --> Severity: Warning --> Illegal string offset 'keyword' /home/fullbasketproper/public_html/application/views/listing.php 185
ERROR - 2019-07-11 15:17:25 --> 404 Page Not Found: 
ERROR - 2019-07-11 15:17:27 --> Severity: Warning --> Illegal string offset 'keyword' /home/fullbasketproper/public_html/application/views/listing.php 185
ERROR - 2019-07-11 15:19:11 --> 404 Page Not Found: 
ERROR - 2019-07-11 15:19:14 --> Severity: Warning --> Illegal string offset 'keyword' /home/fullbasketproper/public_html/application/views/listing.php 185
ERROR - 2019-07-11 15:19:30 --> 404 Page Not Found: 
ERROR - 2019-07-11 15:19:33 --> Severity: Warning --> Illegal string offset 'keyword' /home/fullbasketproper/public_html/application/views/listing.php 185
ERROR - 2019-07-11 15:21:40 --> 404 Page Not Found: 
ERROR - 2019-07-11 15:23:09 --> 404 Page Not Found: 
ERROR - 2019-07-11 15:25:50 --> Severity: Warning --> Illegal string offset 'keyword' /home/fullbasketproper/public_html/application/views/listing.php 185
ERROR - 2019-07-11 15:31:13 --> 404 Page Not Found: 
ERROR - 2019-07-11 15:33:13 --> 404 Page Not Found: 
ERROR - 2019-07-11 15:33:39 --> Severity: Warning --> Illegal string offset 'keyword' /home/fullbasketproper/public_html/application/views/listing.php 186
ERROR - 2019-07-11 15:34:01 --> 404 Page Not Found: 
ERROR - 2019-07-11 15:34:06 --> Severity: Warning --> Illegal string offset 'keyword' /home/fullbasketproper/public_html/application/views/listing.php 186
ERROR - 2019-07-11 15:36:27 --> Severity: Warning --> Illegal string offset 'keyword' /home/fullbasketproper/public_html/application/views/listing.php 186
ERROR - 2019-07-11 15:36:37 --> Severity: Warning --> Illegal string offset 'keyword' /home/fullbasketproper/public_html/application/views/listing.php 186
ERROR - 2019-07-11 15:40:22 --> Severity: Warning --> Illegal string offset 'keyword' /home/fullbasketproper/public_html/application/views/listing.php 186
ERROR - 2019-07-11 15:42:57 --> 404 Page Not Found: 
ERROR - 2019-07-11 15:42:58 --> 404 Page Not Found: 
ERROR - 2019-07-11 15:47:34 --> 404 Page Not Found: 
ERROR - 2019-07-11 15:52:52 --> 404 Page Not Found: 
ERROR - 2019-07-11 15:56:39 --> 404 Page Not Found: 
ERROR - 2019-07-11 15:57:19 --> 404 Page Not Found: 
ERROR - 2019-07-11 15:57:50 --> Severity: Warning --> Illegal string offset 'keyword' /home/fullbasketproper/public_html/application/views/listing.php 186
ERROR - 2019-07-11 15:58:24 --> Severity: 4096 --> Object of class CI_Email could not be converted to string /home/fullbasketproper/public_html/application/controllers/Home.php 429
ERROR - 2019-07-11 15:59:02 --> 404 Page Not Found: 
ERROR - 2019-07-11 15:59:41 --> Severity: Warning --> Illegal string offset 'keyword' /home/fullbasketproper/public_html/application/views/listing.php 186
ERROR - 2019-07-11 16:00:16 --> 404 Page Not Found: 
ERROR - 2019-07-11 16:00:17 --> 404 Page Not Found: 
ERROR - 2019-07-11 16:01:02 --> 404 Page Not Found: 
ERROR - 2019-07-11 16:01:04 --> Severity: Warning --> Illegal string offset 'keyword' /home/fullbasketproper/public_html/application/views/listing.php 186
ERROR - 2019-07-11 16:01:06 --> Severity: Warning --> Illegal string offset 'keyword' /home/fullbasketproper/public_html/application/views/listing.php 186
ERROR - 2019-07-11 16:01:23 --> Severity: Warning --> Illegal string offset 'keyword' /home/fullbasketproper/public_html/application/views/listing.php 186
ERROR - 2019-07-11 16:01:24 --> Severity: Warning --> Illegal string offset 'keyword' /home/fullbasketproper/public_html/application/views/listing.php 186
ERROR - 2019-07-11 16:01:24 --> Severity: Warning --> Illegal string offset 'keyword' /home/fullbasketproper/public_html/application/views/listing.php 186
ERROR - 2019-07-11 16:01:26 --> Severity: Warning --> Illegal string offset 'keyword' /home/fullbasketproper/public_html/application/views/listing.php 186
ERROR - 2019-07-11 16:01:54 --> 404 Page Not Found: 
ERROR - 2019-07-11 16:01:58 --> 404 Page Not Found: 
ERROR - 2019-07-11 16:02:06 --> 404 Page Not Found: 
ERROR - 2019-07-11 16:02:09 --> Severity: Warning --> Illegal string offset 'keyword' /home/fullbasketproper/public_html/application/views/listing.php 186
ERROR - 2019-07-11 16:03:45 --> 404 Page Not Found: 
ERROR - 2019-07-11 16:04:45 --> Severity: Warning --> Illegal string offset 'keyword' /home/fullbasketproper/public_html/application/views/listing.php 186
ERROR - 2019-07-11 16:04:51 --> Severity: Warning --> Illegal string offset 'keyword' /home/fullbasketproper/public_html/application/views/listing.php 186
ERROR - 2019-07-11 16:04:58 --> 404 Page Not Found: 
ERROR - 2019-07-11 16:05:28 --> Severity: Warning --> Illegal string offset 'keyword' /home/fullbasketproper/public_html/application/views/listing.php 186
ERROR - 2019-07-11 16:05:32 --> Severity: Warning --> Illegal string offset 'keyword' /home/fullbasketproper/public_html/application/views/listing.php 186
ERROR - 2019-07-11 16:05:35 --> Severity: Warning --> Illegal string offset 'keyword' /home/fullbasketproper/public_html/application/views/listing.php 186
ERROR - 2019-07-11 16:05:38 --> Severity: Warning --> Illegal string offset 'keyword' /home/fullbasketproper/public_html/application/views/listing.php 186
ERROR - 2019-07-11 16:05:39 --> 404 Page Not Found: 
ERROR - 2019-07-11 16:05:53 --> 404 Page Not Found: 
ERROR - 2019-07-11 16:06:37 --> 404 Page Not Found: 
ERROR - 2019-07-11 16:06:44 --> 404 Page Not Found: 
ERROR - 2019-07-11 16:06:50 --> 404 Page Not Found: 
ERROR - 2019-07-11 16:07:05 --> 404 Page Not Found: 
ERROR - 2019-07-11 10:37:11 --> Severity: Warning --> Missing argument 1 for HAuth::login() /home/fullbasketproper/public_html/application/controllers/Hauth.php 29
ERROR - 2019-07-11 10:37:11 --> controllers.HAuth.login: This provider is not enabled ()
ERROR - 2019-07-11 10:37:11 --> 404 Page Not Found: /hauth/login
ERROR - 2019-07-11 16:07:29 --> 404 Page Not Found: 
ERROR - 2019-07-11 16:08:56 --> 404 Page Not Found: 
ERROR - 2019-07-11 16:08:57 --> 404 Page Not Found: 
ERROR - 2019-07-11 16:10:39 --> 404 Page Not Found: 
ERROR - 2019-07-11 16:12:41 --> 404 Page Not Found: 
ERROR - 2019-07-11 16:15:36 --> 404 Page Not Found: 
ERROR - 2019-07-11 16:15:54 --> 404 Page Not Found: 
ERROR - 2019-07-11 16:16:11 --> 404 Page Not Found: 
ERROR - 2019-07-11 16:19:12 --> Severity: Warning --> Illegal string offset 'keyword' /home/fullbasketproper/public_html/application/views/listing.php 186
ERROR - 2019-07-11 16:20:28 --> 404 Page Not Found: 
ERROR - 2019-07-11 16:25:25 --> 404 Page Not Found: 
ERROR - 2019-07-11 16:25:31 --> 404 Page Not Found: 
ERROR - 2019-07-11 16:25:38 --> 404 Page Not Found: 
ERROR - 2019-07-11 16:26:04 --> 404 Page Not Found: 
ERROR - 2019-07-11 16:26:06 --> 404 Page Not Found: 
ERROR - 2019-07-11 16:26:16 --> 404 Page Not Found: 
ERROR - 2019-07-11 16:26:43 --> 404 Page Not Found: 
ERROR - 2019-07-11 16:27:37 --> 404 Page Not Found: 
ERROR - 2019-07-11 16:27:55 --> 404 Page Not Found: 
ERROR - 2019-07-11 16:28:51 --> 404 Page Not Found: 
ERROR - 2019-07-11 16:29:11 --> 404 Page Not Found: 
ERROR - 2019-07-11 16:30:01 --> 404 Page Not Found: 
ERROR - 2019-07-11 16:30:23 --> Severity: Warning --> Illegal string offset 'keyword' /home/fullbasketproper/public_html/application/views/listing.php 186
ERROR - 2019-07-11 16:30:25 --> 404 Page Not Found: 
ERROR - 2019-07-11 16:31:01 --> 404 Page Not Found: 
ERROR - 2019-07-11 16:31:01 --> 404 Page Not Found: 
ERROR - 2019-07-11 16:31:01 --> 404 Page Not Found: 
ERROR - 2019-07-11 16:31:01 --> 404 Page Not Found: 
ERROR - 2019-07-11 16:31:01 --> 404 Page Not Found: 
ERROR - 2019-07-11 16:31:01 --> 404 Page Not Found: 
ERROR - 2019-07-11 16:31:01 --> 404 Page Not Found: 
ERROR - 2019-07-11 16:31:01 --> 404 Page Not Found: 
ERROR - 2019-07-11 16:31:01 --> 404 Page Not Found: 
ERROR - 2019-07-11 16:31:01 --> 404 Page Not Found: 
ERROR - 2019-07-11 16:31:01 --> 404 Page Not Found: 
ERROR - 2019-07-11 16:31:05 --> 404 Page Not Found: 
ERROR - 2019-07-11 16:31:05 --> 404 Page Not Found: 
ERROR - 2019-07-11 16:31:05 --> 404 Page Not Found: 
ERROR - 2019-07-11 16:31:05 --> 404 Page Not Found: 
ERROR - 2019-07-11 16:31:05 --> 404 Page Not Found: 
ERROR - 2019-07-11 16:31:05 --> 404 Page Not Found: 
ERROR - 2019-07-11 16:31:05 --> 404 Page Not Found: 
ERROR - 2019-07-11 16:31:05 --> 404 Page Not Found: 
ERROR - 2019-07-11 16:31:06 --> 404 Page Not Found: 
ERROR - 2019-07-11 16:31:06 --> 404 Page Not Found: 
ERROR - 2019-07-11 16:31:06 --> 404 Page Not Found: 
ERROR - 2019-07-11 16:32:44 --> 404 Page Not Found: 
ERROR - 2019-07-11 16:32:45 --> 404 Page Not Found: 
ERROR - 2019-07-11 16:32:45 --> 404 Page Not Found: 
ERROR - 2019-07-11 16:32:45 --> 404 Page Not Found: 
ERROR - 2019-07-11 16:32:45 --> 404 Page Not Found: 
ERROR - 2019-07-11 16:32:45 --> 404 Page Not Found: 
ERROR - 2019-07-11 16:32:45 --> 404 Page Not Found: 
ERROR - 2019-07-11 16:32:45 --> 404 Page Not Found: 
ERROR - 2019-07-11 16:32:45 --> 404 Page Not Found: 
ERROR - 2019-07-11 16:32:45 --> 404 Page Not Found: 
ERROR - 2019-07-11 16:32:45 --> 404 Page Not Found: 
ERROR - 2019-07-11 16:33:32 --> Severity: 4096 --> Object of class CI_Email could not be converted to string /home/fullbasketproper/public_html/application/controllers/Home.php 429
ERROR - 2019-07-11 11:04:11 --> Severity: Parsing Error --> syntax error, unexpected '=' /home/fullbasketproper/public_html/application/controllers/admin/Locations.php 57
ERROR - 2019-07-11 11:04:14 --> Severity: Parsing Error --> syntax error, unexpected '=' /home/fullbasketproper/public_html/application/controllers/admin/Locations.php 57
ERROR - 2019-07-11 16:34:14 --> 404 Page Not Found: 
ERROR - 2019-07-11 11:04:17 --> Severity: Parsing Error --> syntax error, unexpected '=' /home/fullbasketproper/public_html/application/controllers/admin/Locations.php 57
ERROR - 2019-07-11 11:08:54 --> Severity: Parsing Error --> syntax error, unexpected '=' /home/fullbasketproper/public_html/application/controllers/admin/Locations.php 58
ERROR - 2019-07-11 16:39:55 --> 404 Page Not Found: 
ERROR - 2019-07-11 16:41:57 --> 404 Page Not Found: 
ERROR - 2019-07-11 16:43:08 --> 404 Page Not Found: 
ERROR - 2019-07-11 16:43:53 --> Severity: Warning --> Illegal string offset 'keyword' /home/fullbasketproper/public_html/application/views/listing.php 186
ERROR - 2019-07-11 16:44:27 --> 404 Page Not Found: 
ERROR - 2019-07-11 16:46:38 --> 404 Page Not Found: 
ERROR - 2019-07-11 16:48:52 --> 404 Page Not Found: 
ERROR - 2019-07-11 16:49:33 --> 404 Page Not Found: 
ERROR - 2019-07-11 16:49:46 --> 404 Page Not Found: 
ERROR - 2019-07-11 16:49:47 --> 404 Page Not Found: 
ERROR - 2019-07-11 16:50:41 --> 404 Page Not Found: 
ERROR - 2019-07-11 16:51:03 --> 404 Page Not Found: 
ERROR - 2019-07-11 16:52:30 --> 404 Page Not Found: 
ERROR - 2019-07-11 16:56:06 --> 404 Page Not Found: 
ERROR - 2019-07-11 16:58:55 --> 404 Page Not Found: 
ERROR - 2019-07-11 17:00:12 --> 404 Page Not Found: 
ERROR - 2019-07-11 17:00:25 --> 404 Page Not Found: 
ERROR - 2019-07-11 17:05:25 --> Language file contains no data: language/english/achievements_lang.php
ERROR - 2019-07-11 17:05:25 --> Could not find the language line "achievements title achievements"
ERROR - 2019-07-11 17:06:02 --> 404 Page Not Found: 
ERROR - 2019-07-11 17:09:18 --> Severity: Warning --> Illegal string offset 'keyword' /home/fullbasketproper/public_html/application/views/listing.php 186
ERROR - 2019-07-11 17:09:23 --> Severity: Warning --> Illegal string offset 'keyword' /home/fullbasketproper/public_html/application/views/listing.php 186
ERROR - 2019-07-11 17:12:42 --> 404 Page Not Found: 
ERROR - 2019-07-11 17:12:43 --> 404 Page Not Found: 
ERROR - 2019-07-11 17:12:43 --> 404 Page Not Found: 
ERROR - 2019-07-11 17:12:43 --> 404 Page Not Found: 
ERROR - 2019-07-11 17:12:43 --> 404 Page Not Found: 
ERROR - 2019-07-11 17:12:43 --> 404 Page Not Found: 
ERROR - 2019-07-11 17:12:43 --> 404 Page Not Found: 
ERROR - 2019-07-11 17:12:43 --> 404 Page Not Found: 
ERROR - 2019-07-11 17:12:43 --> 404 Page Not Found: 
ERROR - 2019-07-11 17:12:44 --> 404 Page Not Found: 
ERROR - 2019-07-11 17:12:44 --> 404 Page Not Found: 
ERROR - 2019-07-11 17:14:45 --> 404 Page Not Found: 
ERROR - 2019-07-11 17:16:38 --> 404 Page Not Found: 
ERROR - 2019-07-11 17:17:17 --> 404 Page Not Found: 
ERROR - 2019-07-11 17:18:44 --> 404 Page Not Found: 
ERROR - 2019-07-11 17:22:20 --> Severity: Warning --> Illegal string offset 'keyword' /home/fullbasketproper/public_html/application/views/listing.php 186
ERROR - 2019-07-11 17:23:29 --> 404 Page Not Found: 
ERROR - 2019-07-11 17:23:30 --> 404 Page Not Found: 
ERROR - 2019-07-11 17:23:43 --> Severity: Warning --> Illegal string offset 'keyword' /home/fullbasketproper/public_html/application/views/listing.php 186
ERROR - 2019-07-11 17:25:54 --> Severity: Warning --> Illegal string offset 'keyword' /home/fullbasketproper/public_html/application/views/listing.php 186
ERROR - 2019-07-11 17:27:22 --> 404 Page Not Found: 
ERROR - 2019-07-11 17:27:45 --> 404 Page Not Found: 
ERROR - 2019-07-11 17:27:59 --> 404 Page Not Found: 
ERROR - 2019-07-11 17:32:17 --> 404 Page Not Found: 
ERROR - 2019-07-11 17:33:16 --> Severity: Warning --> Illegal string offset 'keyword' /home/fullbasketproper/public_html/application/views/listing.php 186
ERROR - 2019-07-11 17:35:36 --> 404 Page Not Found: 
ERROR - 2019-07-11 17:37:05 --> 404 Page Not Found: 
ERROR - 2019-07-11 17:37:21 --> 404 Page Not Found: 
ERROR - 2019-07-11 17:43:37 --> 404 Page Not Found: 
ERROR - 2019-07-11 17:48:13 --> 404 Page Not Found: 
ERROR - 2019-07-11 17:52:55 --> 404 Page Not Found: 
ERROR - 2019-07-11 17:56:17 --> Severity: Warning --> Illegal string offset 'keyword' /home/fullbasketproper/public_html/application/views/listing.php 186
ERROR - 2019-07-11 17:56:35 --> Severity: Warning --> Illegal string offset 'keyword' /home/fullbasketproper/public_html/application/views/listing.php 186
ERROR - 2019-07-11 17:57:05 --> Severity: Warning --> Illegal string offset 'keyword' /home/fullbasketproper/public_html/application/views/listing.php 186
ERROR - 2019-07-11 17:57:51 --> Severity: Warning --> Illegal string offset 'keyword' /home/fullbasketproper/public_html/application/views/listing.php 186
ERROR - 2019-07-11 17:58:35 --> 404 Page Not Found: 
ERROR - 2019-07-11 18:00:12 --> 404 Page Not Found: 
ERROR - 2019-07-11 18:00:13 --> 404 Page Not Found: 
ERROR - 2019-07-11 18:00:20 --> Severity: Warning --> Illegal string offset 'keyword' /home/fullbasketproper/public_html/application/views/listing.php 186
ERROR - 2019-07-11 18:00:35 --> 404 Page Not Found: 
ERROR - 2019-07-11 18:00:35 --> 404 Page Not Found: 
ERROR - 2019-07-11 18:00:44 --> 404 Page Not Found: 
ERROR - 2019-07-11 18:00:49 --> 404 Page Not Found: 
ERROR - 2019-07-11 18:00:49 --> 404 Page Not Found: 
ERROR - 2019-07-11 18:00:49 --> 404 Page Not Found: 
ERROR - 2019-07-11 18:00:49 --> 404 Page Not Found: 
ERROR - 2019-07-11 18:00:49 --> 404 Page Not Found: 
ERROR - 2019-07-11 18:00:49 --> 404 Page Not Found: 
ERROR - 2019-07-11 18:00:49 --> 404 Page Not Found: 
ERROR - 2019-07-11 18:00:50 --> 404 Page Not Found: 
ERROR - 2019-07-11 18:00:50 --> 404 Page Not Found: 
ERROR - 2019-07-11 18:00:50 --> 404 Page Not Found: 
ERROR - 2019-07-11 18:00:50 --> 404 Page Not Found: 
ERROR - 2019-07-11 18:02:35 --> 404 Page Not Found: 
ERROR - 2019-07-11 18:04:12 --> 404 Page Not Found: 
ERROR - 2019-07-11 18:04:28 --> 404 Page Not Found: 
ERROR - 2019-07-11 18:04:35 --> 404 Page Not Found: 
ERROR - 2019-07-11 18:04:52 --> 404 Page Not Found: 
ERROR - 2019-07-11 18:08:59 --> 404 Page Not Found: 
ERROR - 2019-07-11 18:10:17 --> 404 Page Not Found: 
ERROR - 2019-07-11 18:10:27 --> 404 Page Not Found: 
ERROR - 2019-07-11 18:10:35 --> 404 Page Not Found: 
ERROR - 2019-07-11 18:11:10 --> 404 Page Not Found: 
ERROR - 2019-07-11 18:11:15 --> 404 Page Not Found: 
ERROR - 2019-07-11 18:11:42 --> 404 Page Not Found: 
ERROR - 2019-07-11 18:12:06 --> 404 Page Not Found: 
ERROR - 2019-07-11 18:12:17 --> 404 Page Not Found: 
ERROR - 2019-07-11 18:12:22 --> 404 Page Not Found: 
ERROR - 2019-07-11 18:18:06 --> 404 Page Not Found: 
ERROR - 2019-07-11 18:19:38 --> Severity: Warning --> Division by zero /home/fullbasketproper/public_html/application/core/Public_Controller.php 47
ERROR - 2019-07-11 18:20:43 --> Severity: Warning --> Illegal string offset 'keyword' /home/fullbasketproper/public_html/application/views/listing.php 186
ERROR - 2019-07-11 18:20:57 --> Severity: Warning --> Division by zero /home/fullbasketproper/public_html/application/core/Public_Controller.php 47
ERROR - 2019-07-11 18:22:55 --> Severity: Warning --> Division by zero /home/fullbasketproper/public_html/application/core/Public_Controller.php 47
ERROR - 2019-07-11 18:29:42 --> 404 Page Not Found: 
ERROR - 2019-07-11 18:29:44 --> 404 Page Not Found: 
ERROR - 2019-07-11 18:35:30 --> Severity: Warning --> Division by zero /home/fullbasketproper/public_html/application/core/Public_Controller.php 47
ERROR - 2019-07-11 18:35:36 --> Severity: Warning --> Division by zero /home/fullbasketproper/public_html/application/core/Public_Controller.php 47
ERROR - 2019-07-11 18:35:41 --> Severity: Warning --> Division by zero /home/fullbasketproper/public_html/application/core/Public_Controller.php 47
ERROR - 2019-07-11 18:36:00 --> Severity: Warning --> Division by zero /home/fullbasketproper/public_html/application/core/Public_Controller.php 47
ERROR - 2019-07-11 18:36:09 --> Severity: Warning --> Division by zero /home/fullbasketproper/public_html/application/core/Public_Controller.php 47
ERROR - 2019-07-11 18:36:25 --> Severity: Warning --> Division by zero /home/fullbasketproper/public_html/application/core/Public_Controller.php 47
ERROR - 2019-07-11 18:36:37 --> Severity: Warning --> Division by zero /home/fullbasketproper/public_html/application/core/Public_Controller.php 47
ERROR - 2019-07-11 18:37:43 --> Severity: Warning --> Division by zero /home/fullbasketproper/public_html/application/core/Public_Controller.php 47
ERROR - 2019-07-11 18:38:52 --> 404 Page Not Found: 
ERROR - 2019-07-11 18:39:46 --> 404 Page Not Found: 
ERROR - 2019-07-11 18:40:20 --> 404 Page Not Found: 
ERROR - 2019-07-11 18:40:40 --> 404 Page Not Found: 
ERROR - 2019-07-11 18:42:43 --> 404 Page Not Found: 
ERROR - 2019-07-11 18:44:16 --> Severity: Warning --> Illegal string offset 'keyword' /home/fullbasketproper/public_html/application/views/listing.php 186
ERROR - 2019-07-11 18:44:20 --> 404 Page Not Found: 
ERROR - 2019-07-11 18:44:20 --> 404 Page Not Found: 
ERROR - 2019-07-11 18:44:20 --> 404 Page Not Found: 
ERROR - 2019-07-11 18:44:20 --> 404 Page Not Found: 
ERROR - 2019-07-11 18:44:21 --> 404 Page Not Found: 
ERROR - 2019-07-11 18:44:21 --> 404 Page Not Found: 
ERROR - 2019-07-11 18:44:21 --> 404 Page Not Found: 
ERROR - 2019-07-11 18:44:21 --> 404 Page Not Found: 
ERROR - 2019-07-11 18:44:21 --> 404 Page Not Found: 
ERROR - 2019-07-11 18:44:21 --> 404 Page Not Found: 
ERROR - 2019-07-11 18:44:21 --> 404 Page Not Found: 
ERROR - 2019-07-11 18:47:43 --> 404 Page Not Found: 
ERROR - 2019-07-11 18:54:04 --> 404 Page Not Found: 
ERROR - 2019-07-11 19:03:54 --> 404 Page Not Found: 
ERROR - 2019-07-11 19:38:18 --> Severity: Warning --> Illegal string offset 'keyword' /home/fullbasketproper/public_html/application/views/listing.php 186
ERROR - 2019-07-11 19:46:18 --> 404 Page Not Found: 
ERROR - 2019-07-11 20:02:43 --> 404 Page Not Found: 
ERROR - 2019-07-11 20:11:13 --> Severity: Warning --> Illegal string offset 'keyword' /home/fullbasketproper/public_html/application/views/listing.php 186
ERROR - 2019-07-11 21:03:54 --> Severity: Warning --> Illegal string offset 'keyword' /home/fullbasketproper/public_html/application/views/listing.php 186
ERROR - 2019-07-11 21:03:57 --> Severity: Warning --> Illegal string offset 'keyword' /home/fullbasketproper/public_html/application/views/listing.php 186
ERROR - 2019-07-11 21:04:04 --> Severity: Warning --> Illegal string offset 'keyword' /home/fullbasketproper/public_html/application/views/listing.php 186
ERROR - 2019-07-11 21:40:37 --> 404 Page Not Found: 
ERROR - 2019-07-11 22:43:17 --> 404 Page Not Found: 
ERROR - 2019-07-11 22:53:49 --> 404 Page Not Found: 
ERROR - 2019-07-11 23:01:50 --> 404 Page Not Found: 
ERROR - 2019-07-11 23:02:16 --> Severity: Warning --> Illegal string offset 'keyword' /home/fullbasketproper/public_html/application/views/listing.php 186
ERROR - 2019-07-11 23:02:37 --> Severity: Warning --> Illegal string offset 'keyword' /home/fullbasketproper/public_html/application/views/listing.php 186
ERROR - 2019-07-11 23:03:01 --> 404 Page Not Found: 
ERROR - 2019-07-11 23:03:04 --> 404 Page Not Found: 
ERROR - 2019-07-11 23:03:50 --> 404 Page Not Found: 
ERROR - 2019-07-11 23:22:51 --> 404 Page Not Found: 
ERROR - 2019-07-11 23:37:07 --> Severity: Warning --> Illegal string offset 'keyword' /home/fullbasketproper/public_html/application/views/listing.php 186
ERROR - 2019-07-11 23:37:41 --> 404 Page Not Found: 
ERROR - 2019-07-11 23:44:10 --> Severity: Warning --> Illegal string offset 'keyword' /home/fullbasketproper/public_html/application/views/listing.php 186
