ERROR - 2019-07-04 00:08:00 --> 404 Page Not Found: 
ERROR - 2019-07-04 00:08:07 --> 404 Page Not Found: 
ERROR - 2019-07-04 00:09:43 --> 404 Page Not Found: 
ERROR - 2019-07-04 00:10:08 --> Severity: Warning --> Division by zero /home/fullbasketproper/public_html/application/core/Public_Controller.php 47
ERROR - 2019-07-04 00:10:21 --> Severity: Warning --> Division by zero /home/fullbasketproper/public_html/application/core/Public_Controller.php 47
ERROR - 2019-07-04 00:10:36 --> Severity: Warning --> Division by zero /home/fullbasketproper/public_html/application/core/Public_Controller.php 47
ERROR - 2019-07-04 00:10:47 --> 404 Page Not Found: 
ERROR - 2019-07-04 00:14:12 --> 404 Page Not Found: 
ERROR - 2019-07-04 01:01:06 --> Severity: Warning --> Division by zero /home/fullbasketproper/public_html/application/core/Public_Controller.php 47
ERROR - 2019-07-04 01:41:30 --> 404 Page Not Found: 
ERROR - 2019-07-04 01:45:07 --> 404 Page Not Found: 
ERROR - 2019-07-04 01:45:55 --> 404 Page Not Found: 
ERROR - 2019-07-04 01:48:06 --> 404 Page Not Found: 
ERROR - 2019-07-04 01:49:18 --> 404 Page Not Found: 
ERROR - 2019-07-04 01:59:27 --> 404 Page Not Found: 
ERROR - 2019-07-04 02:27:48 --> 404 Page Not Found: 
ERROR - 2019-07-04 03:03:12 --> 404 Page Not Found: 
ERROR - 2019-07-04 03:06:35 --> 404 Page Not Found: 
ERROR - 2019-07-04 03:21:51 --> 404 Page Not Found: 
ERROR - 2019-07-04 03:22:24 --> 404 Page Not Found: 
ERROR - 2019-07-04 03:31:01 --> 404 Page Not Found: 
ERROR - 2019-07-04 03:46:36 --> 404 Page Not Found: 
ERROR - 2019-07-04 05:14:03 --> 404 Page Not Found: 
ERROR - 2019-07-04 05:23:17 --> 404 Page Not Found: 
ERROR - 2019-07-04 05:53:36 --> 404 Page Not Found: 
ERROR - 2019-07-04 06:16:42 --> 404 Page Not Found: 
ERROR - 2019-07-04 06:45:22 --> 404 Page Not Found: 
ERROR - 2019-07-04 07:02:34 --> 404 Page Not Found: 
ERROR - 2019-07-04 07:14:14 --> 404 Page Not Found: 
ERROR - 2019-07-04 07:29:25 --> 404 Page Not Found: 
ERROR - 2019-07-04 07:37:48 --> 404 Page Not Found: 
ERROR - 2019-07-04 07:45:02 --> 404 Page Not Found: 
ERROR - 2019-07-04 07:58:15 --> 404 Page Not Found: 
ERROR - 2019-07-04 07:59:38 --> 404 Page Not Found: 
ERROR - 2019-07-04 08:08:32 --> 404 Page Not Found: 
ERROR - 2019-07-04 08:09:10 --> Query error: You have an error in your SQL syntax; check the manual that corresponds to your MySQL server version for the right syntax to use near '-10, 10' at line 11 - Invalid query: SELECT DISTINCT `p`.*, `c`.`name` as `city_name`, `ps`.`name` as `property_status`, `pt`.`name` as `prop_type`, `b`.`name` as `builder`, `l`.`name` as `location`
FROM `properties` `p`
LEFT JOIN `cities` `c` ON `p`.`city_id` = `c`.`id`
LEFT JOIN `builders` `b` ON `p`.`builder_id` = `b`.`id`
LEFT JOIN `locations` `l` ON `p`.`location_id` = `l`.`id`
LEFT JOIN `property_types` `pt` ON `p`.`property_type_id` = `pt`.`id`
LEFT JOIN `property_status` `ps` ON `p`.`property_status_id` = `ps`.`id`
LEFT JOIN `property_amenities` `pa` ON `pa`.`property_id` = `p`.`id`
WHERE `p`.`status` = 1
ORDER BY `p`.`id` DESC
 LIMIT -10, 10
ERROR - 2019-07-04 08:18:14 --> 404 Page Not Found: 
ERROR - 2019-07-04 08:49:10 --> 404 Page Not Found: 
ERROR - 2019-07-04 09:09:17 --> 404 Page Not Found: 
ERROR - 2019-07-04 09:28:20 --> 404 Page Not Found: 
ERROR - 2019-07-04 09:46:45 --> 404 Page Not Found: 
ERROR - 2019-07-04 10:30:54 --> 404 Page Not Found: 
ERROR - 2019-07-04 10:37:20 --> 404 Page Not Found: 
ERROR - 2019-07-04 10:42:32 --> 404 Page Not Found: 
ERROR - 2019-07-04 11:09:35 --> 404 Page Not Found: 
ERROR - 2019-07-04 11:17:21 --> 404 Page Not Found: 
ERROR - 2019-07-04 11:28:39 --> 404 Page Not Found: 
ERROR - 2019-07-04 11:46:16 --> 404 Page Not Found: 
ERROR - 2019-07-04 12:02:59 --> 404 Page Not Found: 
ERROR - 2019-07-04 12:09:23 --> 404 Page Not Found: 
ERROR - 2019-07-04 12:12:28 --> 404 Page Not Found: 
ERROR - 2019-07-04 12:14:02 --> 404 Page Not Found: 
ERROR - 2019-07-04 12:14:08 --> 404 Page Not Found: 
ERROR - 2019-07-04 12:31:53 --> 404 Page Not Found: 
ERROR - 2019-07-04 12:35:25 --> 404 Page Not Found: 
ERROR - 2019-07-04 13:03:31 --> 404 Page Not Found: 
ERROR - 2019-07-04 13:11:07 --> 404 Page Not Found: 
ERROR - 2019-07-04 13:11:29 --> 404 Page Not Found: 
ERROR - 2019-07-04 13:11:31 --> 404 Page Not Found: 
ERROR - 2019-07-04 13:15:49 --> 404 Page Not Found: 
ERROR - 2019-07-04 13:17:11 --> 404 Page Not Found: 
ERROR - 2019-07-04 13:17:12 --> 404 Page Not Found: 
ERROR - 2019-07-04 13:25:48 --> 404 Page Not Found: 
ERROR - 2019-07-04 13:36:32 --> 404 Page Not Found: 
ERROR - 2019-07-04 13:36:37 --> 404 Page Not Found: 
ERROR - 2019-07-04 13:42:35 --> 404 Page Not Found: 
ERROR - 2019-07-04 13:54:56 --> 404 Page Not Found: 
ERROR - 2019-07-04 14:05:25 --> 404 Page Not Found: 
ERROR - 2019-07-04 14:08:31 --> 404 Page Not Found: 
ERROR - 2019-07-04 14:21:17 --> 404 Page Not Found: 
ERROR - 2019-07-04 14:32:48 --> 404 Page Not Found: 
ERROR - 2019-07-04 14:33:30 --> 404 Page Not Found: 
ERROR - 2019-07-04 14:38:25 --> 404 Page Not Found: 
ERROR - 2019-07-04 14:43:22 --> Severity: Warning --> Division by zero /home/fullbasketproper/public_html/application/core/Public_Controller.php 47
ERROR - 2019-07-04 14:49:58 --> 404 Page Not Found: 
ERROR - 2019-07-04 15:08:13 --> 404 Page Not Found: 
ERROR - 2019-07-04 15:08:16 --> 404 Page Not Found: 
ERROR - 2019-07-04 15:11:36 --> 404 Page Not Found: 
ERROR - 2019-07-04 15:19:48 --> 404 Page Not Found: 
ERROR - 2019-07-04 15:54:30 --> 404 Page Not Found: 
ERROR - 2019-07-04 15:55:56 --> 404 Page Not Found: 
ERROR - 2019-07-04 16:20:25 --> 404 Page Not Found: 
ERROR - 2019-07-04 16:33:11 --> 404 Page Not Found: 
ERROR - 2019-07-04 16:34:03 --> 404 Page Not Found: 
ERROR - 2019-07-04 16:38:20 --> 404 Page Not Found: 
ERROR - 2019-07-04 16:40:44 --> 404 Page Not Found: 
ERROR - 2019-07-04 17:10:38 --> 404 Page Not Found: 
ERROR - 2019-07-04 17:20:16 --> 404 Page Not Found: 
ERROR - 2019-07-04 17:20:17 --> 404 Page Not Found: 
ERROR - 2019-07-04 17:20:38 --> 404 Page Not Found: 
ERROR - 2019-07-04 17:24:45 --> 404 Page Not Found: 
ERROR - 2019-07-04 17:27:23 --> 404 Page Not Found: 
ERROR - 2019-07-04 17:27:29 --> 404 Page Not Found: 
ERROR - 2019-07-04 17:29:25 --> 404 Page Not Found: 
ERROR - 2019-07-04 17:31:46 --> 404 Page Not Found: 
ERROR - 2019-07-04 17:32:13 --> 404 Page Not Found: 
ERROR - 2019-07-04 17:35:14 --> 404 Page Not Found: 
ERROR - 2019-07-04 17:41:31 --> 404 Page Not Found: 
ERROR - 2019-07-04 17:41:45 --> 404 Page Not Found: 
ERROR - 2019-07-04 17:50:38 --> 404 Page Not Found: 
ERROR - 2019-07-04 17:50:47 --> 404 Page Not Found: 
ERROR - 2019-07-04 18:21:22 --> 404 Page Not Found: 
ERROR - 2019-07-04 18:42:10 --> 404 Page Not Found: 
ERROR - 2019-07-04 19:30:40 --> 404 Page Not Found: 
ERROR - 2019-07-04 19:30:53 --> 404 Page Not Found: 
ERROR - 2019-07-04 19:34:21 --> 404 Page Not Found: 
ERROR - 2019-07-04 19:45:15 --> 404 Page Not Found: 
ERROR - 2019-07-04 19:47:32 --> 404 Page Not Found: 
ERROR - 2019-07-04 20:48:29 --> 404 Page Not Found: 
ERROR - 2019-07-04 20:50:25 --> 404 Page Not Found: 
ERROR - 2019-07-04 20:58:13 --> 404 Page Not Found: 
ERROR - 2019-07-04 20:58:15 --> 404 Page Not Found: 
ERROR - 2019-07-04 21:34:26 --> 404 Page Not Found: 
ERROR - 2019-07-04 21:36:02 --> 404 Page Not Found: 
ERROR - 2019-07-04 22:58:35 --> 404 Page Not Found: 
ERROR - 2019-07-04 23:53:57 --> 404 Page Not Found: 
