ERROR - 2019-07-26 00:58:44 --> Severity: Warning --> Illegal string offset 'keyword' /home/fullbasketproper/public_html/application/views/listing.php 186
ERROR - 2019-07-26 01:18:04 --> 404 Page Not Found: 
ERROR - 2019-07-26 01:29:32 --> 404 Page Not Found: 
ERROR - 2019-07-26 02:36:41 --> Severity: Warning --> Illegal string offset 'keyword' /home/fullbasketproper/public_html/application/views/listing.php 186
ERROR - 2019-07-26 02:46:12 --> 404 Page Not Found: 
ERROR - 2019-07-26 02:48:15 --> 404 Page Not Found: 
ERROR - 2019-07-26 03:33:24 --> Severity: Warning --> Illegal string offset 'keyword' /home/fullbasketproper/public_html/application/views/listing.php 186
ERROR - 2019-07-26 03:42:31 --> Severity: Warning --> Illegal string offset 'keyword' /home/fullbasketproper/public_html/application/views/listing.php 186
ERROR - 2019-07-26 04:11:20 --> 404 Page Not Found: 
ERROR - 2019-07-26 04:13:30 --> 404 Page Not Found: 
ERROR - 2019-07-26 04:13:31 --> 404 Page Not Found: 
ERROR - 2019-07-26 04:13:32 --> 404 Page Not Found: 
ERROR - 2019-07-26 04:41:16 --> 404 Page Not Found: 
ERROR - 2019-07-26 05:37:45 --> Severity: Warning --> Illegal string offset 'keyword' /home/fullbasketproper/public_html/application/views/listing.php 186
ERROR - 2019-07-26 05:57:36 --> 404 Page Not Found: 
ERROR - 2019-07-26 06:34:33 --> 404 Page Not Found: 
ERROR - 2019-07-26 06:45:03 --> 404 Page Not Found: 
ERROR - 2019-07-26 06:51:46 --> 404 Page Not Found: 
ERROR - 2019-07-26 06:55:36 --> 404 Page Not Found: 
ERROR - 2019-07-26 07:27:08 --> Severity: Warning --> Illegal string offset 'keyword' /home/fullbasketproper/public_html/application/views/listing.php 186
ERROR - 2019-07-26 07:40:51 --> 404 Page Not Found: 
ERROR - 2019-07-26 07:42:13 --> Severity: Warning --> Illegal string offset 'keyword' /home/fullbasketproper/public_html/application/views/listing.php 186
ERROR - 2019-07-26 07:43:32 --> Severity: Warning --> Division by zero /home/fullbasketproper/public_html/application/core/Public_Controller.php 47
ERROR - 2019-07-26 07:59:31 --> Severity: 4096 --> Object of class CI_Email could not be converted to string /home/fullbasketproper/public_html/application/controllers/Home.php 429
ERROR - 2019-07-26 08:20:58 --> 404 Page Not Found: 
ERROR - 2019-07-26 08:29:49 --> Severity: 4096 --> Object of class CI_Email could not be converted to string /home/fullbasketproper/public_html/application/controllers/Home.php 429
ERROR - 2019-07-26 08:51:27 --> Severity: Warning --> Illegal string offset 'keyword' /home/fullbasketproper/public_html/application/views/listing.php 186
ERROR - 2019-07-26 09:01:37 --> Severity: 4096 --> Object of class CI_Email could not be converted to string /home/fullbasketproper/public_html/application/controllers/Home.php 429
ERROR - 2019-07-26 09:15:02 --> Severity: Warning --> Illegal string offset 'keyword' /home/fullbasketproper/public_html/application/views/listing.php 186
ERROR - 2019-07-26 09:25:54 --> Severity: 4096 --> Object of class CI_Email could not be converted to string /home/fullbasketproper/public_html/application/controllers/Home.php 429
ERROR - 2019-07-26 09:27:52 --> 404 Page Not Found: 
ERROR - 2019-07-26 09:31:29 --> Severity: 4096 --> Object of class CI_Email could not be converted to string /home/fullbasketproper/public_html/application/controllers/Home.php 429
ERROR - 2019-07-26 09:42:45 --> Severity: 4096 --> Object of class CI_Email could not be converted to string /home/fullbasketproper/public_html/application/controllers/Home.php 429
ERROR - 2019-07-26 09:44:47 --> Severity: 4096 --> Object of class CI_Email could not be converted to string /home/fullbasketproper/public_html/application/controllers/Home.php 429
ERROR - 2019-07-26 09:44:50 --> Severity: Warning --> Illegal string offset 'keyword' /home/fullbasketproper/public_html/application/views/listing.php 186
ERROR - 2019-07-26 09:48:55 --> 404 Page Not Found: 
ERROR - 2019-07-26 10:04:13 --> 404 Page Not Found: 
ERROR - 2019-07-26 10:10:03 --> Severity: Warning --> Illegal string offset 'keyword' /home/fullbasketproper/public_html/application/views/listing.php 186
ERROR - 2019-07-26 10:11:32 --> 404 Page Not Found: 
ERROR - 2019-07-26 10:16:06 --> Severity: Warning --> Illegal string offset 'keyword' /home/fullbasketproper/public_html/application/views/listing.php 186
ERROR - 2019-07-26 10:18:42 --> 404 Page Not Found: 
ERROR - 2019-07-26 10:25:30 --> Severity: 4096 --> Object of class CI_Email could not be converted to string /home/fullbasketproper/public_html/application/controllers/Home.php 429
ERROR - 2019-07-26 10:26:46 --> Severity: Warning --> Illegal string offset 'keyword' /home/fullbasketproper/public_html/application/views/listing.php 186
ERROR - 2019-07-26 10:35:36 --> 404 Page Not Found: 
ERROR - 2019-07-26 10:36:52 --> Severity: 4096 --> Object of class CI_Email could not be converted to string /home/fullbasketproper/public_html/application/controllers/Home.php 429
ERROR - 2019-07-26 10:41:08 --> 404 Page Not Found: 
ERROR - 2019-07-26 10:42:08 --> Severity: Warning --> Illegal string offset 'keyword' /home/fullbasketproper/public_html/application/views/listing.php 186
ERROR - 2019-07-26 10:50:03 --> 404 Page Not Found: 
ERROR - 2019-07-26 10:50:23 --> 404 Page Not Found: 
ERROR - 2019-07-26 10:51:24 --> Severity: Warning --> Illegal string offset 'keyword' /home/fullbasketproper/public_html/application/views/listing.php 186
ERROR - 2019-07-26 10:51:33 --> 404 Page Not Found: 
ERROR - 2019-07-26 10:51:35 --> 404 Page Not Found: 
ERROR - 2019-07-26 10:51:49 --> 404 Page Not Found: 
ERROR - 2019-07-26 11:04:40 --> 404 Page Not Found: 
ERROR - 2019-07-26 11:16:57 --> Severity: 4096 --> Object of class CI_Email could not be converted to string /home/fullbasketproper/public_html/application/controllers/Home.php 429
ERROR - 2019-07-26 11:27:28 --> 404 Page Not Found: 
ERROR - 2019-07-26 11:27:28 --> 404 Page Not Found: 
ERROR - 2019-07-26 11:27:35 --> Severity: Warning --> Illegal string offset 'keyword' /home/fullbasketproper/public_html/application/views/listing.php 186
ERROR - 2019-07-26 11:32:15 --> 404 Page Not Found: 
ERROR - 2019-07-26 11:33:19 --> Severity: 4096 --> Object of class CI_Email could not be converted to string /home/fullbasketproper/public_html/application/controllers/Home.php 429
ERROR - 2019-07-26 11:36:17 --> 404 Page Not Found: 
ERROR - 2019-07-26 11:38:11 --> Severity: Warning --> Illegal string offset 'keyword' /home/fullbasketproper/public_html/application/views/listing.php 186
ERROR - 2019-07-26 11:46:13 --> 404 Page Not Found: 
ERROR - 2019-07-26 11:54:59 --> 404 Page Not Found: 
ERROR - 2019-07-26 12:02:23 --> 404 Page Not Found: 
ERROR - 2019-07-26 12:09:05 --> Severity: Warning --> Illegal string offset 'keyword' /home/fullbasketproper/public_html/application/views/listing.php 186
ERROR - 2019-07-26 12:09:06 --> Severity: Warning --> Illegal string offset 'keyword' /home/fullbasketproper/public_html/application/views/listing.php 186
ERROR - 2019-07-26 12:09:06 --> Severity: Warning --> Illegal string offset 'keyword' /home/fullbasketproper/public_html/application/views/listing.php 186
ERROR - 2019-07-26 12:10:19 --> 404 Page Not Found: 
ERROR - 2019-07-26 12:20:37 --> 404 Page Not Found: 
ERROR - 2019-07-26 12:20:52 --> Severity: Warning --> Illegal string offset 'keyword' /home/fullbasketproper/public_html/application/views/listing.php 186
ERROR - 2019-07-26 12:30:16 --> 404 Page Not Found: 
ERROR - 2019-07-26 12:33:05 --> 404 Page Not Found: 
ERROR - 2019-07-26 12:36:29 --> Severity: Warning --> Illegal string offset 'keyword' /home/fullbasketproper/public_html/application/views/listing.php 186
ERROR - 2019-07-26 12:41:44 --> Severity: 4096 --> Object of class CI_Email could not be converted to string /home/fullbasketproper/public_html/application/controllers/Home.php 429
ERROR - 2019-07-26 12:59:01 --> 404 Page Not Found: 
ERROR - 2019-07-26 13:01:45 --> 404 Page Not Found: 
ERROR - 2019-07-26 13:03:43 --> 404 Page Not Found: 
ERROR - 2019-07-26 13:08:57 --> Severity: 4096 --> Object of class CI_Email could not be converted to string /home/fullbasketproper/public_html/application/controllers/Home.php 429
ERROR - 2019-07-26 13:10:16 --> 404 Page Not Found: 
ERROR - 2019-07-26 13:16:09 --> 404 Page Not Found: 
ERROR - 2019-07-26 13:23:03 --> 404 Page Not Found: 
ERROR - 2019-07-26 13:25:27 --> 404 Page Not Found: 
ERROR - 2019-07-26 13:25:35 --> 404 Page Not Found: 
ERROR - 2019-07-26 13:25:42 --> Severity: Warning --> Illegal string offset 'keyword' /home/fullbasketproper/public_html/application/views/listing.php 186
ERROR - 2019-07-26 13:39:21 --> Severity: 4096 --> Object of class CI_Email could not be converted to string /home/fullbasketproper/public_html/application/controllers/Home.php 429
ERROR - 2019-07-26 13:40:17 --> 404 Page Not Found: 
ERROR - 2019-07-26 13:40:35 --> 404 Page Not Found: 
ERROR - 2019-07-26 13:44:52 --> 404 Page Not Found: 
ERROR - 2019-07-26 13:44:55 --> Severity: Warning --> Illegal string offset 'keyword' /home/fullbasketproper/public_html/application/views/listing.php 186
ERROR - 2019-07-26 13:45:36 --> Severity: Warning --> Illegal string offset 'keyword' /home/fullbasketproper/public_html/application/views/listing.php 186
ERROR - 2019-07-26 13:53:39 --> Severity: 4096 --> Object of class CI_Email could not be converted to string /home/fullbasketproper/public_html/application/controllers/Home.php 429
ERROR - 2019-07-26 14:00:05 --> Severity: 4096 --> Object of class CI_Email could not be converted to string /home/fullbasketproper/public_html/application/controllers/Home.php 429
ERROR - 2019-07-26 14:19:26 --> 404 Page Not Found: 
ERROR - 2019-07-26 14:26:43 --> 404 Page Not Found: 
ERROR - 2019-07-26 14:26:47 --> Severity: 4096 --> Object of class CI_Email could not be converted to string /home/fullbasketproper/public_html/application/controllers/Home.php 429
ERROR - 2019-07-26 14:34:07 --> 404 Page Not Found: 
ERROR - 2019-07-26 14:36:13 --> 404 Page Not Found: 
ERROR - 2019-07-26 14:38:56 --> 404 Page Not Found: 
ERROR - 2019-07-26 14:41:42 --> 404 Page Not Found: 
ERROR - 2019-07-26 14:44:38 --> Severity: Warning --> Illegal string offset 'keyword' /home/fullbasketproper/public_html/application/views/listing.php 186
ERROR - 2019-07-26 14:49:02 --> 404 Page Not Found: 
ERROR - 2019-07-26 15:00:36 --> Severity: Warning --> rename(uploads/elevations/IMG_1997.jpg,uploads/arvind-expansia/IMG_1997.jpg): No such file or directory /home/fullbasketproper/public_html/application/controllers/admin/Properties.php 335
ERROR - 2019-07-26 15:02:01 --> 404 Page Not Found: 
ERROR - 2019-07-26 15:08:57 --> 404 Page Not Found: 
ERROR - 2019-07-26 15:12:21 --> 404 Page Not Found: 
ERROR - 2019-07-26 15:17:12 --> Severity: 4096 --> Object of class CI_Email could not be converted to string /home/fullbasketproper/public_html/application/controllers/Home.php 429
ERROR - 2019-07-26 15:21:25 --> 404 Page Not Found: 
ERROR - 2019-07-26 15:21:47 --> Severity: Warning --> Illegal string offset 'keyword' /home/fullbasketproper/public_html/application/views/listing.php 186
ERROR - 2019-07-26 15:24:28 --> 404 Page Not Found: 
ERROR - 2019-07-26 15:40:15 --> 404 Page Not Found: 
ERROR - 2019-07-26 15:52:42 --> 404 Page Not Found: 
ERROR - 2019-07-26 15:56:49 --> 404 Page Not Found: 
ERROR - 2019-07-26 16:22:58 --> 404 Page Not Found: 
ERROR - 2019-07-26 16:23:39 --> 404 Page Not Found: 
ERROR - 2019-07-26 16:23:39 --> 404 Page Not Found: 
ERROR - 2019-07-26 16:26:56 --> 404 Page Not Found: 
ERROR - 2019-07-26 16:30:08 --> 404 Page Not Found: 
ERROR - 2019-07-26 16:30:28 --> 404 Page Not Found: 
ERROR - 2019-07-26 16:42:53 --> Severity: 4096 --> Object of class CI_Email could not be converted to string /home/fullbasketproper/public_html/application/controllers/Home.php 429
ERROR - 2019-07-26 16:47:14 --> 404 Page Not Found: 
ERROR - 2019-07-26 16:57:03 --> 404 Page Not Found: 
ERROR - 2019-07-26 17:02:14 --> 404 Page Not Found: 
ERROR - 2019-07-26 17:03:02 --> Severity: Warning --> Illegal string offset 'keyword' /home/fullbasketproper/public_html/application/views/listing.php 186
ERROR - 2019-07-26 17:14:14 --> Severity: 4096 --> Object of class CI_Email could not be converted to string /home/fullbasketproper/public_html/application/controllers/Home.php 429
ERROR - 2019-07-26 17:18:55 --> 404 Page Not Found: 
ERROR - 2019-07-26 17:19:17 --> 404 Page Not Found: 
ERROR - 2019-07-26 17:22:30 --> 404 Page Not Found: 
ERROR - 2019-07-26 17:22:43 --> 404 Page Not Found: 
ERROR - 2019-07-26 17:23:30 --> 404 Page Not Found: 
ERROR - 2019-07-26 17:24:14 --> 404 Page Not Found: 
ERROR - 2019-07-26 17:24:25 --> Severity: 4096 --> Object of class CI_Email could not be converted to string /home/fullbasketproper/public_html/application/controllers/Home.php 429
ERROR - 2019-07-26 17:27:55 --> Severity: 4096 --> Object of class CI_Email could not be converted to string /home/fullbasketproper/public_html/application/controllers/Home.php 429
ERROR - 2019-07-26 17:41:49 --> Severity: Warning --> rename(uploads/elevations/1sideview.jpg,uploads/casagrand-lorenzo/1sideview.jpg): No such file or directory /home/fullbasketproper/public_html/application/controllers/admin/Properties.php 335
ERROR - 2019-07-26 17:45:26 --> Severity: 4096 --> Object of class CI_Email could not be converted to string /home/fullbasketproper/public_html/application/controllers/Home.php 429
ERROR - 2019-07-26 17:47:05 --> Severity: 4096 --> Object of class CI_Email could not be converted to string /home/fullbasketproper/public_html/application/controllers/Home.php 429
ERROR - 2019-07-26 17:47:12 --> 404 Page Not Found: 
ERROR - 2019-07-26 17:47:14 --> 404 Page Not Found: 
ERROR - 2019-07-26 17:47:21 --> Severity: Warning --> Illegal string offset 'keyword' /home/fullbasketproper/public_html/application/views/listing.php 186
ERROR - 2019-07-26 17:53:49 --> 404 Page Not Found: 
ERROR - 2019-07-26 17:56:20 --> 404 Page Not Found: 
ERROR - 2019-07-26 17:58:51 --> 404 Page Not Found: 
ERROR - 2019-07-26 17:59:53 --> 404 Page Not Found: 
ERROR - 2019-07-26 18:06:05 --> 404 Page Not Found: 
ERROR - 2019-07-26 18:06:06 --> 404 Page Not Found: 
ERROR - 2019-07-26 18:07:26 --> Severity: Warning --> Illegal string offset 'keyword' /home/fullbasketproper/public_html/application/views/listing.php 186
ERROR - 2019-07-26 18:09:05 --> Severity: Warning --> Illegal string offset 'keyword' /home/fullbasketproper/public_html/application/views/listing.php 186
ERROR - 2019-07-26 18:09:07 --> 404 Page Not Found: 
ERROR - 2019-07-26 18:13:08 --> Severity: 4096 --> Object of class CI_Email could not be converted to string /home/fullbasketproper/public_html/application/controllers/Home.php 429
ERROR - 2019-07-26 18:15:51 --> 404 Page Not Found: 
ERROR - 2019-07-26 18:19:06 --> 404 Page Not Found: 
ERROR - 2019-07-26 18:34:32 --> Severity: 4096 --> Object of class CI_Email could not be converted to string /home/fullbasketproper/public_html/application/controllers/Home.php 429
ERROR - 2019-07-26 18:45:20 --> 404 Page Not Found: 
ERROR - 2019-07-26 18:55:10 --> Severity: 4096 --> Object of class CI_Email could not be converted to string /home/fullbasketproper/public_html/application/controllers/Home.php 429
ERROR - 2019-07-26 19:08:01 --> 404 Page Not Found: 
ERROR - 2019-07-26 19:12:26 --> Severity: 4096 --> Object of class CI_Email could not be converted to string /home/fullbasketproper/public_html/application/controllers/Home.php 429
ERROR - 2019-07-26 19:12:58 --> Severity: 4096 --> Object of class CI_Email could not be converted to string /home/fullbasketproper/public_html/application/controllers/Home.php 429
ERROR - 2019-07-26 19:27:32 --> Severity: 4096 --> Object of class CI_Email could not be converted to string /home/fullbasketproper/public_html/application/controllers/Home.php 429
ERROR - 2019-07-26 19:44:05 --> Severity: 4096 --> Object of class CI_Email could not be converted to string /home/fullbasketproper/public_html/application/controllers/Home.php 429
ERROR - 2019-07-26 19:44:12 --> Severity: Warning --> Illegal string offset 'keyword' /home/fullbasketproper/public_html/application/views/listing.php 186
ERROR - 2019-07-26 19:47:50 --> Severity: 4096 --> Object of class CI_Email could not be converted to string /home/fullbasketproper/public_html/application/controllers/Home.php 429
ERROR - 2019-07-26 20:01:48 --> Severity: Warning --> Illegal string offset 'keyword' /home/fullbasketproper/public_html/application/views/listing.php 186
ERROR - 2019-07-26 20:13:54 --> Severity: 4096 --> Object of class CI_Email could not be converted to string /home/fullbasketproper/public_html/application/controllers/Home.php 429
ERROR - 2019-07-26 20:30:28 --> Severity: 4096 --> Object of class CI_Email could not be converted to string /home/fullbasketproper/public_html/application/controllers/Home.php 429
ERROR - 2019-07-26 20:32:57 --> Severity: 4096 --> Object of class CI_Email could not be converted to string /home/fullbasketproper/public_html/application/controllers/Home.php 429
ERROR - 2019-07-26 20:37:50 --> Severity: 4096 --> Object of class CI_Email could not be converted to string /home/fullbasketproper/public_html/application/controllers/Home.php 429
ERROR - 2019-07-26 20:49:29 --> 404 Page Not Found: 
ERROR - 2019-07-26 20:50:34 --> Severity: Warning --> Illegal string offset 'keyword' /home/fullbasketproper/public_html/application/views/listing.php 186
ERROR - 2019-07-26 20:57:07 --> Severity: 4096 --> Object of class CI_Email could not be converted to string /home/fullbasketproper/public_html/application/controllers/Home.php 429
ERROR - 2019-07-26 21:18:58 --> Severity: 4096 --> Object of class CI_Email could not be converted to string /home/fullbasketproper/public_html/application/controllers/Home.php 429
ERROR - 2019-07-26 21:22:56 --> Severity: 4096 --> Object of class CI_Email could not be converted to string /home/fullbasketproper/public_html/application/controllers/Home.php 429
ERROR - 2019-07-26 21:26:10 --> Severity: 4096 --> Object of class CI_Email could not be converted to string /home/fullbasketproper/public_html/application/controllers/Home.php 429
ERROR - 2019-07-26 21:26:52 --> 404 Page Not Found: 
ERROR - 2019-07-26 21:30:00 --> Severity: 4096 --> Object of class CI_Email could not be converted to string /home/fullbasketproper/public_html/application/controllers/Home.php 429
ERROR - 2019-07-26 21:32:48 --> Severity: 4096 --> Object of class CI_Email could not be converted to string /home/fullbasketproper/public_html/application/controllers/Home.php 429
ERROR - 2019-07-26 21:42:13 --> Severity: 4096 --> Object of class CI_Email could not be converted to string /home/fullbasketproper/public_html/application/controllers/Home.php 429
ERROR - 2019-07-26 21:47:29 --> Severity: 4096 --> Object of class CI_Email could not be converted to string /home/fullbasketproper/public_html/application/controllers/Home.php 429
ERROR - 2019-07-26 21:57:58 --> Severity: Warning --> Illegal string offset 'keyword' /home/fullbasketproper/public_html/application/views/listing.php 186
ERROR - 2019-07-26 21:59:02 --> 404 Page Not Found: 
ERROR - 2019-07-26 22:25:21 --> Severity: 4096 --> Object of class CI_Email could not be converted to string /home/fullbasketproper/public_html/application/controllers/Home.php 429
ERROR - 2019-07-26 22:26:53 --> Severity: 4096 --> Object of class CI_Email could not be converted to string /home/fullbasketproper/public_html/application/controllers/Home.php 429
ERROR - 2019-07-26 22:29:28 --> Severity: 4096 --> Object of class CI_Email could not be converted to string /home/fullbasketproper/public_html/application/controllers/Home.php 429
ERROR - 2019-07-26 22:53:10 --> 404 Page Not Found: 
ERROR - 2019-07-26 22:59:35 --> 404 Page Not Found: 
ERROR - 2019-07-26 23:06:47 --> 404 Page Not Found: 
ERROR - 2019-07-26 23:10:53 --> Severity: 4096 --> Object of class CI_Email could not be converted to string /home/fullbasketproper/public_html/application/controllers/Home.php 429
ERROR - 2019-07-26 23:18:09 --> 404 Page Not Found: 
ERROR - 2019-07-26 23:24:01 --> Severity: 4096 --> Object of class CI_Email could not be converted to string /home/fullbasketproper/public_html/application/controllers/Home.php 429
ERROR - 2019-07-26 23:45:47 --> 404 Page Not Found: 
ERROR - 2019-07-26 23:59:51 --> Severity: 4096 --> Object of class CI_Email could not be converted to string /home/fullbasketproper/public_html/application/controllers/Home.php 429
