ERROR - 2019-05-28 00:02:02 --> 404 Page Not Found: 
ERROR - 2019-05-28 02:36:14 --> 404 Page Not Found: 
ERROR - 2019-05-28 02:44:44 --> 404 Page Not Found: 
ERROR - 2019-05-28 03:13:49 --> 404 Page Not Found: 
ERROR - 2019-05-28 03:37:09 --> 404 Page Not Found: 
ERROR - 2019-05-28 03:47:26 --> 404 Page Not Found: 
ERROR - 2019-05-28 03:52:51 --> 404 Page Not Found: 
ERROR - 2019-05-28 03:57:32 --> 404 Page Not Found: 
ERROR - 2019-05-28 04:26:18 --> 404 Page Not Found: 
ERROR - 2019-05-28 04:27:15 --> 404 Page Not Found: 
ERROR - 2019-05-28 04:35:15 --> 404 Page Not Found: 
ERROR - 2019-05-28 04:45:22 --> 404 Page Not Found: 
ERROR - 2019-05-28 04:48:08 --> 404 Page Not Found: 
ERROR - 2019-05-28 05:07:07 --> 404 Page Not Found: 
ERROR - 2019-05-28 05:22:15 --> 404 Page Not Found: 
ERROR - 2019-05-28 05:35:19 --> 404 Page Not Found: 
ERROR - 2019-05-28 05:53:19 --> 404 Page Not Found: 
ERROR - 2019-05-28 05:59:39 --> 404 Page Not Found: 
ERROR - 2019-05-28 06:48:42 --> 404 Page Not Found: 
ERROR - 2019-05-28 06:52:12 --> 404 Page Not Found: 
ERROR - 2019-05-28 06:52:15 --> 404 Page Not Found: 
ERROR - 2019-05-28 07:10:41 --> 404 Page Not Found: 
ERROR - 2019-05-28 07:18:45 --> 404 Page Not Found: 
ERROR - 2019-05-28 07:40:07 --> 404 Page Not Found: 
ERROR - 2019-05-28 07:53:20 --> 404 Page Not Found: 
ERROR - 2019-05-28 08:33:01 --> 404 Page Not Found: 
ERROR - 2019-05-28 08:42:57 --> 404 Page Not Found: 
ERROR - 2019-05-28 08:43:51 --> 404 Page Not Found: 
ERROR - 2019-05-28 09:17:10 --> 404 Page Not Found: 
ERROR - 2019-05-28 09:20:32 --> 404 Page Not Found: 
ERROR - 2019-05-28 09:29:20 --> 404 Page Not Found: 
ERROR - 2019-05-28 09:51:19 --> 404 Page Not Found: 
ERROR - 2019-05-28 09:51:29 --> 404 Page Not Found: 
ERROR - 2019-05-28 10:04:44 --> 404 Page Not Found: 
ERROR - 2019-05-28 10:09:39 --> 404 Page Not Found: 
ERROR - 2019-05-28 10:10:03 --> 404 Page Not Found: 
ERROR - 2019-05-28 10:14:33 --> 404 Page Not Found: 
ERROR - 2019-05-28 10:18:52 --> 404 Page Not Found: 
ERROR - 2019-05-28 10:19:50 --> 404 Page Not Found: 
ERROR - 2019-05-28 10:21:21 --> 404 Page Not Found: 
ERROR - 2019-05-28 10:21:54 --> 404 Page Not Found: 
ERROR - 2019-05-28 10:24:16 --> 404 Page Not Found: 
ERROR - 2019-05-28 10:24:50 --> 404 Page Not Found: 
ERROR - 2019-05-28 10:25:10 --> 404 Page Not Found: 
ERROR - 2019-05-28 10:25:13 --> 404 Page Not Found: 
ERROR - 2019-05-28 10:26:37 --> 404 Page Not Found: 
ERROR - 2019-05-28 10:30:44 --> 404 Page Not Found: 
ERROR - 2019-05-28 10:31:06 --> 404 Page Not Found: 
ERROR - 2019-05-28 10:31:25 --> 404 Page Not Found: 
ERROR - 2019-05-28 10:31:28 --> 404 Page Not Found: 
ERROR - 2019-05-28 10:31:34 --> 404 Page Not Found: 
ERROR - 2019-05-28 10:31:45 --> 404 Page Not Found: 
ERROR - 2019-05-28 10:32:44 --> 404 Page Not Found: 
ERROR - 2019-05-28 10:33:13 --> 404 Page Not Found: 
ERROR - 2019-05-28 10:33:22 --> 404 Page Not Found: 
ERROR - 2019-05-28 10:33:51 --> 404 Page Not Found: 
ERROR - 2019-05-28 10:33:56 --> 404 Page Not Found: 
ERROR - 2019-05-28 10:34:11 --> 404 Page Not Found: 
ERROR - 2019-05-28 10:34:14 --> 404 Page Not Found: 
ERROR - 2019-05-28 10:34:38 --> 404 Page Not Found: 
ERROR - 2019-05-28 10:35:14 --> 404 Page Not Found: 
ERROR - 2019-05-28 10:35:24 --> 404 Page Not Found: 
ERROR - 2019-05-28 10:35:27 --> 404 Page Not Found: 
ERROR - 2019-05-28 10:35:44 --> 404 Page Not Found: 
ERROR - 2019-05-28 10:36:14 --> 404 Page Not Found: 
ERROR - 2019-05-28 10:38:29 --> 404 Page Not Found: 
ERROR - 2019-05-28 10:38:43 --> 404 Page Not Found: 
ERROR - 2019-05-28 10:38:54 --> 404 Page Not Found: 
ERROR - 2019-05-28 10:41:06 --> 404 Page Not Found: 
ERROR - 2019-05-28 10:41:42 --> 404 Page Not Found: 
ERROR - 2019-05-28 10:42:00 --> 404 Page Not Found: 
ERROR - 2019-05-28 10:42:12 --> 404 Page Not Found: 
ERROR - 2019-05-28 10:42:36 --> 404 Page Not Found: 
ERROR - 2019-05-28 10:47:01 --> 404 Page Not Found: 
ERROR - 2019-05-28 10:47:17 --> 404 Page Not Found: 
ERROR - 2019-05-28 10:47:38 --> 404 Page Not Found: 
ERROR - 2019-05-28 10:48:45 --> 404 Page Not Found: 
ERROR - 2019-05-28 10:49:22 --> 404 Page Not Found: 
ERROR - 2019-05-28 10:51:39 --> Severity: Warning --> Division by zero /home/fullbasketproper/public_html/application/core/Public_Controller.php 47
ERROR - 2019-05-28 10:56:23 --> Severity: Parsing Error --> syntax error, unexpected '<' /home/fullbasketproper/public_html/application/views/index.php 83
ERROR - 2019-05-28 10:56:46 --> 404 Page Not Found: 
ERROR - 2019-05-28 10:58:05 --> Severity: Parsing Error --> syntax error, unexpected '<' /home/fullbasketproper/public_html/application/views/index.php 82
ERROR - 2019-05-28 11:00:24 --> 404 Page Not Found: 
ERROR - 2019-05-28 11:00:47 --> Severity: Warning --> Division by zero /home/fullbasketproper/public_html/application/core/Public_Controller.php 47
ERROR - 2019-05-28 11:01:53 --> 404 Page Not Found: 
ERROR - 2019-05-28 11:02:45 --> 404 Page Not Found: 
ERROR - 2019-05-28 11:04:25 --> 404 Page Not Found: 
ERROR - 2019-05-28 11:04:50 --> 404 Page Not Found: 
ERROR - 2019-05-28 11:17:02 --> 404 Page Not Found: 
ERROR - 2019-05-28 11:22:10 --> 404 Page Not Found: 
ERROR - 2019-05-28 11:23:24 --> 404 Page Not Found: 
ERROR - 2019-05-28 11:30:16 --> 404 Page Not Found: 
ERROR - 2019-05-28 11:39:30 --> 404 Page Not Found: 
ERROR - 2019-05-28 11:59:56 --> 404 Page Not Found: 
ERROR - 2019-05-28 12:13:37 --> 404 Page Not Found: 
ERROR - 2019-05-28 12:14:16 --> 404 Page Not Found: 
ERROR - 2019-05-28 12:17:07 --> Severity: Parsing Error --> syntax error, unexpected '<' /home/fullbasketproper/public_html/application/views/index.php 49
ERROR - 2019-05-28 12:18:23 --> Severity: Parsing Error --> syntax error, unexpected '<' /home/fullbasketproper/public_html/application/views/index.php 52
ERROR - 2019-05-28 12:18:29 --> Severity: Parsing Error --> syntax error, unexpected '<' /home/fullbasketproper/public_html/application/views/index.php 52
ERROR - 2019-05-28 12:18:44 --> 404 Page Not Found: 
ERROR - 2019-05-28 12:21:05 --> The path to the image is not correct.
ERROR - 2019-05-28 12:21:05 --> Your server does not support the GD function required to process this type of image.
ERROR - 2019-05-28 12:21:05 --> Your server does not support the GD function required to process this type of image.
ERROR - 2019-05-28 12:21:05 --> Your server does not support the GD function required to process this type of image.
ERROR - 2019-05-28 12:21:05 --> The path to the image is not correct.
ERROR - 2019-05-28 12:21:05 --> Your server does not support the GD function required to process this type of image.
ERROR - 2019-05-28 12:21:05 --> Your server does not support the GD function required to process this type of image.
ERROR - 2019-05-28 12:21:05 --> Your server does not support the GD function required to process this type of image.
ERROR - 2019-05-28 12:21:06 --> 404 Page Not Found: 
ERROR - 2019-05-28 12:22:54 --> 404 Page Not Found: 
ERROR - 2019-05-28 12:25:44 --> 404 Page Not Found: 
ERROR - 2019-05-28 12:26:30 --> 404 Page Not Found: 
ERROR - 2019-05-28 12:29:26 --> 404 Page Not Found: 
ERROR - 2019-05-28 12:30:14 --> 404 Page Not Found: 
ERROR - 2019-05-28 12:30:47 --> 404 Page Not Found: 
ERROR - 2019-05-28 12:38:23 --> 404 Page Not Found: 
ERROR - 2019-05-28 12:39:55 --> 404 Page Not Found: 
ERROR - 2019-05-28 12:42:51 --> 404 Page Not Found: 
ERROR - 2019-05-28 12:42:52 --> 404 Page Not Found: 
ERROR - 2019-05-28 12:45:39 --> 404 Page Not Found: 
ERROR - 2019-05-28 12:45:53 --> 404 Page Not Found: 
ERROR - 2019-05-28 12:47:15 --> 404 Page Not Found: 
ERROR - 2019-05-28 12:48:14 --> 404 Page Not Found: 
ERROR - 2019-05-28 12:53:59 --> 404 Page Not Found: 
ERROR - 2019-05-28 12:55:38 --> 404 Page Not Found: 
ERROR - 2019-05-28 12:58:10 --> 404 Page Not Found: 
ERROR - 2019-05-28 13:00:43 --> 404 Page Not Found: 
ERROR - 2019-05-28 13:47:12 --> 404 Page Not Found: 
ERROR - 2019-05-28 14:03:14 --> 404 Page Not Found: 
ERROR - 2019-05-28 14:03:46 --> 404 Page Not Found: 
ERROR - 2019-05-28 14:09:52 --> 404 Page Not Found: 
ERROR - 2019-05-28 14:12:34 --> 404 Page Not Found: 
ERROR - 2019-05-28 14:13:56 --> 404 Page Not Found: 
ERROR - 2019-05-28 14:14:28 --> 404 Page Not Found: 
ERROR - 2019-05-28 14:19:08 --> 404 Page Not Found: 
ERROR - 2019-05-28 14:25:00 --> 404 Page Not Found: 
ERROR - 2019-05-28 14:28:55 --> 404 Page Not Found: 
ERROR - 2019-05-28 14:29:23 --> 404 Page Not Found: 
ERROR - 2019-05-28 14:30:41 --> 404 Page Not Found: 
ERROR - 2019-05-28 14:34:11 --> 404 Page Not Found: 
ERROR - 2019-05-28 14:37:36 --> 404 Page Not Found: 
ERROR - 2019-05-28 14:38:46 --> 404 Page Not Found: 
ERROR - 2019-05-28 14:42:17 --> 404 Page Not Found: 
ERROR - 2019-05-28 14:47:17 --> 404 Page Not Found: 
ERROR - 2019-05-28 14:47:31 --> 404 Page Not Found: 
ERROR - 2019-05-28 14:48:05 --> 404 Page Not Found: 
ERROR - 2019-05-28 14:48:53 --> 404 Page Not Found: 
ERROR - 2019-05-28 14:49:21 --> 404 Page Not Found: 
ERROR - 2019-05-28 14:50:13 --> 404 Page Not Found: 
ERROR - 2019-05-28 14:50:42 --> 404 Page Not Found: 
ERROR - 2019-05-28 14:52:16 --> 404 Page Not Found: 
ERROR - 2019-05-28 14:53:30 --> 404 Page Not Found: 
ERROR - 2019-05-28 14:53:36 --> 404 Page Not Found: 
ERROR - 2019-05-28 14:54:50 --> 404 Page Not Found: 
ERROR - 2019-05-28 14:55:36 --> 404 Page Not Found: 
ERROR - 2019-05-28 14:55:39 --> 404 Page Not Found: 
ERROR - 2019-05-28 14:55:43 --> 404 Page Not Found: 
ERROR - 2019-05-28 14:56:58 --> 404 Page Not Found: 
ERROR - 2019-05-28 14:57:32 --> 404 Page Not Found: 
ERROR - 2019-05-28 15:10:51 --> 404 Page Not Found: 
ERROR - 2019-05-28 15:12:06 --> 404 Page Not Found: 
ERROR - 2019-05-28 15:12:14 --> 404 Page Not Found: 
ERROR - 2019-05-28 15:22:09 --> 404 Page Not Found: 
ERROR - 2019-05-28 09:58:39 --> Severity: Parsing Error --> syntax error, unexpected ';', expecting ')' /home/fullbasketproper/public_html/application/controllers/admin/Sliders.php 144
ERROR - 2019-05-28 09:58:42 --> Severity: Parsing Error --> syntax error, unexpected ';', expecting ')' /home/fullbasketproper/public_html/application/controllers/admin/Sliders.php 144
ERROR - 2019-05-28 15:31:02 --> 404 Page Not Found: 
ERROR - 2019-05-28 15:37:22 --> 404 Page Not Found: 
ERROR - 2019-05-28 15:37:23 --> 404 Page Not Found: 
ERROR - 2019-05-28 15:43:15 --> 404 Page Not Found: 
ERROR - 2019-05-28 15:43:50 --> 404 Page Not Found: 
ERROR - 2019-05-28 15:44:55 --> 404 Page Not Found: 
ERROR - 2019-05-28 15:45:06 --> 404 Page Not Found: 
ERROR - 2019-05-28 15:52:20 --> 404 Page Not Found: 
ERROR - 2019-05-28 15:52:49 --> 404 Page Not Found: 
ERROR - 2019-05-28 15:52:50 --> 404 Page Not Found: 
ERROR - 2019-05-28 15:55:07 --> 404 Page Not Found: 
ERROR - 2019-05-28 15:57:25 --> 404 Page Not Found: 
ERROR - 2019-05-28 15:57:30 --> 404 Page Not Found: 
ERROR - 2019-05-28 15:59:11 --> 404 Page Not Found: 
ERROR - 2019-05-28 16:00:09 --> 404 Page Not Found: 
ERROR - 2019-05-28 16:12:59 --> 404 Page Not Found: 
ERROR - 2019-05-28 16:15:48 --> 404 Page Not Found: 
ERROR - 2019-05-28 16:16:47 --> 404 Page Not Found: 
ERROR - 2019-05-28 16:17:01 --> 404 Page Not Found: 
ERROR - 2019-05-28 16:18:37 --> 404 Page Not Found: 
ERROR - 2019-05-28 16:20:51 --> 404 Page Not Found: 
ERROR - 2019-05-28 16:21:39 --> 404 Page Not Found: 
ERROR - 2019-05-28 16:21:44 --> 404 Page Not Found: 
ERROR - 2019-05-28 16:22:51 --> 404 Page Not Found: 
ERROR - 2019-05-28 16:23:44 --> 404 Page Not Found: 
ERROR - 2019-05-28 16:25:08 --> 404 Page Not Found: 
ERROR - 2019-05-28 16:25:10 --> 404 Page Not Found: 
ERROR - 2019-05-28 16:25:16 --> 404 Page Not Found: 
ERROR - 2019-05-28 16:25:25 --> 404 Page Not Found: 
ERROR - 2019-05-28 16:25:33 --> 404 Page Not Found: 
ERROR - 2019-05-28 16:25:36 --> 404 Page Not Found: 
ERROR - 2019-05-28 16:25:56 --> 404 Page Not Found: 
ERROR - 2019-05-28 16:25:57 --> 404 Page Not Found: 
ERROR - 2019-05-28 16:26:12 --> 404 Page Not Found: 
ERROR - 2019-05-28 16:28:20 --> 404 Page Not Found: 
ERROR - 2019-05-28 16:29:55 --> 404 Page Not Found: 
ERROR - 2019-05-28 16:30:24 --> 404 Page Not Found: 
ERROR - 2019-05-28 16:30:38 --> 404 Page Not Found: 
ERROR - 2019-05-28 16:35:18 --> Severity: Warning --> rename(uploads/floor_plans/layout-plan-revised.jpg,uploads/apex-athena/layout-plan-revised.jpg): No such file or directory /home/fullbasketproper/public_html/application/controllers/admin/Properties.php 282
ERROR - 2019-05-28 16:40:58 --> 404 Page Not Found: 
ERROR - 2019-05-28 16:46:08 --> 404 Page Not Found: 
ERROR - 2019-05-28 16:51:09 --> 404 Page Not Found: 
ERROR - 2019-05-28 16:51:14 --> 404 Page Not Found: 
ERROR - 2019-05-28 16:55:08 --> 404 Page Not Found: 
ERROR - 2019-05-28 16:55:08 --> 404 Page Not Found: 
ERROR - 2019-05-28 16:55:34 --> 404 Page Not Found: 
ERROR - 2019-05-28 17:03:35 --> Severity: Warning --> Division by zero /home/fullbasketproper/public_html/application/core/Public_Controller.php 47
ERROR - 2019-05-28 17:05:11 --> 404 Page Not Found: 
ERROR - 2019-05-28 17:11:11 --> 404 Page Not Found: 
ERROR - 2019-05-28 17:16:00 --> 404 Page Not Found: 
ERROR - 2019-05-28 17:16:22 --> 404 Page Not Found: 
ERROR - 2019-05-28 17:16:35 --> 404 Page Not Found: 
ERROR - 2019-05-28 17:16:46 --> 404 Page Not Found: 
ERROR - 2019-05-28 17:16:48 --> 404 Page Not Found: 
ERROR - 2019-05-28 17:16:49 --> Severity: Warning --> Division by zero /home/fullbasketproper/public_html/application/core/Public_Controller.php 47
ERROR - 2019-05-28 17:17:00 --> 404 Page Not Found: 
ERROR - 2019-05-28 17:17:03 --> 404 Page Not Found: 
ERROR - 2019-05-28 17:17:03 --> 404 Page Not Found: 
ERROR - 2019-05-28 17:17:16 --> 404 Page Not Found: 
ERROR - 2019-05-28 17:17:38 --> 404 Page Not Found: 
ERROR - 2019-05-28 17:17:55 --> 404 Page Not Found: 
ERROR - 2019-05-28 17:21:45 --> 404 Page Not Found: 
ERROR - 2019-05-28 17:22:18 --> 404 Page Not Found: 
ERROR - 2019-05-28 17:22:24 --> 404 Page Not Found: 
ERROR - 2019-05-28 17:22:59 --> 404 Page Not Found: 
ERROR - 2019-05-28 17:27:33 --> 404 Page Not Found: 
ERROR - 2019-05-28 17:28:09 --> 404 Page Not Found: 
ERROR - 2019-05-28 17:31:28 --> 404 Page Not Found: 
ERROR - 2019-05-28 17:31:31 --> 404 Page Not Found: 
ERROR - 2019-05-28 17:32:28 --> 404 Page Not Found: 
ERROR - 2019-05-28 17:32:43 --> 404 Page Not Found: 
ERROR - 2019-05-28 17:33:34 --> 404 Page Not Found: 
ERROR - 2019-05-28 17:33:35 --> 404 Page Not Found: 
ERROR - 2019-05-28 17:33:40 --> 404 Page Not Found: 
ERROR - 2019-05-28 17:33:47 --> 404 Page Not Found: 
ERROR - 2019-05-28 17:34:19 --> 404 Page Not Found: 
ERROR - 2019-05-28 17:34:34 --> 404 Page Not Found: 
ERROR - 2019-05-28 17:35:53 --> 404 Page Not Found: 
ERROR - 2019-05-28 17:36:40 --> 404 Page Not Found: 
ERROR - 2019-05-28 17:36:42 --> 404 Page Not Found: 
ERROR - 2019-05-28 17:36:44 --> 404 Page Not Found: 
ERROR - 2019-05-28 17:36:51 --> 404 Page Not Found: 
ERROR - 2019-05-28 17:36:54 --> 404 Page Not Found: 
ERROR - 2019-05-28 17:36:55 --> 404 Page Not Found: 
ERROR - 2019-05-28 17:36:56 --> 404 Page Not Found: 
ERROR - 2019-05-28 17:37:10 --> 404 Page Not Found: 
ERROR - 2019-05-28 17:37:15 --> 404 Page Not Found: 
ERROR - 2019-05-28 17:37:20 --> 404 Page Not Found: 
ERROR - 2019-05-28 17:37:41 --> 404 Page Not Found: 
ERROR - 2019-05-28 17:37:43 --> 404 Page Not Found: 
ERROR - 2019-05-28 17:38:32 --> 404 Page Not Found: 
ERROR - 2019-05-28 17:38:32 --> 404 Page Not Found: 
ERROR - 2019-05-28 17:39:13 --> 404 Page Not Found: 
ERROR - 2019-05-28 17:39:26 --> 404 Page Not Found: 
ERROR - 2019-05-28 17:39:27 --> 404 Page Not Found: 
ERROR - 2019-05-28 17:39:31 --> 404 Page Not Found: 
ERROR - 2019-05-28 17:39:34 --> 404 Page Not Found: 
ERROR - 2019-05-28 17:39:35 --> Severity: Warning --> unlink(uploads/sliders/3a9d6259bfea75a5cdab6fb27b602b30.JPG): No such file or directory /home/fullbasketproper/public_html/application/controllers/admin/Sliders.php 231
ERROR - 2019-05-28 17:40:11 --> 404 Page Not Found: 
ERROR - 2019-05-28 17:40:40 --> 404 Page Not Found: 
ERROR - 2019-05-28 17:41:59 --> 404 Page Not Found: 
ERROR - 2019-05-28 17:42:42 --> 404 Page Not Found: 
ERROR - 2019-05-28 17:43:37 --> 404 Page Not Found: 
ERROR - 2019-05-28 17:43:55 --> 404 Page Not Found: 
ERROR - 2019-05-28 17:43:58 --> 404 Page Not Found: 
ERROR - 2019-05-28 17:44:41 --> 404 Page Not Found: 
ERROR - 2019-05-28 17:47:39 --> 404 Page Not Found: 
ERROR - 2019-05-28 17:48:07 --> 404 Page Not Found: 
ERROR - 2019-05-28 17:48:19 --> 404 Page Not Found: 
ERROR - 2019-05-28 17:48:29 --> 404 Page Not Found: 
ERROR - 2019-05-28 17:48:34 --> 404 Page Not Found: 
ERROR - 2019-05-28 17:48:53 --> 404 Page Not Found: 
ERROR - 2019-05-28 17:49:09 --> 404 Page Not Found: 
ERROR - 2019-05-28 17:49:22 --> 404 Page Not Found: 
ERROR - 2019-05-28 17:49:30 --> 404 Page Not Found: 
ERROR - 2019-05-28 17:50:26 --> 404 Page Not Found: 
ERROR - 2019-05-28 17:50:30 --> 404 Page Not Found: 
ERROR - 2019-05-28 17:50:35 --> 404 Page Not Found: 
ERROR - 2019-05-28 17:50:45 --> 404 Page Not Found: 
ERROR - 2019-05-28 17:50:55 --> 404 Page Not Found: 
ERROR - 2019-05-28 17:50:57 --> 404 Page Not Found: 
ERROR - 2019-05-28 17:50:58 --> 404 Page Not Found: 
ERROR - 2019-05-28 17:51:03 --> 404 Page Not Found: 
ERROR - 2019-05-28 17:51:06 --> 404 Page Not Found: 
ERROR - 2019-05-28 17:51:22 --> 404 Page Not Found: 
ERROR - 2019-05-28 17:51:25 --> 404 Page Not Found: 
ERROR - 2019-05-28 17:51:27 --> 404 Page Not Found: 
ERROR - 2019-05-28 17:51:46 --> 404 Page Not Found: 
ERROR - 2019-05-28 17:51:48 --> 404 Page Not Found: 
ERROR - 2019-05-28 17:52:16 --> 404 Page Not Found: 
ERROR - 2019-05-28 17:52:25 --> 404 Page Not Found: 
ERROR - 2019-05-28 17:52:37 --> 404 Page Not Found: 
ERROR - 2019-05-28 17:52:40 --> 404 Page Not Found: 
ERROR - 2019-05-28 17:52:46 --> 404 Page Not Found: 
ERROR - 2019-05-28 17:52:54 --> 404 Page Not Found: 
ERROR - 2019-05-28 17:53:03 --> 404 Page Not Found: 
ERROR - 2019-05-28 17:53:14 --> 404 Page Not Found: 
ERROR - 2019-05-28 17:53:16 --> 404 Page Not Found: 
ERROR - 2019-05-28 17:53:18 --> 404 Page Not Found: 
ERROR - 2019-05-28 17:53:18 --> 404 Page Not Found: 
ERROR - 2019-05-28 17:53:19 --> 404 Page Not Found: 
ERROR - 2019-05-28 17:53:36 --> 404 Page Not Found: 
ERROR - 2019-05-28 17:53:46 --> 404 Page Not Found: 
ERROR - 2019-05-28 17:54:06 --> 404 Page Not Found: 
ERROR - 2019-05-28 17:54:13 --> 404 Page Not Found: 
ERROR - 2019-05-28 17:54:13 --> 404 Page Not Found: 
ERROR - 2019-05-28 17:54:38 --> 404 Page Not Found: 
ERROR - 2019-05-28 17:55:54 --> 404 Page Not Found: 
ERROR - 2019-05-28 17:56:12 --> 404 Page Not Found: 
ERROR - 2019-05-28 17:56:46 --> 404 Page Not Found: 
ERROR - 2019-05-28 17:56:49 --> 404 Page Not Found: 
ERROR - 2019-05-28 17:56:54 --> 404 Page Not Found: 
ERROR - 2019-05-28 17:57:06 --> 404 Page Not Found: 
ERROR - 2019-05-28 17:57:17 --> 404 Page Not Found: 
ERROR - 2019-05-28 17:57:26 --> 404 Page Not Found: 
ERROR - 2019-05-28 17:58:20 --> 404 Page Not Found: 
ERROR - 2019-05-28 17:59:33 --> 404 Page Not Found: 
ERROR - 2019-05-28 17:59:40 --> 404 Page Not Found: 
ERROR - 2019-05-28 18:01:13 --> 404 Page Not Found: 
ERROR - 2019-05-28 18:03:12 --> 404 Page Not Found: 
ERROR - 2019-05-28 18:04:12 --> 404 Page Not Found: 
ERROR - 2019-05-28 18:04:58 --> 404 Page Not Found: 
ERROR - 2019-05-28 18:05:02 --> 404 Page Not Found: 
ERROR - 2019-05-28 18:05:12 --> 404 Page Not Found: 
ERROR - 2019-05-28 18:05:20 --> 404 Page Not Found: 
ERROR - 2019-05-28 18:06:09 --> 404 Page Not Found: 
ERROR - 2019-05-28 18:06:20 --> 404 Page Not Found: 
ERROR - 2019-05-28 18:06:26 --> 404 Page Not Found: 
ERROR - 2019-05-28 18:06:33 --> 404 Page Not Found: 
ERROR - 2019-05-28 18:08:06 --> 404 Page Not Found: 
ERROR - 2019-05-28 18:09:31 --> 404 Page Not Found: 
ERROR - 2019-05-28 18:10:52 --> 404 Page Not Found: 
ERROR - 2019-05-28 18:11:17 --> 404 Page Not Found: 
ERROR - 2019-05-28 18:11:32 --> 404 Page Not Found: 
ERROR - 2019-05-28 18:12:23 --> 404 Page Not Found: 
ERROR - 2019-05-28 18:14:22 --> 404 Page Not Found: 
ERROR - 2019-05-28 18:14:34 --> 404 Page Not Found: 
ERROR - 2019-05-28 18:14:41 --> 404 Page Not Found: 
ERROR - 2019-05-28 18:15:23 --> 404 Page Not Found: 
ERROR - 2019-05-28 18:18:46 --> 404 Page Not Found: 
ERROR - 2019-05-28 18:20:02 --> 404 Page Not Found: 
ERROR - 2019-05-28 18:20:39 --> 404 Page Not Found: 
ERROR - 2019-05-28 18:20:49 --> 404 Page Not Found: 
ERROR - 2019-05-28 18:21:03 --> 404 Page Not Found: 
ERROR - 2019-05-28 18:21:09 --> 404 Page Not Found: 
ERROR - 2019-05-28 18:21:31 --> 404 Page Not Found: 
ERROR - 2019-05-28 18:22:14 --> 404 Page Not Found: 
ERROR - 2019-05-28 18:22:16 --> 404 Page Not Found: 
ERROR - 2019-05-28 18:22:17 --> 404 Page Not Found: 
ERROR - 2019-05-28 18:22:23 --> 404 Page Not Found: 
ERROR - 2019-05-28 18:22:41 --> 404 Page Not Found: 
ERROR - 2019-05-28 18:22:43 --> 404 Page Not Found: 
ERROR - 2019-05-28 18:26:03 --> 404 Page Not Found: 
ERROR - 2019-05-28 18:26:19 --> 404 Page Not Found: 
ERROR - 2019-05-28 18:29:56 --> 404 Page Not Found: 
ERROR - 2019-05-28 18:30:05 --> 404 Page Not Found: 
ERROR - 2019-05-28 18:31:45 --> 404 Page Not Found: 
ERROR - 2019-05-28 18:32:01 --> 404 Page Not Found: 
ERROR - 2019-05-28 18:32:09 --> 404 Page Not Found: 
ERROR - 2019-05-28 18:32:12 --> 404 Page Not Found: 
ERROR - 2019-05-28 18:32:27 --> 404 Page Not Found: 
ERROR - 2019-05-28 18:32:57 --> 404 Page Not Found: 
ERROR - 2019-05-28 18:33:14 --> 404 Page Not Found: 
ERROR - 2019-05-28 18:33:48 --> 404 Page Not Found: 
ERROR - 2019-05-28 18:35:04 --> 404 Page Not Found: 
ERROR - 2019-05-28 18:35:04 --> 404 Page Not Found: 
ERROR - 2019-05-28 18:35:33 --> 404 Page Not Found: 
ERROR - 2019-05-28 18:35:45 --> 404 Page Not Found: 
ERROR - 2019-05-28 18:45:55 --> 404 Page Not Found: 
ERROR - 2019-05-28 18:49:39 --> 404 Page Not Found: 
ERROR - 2019-05-28 18:54:09 --> 404 Page Not Found: 
ERROR - 2019-05-28 19:02:27 --> 404 Page Not Found: 
ERROR - 2019-05-28 19:22:36 --> 404 Page Not Found: 
ERROR - 2019-05-28 19:31:50 --> 404 Page Not Found: 
ERROR - 2019-05-28 19:33:17 --> 404 Page Not Found: 
ERROR - 2019-05-28 19:34:16 --> 404 Page Not Found: 
ERROR - 2019-05-28 19:34:21 --> 404 Page Not Found: 
ERROR - 2019-05-28 19:37:54 --> 404 Page Not Found: 
ERROR - 2019-05-28 19:56:08 --> 404 Page Not Found: 
ERROR - 2019-05-28 20:04:28 --> 404 Page Not Found: 
ERROR - 2019-05-28 20:04:49 --> 404 Page Not Found: 
ERROR - 2019-05-28 20:11:11 --> 404 Page Not Found: 
ERROR - 2019-05-28 20:18:23 --> 404 Page Not Found: 
ERROR - 2019-05-28 21:23:10 --> 404 Page Not Found: 
ERROR - 2019-05-28 21:33:58 --> 404 Page Not Found: 
ERROR - 2019-05-28 21:57:48 --> 404 Page Not Found: 
ERROR - 2019-05-28 22:01:12 --> 404 Page Not Found: 
ERROR - 2019-05-28 22:03:13 --> 404 Page Not Found: 
ERROR - 2019-05-28 22:03:20 --> 404 Page Not Found: 
ERROR - 2019-05-28 22:08:17 --> 404 Page Not Found: 
ERROR - 2019-05-28 22:16:52 --> 404 Page Not Found: 
ERROR - 2019-05-28 22:27:12 --> 404 Page Not Found: 
ERROR - 2019-05-28 22:28:38 --> 404 Page Not Found: 
ERROR - 2019-05-28 22:33:41 --> 404 Page Not Found: 
ERROR - 2019-05-28 22:41:40 --> 404 Page Not Found: 
ERROR - 2019-05-28 22:45:33 --> 404 Page Not Found: 
ERROR - 2019-05-28 22:45:38 --> 404 Page Not Found: 
ERROR - 2019-05-28 22:49:45 --> 404 Page Not Found: 
ERROR - 2019-05-28 22:52:20 --> 404 Page Not Found: 
ERROR - 2019-05-28 22:52:40 --> 404 Page Not Found: 
ERROR - 2019-05-28 22:53:14 --> 404 Page Not Found: 
ERROR - 2019-05-28 22:54:20 --> 404 Page Not Found: 
ERROR - 2019-05-28 23:02:37 --> 404 Page Not Found: 
ERROR - 2019-05-28 23:03:57 --> 404 Page Not Found: 
ERROR - 2019-05-28 23:04:00 --> 404 Page Not Found: 
ERROR - 2019-05-28 23:06:12 --> 404 Page Not Found: 
ERROR - 2019-05-28 23:15:48 --> 404 Page Not Found: 
ERROR - 2019-05-28 23:42:22 --> 404 Page Not Found: 
