ERROR - 2018-05-31 00:03:20 --> 404 Page Not Found: 
ERROR - 2018-05-31 00:35:31 --> 404 Page Not Found: 
ERROR - 2018-05-31 00:38:46 --> 404 Page Not Found: 
ERROR - 2018-05-31 01:21:17 --> 404 Page Not Found: 
ERROR - 2018-05-31 01:53:03 --> 404 Page Not Found: 
ERROR - 2018-05-31 02:45:00 --> 404 Page Not Found: 
ERROR - 2018-05-31 03:57:15 --> 404 Page Not Found: 
ERROR - 2018-05-31 05:35:02 --> 404 Page Not Found: 
ERROR - 2018-05-31 06:52:13 --> 404 Page Not Found: 
ERROR - 2018-05-31 07:20:47 --> 404 Page Not Found: 
ERROR - 2018-05-31 07:23:35 --> Severity: Warning --> Division by zero /home/nkmtein/public_html/fullbasketproperty.com/application/core/Public_Controller.php 47
ERROR - 2018-05-31 07:26:31 --> 404 Page Not Found: 
ERROR - 2018-05-31 09:03:14 --> 404 Page Not Found: 
ERROR - 2018-05-31 09:03:14 --> 404 Page Not Found: 
ERROR - 2018-05-31 10:58:57 --> 404 Page Not Found: 
ERROR - 2018-05-31 11:09:21 --> 404 Page Not Found: 
ERROR - 2018-05-31 11:09:52 --> Severity: Warning --> Division by zero /home/nkmtein/public_html/fullbasketproperty.com/application/core/Public_Controller.php 47
ERROR - 2018-05-31 11:10:56 --> Severity: Warning --> Division by zero /home/nkmtein/public_html/fullbasketproperty.com/application/core/Public_Controller.php 47
ERROR - 2018-05-31 11:11:04 --> Severity: Warning --> Division by zero /home/nkmtein/public_html/fullbasketproperty.com/application/core/Public_Controller.php 47
ERROR - 2018-05-31 11:11:48 --> Severity: Warning --> Division by zero /home/nkmtein/public_html/fullbasketproperty.com/application/core/Public_Controller.php 47
ERROR - 2018-05-31 11:11:54 --> Severity: Warning --> Division by zero /home/nkmtein/public_html/fullbasketproperty.com/application/core/Public_Controller.php 47
ERROR - 2018-05-31 11:12:03 --> Severity: Warning --> Division by zero /home/nkmtein/public_html/fullbasketproperty.com/application/core/Public_Controller.php 47
ERROR - 2018-05-31 11:12:09 --> Severity: Warning --> Division by zero /home/nkmtein/public_html/fullbasketproperty.com/application/core/Public_Controller.php 47
ERROR - 2018-05-31 11:12:27 --> Severity: Warning --> Division by zero /home/nkmtein/public_html/fullbasketproperty.com/application/core/Public_Controller.php 47
ERROR - 2018-05-31 11:12:37 --> Severity: Warning --> Division by zero /home/nkmtein/public_html/fullbasketproperty.com/application/core/Public_Controller.php 47
ERROR - 2018-05-31 11:12:46 --> Severity: Warning --> Division by zero /home/nkmtein/public_html/fullbasketproperty.com/application/core/Public_Controller.php 47
ERROR - 2018-05-31 11:13:25 --> Severity: Warning --> Division by zero /home/nkmtein/public_html/fullbasketproperty.com/application/core/Public_Controller.php 47
ERROR - 2018-05-31 11:13:31 --> Severity: Warning --> Division by zero /home/nkmtein/public_html/fullbasketproperty.com/application/core/Public_Controller.php 47
ERROR - 2018-05-31 11:13:36 --> Severity: Warning --> Division by zero /home/nkmtein/public_html/fullbasketproperty.com/application/core/Public_Controller.php 47
ERROR - 2018-05-31 11:13:41 --> Severity: Warning --> Division by zero /home/nkmtein/public_html/fullbasketproperty.com/application/core/Public_Controller.php 47
ERROR - 2018-05-31 11:14:44 --> Severity: Warning --> Division by zero /home/nkmtein/public_html/fullbasketproperty.com/application/core/Public_Controller.php 47
ERROR - 2018-05-31 11:14:58 --> Severity: Warning --> Division by zero /home/nkmtein/public_html/fullbasketproperty.com/application/core/Public_Controller.php 47
ERROR - 2018-05-31 11:15:07 --> Severity: Warning --> Division by zero /home/nkmtein/public_html/fullbasketproperty.com/application/core/Public_Controller.php 47
ERROR - 2018-05-31 11:15:24 --> 404 Page Not Found: 
ERROR - 2018-05-31 11:15:54 --> Severity: Warning --> Division by zero /home/nkmtein/public_html/fullbasketproperty.com/application/core/Public_Controller.php 47
ERROR - 2018-05-31 11:16:20 --> Severity: Warning --> Division by zero /home/nkmtein/public_html/fullbasketproperty.com/application/core/Public_Controller.php 47
ERROR - 2018-05-31 11:16:43 --> Severity: Warning --> Division by zero /home/nkmtein/public_html/fullbasketproperty.com/application/core/Public_Controller.php 47
ERROR - 2018-05-31 11:17:55 --> Severity: Warning --> Division by zero /home/nkmtein/public_html/fullbasketproperty.com/application/core/Public_Controller.php 47
ERROR - 2018-05-31 11:18:13 --> 404 Page Not Found: 
ERROR - 2018-05-31 11:18:21 --> Severity: Warning --> Division by zero /home/nkmtein/public_html/fullbasketproperty.com/application/core/Public_Controller.php 47
ERROR - 2018-05-31 11:23:22 --> Severity: Warning --> Division by zero /home/nkmtein/public_html/fullbasketproperty.com/application/core/Public_Controller.php 47
ERROR - 2018-05-31 11:23:34 --> Severity: Warning --> Division by zero /home/nkmtein/public_html/fullbasketproperty.com/application/core/Public_Controller.php 47
ERROR - 2018-05-31 11:23:34 --> Severity: Warning --> Unknown: Failed to write session data (user). Please verify that the current setting of session.save_path is correct (ci_sessions) Unknown 0
ERROR - 2018-05-31 11:23:52 --> 404 Page Not Found: 
ERROR - 2018-05-31 11:23:58 --> Severity: Warning --> Division by zero /home/nkmtein/public_html/fullbasketproperty.com/application/core/Public_Controller.php 47
ERROR - 2018-05-31 11:23:59 --> Severity: Warning --> Unknown: Failed to write session data (user). Please verify that the current setting of session.save_path is correct (ci_sessions) Unknown 0
ERROR - 2018-05-31 11:24:02 --> Severity: Warning --> Division by zero /home/nkmtein/public_html/fullbasketproperty.com/application/core/Public_Controller.php 47
ERROR - 2018-05-31 11:24:03 --> Severity: Warning --> Unknown: Failed to write session data (user). Please verify that the current setting of session.save_path is correct (ci_sessions) Unknown 0
ERROR - 2018-05-31 11:25:53 --> 404 Page Not Found: 
ERROR - 2018-05-31 11:28:24 --> Severity: Warning --> Division by zero /home/nkmtein/public_html/fullbasketproperty.com/application/core/Public_Controller.php 47
ERROR - 2018-05-31 11:28:34 --> Severity: Warning --> Division by zero /home/nkmtein/public_html/fullbasketproperty.com/application/core/Public_Controller.php 47
ERROR - 2018-05-31 11:28:35 --> Severity: Warning --> Unknown: Failed to write session data (user). Please verify that the current setting of session.save_path is correct (ci_sessions) Unknown 0
ERROR - 2018-05-31 11:29:03 --> Severity: Warning --> Division by zero /home/nkmtein/public_html/fullbasketproperty.com/application/core/Public_Controller.php 47
ERROR - 2018-05-31 11:29:04 --> Severity: Warning --> Unknown: Failed to write session data (user). Please verify that the current setting of session.save_path is correct (ci_sessions) Unknown 0
ERROR - 2018-05-31 11:29:14 --> Severity: Warning --> Division by zero /home/nkmtein/public_html/fullbasketproperty.com/application/core/Public_Controller.php 47
ERROR - 2018-05-31 11:29:15 --> Severity: Warning --> Unknown: Failed to write session data (user). Please verify that the current setting of session.save_path is correct (ci_sessions) Unknown 0
ERROR - 2018-05-31 11:33:25 --> Severity: Warning --> Division by zero /home/nkmtein/public_html/fullbasketproperty.com/application/core/Public_Controller.php 47
ERROR - 2018-05-31 13:15:59 --> Severity: Warning --> Division by zero /home/nkmtein/public_html/fullbasketproperty.com/application/core/Public_Controller.php 47
ERROR - 2018-05-31 13:16:21 --> Severity: Warning --> Division by zero /home/nkmtein/public_html/fullbasketproperty.com/application/core/Public_Controller.php 47
ERROR - 2018-05-31 13:22:25 --> 404 Page Not Found: 
ERROR - 2018-05-31 13:54:42 --> 404 Page Not Found: 
ERROR - 2018-05-31 14:54:49 --> 404 Page Not Found: 
ERROR - 2018-05-31 15:21:20 --> 404 Page Not Found: 
ERROR - 2018-05-31 15:22:02 --> 404 Page Not Found: 
ERROR - 2018-05-31 15:23:01 --> Severity: Warning --> Division by zero /home/nkmtein/public_html/fullbasketproperty.com/application/core/Public_Controller.php 47
ERROR - 2018-05-31 15:23:20 --> Severity: Warning --> Division by zero /home/nkmtein/public_html/fullbasketproperty.com/application/core/Public_Controller.php 47
ERROR - 2018-05-31 15:23:29 --> Severity: Warning --> Division by zero /home/nkmtein/public_html/fullbasketproperty.com/application/core/Public_Controller.php 47
ERROR - 2018-05-31 15:33:43 --> 404 Page Not Found: 
ERROR - 2018-05-31 16:07:31 --> 404 Page Not Found: 
ERROR - 2018-05-31 16:14:54 --> 404 Page Not Found: 
ERROR - 2018-05-31 16:19:06 --> 404 Page Not Found: 
ERROR - 2018-05-31 16:27:28 --> 404 Page Not Found: 
ERROR - 2018-05-31 17:24:08 --> 404 Page Not Found: 
ERROR - 2018-05-31 19:20:22 --> 404 Page Not Found: 
ERROR - 2018-05-31 20:53:42 --> 404 Page Not Found: 
ERROR - 2018-05-31 21:39:10 --> Query error: You have an error in your SQL syntax; check the manual that corresponds to your MySQL server version for the right syntax to use near '-10, 10' at line 11 - Invalid query: SELECT DISTINCT `p`.*, `c`.`name` as `city_name`, `ps`.`name` as `property_status`, `pt`.`name` as `prop_type`, `b`.`name` as `builder`, `l`.`name` as `location`
FROM `properties` `p`
LEFT JOIN `cities` `c` ON `p`.`city_id` = `c`.`id`
LEFT JOIN `builders` `b` ON `p`.`builder_id` = `b`.`id`
LEFT JOIN `locations` `l` ON `p`.`location_id` = `l`.`id`
LEFT JOIN `property_types` `pt` ON `p`.`property_type_id` = `pt`.`id`
LEFT JOIN `property_status` `ps` ON `p`.`property_status_id` = `ps`.`id`
LEFT JOIN `property_amenities` `pa` ON `pa`.`property_id` = `p`.`id`
WHERE `p`.`status` = 1
ORDER BY `p`.`id` DESC
 LIMIT -10, 10
ERROR - 2018-05-31 22:16:22 --> 404 Page Not Found: 
