ERROR - 2018-01-24 00:27:30 --> Severity: Warning --> fsockopen(): unable to connect to ssl://smtp.gmail.com:465 (Network is unreachable) /home/nkmtein/public_html/fullbasketproperty.com/system/libraries/Email.php 2055
ERROR - 2018-01-24 02:45:19 --> Severity: Warning --> fsockopen(): unable to connect to ssl://smtp.gmail.com:465 (Network is unreachable) /home/nkmtein/public_html/fullbasketproperty.com/system/libraries/Email.php 2055
ERROR - 2018-01-24 03:08:12 --> Severity: Warning --> fsockopen(): unable to connect to ssl://smtp.gmail.com:465 (Network is unreachable) /home/nkmtein/public_html/fullbasketproperty.com/system/libraries/Email.php 2055
ERROR - 2018-01-24 03:29:58 --> Severity: Warning --> fsockopen(): unable to connect to ssl://smtp.gmail.com:465 (Network is unreachable) /home/nkmtein/public_html/fullbasketproperty.com/system/libraries/Email.php 2055
ERROR - 2018-01-24 04:30:04 --> Severity: Warning --> fsockopen(): unable to connect to ssl://smtp.gmail.com:465 (Network is unreachable) /home/nkmtein/public_html/fullbasketproperty.com/system/libraries/Email.php 2055
ERROR - 2018-01-24 05:48:04 --> Query error: Table 'nkmtein_fullbasket_new.subscribers' doesn't exist - Invalid query: SELECT *
FROM `subscribers`
WHERE `email` IS NULL
ERROR - 2018-01-24 05:53:13 --> Severity: Warning --> fsockopen(): unable to connect to ssl://smtp.gmail.com:465 (Network is unreachable) /home/nkmtein/public_html/fullbasketproperty.com/system/libraries/Email.php 2055
ERROR - 2018-01-24 00:25:32 --> Severity: error --> Exception: Oophs. Error! /home/nkmtein/public_html/fullbasketproperty.com/application/third_party/hybridauth/Hybrid/Endpoint.php 212
ERROR - 2018-01-24 06:18:11 --> Severity: Warning --> fsockopen(): unable to connect to ssl://smtp.gmail.com:465 (Network is unreachable) /home/nkmtein/public_html/fullbasketproperty.com/system/libraries/Email.php 2055
ERROR - 2018-01-24 06:42:58 --> Severity: Warning --> fsockopen(): unable to connect to ssl://smtp.gmail.com:465 (Network is unreachable) /home/nkmtein/public_html/fullbasketproperty.com/system/libraries/Email.php 2055
ERROR - 2018-01-24 01:25:31 --> Severity: error --> Exception: Oophs. Error! /home/nkmtein/public_html/fullbasketproperty.com/application/third_party/hybridauth/Hybrid/Endpoint.php 212
ERROR - 2018-01-24 07:22:00 --> Severity: Warning --> fsockopen(): unable to connect to ssl://smtp.gmail.com:465 (Network is unreachable) /home/nkmtein/public_html/fullbasketproperty.com/system/libraries/Email.php 2055
ERROR - 2018-01-24 07:57:06 --> Severity: Warning --> fsockopen(): unable to connect to ssl://smtp.gmail.com:465 (Network is unreachable) /home/nkmtein/public_html/fullbasketproperty.com/system/libraries/Email.php 2055
ERROR - 2018-01-24 11:26:41 --> Severity: Warning --> fsockopen(): unable to connect to ssl://smtp.gmail.com:465 (Network is unreachable) /home/nkmtein/public_html/fullbasketproperty.com/system/libraries/Email.php 2055
ERROR - 2018-01-24 15:51:27 --> Severity: Warning --> include(/home/nkmtein/public_html/fullbasketproperty.com/system/language/english/achievements_lang.php): failed to open stream: No such file or directory /home/nkmtein/public_html/fullbasketproperty.com/application/core/MY_Lang.php 112
ERROR - 2018-01-24 15:51:27 --> Severity: Warning --> include(): Failed opening '/home/nkmtein/public_html/fullbasketproperty.com/system/language/english/achievements_lang.php' for inclusion (include_path='.:/opt/cpanel/ea-php56/root/usr/share/pear') /home/nkmtein/public_html/fullbasketproperty.com/application/core/MY_Lang.php 112
ERROR - 2018-01-24 15:51:27 --> Language file contains no data: language/english/achievements_lang.php
ERROR - 2018-01-24 15:51:27 --> Could not find the language line "achievements title addAchievement"
ERROR - 2018-01-24 15:54:12 --> Severity: Warning --> include(/home/nkmtein/public_html/fullbasketproperty.com/system/language/english/achievements_lang.php): failed to open stream: No such file or directory /home/nkmtein/public_html/fullbasketproperty.com/application/core/MY_Lang.php 112
ERROR - 2018-01-24 15:54:12 --> Severity: Warning --> include(): Failed opening '/home/nkmtein/public_html/fullbasketproperty.com/system/language/english/achievements_lang.php' for inclusion (include_path='.:/opt/cpanel/ea-php56/root/usr/share/pear') /home/nkmtein/public_html/fullbasketproperty.com/application/core/MY_Lang.php 112
ERROR - 2018-01-24 15:54:12 --> Language file contains no data: language/english/achievements_lang.php
ERROR - 2018-01-24 15:54:12 --> Could not find the language line "achievements title addAchievement"
ERROR - 2018-01-24 15:54:14 --> Severity: Warning --> include(/home/nkmtein/public_html/fullbasketproperty.com/system/language/english/achievements_lang.php): failed to open stream: No such file or directory /home/nkmtein/public_html/fullbasketproperty.com/application/core/MY_Lang.php 112
ERROR - 2018-01-24 15:54:14 --> Severity: Warning --> include(): Failed opening '/home/nkmtein/public_html/fullbasketproperty.com/system/language/english/achievements_lang.php' for inclusion (include_path='.:/opt/cpanel/ea-php56/root/usr/share/pear') /home/nkmtein/public_html/fullbasketproperty.com/application/core/MY_Lang.php 112
ERROR - 2018-01-24 15:54:14 --> Language file contains no data: language/english/achievements_lang.php
ERROR - 2018-01-24 15:54:14 --> Could not find the language line "achievements title addAchievement"
ERROR - 2018-01-24 15:54:16 --> Severity: Warning --> include(/home/nkmtein/public_html/fullbasketproperty.com/system/language/english/achievements_lang.php): failed to open stream: No such file or directory /home/nkmtein/public_html/fullbasketproperty.com/application/core/MY_Lang.php 112
ERROR - 2018-01-24 15:54:16 --> Severity: Warning --> include(): Failed opening '/home/nkmtein/public_html/fullbasketproperty.com/system/language/english/achievements_lang.php' for inclusion (include_path='.:/opt/cpanel/ea-php56/root/usr/share/pear') /home/nkmtein/public_html/fullbasketproperty.com/application/core/MY_Lang.php 112
ERROR - 2018-01-24 15:54:16 --> Language file contains no data: language/english/achievements_lang.php
ERROR - 2018-01-24 15:54:16 --> Could not find the language line "achievements title achievements"
ERROR - 2018-01-24 15:54:19 --> Severity: Warning --> include(/home/nkmtein/public_html/fullbasketproperty.com/system/language/english/achievements_lang.php): failed to open stream: No such file or directory /home/nkmtein/public_html/fullbasketproperty.com/application/core/MY_Lang.php 112
ERROR - 2018-01-24 15:54:19 --> Severity: Warning --> include(): Failed opening '/home/nkmtein/public_html/fullbasketproperty.com/system/language/english/achievements_lang.php' for inclusion (include_path='.:/opt/cpanel/ea-php56/root/usr/share/pear') /home/nkmtein/public_html/fullbasketproperty.com/application/core/MY_Lang.php 112
ERROR - 2018-01-24 15:54:19 --> Language file contains no data: language/english/achievements_lang.php
ERROR - 2018-01-24 15:54:19 --> Could not find the language line "achievements title editAchievement"
ERROR - 2018-01-24 15:54:26 --> Severity: Warning --> include(/home/nkmtein/public_html/fullbasketproperty.com/system/language/english/achievements_lang.php): failed to open stream: No such file or directory /home/nkmtein/public_html/fullbasketproperty.com/application/core/MY_Lang.php 112
ERROR - 2018-01-24 15:54:26 --> Severity: Warning --> include(): Failed opening '/home/nkmtein/public_html/fullbasketproperty.com/system/language/english/achievements_lang.php' for inclusion (include_path='.:/opt/cpanel/ea-php56/root/usr/share/pear') /home/nkmtein/public_html/fullbasketproperty.com/application/core/MY_Lang.php 112
ERROR - 2018-01-24 15:54:26 --> Language file contains no data: language/english/achievements_lang.php
ERROR - 2018-01-24 15:54:27 --> Severity: Warning --> include(/home/nkmtein/public_html/fullbasketproperty.com/system/language/english/achievements_lang.php): failed to open stream: No such file or directory /home/nkmtein/public_html/fullbasketproperty.com/application/core/MY_Lang.php 112
ERROR - 2018-01-24 15:54:27 --> Severity: Warning --> include(): Failed opening '/home/nkmtein/public_html/fullbasketproperty.com/system/language/english/achievements_lang.php' for inclusion (include_path='.:/opt/cpanel/ea-php56/root/usr/share/pear') /home/nkmtein/public_html/fullbasketproperty.com/application/core/MY_Lang.php 112
ERROR - 2018-01-24 15:54:27 --> Language file contains no data: language/english/achievements_lang.php
ERROR - 2018-01-24 15:54:27 --> Could not find the language line "achievements title achievements"
ERROR - 2018-01-24 15:55:29 --> Severity: Warning --> include(/home/nkmtein/public_html/fullbasketproperty.com/system/language/english/achievements_lang.php): failed to open stream: No such file or directory /home/nkmtein/public_html/fullbasketproperty.com/application/core/MY_Lang.php 112
ERROR - 2018-01-24 15:55:29 --> Severity: Warning --> include(): Failed opening '/home/nkmtein/public_html/fullbasketproperty.com/system/language/english/achievements_lang.php' for inclusion (include_path='.:/opt/cpanel/ea-php56/root/usr/share/pear') /home/nkmtein/public_html/fullbasketproperty.com/application/core/MY_Lang.php 112
ERROR - 2018-01-24 15:55:29 --> Language file contains no data: language/english/achievements_lang.php
ERROR - 2018-01-24 15:55:29 --> Could not find the language line "achievements title editAchievement"
ERROR - 2018-01-24 15:55:36 --> Severity: Warning --> include(/home/nkmtein/public_html/fullbasketproperty.com/system/language/english/achievements_lang.php): failed to open stream: No such file or directory /home/nkmtein/public_html/fullbasketproperty.com/application/core/MY_Lang.php 112
ERROR - 2018-01-24 15:55:36 --> Severity: Warning --> include(): Failed opening '/home/nkmtein/public_html/fullbasketproperty.com/system/language/english/achievements_lang.php' for inclusion (include_path='.:/opt/cpanel/ea-php56/root/usr/share/pear') /home/nkmtein/public_html/fullbasketproperty.com/application/core/MY_Lang.php 112
ERROR - 2018-01-24 15:55:36 --> Language file contains no data: language/english/achievements_lang.php
ERROR - 2018-01-24 15:55:36 --> Severity: Warning --> include(/home/nkmtein/public_html/fullbasketproperty.com/system/language/english/achievements_lang.php): failed to open stream: No such file or directory /home/nkmtein/public_html/fullbasketproperty.com/application/core/MY_Lang.php 112
ERROR - 2018-01-24 15:55:36 --> Severity: Warning --> include(): Failed opening '/home/nkmtein/public_html/fullbasketproperty.com/system/language/english/achievements_lang.php' for inclusion (include_path='.:/opt/cpanel/ea-php56/root/usr/share/pear') /home/nkmtein/public_html/fullbasketproperty.com/application/core/MY_Lang.php 112
ERROR - 2018-01-24 15:55:36 --> Language file contains no data: language/english/achievements_lang.php
ERROR - 2018-01-24 15:55:36 --> Could not find the language line "achievements title achievements"
ERROR - 2018-01-24 15:57:50 --> Severity: Warning --> include(/home/nkmtein/public_html/fullbasketproperty.com/system/language/english/achievements_lang.php): failed to open stream: No such file or directory /home/nkmtein/public_html/fullbasketproperty.com/application/core/MY_Lang.php 112
ERROR - 2018-01-24 15:57:50 --> Severity: Warning --> include(): Failed opening '/home/nkmtein/public_html/fullbasketproperty.com/system/language/english/achievements_lang.php' for inclusion (include_path='.:/opt/cpanel/ea-php56/root/usr/share/pear') /home/nkmtein/public_html/fullbasketproperty.com/application/core/MY_Lang.php 112
ERROR - 2018-01-24 15:57:50 --> Language file contains no data: language/english/achievements_lang.php
ERROR - 2018-01-24 15:57:50 --> Could not find the language line "achievements title editAchievement"
ERROR - 2018-01-24 15:57:57 --> Severity: Warning --> include(/home/nkmtein/public_html/fullbasketproperty.com/system/language/english/achievements_lang.php): failed to open stream: No such file or directory /home/nkmtein/public_html/fullbasketproperty.com/application/core/MY_Lang.php 112
ERROR - 2018-01-24 15:57:57 --> Severity: Warning --> include(): Failed opening '/home/nkmtein/public_html/fullbasketproperty.com/system/language/english/achievements_lang.php' for inclusion (include_path='.:/opt/cpanel/ea-php56/root/usr/share/pear') /home/nkmtein/public_html/fullbasketproperty.com/application/core/MY_Lang.php 112
ERROR - 2018-01-24 15:57:57 --> Language file contains no data: language/english/achievements_lang.php
ERROR - 2018-01-24 15:57:57 --> Severity: Warning --> include(/home/nkmtein/public_html/fullbasketproperty.com/system/language/english/achievements_lang.php): failed to open stream: No such file or directory /home/nkmtein/public_html/fullbasketproperty.com/application/core/MY_Lang.php 112
ERROR - 2018-01-24 15:57:57 --> Severity: Warning --> include(): Failed opening '/home/nkmtein/public_html/fullbasketproperty.com/system/language/english/achievements_lang.php' for inclusion (include_path='.:/opt/cpanel/ea-php56/root/usr/share/pear') /home/nkmtein/public_html/fullbasketproperty.com/application/core/MY_Lang.php 112
ERROR - 2018-01-24 15:57:57 --> Language file contains no data: language/english/achievements_lang.php
ERROR - 2018-01-24 15:57:57 --> Could not find the language line "achievements title achievements"
ERROR - 2018-01-24 15:58:00 --> Severity: Warning --> include(/home/nkmtein/public_html/fullbasketproperty.com/system/language/english/achievements_lang.php): failed to open stream: No such file or directory /home/nkmtein/public_html/fullbasketproperty.com/application/core/MY_Lang.php 112
ERROR - 2018-01-24 15:58:00 --> Severity: Warning --> include(): Failed opening '/home/nkmtein/public_html/fullbasketproperty.com/system/language/english/achievements_lang.php' for inclusion (include_path='.:/opt/cpanel/ea-php56/root/usr/share/pear') /home/nkmtein/public_html/fullbasketproperty.com/application/core/MY_Lang.php 112
ERROR - 2018-01-24 15:58:00 --> Language file contains no data: language/english/achievements_lang.php
ERROR - 2018-01-24 15:58:00 --> Could not find the language line "achievements title editAchievement"
ERROR - 2018-01-24 15:58:07 --> Severity: Warning --> include(/home/nkmtein/public_html/fullbasketproperty.com/system/language/english/achievements_lang.php): failed to open stream: No such file or directory /home/nkmtein/public_html/fullbasketproperty.com/application/core/MY_Lang.php 112
ERROR - 2018-01-24 15:58:07 --> Severity: Warning --> include(): Failed opening '/home/nkmtein/public_html/fullbasketproperty.com/system/language/english/achievements_lang.php' for inclusion (include_path='.:/opt/cpanel/ea-php56/root/usr/share/pear') /home/nkmtein/public_html/fullbasketproperty.com/application/core/MY_Lang.php 112
ERROR - 2018-01-24 15:58:07 --> Language file contains no data: language/english/achievements_lang.php
ERROR - 2018-01-24 15:58:07 --> Severity: Warning --> include(/home/nkmtein/public_html/fullbasketproperty.com/system/language/english/achievements_lang.php): failed to open stream: No such file or directory /home/nkmtein/public_html/fullbasketproperty.com/application/core/MY_Lang.php 112
ERROR - 2018-01-24 15:58:07 --> Severity: Warning --> include(): Failed opening '/home/nkmtein/public_html/fullbasketproperty.com/system/language/english/achievements_lang.php' for inclusion (include_path='.:/opt/cpanel/ea-php56/root/usr/share/pear') /home/nkmtein/public_html/fullbasketproperty.com/application/core/MY_Lang.php 112
ERROR - 2018-01-24 15:58:07 --> Language file contains no data: language/english/achievements_lang.php
ERROR - 2018-01-24 15:58:07 --> Could not find the language line "achievements title achievements"
ERROR - 2018-01-24 15:58:29 --> Severity: Warning --> include(/home/nkmtein/public_html/fullbasketproperty.com/system/language/english/achievements_lang.php): failed to open stream: No such file or directory /home/nkmtein/public_html/fullbasketproperty.com/application/core/MY_Lang.php 112
ERROR - 2018-01-24 15:58:29 --> Severity: Warning --> include(): Failed opening '/home/nkmtein/public_html/fullbasketproperty.com/system/language/english/achievements_lang.php' for inclusion (include_path='.:/opt/cpanel/ea-php56/root/usr/share/pear') /home/nkmtein/public_html/fullbasketproperty.com/application/core/MY_Lang.php 112
ERROR - 2018-01-24 15:58:29 --> Language file contains no data: language/english/achievements_lang.php
ERROR - 2018-01-24 15:58:29 --> Could not find the language line "achievements title editAchievement"
ERROR - 2018-01-24 15:58:36 --> Severity: Warning --> include(/home/nkmtein/public_html/fullbasketproperty.com/system/language/english/achievements_lang.php): failed to open stream: No such file or directory /home/nkmtein/public_html/fullbasketproperty.com/application/core/MY_Lang.php 112
ERROR - 2018-01-24 15:58:36 --> Severity: Warning --> include(): Failed opening '/home/nkmtein/public_html/fullbasketproperty.com/system/language/english/achievements_lang.php' for inclusion (include_path='.:/opt/cpanel/ea-php56/root/usr/share/pear') /home/nkmtein/public_html/fullbasketproperty.com/application/core/MY_Lang.php 112
ERROR - 2018-01-24 15:58:36 --> Language file contains no data: language/english/achievements_lang.php
ERROR - 2018-01-24 15:58:37 --> Severity: Warning --> include(/home/nkmtein/public_html/fullbasketproperty.com/system/language/english/achievements_lang.php): failed to open stream: No such file or directory /home/nkmtein/public_html/fullbasketproperty.com/application/core/MY_Lang.php 112
ERROR - 2018-01-24 15:58:37 --> Severity: Warning --> include(): Failed opening '/home/nkmtein/public_html/fullbasketproperty.com/system/language/english/achievements_lang.php' for inclusion (include_path='.:/opt/cpanel/ea-php56/root/usr/share/pear') /home/nkmtein/public_html/fullbasketproperty.com/application/core/MY_Lang.php 112
ERROR - 2018-01-24 15:58:37 --> Language file contains no data: language/english/achievements_lang.php
ERROR - 2018-01-24 15:58:37 --> Could not find the language line "achievements title achievements"
ERROR - 2018-01-24 16:01:15 --> Severity: Warning --> include(/home/nkmtein/public_html/fullbasketproperty.com/system/language/english/achievements_lang.php): failed to open stream: No such file or directory /home/nkmtein/public_html/fullbasketproperty.com/application/core/MY_Lang.php 112
ERROR - 2018-01-24 16:01:15 --> Severity: Warning --> include(): Failed opening '/home/nkmtein/public_html/fullbasketproperty.com/system/language/english/achievements_lang.php' for inclusion (include_path='.:/opt/cpanel/ea-php56/root/usr/share/pear') /home/nkmtein/public_html/fullbasketproperty.com/application/core/MY_Lang.php 112
ERROR - 2018-01-24 16:01:15 --> Language file contains no data: language/english/achievements_lang.php
ERROR - 2018-01-24 16:01:15 --> Could not find the language line "achievements title editAchievement"
ERROR - 2018-01-24 16:01:24 --> Severity: Warning --> include(/home/nkmtein/public_html/fullbasketproperty.com/system/language/english/achievements_lang.php): failed to open stream: No such file or directory /home/nkmtein/public_html/fullbasketproperty.com/application/core/MY_Lang.php 112
ERROR - 2018-01-24 16:01:24 --> Severity: Warning --> include(): Failed opening '/home/nkmtein/public_html/fullbasketproperty.com/system/language/english/achievements_lang.php' for inclusion (include_path='.:/opt/cpanel/ea-php56/root/usr/share/pear') /home/nkmtein/public_html/fullbasketproperty.com/application/core/MY_Lang.php 112
ERROR - 2018-01-24 16:01:24 --> Language file contains no data: language/english/achievements_lang.php
ERROR - 2018-01-24 16:01:25 --> Severity: Warning --> include(/home/nkmtein/public_html/fullbasketproperty.com/system/language/english/achievements_lang.php): failed to open stream: No such file or directory /home/nkmtein/public_html/fullbasketproperty.com/application/core/MY_Lang.php 112
ERROR - 2018-01-24 16:01:25 --> Severity: Warning --> include(): Failed opening '/home/nkmtein/public_html/fullbasketproperty.com/system/language/english/achievements_lang.php' for inclusion (include_path='.:/opt/cpanel/ea-php56/root/usr/share/pear') /home/nkmtein/public_html/fullbasketproperty.com/application/core/MY_Lang.php 112
ERROR - 2018-01-24 16:01:25 --> Language file contains no data: language/english/achievements_lang.php
ERROR - 2018-01-24 16:01:25 --> Could not find the language line "achievements title achievements"
ERROR - 2018-01-24 16:03:17 --> Severity: Warning --> include(/home/nkmtein/public_html/fullbasketproperty.com/system/language/english/achievements_lang.php): failed to open stream: No such file or directory /home/nkmtein/public_html/fullbasketproperty.com/application/core/MY_Lang.php 112
ERROR - 2018-01-24 16:03:17 --> Severity: Warning --> include(): Failed opening '/home/nkmtein/public_html/fullbasketproperty.com/system/language/english/achievements_lang.php' for inclusion (include_path='.:/opt/cpanel/ea-php56/root/usr/share/pear') /home/nkmtein/public_html/fullbasketproperty.com/application/core/MY_Lang.php 112
ERROR - 2018-01-24 16:03:17 --> Language file contains no data: language/english/achievements_lang.php
ERROR - 2018-01-24 16:03:17 --> Could not find the language line "achievements title editAchievement"
ERROR - 2018-01-24 16:03:25 --> Severity: Warning --> include(/home/nkmtein/public_html/fullbasketproperty.com/system/language/english/achievements_lang.php): failed to open stream: No such file or directory /home/nkmtein/public_html/fullbasketproperty.com/application/core/MY_Lang.php 112
ERROR - 2018-01-24 16:03:25 --> Severity: Warning --> include(): Failed opening '/home/nkmtein/public_html/fullbasketproperty.com/system/language/english/achievements_lang.php' for inclusion (include_path='.:/opt/cpanel/ea-php56/root/usr/share/pear') /home/nkmtein/public_html/fullbasketproperty.com/application/core/MY_Lang.php 112
ERROR - 2018-01-24 16:03:25 --> Language file contains no data: language/english/achievements_lang.php
ERROR - 2018-01-24 16:03:25 --> Severity: Warning --> include(/home/nkmtein/public_html/fullbasketproperty.com/system/language/english/achievements_lang.php): failed to open stream: No such file or directory /home/nkmtein/public_html/fullbasketproperty.com/application/core/MY_Lang.php 112
ERROR - 2018-01-24 16:03:25 --> Severity: Warning --> include(): Failed opening '/home/nkmtein/public_html/fullbasketproperty.com/system/language/english/achievements_lang.php' for inclusion (include_path='.:/opt/cpanel/ea-php56/root/usr/share/pear') /home/nkmtein/public_html/fullbasketproperty.com/application/core/MY_Lang.php 112
ERROR - 2018-01-24 16:03:25 --> Language file contains no data: language/english/achievements_lang.php
ERROR - 2018-01-24 16:03:25 --> Could not find the language line "achievements title achievements"
ERROR - 2018-01-24 16:06:09 --> Severity: Warning --> include(/home/nkmtein/public_html/fullbasketproperty.com/system/language/english/achievements_lang.php): failed to open stream: No such file or directory /home/nkmtein/public_html/fullbasketproperty.com/application/core/MY_Lang.php 112
ERROR - 2018-01-24 16:06:09 --> Severity: Warning --> include(): Failed opening '/home/nkmtein/public_html/fullbasketproperty.com/system/language/english/achievements_lang.php' for inclusion (include_path='.:/opt/cpanel/ea-php56/root/usr/share/pear') /home/nkmtein/public_html/fullbasketproperty.com/application/core/MY_Lang.php 112
ERROR - 2018-01-24 16:06:09 --> Language file contains no data: language/english/achievements_lang.php
ERROR - 2018-01-24 16:06:09 --> Could not find the language line "achievements title achievements"
ERROR - 2018-01-24 16:06:34 --> Severity: Warning --> include(/home/nkmtein/public_html/fullbasketproperty.com/system/language/english/achievements_lang.php): failed to open stream: No such file or directory /home/nkmtein/public_html/fullbasketproperty.com/application/core/MY_Lang.php 112
ERROR - 2018-01-24 16:06:34 --> Severity: Warning --> include(): Failed opening '/home/nkmtein/public_html/fullbasketproperty.com/system/language/english/achievements_lang.php' for inclusion (include_path='.:/opt/cpanel/ea-php56/root/usr/share/pear') /home/nkmtein/public_html/fullbasketproperty.com/application/core/MY_Lang.php 112
ERROR - 2018-01-24 16:06:34 --> Language file contains no data: language/english/achievements_lang.php
ERROR - 2018-01-24 16:06:34 --> Could not find the language line "achievements title editAchievement"
ERROR - 2018-01-24 16:06:43 --> Severity: Warning --> include(/home/nkmtein/public_html/fullbasketproperty.com/system/language/english/achievements_lang.php): failed to open stream: No such file or directory /home/nkmtein/public_html/fullbasketproperty.com/application/core/MY_Lang.php 112
ERROR - 2018-01-24 16:06:43 --> Severity: Warning --> include(): Failed opening '/home/nkmtein/public_html/fullbasketproperty.com/system/language/english/achievements_lang.php' for inclusion (include_path='.:/opt/cpanel/ea-php56/root/usr/share/pear') /home/nkmtein/public_html/fullbasketproperty.com/application/core/MY_Lang.php 112
ERROR - 2018-01-24 16:06:43 --> Language file contains no data: language/english/achievements_lang.php
ERROR - 2018-01-24 16:06:43 --> Severity: Warning --> include(/home/nkmtein/public_html/fullbasketproperty.com/system/language/english/achievements_lang.php): failed to open stream: No such file or directory /home/nkmtein/public_html/fullbasketproperty.com/application/core/MY_Lang.php 112
ERROR - 2018-01-24 16:06:43 --> Severity: Warning --> include(): Failed opening '/home/nkmtein/public_html/fullbasketproperty.com/system/language/english/achievements_lang.php' for inclusion (include_path='.:/opt/cpanel/ea-php56/root/usr/share/pear') /home/nkmtein/public_html/fullbasketproperty.com/application/core/MY_Lang.php 112
ERROR - 2018-01-24 16:06:43 --> Language file contains no data: language/english/achievements_lang.php
ERROR - 2018-01-24 16:06:43 --> Could not find the language line "achievements title achievements"
ERROR - 2018-01-24 16:06:58 --> Severity: Warning --> include(/home/nkmtein/public_html/fullbasketproperty.com/system/language/english/achievements_lang.php): failed to open stream: No such file or directory /home/nkmtein/public_html/fullbasketproperty.com/application/core/MY_Lang.php 112
ERROR - 2018-01-24 16:06:58 --> Severity: Warning --> include(): Failed opening '/home/nkmtein/public_html/fullbasketproperty.com/system/language/english/achievements_lang.php' for inclusion (include_path='.:/opt/cpanel/ea-php56/root/usr/share/pear') /home/nkmtein/public_html/fullbasketproperty.com/application/core/MY_Lang.php 112
ERROR - 2018-01-24 16:06:58 --> Language file contains no data: language/english/achievements_lang.php
ERROR - 2018-01-24 16:06:58 --> Could not find the language line "achievements title editAchievement"
ERROR - 2018-01-24 16:07:14 --> Severity: Warning --> include(/home/nkmtein/public_html/fullbasketproperty.com/system/language/english/achievements_lang.php): failed to open stream: No such file or directory /home/nkmtein/public_html/fullbasketproperty.com/application/core/MY_Lang.php 112
ERROR - 2018-01-24 16:07:14 --> Severity: Warning --> include(): Failed opening '/home/nkmtein/public_html/fullbasketproperty.com/system/language/english/achievements_lang.php' for inclusion (include_path='.:/opt/cpanel/ea-php56/root/usr/share/pear') /home/nkmtein/public_html/fullbasketproperty.com/application/core/MY_Lang.php 112
ERROR - 2018-01-24 16:07:14 --> Language file contains no data: language/english/achievements_lang.php
ERROR - 2018-01-24 16:07:14 --> Severity: Warning --> include(/home/nkmtein/public_html/fullbasketproperty.com/system/language/english/achievements_lang.php): failed to open stream: No such file or directory /home/nkmtein/public_html/fullbasketproperty.com/application/core/MY_Lang.php 112
ERROR - 2018-01-24 16:07:14 --> Severity: Warning --> include(): Failed opening '/home/nkmtein/public_html/fullbasketproperty.com/system/language/english/achievements_lang.php' for inclusion (include_path='.:/opt/cpanel/ea-php56/root/usr/share/pear') /home/nkmtein/public_html/fullbasketproperty.com/application/core/MY_Lang.php 112
ERROR - 2018-01-24 16:07:14 --> Language file contains no data: language/english/achievements_lang.php
ERROR - 2018-01-24 16:07:14 --> Could not find the language line "achievements title achievements"
ERROR - 2018-01-24 16:07:28 --> Severity: Warning --> include(/home/nkmtein/public_html/fullbasketproperty.com/system/language/english/achievements_lang.php): failed to open stream: No such file or directory /home/nkmtein/public_html/fullbasketproperty.com/application/core/MY_Lang.php 112
ERROR - 2018-01-24 16:07:28 --> Severity: Warning --> include(): Failed opening '/home/nkmtein/public_html/fullbasketproperty.com/system/language/english/achievements_lang.php' for inclusion (include_path='.:/opt/cpanel/ea-php56/root/usr/share/pear') /home/nkmtein/public_html/fullbasketproperty.com/application/core/MY_Lang.php 112
ERROR - 2018-01-24 16:07:28 --> Language file contains no data: language/english/achievements_lang.php
ERROR - 2018-01-24 16:07:28 --> Could not find the language line "achievements title editAchievement"
ERROR - 2018-01-24 16:07:35 --> Severity: Warning --> include(/home/nkmtein/public_html/fullbasketproperty.com/system/language/english/achievements_lang.php): failed to open stream: No such file or directory /home/nkmtein/public_html/fullbasketproperty.com/application/core/MY_Lang.php 112
ERROR - 2018-01-24 16:07:35 --> Severity: Warning --> include(): Failed opening '/home/nkmtein/public_html/fullbasketproperty.com/system/language/english/achievements_lang.php' for inclusion (include_path='.:/opt/cpanel/ea-php56/root/usr/share/pear') /home/nkmtein/public_html/fullbasketproperty.com/application/core/MY_Lang.php 112
ERROR - 2018-01-24 16:07:35 --> Language file contains no data: language/english/achievements_lang.php
ERROR - 2018-01-24 16:07:35 --> Severity: Warning --> include(/home/nkmtein/public_html/fullbasketproperty.com/system/language/english/achievements_lang.php): failed to open stream: No such file or directory /home/nkmtein/public_html/fullbasketproperty.com/application/core/MY_Lang.php 112
ERROR - 2018-01-24 16:07:35 --> Severity: Warning --> include(): Failed opening '/home/nkmtein/public_html/fullbasketproperty.com/system/language/english/achievements_lang.php' for inclusion (include_path='.:/opt/cpanel/ea-php56/root/usr/share/pear') /home/nkmtein/public_html/fullbasketproperty.com/application/core/MY_Lang.php 112
ERROR - 2018-01-24 16:07:35 --> Language file contains no data: language/english/achievements_lang.php
ERROR - 2018-01-24 16:07:35 --> Could not find the language line "achievements title achievements"
ERROR - 2018-01-24 16:07:46 --> Severity: Warning --> include(/home/nkmtein/public_html/fullbasketproperty.com/system/language/english/achievements_lang.php): failed to open stream: No such file or directory /home/nkmtein/public_html/fullbasketproperty.com/application/core/MY_Lang.php 112
ERROR - 2018-01-24 16:07:46 --> Severity: Warning --> include(): Failed opening '/home/nkmtein/public_html/fullbasketproperty.com/system/language/english/achievements_lang.php' for inclusion (include_path='.:/opt/cpanel/ea-php56/root/usr/share/pear') /home/nkmtein/public_html/fullbasketproperty.com/application/core/MY_Lang.php 112
ERROR - 2018-01-24 16:07:46 --> Language file contains no data: language/english/achievements_lang.php
ERROR - 2018-01-24 16:07:46 --> Could not find the language line "achievements title editAchievement"
ERROR - 2018-01-24 16:07:55 --> Severity: Warning --> include(/home/nkmtein/public_html/fullbasketproperty.com/system/language/english/achievements_lang.php): failed to open stream: No such file or directory /home/nkmtein/public_html/fullbasketproperty.com/application/core/MY_Lang.php 112
ERROR - 2018-01-24 16:07:55 --> Severity: Warning --> include(): Failed opening '/home/nkmtein/public_html/fullbasketproperty.com/system/language/english/achievements_lang.php' for inclusion (include_path='.:/opt/cpanel/ea-php56/root/usr/share/pear') /home/nkmtein/public_html/fullbasketproperty.com/application/core/MY_Lang.php 112
ERROR - 2018-01-24 16:07:55 --> Language file contains no data: language/english/achievements_lang.php
ERROR - 2018-01-24 16:07:56 --> Severity: Warning --> include(/home/nkmtein/public_html/fullbasketproperty.com/system/language/english/achievements_lang.php): failed to open stream: No such file or directory /home/nkmtein/public_html/fullbasketproperty.com/application/core/MY_Lang.php 112
ERROR - 2018-01-24 16:07:56 --> Severity: Warning --> include(): Failed opening '/home/nkmtein/public_html/fullbasketproperty.com/system/language/english/achievements_lang.php' for inclusion (include_path='.:/opt/cpanel/ea-php56/root/usr/share/pear') /home/nkmtein/public_html/fullbasketproperty.com/application/core/MY_Lang.php 112
ERROR - 2018-01-24 16:07:56 --> Language file contains no data: language/english/achievements_lang.php
ERROR - 2018-01-24 16:07:56 --> Could not find the language line "achievements title achievements"
ERROR - 2018-01-24 16:37:24 --> Query error: You have an error in your SQL syntax; check the manual that corresponds to your MySQL server version for the right syntax to use near '-10, 10' at line 5 - Invalid query: SELECT *
FROM `builders`
WHERE `status` = 1
ORDER BY `id` DESC
 LIMIT -10, 10
