ERROR - 2018-04-10 03:58:39 --> 404 Page Not Found: 
ERROR - 2018-04-10 03:58:39 --> 404 Page Not Found: 
ERROR - 2018-04-10 05:14:41 --> 404 Page Not Found: 
ERROR - 2018-04-10 05:19:19 --> 404 Page Not Found: 
ERROR - 2018-04-10 05:32:06 --> Query error: You have an error in your SQL syntax; check the manual that corresponds to your MySQL server version for the right syntax to use near '-10, 10' at line 11 - Invalid query: SELECT DISTINCT `p`.*, `c`.`name` as `city_name`, `ps`.`name` as `property_status`, `pt`.`name` as `prop_type`, `b`.`name` as `builder`, `l`.`name` as `location`
FROM `properties` `p`
LEFT JOIN `cities` `c` ON `p`.`city_id` = `c`.`id`
LEFT JOIN `builders` `b` ON `p`.`builder_id` = `b`.`id`
LEFT JOIN `locations` `l` ON `p`.`location_id` = `l`.`id`
LEFT JOIN `property_types` `pt` ON `p`.`property_type_id` = `pt`.`id`
LEFT JOIN `property_status` `ps` ON `p`.`property_status_id` = `ps`.`id`
LEFT JOIN `property_amenities` `pa` ON `pa`.`property_id` = `p`.`id`
WHERE `p`.`status` = 1
ORDER BY `p`.`id` DESC
 LIMIT -10, 10
ERROR - 2018-04-10 05:33:39 --> Query error: You have an error in your SQL syntax; check the manual that corresponds to your MySQL server version for the right syntax to use near '-10, 10' at line 11 - Invalid query: SELECT DISTINCT `p`.*, `c`.`name` as `city_name`, `ps`.`name` as `property_status`, `pt`.`name` as `prop_type`, `b`.`name` as `builder`, `l`.`name` as `location`
FROM `properties` `p`
LEFT JOIN `cities` `c` ON `p`.`city_id` = `c`.`id`
LEFT JOIN `builders` `b` ON `p`.`builder_id` = `b`.`id`
LEFT JOIN `locations` `l` ON `p`.`location_id` = `l`.`id`
LEFT JOIN `property_types` `pt` ON `p`.`property_type_id` = `pt`.`id`
LEFT JOIN `property_status` `ps` ON `p`.`property_status_id` = `ps`.`id`
LEFT JOIN `property_amenities` `pa` ON `pa`.`property_id` = `p`.`id`
WHERE `p`.`status` = 1
ORDER BY `p`.`id` DESC
 LIMIT -10, 10
ERROR - 2018-04-10 05:40:49 --> 404 Page Not Found: 
ERROR - 2018-04-10 05:42:21 --> 404 Page Not Found: 
ERROR - 2018-04-10 05:48:59 --> 404 Page Not Found: 
ERROR - 2018-04-10 05:50:32 --> 404 Page Not Found: 
ERROR - 2018-04-10 05:55:37 --> 404 Page Not Found: 
ERROR - 2018-04-10 05:58:11 --> 404 Page Not Found: 
ERROR - 2018-04-10 07:03:42 --> 404 Page Not Found: 
ERROR - 2018-04-10 11:28:51 --> Severity: Warning --> rename(uploads/elevations/8hw58949.png,uploads/honer-vivantis/8hw58949.png): No such file or directory /home/nkmtein/public_html/fullbasketproperty.com/application/controllers/admin/Properties.php 585
ERROR - 2018-04-10 11:29:01 --> 404 Page Not Found: 
ERROR - 2018-04-10 11:31:46 --> 404 Page Not Found: 
ERROR - 2018-04-10 11:31:54 --> 404 Page Not Found: 
ERROR - 2018-04-10 11:32:57 --> Severity: Warning --> unlink(./uploads/honer-vivantis/ak_1196_569588268-1480052336_700x700.jpeg): No such file or directory /home/nkmtein/public_html/fullbasketproperty.com/application/controllers/admin/Properties.php 778
ERROR - 2018-04-10 11:35:48 --> 404 Page Not Found: 
ERROR - 2018-04-10 11:40:51 --> 404 Page Not Found: 
ERROR - 2018-04-10 11:41:36 --> 404 Page Not Found: 
ERROR - 2018-04-10 11:42:08 --> 404 Page Not Found: 
ERROR - 2018-04-10 11:48:49 --> 404 Page Not Found: 
ERROR - 2018-04-10 11:48:58 --> 404 Page Not Found: 
ERROR - 2018-04-10 11:49:13 --> 404 Page Not Found: 
ERROR - 2018-04-10 11:50:43 --> 404 Page Not Found: 
ERROR - 2018-04-10 11:51:32 --> 404 Page Not Found: 
ERROR - 2018-04-10 11:51:37 --> 404 Page Not Found: 
ERROR - 2018-04-10 11:51:47 --> 404 Page Not Found: 
ERROR - 2018-04-10 11:52:16 --> 404 Page Not Found: 
ERROR - 2018-04-10 11:54:42 --> 404 Page Not Found: 
ERROR - 2018-04-10 11:54:42 --> 404 Page Not Found: 
ERROR - 2018-04-10 11:55:32 --> 404 Page Not Found: 
ERROR - 2018-04-10 11:56:14 --> 404 Page Not Found: 
ERROR - 2018-04-10 11:57:59 --> 404 Page Not Found: 
ERROR - 2018-04-10 11:58:04 --> 404 Page Not Found: 
ERROR - 2018-04-10 11:58:16 --> 404 Page Not Found: 
ERROR - 2018-04-10 11:59:39 --> 404 Page Not Found: 
ERROR - 2018-04-10 11:59:40 --> 404 Page Not Found: 
ERROR - 2018-04-10 12:02:20 --> 404 Page Not Found: 
ERROR - 2018-04-10 12:02:25 --> 404 Page Not Found: 
ERROR - 2018-04-10 12:03:27 --> 404 Page Not Found: 
ERROR - 2018-04-10 12:11:40 --> 404 Page Not Found: 
ERROR - 2018-04-10 12:34:52 --> 404 Page Not Found: 
ERROR - 2018-04-10 12:35:13 --> 404 Page Not Found: 
ERROR - 2018-04-10 12:42:18 --> Severity: Warning --> rename(uploads/elevations/one-galaxia-elevation-34579481.jpeg,uploads/ramky-one-galaxia/one-galaxia-elevation-34579481.jpeg): No such file or directory /home/nkmtein/public_html/fullbasketproperty.com/application/controllers/admin/Properties.php 585
ERROR - 2018-04-10 12:42:28 --> 404 Page Not Found: 
ERROR - 2018-04-10 12:42:28 --> 404 Page Not Found: 
ERROR - 2018-04-10 12:43:02 --> 404 Page Not Found: 
ERROR - 2018-04-10 12:43:02 --> 404 Page Not Found: 
ERROR - 2018-04-10 12:45:32 --> 404 Page Not Found: 
ERROR - 2018-04-10 12:45:32 --> 404 Page Not Found: 
ERROR - 2018-04-10 12:45:32 --> 404 Page Not Found: 
ERROR - 2018-04-10 12:45:48 --> 404 Page Not Found: 
ERROR - 2018-04-10 12:45:48 --> 404 Page Not Found: 
ERROR - 2018-04-10 12:45:48 --> 404 Page Not Found: 
ERROR - 2018-04-10 12:47:28 --> 404 Page Not Found: 
ERROR - 2018-04-10 12:47:28 --> 404 Page Not Found: 
ERROR - 2018-04-10 12:48:58 --> 404 Page Not Found: 
ERROR - 2018-04-10 12:49:05 --> 404 Page Not Found: 
ERROR - 2018-04-10 12:49:06 --> 404 Page Not Found: 
ERROR - 2018-04-10 12:49:06 --> 404 Page Not Found: 
ERROR - 2018-04-10 12:52:53 --> 404 Page Not Found: 
ERROR - 2018-04-10 12:53:04 --> 404 Page Not Found: 
ERROR - 2018-04-10 12:53:32 --> 404 Page Not Found: 
ERROR - 2018-04-10 12:53:32 --> 404 Page Not Found: 
ERROR - 2018-04-10 12:53:32 --> 404 Page Not Found: 
ERROR - 2018-04-10 12:54:26 --> 404 Page Not Found: 
ERROR - 2018-04-10 13:32:38 --> 404 Page Not Found: 
ERROR - 2018-04-10 13:32:39 --> 404 Page Not Found: 
ERROR - 2018-04-10 13:32:39 --> 404 Page Not Found: 
ERROR - 2018-04-10 13:32:53 --> 404 Page Not Found: 
ERROR - 2018-04-10 13:57:28 --> 404 Page Not Found: 
ERROR - 2018-04-10 13:57:28 --> 404 Page Not Found: 
ERROR - 2018-04-10 13:57:29 --> 404 Page Not Found: 
ERROR - 2018-04-10 13:57:36 --> 404 Page Not Found: 
ERROR - 2018-04-10 14:00:59 --> 404 Page Not Found: 
ERROR - 2018-04-10 14:01:08 --> 404 Page Not Found: 
ERROR - 2018-04-10 14:02:46 --> 404 Page Not Found: 
ERROR - 2018-04-10 14:02:51 --> 404 Page Not Found: 
ERROR - 2018-04-10 14:03:48 --> 404 Page Not Found: 
ERROR - 2018-04-10 14:03:48 --> 404 Page Not Found: 
ERROR - 2018-04-10 14:03:48 --> 404 Page Not Found: 
ERROR - 2018-04-10 14:25:21 --> 404 Page Not Found: 
ERROR - 2018-04-10 14:25:31 --> 404 Page Not Found: 
ERROR - 2018-04-10 14:25:31 --> 404 Page Not Found: 
ERROR - 2018-04-10 14:25:32 --> 404 Page Not Found: 
ERROR - 2018-04-10 14:35:13 --> 404 Page Not Found: 
ERROR - 2018-04-10 14:35:19 --> 404 Page Not Found: 
ERROR - 2018-04-10 14:40:27 --> 404 Page Not Found: 
ERROR - 2018-04-10 14:40:30 --> 404 Page Not Found: 
ERROR - 2018-04-10 14:40:43 --> Severity: Warning --> unlink(uploads/ramky-one-galaxia/0704571b583c4af696f34d6cda0be607.jpg): No such file or directory /home/nkmtein/public_html/fullbasketproperty.com/application/controllers/admin/Properties.php 413
ERROR - 2018-04-10 14:40:52 --> 404 Page Not Found: 
ERROR - 2018-04-10 14:40:52 --> 404 Page Not Found: 
ERROR - 2018-04-10 14:43:56 --> 404 Page Not Found: 
ERROR - 2018-04-10 14:43:57 --> 404 Page Not Found: 
ERROR - 2018-04-10 14:52:37 --> 404 Page Not Found: 
ERROR - 2018-04-10 14:52:37 --> 404 Page Not Found: 
ERROR - 2018-04-10 14:53:50 --> 404 Page Not Found: 
ERROR - 2018-04-10 14:54:36 --> 404 Page Not Found: 
ERROR - 2018-04-10 14:54:37 --> 404 Page Not Found: 
ERROR - 2018-04-10 14:55:58 --> 404 Page Not Found: 
ERROR - 2018-04-10 14:55:58 --> 404 Page Not Found: 
ERROR - 2018-04-10 14:56:57 --> 404 Page Not Found: 
ERROR - 2018-04-10 14:56:57 --> 404 Page Not Found: 
ERROR - 2018-04-10 14:57:24 --> 404 Page Not Found: 
ERROR - 2018-04-10 14:57:25 --> 404 Page Not Found: 
ERROR - 2018-04-10 14:59:21 --> 404 Page Not Found: 
ERROR - 2018-04-10 14:59:21 --> 404 Page Not Found: 
ERROR - 2018-04-10 15:00:17 --> 404 Page Not Found: 
ERROR - 2018-04-10 15:00:17 --> 404 Page Not Found: 
ERROR - 2018-04-10 15:03:01 --> 404 Page Not Found: 
ERROR - 2018-04-10 15:03:01 --> 404 Page Not Found: 
ERROR - 2018-04-10 15:09:37 --> 404 Page Not Found: 
ERROR - 2018-04-10 15:09:37 --> 404 Page Not Found: 
ERROR - 2018-04-10 15:49:32 --> 404 Page Not Found: 
ERROR - 2018-04-10 16:21:46 --> 404 Page Not Found: 
ERROR - 2018-04-10 17:25:54 --> 404 Page Not Found: 
ERROR - 2018-04-10 18:06:56 --> 404 Page Not Found: 
ERROR - 2018-04-10 19:25:24 --> 404 Page Not Found: 
ERROR - 2018-04-10 20:39:09 --> 404 Page Not Found: 
ERROR - 2018-04-10 21:21:22 --> 404 Page Not Found: 
