ERROR - 2019-07-27 00:05:50 --> Severity: Warning --> Illegal string offset 'keyword' /home/fullbasketproper/public_html/application/views/listing.php 186
ERROR - 2019-07-27 00:15:29 --> 404 Page Not Found: 
ERROR - 2019-07-27 00:29:32 --> Severity: 4096 --> Object of class CI_Email could not be converted to string /home/fullbasketproper/public_html/application/controllers/Home.php 429
ERROR - 2019-07-27 00:30:47 --> Severity: 4096 --> Object of class CI_Email could not be converted to string /home/fullbasketproper/public_html/application/controllers/Home.php 429
ERROR - 2019-07-27 00:32:17 --> 404 Page Not Found: 
ERROR - 2019-07-27 00:35:47 --> 404 Page Not Found: 
ERROR - 2019-07-27 00:39:09 --> 404 Page Not Found: 
ERROR - 2019-07-27 01:31:16 --> Severity: Warning --> Illegal string offset 'keyword' /home/fullbasketproper/public_html/application/views/listing.php 186
ERROR - 2019-07-27 02:16:25 --> Severity: Warning --> Illegal string offset 'keyword' /home/fullbasketproper/public_html/application/views/listing.php 186
ERROR - 2019-07-27 02:48:26 --> 404 Page Not Found: 
ERROR - 2019-07-27 03:09:24 --> Severity: Warning --> Illegal string offset 'keyword' /home/fullbasketproper/public_html/application/views/listing.php 186
ERROR - 2019-07-27 03:28:38 --> 404 Page Not Found: 
ERROR - 2019-07-27 03:39:30 --> Severity: Warning --> Illegal string offset 'keyword' /home/fullbasketproper/public_html/application/views/listing.php 186
ERROR - 2019-07-27 04:08:51 --> 404 Page Not Found: 
ERROR - 2019-07-27 04:10:29 --> Severity: Warning --> Illegal string offset 'keyword' /home/fullbasketproper/public_html/application/views/listing.php 186
ERROR - 2019-07-27 04:22:21 --> Severity: Warning --> Illegal string offset 'keyword' /home/fullbasketproper/public_html/application/views/listing.php 186
ERROR - 2019-07-27 04:33:04 --> 404 Page Not Found: 
ERROR - 2019-07-27 04:38:24 --> 404 Page Not Found: 
ERROR - 2019-07-27 05:25:36 --> 404 Page Not Found: 
ERROR - 2019-07-27 05:41:25 --> Severity: Warning --> Illegal string offset 'keyword' /home/fullbasketproper/public_html/application/views/listing.php 186
ERROR - 2019-07-27 06:47:15 --> 404 Page Not Found: 
ERROR - 2019-07-27 06:51:02 --> 404 Page Not Found: 
ERROR - 2019-07-27 07:10:36 --> Severity: Warning --> Illegal string offset 'keyword' /home/fullbasketproper/public_html/application/views/listing.php 186
ERROR - 2019-07-27 07:24:32 --> 404 Page Not Found: 
ERROR - 2019-07-27 08:26:25 --> 404 Page Not Found: 
ERROR - 2019-07-27 09:00:45 --> 404 Page Not Found: 
ERROR - 2019-07-27 09:07:04 --> 404 Page Not Found: 
ERROR - 2019-07-27 09:16:18 --> 404 Page Not Found: 
ERROR - 2019-07-27 09:42:32 --> 404 Page Not Found: 
ERROR - 2019-07-27 09:51:08 --> 404 Page Not Found: 
ERROR - 2019-07-27 09:53:03 --> 404 Page Not Found: 
ERROR - 2019-07-27 09:56:00 --> 404 Page Not Found: 
ERROR - 2019-07-27 10:08:39 --> Severity: Warning --> Illegal string offset 'keyword' /home/fullbasketproper/public_html/application/views/listing.php 186
ERROR - 2019-07-27 10:33:03 --> Severity: Warning --> Illegal string offset 'keyword' /home/fullbasketproper/public_html/application/views/listing.php 186
ERROR - 2019-07-27 10:37:36 --> 404 Page Not Found: 
ERROR - 2019-07-27 10:45:29 --> Severity: Warning --> Illegal string offset 'keyword' /home/fullbasketproper/public_html/application/views/listing.php 186
ERROR - 2019-07-27 10:46:12 --> 404 Page Not Found: 
ERROR - 2019-07-27 10:53:12 --> 404 Page Not Found: 
ERROR - 2019-07-27 10:57:43 --> 404 Page Not Found: 
ERROR - 2019-07-27 10:58:21 --> 404 Page Not Found: 
ERROR - 2019-07-27 11:20:44 --> Severity: Warning --> rename(uploads/floor_plans/floorplans.png,uploads/concorde-luxepolis/floorplans.png): No such file or directory /home/fullbasketproper/public_html/application/controllers/admin/Properties.php 282
ERROR - 2019-07-27 11:23:26 --> 404 Page Not Found: 
ERROR - 2019-07-27 11:23:52 --> 404 Page Not Found: 
ERROR - 2019-07-27 11:27:24 --> 404 Page Not Found: 
ERROR - 2019-07-27 11:27:36 --> Severity: Warning --> Illegal string offset 'keyword' /home/fullbasketproper/public_html/application/views/listing.php 186
ERROR - 2019-07-27 11:32:44 --> 404 Page Not Found: 
ERROR - 2019-07-27 11:32:45 --> 404 Page Not Found: 
ERROR - 2019-07-27 11:32:48 --> 404 Page Not Found: 
ERROR - 2019-07-27 11:32:49 --> 404 Page Not Found: 
ERROR - 2019-07-27 11:33:16 --> 404 Page Not Found: 
ERROR - 2019-07-27 11:36:16 --> 404 Page Not Found: 
ERROR - 2019-07-27 11:36:52 --> Severity: Warning --> Illegal string offset 'keyword' /home/fullbasketproper/public_html/application/views/listing.php 186
ERROR - 2019-07-27 11:37:08 --> Severity: Warning --> Illegal string offset 'keyword' /home/fullbasketproper/public_html/application/views/listing.php 186
ERROR - 2019-07-27 11:38:28 --> 404 Page Not Found: 
ERROR - 2019-07-27 11:38:51 --> 404 Page Not Found: 
ERROR - 2019-07-27 11:39:40 --> Severity: Warning --> Illegal string offset 'keyword' /home/fullbasketproper/public_html/application/views/listing.php 186
ERROR - 2019-07-27 11:40:14 --> Severity: Warning --> Illegal string offset 'keyword' /home/fullbasketproper/public_html/application/views/listing.php 186
ERROR - 2019-07-27 11:41:14 --> 404 Page Not Found: 
ERROR - 2019-07-27 11:41:55 --> 404 Page Not Found: 
ERROR - 2019-07-27 11:46:49 --> 404 Page Not Found: 
ERROR - 2019-07-27 11:51:50 --> 404 Page Not Found: 
ERROR - 2019-07-27 11:56:15 --> Severity: Warning --> Illegal string offset 'keyword' /home/fullbasketproper/public_html/application/views/listing.php 186
ERROR - 2019-07-27 12:07:30 --> 404 Page Not Found: 
ERROR - 2019-07-27 12:07:36 --> Severity: Warning --> Illegal string offset 'keyword' /home/fullbasketproper/public_html/application/views/listing.php 186
ERROR - 2019-07-27 12:08:58 --> Severity: Warning --> Division by zero /home/fullbasketproper/public_html/application/core/Public_Controller.php 47
ERROR - 2019-07-27 12:09:45 --> Could not find the language line "testimonials title editTestimonial"
ERROR - 2019-07-27 12:39:13 --> Severity: Warning --> Illegal string offset 'keyword' /home/fullbasketproper/public_html/application/views/listing.php 186
ERROR - 2019-07-27 12:46:17 --> 404 Page Not Found: 
ERROR - 2019-07-27 12:48:48 --> Severity: Warning --> Illegal string offset 'keyword' /home/fullbasketproper/public_html/application/views/listing.php 186
ERROR - 2019-07-27 12:50:38 --> Severity: Warning --> Illegal string offset 'keyword' /home/fullbasketproper/public_html/application/views/listing.php 186
ERROR - 2019-07-27 12:53:17 --> Severity: Warning --> Illegal string offset 'keyword' /home/fullbasketproper/public_html/application/views/listing.php 186
ERROR - 2019-07-27 13:04:17 --> Severity: Warning --> Illegal string offset 'keyword' /home/fullbasketproper/public_html/application/views/listing.php 186
ERROR - 2019-07-27 13:34:22 --> 404 Page Not Found: 
ERROR - 2019-07-27 13:48:42 --> 404 Page Not Found: 
ERROR - 2019-07-27 13:48:44 --> 404 Page Not Found: 
ERROR - 2019-07-27 13:48:46 --> 404 Page Not Found: 
ERROR - 2019-07-27 13:48:48 --> 404 Page Not Found: 
ERROR - 2019-07-27 13:56:22 --> 404 Page Not Found: 
ERROR - 2019-07-27 14:13:57 --> 404 Page Not Found: 
ERROR - 2019-07-27 14:19:15 --> 404 Page Not Found: 
ERROR - 2019-07-27 14:30:22 --> 404 Page Not Found: 
ERROR - 2019-07-27 14:30:40 --> Severity: Warning --> Illegal string offset 'keyword' /home/fullbasketproper/public_html/application/views/listing.php 186
ERROR - 2019-07-27 14:36:01 --> Severity: Warning --> Illegal string offset 'keyword' /home/fullbasketproper/public_html/application/views/listing.php 186
ERROR - 2019-07-27 14:46:03 --> 404 Page Not Found: 
ERROR - 2019-07-27 15:06:00 --> Severity: Warning --> Illegal string offset 'keyword' /home/fullbasketproper/public_html/application/views/listing.php 186
ERROR - 2019-07-27 15:25:15 --> 404 Page Not Found: 
ERROR - 2019-07-27 15:25:48 --> 404 Page Not Found: 
ERROR - 2019-07-27 15:30:08 --> Severity: Warning --> rename(uploads/elevations/Overview.jpg,uploads/shriram-greenfield/Overview.jpg): No such file or directory /home/fullbasketproper/public_html/application/controllers/admin/Properties.php 335
ERROR - 2019-07-27 16:12:53 --> Severity: Warning --> Illegal string offset 'keyword' /home/fullbasketproper/public_html/application/views/listing.php 186
ERROR - 2019-07-27 16:32:18 --> Severity: Warning --> Illegal string offset 'keyword' /home/fullbasketproper/public_html/application/views/listing.php 186
ERROR - 2019-07-27 16:51:50 --> Severity: Warning --> Illegal string offset 'keyword' /home/fullbasketproper/public_html/application/views/listing.php 186
ERROR - 2019-07-27 17:31:20 --> 404 Page Not Found: 
ERROR - 2019-07-27 17:32:59 --> 404 Page Not Found: 
ERROR - 2019-07-27 17:33:29 --> 404 Page Not Found: 
ERROR - 2019-07-27 17:44:19 --> Severity: Warning --> Illegal string offset 'keyword' /home/fullbasketproper/public_html/application/views/listing.php 186
ERROR - 2019-07-27 17:46:35 --> 404 Page Not Found: 
ERROR - 2019-07-27 17:52:34 --> 404 Page Not Found: 
ERROR - 2019-07-27 18:59:54 --> 404 Page Not Found: 
ERROR - 2019-07-27 18:59:55 --> 404 Page Not Found: 
ERROR - 2019-07-27 18:59:58 --> 404 Page Not Found: 
ERROR - 2019-07-27 18:59:59 --> 404 Page Not Found: 
ERROR - 2019-07-27 19:44:52 --> 404 Page Not Found: 
ERROR - 2019-07-27 20:03:01 --> Severity: Warning --> Illegal string offset 'keyword' /home/fullbasketproper/public_html/application/views/listing.php 186
ERROR - 2019-07-27 20:35:49 --> 404 Page Not Found: 
ERROR - 2019-07-27 20:54:36 --> 404 Page Not Found: 
ERROR - 2019-07-27 20:55:28 --> Severity: Warning --> Illegal string offset 'keyword' /home/fullbasketproper/public_html/application/views/listing.php 186
ERROR - 2019-07-27 20:58:00 --> 404 Page Not Found: 
ERROR - 2019-07-27 21:21:13 --> 404 Page Not Found: 
ERROR - 2019-07-27 22:27:21 --> 404 Page Not Found: 
ERROR - 2019-07-27 22:36:24 --> Severity: Warning --> Illegal string offset 'keyword' /home/fullbasketproper/public_html/application/views/listing.php 186
ERROR - 2019-07-27 22:36:46 --> Severity: Warning --> Illegal string offset 'keyword' /home/fullbasketproper/public_html/application/views/listing.php 186
ERROR - 2019-07-27 22:37:06 --> Severity: Warning --> Illegal string offset 'keyword' /home/fullbasketproper/public_html/application/views/listing.php 186
ERROR - 2019-07-27 22:37:29 --> Severity: Warning --> Illegal string offset 'keyword' /home/fullbasketproper/public_html/application/views/listing.php 186
ERROR - 2019-07-27 22:37:47 --> Severity: Warning --> Illegal string offset 'keyword' /home/fullbasketproper/public_html/application/views/listing.php 186
ERROR - 2019-07-27 22:38:06 --> Severity: Warning --> Illegal string offset 'keyword' /home/fullbasketproper/public_html/application/views/listing.php 186
ERROR - 2019-07-27 22:38:14 --> 404 Page Not Found: 
ERROR - 2019-07-27 22:38:21 --> Severity: Warning --> Illegal string offset 'keyword' /home/fullbasketproper/public_html/application/views/listing.php 186
ERROR - 2019-07-27 22:38:43 --> Severity: Warning --> Illegal string offset 'keyword' /home/fullbasketproper/public_html/application/views/listing.php 186
ERROR - 2019-07-27 22:39:02 --> Severity: Warning --> Illegal string offset 'keyword' /home/fullbasketproper/public_html/application/views/listing.php 186
ERROR - 2019-07-27 22:39:19 --> Severity: Warning --> Illegal string offset 'keyword' /home/fullbasketproper/public_html/application/views/listing.php 186
ERROR - 2019-07-27 22:49:57 --> Severity: Warning --> Illegal string offset 'keyword' /home/fullbasketproper/public_html/application/views/listing.php 186
ERROR - 2019-07-27 22:52:30 --> 404 Page Not Found: 
ERROR - 2019-07-27 22:57:16 --> Severity: Warning --> Illegal string offset 'keyword' /home/fullbasketproper/public_html/application/views/listing.php 186
ERROR - 2019-07-27 22:57:46 --> Severity: Warning --> Illegal string offset 'keyword' /home/fullbasketproper/public_html/application/views/listing.php 186
ERROR - 2019-07-27 22:58:19 --> Severity: Warning --> Illegal string offset 'keyword' /home/fullbasketproper/public_html/application/views/listing.php 186
ERROR - 2019-07-27 22:58:38 --> Severity: Warning --> Illegal string offset 'keyword' /home/fullbasketproper/public_html/application/views/listing.php 186
ERROR - 2019-07-27 22:59:00 --> Severity: Warning --> Illegal string offset 'keyword' /home/fullbasketproper/public_html/application/views/listing.php 186
ERROR - 2019-07-27 22:59:20 --> Severity: Warning --> Illegal string offset 'keyword' /home/fullbasketproper/public_html/application/views/listing.php 186
ERROR - 2019-07-27 22:59:37 --> Severity: Warning --> Illegal string offset 'keyword' /home/fullbasketproper/public_html/application/views/listing.php 186
ERROR - 2019-07-27 22:59:54 --> Severity: Warning --> Illegal string offset 'keyword' /home/fullbasketproper/public_html/application/views/listing.php 186
ERROR - 2019-07-27 23:00:11 --> Severity: Warning --> Illegal string offset 'keyword' /home/fullbasketproper/public_html/application/views/listing.php 186
ERROR - 2019-07-27 23:00:30 --> Severity: Warning --> Illegal string offset 'keyword' /home/fullbasketproper/public_html/application/views/listing.php 186
ERROR - 2019-07-27 23:07:55 --> 404 Page Not Found: 
ERROR - 2019-07-27 23:08:57 --> Severity: Warning --> Illegal string offset 'keyword' /home/fullbasketproper/public_html/application/views/listing.php 186
