ERROR - 2018-12-31 00:00:56 --> 404 Page Not Found: 
ERROR - 2018-12-31 00:10:17 --> 404 Page Not Found: 
ERROR - 2018-12-31 00:32:55 --> 404 Page Not Found: 
ERROR - 2018-12-31 00:44:00 --> 404 Page Not Found: 
ERROR - 2018-12-31 00:52:50 --> 404 Page Not Found: 
ERROR - 2018-12-31 00:58:30 --> 404 Page Not Found: 
ERROR - 2018-12-31 02:06:10 --> 404 Page Not Found: 
ERROR - 2018-12-31 02:47:41 --> 404 Page Not Found: 
ERROR - 2018-12-31 03:16:54 --> 404 Page Not Found: 
ERROR - 2018-12-31 03:27:49 --> 404 Page Not Found: 
ERROR - 2018-12-31 03:33:22 --> 404 Page Not Found: 
ERROR - 2018-12-31 03:33:28 --> 404 Page Not Found: 
ERROR - 2018-12-31 03:35:00 --> 404 Page Not Found: 
ERROR - 2018-12-31 03:35:05 --> 404 Page Not Found: 
ERROR - 2018-12-31 03:42:44 --> 404 Page Not Found: 
ERROR - 2018-12-31 03:51:34 --> 404 Page Not Found: 
ERROR - 2018-12-31 03:56:01 --> 404 Page Not Found: 
ERROR - 2018-12-31 03:56:46 --> 404 Page Not Found: 
ERROR - 2018-12-31 03:56:52 --> 404 Page Not Found: 
ERROR - 2018-12-31 03:58:10 --> 404 Page Not Found: 
ERROR - 2018-12-31 03:58:16 --> 404 Page Not Found: 
ERROR - 2018-12-31 04:05:04 --> 404 Page Not Found: 
ERROR - 2018-12-31 04:09:23 --> 404 Page Not Found: 
ERROR - 2018-12-31 04:09:35 --> 404 Page Not Found: 
ERROR - 2018-12-31 04:13:26 --> 404 Page Not Found: 
ERROR - 2018-12-31 04:14:05 --> 404 Page Not Found: 
ERROR - 2018-12-31 04:15:59 --> 404 Page Not Found: 
ERROR - 2018-12-31 04:20:12 --> 404 Page Not Found: 
ERROR - 2018-12-31 04:24:12 --> 404 Page Not Found: 
ERROR - 2018-12-31 04:28:13 --> 404 Page Not Found: 
ERROR - 2018-12-31 04:34:06 --> 404 Page Not Found: 
ERROR - 2018-12-31 04:37:41 --> 404 Page Not Found: 
ERROR - 2018-12-31 04:41:00 --> 404 Page Not Found: 
ERROR - 2018-12-31 04:44:19 --> 404 Page Not Found: 
ERROR - 2018-12-31 04:45:54 --> 404 Page Not Found: 
ERROR - 2018-12-31 05:00:51 --> 404 Page Not Found: 
ERROR - 2018-12-31 05:03:34 --> 404 Page Not Found: 
ERROR - 2018-12-31 05:21:18 --> 404 Page Not Found: 
ERROR - 2018-12-31 05:51:29 --> 404 Page Not Found: 
ERROR - 2018-12-31 06:39:59 --> 404 Page Not Found: 
ERROR - 2018-12-31 07:19:55 --> 404 Page Not Found: 
ERROR - 2018-12-31 07:31:28 --> 404 Page Not Found: 
ERROR - 2018-12-31 07:34:06 --> 404 Page Not Found: 
ERROR - 2018-12-31 07:36:21 --> 404 Page Not Found: 
ERROR - 2018-12-31 07:50:04 --> 404 Page Not Found: 
ERROR - 2018-12-31 07:50:34 --> 404 Page Not Found: 
ERROR - 2018-12-31 07:58:14 --> 404 Page Not Found: 
ERROR - 2018-12-31 08:08:16 --> 404 Page Not Found: 
ERROR - 2018-12-31 08:13:18 --> 404 Page Not Found: 
ERROR - 2018-12-31 08:14:29 --> Query error: You have an error in your SQL syntax; check the manual that corresponds to your MySQL server version for the right syntax to use near '-10, 10' at line 11 - Invalid query: SELECT DISTINCT `p`.*, `c`.`name` as `city_name`, `ps`.`name` as `property_status`, `pt`.`name` as `prop_type`, `b`.`name` as `builder`, `l`.`name` as `location`
FROM `properties` `p`
LEFT JOIN `cities` `c` ON `p`.`city_id` = `c`.`id`
LEFT JOIN `builders` `b` ON `p`.`builder_id` = `b`.`id`
LEFT JOIN `locations` `l` ON `p`.`location_id` = `l`.`id`
LEFT JOIN `property_types` `pt` ON `p`.`property_type_id` = `pt`.`id`
LEFT JOIN `property_status` `ps` ON `p`.`property_status_id` = `ps`.`id`
LEFT JOIN `property_amenities` `pa` ON `pa`.`property_id` = `p`.`id`
WHERE `p`.`status` = 1
ORDER BY `p`.`id` DESC
 LIMIT -10, 10
ERROR - 2018-12-31 08:14:32 --> Query error: You have an error in your SQL syntax; check the manual that corresponds to your MySQL server version for the right syntax to use near '-10, 10' at line 11 - Invalid query: SELECT DISTINCT `p`.*, `c`.`name` as `city_name`, `ps`.`name` as `property_status`, `pt`.`name` as `prop_type`, `b`.`name` as `builder`, `l`.`name` as `location`
FROM `properties` `p`
LEFT JOIN `cities` `c` ON `p`.`city_id` = `c`.`id`
LEFT JOIN `builders` `b` ON `p`.`builder_id` = `b`.`id`
LEFT JOIN `locations` `l` ON `p`.`location_id` = `l`.`id`
LEFT JOIN `property_types` `pt` ON `p`.`property_type_id` = `pt`.`id`
LEFT JOIN `property_status` `ps` ON `p`.`property_status_id` = `ps`.`id`
LEFT JOIN `property_amenities` `pa` ON `pa`.`property_id` = `p`.`id`
WHERE `p`.`status` = 1
ORDER BY `p`.`id` DESC
 LIMIT -10, 10
ERROR - 2018-12-31 08:14:47 --> Query error: You have an error in your SQL syntax; check the manual that corresponds to your MySQL server version for the right syntax to use near '-10, 10' at line 11 - Invalid query: SELECT DISTINCT `p`.*, `c`.`name` as `city_name`, `ps`.`name` as `property_status`, `pt`.`name` as `prop_type`, `b`.`name` as `builder`, `l`.`name` as `location`
FROM `properties` `p`
LEFT JOIN `cities` `c` ON `p`.`city_id` = `c`.`id`
LEFT JOIN `builders` `b` ON `p`.`builder_id` = `b`.`id`
LEFT JOIN `locations` `l` ON `p`.`location_id` = `l`.`id`
LEFT JOIN `property_types` `pt` ON `p`.`property_type_id` = `pt`.`id`
LEFT JOIN `property_status` `ps` ON `p`.`property_status_id` = `ps`.`id`
LEFT JOIN `property_amenities` `pa` ON `pa`.`property_id` = `p`.`id`
WHERE `p`.`status` = 1
ORDER BY `p`.`id` DESC
 LIMIT -10, 10
ERROR - 2018-12-31 08:15:32 --> 404 Page Not Found: 
ERROR - 2018-12-31 09:40:01 --> 404 Page Not Found: 
ERROR - 2018-12-31 10:07:05 --> 404 Page Not Found: 
ERROR - 2018-12-31 10:44:18 --> 404 Page Not Found: 
ERROR - 2018-12-31 10:45:49 --> 404 Page Not Found: 
ERROR - 2018-12-31 10:57:22 --> 404 Page Not Found: 
ERROR - 2018-12-31 10:59:23 --> 404 Page Not Found: 
ERROR - 2018-12-31 11:03:34 --> 404 Page Not Found: 
ERROR - 2018-12-31 11:09:12 --> 404 Page Not Found: 
ERROR - 2018-12-31 11:15:33 --> 404 Page Not Found: 
ERROR - 2018-12-31 11:18:07 --> 404 Page Not Found: 
ERROR - 2018-12-31 11:28:05 --> 404 Page Not Found: 
ERROR - 2018-12-31 11:28:10 --> 404 Page Not Found: 
ERROR - 2018-12-31 11:54:42 --> 404 Page Not Found: 
ERROR - 2018-12-31 11:59:50 --> 404 Page Not Found: 
ERROR - 2018-12-31 12:16:00 --> 404 Page Not Found: 
ERROR - 2018-12-31 13:01:09 --> 404 Page Not Found: 
ERROR - 2018-12-31 14:04:44 --> 404 Page Not Found: 
ERROR - 2018-12-31 14:04:57 --> 404 Page Not Found: 
ERROR - 2018-12-31 14:05:02 --> 404 Page Not Found: 
ERROR - 2018-12-31 14:05:17 --> Severity: Warning --> Division by zero /home/nkmtein/public_html/fullbasketproperty.com/application/core/Public_Controller.php 47
ERROR - 2018-12-31 14:05:44 --> 404 Page Not Found: 
ERROR - 2018-12-31 14:05:51 --> Severity: Warning --> Division by zero /home/nkmtein/public_html/fullbasketproperty.com/application/core/Public_Controller.php 47
ERROR - 2018-12-31 14:18:02 --> 404 Page Not Found: 
ERROR - 2018-12-31 14:31:10 --> 404 Page Not Found: 
ERROR - 2018-12-31 15:10:44 --> 404 Page Not Found: 
ERROR - 2018-12-31 15:17:28 --> 404 Page Not Found: 
ERROR - 2018-12-31 15:32:03 --> 404 Page Not Found: 
ERROR - 2018-12-31 15:32:05 --> 404 Page Not Found: 
ERROR - 2018-12-31 15:32:05 --> 404 Page Not Found: 
ERROR - 2018-12-31 15:39:05 --> 404 Page Not Found: 
ERROR - 2018-12-31 15:39:06 --> 404 Page Not Found: 
ERROR - 2018-12-31 15:39:07 --> 404 Page Not Found: 
ERROR - 2018-12-31 16:06:50 --> 404 Page Not Found: 
ERROR - 2018-12-31 16:06:51 --> 404 Page Not Found: 
ERROR - 2018-12-31 16:06:52 --> 404 Page Not Found: 
ERROR - 2018-12-31 16:09:17 --> 404 Page Not Found: 
ERROR - 2018-12-31 16:09:17 --> 404 Page Not Found: 
ERROR - 2018-12-31 16:09:17 --> 404 Page Not Found: 
ERROR - 2018-12-31 16:09:17 --> 404 Page Not Found: 
ERROR - 2018-12-31 16:09:18 --> 404 Page Not Found: 
ERROR - 2018-12-31 16:09:18 --> 404 Page Not Found: 
ERROR - 2018-12-31 16:09:18 --> 404 Page Not Found: 
ERROR - 2018-12-31 16:09:18 --> 404 Page Not Found: 
ERROR - 2018-12-31 16:09:18 --> 404 Page Not Found: 
ERROR - 2018-12-31 16:09:18 --> 404 Page Not Found: 
ERROR - 2018-12-31 16:18:51 --> 404 Page Not Found: 
ERROR - 2018-12-31 16:20:55 --> 404 Page Not Found: 
ERROR - 2018-12-31 16:22:58 --> 404 Page Not Found: 
ERROR - 2018-12-31 16:58:59 --> 404 Page Not Found: 
ERROR - 2018-12-31 17:07:38 --> 404 Page Not Found: 
ERROR - 2018-12-31 17:38:59 --> 404 Page Not Found: 
ERROR - 2018-12-31 17:41:58 --> Query error: You have an error in your SQL syntax; check the manual that corresponds to your MySQL server version for the right syntax to use near '-10, 10' at line 11 - Invalid query: SELECT DISTINCT `p`.*, `c`.`name` as `city_name`, `ps`.`name` as `property_status`, `pt`.`name` as `prop_type`, `b`.`name` as `builder`, `l`.`name` as `location`
FROM `properties` `p`
LEFT JOIN `cities` `c` ON `p`.`city_id` = `c`.`id`
LEFT JOIN `builders` `b` ON `p`.`builder_id` = `b`.`id`
LEFT JOIN `locations` `l` ON `p`.`location_id` = `l`.`id`
LEFT JOIN `property_types` `pt` ON `p`.`property_type_id` = `pt`.`id`
LEFT JOIN `property_status` `ps` ON `p`.`property_status_id` = `ps`.`id`
LEFT JOIN `property_amenities` `pa` ON `pa`.`property_id` = `p`.`id`
WHERE `p`.`status` = 1
ORDER BY `p`.`id` DESC
 LIMIT -10, 10
ERROR - 2018-12-31 17:42:02 --> Query error: You have an error in your SQL syntax; check the manual that corresponds to your MySQL server version for the right syntax to use near '-10, 10' at line 11 - Invalid query: SELECT DISTINCT `p`.*, `c`.`name` as `city_name`, `ps`.`name` as `property_status`, `pt`.`name` as `prop_type`, `b`.`name` as `builder`, `l`.`name` as `location`
FROM `properties` `p`
LEFT JOIN `cities` `c` ON `p`.`city_id` = `c`.`id`
LEFT JOIN `builders` `b` ON `p`.`builder_id` = `b`.`id`
LEFT JOIN `locations` `l` ON `p`.`location_id` = `l`.`id`
LEFT JOIN `property_types` `pt` ON `p`.`property_type_id` = `pt`.`id`
LEFT JOIN `property_status` `ps` ON `p`.`property_status_id` = `ps`.`id`
LEFT JOIN `property_amenities` `pa` ON `pa`.`property_id` = `p`.`id`
WHERE `p`.`status` = 1
ORDER BY `p`.`id` DESC
 LIMIT -10, 10
ERROR - 2018-12-31 17:42:15 --> Query error: You have an error in your SQL syntax; check the manual that corresponds to your MySQL server version for the right syntax to use near '-10, 10' at line 11 - Invalid query: SELECT DISTINCT `p`.*, `c`.`name` as `city_name`, `ps`.`name` as `property_status`, `pt`.`name` as `prop_type`, `b`.`name` as `builder`, `l`.`name` as `location`
FROM `properties` `p`
LEFT JOIN `cities` `c` ON `p`.`city_id` = `c`.`id`
LEFT JOIN `builders` `b` ON `p`.`builder_id` = `b`.`id`
LEFT JOIN `locations` `l` ON `p`.`location_id` = `l`.`id`
LEFT JOIN `property_types` `pt` ON `p`.`property_type_id` = `pt`.`id`
LEFT JOIN `property_status` `ps` ON `p`.`property_status_id` = `ps`.`id`
LEFT JOIN `property_amenities` `pa` ON `pa`.`property_id` = `p`.`id`
WHERE `p`.`status` = 1
ORDER BY `p`.`id` DESC
 LIMIT -10, 10
ERROR - 2018-12-31 18:00:02 --> 404 Page Not Found: 
ERROR - 2018-12-31 18:02:21 --> 404 Page Not Found: 
ERROR - 2018-12-31 18:41:40 --> 404 Page Not Found: 
ERROR - 2018-12-31 20:33:46 --> 404 Page Not Found: 
ERROR - 2018-12-31 20:33:48 --> 404 Page Not Found: 
ERROR - 2018-12-31 21:11:54 --> 404 Page Not Found: 
ERROR - 2018-12-31 21:11:55 --> 404 Page Not Found: 
ERROR - 2018-12-31 21:31:18 --> 404 Page Not Found: 
ERROR - 2018-12-31 21:59:59 --> 404 Page Not Found: 
ERROR - 2018-12-31 22:15:34 --> 404 Page Not Found: 
ERROR - 2018-12-31 22:36:56 --> 404 Page Not Found: 
ERROR - 2018-12-31 23:15:38 --> 404 Page Not Found: 
ERROR - 2018-12-31 23:34:19 --> 404 Page Not Found: 
