ERROR - 2019-03-08 00:25:09 --> 404 Page Not Found: 
ERROR - 2019-03-08 00:25:10 --> 404 Page Not Found: 
ERROR - 2019-03-08 00:25:10 --> 404 Page Not Found: 
ERROR - 2019-03-08 00:25:11 --> 404 Page Not Found: 
ERROR - 2019-03-08 00:25:11 --> 404 Page Not Found: 
ERROR - 2019-03-08 01:08:51 --> 404 Page Not Found: 
ERROR - 2019-03-08 01:20:20 --> 404 Page Not Found: 
ERROR - 2019-03-08 01:45:50 --> 404 Page Not Found: 
ERROR - 2019-03-08 01:46:47 --> 404 Page Not Found: 
ERROR - 2019-03-08 02:32:43 --> 404 Page Not Found: 
ERROR - 2019-03-08 04:39:23 --> 404 Page Not Found: 
ERROR - 2019-03-08 04:44:54 --> 404 Page Not Found: 
ERROR - 2019-03-08 04:50:29 --> 404 Page Not Found: 
ERROR - 2019-03-08 06:02:41 --> 404 Page Not Found: 
ERROR - 2019-03-08 06:14:42 --> 404 Page Not Found: 
ERROR - 2019-03-08 06:53:36 --> 404 Page Not Found: 
ERROR - 2019-03-08 07:12:45 --> 404 Page Not Found: 
ERROR - 2019-03-08 08:07:49 --> 404 Page Not Found: 
ERROR - 2019-03-08 08:22:14 --> 404 Page Not Found: 
ERROR - 2019-03-08 08:29:47 --> 404 Page Not Found: 
ERROR - 2019-03-08 08:54:13 --> 404 Page Not Found: 
ERROR - 2019-03-08 09:15:36 --> 404 Page Not Found: 
ERROR - 2019-03-08 09:18:26 --> 404 Page Not Found: 
ERROR - 2019-03-08 09:38:37 --> 404 Page Not Found: 
ERROR - 2019-03-08 09:57:00 --> 404 Page Not Found: 
ERROR - 2019-03-08 10:04:44 --> 404 Page Not Found: 
ERROR - 2019-03-08 10:05:03 --> 404 Page Not Found: 
ERROR - 2019-03-08 10:24:08 --> 404 Page Not Found: 
ERROR - 2019-03-08 11:07:01 --> 404 Page Not Found: 
ERROR - 2019-03-08 11:10:01 --> 404 Page Not Found: 
ERROR - 2019-03-08 11:29:58 --> 404 Page Not Found: 
ERROR - 2019-03-08 11:41:11 --> 404 Page Not Found: 
ERROR - 2019-03-08 11:50:29 --> 404 Page Not Found: 
ERROR - 2019-03-08 12:30:24 --> Could not find the language line "testimonials title editTestimonial"
ERROR - 2019-03-08 13:14:09 --> 404 Page Not Found: 
ERROR - 2019-03-08 13:17:02 --> 404 Page Not Found: 
ERROR - 2019-03-08 13:30:52 --> 404 Page Not Found: 
ERROR - 2019-03-08 13:36:29 --> 404 Page Not Found: 
ERROR - 2019-03-08 15:39:39 --> 404 Page Not Found: 
ERROR - 2019-03-08 16:01:25 --> 404 Page Not Found: 
ERROR - 2019-03-08 16:10:10 --> 404 Page Not Found: 
ERROR - 2019-03-08 16:48:19 --> 404 Page Not Found: 
ERROR - 2019-03-08 16:51:26 --> 404 Page Not Found: 
ERROR - 2019-03-08 16:51:36 --> Severity: Warning --> Division by zero /home/fullbasketproper/public_html/application/core/Public_Controller.php 47
ERROR - 2019-03-08 17:06:19 --> 404 Page Not Found: 
ERROR - 2019-03-08 17:06:21 --> 404 Page Not Found: 
ERROR - 2019-03-08 17:14:21 --> Severity: Warning --> include(/home/fullbasketproper/public_html/system/language/english/achievements_lang.php): failed to open stream: No such file or directory /home/fullbasketproper/public_html/application/core/MY_Lang.php 112
ERROR - 2019-03-08 17:14:21 --> Severity: Warning --> include(): Failed opening '/home/fullbasketproper/public_html/system/language/english/achievements_lang.php' for inclusion (include_path='.:/opt/cpanel/ea-php56/root/usr/share/pear') /home/fullbasketproper/public_html/application/core/MY_Lang.php 112
ERROR - 2019-03-08 17:14:21 --> Language file contains no data: language/english/achievements_lang.php
ERROR - 2019-03-08 17:14:21 --> Could not find the language line "achievements title achievements"
ERROR - 2019-03-08 17:39:56 --> 404 Page Not Found: 
ERROR - 2019-03-08 17:45:55 --> 404 Page Not Found: 
ERROR - 2019-03-08 18:30:45 --> 404 Page Not Found: 
ERROR - 2019-03-08 18:36:49 --> 404 Page Not Found: 
ERROR - 2019-03-08 18:48:47 --> 404 Page Not Found: 
ERROR - 2019-03-08 19:56:07 --> 404 Page Not Found: 
ERROR - 2019-03-08 20:23:01 --> 404 Page Not Found: 
ERROR - 2019-03-08 21:00:16 --> 404 Page Not Found: 
ERROR - 2019-03-08 21:21:47 --> 404 Page Not Found: 
ERROR - 2019-03-08 21:35:26 --> 404 Page Not Found: 
ERROR - 2019-03-08 21:44:55 --> 404 Page Not Found: 
ERROR - 2019-03-08 22:01:26 --> 404 Page Not Found: 
ERROR - 2019-03-08 22:37:01 --> 404 Page Not Found: 
ERROR - 2019-03-08 22:53:17 --> 404 Page Not Found: 
ERROR - 2019-03-08 23:12:40 --> 404 Page Not Found: 
ERROR - 2019-03-08 23:23:23 --> 404 Page Not Found: 
ERROR - 2019-03-08 23:54:51 --> 404 Page Not Found: 
