ERROR - 2018-04-01 00:03:36 --> 404 Page Not Found: 
ERROR - 2018-04-01 00:04:07 --> 404 Page Not Found: 
ERROR - 2018-04-01 00:04:07 --> 404 Page Not Found: 
ERROR - 2018-04-01 00:04:07 --> 404 Page Not Found: 
ERROR - 2018-04-01 00:05:08 --> 404 Page Not Found: 
ERROR - 2018-04-01 00:06:09 --> 404 Page Not Found: 
ERROR - 2018-04-01 00:06:09 --> 404 Page Not Found: 
ERROR - 2018-04-01 00:06:09 --> 404 Page Not Found: 
ERROR - 2018-04-01 00:06:40 --> 404 Page Not Found: 
ERROR - 2018-04-01 00:06:40 --> 404 Page Not Found: 
ERROR - 2018-04-01 00:06:40 --> 404 Page Not Found: 
ERROR - 2018-04-01 00:07:10 --> 404 Page Not Found: 
ERROR - 2018-04-01 00:07:41 --> 404 Page Not Found: 
ERROR - 2018-04-01 00:08:43 --> 404 Page Not Found: 
ERROR - 2018-04-01 00:08:43 --> 404 Page Not Found: 
ERROR - 2018-04-01 00:08:43 --> 404 Page Not Found: 
ERROR - 2018-04-01 00:09:13 --> 404 Page Not Found: 
ERROR - 2018-04-01 00:09:43 --> 404 Page Not Found: 
ERROR - 2018-04-01 00:12:22 --> 404 Page Not Found: 
ERROR - 2018-04-01 00:15:26 --> Query error: You have an error in your SQL syntax; check the manual that corresponds to your MySQL server version for the right syntax to use near '-10, 10' at line 11 - Invalid query: SELECT DISTINCT `p`.*, `c`.`name` as `city_name`, `ps`.`name` as `property_status`, `pt`.`name` as `prop_type`, `b`.`name` as `builder`, `l`.`name` as `location`
FROM `properties` `p`
LEFT JOIN `cities` `c` ON `p`.`city_id` = `c`.`id`
LEFT JOIN `builders` `b` ON `p`.`builder_id` = `b`.`id`
LEFT JOIN `locations` `l` ON `p`.`location_id` = `l`.`id`
LEFT JOIN `property_types` `pt` ON `p`.`property_type_id` = `pt`.`id`
LEFT JOIN `property_status` `ps` ON `p`.`property_status_id` = `ps`.`id`
LEFT JOIN `property_amenities` `pa` ON `pa`.`property_id` = `p`.`id`
WHERE `p`.`status` = 1
ORDER BY `p`.`id` DESC
 LIMIT -10, 10
ERROR - 2018-04-01 00:16:58 --> Query error: You have an error in your SQL syntax; check the manual that corresponds to your MySQL server version for the right syntax to use near '-10, 10' at line 11 - Invalid query: SELECT DISTINCT `p`.*, `c`.`name` as `city_name`, `ps`.`name` as `property_status`, `pt`.`name` as `prop_type`, `b`.`name` as `builder`, `l`.`name` as `location`
FROM `properties` `p`
LEFT JOIN `cities` `c` ON `p`.`city_id` = `c`.`id`
LEFT JOIN `builders` `b` ON `p`.`builder_id` = `b`.`id`
LEFT JOIN `locations` `l` ON `p`.`location_id` = `l`.`id`
LEFT JOIN `property_types` `pt` ON `p`.`property_type_id` = `pt`.`id`
LEFT JOIN `property_status` `ps` ON `p`.`property_status_id` = `ps`.`id`
LEFT JOIN `property_amenities` `pa` ON `pa`.`property_id` = `p`.`id`
WHERE `p`.`status` = 1
ORDER BY `p`.`id` DESC
 LIMIT -10, 10
ERROR - 2018-04-01 00:49:21 --> 404 Page Not Found: 
ERROR - 2018-04-01 01:14:34 --> 404 Page Not Found: 
ERROR - 2018-04-01 02:00:00 --> 404 Page Not Found: 
ERROR - 2018-04-01 02:13:41 --> 404 Page Not Found: 
ERROR - 2018-04-01 05:07:49 --> 404 Page Not Found: 
ERROR - 2018-04-01 05:08:45 --> 404 Page Not Found: 
ERROR - 2018-04-01 05:23:12 --> 404 Page Not Found: 
ERROR - 2018-04-01 05:24:43 --> 404 Page Not Found: 
ERROR - 2018-04-01 05:25:44 --> 404 Page Not Found: 
ERROR - 2018-04-01 05:26:45 --> 404 Page Not Found: 
ERROR - 2018-04-01 05:26:45 --> 404 Page Not Found: 
ERROR - 2018-04-01 05:28:47 --> 404 Page Not Found: 
ERROR - 2018-04-01 05:28:47 --> 404 Page Not Found: 
ERROR - 2018-04-01 05:28:48 --> 404 Page Not Found: 
ERROR - 2018-04-01 05:29:18 --> 404 Page Not Found: 
ERROR - 2018-04-01 05:29:18 --> 404 Page Not Found: 
ERROR - 2018-04-01 05:29:18 --> 404 Page Not Found: 
ERROR - 2018-04-01 05:29:49 --> 404 Page Not Found: 
ERROR - 2018-04-01 05:30:19 --> 404 Page Not Found: 
ERROR - 2018-04-01 05:31:21 --> 404 Page Not Found: 
ERROR - 2018-04-01 05:31:21 --> 404 Page Not Found: 
ERROR - 2018-04-01 05:31:21 --> 404 Page Not Found: 
ERROR - 2018-04-01 05:31:51 --> 404 Page Not Found: 
ERROR - 2018-04-01 05:32:22 --> 404 Page Not Found: 
ERROR - 2018-04-01 05:34:24 --> 404 Page Not Found: 
ERROR - 2018-04-01 05:37:29 --> Query error: You have an error in your SQL syntax; check the manual that corresponds to your MySQL server version for the right syntax to use near '-10, 10' at line 11 - Invalid query: SELECT DISTINCT `p`.*, `c`.`name` as `city_name`, `ps`.`name` as `property_status`, `pt`.`name` as `prop_type`, `b`.`name` as `builder`, `l`.`name` as `location`
FROM `properties` `p`
LEFT JOIN `cities` `c` ON `p`.`city_id` = `c`.`id`
LEFT JOIN `builders` `b` ON `p`.`builder_id` = `b`.`id`
LEFT JOIN `locations` `l` ON `p`.`location_id` = `l`.`id`
LEFT JOIN `property_types` `pt` ON `p`.`property_type_id` = `pt`.`id`
LEFT JOIN `property_status` `ps` ON `p`.`property_status_id` = `ps`.`id`
LEFT JOIN `property_amenities` `pa` ON `pa`.`property_id` = `p`.`id`
WHERE `p`.`status` = 1
ORDER BY `p`.`id` DESC
 LIMIT -10, 10
ERROR - 2018-04-01 05:38:00 --> Query error: You have an error in your SQL syntax; check the manual that corresponds to your MySQL server version for the right syntax to use near '-10, 10' at line 11 - Invalid query: SELECT DISTINCT `p`.*, `c`.`name` as `city_name`, `ps`.`name` as `property_status`, `pt`.`name` as `prop_type`, `b`.`name` as `builder`, `l`.`name` as `location`
FROM `properties` `p`
LEFT JOIN `cities` `c` ON `p`.`city_id` = `c`.`id`
LEFT JOIN `builders` `b` ON `p`.`builder_id` = `b`.`id`
LEFT JOIN `locations` `l` ON `p`.`location_id` = `l`.`id`
LEFT JOIN `property_types` `pt` ON `p`.`property_type_id` = `pt`.`id`
LEFT JOIN `property_status` `ps` ON `p`.`property_status_id` = `ps`.`id`
LEFT JOIN `property_amenities` `pa` ON `pa`.`property_id` = `p`.`id`
WHERE `p`.`status` = 1
ORDER BY `p`.`id` DESC
 LIMIT -10, 10
ERROR - 2018-04-01 06:02:07 --> 404 Page Not Found: 
ERROR - 2018-04-01 06:24:20 --> 404 Page Not Found: 
ERROR - 2018-04-01 07:33:15 --> 404 Page Not Found: 
ERROR - 2018-04-01 08:04:27 --> 404 Page Not Found: 
ERROR - 2018-04-01 08:06:51 --> 404 Page Not Found: 
ERROR - 2018-04-01 08:14:23 --> 404 Page Not Found: 
ERROR - 2018-04-01 08:16:57 --> 404 Page Not Found: 
ERROR - 2018-04-01 08:17:57 --> 404 Page Not Found: 
ERROR - 2018-04-01 08:18:58 --> 404 Page Not Found: 
ERROR - 2018-04-01 08:24:55 --> 404 Page Not Found: 
ERROR - 2018-04-01 08:25:55 --> 404 Page Not Found: 
ERROR - 2018-04-01 08:28:28 --> 404 Page Not Found: 
ERROR - 2018-04-01 08:28:58 --> 404 Page Not Found: 
ERROR - 2018-04-01 08:29:28 --> 404 Page Not Found: 
ERROR - 2018-04-01 08:29:58 --> 404 Page Not Found: 
ERROR - 2018-04-01 08:30:59 --> 404 Page Not Found: 
ERROR - 2018-04-01 08:31:59 --> 404 Page Not Found: 
ERROR - 2018-04-01 08:36:42 --> 404 Page Not Found: 
ERROR - 2018-04-01 08:37:42 --> 404 Page Not Found: 
ERROR - 2018-04-01 08:38:42 --> 404 Page Not Found: 
ERROR - 2018-04-01 08:39:43 --> 404 Page Not Found: 
ERROR - 2018-04-01 08:46:22 --> 404 Page Not Found: 
ERROR - 2018-04-01 08:55:13 --> 404 Page Not Found: 
ERROR - 2018-04-01 09:12:52 --> Query error: You have an error in your SQL syntax; check the manual that corresponds to your MySQL server version for the right syntax to use near '-10, 10' at line 11 - Invalid query: SELECT DISTINCT `p`.*, `c`.`name` as `city_name`, `ps`.`name` as `property_status`, `pt`.`name` as `prop_type`, `b`.`name` as `builder`, `l`.`name` as `location`
FROM `properties` `p`
LEFT JOIN `cities` `c` ON `p`.`city_id` = `c`.`id`
LEFT JOIN `builders` `b` ON `p`.`builder_id` = `b`.`id`
LEFT JOIN `locations` `l` ON `p`.`location_id` = `l`.`id`
LEFT JOIN `property_types` `pt` ON `p`.`property_type_id` = `pt`.`id`
LEFT JOIN `property_status` `ps` ON `p`.`property_status_id` = `ps`.`id`
LEFT JOIN `property_amenities` `pa` ON `pa`.`property_id` = `p`.`id`
WHERE `p`.`status` = 1
ORDER BY `p`.`id` DESC
 LIMIT -10, 10
ERROR - 2018-04-01 09:44:47 --> Query error: You have an error in your SQL syntax; check the manual that corresponds to your MySQL server version for the right syntax to use near '-10, 10' at line 11 - Invalid query: SELECT DISTINCT `p`.*, `c`.`name` as `city_name`, `ps`.`name` as `property_status`, `pt`.`name` as `prop_type`, `b`.`name` as `builder`, `l`.`name` as `location`
FROM `properties` `p`
LEFT JOIN `cities` `c` ON `p`.`city_id` = `c`.`id`
LEFT JOIN `builders` `b` ON `p`.`builder_id` = `b`.`id`
LEFT JOIN `locations` `l` ON `p`.`location_id` = `l`.`id`
LEFT JOIN `property_types` `pt` ON `p`.`property_type_id` = `pt`.`id`
LEFT JOIN `property_status` `ps` ON `p`.`property_status_id` = `ps`.`id`
LEFT JOIN `property_amenities` `pa` ON `pa`.`property_id` = `p`.`id`
WHERE `p`.`status` = 1
ORDER BY `p`.`id` DESC
 LIMIT -10, 10
ERROR - 2018-04-01 12:36:51 --> 404 Page Not Found: 
ERROR - 2018-04-01 16:18:05 --> 404 Page Not Found: 
ERROR - 2018-04-01 16:23:37 --> 404 Page Not Found: 
ERROR - 2018-04-01 17:35:43 --> 404 Page Not Found: 
ERROR - 2018-04-01 17:37:06 --> 404 Page Not Found: 
ERROR - 2018-04-01 17:37:59 --> 404 Page Not Found: 
ERROR - 2018-04-01 19:12:24 --> 404 Page Not Found: 
ERROR - 2018-04-01 19:12:25 --> 404 Page Not Found: 
ERROR - 2018-04-01 19:12:26 --> 404 Page Not Found: 
ERROR - 2018-04-01 20:16:40 --> 404 Page Not Found: 
ERROR - 2018-04-01 21:22:02 --> 404 Page Not Found: 
ERROR - 2018-04-01 22:03:14 --> 404 Page Not Found: 
