ERROR - 2018-02-23 02:47:07 --> 404 Page Not Found: 
ERROR - 2018-02-23 03:20:14 --> 404 Page Not Found: 
ERROR - 2018-02-23 06:01:46 --> 404 Page Not Found: 
ERROR - 2018-02-23 06:15:45 --> Query error: You have an error in your SQL syntax; check the manual that corresponds to your MySQL server version for the right syntax to use near '-10, 10' at line 11 - Invalid query: SELECT DISTINCT `p`.*, `c`.`name` as `city_name`, `ps`.`name` as `property_status`, `pt`.`name` as `prop_type`, `b`.`name` as `builder`, `l`.`name` as `location`
FROM `properties` `p`
LEFT JOIN `cities` `c` ON `p`.`city_id` = `c`.`id`
LEFT JOIN `builders` `b` ON `p`.`builder_id` = `b`.`id`
LEFT JOIN `locations` `l` ON `p`.`location_id` = `l`.`id`
LEFT JOIN `property_types` `pt` ON `p`.`property_type_id` = `pt`.`id`
LEFT JOIN `property_status` `ps` ON `p`.`property_status_id` = `ps`.`id`
LEFT JOIN `property_amenities` `pa` ON `pa`.`property_id` = `p`.`id`
WHERE `p`.`status` = 1
ORDER BY `p`.`id` DESC
 LIMIT -10, 10
ERROR - 2018-02-23 06:18:25 --> Query error: You have an error in your SQL syntax; check the manual that corresponds to your MySQL server version for the right syntax to use near '-10, 10' at line 12 - Invalid query: SELECT DISTINCT `p`.*, `c`.`name` as `city_name`, `ps`.`name` as `property_status`, `pt`.`name` as `prop_type`, `b`.`name` as `builder`, `l`.`name` as `location`
FROM `properties` `p`
LEFT JOIN `cities` `c` ON `p`.`city_id` = `c`.`id`
LEFT JOIN `builders` `b` ON `p`.`builder_id` = `b`.`id`
LEFT JOIN `locations` `l` ON `p`.`location_id` = `l`.`id`
LEFT JOIN `property_types` `pt` ON `p`.`property_type_id` = `pt`.`id`
LEFT JOIN `property_status` `ps` ON `p`.`property_status_id` = `ps`.`id`
LEFT JOIN `property_amenities` `pa` ON `pa`.`property_id` = `p`.`id`
WHERE `p`.`city_id` = '2'
AND `p`.`status` = 1
ORDER BY `p`.`id` DESC
 LIMIT -10, 10
ERROR - 2018-02-23 07:14:50 --> 404 Page Not Found: 
ERROR - 2018-02-23 07:15:54 --> Query error: You have an error in your SQL syntax; check the manual that corresponds to your MySQL server version for the right syntax to use near '-10, 10' at line 11 - Invalid query: SELECT DISTINCT `p`.*, `c`.`name` as `city_name`, `ps`.`name` as `property_status`, `pt`.`name` as `prop_type`, `b`.`name` as `builder`, `l`.`name` as `location`
FROM `properties` `p`
LEFT JOIN `cities` `c` ON `p`.`city_id` = `c`.`id`
LEFT JOIN `builders` `b` ON `p`.`builder_id` = `b`.`id`
LEFT JOIN `locations` `l` ON `p`.`location_id` = `l`.`id`
LEFT JOIN `property_types` `pt` ON `p`.`property_type_id` = `pt`.`id`
LEFT JOIN `property_status` `ps` ON `p`.`property_status_id` = `ps`.`id`
LEFT JOIN `property_amenities` `pa` ON `pa`.`property_id` = `p`.`id`
WHERE `p`.`status` = 1
ORDER BY `p`.`id` DESC
 LIMIT -10, 10
ERROR - 2018-02-23 07:34:34 --> Query error: You have an error in your SQL syntax; check the manual that corresponds to your MySQL server version for the right syntax to use near '-10, 10' at line 12 - Invalid query: SELECT DISTINCT `p`.*, `c`.`name` as `city_name`, `ps`.`name` as `property_status`, `pt`.`name` as `prop_type`, `b`.`name` as `builder`, `l`.`name` as `location`
FROM `properties` `p`
LEFT JOIN `cities` `c` ON `p`.`city_id` = `c`.`id`
LEFT JOIN `builders` `b` ON `p`.`builder_id` = `b`.`id`
LEFT JOIN `locations` `l` ON `p`.`location_id` = `l`.`id`
LEFT JOIN `property_types` `pt` ON `p`.`property_type_id` = `pt`.`id`
LEFT JOIN `property_status` `ps` ON `p`.`property_status_id` = `ps`.`id`
LEFT JOIN `property_amenities` `pa` ON `pa`.`property_id` = `p`.`id`
WHERE `p`.`city_id` = '2'
AND `p`.`status` = 1
ORDER BY `p`.`id` DESC
 LIMIT -10, 10
ERROR - 2018-02-23 02:05:04 --> Severity: error --> Exception: OpenID adapter require the identity provider identifier 'openid_identifier' as an extra parameter. /home/nkmtein/public_html/fullbasketproperty.com/application/third_party/hybridauth/Hybrid/Auth.php 153
ERROR - 2018-02-23 02:05:34 --> controllers.HAuth.login: Missing provider application credentials.
ERROR - 2018-02-23 02:07:07 --> controllers.HAuth.login: Missing provider application credentials.
ERROR - 2018-02-23 02:07:37 --> controllers.HAuth.login: Missing provider application credentials.
ERROR - 2018-02-23 02:08:07 --> controllers.HAuth.login: Missing provider application credentials.
ERROR - 2018-02-23 02:08:37 --> controllers.HAuth.login: Missing provider application credentials.
ERROR - 2018-02-23 02:09:07 --> controllers.HAuth.login: Missing provider application credentials.
ERROR - 2018-02-23 10:55:08 --> Severity: Warning --> Division by zero /home/nkmtein/public_html/fullbasketproperty.com/application/core/Public_Controller.php 47
ERROR - 2018-02-23 11:33:42 --> Severity: Warning --> Division by zero /home/nkmtein/public_html/fullbasketproperty.com/application/core/Public_Controller.php 47
ERROR - 2018-02-23 11:46:30 --> Severity: Warning --> Division by zero /home/nkmtein/public_html/fullbasketproperty.com/application/core/Public_Controller.php 47
ERROR - 2018-02-23 11:46:44 --> Severity: Warning --> Division by zero /home/nkmtein/public_html/fullbasketproperty.com/application/core/Public_Controller.php 47
ERROR - 2018-02-23 14:07:09 --> Severity: Warning --> Division by zero /home/nkmtein/public_html/fullbasketproperty.com/application/core/Public_Controller.php 47
ERROR - 2018-02-23 14:07:45 --> Severity: Warning --> Division by zero /home/nkmtein/public_html/fullbasketproperty.com/application/core/Public_Controller.php 47
ERROR - 2018-02-23 14:09:43 --> Severity: Warning --> Division by zero /home/nkmtein/public_html/fullbasketproperty.com/application/core/Public_Controller.php 47
ERROR - 2018-02-23 14:10:26 --> Severity: Warning --> Division by zero /home/nkmtein/public_html/fullbasketproperty.com/application/core/Public_Controller.php 47
ERROR - 2018-02-23 14:10:53 --> Severity: Warning --> Division by zero /home/nkmtein/public_html/fullbasketproperty.com/application/core/Public_Controller.php 47
ERROR - 2018-02-23 14:11:06 --> Severity: Warning --> Division by zero /home/nkmtein/public_html/fullbasketproperty.com/application/core/Public_Controller.php 47
ERROR - 2018-02-23 14:15:50 --> Severity: Warning --> Division by zero /home/nkmtein/public_html/fullbasketproperty.com/application/core/Public_Controller.php 47
ERROR - 2018-02-23 14:28:59 --> Severity: Warning --> Division by zero /home/nkmtein/public_html/fullbasketproperty.com/application/core/Public_Controller.php 47
ERROR - 2018-02-23 20:24:40 --> 404 Page Not Found: 
