ERROR - 2019-03-27 01:54:05 --> 404 Page Not Found: 
ERROR - 2019-03-27 02:05:01 --> 404 Page Not Found: 
ERROR - 2019-03-27 03:38:14 --> 404 Page Not Found: 
ERROR - 2019-03-27 04:08:26 --> 404 Page Not Found: 
ERROR - 2019-03-27 05:22:24 --> 404 Page Not Found: 
ERROR - 2019-03-27 07:49:57 --> 404 Page Not Found: 
ERROR - 2019-03-27 15:13:40 --> 404 Page Not Found: 
ERROR - 2019-03-27 15:19:00 --> Severity: Error --> Call to undefined method Testimonials::post() /home/fullbasketproper/public_html/application/controllers/admin/Testimonials.php 156
ERROR - 2019-03-27 15:19:08 --> Severity: Warning --> unlink(uploads/testimonials/5e8beba3ed4318442cd5ec5d0176337f.png): No such file or directory /home/fullbasketproper/public_html/application/controllers/admin/Testimonials.php 145
ERROR - 2019-03-27 15:19:08 --> Severity: Error --> Call to undefined method Testimonials::post() /home/fullbasketproper/public_html/application/controllers/admin/Testimonials.php 156
ERROR - 2019-03-27 15:19:24 --> Severity: Warning --> unlink(uploads/testimonials/5e8beba3ed4318442cd5ec5d0176337f.png): No such file or directory /home/fullbasketproper/public_html/application/controllers/admin/Testimonials.php 145
ERROR - 2019-03-27 15:19:24 --> Severity: Error --> Call to undefined method Testimonials::post() /home/fullbasketproper/public_html/application/controllers/admin/Testimonials.php 156
ERROR - 2019-03-27 15:19:42 --> Severity: Warning --> unlink(uploads/testimonials/5e8beba3ed4318442cd5ec5d0176337f.png): No such file or directory /home/fullbasketproper/public_html/application/controllers/admin/Testimonials.php 145
ERROR - 2019-03-27 15:19:42 --> Severity: Error --> Call to undefined method Testimonials::post() /home/fullbasketproper/public_html/application/controllers/admin/Testimonials.php 156
ERROR - 2019-03-27 15:19:58 --> Language file contains no data: language/english/achievements_lang.php
ERROR - 2019-03-27 15:19:58 --> Could not find the language line "achievements title achievements"
ERROR - 2019-03-27 15:20:27 --> Severity: Error --> Call to undefined method Testimonials::post() /home/fullbasketproper/public_html/application/controllers/admin/Testimonials.php 156
ERROR - 2019-03-27 15:20:28 --> 404 Page Not Found: 
ERROR - 2019-03-27 15:20:33 --> 404 Page Not Found: 
ERROR - 2019-03-27 15:20:39 --> Language file contains no data: language/english/achievements_lang.php
ERROR - 2019-03-27 15:20:39 --> Could not find the language line "achievements title achievements"
ERROR - 2019-03-27 15:20:42 --> Language file contains no data: language/english/achievements_lang.php
ERROR - 2019-03-27 15:20:42 --> Could not find the language line "achievements title editAchievement"
ERROR - 2019-03-27 15:21:50 --> Language file contains no data: language/english/achievements_lang.php
ERROR - 2019-03-27 15:21:51 --> Language file contains no data: language/english/achievements_lang.php
ERROR - 2019-03-27 15:21:51 --> Could not find the language line "achievements title achievements"
ERROR - 2019-03-27 15:22:12 --> Language file contains no data: language/english/achievements_lang.php
ERROR - 2019-03-27 15:22:12 --> Could not find the language line "achievements title editAchievement"
ERROR - 2019-03-27 15:22:47 --> Language file contains no data: language/english/achievements_lang.php
ERROR - 2019-03-27 15:22:47 --> Language file contains no data: language/english/achievements_lang.php
ERROR - 2019-03-27 15:22:47 --> Could not find the language line "achievements title achievements"
ERROR - 2019-03-27 15:22:50 --> Language file contains no data: language/english/achievements_lang.php
ERROR - 2019-03-27 15:22:50 --> Could not find the language line "achievements title editAchievement"
ERROR - 2019-03-27 15:22:59 --> Language file contains no data: language/english/achievements_lang.php
ERROR - 2019-03-27 15:22:59 --> Language file contains no data: language/english/achievements_lang.php
ERROR - 2019-03-27 15:22:59 --> Could not find the language line "achievements title achievements"
ERROR - 2019-03-27 15:23:02 --> Language file contains no data: language/english/achievements_lang.php
ERROR - 2019-03-27 15:23:02 --> Could not find the language line "achievements title editAchievement"
ERROR - 2019-03-27 15:23:09 --> Language file contains no data: language/english/achievements_lang.php
ERROR - 2019-03-27 15:23:09 --> Language file contains no data: language/english/achievements_lang.php
ERROR - 2019-03-27 15:23:09 --> Could not find the language line "achievements title achievements"
ERROR - 2019-03-27 15:23:14 --> Language file contains no data: language/english/achievements_lang.php
ERROR - 2019-03-27 15:23:14 --> Could not find the language line "achievements title editAchievement"
ERROR - 2019-03-27 15:23:21 --> Language file contains no data: language/english/achievements_lang.php
ERROR - 2019-03-27 15:23:21 --> Language file contains no data: language/english/achievements_lang.php
ERROR - 2019-03-27 15:23:21 --> Could not find the language line "achievements title achievements"
ERROR - 2019-03-27 15:23:26 --> Language file contains no data: language/english/achievements_lang.php
ERROR - 2019-03-27 15:23:26 --> Could not find the language line "achievements title editAchievement"
ERROR - 2019-03-27 15:23:32 --> Language file contains no data: language/english/achievements_lang.php
ERROR - 2019-03-27 15:23:32 --> Language file contains no data: language/english/achievements_lang.php
ERROR - 2019-03-27 15:23:32 --> Could not find the language line "achievements title achievements"
ERROR - 2019-03-27 15:23:39 --> Language file contains no data: language/english/achievements_lang.php
ERROR - 2019-03-27 15:23:39 --> Could not find the language line "achievements title editAchievement"
ERROR - 2019-03-27 15:23:52 --> Language file contains no data: language/english/achievements_lang.php
ERROR - 2019-03-27 15:23:52 --> Language file contains no data: language/english/achievements_lang.php
ERROR - 2019-03-27 15:23:52 --> Could not find the language line "achievements title achievements"
ERROR - 2019-03-27 15:23:58 --> Language file contains no data: language/english/achievements_lang.php
ERROR - 2019-03-27 15:23:58 --> Could not find the language line "achievements title editAchievement"
ERROR - 2019-03-27 15:24:29 --> Language file contains no data: language/english/achievements_lang.php
ERROR - 2019-03-27 15:24:29 --> Language file contains no data: language/english/achievements_lang.php
ERROR - 2019-03-27 15:24:29 --> Could not find the language line "achievements title achievements"
ERROR - 2019-03-27 15:24:35 --> Language file contains no data: language/english/achievements_lang.php
ERROR - 2019-03-27 15:24:35 --> Could not find the language line "achievements title editAchievement"
ERROR - 2019-03-27 15:25:01 --> Language file contains no data: language/english/achievements_lang.php
ERROR - 2019-03-27 15:25:01 --> Language file contains no data: language/english/achievements_lang.php
ERROR - 2019-03-27 15:25:01 --> Could not find the language line "achievements title achievements"
ERROR - 2019-03-27 15:25:12 --> Language file contains no data: language/english/achievements_lang.php
ERROR - 2019-03-27 15:25:12 --> Could not find the language line "achievements title editAchievement"
ERROR - 2019-03-27 15:25:43 --> Language file contains no data: language/english/achievements_lang.php
ERROR - 2019-03-27 15:25:43 --> Language file contains no data: language/english/achievements_lang.php
ERROR - 2019-03-27 15:25:43 --> Could not find the language line "achievements title achievements"
ERROR - 2019-03-27 15:25:50 --> Language file contains no data: language/english/achievements_lang.php
ERROR - 2019-03-27 15:25:50 --> Could not find the language line "achievements title editAchievement"
ERROR - 2019-03-27 15:26:14 --> Language file contains no data: language/english/achievements_lang.php
ERROR - 2019-03-27 15:26:14 --> Language file contains no data: language/english/achievements_lang.php
ERROR - 2019-03-27 15:26:14 --> Could not find the language line "achievements title achievements"
ERROR - 2019-03-27 15:26:21 --> Language file contains no data: language/english/achievements_lang.php
ERROR - 2019-03-27 15:26:21 --> Could not find the language line "achievements title achievements"
ERROR - 2019-03-27 15:26:24 --> Language file contains no data: language/english/achievements_lang.php
ERROR - 2019-03-27 15:26:24 --> Could not find the language line "achievements title editAchievement"
ERROR - 2019-03-27 15:26:46 --> Language file contains no data: language/english/achievements_lang.php
ERROR - 2019-03-27 15:26:46 --> Language file contains no data: language/english/achievements_lang.php
ERROR - 2019-03-27 15:26:46 --> Could not find the language line "achievements title achievements"
ERROR - 2019-03-27 15:26:52 --> Language file contains no data: language/english/achievements_lang.php
ERROR - 2019-03-27 15:26:52 --> Could not find the language line "achievements title achievements"
ERROR - 2019-03-27 15:26:56 --> Language file contains no data: language/english/achievements_lang.php
ERROR - 2019-03-27 15:26:56 --> Could not find the language line "achievements title editAchievement"
ERROR - 2019-03-27 15:27:22 --> Language file contains no data: language/english/achievements_lang.php
ERROR - 2019-03-27 15:27:22 --> Language file contains no data: language/english/achievements_lang.php
ERROR - 2019-03-27 15:27:22 --> Could not find the language line "achievements title achievements"
ERROR - 2019-03-27 15:27:26 --> Language file contains no data: language/english/achievements_lang.php
ERROR - 2019-03-27 15:27:26 --> Could not find the language line "achievements title achievements"
ERROR - 2019-03-27 15:27:31 --> Language file contains no data: language/english/achievements_lang.php
ERROR - 2019-03-27 15:27:31 --> Could not find the language line "achievements title editAchievement"
ERROR - 2019-03-27 15:27:36 --> Language file contains no data: language/english/achievements_lang.php
ERROR - 2019-03-27 15:27:37 --> Language file contains no data: language/english/achievements_lang.php
ERROR - 2019-03-27 15:27:37 --> Could not find the language line "achievements title achievements"
ERROR - 2019-03-27 15:27:41 --> Language file contains no data: language/english/achievements_lang.php
ERROR - 2019-03-27 15:27:41 --> Could not find the language line "achievements title achievements"
ERROR - 2019-03-27 15:27:47 --> Language file contains no data: language/english/achievements_lang.php
ERROR - 2019-03-27 15:27:47 --> Could not find the language line "achievements title editAchievement"
ERROR - 2019-03-27 15:28:07 --> Language file contains no data: language/english/achievements_lang.php
ERROR - 2019-03-27 15:28:07 --> Language file contains no data: language/english/achievements_lang.php
ERROR - 2019-03-27 15:28:07 --> Could not find the language line "achievements title achievements"
ERROR - 2019-03-27 15:28:11 --> Language file contains no data: language/english/achievements_lang.php
ERROR - 2019-03-27 15:28:11 --> Could not find the language line "achievements title achievements"
ERROR - 2019-03-27 15:28:15 --> Language file contains no data: language/english/achievements_lang.php
ERROR - 2019-03-27 15:28:15 --> Could not find the language line "achievements title editAchievement"
ERROR - 2019-03-27 15:28:27 --> Language file contains no data: language/english/achievements_lang.php
ERROR - 2019-03-27 15:28:27 --> Language file contains no data: language/english/achievements_lang.php
ERROR - 2019-03-27 15:28:27 --> Could not find the language line "achievements title achievements"
ERROR - 2019-03-27 15:32:29 --> 404 Page Not Found: 
ERROR - 2019-03-27 15:37:04 --> 404 Page Not Found: 
ERROR - 2019-03-27 15:37:09 --> 404 Page Not Found: 
ERROR - 2019-03-27 15:37:30 --> 404 Page Not Found: 
ERROR - 2019-03-27 15:40:30 --> 404 Page Not Found: 
ERROR - 2019-03-27 15:41:03 --> 404 Page Not Found: 
ERROR - 2019-03-27 15:41:11 --> 404 Page Not Found: 
ERROR - 2019-03-27 15:59:59 --> 404 Page Not Found: 
ERROR - 2019-03-27 16:07:35 --> 404 Page Not Found: 
ERROR - 2019-03-27 16:07:35 --> 404 Page Not Found: 
ERROR - 2019-03-27 16:45:13 --> 404 Page Not Found: 
ERROR - 2019-03-27 16:46:29 --> 404 Page Not Found: 
ERROR - 2019-03-27 17:13:02 --> 404 Page Not Found: 
ERROR - 2019-03-27 17:13:02 --> 404 Page Not Found: 
ERROR - 2019-03-27 17:13:02 --> 404 Page Not Found: 
ERROR - 2019-03-27 17:13:03 --> 404 Page Not Found: 
ERROR - 2019-03-27 17:13:03 --> 404 Page Not Found: 
ERROR - 2019-03-27 17:13:03 --> 404 Page Not Found: 
ERROR - 2019-03-27 17:13:04 --> 404 Page Not Found: 
ERROR - 2019-03-27 17:13:04 --> 404 Page Not Found: 
ERROR - 2019-03-27 17:13:04 --> 404 Page Not Found: 
ERROR - 2019-03-27 17:13:05 --> 404 Page Not Found: 
ERROR - 2019-03-27 17:13:05 --> 404 Page Not Found: 
ERROR - 2019-03-27 17:13:05 --> 404 Page Not Found: 
ERROR - 2019-03-27 17:13:06 --> 404 Page Not Found: 
ERROR - 2019-03-27 17:13:06 --> 404 Page Not Found: 
ERROR - 2019-03-27 17:13:06 --> 404 Page Not Found: 
ERROR - 2019-03-27 17:13:07 --> 404 Page Not Found: 
ERROR - 2019-03-27 17:13:07 --> 404 Page Not Found: 
ERROR - 2019-03-27 17:13:07 --> 404 Page Not Found: 
ERROR - 2019-03-27 17:13:08 --> 404 Page Not Found: 
ERROR - 2019-03-27 17:13:09 --> 404 Page Not Found: 
ERROR - 2019-03-27 17:13:09 --> 404 Page Not Found: 
ERROR - 2019-03-27 17:26:36 --> 404 Page Not Found: 
ERROR - 2019-03-27 17:41:15 --> 404 Page Not Found: 
ERROR - 2019-03-27 17:42:37 --> 404 Page Not Found: 
ERROR - 2019-03-27 17:44:51 --> 404 Page Not Found: 
ERROR - 2019-03-27 17:45:06 --> 404 Page Not Found: 
ERROR - 2019-03-27 17:48:21 --> 404 Page Not Found: 
ERROR - 2019-03-27 18:28:01 --> 404 Page Not Found: 
ERROR - 2019-03-27 18:35:39 --> 404 Page Not Found: 
ERROR - 2019-03-27 19:03:15 --> 404 Page Not Found: 
ERROR - 2019-03-27 19:29:17 --> 404 Page Not Found: 
ERROR - 2019-03-27 19:47:07 --> 404 Page Not Found: 
ERROR - 2019-03-27 20:04:40 --> 404 Page Not Found: 
ERROR - 2019-03-27 20:04:46 --> 404 Page Not Found: 
ERROR - 2019-03-27 20:05:15 --> Severity: Warning --> Division by zero /home/fullbasketproper/public_html/application/core/Public_Controller.php 47
ERROR - 2019-03-27 20:06:01 --> 404 Page Not Found: 
ERROR - 2019-03-27 20:11:36 --> 404 Page Not Found: 
ERROR - 2019-03-27 20:12:09 --> 404 Page Not Found: 
ERROR - 2019-03-27 20:13:13 --> Severity: Warning --> Division by zero /home/fullbasketproper/public_html/application/core/Public_Controller.php 47
ERROR - 2019-03-27 20:41:16 --> 404 Page Not Found: 
ERROR - 2019-03-27 21:00:04 --> 404 Page Not Found: 
ERROR - 2019-03-27 21:00:59 --> 404 Page Not Found: 
ERROR - 2019-03-27 21:47:50 --> 404 Page Not Found: 
ERROR - 2019-03-27 23:13:01 --> 404 Page Not Found: 
ERROR - 2019-03-27 23:47:26 --> 404 Page Not Found: 
ERROR - 2019-03-27 23:49:19 --> 404 Page Not Found: 
ERROR - 2019-03-27 23:49:33 --> 404 Page Not Found: 
ERROR - 2019-03-27 23:59:32 --> 404 Page Not Found: 
