ERROR - 2018-06-13 00:01:17 --> 404 Page Not Found: 
ERROR - 2018-06-13 00:01:46 --> 404 Page Not Found: 
ERROR - 2018-06-13 00:03:34 --> 404 Page Not Found: 
ERROR - 2018-06-13 00:05:21 --> 404 Page Not Found: 
ERROR - 2018-06-13 00:07:09 --> 404 Page Not Found: 
ERROR - 2018-06-13 00:23:13 --> 404 Page Not Found: 
ERROR - 2018-06-13 00:37:50 --> 404 Page Not Found: 
ERROR - 2018-06-13 00:49:05 --> 404 Page Not Found: 
ERROR - 2018-06-13 00:51:53 --> 404 Page Not Found: 
ERROR - 2018-06-13 00:53:40 --> 404 Page Not Found: 
ERROR - 2018-06-13 00:57:15 --> 404 Page Not Found: 
ERROR - 2018-06-13 01:02:38 --> 404 Page Not Found: 
ERROR - 2018-06-13 01:15:10 --> 404 Page Not Found: 
ERROR - 2018-06-13 01:19:21 --> 404 Page Not Found: 
ERROR - 2018-06-13 01:22:20 --> 404 Page Not Found: 
ERROR - 2018-06-13 01:43:30 --> 404 Page Not Found: 
ERROR - 2018-06-13 02:06:32 --> 404 Page Not Found: 
ERROR - 2018-06-13 02:16:42 --> 404 Page Not Found: 
ERROR - 2018-06-13 02:27:28 --> 404 Page Not Found: 
ERROR - 2018-06-13 02:28:51 --> 404 Page Not Found: 
ERROR - 2018-06-13 02:37:02 --> 404 Page Not Found: 
ERROR - 2018-06-13 03:07:42 --> 404 Page Not Found: 
ERROR - 2018-06-13 03:14:40 --> 404 Page Not Found: 
ERROR - 2018-06-13 03:19:52 --> 404 Page Not Found: 
ERROR - 2018-06-13 03:23:03 --> 404 Page Not Found: 
ERROR - 2018-06-13 03:28:02 --> 404 Page Not Found: 
ERROR - 2018-06-13 03:33:04 --> 404 Page Not Found: 
ERROR - 2018-06-13 03:35:37 --> 404 Page Not Found: 
ERROR - 2018-06-13 03:38:07 --> 404 Page Not Found: 
ERROR - 2018-06-13 03:38:23 --> 404 Page Not Found: 
ERROR - 2018-06-13 03:38:25 --> 404 Page Not Found: 
ERROR - 2018-06-13 03:38:27 --> 404 Page Not Found: 
ERROR - 2018-06-13 03:39:37 --> 404 Page Not Found: 
ERROR - 2018-06-13 03:40:09 --> 404 Page Not Found: 
ERROR - 2018-06-13 03:40:11 --> 404 Page Not Found: 
ERROR - 2018-06-13 03:40:13 --> 404 Page Not Found: 
ERROR - 2018-06-13 03:43:11 --> 404 Page Not Found: 
ERROR - 2018-06-13 03:43:14 --> 404 Page Not Found: 
ERROR - 2018-06-13 03:48:11 --> 404 Page Not Found: 
ERROR - 2018-06-13 03:50:26 --> 404 Page Not Found: 
ERROR - 2018-06-13 03:53:12 --> 404 Page Not Found: 
ERROR - 2018-06-13 03:53:56 --> 404 Page Not Found: 
ERROR - 2018-06-13 03:55:28 --> 404 Page Not Found: 
ERROR - 2018-06-13 04:00:57 --> 404 Page Not Found: 
ERROR - 2018-06-13 04:03:12 --> 404 Page Not Found: 
ERROR - 2018-06-13 04:03:46 --> 404 Page Not Found: 
ERROR - 2018-06-13 04:08:26 --> 404 Page Not Found: 
ERROR - 2018-06-13 04:13:22 --> 404 Page Not Found: 
ERROR - 2018-06-13 04:14:00 --> 404 Page Not Found: 
ERROR - 2018-06-13 04:14:39 --> 404 Page Not Found: 
ERROR - 2018-06-13 04:18:22 --> 404 Page Not Found: 
ERROR - 2018-06-13 04:18:23 --> 404 Page Not Found: 
ERROR - 2018-06-13 04:19:07 --> 404 Page Not Found: 
ERROR - 2018-06-13 04:19:52 --> 404 Page Not Found: 
ERROR - 2018-06-13 04:23:32 --> 404 Page Not Found: 
ERROR - 2018-06-13 04:23:33 --> 404 Page Not Found: 
ERROR - 2018-06-13 04:24:39 --> 404 Page Not Found: 
ERROR - 2018-06-13 04:25:14 --> 404 Page Not Found: 
ERROR - 2018-06-13 04:28:42 --> 404 Page Not Found: 
ERROR - 2018-06-13 04:28:43 --> 404 Page Not Found: 
ERROR - 2018-06-13 04:29:28 --> 404 Page Not Found: 
ERROR - 2018-06-13 04:30:12 --> 404 Page Not Found: 
ERROR - 2018-06-13 04:30:58 --> 404 Page Not Found: 
ERROR - 2018-06-13 04:31:42 --> 404 Page Not Found: 
ERROR - 2018-06-13 04:33:51 --> 404 Page Not Found: 
ERROR - 2018-06-13 04:33:52 --> 404 Page Not Found: 
ERROR - 2018-06-13 04:35:09 --> 404 Page Not Found: 
ERROR - 2018-06-13 04:35:47 --> 404 Page Not Found: 
ERROR - 2018-06-13 04:39:02 --> 404 Page Not Found: 
ERROR - 2018-06-13 04:41:17 --> 404 Page Not Found: 
ERROR - 2018-06-13 04:44:01 --> 404 Page Not Found: 
ERROR - 2018-06-13 04:44:02 --> 404 Page Not Found: 
ERROR - 2018-06-13 04:44:47 --> 404 Page Not Found: 
ERROR - 2018-06-13 04:50:09 --> 404 Page Not Found: 
ERROR - 2018-06-13 04:54:16 --> 404 Page Not Found: 
ERROR - 2018-06-13 04:54:45 --> 404 Page Not Found: 
ERROR - 2018-06-13 04:55:19 --> 404 Page Not Found: 
ERROR - 2018-06-13 04:55:53 --> 404 Page Not Found: 
ERROR - 2018-06-13 05:01:03 --> 404 Page Not Found: 
ERROR - 2018-06-13 05:04:22 --> 404 Page Not Found: 
ERROR - 2018-06-13 05:09:57 --> 404 Page Not Found: 
ERROR - 2018-06-13 05:11:04 --> 404 Page Not Found: 
ERROR - 2018-06-13 05:20:19 --> 404 Page Not Found: 
ERROR - 2018-06-13 05:21:00 --> 404 Page Not Found: 
ERROR - 2018-06-13 05:25:44 --> 404 Page Not Found: 
ERROR - 2018-06-13 05:30:03 --> 404 Page Not Found: 
ERROR - 2018-06-13 05:30:57 --> 404 Page Not Found: 
ERROR - 2018-06-13 05:35:47 --> 404 Page Not Found: 
ERROR - 2018-06-13 05:40:13 --> 404 Page Not Found: 
ERROR - 2018-06-13 05:51:17 --> 404 Page Not Found: 
ERROR - 2018-06-13 06:01:01 --> 404 Page Not Found: 
ERROR - 2018-06-13 06:01:38 --> 404 Page Not Found: 
ERROR - 2018-06-13 06:07:32 --> 404 Page Not Found: 
ERROR - 2018-06-13 06:11:12 --> 404 Page Not Found: 
ERROR - 2018-06-13 06:11:12 --> 404 Page Not Found: 
ERROR - 2018-06-13 06:16:27 --> 404 Page Not Found: 
ERROR - 2018-06-13 06:17:56 --> 404 Page Not Found: 
ERROR - 2018-06-13 06:23:38 --> 404 Page Not Found: 
ERROR - 2018-06-13 06:36:52 --> 404 Page Not Found: 
ERROR - 2018-06-13 06:38:39 --> 404 Page Not Found: 
ERROR - 2018-06-13 06:39:34 --> 404 Page Not Found: 
ERROR - 2018-06-13 06:44:06 --> 404 Page Not Found: 
ERROR - 2018-06-13 06:46:57 --> 404 Page Not Found: 
ERROR - 2018-06-13 06:48:14 --> 404 Page Not Found: 
ERROR - 2018-06-13 06:51:56 --> 404 Page Not Found: 
ERROR - 2018-06-13 07:03:32 --> 404 Page Not Found: 
ERROR - 2018-06-13 07:04:16 --> 404 Page Not Found: 
ERROR - 2018-06-13 07:08:10 --> 404 Page Not Found: 
ERROR - 2018-06-13 07:08:43 --> 404 Page Not Found: 
ERROR - 2018-06-13 07:12:01 --> 404 Page Not Found: 
ERROR - 2018-06-13 07:13:57 --> 404 Page Not Found: 
ERROR - 2018-06-13 07:18:20 --> 404 Page Not Found: 
ERROR - 2018-06-13 07:22:01 --> 404 Page Not Found: 
ERROR - 2018-06-13 07:33:31 --> 404 Page Not Found: 
ERROR - 2018-06-13 07:34:28 --> 404 Page Not Found: 
ERROR - 2018-06-13 07:38:42 --> 404 Page Not Found: 
ERROR - 2018-06-13 07:42:22 --> 404 Page Not Found: 
ERROR - 2018-06-13 07:43:14 --> 404 Page Not Found: 
ERROR - 2018-06-13 07:43:42 --> 404 Page Not Found: 
ERROR - 2018-06-13 07:47:22 --> 404 Page Not Found: 
ERROR - 2018-06-13 07:52:31 --> 404 Page Not Found: 
ERROR - 2018-06-13 07:55:15 --> 404 Page Not Found: 
ERROR - 2018-06-13 07:57:34 --> 404 Page Not Found: 
ERROR - 2018-06-13 07:59:21 --> 404 Page Not Found: 
ERROR - 2018-06-13 08:10:02 --> 404 Page Not Found: 
ERROR - 2018-06-13 08:18:31 --> 404 Page Not Found: 
ERROR - 2018-06-13 08:20:48 --> 404 Page Not Found: 
ERROR - 2018-06-13 08:24:52 --> 404 Page Not Found: 
ERROR - 2018-06-13 08:29:17 --> 404 Page Not Found: 
ERROR - 2018-06-13 08:32:40 --> 404 Page Not Found: 
ERROR - 2018-06-13 08:33:33 --> 404 Page Not Found: 
ERROR - 2018-06-13 09:26:59 --> 404 Page Not Found: 
ERROR - 2018-06-13 09:29:58 --> 404 Page Not Found: 
ERROR - 2018-06-13 09:29:59 --> 404 Page Not Found: 
ERROR - 2018-06-13 09:30:28 --> 404 Page Not Found: 
ERROR - 2018-06-13 09:30:58 --> 404 Page Not Found: 
ERROR - 2018-06-13 09:35:05 --> 404 Page Not Found: 
ERROR - 2018-06-13 09:52:49 --> 404 Page Not Found: 
ERROR - 2018-06-13 10:22:34 --> 404 Page Not Found: 
ERROR - 2018-06-13 10:34:06 --> 404 Page Not Found: 
ERROR - 2018-06-13 10:37:35 --> 404 Page Not Found: 
ERROR - 2018-06-13 10:37:36 --> 404 Page Not Found: 
ERROR - 2018-06-13 10:59:32 --> 404 Page Not Found: 
ERROR - 2018-06-13 11:12:35 --> 404 Page Not Found: 
ERROR - 2018-06-13 11:12:57 --> 404 Page Not Found: 
ERROR - 2018-06-13 11:13:16 --> 404 Page Not Found: 
ERROR - 2018-06-13 11:14:18 --> 404 Page Not Found: 
ERROR - 2018-06-13 11:17:43 --> 404 Page Not Found: 
ERROR - 2018-06-13 11:34:06 --> 404 Page Not Found: 
ERROR - 2018-06-13 11:38:04 --> 404 Page Not Found: 
ERROR - 2018-06-13 11:52:33 --> 404 Page Not Found: 
ERROR - 2018-06-13 11:52:56 --> 404 Page Not Found: 
ERROR - 2018-06-13 11:55:11 --> 404 Page Not Found: 
ERROR - 2018-06-13 11:57:44 --> 404 Page Not Found: 
ERROR - 2018-06-13 12:07:45 --> 404 Page Not Found: 
ERROR - 2018-06-13 12:39:09 --> 404 Page Not Found: 
ERROR - 2018-06-13 12:59:42 --> 404 Page Not Found: 
ERROR - 2018-06-13 13:00:57 --> 404 Page Not Found: 
ERROR - 2018-06-13 13:03:23 --> 404 Page Not Found: 
ERROR - 2018-06-13 13:15:19 --> 404 Page Not Found: 
ERROR - 2018-06-13 13:39:15 --> 404 Page Not Found: 
ERROR - 2018-06-13 13:41:25 --> 404 Page Not Found: 
ERROR - 2018-06-13 13:50:09 --> 404 Page Not Found: 
ERROR - 2018-06-13 13:57:47 --> 404 Page Not Found: 
ERROR - 2018-06-13 13:58:53 --> 404 Page Not Found: 
ERROR - 2018-06-13 14:09:47 --> 404 Page Not Found: 
ERROR - 2018-06-13 14:40:20 --> 404 Page Not Found: 
ERROR - 2018-06-13 14:50:09 --> 404 Page Not Found: 
ERROR - 2018-06-13 14:55:36 --> 404 Page Not Found: 
ERROR - 2018-06-13 15:25:04 --> 404 Page Not Found: 
ERROR - 2018-06-13 15:39:50 --> 404 Page Not Found: 
ERROR - 2018-06-13 15:40:57 --> 404 Page Not Found: 
ERROR - 2018-06-13 15:47:58 --> 404 Page Not Found: 
ERROR - 2018-06-13 15:51:15 --> 404 Page Not Found: 
ERROR - 2018-06-13 15:52:20 --> 404 Page Not Found: 
ERROR - 2018-06-13 16:09:47 --> 404 Page Not Found: 
ERROR - 2018-06-13 16:30:31 --> 404 Page Not Found: 
ERROR - 2018-06-13 16:33:47 --> 404 Page Not Found: 
ERROR - 2018-06-13 16:37:04 --> 404 Page Not Found: 
ERROR - 2018-06-13 16:49:04 --> 404 Page Not Found: 
ERROR - 2018-06-13 17:04:20 --> 404 Page Not Found: 
ERROR - 2018-06-13 17:06:27 --> 404 Page Not Found: 
ERROR - 2018-06-13 17:48:40 --> 404 Page Not Found: 
ERROR - 2018-06-13 18:23:54 --> 404 Page Not Found: 
ERROR - 2018-06-13 19:34:41 --> 404 Page Not Found: 
ERROR - 2018-06-13 20:06:19 --> 404 Page Not Found: 
ERROR - 2018-06-13 20:35:05 --> 404 Page Not Found: 
ERROR - 2018-06-13 21:33:13 --> 404 Page Not Found: 
ERROR - 2018-06-13 21:45:14 --> Query error: You have an error in your SQL syntax; check the manual that corresponds to your MySQL server version for the right syntax to use near '-10, 10' at line 11 - Invalid query: SELECT DISTINCT `p`.*, `c`.`name` as `city_name`, `ps`.`name` as `property_status`, `pt`.`name` as `prop_type`, `b`.`name` as `builder`, `l`.`name` as `location`
FROM `properties` `p`
LEFT JOIN `cities` `c` ON `p`.`city_id` = `c`.`id`
LEFT JOIN `builders` `b` ON `p`.`builder_id` = `b`.`id`
LEFT JOIN `locations` `l` ON `p`.`location_id` = `l`.`id`
LEFT JOIN `property_types` `pt` ON `p`.`property_type_id` = `pt`.`id`
LEFT JOIN `property_status` `ps` ON `p`.`property_status_id` = `ps`.`id`
LEFT JOIN `property_amenities` `pa` ON `pa`.`property_id` = `p`.`id`
WHERE `p`.`status` = 1
ORDER BY `p`.`id` DESC
 LIMIT -10, 10
ERROR - 2018-06-13 21:45:17 --> Query error: You have an error in your SQL syntax; check the manual that corresponds to your MySQL server version for the right syntax to use near '-10, 10' at line 11 - Invalid query: SELECT DISTINCT `p`.*, `c`.`name` as `city_name`, `ps`.`name` as `property_status`, `pt`.`name` as `prop_type`, `b`.`name` as `builder`, `l`.`name` as `location`
FROM `properties` `p`
LEFT JOIN `cities` `c` ON `p`.`city_id` = `c`.`id`
LEFT JOIN `builders` `b` ON `p`.`builder_id` = `b`.`id`
LEFT JOIN `locations` `l` ON `p`.`location_id` = `l`.`id`
LEFT JOIN `property_types` `pt` ON `p`.`property_type_id` = `pt`.`id`
LEFT JOIN `property_status` `ps` ON `p`.`property_status_id` = `ps`.`id`
LEFT JOIN `property_amenities` `pa` ON `pa`.`property_id` = `p`.`id`
WHERE `p`.`status` = 1
ORDER BY `p`.`id` DESC
 LIMIT -10, 10
ERROR - 2018-06-13 22:53:53 --> 404 Page Not Found: 
ERROR - 2018-06-13 23:00:14 --> 404 Page Not Found: 
ERROR - 2018-06-13 23:46:03 --> 404 Page Not Found: 
ERROR - 2018-06-13 23:56:16 --> 404 Page Not Found: 
