ERROR - 2018-07-24 04:26:21 --> 404 Page Not Found: 
ERROR - 2018-07-24 04:52:24 --> 404 Page Not Found: 
ERROR - 2018-07-24 09:10:35 --> 404 Page Not Found: 
ERROR - 2018-07-24 10:30:19 --> 404 Page Not Found: 
ERROR - 2018-07-24 11:16:19 --> Severity: Warning --> Division by zero /home/nkmtein/public_html/fullbasketproperty.com/application/core/Public_Controller.php 47
ERROR - 2018-07-24 11:16:29 --> Severity: Warning --> Division by zero /home/nkmtein/public_html/fullbasketproperty.com/application/core/Public_Controller.php 47
ERROR - 2018-07-24 11:23:19 --> 404 Page Not Found: 
ERROR - 2018-07-24 11:41:23 --> Severity: Warning --> Division by zero /home/nkmtein/public_html/fullbasketproperty.com/application/core/Public_Controller.php 47
ERROR - 2018-07-24 11:41:28 --> Severity: Warning --> Division by zero /home/nkmtein/public_html/fullbasketproperty.com/application/core/Public_Controller.php 47
ERROR - 2018-07-24 11:41:38 --> Severity: Warning --> Division by zero /home/nkmtein/public_html/fullbasketproperty.com/application/core/Public_Controller.php 47
ERROR - 2018-07-24 11:42:01 --> Severity: Warning --> Division by zero /home/nkmtein/public_html/fullbasketproperty.com/application/core/Public_Controller.php 47
ERROR - 2018-07-24 11:42:06 --> Severity: Warning --> Division by zero /home/nkmtein/public_html/fullbasketproperty.com/application/core/Public_Controller.php 47
ERROR - 2018-07-24 11:47:50 --> 404 Page Not Found: 
ERROR - 2018-07-24 11:51:12 --> 404 Page Not Found: 
ERROR - 2018-07-24 11:58:36 --> Severity: Warning --> Division by zero /home/nkmtein/public_html/fullbasketproperty.com/application/core/Public_Controller.php 47
ERROR - 2018-07-24 12:34:37 --> Severity: Warning --> Division by zero /home/nkmtein/public_html/fullbasketproperty.com/application/core/Public_Controller.php 47
ERROR - 2018-07-24 12:37:15 --> Severity: Warning --> Division by zero /home/nkmtein/public_html/fullbasketproperty.com/application/core/Public_Controller.php 47
ERROR - 2018-07-24 12:37:24 --> Severity: Warning --> Division by zero /home/nkmtein/public_html/fullbasketproperty.com/application/core/Public_Controller.php 47
ERROR - 2018-07-24 12:37:28 --> Severity: Warning --> Division by zero /home/nkmtein/public_html/fullbasketproperty.com/application/core/Public_Controller.php 47
ERROR - 2018-07-24 12:40:31 --> Severity: Warning --> Division by zero /home/nkmtein/public_html/fullbasketproperty.com/application/core/Public_Controller.php 47
ERROR - 2018-07-24 12:40:40 --> Severity: Warning --> Division by zero /home/nkmtein/public_html/fullbasketproperty.com/application/core/Public_Controller.php 47
ERROR - 2018-07-24 12:43:50 --> Severity: Warning --> Division by zero /home/nkmtein/public_html/fullbasketproperty.com/application/core/Public_Controller.php 47
ERROR - 2018-07-24 12:43:58 --> Severity: Warning --> Division by zero /home/nkmtein/public_html/fullbasketproperty.com/application/core/Public_Controller.php 47
ERROR - 2018-07-24 12:46:28 --> Severity: Warning --> Division by zero /home/nkmtein/public_html/fullbasketproperty.com/application/core/Public_Controller.php 47
ERROR - 2018-07-24 12:46:36 --> Severity: Warning --> Division by zero /home/nkmtein/public_html/fullbasketproperty.com/application/core/Public_Controller.php 47
ERROR - 2018-07-24 12:46:42 --> Severity: Warning --> Division by zero /home/nkmtein/public_html/fullbasketproperty.com/application/core/Public_Controller.php 47
ERROR - 2018-07-24 13:02:38 --> 404 Page Not Found: 
ERROR - 2018-07-24 13:02:51 --> 404 Page Not Found: 
ERROR - 2018-07-24 13:10:01 --> Severity: Warning --> Division by zero /home/nkmtein/public_html/fullbasketproperty.com/application/core/Public_Controller.php 47
ERROR - 2018-07-24 13:15:41 --> Severity: Warning --> Division by zero /home/nkmtein/public_html/fullbasketproperty.com/application/core/Public_Controller.php 47
ERROR - 2018-07-24 13:22:49 --> 404 Page Not Found: 
ERROR - 2018-07-24 13:25:05 --> 404 Page Not Found: 
ERROR - 2018-07-24 14:11:48 --> 404 Page Not Found: 
ERROR - 2018-07-24 15:36:56 --> Severity: Warning --> rename(uploads/elevations/Pristine_Equilife_Gallery_121.jpg,uploads/pristine-equilife/Pristine_Equilife_Gallery_121.jpg): No such file or directory /home/nkmtein/public_html/fullbasketproperty.com/application/controllers/admin/Properties.php 317
ERROR - 2018-07-24 15:37:55 --> 404 Page Not Found: 
ERROR - 2018-07-24 15:38:01 --> Severity: Warning --> Division by zero /home/nkmtein/public_html/fullbasketproperty.com/application/core/Public_Controller.php 47
ERROR - 2018-07-24 15:38:14 --> 404 Page Not Found: 
ERROR - 2018-07-24 15:38:17 --> 404 Page Not Found: 
ERROR - 2018-07-24 15:41:57 --> Severity: Warning --> Division by zero /home/nkmtein/public_html/fullbasketproperty.com/application/core/Public_Controller.php 47
ERROR - 2018-07-24 15:42:11 --> Severity: Warning --> Division by zero /home/nkmtein/public_html/fullbasketproperty.com/application/core/Public_Controller.php 47
ERROR - 2018-07-24 16:21:12 --> 404 Page Not Found: 
ERROR - 2018-07-24 16:43:14 --> 404 Page Not Found: 
ERROR - 2018-07-24 17:13:11 --> Severity: Warning --> rename(uploads/master_plans/VTP_HiLife_Gallery.jpg,uploads/vtp-hilife/VTP_HiLife_Gallery.jpg): No such file or directory /home/nkmtein/public_html/fullbasketproperty.com/application/controllers/admin/Properties.php 277
ERROR - 2018-07-24 17:13:11 --> Severity: Warning --> rename(uploads/master_plans/VTP_HiLife_Gallery_1.jpg,uploads/vtp-hilife/VTP_HiLife_Gallery_1.jpg): No such file or directory /home/nkmtein/public_html/fullbasketproperty.com/application/controllers/admin/Properties.php 277
ERROR - 2018-07-24 17:13:11 --> Severity: Warning --> rename(uploads/master_plans/VTP_HiLife_Gallery_2.jpg,uploads/vtp-hilife/VTP_HiLife_Gallery_2.jpg): No such file or directory /home/nkmtein/public_html/fullbasketproperty.com/application/controllers/admin/Properties.php 277
ERROR - 2018-07-24 17:13:11 --> Severity: Warning --> rename(uploads/master_plans/VTP_HiLife_Gallery_3.jpg,uploads/vtp-hilife/VTP_HiLife_Gallery_3.jpg): No such file or directory /home/nkmtein/public_html/fullbasketproperty.com/application/controllers/admin/Properties.php 277
ERROR - 2018-07-24 17:13:11 --> Severity: Warning --> rename(uploads/master_plans/VTP_HiLife_Apartments.jpg,uploads/vtp-hilife/VTP_HiLife_Apartments.jpg): No such file or directory /home/nkmtein/public_html/fullbasketproperty.com/application/controllers/admin/Properties.php 277
ERROR - 2018-07-24 17:13:11 --> Severity: Warning --> rename(uploads/master_plans/VTP_HiLife_Apartments_1.jpg,uploads/vtp-hilife/VTP_HiLife_Apartments_1.jpg): No such file or directory /home/nkmtein/public_html/fullbasketproperty.com/application/controllers/admin/Properties.php 277
ERROR - 2018-07-24 17:13:11 --> Severity: Warning --> rename(uploads/master_plans/VTP_HiLife_Apartments_2.jpg,uploads/vtp-hilife/VTP_HiLife_Apartments_2.jpg): No such file or directory /home/nkmtein/public_html/fullbasketproperty.com/application/controllers/admin/Properties.php 277
ERROR - 2018-07-24 17:13:11 --> Severity: Warning --> rename(uploads/master_plans/VTP_HiLife_Apartments_3.jpg,uploads/vtp-hilife/VTP_HiLife_Apartments_3.jpg): No such file or directory /home/nkmtein/public_html/fullbasketproperty.com/application/controllers/admin/Properties.php 277
ERROR - 2018-07-24 17:13:11 --> Severity: Warning --> rename(uploads/master_plans/VTP_HiLife_Amenities_1.jpg,uploads/vtp-hilife/VTP_HiLife_Amenities_1.jpg): No such file or directory /home/nkmtein/public_html/fullbasketproperty.com/application/controllers/admin/Properties.php 277
ERROR - 2018-07-24 17:13:11 --> Severity: Warning --> rename(uploads/master_plans/VTP_HiLife_Amenities_2.jpg,uploads/vtp-hilife/VTP_HiLife_Amenities_2.jpg): No such file or directory /home/nkmtein/public_html/fullbasketproperty.com/application/controllers/admin/Properties.php 277
ERROR - 2018-07-24 17:13:11 --> Severity: Warning --> rename(uploads/master_plans/VTP_HiLife_Amenities_3.jpg,uploads/vtp-hilife/VTP_HiLife_Amenities_3.jpg): No such file or directory /home/nkmtein/public_html/fullbasketproperty.com/application/controllers/admin/Properties.php 277
ERROR - 2018-07-24 17:13:11 --> Severity: Warning --> rename(uploads/master_plans/VTP_HiLife_Amenities_4.jpg,uploads/vtp-hilife/VTP_HiLife_Amenities_4.jpg): No such file or directory /home/nkmtein/public_html/fullbasketproperty.com/application/controllers/admin/Properties.php 277
ERROR - 2018-07-24 17:13:11 --> Severity: Warning --> rename(uploads/master_plans/VTP_HiLife_Amenities_5.jpg,uploads/vtp-hilife/VTP_HiLife_Amenities_5.jpg): No such file or directory /home/nkmtein/public_html/fullbasketproperty.com/application/controllers/admin/Properties.php 277
ERROR - 2018-07-24 17:13:11 --> Severity: Warning --> rename(uploads/master_plans/VTP_HiLife_Amenities_6.jpg,uploads/vtp-hilife/VTP_HiLife_Amenities_6.jpg): No such file or directory /home/nkmtein/public_html/fullbasketproperty.com/application/controllers/admin/Properties.php 277
ERROR - 2018-07-24 18:23:44 --> 404 Page Not Found: 
ERROR - 2018-07-24 18:27:25 --> Severity: Warning --> Division by zero /home/nkmtein/public_html/fullbasketproperty.com/application/core/Public_Controller.php 47
ERROR - 2018-07-24 18:27:37 --> Severity: Warning --> Division by zero /home/nkmtein/public_html/fullbasketproperty.com/application/core/Public_Controller.php 47
ERROR - 2018-07-24 18:34:11 --> Severity: Warning --> Division by zero /home/nkmtein/public_html/fullbasketproperty.com/application/core/Public_Controller.php 47
ERROR - 2018-07-24 18:34:24 --> Severity: Warning --> Division by zero /home/nkmtein/public_html/fullbasketproperty.com/application/core/Public_Controller.php 47
ERROR - 2018-07-24 19:28:38 --> 404 Page Not Found: 
ERROR - 2018-07-24 19:44:34 --> 404 Page Not Found: 
ERROR - 2018-07-24 21:41:05 --> 404 Page Not Found: 
ERROR - 2018-07-24 22:33:42 --> 404 Page Not Found: 
