ERROR - 2018-04-07 01:22:36 --> 404 Page Not Found: 
ERROR - 2018-04-07 03:08:26 --> 404 Page Not Found: 
ERROR - 2018-04-07 04:42:36 --> 404 Page Not Found: 
ERROR - 2018-04-07 04:47:14 --> 404 Page Not Found: 
ERROR - 2018-04-07 05:00:02 --> Query error: You have an error in your SQL syntax; check the manual that corresponds to your MySQL server version for the right syntax to use near '-10, 10' at line 11 - Invalid query: SELECT DISTINCT `p`.*, `c`.`name` as `city_name`, `ps`.`name` as `property_status`, `pt`.`name` as `prop_type`, `b`.`name` as `builder`, `l`.`name` as `location`
FROM `properties` `p`
LEFT JOIN `cities` `c` ON `p`.`city_id` = `c`.`id`
LEFT JOIN `builders` `b` ON `p`.`builder_id` = `b`.`id`
LEFT JOIN `locations` `l` ON `p`.`location_id` = `l`.`id`
LEFT JOIN `property_types` `pt` ON `p`.`property_type_id` = `pt`.`id`
LEFT JOIN `property_status` `ps` ON `p`.`property_status_id` = `ps`.`id`
LEFT JOIN `property_amenities` `pa` ON `pa`.`property_id` = `p`.`id`
WHERE `p`.`status` = 1
ORDER BY `p`.`id` DESC
 LIMIT -10, 10
ERROR - 2018-04-07 05:00:38 --> 404 Page Not Found: 
ERROR - 2018-04-07 05:02:36 --> Query error: You have an error in your SQL syntax; check the manual that corresponds to your MySQL server version for the right syntax to use near '-10, 10' at line 11 - Invalid query: SELECT DISTINCT `p`.*, `c`.`name` as `city_name`, `ps`.`name` as `property_status`, `pt`.`name` as `prop_type`, `b`.`name` as `builder`, `l`.`name` as `location`
FROM `properties` `p`
LEFT JOIN `cities` `c` ON `p`.`city_id` = `c`.`id`
LEFT JOIN `builders` `b` ON `p`.`builder_id` = `b`.`id`
LEFT JOIN `locations` `l` ON `p`.`location_id` = `l`.`id`
LEFT JOIN `property_types` `pt` ON `p`.`property_type_id` = `pt`.`id`
LEFT JOIN `property_status` `ps` ON `p`.`property_status_id` = `ps`.`id`
LEFT JOIN `property_amenities` `pa` ON `pa`.`property_id` = `p`.`id`
WHERE `p`.`status` = 1
ORDER BY `p`.`id` DESC
 LIMIT -10, 10
ERROR - 2018-04-07 05:10:17 --> 404 Page Not Found: 
ERROR - 2018-04-07 05:15:55 --> 404 Page Not Found: 
ERROR - 2018-04-07 05:19:30 --> 404 Page Not Found: 
ERROR - 2018-04-07 05:23:04 --> 404 Page Not Found: 
ERROR - 2018-04-07 05:24:36 --> 404 Page Not Found: 
ERROR - 2018-04-07 05:29:13 --> 404 Page Not Found: 
ERROR - 2018-04-07 07:34:23 --> 404 Page Not Found: 
ERROR - 2018-04-07 07:38:12 --> 404 Page Not Found: 
ERROR - 2018-04-07 07:38:14 --> 404 Page Not Found: 
ERROR - 2018-04-07 08:58:50 --> 404 Page Not Found: 
ERROR - 2018-04-07 16:28:54 --> 404 Page Not Found: 
ERROR - 2018-04-07 17:05:40 --> 404 Page Not Found: 
ERROR - 2018-04-07 18:26:50 --> 404 Page Not Found: 
ERROR - 2018-04-07 18:38:45 --> 404 Page Not Found: 
ERROR - 2018-04-07 18:52:17 --> Query error: You have an error in your SQL syntax; check the manual that corresponds to your MySQL server version for the right syntax to use near '-10, 10' at line 11 - Invalid query: SELECT DISTINCT `p`.*, `c`.`name` as `city_name`, `ps`.`name` as `property_status`, `pt`.`name` as `prop_type`, `b`.`name` as `builder`, `l`.`name` as `location`
FROM `properties` `p`
LEFT JOIN `cities` `c` ON `p`.`city_id` = `c`.`id`
LEFT JOIN `builders` `b` ON `p`.`builder_id` = `b`.`id`
LEFT JOIN `locations` `l` ON `p`.`location_id` = `l`.`id`
LEFT JOIN `property_types` `pt` ON `p`.`property_type_id` = `pt`.`id`
LEFT JOIN `property_status` `ps` ON `p`.`property_status_id` = `ps`.`id`
LEFT JOIN `property_amenities` `pa` ON `pa`.`property_id` = `p`.`id`
WHERE `p`.`status` = 1
ORDER BY `p`.`id` DESC
 LIMIT -10, 10
ERROR - 2018-04-07 18:52:19 --> Query error: You have an error in your SQL syntax; check the manual that corresponds to your MySQL server version for the right syntax to use near '-10, 10' at line 11 - Invalid query: SELECT DISTINCT `p`.*, `c`.`name` as `city_name`, `ps`.`name` as `property_status`, `pt`.`name` as `prop_type`, `b`.`name` as `builder`, `l`.`name` as `location`
FROM `properties` `p`
LEFT JOIN `cities` `c` ON `p`.`city_id` = `c`.`id`
LEFT JOIN `builders` `b` ON `p`.`builder_id` = `b`.`id`
LEFT JOIN `locations` `l` ON `p`.`location_id` = `l`.`id`
LEFT JOIN `property_types` `pt` ON `p`.`property_type_id` = `pt`.`id`
LEFT JOIN `property_status` `ps` ON `p`.`property_status_id` = `ps`.`id`
LEFT JOIN `property_amenities` `pa` ON `pa`.`property_id` = `p`.`id`
WHERE `p`.`status` = 1
ORDER BY `p`.`id` DESC
 LIMIT -10, 10
ERROR - 2018-04-07 20:01:44 --> 404 Page Not Found: 
ERROR - 2018-04-07 20:24:13 --> 404 Page Not Found: 
ERROR - 2018-04-07 21:08:36 --> 404 Page Not Found: 
ERROR - 2018-04-07 21:12:20 --> 404 Page Not Found: 
ERROR - 2018-04-07 22:45:22 --> 404 Page Not Found: 
ERROR - 2018-04-07 22:45:23 --> 404 Page Not Found: 
ERROR - 2018-04-07 22:45:23 --> 404 Page Not Found: 
ERROR - 2018-04-07 22:45:23 --> 404 Page Not Found: 
ERROR - 2018-04-07 22:45:23 --> 404 Page Not Found: 
ERROR - 2018-04-07 23:37:32 --> 404 Page Not Found: 
ERROR - 2018-04-07 23:45:21 --> 404 Page Not Found: 
