ERROR - 2019-06-06 00:48:44 --> 404 Page Not Found: 
ERROR - 2019-06-06 01:54:09 --> 404 Page Not Found: 
ERROR - 2019-06-06 02:11:23 --> 404 Page Not Found: 
ERROR - 2019-06-06 02:11:26 --> 404 Page Not Found: 
ERROR - 2019-06-06 02:15:10 --> 404 Page Not Found: 
ERROR - 2019-06-06 02:41:23 --> 404 Page Not Found: 
ERROR - 2019-06-06 02:42:31 --> 404 Page Not Found: 
ERROR - 2019-06-06 03:04:24 --> 404 Page Not Found: 
ERROR - 2019-06-06 03:07:19 --> 404 Page Not Found: 
ERROR - 2019-06-06 03:54:50 --> 404 Page Not Found: 
ERROR - 2019-06-06 04:04:12 --> 404 Page Not Found: 
ERROR - 2019-06-06 04:12:28 --> 404 Page Not Found: 
ERROR - 2019-06-06 04:21:12 --> 404 Page Not Found: 
ERROR - 2019-06-06 04:34:16 --> 404 Page Not Found: 
ERROR - 2019-06-06 04:44:03 --> 404 Page Not Found: 
ERROR - 2019-06-06 04:52:43 --> 404 Page Not Found: 
ERROR - 2019-06-06 05:06:02 --> 404 Page Not Found: 
ERROR - 2019-06-06 05:06:54 --> 404 Page Not Found: 
ERROR - 2019-06-06 06:03:04 --> 404 Page Not Found: 
ERROR - 2019-06-06 06:16:54 --> 404 Page Not Found: 
ERROR - 2019-06-06 06:16:55 --> 404 Page Not Found: 
ERROR - 2019-06-06 06:16:56 --> 404 Page Not Found: 
ERROR - 2019-06-06 06:16:57 --> 404 Page Not Found: 
ERROR - 2019-06-06 06:16:58 --> 404 Page Not Found: 
ERROR - 2019-06-06 06:17:05 --> 404 Page Not Found: 
ERROR - 2019-06-06 06:17:06 --> 404 Page Not Found: 
ERROR - 2019-06-06 06:40:23 --> 404 Page Not Found: 
ERROR - 2019-06-06 06:44:03 --> 404 Page Not Found: 
ERROR - 2019-06-06 06:44:19 --> 404 Page Not Found: 
ERROR - 2019-06-06 06:50:59 --> 404 Page Not Found: 
ERROR - 2019-06-06 06:53:46 --> 404 Page Not Found: 
ERROR - 2019-06-06 06:53:50 --> 404 Page Not Found: 
ERROR - 2019-06-06 07:03:43 --> 404 Page Not Found: 
ERROR - 2019-06-06 07:13:46 --> 404 Page Not Found: 
ERROR - 2019-06-06 07:34:59 --> 404 Page Not Found: 
ERROR - 2019-06-06 07:38:28 --> 404 Page Not Found: 
ERROR - 2019-06-06 08:14:11 --> 404 Page Not Found: 
ERROR - 2019-06-06 08:53:55 --> 404 Page Not Found: 
ERROR - 2019-06-06 08:54:11 --> 404 Page Not Found: 
ERROR - 2019-06-06 09:04:23 --> 404 Page Not Found: 
ERROR - 2019-06-06 09:21:55 --> 404 Page Not Found: 
ERROR - 2019-06-06 10:12:33 --> 404 Page Not Found: 
ERROR - 2019-06-06 11:01:07 --> 404 Page Not Found: 
ERROR - 2019-06-06 11:08:54 --> 404 Page Not Found: 
ERROR - 2019-06-06 11:08:58 --> 404 Page Not Found: 
ERROR - 2019-06-06 11:36:53 --> 404 Page Not Found: 
ERROR - 2019-06-06 11:39:03 --> 404 Page Not Found: 
ERROR - 2019-06-06 11:44:49 --> 404 Page Not Found: 
ERROR - 2019-06-06 11:54:58 --> 404 Page Not Found: 
ERROR - 2019-06-06 12:14:07 --> 404 Page Not Found: 
ERROR - 2019-06-06 12:20:48 --> 404 Page Not Found: 
ERROR - 2019-06-06 12:23:54 --> 404 Page Not Found: 
ERROR - 2019-06-06 12:23:57 --> 404 Page Not Found: 
ERROR - 2019-06-06 12:26:19 --> 404 Page Not Found: 
ERROR - 2019-06-06 12:26:50 --> 404 Page Not Found: 
ERROR - 2019-06-06 12:33:19 --> 404 Page Not Found: 
ERROR - 2019-06-06 12:45:22 --> 404 Page Not Found: 
ERROR - 2019-06-06 12:47:46 --> 404 Page Not Found: 
ERROR - 2019-06-06 12:55:19 --> 404 Page Not Found: 
ERROR - 2019-06-06 12:55:41 --> 404 Page Not Found: 
ERROR - 2019-06-06 12:56:45 --> 404 Page Not Found: 
ERROR - 2019-06-06 13:00:02 --> 404 Page Not Found: 
ERROR - 2019-06-06 13:00:18 --> 404 Page Not Found: 
ERROR - 2019-06-06 13:03:11 --> 404 Page Not Found: 
ERROR - 2019-06-06 13:03:39 --> 404 Page Not Found: 
ERROR - 2019-06-06 13:08:07 --> Query error: You have an error in your SQL syntax; check the manual that corresponds to your MySQL server version for the right syntax to use near '-10, 10' at line 11 - Invalid query: SELECT DISTINCT `p`.*, `c`.`name` as `city_name`, `ps`.`name` as `property_status`, `pt`.`name` as `prop_type`, `b`.`name` as `builder`, `l`.`name` as `location`
FROM `properties` `p`
LEFT JOIN `cities` `c` ON `p`.`city_id` = `c`.`id`
LEFT JOIN `builders` `b` ON `p`.`builder_id` = `b`.`id`
LEFT JOIN `locations` `l` ON `p`.`location_id` = `l`.`id`
LEFT JOIN `property_types` `pt` ON `p`.`property_type_id` = `pt`.`id`
LEFT JOIN `property_status` `ps` ON `p`.`property_status_id` = `ps`.`id`
LEFT JOIN `property_amenities` `pa` ON `pa`.`property_id` = `p`.`id`
WHERE `p`.`status` = 1
ORDER BY `p`.`id` DESC
 LIMIT -10, 10
ERROR - 2019-06-06 13:18:55 --> 404 Page Not Found: 
ERROR - 2019-06-06 13:32:52 --> 404 Page Not Found: 
ERROR - 2019-06-06 13:48:08 --> 404 Page Not Found: 
ERROR - 2019-06-06 14:20:57 --> 404 Page Not Found: 
ERROR - 2019-06-06 14:24:16 --> 404 Page Not Found: 
ERROR - 2019-06-06 14:32:11 --> 404 Page Not Found: 
ERROR - 2019-06-06 14:36:11 --> 404 Page Not Found: 
ERROR - 2019-06-06 14:37:58 --> 404 Page Not Found: 
ERROR - 2019-06-06 15:07:05 --> 404 Page Not Found: 
ERROR - 2019-06-06 15:18:34 --> 404 Page Not Found: 
ERROR - 2019-06-06 15:21:19 --> 404 Page Not Found: 
ERROR - 2019-06-06 15:22:20 --> 404 Page Not Found: 
ERROR - 2019-06-06 15:22:30 --> 404 Page Not Found: 
ERROR - 2019-06-06 15:24:04 --> 404 Page Not Found: 
ERROR - 2019-06-06 15:55:28 --> 404 Page Not Found: 
ERROR - 2019-06-06 15:58:43 --> 404 Page Not Found: 
ERROR - 2019-06-06 16:01:28 --> 404 Page Not Found: 
ERROR - 2019-06-06 16:02:37 --> 404 Page Not Found: 
ERROR - 2019-06-06 16:28:05 --> 404 Page Not Found: 
ERROR - 2019-06-06 16:38:53 --> 404 Page Not Found: 
ERROR - 2019-06-06 16:39:34 --> 404 Page Not Found: 
ERROR - 2019-06-06 16:57:19 --> 404 Page Not Found: 
ERROR - 2019-06-06 16:59:27 --> 404 Page Not Found: 
ERROR - 2019-06-06 17:02:58 --> 404 Page Not Found: 
ERROR - 2019-06-06 17:04:34 --> 404 Page Not Found: 
ERROR - 2019-06-06 17:14:04 --> 404 Page Not Found: 
ERROR - 2019-06-06 17:18:26 --> 404 Page Not Found: 
ERROR - 2019-06-06 17:25:14 --> 404 Page Not Found: 
ERROR - 2019-06-06 17:27:09 --> 404 Page Not Found: 
ERROR - 2019-06-06 17:30:59 --> 404 Page Not Found: 
ERROR - 2019-06-06 17:42:40 --> 404 Page Not Found: 
ERROR - 2019-06-06 17:44:29 --> 404 Page Not Found: 
ERROR - 2019-06-06 17:44:50 --> 404 Page Not Found: 
ERROR - 2019-06-06 17:50:02 --> 404 Page Not Found: 
ERROR - 2019-06-06 17:51:37 --> 404 Page Not Found: 
ERROR - 2019-06-06 17:52:17 --> 404 Page Not Found: 
ERROR - 2019-06-06 18:04:03 --> 404 Page Not Found: 
ERROR - 2019-06-06 18:08:20 --> 404 Page Not Found: 
ERROR - 2019-06-06 18:17:40 --> 404 Page Not Found: 
ERROR - 2019-06-06 18:18:10 --> 404 Page Not Found: 
ERROR - 2019-06-06 18:19:19 --> 404 Page Not Found: 
ERROR - 2019-06-06 18:19:55 --> 404 Page Not Found: 
ERROR - 2019-06-06 18:43:38 --> 404 Page Not Found: 
ERROR - 2019-06-06 18:45:06 --> 404 Page Not Found: 
ERROR - 2019-06-06 18:45:15 --> 404 Page Not Found: 
ERROR - 2019-06-06 19:56:07 --> 404 Page Not Found: 
ERROR - 2019-06-06 20:14:36 --> 404 Page Not Found: 
ERROR - 2019-06-06 20:23:50 --> 404 Page Not Found: 
ERROR - 2019-06-06 20:25:24 --> Severity: 4096 --> Object of class CI_Email could not be converted to string /home/fullbasketproper/public_html/application/controllers/Home.php 407
ERROR - 2019-06-06 20:33:53 --> 404 Page Not Found: 
ERROR - 2019-06-06 20:50:22 --> 404 Page Not Found: 
ERROR - 2019-06-06 20:53:59 --> 404 Page Not Found: 
ERROR - 2019-06-06 20:54:24 --> 404 Page Not Found: 
ERROR - 2019-06-06 21:13:38 --> Query error: Column 'email' cannot be null - Invalid query: INSERT INTO `subscribers` (`email`, `created_at`) VALUES (NULL, '2019-06-06 21:13:38')
ERROR - 2019-06-06 21:18:40 --> 404 Page Not Found: 
ERROR - 2019-06-06 21:30:56 --> 404 Page Not Found: 
ERROR - 2019-06-06 21:32:46 --> 404 Page Not Found: 
ERROR - 2019-06-06 22:53:55 --> 404 Page Not Found: 
ERROR - 2019-06-06 23:07:14 --> 404 Page Not Found: 
ERROR - 2019-06-06 23:39:24 --> 404 Page Not Found: 
ERROR - 2019-06-06 23:44:39 --> 404 Page Not Found: 
ERROR - 2019-06-06 23:44:39 --> 404 Page Not Found: 
ERROR - 2019-06-06 23:44:39 --> 404 Page Not Found: 
ERROR - 2019-06-06 23:44:49 --> 404 Page Not Found: 
