ERROR - 2018-04-06 00:02:25 --> 404 Page Not Found: 
ERROR - 2018-04-06 02:19:22 --> 404 Page Not Found: 
ERROR - 2018-04-06 02:19:33 --> 404 Page Not Found: 
ERROR - 2018-04-06 02:29:37 --> 404 Page Not Found: 
ERROR - 2018-04-06 03:04:20 --> Query error: You have an error in your SQL syntax; check the manual that corresponds to your MySQL server version for the right syntax to use near '-10, 10' at line 11 - Invalid query: SELECT DISTINCT `p`.*, `c`.`name` as `city_name`, `ps`.`name` as `property_status`, `pt`.`name` as `prop_type`, `b`.`name` as `builder`, `l`.`name` as `location`
FROM `properties` `p`
LEFT JOIN `cities` `c` ON `p`.`city_id` = `c`.`id`
LEFT JOIN `builders` `b` ON `p`.`builder_id` = `b`.`id`
LEFT JOIN `locations` `l` ON `p`.`location_id` = `l`.`id`
LEFT JOIN `property_types` `pt` ON `p`.`property_type_id` = `pt`.`id`
LEFT JOIN `property_status` `ps` ON `p`.`property_status_id` = `ps`.`id`
LEFT JOIN `property_amenities` `pa` ON `pa`.`property_id` = `p`.`id`
WHERE `p`.`status` = 1
ORDER BY `p`.`id` DESC
 LIMIT -10, 10
ERROR - 2018-04-06 03:08:38 --> Query error: You have an error in your SQL syntax; check the manual that corresponds to your MySQL server version for the right syntax to use near '-10, 10' at line 11 - Invalid query: SELECT DISTINCT `p`.*, `c`.`name` as `city_name`, `ps`.`name` as `property_status`, `pt`.`name` as `prop_type`, `b`.`name` as `builder`, `l`.`name` as `location`
FROM `properties` `p`
LEFT JOIN `cities` `c` ON `p`.`city_id` = `c`.`id`
LEFT JOIN `builders` `b` ON `p`.`builder_id` = `b`.`id`
LEFT JOIN `locations` `l` ON `p`.`location_id` = `l`.`id`
LEFT JOIN `property_types` `pt` ON `p`.`property_type_id` = `pt`.`id`
LEFT JOIN `property_status` `ps` ON `p`.`property_status_id` = `ps`.`id`
LEFT JOIN `property_amenities` `pa` ON `pa`.`property_id` = `p`.`id`
WHERE `p`.`status` = 1
ORDER BY `p`.`id` DESC
 LIMIT -10, 10
ERROR - 2018-04-06 03:25:12 --> 404 Page Not Found: 
ERROR - 2018-04-06 03:42:08 --> 404 Page Not Found: 
ERROR - 2018-04-06 03:43:40 --> 404 Page Not Found: 
ERROR - 2018-04-06 03:55:01 --> 404 Page Not Found: 
ERROR - 2018-04-06 03:55:32 --> 404 Page Not Found: 
ERROR - 2018-04-06 04:06:22 --> 404 Page Not Found: 
ERROR - 2018-04-06 05:40:47 --> 404 Page Not Found: 
ERROR - 2018-04-06 05:50:44 --> 404 Page Not Found: 
ERROR - 2018-04-06 06:16:36 --> Query error: You have an error in your SQL syntax; check the manual that corresponds to your MySQL server version for the right syntax to use near '-10, 10' at line 11 - Invalid query: SELECT DISTINCT `p`.*, `c`.`name` as `city_name`, `ps`.`name` as `property_status`, `pt`.`name` as `prop_type`, `b`.`name` as `builder`, `l`.`name` as `location`
FROM `properties` `p`
LEFT JOIN `cities` `c` ON `p`.`city_id` = `c`.`id`
LEFT JOIN `builders` `b` ON `p`.`builder_id` = `b`.`id`
LEFT JOIN `locations` `l` ON `p`.`location_id` = `l`.`id`
LEFT JOIN `property_types` `pt` ON `p`.`property_type_id` = `pt`.`id`
LEFT JOIN `property_status` `ps` ON `p`.`property_status_id` = `ps`.`id`
LEFT JOIN `property_amenities` `pa` ON `pa`.`property_id` = `p`.`id`
WHERE `p`.`status` = 1
ORDER BY `p`.`id` DESC
 LIMIT -10, 10
ERROR - 2018-04-06 06:34:50 --> 404 Page Not Found: 
ERROR - 2018-04-06 06:37:23 --> Query error: You have an error in your SQL syntax; check the manual that corresponds to your MySQL server version for the right syntax to use near '-10, 10' at line 11 - Invalid query: SELECT DISTINCT `p`.*, `c`.`name` as `city_name`, `ps`.`name` as `property_status`, `pt`.`name` as `prop_type`, `b`.`name` as `builder`, `l`.`name` as `location`
FROM `properties` `p`
LEFT JOIN `cities` `c` ON `p`.`city_id` = `c`.`id`
LEFT JOIN `builders` `b` ON `p`.`builder_id` = `b`.`id`
LEFT JOIN `locations` `l` ON `p`.`location_id` = `l`.`id`
LEFT JOIN `property_types` `pt` ON `p`.`property_type_id` = `pt`.`id`
LEFT JOIN `property_status` `ps` ON `p`.`property_status_id` = `ps`.`id`
LEFT JOIN `property_amenities` `pa` ON `pa`.`property_id` = `p`.`id`
WHERE `p`.`status` = 1
ORDER BY `p`.`id` DESC
 LIMIT -10, 10
ERROR - 2018-04-06 06:47:59 --> 404 Page Not Found: 
ERROR - 2018-04-06 06:51:34 --> 404 Page Not Found: 
ERROR - 2018-04-06 06:53:59 --> 404 Page Not Found: 
ERROR - 2018-04-06 06:59:37 --> 404 Page Not Found: 
ERROR - 2018-04-06 07:08:38 --> 404 Page Not Found: 
ERROR - 2018-04-06 07:23:43 --> 404 Page Not Found: 
ERROR - 2018-04-06 07:25:37 --> Severity: Warning --> Division by zero /home/nkmtein/public_html/fullbasketproperty.com/application/core/Public_Controller.php 47
ERROR - 2018-04-06 07:27:18 --> Severity: Warning --> Division by zero /home/nkmtein/public_html/fullbasketproperty.com/application/core/Public_Controller.php 47
ERROR - 2018-04-06 07:27:36 --> Severity: Warning --> Division by zero /home/nkmtein/public_html/fullbasketproperty.com/application/core/Public_Controller.php 47
ERROR - 2018-04-06 07:28:29 --> Severity: Warning --> Division by zero /home/nkmtein/public_html/fullbasketproperty.com/application/core/Public_Controller.php 47
ERROR - 2018-04-06 07:29:08 --> Severity: Warning --> Division by zero /home/nkmtein/public_html/fullbasketproperty.com/application/core/Public_Controller.php 47
ERROR - 2018-04-06 08:27:58 --> 404 Page Not Found: 
ERROR - 2018-04-06 09:07:44 --> 404 Page Not Found: 
ERROR - 2018-04-06 09:11:17 --> 404 Page Not Found: 
ERROR - 2018-04-06 15:06:25 --> 404 Page Not Found: 
ERROR - 2018-04-06 15:41:51 --> 404 Page Not Found: 
ERROR - 2018-04-06 17:17:03 --> 404 Page Not Found: 
ERROR - 2018-04-06 20:59:41 --> 404 Page Not Found: 
ERROR - 2018-04-06 21:28:53 --> 404 Page Not Found: 
ERROR - 2018-04-06 21:34:08 --> 404 Page Not Found: 
ERROR - 2018-04-06 22:51:41 --> 404 Page Not Found: 
ERROR - 2018-04-06 22:51:41 --> 404 Page Not Found: 
ERROR - 2018-04-06 23:23:09 --> 404 Page Not Found: 
ERROR - 2018-04-06 23:59:46 --> 404 Page Not Found: 
