ERROR - 2018-02-09 00:49:21 --> 404 Page Not Found: 
ERROR - 2018-02-09 02:38:27 --> 404 Page Not Found: 
ERROR - 2018-02-09 04:53:49 --> 404 Page Not Found: 
ERROR - 2018-02-09 07:42:55 --> 404 Page Not Found: 
ERROR - 2018-02-09 09:29:54 --> 404 Page Not Found: 
ERROR - 2018-02-09 09:31:28 --> 404 Page Not Found: 
ERROR - 2018-02-09 12:41:38 --> Severity: Warning --> include(/home/nkmtein/public_html/fullbasketproperty.com/system/language/english/achievements_lang.php): failed to open stream: No such file or directory /home/nkmtein/public_html/fullbasketproperty.com/application/core/MY_Lang.php 112
ERROR - 2018-02-09 12:41:38 --> Severity: Warning --> include(): Failed opening '/home/nkmtein/public_html/fullbasketproperty.com/system/language/english/achievements_lang.php' for inclusion (include_path='.:/opt/cpanel/ea-php56/root/usr/share/pear') /home/nkmtein/public_html/fullbasketproperty.com/application/core/MY_Lang.php 112
ERROR - 2018-02-09 12:41:38 --> Language file contains no data: language/english/achievements_lang.php
ERROR - 2018-02-09 12:41:38 --> Could not find the language line "achievements title achievements"
ERROR - 2018-02-09 12:41:45 --> Severity: Warning --> include(/home/nkmtein/public_html/fullbasketproperty.com/system/language/english/achievements_lang.php): failed to open stream: No such file or directory /home/nkmtein/public_html/fullbasketproperty.com/application/core/MY_Lang.php 112
ERROR - 2018-02-09 12:41:45 --> Severity: Warning --> include(): Failed opening '/home/nkmtein/public_html/fullbasketproperty.com/system/language/english/achievements_lang.php' for inclusion (include_path='.:/opt/cpanel/ea-php56/root/usr/share/pear') /home/nkmtein/public_html/fullbasketproperty.com/application/core/MY_Lang.php 112
ERROR - 2018-02-09 12:41:45 --> Language file contains no data: language/english/achievements_lang.php
ERROR - 2018-02-09 12:41:45 --> Could not find the language line "achievements title editAchievement"
ERROR - 2018-02-09 12:41:51 --> Severity: Warning --> include(/home/nkmtein/public_html/fullbasketproperty.com/system/language/english/achievements_lang.php): failed to open stream: No such file or directory /home/nkmtein/public_html/fullbasketproperty.com/application/core/MY_Lang.php 112
ERROR - 2018-02-09 12:41:51 --> Severity: Warning --> include(): Failed opening '/home/nkmtein/public_html/fullbasketproperty.com/system/language/english/achievements_lang.php' for inclusion (include_path='.:/opt/cpanel/ea-php56/root/usr/share/pear') /home/nkmtein/public_html/fullbasketproperty.com/application/core/MY_Lang.php 112
ERROR - 2018-02-09 12:41:51 --> Language file contains no data: language/english/achievements_lang.php
ERROR - 2018-02-09 12:41:51 --> Severity: Warning --> include(/home/nkmtein/public_html/fullbasketproperty.com/system/language/english/achievements_lang.php): failed to open stream: No such file or directory /home/nkmtein/public_html/fullbasketproperty.com/application/core/MY_Lang.php 112
ERROR - 2018-02-09 12:41:51 --> Severity: Warning --> include(): Failed opening '/home/nkmtein/public_html/fullbasketproperty.com/system/language/english/achievements_lang.php' for inclusion (include_path='.:/opt/cpanel/ea-php56/root/usr/share/pear') /home/nkmtein/public_html/fullbasketproperty.com/application/core/MY_Lang.php 112
ERROR - 2018-02-09 12:41:51 --> Language file contains no data: language/english/achievements_lang.php
ERROR - 2018-02-09 12:41:51 --> Could not find the language line "achievements title achievements"
ERROR - 2018-02-09 12:52:41 --> Severity: Warning --> Division by zero /home/nkmtein/public_html/fullbasketproperty.com/application/core/Public_Controller.php 47
ERROR - 2018-02-09 14:46:01 --> Severity: Warning --> Division by zero /home/nkmtein/public_html/fullbasketproperty.com/application/core/Public_Controller.php 47
ERROR - 2018-02-09 16:57:57 --> 404 Page Not Found: 
ERROR - 2018-02-09 18:41:09 --> Severity: Warning --> Division by zero /home/nkmtein/public_html/fullbasketproperty.com/application/core/Public_Controller.php 47
ERROR - 2018-02-09 18:53:04 --> 404 Page Not Found: 
ERROR - 2018-02-09 21:04:02 --> 404 Page Not Found: 
ERROR - 2018-02-09 21:51:56 --> 404 Page Not Found: 
ERROR - 2018-02-09 16:48:11 --> Severity: error --> Exception: Oophs. Error! /home/nkmtein/public_html/fullbasketproperty.com/application/third_party/hybridauth/Hybrid/Endpoint.php 212
ERROR - 2018-02-09 22:33:29 --> 404 Page Not Found: 
