ERROR - 2019-06-29 01:24:40 --> 404 Page Not Found: 
ERROR - 2019-06-29 01:40:51 --> 404 Page Not Found: 
ERROR - 2019-06-29 02:15:05 --> 404 Page Not Found: 
ERROR - 2019-06-29 02:27:43 --> 404 Page Not Found: 
ERROR - 2019-06-29 02:55:04 --> 404 Page Not Found: 
ERROR - 2019-06-29 03:18:37 --> 404 Page Not Found: 
ERROR - 2019-06-29 03:41:31 --> 404 Page Not Found: 
ERROR - 2019-06-29 04:16:17 --> 404 Page Not Found: 
ERROR - 2019-06-29 04:18:37 --> 404 Page Not Found: 
ERROR - 2019-06-29 04:21:40 --> Query error: You have an error in your SQL syntax; check the manual that corresponds to your MySQL server version for the right syntax to use near '-10, 10' at line 11 - Invalid query: SELECT DISTINCT `p`.*, `c`.`name` as `city_name`, `ps`.`name` as `property_status`, `pt`.`name` as `prop_type`, `b`.`name` as `builder`, `l`.`name` as `location`
FROM `properties` `p`
LEFT JOIN `cities` `c` ON `p`.`city_id` = `c`.`id`
LEFT JOIN `builders` `b` ON `p`.`builder_id` = `b`.`id`
LEFT JOIN `locations` `l` ON `p`.`location_id` = `l`.`id`
LEFT JOIN `property_types` `pt` ON `p`.`property_type_id` = `pt`.`id`
LEFT JOIN `property_status` `ps` ON `p`.`property_status_id` = `ps`.`id`
LEFT JOIN `property_amenities` `pa` ON `pa`.`property_id` = `p`.`id`
WHERE `p`.`status` = 1
ORDER BY `p`.`id` DESC
 LIMIT -10, 10
ERROR - 2019-06-29 04:24:28 --> 404 Page Not Found: 
ERROR - 2019-06-29 04:38:20 --> 404 Page Not Found: 
ERROR - 2019-06-29 04:46:19 --> 404 Page Not Found: 
ERROR - 2019-06-29 04:51:08 --> 404 Page Not Found: 
ERROR - 2019-06-29 04:57:56 --> 404 Page Not Found: 
ERROR - 2019-06-29 05:14:39 --> 404 Page Not Found: 
ERROR - 2019-06-29 05:31:57 --> 404 Page Not Found: 
ERROR - 2019-06-29 07:00:51 --> 404 Page Not Found: 
ERROR - 2019-06-29 07:05:34 --> 404 Page Not Found: 
ERROR - 2019-06-29 07:39:31 --> 404 Page Not Found: 
ERROR - 2019-06-29 08:16:23 --> 404 Page Not Found: 
ERROR - 2019-06-29 08:55:13 --> 404 Page Not Found: 
ERROR - 2019-06-29 09:01:09 --> 404 Page Not Found: 
ERROR - 2019-06-29 09:09:19 --> 404 Page Not Found: 
ERROR - 2019-06-29 09:41:47 --> 404 Page Not Found: 
ERROR - 2019-06-29 09:44:16 --> 404 Page Not Found: 
ERROR - 2019-06-29 09:51:55 --> 404 Page Not Found: 
ERROR - 2019-06-29 09:53:22 --> 404 Page Not Found: 
ERROR - 2019-06-29 09:54:44 --> 404 Page Not Found: 
ERROR - 2019-06-29 09:58:37 --> 404 Page Not Found: 
ERROR - 2019-06-29 10:00:45 --> 404 Page Not Found: 
ERROR - 2019-06-29 10:07:29 --> 404 Page Not Found: 
ERROR - 2019-06-29 10:16:53 --> 404 Page Not Found: 
ERROR - 2019-06-29 10:22:38 --> 404 Page Not Found: 
ERROR - 2019-06-29 10:31:03 --> 404 Page Not Found: 
ERROR - 2019-06-29 10:43:47 --> 404 Page Not Found: 
ERROR - 2019-06-29 11:11:01 --> 404 Page Not Found: 
ERROR - 2019-06-29 11:15:04 --> 404 Page Not Found: 
ERROR - 2019-06-29 11:33:36 --> 404 Page Not Found: 
ERROR - 2019-06-29 11:33:41 --> 404 Page Not Found: 
ERROR - 2019-06-29 11:33:42 --> 404 Page Not Found: 
ERROR - 2019-06-29 11:33:42 --> 404 Page Not Found: 
ERROR - 2019-06-29 11:33:43 --> 404 Page Not Found: 
ERROR - 2019-06-29 11:37:26 --> 404 Page Not Found: 
ERROR - 2019-06-29 11:39:07 --> 404 Page Not Found: 
ERROR - 2019-06-29 12:18:59 --> 404 Page Not Found: 
ERROR - 2019-06-29 12:20:51 --> 404 Page Not Found: 
ERROR - 2019-06-29 12:36:36 --> 404 Page Not Found: 
ERROR - 2019-06-29 12:45:19 --> 404 Page Not Found: 
ERROR - 2019-06-29 12:54:17 --> 404 Page Not Found: 
ERROR - 2019-06-29 13:02:06 --> 404 Page Not Found: 
ERROR - 2019-06-29 13:30:06 --> 404 Page Not Found: 
ERROR - 2019-06-29 13:31:07 --> 404 Page Not Found: 
ERROR - 2019-06-29 13:31:57 --> 404 Page Not Found: 
ERROR - 2019-06-29 13:40:44 --> 404 Page Not Found: 
ERROR - 2019-06-29 13:40:44 --> 404 Page Not Found: 
ERROR - 2019-06-29 13:50:46 --> 404 Page Not Found: 
ERROR - 2019-06-29 13:52:49 --> 404 Page Not Found: 
ERROR - 2019-06-29 13:55:40 --> 404 Page Not Found: 
ERROR - 2019-06-29 14:00:14 --> 404 Page Not Found: 
ERROR - 2019-06-29 14:51:57 --> 404 Page Not Found: 
ERROR - 2019-06-29 15:05:37 --> 404 Page Not Found: 
ERROR - 2019-06-29 15:29:52 --> 404 Page Not Found: 
ERROR - 2019-06-29 15:34:41 --> 404 Page Not Found: 
ERROR - 2019-06-29 15:43:10 --> 404 Page Not Found: 
ERROR - 2019-06-29 16:23:49 --> 404 Page Not Found: 
ERROR - 2019-06-29 16:48:24 --> 404 Page Not Found: 
ERROR - 2019-06-29 17:02:44 --> 404 Page Not Found: 
ERROR - 2019-06-29 17:07:33 --> 404 Page Not Found: 
ERROR - 2019-06-29 17:07:43 --> 404 Page Not Found: 
ERROR - 2019-06-29 17:16:38 --> 404 Page Not Found: 
ERROR - 2019-06-29 17:16:39 --> 404 Page Not Found: 
ERROR - 2019-06-29 17:16:40 --> 404 Page Not Found: 
ERROR - 2019-06-29 17:16:40 --> 404 Page Not Found: 
ERROR - 2019-06-29 17:16:40 --> 404 Page Not Found: 
ERROR - 2019-06-29 17:16:43 --> 404 Page Not Found: 
ERROR - 2019-06-29 17:16:44 --> 404 Page Not Found: 
ERROR - 2019-06-29 17:27:37 --> 404 Page Not Found: 
ERROR - 2019-06-29 17:31:55 --> 404 Page Not Found: 
ERROR - 2019-06-29 17:33:34 --> 404 Page Not Found: 
ERROR - 2019-06-29 17:34:15 --> 404 Page Not Found: 
ERROR - 2019-06-29 17:34:19 --> 404 Page Not Found: 
ERROR - 2019-06-29 17:34:38 --> 404 Page Not Found: 
ERROR - 2019-06-29 17:34:45 --> 404 Page Not Found: 
ERROR - 2019-06-29 17:34:51 --> 404 Page Not Found: 
ERROR - 2019-06-29 17:36:50 --> 404 Page Not Found: 
ERROR - 2019-06-29 17:42:11 --> 404 Page Not Found: 
ERROR - 2019-06-29 17:42:35 --> 404 Page Not Found: 
ERROR - 2019-06-29 19:05:06 --> 404 Page Not Found: 
ERROR - 2019-06-29 19:10:05 --> 404 Page Not Found: 
ERROR - 2019-06-29 19:52:13 --> 404 Page Not Found: 
ERROR - 2019-06-29 19:53:24 --> 404 Page Not Found: 
ERROR - 2019-06-29 19:53:25 --> 404 Page Not Found: 
ERROR - 2019-06-29 20:07:25 --> 404 Page Not Found: 
ERROR - 2019-06-29 20:34:10 --> 404 Page Not Found: 
ERROR - 2019-06-29 20:46:30 --> 404 Page Not Found: 
ERROR - 2019-06-29 21:14:55 --> 404 Page Not Found: 
ERROR - 2019-06-29 21:45:17 --> 404 Page Not Found: 
ERROR - 2019-06-29 22:03:04 --> 404 Page Not Found: 
ERROR - 2019-06-29 22:41:49 --> 404 Page Not Found: 
ERROR - 2019-06-29 22:43:04 --> 404 Page Not Found: 
ERROR - 2019-06-29 22:47:06 --> 404 Page Not Found: 
ERROR - 2019-06-29 22:54:22 --> 404 Page Not Found: 
ERROR - 2019-06-29 23:44:54 --> 404 Page Not Found: 
ERROR - 2019-06-29 23:49:44 --> 404 Page Not Found: 
