ERROR - 2018-02-22 02:01:27 --> 404 Page Not Found: 
ERROR - 2018-02-22 02:21:37 --> 404 Page Not Found: 
ERROR - 2018-02-22 02:39:11 --> 404 Page Not Found: 
ERROR - 2018-02-22 05:51:21 --> 404 Page Not Found: 
ERROR - 2018-02-22 06:55:23 --> 404 Page Not Found: 
ERROR - 2018-02-22 07:17:53 --> 404 Page Not Found: 
ERROR - 2018-02-22 09:39:22 --> 404 Page Not Found: 
ERROR - 2018-02-22 11:26:48 --> Severity: Warning --> file_get_contents(): https:// wrapper is disabled in the server configuration by allow_url_fopen=0 /home/nkmtein/public_html/fullbasketproperty.com/application/helpers/core_helper.php 298
ERROR - 2018-02-22 11:26:48 --> Severity: Warning --> file_get_contents(https://www.google.com/recaptcha/api/siteverify): failed to open stream: no suitable wrapper could be found /home/nkmtein/public_html/fullbasketproperty.com/application/helpers/core_helper.php 298
ERROR - 2018-02-22 11:27:18 --> Severity: Warning --> file_get_contents(): https:// wrapper is disabled in the server configuration by allow_url_fopen=0 /home/nkmtein/public_html/fullbasketproperty.com/application/helpers/core_helper.php 298
ERROR - 2018-02-22 11:27:18 --> Severity: Warning --> file_get_contents(https://www.google.com/recaptcha/api/siteverify): failed to open stream: no suitable wrapper could be found /home/nkmtein/public_html/fullbasketproperty.com/application/helpers/core_helper.php 298
ERROR - 2018-02-22 11:28:04 --> Severity: Warning --> file_get_contents(): https:// wrapper is disabled in the server configuration by allow_url_fopen=0 /home/nkmtein/public_html/fullbasketproperty.com/application/helpers/core_helper.php 298
ERROR - 2018-02-22 11:28:04 --> Severity: Warning --> file_get_contents(https://www.google.com/recaptcha/api/siteverify): failed to open stream: no suitable wrapper could be found /home/nkmtein/public_html/fullbasketproperty.com/application/helpers/core_helper.php 298
ERROR - 2018-02-22 11:28:19 --> Severity: Warning --> Division by zero /home/nkmtein/public_html/fullbasketproperty.com/application/core/Public_Controller.php 47
ERROR - 2018-02-22 11:28:39 --> Severity: Warning --> file_get_contents(): https:// wrapper is disabled in the server configuration by allow_url_fopen=0 /home/nkmtein/public_html/fullbasketproperty.com/application/helpers/core_helper.php 298
ERROR - 2018-02-22 11:28:39 --> Severity: Warning --> file_get_contents(https://www.google.com/recaptcha/api/siteverify): failed to open stream: no suitable wrapper could be found /home/nkmtein/public_html/fullbasketproperty.com/application/helpers/core_helper.php 298
ERROR - 2018-02-22 11:30:32 --> Severity: Warning --> file_get_contents(): https:// wrapper is disabled in the server configuration by allow_url_fopen=0 /home/nkmtein/public_html/fullbasketproperty.com/application/helpers/core_helper.php 298
ERROR - 2018-02-22 11:30:32 --> Severity: Warning --> file_get_contents(https://www.google.com/recaptcha/api/siteverify): failed to open stream: no suitable wrapper could be found /home/nkmtein/public_html/fullbasketproperty.com/application/helpers/core_helper.php 298
ERROR - 2018-02-22 11:31:07 --> Severity: Warning --> file_get_contents(): https:// wrapper is disabled in the server configuration by allow_url_fopen=0 /home/nkmtein/public_html/fullbasketproperty.com/application/helpers/core_helper.php 298
ERROR - 2018-02-22 11:31:07 --> Severity: Warning --> file_get_contents(https://www.google.com/recaptcha/api/siteverify): failed to open stream: no suitable wrapper could be found /home/nkmtein/public_html/fullbasketproperty.com/application/helpers/core_helper.php 298
ERROR - 2018-02-22 11:33:52 --> Severity: Warning --> file_get_contents(): https:// wrapper is disabled in the server configuration by allow_url_fopen=0 /home/nkmtein/public_html/fullbasketproperty.com/application/helpers/core_helper.php 298
ERROR - 2018-02-22 11:33:52 --> Severity: Warning --> file_get_contents(https://www.google.com/recaptcha/api/siteverify): failed to open stream: no suitable wrapper could be found /home/nkmtein/public_html/fullbasketproperty.com/application/helpers/core_helper.php 298
ERROR - 2018-02-22 11:34:25 --> Severity: Warning --> file_get_contents(): https:// wrapper is disabled in the server configuration by allow_url_fopen=0 /home/nkmtein/public_html/fullbasketproperty.com/application/helpers/core_helper.php 298
ERROR - 2018-02-22 11:34:25 --> Severity: Warning --> file_get_contents(https://www.google.com/recaptcha/api/siteverify): failed to open stream: no suitable wrapper could be found /home/nkmtein/public_html/fullbasketproperty.com/application/helpers/core_helper.php 298
ERROR - 2018-02-22 11:34:45 --> Severity: Warning --> file_get_contents(): https:// wrapper is disabled in the server configuration by allow_url_fopen=0 /home/nkmtein/public_html/fullbasketproperty.com/application/helpers/core_helper.php 298
ERROR - 2018-02-22 11:34:45 --> Severity: Warning --> file_get_contents(https://www.google.com/recaptcha/api/siteverify): failed to open stream: no suitable wrapper could be found /home/nkmtein/public_html/fullbasketproperty.com/application/helpers/core_helper.php 298
ERROR - 2018-02-22 11:39:26 --> Severity: Warning --> file_get_contents(): https:// wrapper is disabled in the server configuration by allow_url_fopen=0 /home/nkmtein/public_html/fullbasketproperty.com/application/helpers/core_helper.php 298
ERROR - 2018-02-22 11:39:26 --> Severity: Warning --> file_get_contents(https://www.google.com/recaptcha/api/siteverify?secret=6LfZsEcUAAAAAH28sxnY4ACpHEQgahyULIMxtrjU&amp;response=03ANcjosqkRaLdQFHNKVtNc6_jJ-mZXeglq4RF4ATchnDkhc15dSeCvJxQawAtMJyzu40PGXCG4fr-zNOXJ6pfmQ-2is5DPJsYJ1UFQ1bJrxqdjh2YPycnocNn2UIx6dJeFGdEkfiDZTtAJQz3nJwjTStfyXwBDPd-oQfRe66JEw4IAR62mFKjUU20XyuMtzhCQM1gbxbuFsJQbBUCPkCRWOlHclv7LEDBpczJJep5ttxsZYa6ysFya7LmgLTLw_d-B7tf2JxA42C8e-sEczat4HrWAGQ47mGJx_p7xYm6fDOjuJCeOUKnBiJvAxXp65fkK--pJ4o6JgeLAOvoJSotI8LGJNSTSUgcc4Dhv7WFlKXemImcwjvRhXP230nfQYY4T0knvzAbv2KqfvOZdQWFXk8Moch1ErAhPxQQPeMP36oqydpGKxB8EsdqF_eZgefyzQoxo2fanAdqLgZLrPU_lFWoAmlHYpI8vg&amp;remoteip=202.83.47.139): failed to open stream: no suitable wrapper could be found /home/nkmtein/public_html/fullbasketproperty.com/application/helpers/core_helper.php 298
ERROR - 2018-02-22 11:39:51 --> Severity: Warning --> file_get_contents(): https:// wrapper is disabled in the server configuration by allow_url_fopen=0 /home/nkmtein/public_html/fullbasketproperty.com/application/helpers/core_helper.php 298
ERROR - 2018-02-22 11:39:51 --> Severity: Warning --> file_get_contents(https://www.google.com/recaptcha/api/siteverify?secret=6LfZsEcUAAAAAH28sxnY4ACpHEQgahyULIMxtrjU&amp;response=03ANcjosqkRaLdQFHNKVtNc6_jJ-mZXeglq4RF4ATchnDkhc15dSeCvJxQawAtMJyzu40PGXCG4fr-zNOXJ6pfmQ-2is5DPJsYJ1UFQ1bJrxqdjh2YPycnocNn2UIx6dJeFGdEkfiDZTtAJQz3nJwjTStfyXwBDPd-oQfRe66JEw4IAR62mFKjUU20XyuMtzhCQM1gbxbuFsJQbBUCPkCRWOlHclv7LEDBpczJJep5ttxsZYa6ysFya7LmgLTLw_d-B7tf2JxA42C8e-sEczat4HrWAGQ47mGJx_p7xYm6fDOjuJCeOUKnBiJvAxXp65fkK--pJ4o6JgeLAOvoJSotI8LGJNSTSUgcc4Dhv7WFlKXemImcwjvRhXP230nfQYY4T0knvzAbv2KqfvOZdQWFXk8Moch1ErAhPxQQPeMP36oqydpGKxB8EsdqF_eZgefyzQoxo2fanAdqLgZLrPU_lFWoAmlHYpI8vg&amp;remoteip=202.83.47.139): failed to open stream: no suitable wrapper could be found /home/nkmtein/public_html/fullbasketproperty.com/application/helpers/core_helper.php 298
ERROR - 2018-02-22 11:40:23 --> Severity: Warning --> file_get_contents(): https:// wrapper is disabled in the server configuration by allow_url_fopen=0 /home/nkmtein/public_html/fullbasketproperty.com/application/helpers/core_helper.php 298
ERROR - 2018-02-22 11:40:23 --> Severity: Warning --> file_get_contents(https://www.google.com/recaptcha/api/siteverify?secret=6LfZsEcUAAAAAH28sxnY4ACpHEQgahyULIMxtrjU&amp;response=03ANcjosqkRaLdQFHNKVtNc6_jJ-mZXeglq4RF4ATchnDkhc15dSeCvJxQawAtMJyzu40PGXCG4fr-zNOXJ6pfmQ-2is5DPJsYJ1UFQ1bJrxqdjh2YPycnocNn2UIx6dJeFGdEkfiDZTtAJQz3nJwjTStfyXwBDPd-oQfRe66JEw4IAR62mFKjUU20XyuMtzhCQM1gbxbuFsJQbBUCPkCRWOlHclv7LEDBpczJJep5ttxsZYa6ysFya7LmgLTLw_d-B7tf2JxA42C8e-sEczat4HrWAGQ47mGJx_p7xYm6fDOjuJCeOUKnBiJvAxXp65fkK--pJ4o6JgeLAOvoJSotI8LGJNSTSUgcc4Dhv7WFlKXemImcwjvRhXP230nfQYY4T0knvzAbv2KqfvOZdQWFXk8Moch1ErAhPxQQPeMP36oqydpGKxB8EsdqF_eZgefyzQoxo2fanAdqLgZLrPU_lFWoAmlHYpI8vg&amp;remoteip=202.83.47.139): failed to open stream: no suitable wrapper could be found /home/nkmtein/public_html/fullbasketproperty.com/application/helpers/core_helper.php 298
ERROR - 2018-02-22 11:43:23 --> Severity: Warning --> file_get_contents(): https:// wrapper is disabled in the server configuration by allow_url_fopen=0 /home/nkmtein/public_html/fullbasketproperty.com/application/helpers/core_helper.php 298
ERROR - 2018-02-22 11:43:23 --> Severity: Warning --> file_get_contents(https://www.google.com/recaptcha/api/siteverify?secret=6LfZsEcUAAAAAH28sxnY4ACpHEQgahyULIMxtrjU&amp;response=03ANcjosqkRaLdQFHNKVtNc6_jJ-mZXeglq4RF4ATchnDkhc15dSeCvJxQawAtMJyzu40PGXCG4fr-zNOXJ6pfmQ-2is5DPJsYJ1UFQ1bJrxqdjh2YPycnocNn2UIx6dJeFGdEkfiDZTtAJQz3nJwjTStfyXwBDPd-oQfRe66JEw4IAR62mFKjUU20XyuMtzhCQM1gbxbuFsJQbBUCPkCRWOlHclv7LEDBpczJJep5ttxsZYa6ysFya7LmgLTLw_d-B7tf2JxA42C8e-sEczat4HrWAGQ47mGJx_p7xYm6fDOjuJCeOUKnBiJvAxXp65fkK--pJ4o6JgeLAOvoJSotI8LGJNSTSUgcc4Dhv7WFlKXemImcwjvRhXP230nfQYY4T0knvzAbv2KqfvOZdQWFXk8Moch1ErAhPxQQPeMP36oqydpGKxB8EsdqF_eZgefyzQoxo2fanAdqLgZLrPU_lFWoAmlHYpI8vg&amp;remoteip=202.83.47.139): failed to open stream: no suitable wrapper could be found /home/nkmtein/public_html/fullbasketproperty.com/application/helpers/core_helper.php 298
ERROR - 2018-02-22 11:47:03 --> Severity: Warning --> Division by zero /home/nkmtein/public_html/fullbasketproperty.com/application/core/Public_Controller.php 47
ERROR - 2018-02-22 11:53:05 --> Severity: Warning --> Division by zero /home/nkmtein/public_html/fullbasketproperty.com/application/core/Public_Controller.php 47
ERROR - 2018-02-22 12:00:05 --> Severity: Warning --> Division by zero /home/nkmtein/public_html/fullbasketproperty.com/application/core/Public_Controller.php 47
ERROR - 2018-02-22 12:10:15 --> Severity: Warning --> Division by zero /home/nkmtein/public_html/fullbasketproperty.com/application/core/Public_Controller.php 47
ERROR - 2018-02-22 12:10:46 --> Severity: Warning --> Division by zero /home/nkmtein/public_html/fullbasketproperty.com/application/core/Public_Controller.php 47
ERROR - 2018-02-22 12:19:19 --> 404 Page Not Found: 
ERROR - 2018-02-22 12:30:55 --> 404 Page Not Found: 
ERROR - 2018-02-22 14:00:56 --> Severity: Warning --> Division by zero /home/nkmtein/public_html/fullbasketproperty.com/application/core/Public_Controller.php 47
ERROR - 2018-02-22 14:01:02 --> Severity: Warning --> Division by zero /home/nkmtein/public_html/fullbasketproperty.com/application/core/Public_Controller.php 47
ERROR - 2018-02-22 15:06:34 --> 404 Page Not Found: 
ERROR - 2018-02-22 15:26:11 --> Severity: Warning --> Division by zero /home/nkmtein/public_html/fullbasketproperty.com/application/core/Public_Controller.php 47
ERROR - 2018-02-22 16:53:20 --> 404 Page Not Found: 
ERROR - 2018-02-22 18:27:40 --> Severity: Warning --> Division by zero /home/nkmtein/public_html/fullbasketproperty.com/application/core/Public_Controller.php 47
ERROR - 2018-02-22 22:14:24 --> 404 Page Not Found: 
ERROR - 2018-02-22 22:38:05 --> Severity: Warning --> include(/home/nkmtein/public_html/fullbasketproperty.com/system/language/english/achievements_lang.php): failed to open stream: No such file or directory /home/nkmtein/public_html/fullbasketproperty.com/application/core/MY_Lang.php 112
ERROR - 2018-02-22 22:38:05 --> Severity: Warning --> include(): Failed opening '/home/nkmtein/public_html/fullbasketproperty.com/system/language/english/achievements_lang.php' for inclusion (include_path='.:/opt/cpanel/ea-php56/root/usr/share/pear') /home/nkmtein/public_html/fullbasketproperty.com/application/core/MY_Lang.php 112
ERROR - 2018-02-22 22:38:05 --> Language file contains no data: language/english/achievements_lang.php
ERROR - 2018-02-22 22:38:05 --> Could not find the language line "achievements title achievements"
ERROR - 2018-02-22 22:38:10 --> Severity: Warning --> include(/home/nkmtein/public_html/fullbasketproperty.com/system/language/english/achievements_lang.php): failed to open stream: No such file or directory /home/nkmtein/public_html/fullbasketproperty.com/application/core/MY_Lang.php 112
ERROR - 2018-02-22 22:38:10 --> Severity: Warning --> include(): Failed opening '/home/nkmtein/public_html/fullbasketproperty.com/system/language/english/achievements_lang.php' for inclusion (include_path='.:/opt/cpanel/ea-php56/root/usr/share/pear') /home/nkmtein/public_html/fullbasketproperty.com/application/core/MY_Lang.php 112
ERROR - 2018-02-22 22:38:10 --> Language file contains no data: language/english/achievements_lang.php
ERROR - 2018-02-22 22:38:10 --> Could not find the language line "achievements title editAchievement"
ERROR - 2018-02-22 22:38:35 --> Severity: Warning --> include(/home/nkmtein/public_html/fullbasketproperty.com/system/language/english/achievements_lang.php): failed to open stream: No such file or directory /home/nkmtein/public_html/fullbasketproperty.com/application/core/MY_Lang.php 112
ERROR - 2018-02-22 22:38:35 --> Severity: Warning --> include(): Failed opening '/home/nkmtein/public_html/fullbasketproperty.com/system/language/english/achievements_lang.php' for inclusion (include_path='.:/opt/cpanel/ea-php56/root/usr/share/pear') /home/nkmtein/public_html/fullbasketproperty.com/application/core/MY_Lang.php 112
ERROR - 2018-02-22 22:38:35 --> Language file contains no data: language/english/achievements_lang.php
ERROR - 2018-02-22 22:38:36 --> Severity: Warning --> include(/home/nkmtein/public_html/fullbasketproperty.com/system/language/english/achievements_lang.php): failed to open stream: No such file or directory /home/nkmtein/public_html/fullbasketproperty.com/application/core/MY_Lang.php 112
ERROR - 2018-02-22 22:38:36 --> Severity: Warning --> include(): Failed opening '/home/nkmtein/public_html/fullbasketproperty.com/system/language/english/achievements_lang.php' for inclusion (include_path='.:/opt/cpanel/ea-php56/root/usr/share/pear') /home/nkmtein/public_html/fullbasketproperty.com/application/core/MY_Lang.php 112
ERROR - 2018-02-22 22:38:36 --> Language file contains no data: language/english/achievements_lang.php
ERROR - 2018-02-22 22:38:36 --> Could not find the language line "achievements title achievements"
ERROR - 2018-02-22 23:03:18 --> 404 Page Not Found: 
ERROR - 2018-02-22 20:04:31 --> Severity: error --> Exception: Oophs. Error! /home/nkmtein/public_html/fullbasketproperty.com/application/third_party/hybridauth/Hybrid/Endpoint.php 212
ERROR - 2018-02-22 20:08:21 --> Severity: error --> Exception: Oophs. Error! /home/nkmtein/public_html/fullbasketproperty.com/application/third_party/hybridauth/Hybrid/Endpoint.php 212
