ERROR - 2018-01-06 18:25:41 --> controllers.HAuth.login: This provider is not enabled (google)
ERROR - 2018-01-06 18:25:41 --> 404 Page Not Found: /hauth/login/google
ERROR - 2018-01-06 18:42:20 --> controllers.HAuth.login: This provider is not enabled (google)
ERROR - 2018-01-06 18:42:20 --> 404 Page Not Found: /hauth/login/google
ERROR - 2018-01-06 19:30:39 --> Severity: Warning --> fsockopen(): unable to connect to ssl://smtp.gmail.com:465 (Network is unreachable) /home/nkmtein/public_html/fullbasketproperty.com/system/libraries/Email.php 2055
ERROR - 2018-01-06 19:30:41 --> Severity: Warning --> fsockopen(): unable to connect to ssl://smtp.gmail.com:465 (Network is unreachable) /home/nkmtein/public_html/fullbasketproperty.com/system/libraries/Email.php 2055
ERROR - 2018-01-06 21:02:52 --> Severity: Warning --> mysqli::query(): (HY000/1030): Got error 28 from storage engine /home/nkmtein/public_html/fullbasketproperty.com/system/database/drivers/mysqli/mysqli_driver.php 305
ERROR - 2018-01-06 21:02:52 --> Query error: Got error 28 from storage engine - Invalid query: SELECT `p`.*, `c`.`name` as `city_name`, `pt`.`name` as `prop_type`, `b`.`name` as `builder`, `l`.`name` as `location`
FROM `properties` `p`
LEFT JOIN `cities` `c` ON `p`.`city_id` = `c`.`id`
LEFT JOIN `property_types` `pt` ON `p`.`property_type_id` = `pt`.`id`
LEFT JOIN `builders` `b` ON `p`.`builder_id` = `b`.`id`
LEFT JOIN `locations` `l` ON `p`.`location_id` = `l`.`id`
WHERE `p`.`status` = 1
AND `p`.`highlight` = 1
ORDER BY `p`.`id` DESC
 LIMIT 7
ERROR - 2018-01-06 21:07:36 --> Severity: Warning --> mysqli::query(): (HY000/1030): Got error 28 from storage engine /home/nkmtein/public_html/fullbasketproperty.com/system/database/drivers/mysqli/mysqli_driver.php 305
ERROR - 2018-01-06 21:07:36 --> Query error: Got error 28 from storage engine - Invalid query: SELECT `p`.*, `c`.`name` as `city_name`, `pt`.`name` as `prop_type`, `b`.`name` as `builder`, `l`.`name` as `location`
FROM `properties` `p`
LEFT JOIN `cities` `c` ON `p`.`city_id` = `c`.`id`
LEFT JOIN `property_types` `pt` ON `p`.`property_type_id` = `pt`.`id`
LEFT JOIN `builders` `b` ON `p`.`builder_id` = `b`.`id`
LEFT JOIN `locations` `l` ON `p`.`location_id` = `l`.`id`
WHERE `p`.`status` = 1
AND `p`.`highlight` = 1
ORDER BY `p`.`id` DESC
 LIMIT 7
ERROR - 2018-01-06 21:13:00 --> Severity: Warning --> mysqli::query(): (HY000/1030): Got error 28 from storage engine /home/nkmtein/public_html/fullbasketproperty.com/system/database/drivers/mysqli/mysqli_driver.php 305
ERROR - 2018-01-06 21:13:00 --> Query error: Got error 28 from storage engine - Invalid query: SELECT `p`.*, `c`.`name` as `city_name`, `pt`.`name` as `prop_type`, `b`.`name` as `builder`, `l`.`name` as `location`
FROM `properties` `p`
LEFT JOIN `cities` `c` ON `p`.`city_id` = `c`.`id`
LEFT JOIN `property_types` `pt` ON `p`.`property_type_id` = `pt`.`id`
LEFT JOIN `builders` `b` ON `p`.`builder_id` = `b`.`id`
LEFT JOIN `locations` `l` ON `p`.`location_id` = `l`.`id`
WHERE `p`.`status` = 1
AND `p`.`highlight` = 1
ORDER BY `p`.`id` DESC
 LIMIT 7
ERROR - 2018-01-06 21:18:57 --> Severity: Warning --> mysqli::query(): (HY000/1030): Got error 28 from storage engine /home/nkmtein/public_html/fullbasketproperty.com/system/database/drivers/mysqli/mysqli_driver.php 305
ERROR - 2018-01-06 21:18:57 --> Query error: Got error 28 from storage engine - Invalid query: SELECT `p`.*, `c`.`name` as `city_name`, `pt`.`name` as `prop_type`, `b`.`name` as `builder`, `l`.`name` as `location`
FROM `properties` `p`
LEFT JOIN `cities` `c` ON `p`.`city_id` = `c`.`id`
LEFT JOIN `property_types` `pt` ON `p`.`property_type_id` = `pt`.`id`
LEFT JOIN `builders` `b` ON `p`.`builder_id` = `b`.`id`
LEFT JOIN `locations` `l` ON `p`.`location_id` = `l`.`id`
WHERE `p`.`status` = 1
AND `p`.`highlight` = 1
ORDER BY `p`.`id` DESC
 LIMIT 7
ERROR - 2018-01-06 21:20:26 --> Severity: Warning --> mysqli::query(): (HY000/1030): Got error 28 from storage engine /home/nkmtein/public_html/fullbasketproperty.com/system/database/drivers/mysqli/mysqli_driver.php 305
ERROR - 2018-01-06 21:20