ERROR - 2018-06-14 00:32:36 --> Query error: You have an error in your SQL syntax; check the manual that corresponds to your MySQL server version for the right syntax to use near '-10, 10' at line 11 - Invalid query: SELECT DISTINCT `p`.*, `c`.`name` as `city_name`, `ps`.`name` as `property_status`, `pt`.`name` as `prop_type`, `b`.`name` as `builder`, `l`.`name` as `location`
FROM `properties` `p`
LEFT JOIN `cities` `c` ON `p`.`city_id` = `c`.`id`
LEFT JOIN `builders` `b` ON `p`.`builder_id` = `b`.`id`
LEFT JOIN `locations` `l` ON `p`.`location_id` = `l`.`id`
LEFT JOIN `property_types` `pt` ON `p`.`property_type_id` = `pt`.`id`
LEFT JOIN `property_status` `ps` ON `p`.`property_status_id` = `ps`.`id`
LEFT JOIN `property_amenities` `pa` ON `pa`.`property_id` = `p`.`id`
WHERE `p`.`status` = 1
ORDER BY `p`.`id` DESC
 LIMIT -10, 10
ERROR - 2018-06-14 00:32:39 --> Query error: You have an error in your SQL syntax; check the manual that corresponds to your MySQL server version for the right syntax to use near '-10, 10' at line 11 - Invalid query: SELECT DISTINCT `p`.*, `c`.`name` as `city_name`, `ps`.`name` as `property_status`, `pt`.`name` as `prop_type`, `b`.`name` as `builder`, `l`.`name` as `location`
FROM `properties` `p`
LEFT JOIN `cities` `c` ON `p`.`city_id` = `c`.`id`
LEFT JOIN `builders` `b` ON `p`.`builder_id` = `b`.`id`
LEFT JOIN `locations` `l` ON `p`.`location_id` = `l`.`id`
LEFT JOIN `property_types` `pt` ON `p`.`property_type_id` = `pt`.`id`
LEFT JOIN `property_status` `ps` ON `p`.`property_status_id` = `ps`.`id`
LEFT JOIN `property_amenities` `pa` ON `pa`.`property_id` = `p`.`id`
WHERE `p`.`status` = 1
ORDER BY `p`.`id` DESC
 LIMIT -10, 10
ERROR - 2018-06-14 02:07:18 --> 404 Page Not Found: 
ERROR - 2018-06-14 02:20:40 --> 404 Page Not Found: 
ERROR - 2018-06-14 04:39:13 --> 404 Page Not Found: 
ERROR - 2018-06-14 04:43:12 --> 404 Page Not Found: 
ERROR - 2018-06-14 04:43:15 --> 404 Page Not Found: 
ERROR - 2018-06-14 04:43:24 --> 404 Page Not Found: 
ERROR - 2018-06-14 04:46:17 --> 404 Page Not Found: 
ERROR - 2018-06-14 05:18:00 --> 404 Page Not Found: 
ERROR - 2018-06-14 06:16:06 --> 404 Page Not Found: 
ERROR - 2018-06-14 06:38:16 --> 404 Page Not Found: 
ERROR - 2018-06-14 08:27:24 --> 404 Page Not Found: 
ERROR - 2018-06-14 10:08:51 --> 404 Page Not Found: 
ERROR - 2018-06-14 10:19:31 --> 404 Page Not Found: 
ERROR - 2018-06-14 11:35:51 --> 404 Page Not Found: 
ERROR - 2018-06-14 11:56:27 --> 404 Page Not Found: 
ERROR - 2018-06-14 11:58:57 --> 404 Page Not Found: 
ERROR - 2018-06-14 11:59:13 --> 404 Page Not Found: 
ERROR - 2018-06-14 12:14:42 --> 404 Page Not Found: 
ERROR - 2018-06-14 12:41:47 --> 404 Page Not Found: 
ERROR - 2018-06-14 13:20:57 --> 404 Page Not Found: 
ERROR - 2018-06-14 13:20:59 --> 404 Page Not Found: 
ERROR - 2018-06-14 13:21:01 --> 404 Page Not Found: 
ERROR - 2018-06-14 13:21:04 --> 404 Page Not Found: 
ERROR - 2018-06-14 16:05:03 --> 404 Page Not Found: 
ERROR - 2018-06-14 18:13:52 --> 404 Page Not Found: 
ERROR - 2018-06-14 18:49:44 --> 404 Page Not Found: 
ERROR - 2018-06-14 20:13:17 --> 404 Page Not Found: 
ERROR - 2018-06-14 20:42:16 --> 404 Page Not Found: 
ERROR - 2018-06-14 20:43:27 --> 404 Page Not Found: 
ERROR - 2018-06-14 21:01:54 --> 404 Page Not Found: 
