ERROR - 2018-02-08 04:29:22 --> 404 Page Not Found: 
ERROR - 2018-02-08 06:13:49 --> 404 Page Not Found: 
ERROR - 2018-02-08 07:37:02 --> 404 Page Not Found: 
ERROR - 2018-02-08 08:05:17 --> 404 Page Not Found: 
ERROR - 2018-02-08 09:54:24 --> 404 Page Not Found: 
ERROR - 2018-02-08 09:59:34 --> 404 Page Not Found: 
ERROR - 2018-02-08 10:20:30 --> Severity: Warning --> fsockopen(): unable to connect to ssl://smtp.gmail.com:465 (Network is unreachable) /home/nkmtein/public_html/fullbasketproperty.com/system/libraries/Email.php 2055
ERROR - 2018-02-08 10:26:29 --> Severity: Warning --> Division by zero /home/nkmtein/public_html/fullbasketproperty.com/application/core/Public_Controller.php 47
ERROR - 2018-02-08 10:54:09 --> Severity: Warning --> fsockopen(): unable to connect to ssl://smtp.gmail.com:465 (Network is unreachable) /home/nkmtein/public_html/fullbasketproperty.com/system/libraries/Email.php 2055
ERROR - 2018-02-08 10:55:36 --> 404 Page Not Found: 
ERROR - 2018-02-08 11:16:19 --> Severity: Warning --> Division by zero /home/nkmtein/public_html/fullbasketproperty.com/application/core/Public_Controller.php 47
ERROR - 2018-02-08 11:24:15 --> Severity: Warning --> include(/home/nkmtein/public_html/fullbasketproperty.com/system/language/english/achievements_lang.php): failed to open stream: No such file or directory /home/nkmtein/public_html/fullbasketproperty.com/application/core/MY_Lang.php 112
ERROR - 2018-02-08 11:24:15 --> Severity: Warning --> include(): Failed opening '/home/nkmtein/public_html/fullbasketproperty.com/system/language/english/achievements_lang.php' for inclusion (include_path='.:/opt/cpanel/ea-php56/root/usr/share/pear') /home/nkmtein/public_html/fullbasketproperty.com/application/core/MY_Lang.php 112
ERROR - 2018-02-08 11:24:15 --> Language file contains no data: language/english/achievements_lang.php
ERROR - 2018-02-08 11:24:15 --> Could not find the language line "achievements title addAchievement"
ERROR - 2018-02-08 11:28:52 --> Severity: Warning --> include(/home/nkmtein/public_html/fullbasketproperty.com/system/language/english/achievements_lang.php): failed to open stream: No such file or directory /home/nkmtein/public_html/fullbasketproperty.com/application/core/MY_Lang.php 112
ERROR - 2018-02-08 11:28:52 --> Severity: Warning --> include(): Failed opening '/home/nkmtein/public_html/fullbasketproperty.com/system/language/english/achievements_lang.php' for inclusion (include_path='.:/opt/cpanel/ea-php56/root/usr/share/pear') /home/nkmtein/public_html/fullbasketproperty.com/application/core/MY_Lang.php 112
ERROR - 2018-02-08 11:28:52 --> Language file contains no data: language/english/achievements_lang.php
ERROR - 2018-02-08 11:28:52 --> Severity: Warning --> include(/home/nkmtein/public_html/fullbasketproperty.com/system/language/english/achievements_lang.php): failed to open stream: No such file or directory /home/nkmtein/public_html/fullbasketproperty.com/application/core/MY_Lang.php 112
ERROR - 2018-02-08 11:28:52 --> Severity: Warning --> include(): Failed opening '/home/nkmtein/public_html/fullbasketproperty.com/system/language/english/achievements_lang.php' for inclusion (include_path='.:/opt/cpanel/ea-php56/root/usr/share/pear') /home/nkmtein/public_html/fullbasketproperty.com/application/core/MY_Lang.php 112
ERROR - 2018-02-08 11:28:52 --> Language file contains no data: language/english/achievements_lang.php
ERROR - 2018-02-08 11:28:52 --> Could not find the language line "achievements title achievements"
ERROR - 2018-02-08 11:42:30 --> 404 Page Not Found: 
ERROR - 2018-02-08 11:51:45 --> 404 Page Not Found: 
ERROR - 2018-02-08 12:10:21 --> Severity: Warning --> Division by zero /home/nkmtein/public_html/fullbasketproperty.com/application/core/Public_Controller.php 47
ERROR - 2018-02-08 14:55:22 --> Severity: Warning --> Division by zero /home/nkmtein/public_html/fullbasketproperty.com/application/core/Public_Controller.php 47
ERROR - 2018-02-08 15:06:24 --> Severity: Warning --> Division by zero /home/nkmtein/public_html/fullbasketproperty.com/application/core/Public_Controller.php 47
ERROR - 2018-02-08 15:07:01 --> Severity: Warning --> Division by zero /home/nkmtein/public_html/fullbasketproperty.com/application/core/Public_Controller.php 47
ERROR - 2018-02-08 15:16:51 --> Severity: Parsing Error --> syntax error, unexpected '<' /home/nkmtein/public_html/fullbasketproperty.com/application/views/listing.php 238
ERROR - 2018-02-08 15:16:55 --> Severity: Parsing Error --> syntax error, unexpected '<' /home/nkmtein/public_html/fullbasketproperty.com/application/views/listing.php 238
ERROR - 2018-02-08 15:49:31 --> 404 Page Not Found: 
ERROR - 2018-02-08 16:10:16 --> 404 Page Not Found: 
ERROR - 2018-02-08 18:01:50 --> Severity: Warning --> Division by zero /home/nkmtein/public_html/fullbasketproperty.com/application/core/Public_Controller.php 47
ERROR - 2018-02-08 18:03:47 --> Severity: Warning --> include(/home/nkmtein/public_html/fullbasketproperty.com/system/language/english/achievements_lang.php): failed to open stream: No such file or directory /home/nkmtein/public_html/fullbasketproperty.com/application/core/MY_Lang.php 112
ERROR - 2018-02-08 18:03:47 --> Severity: Warning --> include(): Failed opening '/home/nkmtein/public_html/fullbasketproperty.com/system/language/english/achievements_lang.php' for inclusion (include_path='.:/opt/cpanel/ea-php56/root/usr/share/pear') /home/nkmtein/public_html/fullbasketproperty.com/application/core/MY_Lang.php 112
ERROR - 2018-02-08 18:03:47 --> Language file contains no data: language/english/achievements_lang.php
ERROR - 2018-02-08 18:03:47 --> Could not find the language line "achievements title addAchievement"
ERROR - 2018-02-08 18:06:33 --> Severity: Warning --> include(/home/nkmtein/public_html/fullbasketproperty.com/system/language/english/achievements_lang.php): failed to open stream: No such file or directory /home/nkmtein/public_html/fullbasketproperty.com/application/core/MY_Lang.php 112
ERROR - 2018-02-08 18:06:33 --> Severity: Warning --> include(): Failed opening '/home/nkmtein/public_html/fullbasketproperty.com/system/language/english/achievements_lang.php' for inclusion (include_path='.:/opt/cpanel/ea-php56/root/usr/share/pear') /home/nkmtein/public_html/fullbasketproperty.com/application/core/MY_Lang.php 112
ERROR - 2018-02-08 18:06:33 --> Language file contains no data: language/english/achievements_lang.php
ERROR - 2018-02-08 18:06:34 --> Severity: Warning --> include(/home/nkmtein/public_html/fullbasketproperty.com/system/language/english/achievements_lang.php): failed to open stream: No such file or directory /home/nkmtein/public_html/fullbasketproperty.com/application/core/MY_Lang.php 112
ERROR - 2018-02-08 18:06:34 --> Severity: Warning --> include(): Failed opening '/home/nkmtein/public_html/fullbasketproperty.com/system/language/english/achievements_lang.php' for inclusion (include_path='.:/opt/cpanel/ea-php56/root/usr/share/pear') /home/nkmtein/public_html/fullbasketproperty.com/application/core/MY_Lang.php 112
ERROR - 2018-02-08 18:06:34 --> Language file contains no data: language/english/achievements_lang.php
ERROR - 2018-02-08 18:06:34 --> Could not find the language line "achievements title achievements"
ERROR - 2018-02-08 20:08:01 --> 404 Page Not Found: 
ERROR - 2018-02-08 20:58:43 --> 404 Page Not Found: 
