ERROR - 2018-12-21 00:28:10 --> 404 Page Not Found: 
ERROR - 2018-12-21 00:28:18 --> 404 Page Not Found: 
ERROR - 2018-12-21 00:28:19 --> 404 Page Not Found: 
ERROR - 2018-12-21 01:03:22 --> 404 Page Not Found: 
ERROR - 2018-12-21 01:03:28 --> 404 Page Not Found: 
ERROR - 2018-12-21 01:03:36 --> 404 Page Not Found: 
ERROR - 2018-12-21 01:03:36 --> 404 Page Not Found: 
ERROR - 2018-12-21 01:03:57 --> 404 Page Not Found: 
ERROR - 2018-12-21 01:03:59 --> 404 Page Not Found: 
ERROR - 2018-12-21 01:05:22 --> 404 Page Not Found: 
ERROR - 2018-12-21 01:12:42 --> 404 Page Not Found: 
ERROR - 2018-12-21 01:12:53 --> 404 Page Not Found: 
ERROR - 2018-12-21 01:13:12 --> 404 Page Not Found: 
ERROR - 2018-12-21 01:15:17 --> 404 Page Not Found: 
ERROR - 2018-12-21 01:29:24 --> 404 Page Not Found: 
ERROR - 2018-12-21 01:38:36 --> 404 Page Not Found: 
ERROR - 2018-12-21 01:38:40 --> 404 Page Not Found: 
ERROR - 2018-12-21 01:38:41 --> 404 Page Not Found: 
ERROR - 2018-12-21 03:12:34 --> 404 Page Not Found: 
ERROR - 2018-12-21 04:08:52 --> 404 Page Not Found: 
ERROR - 2018-12-21 05:32:41 --> 404 Page Not Found: 
ERROR - 2018-12-21 09:39:31 --> 404 Page Not Found: 
ERROR - 2018-12-21 10:10:18 --> 404 Page Not Found: 
ERROR - 2018-12-21 10:10:40 --> 404 Page Not Found: 
ERROR - 2018-12-21 10:10:43 --> 404 Page Not Found: 
ERROR - 2018-12-21 10:58:14 --> 404 Page Not Found: 
ERROR - 2018-12-21 12:33:49 --> 404 Page Not Found: 
ERROR - 2018-12-21 12:44:14 --> 404 Page Not Found: 
ERROR - 2018-12-21 12:50:35 --> 404 Page Not Found: 
ERROR - 2018-12-21 13:06:21 --> 404 Page Not Found: 
ERROR - 2018-12-21 14:01:48 --> Query error: You have an error in your SQL syntax; check the manual that corresponds to your MySQL server version for the right syntax to use near '-10, 10' at line 11 - Invalid query: SELECT DISTINCT `p`.*, `c`.`name` as `city_name`, `ps`.`name` as `property_status`, `pt`.`name` as `prop_type`, `b`.`name` as `builder`, `l`.`name` as `location`
FROM `properties` `p`
LEFT JOIN `cities` `c` ON `p`.`city_id` = `c`.`id`
LEFT JOIN `builders` `b` ON `p`.`builder_id` = `b`.`id`
LEFT JOIN `locations` `l` ON `p`.`location_id` = `l`.`id`
LEFT JOIN `property_types` `pt` ON `p`.`property_type_id` = `pt`.`id`
LEFT JOIN `property_status` `ps` ON `p`.`property_status_id` = `ps`.`id`
LEFT JOIN `property_amenities` `pa` ON `pa`.`property_id` = `p`.`id`
WHERE `p`.`status` = 1
ORDER BY `p`.`id` DESC
 LIMIT -10, 10
ERROR - 2018-12-21 14:01:51 --> Query error: You have an error in your SQL syntax; check the manual that corresponds to your MySQL server version for the right syntax to use near '-10, 10' at line 11 - Invalid query: SELECT DISTINCT `p`.*, `c`.`name` as `city_name`, `ps`.`name` as `property_status`, `pt`.`name` as `prop_type`, `b`.`name` as `builder`, `l`.`name` as `location`
FROM `properties` `p`
LEFT JOIN `cities` `c` ON `p`.`city_id` = `c`.`id`
LEFT JOIN `builders` `b` ON `p`.`builder_id` = `b`.`id`
LEFT JOIN `locations` `l` ON `p`.`location_id` = `l`.`id`
LEFT JOIN `property_types` `pt` ON `p`.`property_type_id` = `pt`.`id`
LEFT JOIN `property_status` `ps` ON `p`.`property_status_id` = `ps`.`id`
LEFT JOIN `property_amenities` `pa` ON `pa`.`property_id` = `p`.`id`
WHERE `p`.`status` = 1
ORDER BY `p`.`id` DESC
 LIMIT -10, 10
ERROR - 2018-12-21 14:02:02 --> Query error: You have an error in your SQL syntax; check the manual that corresponds to your MySQL server version for the right syntax to use near '-10, 10' at line 11 - Invalid query: SELECT DISTINCT `p`.*, `c`.`name` as `city_name`, `ps`.`name` as `property_status`, `pt`.`name` as `prop_type`, `b`.`name` as `builder`, `l`.`name` as `location`
FROM `properties` `p`
LEFT JOIN `cities` `c` ON `p`.`city_id` = `c`.`id`
LEFT JOIN `builders` `b` ON `p`.`builder_id` = `b`.`id`
LEFT JOIN `locations` `l` ON `p`.`location_id` = `l`.`id`
LEFT JOIN `property_types` `pt` ON `p`.`property_type_id` = `pt`.`id`
LEFT JOIN `property_status` `ps` ON `p`.`property_status_id` = `ps`.`id`
LEFT JOIN `property_amenities` `pa` ON `pa`.`property_id` = `p`.`id`
WHERE `p`.`status` = 1
ORDER BY `p`.`id` DESC
 LIMIT -10, 10
ERROR - 2018-12-21 15:25:14 --> 404 Page Not Found: 
ERROR - 2018-12-21 17:02:54 --> 404 Page Not Found: 
ERROR - 2018-12-21 17:12:02 --> 404 Page Not Found: 
ERROR - 2018-12-21 17:23:58 --> 404 Page Not Found: 
ERROR - 2018-12-21 18:30:58 --> 404 Page Not Found: 
ERROR - 2018-12-21 20:23:35 --> 404 Page Not Found: 
ERROR - 2018-12-21 22:29:22 --> 404 Page Not Found: 
ERROR - 2018-12-21 23:26:31 --> 404 Page Not Found: 
