ERROR - 2018-12-29 00:57:09 --> 404 Page Not Found: 
ERROR - 2018-12-29 02:05:08 --> 404 Page Not Found: 
ERROR - 2018-12-29 03:03:38 --> Query error: You have an error in your SQL syntax; check the manual that corresponds to your MySQL server version for the right syntax to use near '-10, 10' at line 11 - Invalid query: SELECT DISTINCT `p`.*, `c`.`name` as `city_name`, `ps`.`name` as `property_status`, `pt`.`name` as `prop_type`, `b`.`name` as `builder`, `l`.`name` as `location`
FROM `properties` `p`
LEFT JOIN `cities` `c` ON `p`.`city_id` = `c`.`id`
LEFT JOIN `builders` `b` ON `p`.`builder_id` = `b`.`id`
LEFT JOIN `locations` `l` ON `p`.`location_id` = `l`.`id`
LEFT JOIN `property_types` `pt` ON `p`.`property_type_id` = `pt`.`id`
LEFT JOIN `property_status` `ps` ON `p`.`property_status_id` = `ps`.`id`
LEFT JOIN `property_amenities` `pa` ON `pa`.`property_id` = `p`.`id`
WHERE `p`.`status` = 1
ORDER BY `p`.`id` DESC
 LIMIT -10, 10
ERROR - 2018-12-29 03:03:42 --> Query error: You have an error in your SQL syntax; check the manual that corresponds to your MySQL server version for the right syntax to use near '-10, 10' at line 11 - Invalid query: SELECT DISTINCT `p`.*, `c`.`name` as `city_name`, `ps`.`name` as `property_status`, `pt`.`name` as `prop_type`, `b`.`name` as `builder`, `l`.`name` as `location`
FROM `properties` `p`
LEFT JOIN `cities` `c` ON `p`.`city_id` = `c`.`id`
LEFT JOIN `builders` `b` ON `p`.`builder_id` = `b`.`id`
LEFT JOIN `locations` `l` ON `p`.`location_id` = `l`.`id`
LEFT JOIN `property_types` `pt` ON `p`.`property_type_id` = `pt`.`id`
LEFT JOIN `property_status` `ps` ON `p`.`property_status_id` = `ps`.`id`
LEFT JOIN `property_amenities` `pa` ON `pa`.`property_id` = `p`.`id`
WHERE `p`.`status` = 1
ORDER BY `p`.`id` DESC
 LIMIT -10, 10
ERROR - 2018-12-29 03:04:05 --> Query error: You have an error in your SQL syntax; check the manual that corresponds to your MySQL server version for the right syntax to use near '-10, 10' at line 11 - Invalid query: SELECT DISTINCT `p`.*, `c`.`name` as `city_name`, `ps`.`name` as `property_status`, `pt`.`name` as `prop_type`, `b`.`name` as `builder`, `l`.`name` as `location`
FROM `properties` `p`
LEFT JOIN `cities` `c` ON `p`.`city_id` = `c`.`id`
LEFT JOIN `builders` `b` ON `p`.`builder_id` = `b`.`id`
LEFT JOIN `locations` `l` ON `p`.`location_id` = `l`.`id`
LEFT JOIN `property_types` `pt` ON `p`.`property_type_id` = `pt`.`id`
LEFT JOIN `property_status` `ps` ON `p`.`property_status_id` = `ps`.`id`
LEFT JOIN `property_amenities` `pa` ON `pa`.`property_id` = `p`.`id`
WHERE `p`.`status` = 1
ORDER BY `p`.`id` DESC
 LIMIT -10, 10
ERROR - 2018-12-29 03:20:26 --> 404 Page Not Found: 
ERROR - 2018-12-29 03:37:57 --> 404 Page Not Found: 
ERROR - 2018-12-29 05:03:40 --> 404 Page Not Found: 
ERROR - 2018-12-29 05:26:54 --> 404 Page Not Found: 
ERROR - 2018-12-29 06:04:19 --> Severity: Warning --> Division by zero /home/nkmtein/public_html/fullbasketproperty.com/application/core/Public_Controller.php 47
ERROR - 2018-12-29 06:15:05 --> Severity: Warning --> Division by zero /home/nkmtein/public_html/fullbasketproperty.com/application/core/Public_Controller.php 47
ERROR - 2018-12-29 08:27:18 --> 404 Page Not Found: 
ERROR - 2018-12-29 08:30:56 --> 404 Page Not Found: 
ERROR - 2018-12-29 08:39:13 --> 404 Page Not Found: 
ERROR - 2018-12-29 08:57:07 --> 404 Page Not Found: 
ERROR - 2018-12-29 09:16:00 --> 404 Page Not Found: 
ERROR - 2018-12-29 09:54:59 --> 404 Page Not Found: 
ERROR - 2018-12-29 10:25:13 --> 404 Page Not Found: 
ERROR - 2018-12-29 10:38:40 --> 404 Page Not Found: 
ERROR - 2018-12-29 10:54:09 --> 404 Page Not Found: 
ERROR - 2018-12-29 11:37:22 --> 404 Page Not Found: 
ERROR - 2018-12-29 11:44:23 --> 404 Page Not Found: 
ERROR - 2018-12-29 13:16:38 --> 404 Page Not Found: 
ERROR - 2018-12-29 13:31:33 --> 404 Page Not Found: 
ERROR - 2018-12-29 14:27:21 --> 404 Page Not Found: 
ERROR - 2018-12-29 15:01:43 --> 404 Page Not Found: 
ERROR - 2018-12-29 15:01:47 --> 404 Page Not Found: 
ERROR - 2018-12-29 15:06:59 --> 404 Page Not Found: 
ERROR - 2018-12-29 15:07:03 --> 404 Page Not Found: 
ERROR - 2018-12-29 15:32:18 --> 404 Page Not Found: 
ERROR - 2018-12-29 16:26:29 --> 404 Page Not Found: 
ERROR - 2018-12-29 16:59:52 --> 404 Page Not Found: 
ERROR - 2018-12-29 17:06:01 --> 404 Page Not Found: 
ERROR - 2018-12-29 17:09:03 --> 404 Page Not Found: 
ERROR - 2018-12-29 17:16:10 --> 404 Page Not Found: 
ERROR - 2018-12-29 17:57:25 --> 404 Page Not Found: 
ERROR - 2018-12-29 18:04:38 --> 404 Page Not Found: 
ERROR - 2018-12-29 20:04:02 --> 404 Page Not Found: 
ERROR - 2018-12-29 21:37:22 --> 404 Page Not Found: 
ERROR - 2018-12-29 21:52:31 --> 404 Page Not Found: 
ERROR - 2018-12-29 21:53:59 --> 404 Page Not Found: 
ERROR - 2018-12-29 22:09:03 --> 404 Page Not Found: 
ERROR - 2018-12-29 22:43:20 --> 404 Page Not Found: 
