ERROR - 2018-06-23 00:32:55 --> 404 Page Not Found: 
ERROR - 2018-06-23 00:58:20 --> 404 Page Not Found: 
ERROR - 2018-06-23 01:21:04 --> 404 Page Not Found: 
ERROR - 2018-06-23 01:23:49 --> 404 Page Not Found: 
ERROR - 2018-06-23 02:34:02 --> 404 Page Not Found: 
ERROR - 2018-06-23 02:45:26 --> 404 Page Not Found: 
ERROR - 2018-06-23 03:19:58 --> 404 Page Not Found: 
ERROR - 2018-06-23 03:21:12 --> 404 Page Not Found: 
ERROR - 2018-06-23 03:56:50 --> 404 Page Not Found: 
ERROR - 2018-06-23 04:12:00 --> 404 Page Not Found: 
ERROR - 2018-06-23 04:37:30 --> 404 Page Not Found: 
ERROR - 2018-06-23 04:49:52 --> 404 Page Not Found: 
ERROR - 2018-06-23 04:50:23 --> 404 Page Not Found: 
ERROR - 2018-06-23 04:54:39 --> 404 Page Not Found: 
ERROR - 2018-06-23 05:14:01 --> Query error: You have an error in your SQL syntax; check the manual that corresponds to your MySQL server version for the right syntax to use near '-10, 10' at line 11 - Invalid query: SELECT DISTINCT `p`.*, `c`.`name` as `city_name`, `ps`.`name` as `property_status`, `pt`.`name` as `prop_type`, `b`.`name` as `builder`, `l`.`name` as `location`
FROM `properties` `p`
LEFT JOIN `cities` `c` ON `p`.`city_id` = `c`.`id`
LEFT JOIN `builders` `b` ON `p`.`builder_id` = `b`.`id`
LEFT JOIN `locations` `l` ON `p`.`location_id` = `l`.`id`
LEFT JOIN `property_types` `pt` ON `p`.`property_type_id` = `pt`.`id`
LEFT JOIN `property_status` `ps` ON `p`.`property_status_id` = `ps`.`id`
LEFT JOIN `property_amenities` `pa` ON `pa`.`property_id` = `p`.`id`
WHERE `p`.`status` = 1
ORDER BY `p`.`id` DESC
 LIMIT -10, 10
ERROR - 2018-06-23 05:14:33 --> Query error: You have an error in your SQL syntax; check the manual that corresponds to your MySQL server version for the right syntax to use near '-10, 10' at line 11 - Invalid query: SELECT DISTINCT `p`.*, `c`.`name` as `city_name`, `ps`.`name` as `property_status`, `pt`.`name` as `prop_type`, `b`.`name` as `builder`, `l`.`name` as `location`
FROM `properties` `p`
LEFT JOIN `cities` `c` ON `p`.`city_id` = `c`.`id`
LEFT JOIN `builders` `b` ON `p`.`builder_id` = `b`.`id`
LEFT JOIN `locations` `l` ON `p`.`location_id` = `l`.`id`
LEFT JOIN `property_types` `pt` ON `p`.`property_type_id` = `pt`.`id`
LEFT JOIN `property_status` `ps` ON `p`.`property_status_id` = `ps`.`id`
LEFT JOIN `property_amenities` `pa` ON `pa`.`property_id` = `p`.`id`
WHERE `p`.`status` = 1
ORDER BY `p`.`id` DESC
 LIMIT -10, 10
ERROR - 2018-06-23 05:21:14 --> 404 Page Not Found: 
ERROR - 2018-06-23 05:21:45 --> 404 Page Not Found: 
ERROR - 2018-06-23 05:30:26 --> 404 Page Not Found: 
ERROR - 2018-06-23 05:30:57 --> 404 Page Not Found: 
ERROR - 2018-06-23 05:38:37 --> 404 Page Not Found: 
ERROR - 2018-06-23 05:39:08 --> 404 Page Not Found: 
ERROR - 2018-06-23 05:48:27 --> 404 Page Not Found: 
ERROR - 2018-06-23 06:09:09 --> 404 Page Not Found: 
ERROR - 2018-06-23 06:27:31 --> 404 Page Not Found: 
ERROR - 2018-06-23 06:36:57 --> 404 Page Not Found: 
ERROR - 2018-06-23 06:52:01 --> 404 Page Not Found: 
ERROR - 2018-06-23 06:56:57 --> 404 Page Not Found: 
ERROR - 2018-06-23 07:36:22 --> 404 Page Not Found: 
ERROR - 2018-06-23 11:02:44 --> 404 Page Not Found: 
ERROR - 2018-06-23 11:34:32 --> 404 Page Not Found: 
ERROR - 2018-06-23 13:06:20 --> 404 Page Not Found: 
ERROR - 2018-06-23 13:40:32 --> 404 Page Not Found: 
ERROR - 2018-06-23 13:41:12 --> 404 Page Not Found: 
ERROR - 2018-06-23 13:47:32 --> 404 Page Not Found: 
ERROR - 2018-06-23 13:51:16 --> 404 Page Not Found: 
ERROR - 2018-06-23 14:02:19 --> 404 Page Not Found: 
ERROR - 2018-06-23 14:07:26 --> 404 Page Not Found: 
ERROR - 2018-06-23 14:21:33 --> 404 Page Not Found: 
ERROR - 2018-06-23 14:53:59 --> 404 Page Not Found: 
ERROR - 2018-06-23 15:24:09 --> 404 Page Not Found: 
ERROR - 2018-06-23 15:44:19 --> 404 Page Not Found: 
ERROR - 2018-06-23 16:21:20 --> 404 Page Not Found: 
ERROR - 2018-06-23 19:12:27 --> 404 Page Not Found: 
ERROR - 2018-06-23 19:12:27 --> 404 Page Not Found: 
ERROR - 2018-06-23 19:12:28 --> 404 Page Not Found: 
ERROR - 2018-06-23 19:12:28 --> 404 Page Not Found: 
ERROR - 2018-06-23 19:12:28 --> 404 Page Not Found: 
ERROR - 2018-06-23 19:17:49 --> 404 Page Not Found: 
ERROR - 2018-06-23 23:37:35 --> 404 Page Not Found: 
