ERROR - 2019-09-20 01:06:02 --> Severity: Warning --> Illegal string offset 'keyword' /home/fullbasketproper/public_html/application/views/listing.php 186
ERROR - 2019-09-20 01:08:22 --> Severity: Warning --> Illegal string offset 'keyword' /home/fullbasketproper/public_html/application/views/listing.php 186
ERROR - 2019-09-20 01:23:33 --> 404 Page Not Found: 
ERROR - 2019-09-20 01:25:55 --> Severity: Warning --> Illegal string offset 'keyword' /home/fullbasketproper/public_html/application/views/listing.php 186
ERROR - 2019-09-20 01:27:03 --> 404 Page Not Found: 
ERROR - 2019-09-20 01:37:48 --> 404 Page Not Found: 
ERROR - 2019-09-20 02:19:58 --> Severity: Warning --> Illegal string offset 'keyword' /home/fullbasketproper/public_html/application/views/listing.php 186
ERROR - 2019-09-20 03:25:45 --> 404 Page Not Found: 
ERROR - 2019-09-20 03:35:20 --> 404 Page Not Found: 
ERROR - 2019-09-20 03:45:25 --> Severity: Warning --> Illegal string offset 'keyword' /home/fullbasketproper/public_html/application/views/listing.php 186
ERROR - 2019-09-20 04:01:17 --> 404 Page Not Found: 
ERROR - 2019-09-20 04:06:31 --> Severity: Warning --> Illegal string offset 'keyword' /home/fullbasketproper/public_html/application/views/listing.php 186
ERROR - 2019-09-20 04:28:52 --> 404 Page Not Found: 
ERROR - 2019-09-20 04:29:47 --> Severity: Warning --> Illegal string offset 'keyword' /home/fullbasketproper/public_html/application/views/listing.php 186
ERROR - 2019-09-20 04:53:00 --> 404 Page Not Found: 
ERROR - 2019-09-20 05:07:06 --> Severity: Warning --> Illegal string offset 'keyword' /home/fullbasketproper/public_html/application/views/listing.php 186
ERROR - 2019-09-20 05:22:54 --> Severity: Warning --> Illegal string offset 'keyword' /home/fullbasketproper/public_html/application/views/listing.php 186
ERROR - 2019-09-20 05:35:47 --> 404 Page Not Found: 
ERROR - 2019-09-20 05:39:03 --> Severity: Warning --> Illegal string offset 'keyword' /home/fullbasketproper/public_html/application/views/listing.php 186
ERROR - 2019-09-20 06:20:28 --> Query error: You have an error in your SQL syntax; check the manual that corresponds to your MySQL server version for the right syntax to use near '-10, 10' at line 11 - Invalid query: SELECT DISTINCT `p`.*, `c`.`name` as `city_name`, `ps`.`name` as `property_status`, `pt`.`name` as `prop_type`, `b`.`name` as `builder`, `l`.`name` as `location`
FROM `properties` `p`
LEFT JOIN `cities` `c` ON `p`.`city_id` = `c`.`id`
LEFT JOIN `builders` `b` ON `p`.`builder_id` = `b`.`id`
LEFT JOIN `locations` `l` ON `p`.`location_id` = `l`.`id`
LEFT JOIN `property_types` `pt` ON `p`.`property_type_id` = `pt`.`id`
LEFT JOIN `property_status` `ps` ON `p`.`property_status_id` = `ps`.`id`
LEFT JOIN `property_amenities` `pa` ON `pa`.`property_id` = `p`.`id`
WHERE `p`.`status` = 1
ORDER BY `p`.`id` DESC
 LIMIT -10, 10
ERROR - 2019-09-20 06:23:23 --> Severity: Warning --> Illegal string offset 'keyword' /home/fullbasketproper/public_html/application/views/listing.php 186
ERROR - 2019-09-20 06:23:44 --> 404 Page Not Found: 
ERROR - 2019-09-20 06:23:51 --> 404 Page Not Found: 
ERROR - 2019-09-20 06:23:55 --> 404 Page Not Found: 
ERROR - 2019-09-20 06:23:58 --> 404 Page Not Found: 
ERROR - 2019-09-20 06:23:59 --> 404 Page Not Found: 
ERROR - 2019-09-20 06:24:01 --> 404 Page Not Found: 
ERROR - 2019-09-20 06:24:01 --> 404 Page Not Found: 
ERROR - 2019-09-20 06:24:05 --> 404 Page Not Found: 
ERROR - 2019-09-20 06:24:06 --> 404 Page Not Found: 
ERROR - 2019-09-20 06:24:09 --> 404 Page Not Found: 
ERROR - 2019-09-20 06:24:09 --> 404 Page Not Found: 
ERROR - 2019-09-20 06:24:14 --> 404 Page Not Found: 
ERROR - 2019-09-20 06:24:16 --> 404 Page Not Found: 
ERROR - 2019-09-20 06:28:09 --> 404 Page Not Found: 
ERROR - 2019-09-20 06:43:56 --> Severity: Warning --> Illegal string offset 'keyword' /home/fullbasketproper/public_html/application/views/listing.php 186
ERROR - 2019-09-20 06:49:20 --> 404 Page Not Found: 
ERROR - 2019-09-20 07:19:07 --> 404 Page Not Found: 
ERROR - 2019-09-20 07:25:15 --> 404 Page Not Found: 
ERROR - 2019-09-20 08:55:47 --> Severity: Warning --> Illegal string offset 'keyword' /home/fullbasketproper/public_html/application/views/listing.php 186
ERROR - 2019-09-20 08:56:17 --> Severity: Warning --> Illegal string offset 'keyword' /home/fullbasketproper/public_html/application/views/listing.php 186
ERROR - 2019-09-20 08:56:33 --> Severity: Warning --> Illegal string offset 'keyword' /home/fullbasketproper/public_html/application/views/listing.php 186
ERROR - 2019-09-20 08:56:40 --> Severity: Warning --> Illegal string offset 'keyword' /home/fullbasketproper/public_html/application/views/listing.php 186
ERROR - 2019-09-20 08:56:48 --> Severity: Warning --> Illegal string offset 'keyword' /home/fullbasketproper/public_html/application/views/listing.php 186
ERROR - 2019-09-20 08:56:59 --> Severity: Warning --> Illegal string offset 'keyword' /home/fullbasketproper/public_html/application/views/listing.php 186
ERROR - 2019-09-20 08:57:16 --> Severity: Warning --> Illegal string offset 'keyword' /home/fullbasketproper/public_html/application/views/listing.php 186
ERROR - 2019-09-20 08:57:23 --> Severity: Warning --> Illegal string offset 'keyword' /home/fullbasketproper/public_html/application/views/listing.php 186
ERROR - 2019-09-20 08:57:39 --> Severity: Warning --> Illegal string offset 'keyword' /home/fullbasketproper/public_html/application/views/listing.php 186
ERROR - 2019-09-20 08:57:46 --> Severity: Warning --> Illegal string offset 'keyword' /home/fullbasketproper/public_html/application/views/listing.php 186
ERROR - 2019-09-20 08:58:00 --> Severity: Warning --> Illegal string offset 'keyword' /home/fullbasketproper/public_html/application/views/listing.php 186
ERROR - 2019-09-20 08:58:26 --> Severity: Warning --> Illegal string offset 'keyword' /home/fullbasketproper/public_html/application/views/listing.php 186
ERROR - 2019-09-20 08:58:38 --> Severity: Warning --> Illegal string offset 'keyword' /home/fullbasketproper/public_html/application/views/listing.php 186
ERROR - 2019-09-20 08:58:47 --> Severity: Warning --> Illegal string offset 'keyword' /home/fullbasketproper/public_html/application/views/listing.php 186
ERROR - 2019-09-20 08:58:57 --> Severity: Warning --> Illegal string offset 'keyword' /home/fullbasketproper/public_html/application/views/listing.php 186
ERROR - 2019-09-20 08:59:03 --> Severity: Warning --> Illegal string offset 'keyword' /home/fullbasketproper/public_html/application/views/listing.php 186
ERROR - 2019-09-20 08:59:09 --> Severity: Warning --> Illegal string offset 'keyword' /home/fullbasketproper/public_html/application/views/listing.php 186
ERROR - 2019-09-20 08:59:15 --> Severity: Warning --> Illegal string offset 'keyword' /home/fullbasketproper/public_html/application/views/listing.php 186
ERROR - 2019-09-20 08:59:31 --> Severity: Warning --> Illegal string offset 'keyword' /home/fullbasketproper/public_html/application/views/listing.php 186
ERROR - 2019-09-20 08:59:45 --> Severity: Warning --> Illegal string offset 'keyword' /home/fullbasketproper/public_html/application/views/listing.php 186
ERROR - 2019-09-20 08:59:58 --> Severity: Warning --> Illegal string offset 'keyword' /home/fullbasketproper/public_html/application/views/listing.php 186
ERROR - 2019-09-20 09:00:04 --> Severity: Warning --> Illegal string offset 'keyword' /home/fullbasketproper/public_html/application/views/listing.php 186
ERROR - 2019-09-20 09:00:12 --> Severity: Warning --> Illegal string offset 'keyword' /home/fullbasketproper/public_html/application/views/listing.php 186
ERROR - 2019-09-20 09:00:30 --> Severity: Warning --> Illegal string offset 'keyword' /home/fullbasketproper/public_html/application/views/listing.php 186
ERROR - 2019-09-20 09:00:36 --> Severity: Warning --> Illegal string offset 'keyword' /home/fullbasketproper/public_html/application/views/listing.php 186
ERROR - 2019-09-20 09:00:47 --> Severity: Warning --> Illegal string offset 'keyword' /home/fullbasketproper/public_html/application/views/listing.php 186
ERROR - 2019-09-20 09:00:53 --> Severity: Warning --> Illegal string offset 'keyword' /home/fullbasketproper/public_html/application/views/listing.php 186
ERROR - 2019-09-20 09:00:59 --> Severity: Warning --> Illegal string offset 'keyword' /home/fullbasketproper/public_html/application/views/listing.php 186
ERROR - 2019-09-20 09:01:06 --> Severity: Warning --> Illegal string offset 'keyword' /home/fullbasketproper/public_html/application/views/listing.php 186
ERROR - 2019-09-20 09:01:11 --> Severity: Warning --> Illegal string offset 'keyword' /home/fullbasketproper/public_html/application/views/listing.php 186
ERROR - 2019-09-20 09:01:16 --> Severity: Warning --> Illegal string offset 'keyword' /home/fullbasketproper/public_html/application/views/listing.php 186
ERROR - 2019-09-20 09:01:22 --> Severity: Warning --> Illegal string offset 'keyword' /home/fullbasketproper/public_html/application/views/listing.php 186
ERROR - 2019-09-20 09:01:28 --> Severity: Warning --> Illegal string offset 'keyword' /home/fullbasketproper/public_html/application/views/listing.php 186
ERROR - 2019-09-20 09:01:41 --> Severity: Warning --> Illegal string offset 'keyword' /home/fullbasketproper/public_html/application/views/listing.php 186
ERROR - 2019-09-20 09:01:54 --> Severity: Warning --> Illegal string offset 'keyword' /home/fullbasketproper/public_html/application/views/listing.php 186
ERROR - 2019-09-20 09:02:23 --> Severity: Warning --> Illegal string offset 'keyword' /home/fullbasketproper/public_html/application/views/listing.php 186
ERROR - 2019-09-20 09:03:00 --> Severity: Warning --> Illegal string offset 'keyword' /home/fullbasketproper/public_html/application/views/listing.php 186
ERROR - 2019-09-20 09:03:11 --> Severity: Warning --> Illegal string offset 'keyword' /home/fullbasketproper/public_html/application/views/listing.php 186
ERROR - 2019-09-20 09:03:24 --> Severity: Warning --> Illegal string offset 'keyword' /home/fullbasketproper/public_html/application/views/listing.php 186
ERROR - 2019-09-20 09:03:50 --> Severity: Warning --> Illegal string offset 'keyword' /home/fullbasketproper/public_html/application/views/listing.php 186
ERROR - 2019-09-20 09:04:14 --> Severity: Warning --> Illegal string offset 'keyword' /home/fullbasketproper/public_html/application/views/listing.php 186
ERROR - 2019-09-20 09:04:29 --> Severity: Warning --> Illegal string offset 'keyword' /home/fullbasketproper/public_html/application/views/listing.php 186
ERROR - 2019-09-20 09:04:42 --> Severity: Warning --> Illegal string offset 'keyword' /home/fullbasketproper/public_html/application/views/listing.php 186
ERROR - 2019-09-20 09:04:53 --> Severity: Warning --> Illegal string offset 'keyword' /home/fullbasketproper/public_html/application/views/listing.php 186
ERROR - 2019-09-20 09:04:57 --> Severity: Warning --> Illegal string offset 'keyword' /home/fullbasketproper/public_html/application/views/listing.php 186
ERROR - 2019-09-20 09:21:43 --> 404 Page Not Found: 
ERROR - 2019-09-20 09:22:32 --> 404 Page Not Found: 
ERROR - 2019-09-20 09:55:24 --> 404 Page Not Found: 
ERROR - 2019-09-20 09:55:28 --> 404 Page Not Found: 
ERROR - 2019-09-20 09:56:17 --> Severity: Warning --> Illegal string offset 'keyword' /home/fullbasketproper/public_html/application/views/listing.php 186
ERROR - 2019-09-20 09:56:21 --> Severity: Warning --> Illegal string offset 'keyword' /home/fullbasketproper/public_html/application/views/listing.php 186
ERROR - 2019-09-20 10:10:29 --> 404 Page Not Found: 
ERROR - 2019-09-20 10:20:32 --> 404 Page Not Found: 
ERROR - 2019-09-20 10:21:53 --> 404 Page Not Found: 
ERROR - 2019-09-20 10:25:52 --> 404 Page Not Found: 
ERROR - 2019-09-20 10:29:08 --> Severity: Warning --> Illegal string offset 'keyword' /home/fullbasketproper/public_html/application/views/listing.php 186
ERROR - 2019-09-20 10:53:06 --> 404 Page Not Found: 
ERROR - 2019-09-20 10:54:45 --> Severity: Warning --> Illegal string offset 'keyword' /home/fullbasketproper/public_html/application/views/listing.php 186
ERROR - 2019-09-20 11:08:19 --> 404 Page Not Found: 
ERROR - 2019-09-20 11:09:09 --> Severity: Warning --> Illegal string offset 'keyword' /home/fullbasketproper/public_html/application/views/listing.php 186
ERROR - 2019-09-20 11:15:17 --> Severity: Warning --> Illegal string offset 'keyword' /home/fullbasketproper/public_html/application/views/listing.php 186
ERROR - 2019-09-20 11:28:12 --> 404 Page Not Found: 
ERROR - 2019-09-20 11:29:40 --> 404 Page Not Found: 
ERROR - 2019-09-20 11:31:15 --> 404 Page Not Found: 
ERROR - 2019-09-20 11:35:42 --> 404 Page Not Found: 
ERROR - 2019-09-20 11:52:44 --> 404 Page Not Found: 
ERROR - 2019-09-20 11:54:40 --> 404 Page Not Found: 
ERROR - 2019-09-20 12:02:04 --> Severity: Warning --> Illegal string offset 'keyword' /home/fullbasketproper/public_html/application/views/listing.php 186
ERROR - 2019-09-20 12:06:16 --> 404 Page Not Found: 
ERROR - 2019-09-20 12:06:19 --> 404 Page Not Found: 
ERROR - 2019-09-20 12:07:34 --> 404 Page Not Found: 
ERROR - 2019-09-20 12:07:45 --> 404 Page Not Found: 
ERROR - 2019-09-20 12:11:15 --> 404 Page Not Found: 
ERROR - 2019-09-20 12:19:26 --> 404 Page Not Found: 
ERROR - 2019-09-20 12:24:35 --> Severity: Warning --> Illegal string offset 'keyword' /home/fullbasketproper/public_html/application/views/listing.php 186
ERROR - 2019-09-20 12:32:58 --> 404 Page Not Found: 
ERROR - 2019-09-20 12:49:03 --> Severity: Warning --> Illegal string offset 'keyword' /home/fullbasketproper/public_html/application/views/listing.php 186
ERROR - 2019-09-20 12:49:17 --> Severity: Warning --> Illegal string offset 'keyword' /home/fullbasketproper/public_html/application/views/listing.php 186
ERROR - 2019-09-20 13:00:40 --> 404 Page Not Found: 
ERROR - 2019-09-20 13:11:54 --> 404 Page Not Found: 
ERROR - 2019-09-20 13:12:12 --> Severity: Warning --> Illegal string offset 'keyword' /home/fullbasketproper/public_html/application/views/listing.php 186
ERROR - 2019-09-20 13:43:23 --> 404 Page Not Found: 
ERROR - 2019-09-20 13:50:16 --> Severity: Warning --> Illegal string offset 'keyword' /home/fullbasketproper/public_html/application/views/listing.php 186
ERROR - 2019-09-20 13:50:24 --> Severity: Warning --> Illegal string offset 'keyword' /home/fullbasketproper/public_html/application/views/listing.php 186
ERROR - 2019-09-20 14:12:58 --> 404 Page Not Found: 
ERROR - 2019-09-20 14:13:51 --> 404 Page Not Found: 
ERROR - 2019-09-20 14:18:56 --> 404 Page Not Found: 
ERROR - 2019-09-20 14:31:15 --> Severity: Warning --> Illegal string offset 'keyword' /home/fullbasketproper/public_html/application/views/listing.php 186
ERROR - 2019-09-20 14:46:22 --> 404 Page Not Found: 
ERROR - 2019-09-20 14:50:36 --> Severity: Warning --> Illegal string offset 'keyword' /home/fullbasketproper/public_html/application/views/listing.php 186
ERROR - 2019-09-20 15:06:24 --> 404 Page Not Found: 
ERROR - 2019-09-20 15:06:26 --> 404 Page Not Found: 
ERROR - 2019-09-20 15:06:43 --> Severity: Warning --> Illegal string offset 'keyword' /home/fullbasketproper/public_html/application/views/listing.php 186
ERROR - 2019-09-20 15:07:02 --> 404 Page Not Found: 
ERROR - 2019-09-20 15:17:07 --> 404 Page Not Found: 
ERROR - 2019-09-20 15:18:54 --> Severity: Warning --> Illegal string offset 'keyword' /home/fullbasketproper/public_html/application/views/listing.php 186
ERROR - 2019-09-20 15:22:19 --> Severity: Warning --> Illegal string offset 'keyword' /home/fullbasketproper/public_html/application/views/listing.php 186
ERROR - 2019-09-20 15:23:03 --> 404 Page Not Found: 
ERROR - 2019-09-20 15:24:36 --> 404 Page Not Found: 
ERROR - 2019-09-20 15:27:52 --> 404 Page Not Found: 
ERROR - 2019-09-20 15:40:16 --> 404 Page Not Found: 
ERROR - 2019-09-20 16:13:25 --> 404 Page Not Found: 
ERROR - 2019-09-20 16:13:30 --> 404 Page Not Found: 
ERROR - 2019-09-20 16:21:44 --> 404 Page Not Found: 
ERROR - 2019-09-20 16:26:18 --> Severity: Warning --> Illegal string offset 'keyword' /home/fullbasketproper/public_html/application/views/listing.php 186
ERROR - 2019-09-20 16:49:50 --> 404 Page Not Found: 
ERROR - 2019-09-20 16:49:54 --> 404 Page Not Found: 
ERROR - 2019-09-20 16:50:36 --> 404 Page Not Found: 
ERROR - 2019-09-20 16:58:00 --> 404 Page Not Found: 
ERROR - 2019-09-20 17:00:19 --> 404 Page Not Found: 
ERROR - 2019-09-20 17:11:35 --> 404 Page Not Found: 
ERROR - 2019-09-20 17:11:39 --> 404 Page Not Found: 
ERROR - 2019-09-20 17:11:49 --> 404 Page Not Found: 
ERROR - 2019-09-20 17:12:03 --> 404 Page Not Found: 
ERROR - 2019-09-20 17:12:04 --> 404 Page Not Found: 
ERROR - 2019-09-20 17:12:07 --> 404 Page Not Found: 
ERROR - 2019-09-20 17:12:08 --> 404 Page Not Found: 
ERROR - 2019-09-20 17:12:15 --> Severity: Warning --> Illegal string offset 'keyword' /home/fullbasketproper/public_html/application/views/listing.php 186
ERROR - 2019-09-20 17:12:19 --> Severity: Warning --> Illegal string offset 'keyword' /home/fullbasketproper/public_html/application/views/listing.php 186
ERROR - 2019-09-20 17:12:22 --> Severity: Warning --> Illegal string offset 'keyword' /home/fullbasketproper/public_html/application/views/listing.php 186
ERROR - 2019-09-20 17:12:26 --> 404 Page Not Found: 
ERROR - 2019-09-20 17:13:56 --> Severity: Warning --> Illegal string offset 'keyword' /home/fullbasketproper/public_html/application/views/listing.php 186
ERROR - 2019-09-20 17:14:06 --> Severity: Warning --> Illegal string offset 'keyword' /home/fullbasketproper/public_html/application/views/listing.php 186
ERROR - 2019-09-20 17:14:14 --> Severity: Warning --> Illegal string offset 'keyword' /home/fullbasketproper/public_html/application/views/listing.php 186
ERROR - 2019-09-20 17:14:27 --> Severity: Warning --> Illegal string offset 'keyword' /home/fullbasketproper/public_html/application/views/listing.php 186
ERROR - 2019-09-20 17:15:00 --> Severity: Warning --> Illegal string offset 'keyword' /home/fullbasketproper/public_html/application/views/listing.php 186
ERROR - 2019-09-20 17:27:13 --> 404 Page Not Found: 
ERROR - 2019-09-20 17:27:23 --> 404 Page Not Found: 
ERROR - 2019-09-20 17:42:44 --> 404 Page Not Found: 
ERROR - 2019-09-20 17:42:51 --> 404 Page Not Found: 
ERROR - 2019-09-20 17:49:15 --> 404 Page Not Found: 
ERROR - 2019-09-20 18:00:59 --> 404 Page Not Found: 
ERROR - 2019-09-20 18:10:10 --> 404 Page Not Found: 
ERROR - 2019-09-20 18:13:49 --> 404 Page Not Found: 
ERROR - 2019-09-20 18:13:57 --> 404 Page Not Found: 
ERROR - 2019-09-20 18:14:37 --> 404 Page Not Found: 
ERROR - 2019-09-20 18:39:50 --> 404 Page Not Found: 
ERROR - 2019-09-20 18:53:27 --> 404 Page Not Found: 
ERROR - 2019-09-20 19:18:04 --> Severity: Warning --> Illegal string offset 'keyword' /home/fullbasketproper/public_html/application/views/listing.php 186
ERROR - 2019-09-20 19:28:37 --> 404 Page Not Found: 
ERROR - 2019-09-20 19:29:12 --> Severity: Warning --> Illegal string offset 'keyword' /home/fullbasketproper/public_html/application/views/listing.php 186
ERROR - 2019-09-20 19:38:16 --> 404 Page Not Found: 
ERROR - 2019-09-20 19:57:22 --> 404 Page Not Found: 
ERROR - 2019-09-20 19:57:47 --> 404 Page Not Found: 
ERROR - 2019-09-20 19:58:02 --> 404 Page Not Found: 
ERROR - 2019-09-20 19:58:08 --> 404 Page Not Found: 
ERROR - 2019-09-20 19:58:09 --> 404 Page Not Found: 
ERROR - 2019-09-20 19:58:13 --> 404 Page Not Found: 
ERROR - 2019-09-20 19:58:24 --> 404 Page Not Found: 
ERROR - 2019-09-20 19:58:39 --> 404 Page Not Found: 
ERROR - 2019-09-20 19:58:43 --> 404 Page Not Found: 
ERROR - 2019-09-20 19:58:43 --> 404 Page Not Found: 
ERROR - 2019-09-20 19:58:59 --> 404 Page Not Found: 
ERROR - 2019-09-20 19:59:06 --> 404 Page Not Found: 
ERROR - 2019-09-20 20:06:53 --> 404 Page Not Found: 
ERROR - 2019-09-20 20:25:01 --> 404 Page Not Found: 
ERROR - 2019-09-20 20:44:33 --> Severity: Warning --> Illegal string offset 'keyword' /home/fullbasketproper/public_html/application/views/listing.php 186
ERROR - 2019-09-20 20:45:42 --> 404 Page Not Found: 
ERROR - 2019-09-20 20:50:19 --> Severity: Warning --> Illegal string offset 'keyword' /home/fullbasketproper/public_html/application/views/listing.php 186
ERROR - 2019-09-20 21:11:54 --> 404 Page Not Found: 
ERROR - 2019-09-20 21:27:10 --> 404 Page Not Found: 
ERROR - 2019-09-20 21:28:11 --> 404 Page Not Found: 
ERROR - 2019-09-20 21:56:35 --> 404 Page Not Found: 
ERROR - 2019-09-20 21:58:30 --> 404 Page Not Found: 
ERROR - 2019-09-20 22:12:34 --> Severity: Warning --> Illegal string offset 'keyword' /home/fullbasketproper/public_html/application/views/listing.php 186
ERROR - 2019-09-20 22:13:21 --> 404 Page Not Found: 
ERROR - 2019-09-20 22:16:02 --> 404 Page Not Found: 
ERROR - 2019-09-20 22:18:07 --> 404 Page Not Found: 
ERROR - 2019-09-20 22:21:52 --> Severity: Warning --> Illegal string offset 'keyword' /home/fullbasketproper/public_html/application/views/listing.php 186
ERROR - 2019-09-20 22:22:02 --> 404 Page Not Found: 
ERROR - 2019-09-20 22:23:50 --> Severity: Warning --> Illegal string offset 'keyword' /home/fullbasketproper/public_html/application/views/listing.php 186
ERROR - 2019-09-20 23:11:50 --> 404 Page Not Found: 
ERROR - 2019-09-20 23:11:54 --> 404 Page Not Found: 
ERROR - 2019-09-20 23:18:56 --> 404 Page Not Found: 
ERROR - 2019-09-20 23:31:30 --> 404 Page Not Found: 
ERROR - 2019-09-20 23:31:31 --> 404 Page Not Found: 
ERROR - 2019-09-20 23:50:06 --> 404 Page Not Found: 
ERROR - 2019-09-20 23:52:53 --> 404 Page Not Found: 
