ERROR - 2019-06-14 00:04:12 --> 404 Page Not Found: 
ERROR - 2019-06-14 01:11:21 --> 404 Page Not Found: 
ERROR - 2019-06-14 01:11:21 --> 404 Page Not Found: 
ERROR - 2019-06-14 01:11:24 --> 404 Page Not Found: 
ERROR - 2019-06-14 01:52:11 --> 404 Page Not Found: 
ERROR - 2019-06-14 02:39:33 --> 404 Page Not Found: 
ERROR - 2019-06-14 03:59:14 --> 404 Page Not Found: 
ERROR - 2019-06-14 04:00:31 --> 404 Page Not Found: 
ERROR - 2019-06-14 04:22:23 --> 404 Page Not Found: 
ERROR - 2019-06-14 04:25:18 --> 404 Page Not Found: 
ERROR - 2019-06-14 04:38:10 --> 404 Page Not Found: 
ERROR - 2019-06-14 05:53:12 --> 404 Page Not Found: 
ERROR - 2019-06-14 05:58:08 --> 404 Page Not Found: 
ERROR - 2019-06-14 06:25:36 --> 404 Page Not Found: 
ERROR - 2019-06-14 06:58:18 --> 404 Page Not Found: 
ERROR - 2019-06-14 07:15:19 --> 404 Page Not Found: 
ERROR - 2019-06-14 07:22:32 --> 404 Page Not Found: 
ERROR - 2019-06-14 07:24:08 --> 404 Page Not Found: 
ERROR - 2019-06-14 07:52:22 --> 404 Page Not Found: 
ERROR - 2019-06-14 08:41:56 --> 404 Page Not Found: 
ERROR - 2019-06-14 08:49:51 --> 404 Page Not Found: 
ERROR - 2019-06-14 08:56:42 --> 404 Page Not Found: 
ERROR - 2019-06-14 09:01:51 --> 404 Page Not Found: 
ERROR - 2019-06-14 09:26:50 --> 404 Page Not Found: 
ERROR - 2019-06-14 10:16:26 --> 404 Page Not Found: 
ERROR - 2019-06-14 10:17:57 --> 404 Page Not Found: 
ERROR - 2019-06-14 10:41:27 --> 404 Page Not Found: 
ERROR - 2019-06-14 10:42:39 --> 404 Page Not Found: 
ERROR - 2019-06-14 10:44:34 --> 404 Page Not Found: 
ERROR - 2019-06-14 10:45:15 --> 404 Page Not Found: 
ERROR - 2019-06-14 10:45:41 --> 404 Page Not Found: 
ERROR - 2019-06-14 10:47:58 --> 404 Page Not Found: 
ERROR - 2019-06-14 10:48:02 --> 404 Page Not Found: 
ERROR - 2019-06-14 10:48:13 --> 404 Page Not Found: 
ERROR - 2019-06-14 10:48:18 --> 404 Page Not Found: 
ERROR - 2019-06-14 10:48:20 --> 404 Page Not Found: 
ERROR - 2019-06-14 10:48:21 --> 404 Page Not Found: 
ERROR - 2019-06-14 11:12:58 --> 404 Page Not Found: 
ERROR - 2019-06-14 11:20:17 --> 404 Page Not Found: 
ERROR - 2019-06-14 11:50:12 --> 404 Page Not Found: 
ERROR - 2019-06-14 11:55:58 --> 404 Page Not Found: 
ERROR - 2019-06-14 12:28:06 --> 404 Page Not Found: 
ERROR - 2019-06-14 14:00:28 --> 404 Page Not Found: 
ERROR - 2019-06-14 14:07:36 --> 404 Page Not Found: 
ERROR - 2019-06-14 14:22:12 --> 404 Page Not Found: 
ERROR - 2019-06-14 14:26:43 --> 404 Page Not Found: 
ERROR - 2019-06-14 14:53:34 --> 404 Page Not Found: 
ERROR - 2019-06-14 14:57:35 --> 404 Page Not Found: 
ERROR - 2019-06-14 15:03:54 --> 404 Page Not Found: 
ERROR - 2019-06-14 15:13:48 --> 404 Page Not Found: 
ERROR - 2019-06-14 15:13:49 --> 404 Page Not Found: 
ERROR - 2019-06-14 15:30:50 --> 404 Page Not Found: 
ERROR - 2019-06-14 15:30:59 --> 404 Page Not Found: 
ERROR - 2019-06-14 15:41:28 --> 404 Page Not Found: 
ERROR - 2019-06-14 15:49:25 --> 404 Page Not Found: 
ERROR - 2019-06-14 15:55:32 --> 404 Page Not Found: 
ERROR - 2019-06-14 16:07:12 --> 404 Page Not Found: 
ERROR - 2019-06-14 16:07:16 --> 404 Page Not Found: 
ERROR - 2019-06-14 16:08:25 --> 404 Page Not Found: 
ERROR - 2019-06-14 16:08:31 --> 404 Page Not Found: 
ERROR - 2019-06-14 16:08:55 --> 404 Page Not Found: 
ERROR - 2019-06-14 16:43:54 --> 404 Page Not Found: 
ERROR - 2019-06-14 17:04:12 --> 404 Page Not Found: 
ERROR - 2019-06-14 17:05:20 --> 404 Page Not Found: 
ERROR - 2019-06-14 17:08:31 --> 404 Page Not Found: 
ERROR - 2019-06-14 17:08:31 --> 404 Page Not Found: 
ERROR - 2019-06-14 17:08:34 --> 404 Page Not Found: 
ERROR - 2019-06-14 17:10:07 --> 404 Page Not Found: 
ERROR - 2019-06-14 17:10:10 --> 404 Page Not Found: 
ERROR - 2019-06-14 17:16:41 --> 404 Page Not Found: 
ERROR - 2019-06-14 17:24:29 --> 404 Page Not Found: 
ERROR - 2019-06-14 17:24:59 --> 404 Page Not Found: 
ERROR - 2019-06-14 17:25:01 --> 404 Page Not Found: 
ERROR - 2019-06-14 17:29:52 --> 404 Page Not Found: 
ERROR - 2019-06-14 17:41:17 --> 404 Page Not Found: 
ERROR - 2019-06-14 17:55:31 --> 404 Page Not Found: 
ERROR - 2019-06-14 18:11:23 --> 404 Page Not Found: 
ERROR - 2019-06-14 18:13:48 --> Query error: Table 'fullbask_nkmtein_fullbasket_new.blog' doesn't exist - Invalid query: SELECT *
FROM `blog`
WHERE `status` = 1
ORDER BY `id` DESC
 LIMIT 3
ERROR - 2019-06-14 18:13:53 --> Query error: Table 'fullbask_nkmtein_fullbasket_new.blog' doesn't exist - Invalid query: SELECT *
FROM `blog`
WHERE `status` = 1
ORDER BY `id` DESC
 LIMIT 3
ERROR - 2019-06-14 18:13:54 --> Query error: Table 'fullbask_nkmtein_fullbasket_new.blog' doesn't exist - Invalid query: SELECT *
FROM `blog`
WHERE `status` = 1
ORDER BY `id` DESC
 LIMIT 3
ERROR - 2019-06-14 18:15:03 --> 404 Page Not Found: 
ERROR - 2019-06-14 18:15:10 --> 404 Page Not Found: 
ERROR - 2019-06-14 18:15:37 --> 404 Page Not Found: 
ERROR - 2019-06-14 18:17:01 --> 404 Page Not Found: 
ERROR - 2019-06-14 18:17:25 --> 404 Page Not Found: 
ERROR - 2019-06-14 18:40:39 --> 404 Page Not Found: 
ERROR - 2019-06-14 18:40:49 --> 404 Page Not Found: 
ERROR - 2019-06-14 18:43:52 --> 404 Page Not Found: 
ERROR - 2019-06-14 19:31:30 --> 404 Page Not Found: 
ERROR - 2019-06-14 19:34:02 --> 404 Page Not Found: 
ERROR - 2019-06-14 19:40:44 --> 404 Page Not Found: 
ERROR - 2019-06-14 19:46:31 --> 404 Page Not Found: 
ERROR - 2019-06-14 19:50:30 --> 404 Page Not Found: 
ERROR - 2019-06-14 20:28:06 --> 404 Page Not Found: 
ERROR - 2019-06-14 20:31:44 --> 404 Page Not Found: 
ERROR - 2019-06-14 20:49:39 --> 404 Page Not Found: 
ERROR - 2019-06-14 20:55:58 --> 404 Page Not Found: 
ERROR - 2019-06-14 21:36:09 --> 404 Page Not Found: 
ERROR - 2019-06-14 21:37:27 --> 404 Page Not Found: 
ERROR - 2019-06-14 21:47:07 --> 404 Page Not Found: 
ERROR - 2019-06-14 21:59:25 --> 404 Page Not Found: 
ERROR - 2019-06-14 22:13:00 --> 404 Page Not Found: 
ERROR - 2019-06-14 22:21:31 --> 404 Page Not Found: 
ERROR - 2019-06-14 22:25:37 --> 404 Page Not Found: 
ERROR - 2019-06-14 22:38:49 --> 404 Page Not Found: 
ERROR - 2019-06-14 22:40:11 --> 404 Page Not Found: 
ERROR - 2019-06-14 22:49:24 --> 404 Page Not Found: 
ERROR - 2019-06-14 23:14:35 --> 404 Page Not Found: 
ERROR - 2019-06-14 23:14:36 --> 404 Page Not Found: 
ERROR - 2019-06-14 23:14:36 --> 404 Page Not Found: 
ERROR - 2019-06-14 23:14:44 --> 404 Page Not Found: 
ERROR - 2019-06-14 23:16:47 --> 404 Page Not Found: 
ERROR - 2019-06-14 23:28:19 --> 404 Page Not Found: 
ERROR - 2019-06-14 23:29:50 --> 404 Page Not Found: 
ERROR - 2019-06-14 23:30:54 --> 404 Page Not Found: 
ERROR - 2019-06-14 23:39:02 --> 404 Page Not Found: 
ERROR - 2019-06-14 23:48:29 --> 404 Page Not Found: 
