ERROR - 2019-05-23 00:09:33 --> 404 Page Not Found: 
ERROR - 2019-05-23 00:09:35 --> 404 Page Not Found: 
ERROR - 2019-05-23 00:55:35 --> 404 Page Not Found: 
ERROR - 2019-05-23 00:57:17 --> 404 Page Not Found: 
ERROR - 2019-05-23 00:57:42 --> 404 Page Not Found: 
ERROR - 2019-05-23 01:43:55 --> 404 Page Not Found: 
ERROR - 2019-05-23 02:00:10 --> 404 Page Not Found: 
ERROR - 2019-05-23 02:13:44 --> 404 Page Not Found: 
ERROR - 2019-05-23 02:32:33 --> 404 Page Not Found: 
ERROR - 2019-05-23 03:12:57 --> 404 Page Not Found: 
ERROR - 2019-05-23 04:50:07 --> 404 Page Not Found: 
ERROR - 2019-05-23 04:50:09 --> 404 Page Not Found: 
ERROR - 2019-05-23 05:42:58 --> 404 Page Not Found: 
ERROR - 2019-05-23 05:47:20 --> 404 Page Not Found: 
ERROR - 2019-05-23 06:08:51 --> 404 Page Not Found: 
ERROR - 2019-05-23 06:08:51 --> 404 Page Not Found: 
ERROR - 2019-05-23 06:08:56 --> 404 Page Not Found: 
ERROR - 2019-05-23 06:21:36 --> 404 Page Not Found: 
ERROR - 2019-05-23 06:53:46 --> 404 Page Not Found: 
ERROR - 2019-05-23 07:14:54 --> 404 Page Not Found: 
ERROR - 2019-05-23 07:42:23 --> 404 Page Not Found: 
ERROR - 2019-05-23 07:44:03 --> 404 Page Not Found: 
ERROR - 2019-05-23 07:45:35 --> 404 Page Not Found: 
ERROR - 2019-05-23 08:09:11 --> 404 Page Not Found: 
ERROR - 2019-05-23 08:36:43 --> 404 Page Not Found: 
ERROR - 2019-05-23 08:41:20 --> 404 Page Not Found: 
ERROR - 2019-05-23 08:41:23 --> 404 Page Not Found: 
ERROR - 2019-05-23 08:48:52 --> Severity: Warning --> Division by zero /home/fullbasketproper/public_html/application/core/Public_Controller.php 47
ERROR - 2019-05-23 08:51:02 --> 404 Page Not Found: 
ERROR - 2019-05-23 09:33:50 --> 404 Page Not Found: 
ERROR - 2019-05-23 09:57:01 --> 404 Page Not Found: 
ERROR - 2019-05-23 10:08:48 --> 404 Page Not Found: 
ERROR - 2019-05-23 10:23:52 --> 404 Page Not Found: 
ERROR - 2019-05-23 10:28:00 --> 404 Page Not Found: 
ERROR - 2019-05-23 10:31:10 --> 404 Page Not Found: 
ERROR - 2019-05-23 10:49:44 --> 404 Page Not Found: 
ERROR - 2019-05-23 10:49:45 --> 404 Page Not Found: 
ERROR - 2019-05-23 10:54:47 --> 404 Page Not Found: 
ERROR - 2019-05-23 10:54:49 --> 404 Page Not Found: 
ERROR - 2019-05-23 11:22:43 --> 404 Page Not Found: 
ERROR - 2019-05-23 11:22:58 --> 404 Page Not Found: 
ERROR - 2019-05-23 11:23:26 --> 404 Page Not Found: 
ERROR - 2019-05-23 11:23:41 --> 404 Page Not Found: 
ERROR - 2019-05-23 11:26:37 --> 404 Page Not Found: 
ERROR - 2019-05-23 11:26:38 --> 404 Page Not Found: 
ERROR - 2019-05-23 11:53:33 --> 404 Page Not Found: 
ERROR - 2019-05-23 11:53:39 --> 404 Page Not Found: 
ERROR - 2019-05-23 11:54:16 --> 404 Page Not Found: 
ERROR - 2019-05-23 11:57:31 --> 404 Page Not Found: 
ERROR - 2019-05-23 12:02:46 --> 404 Page Not Found: 
ERROR - 2019-05-23 12:14:58 --> 404 Page Not Found: 
ERROR - 2019-05-23 12:19:35 --> 404 Page Not Found: 
ERROR - 2019-05-23 12:20:23 --> 404 Page Not Found: 
ERROR - 2019-05-23 12:21:44 --> 404 Page Not Found: 
ERROR - 2019-05-23 12:25:49 --> 404 Page Not Found: 
ERROR - 2019-05-23 12:25:51 --> 404 Page Not Found: 
ERROR - 2019-05-23 12:31:25 --> 404 Page Not Found: 
ERROR - 2019-05-23 12:33:05 --> 404 Page Not Found: 
ERROR - 2019-05-23 12:45:13 --> 404 Page Not Found: 
ERROR - 2019-05-23 12:45:26 --> 404 Page Not Found: 
ERROR - 2019-05-23 12:48:44 --> 404 Page Not Found: 
ERROR - 2019-05-23 12:49:47 --> 404 Page Not Found: 
ERROR - 2019-05-23 12:49:48 --> 404 Page Not Found: 
ERROR - 2019-05-23 12:50:11 --> 404 Page Not Found: 
ERROR - 2019-05-23 13:04:01 --> 404 Page Not Found: 
ERROR - 2019-05-23 13:07:10 --> 404 Page Not Found: 
ERROR - 2019-05-23 13:07:38 --> 404 Page Not Found: 
ERROR - 2019-05-23 13:09:51 --> 404 Page Not Found: 
ERROR - 2019-05-23 13:10:54 --> 404 Page Not Found: 
ERROR - 2019-05-23 13:11:47 --> 404 Page Not Found: 
ERROR - 2019-05-23 13:12:40 --> 404 Page Not Found: 
ERROR - 2019-05-23 13:12:49 --> 404 Page Not Found: 
ERROR - 2019-05-23 13:15:56 --> 404 Page Not Found: 
ERROR - 2019-05-23 13:34:17 --> 404 Page Not Found: 
ERROR - 2019-05-23 13:34:44 --> 404 Page Not Found: 
ERROR - 2019-05-23 13:35:37 --> 404 Page Not Found: 
ERROR - 2019-05-23 13:38:18 --> 404 Page Not Found: 
ERROR - 2019-05-23 13:43:34 --> 404 Page Not Found: 
ERROR - 2019-05-23 13:57:07 --> 404 Page Not Found: 
ERROR - 2019-05-23 13:58:29 --> 404 Page Not Found: 
ERROR - 2019-05-23 14:48:10 --> 404 Page Not Found: 
ERROR - 2019-05-23 15:13:06 --> 404 Page Not Found: 
ERROR - 2019-05-23 15:26:23 --> 404 Page Not Found: 
ERROR - 2019-05-23 15:28:48 --> 404 Page Not Found: 
ERROR - 2019-05-23 15:28:57 --> 404 Page Not Found: 
ERROR - 2019-05-23 15:36:36 --> 404 Page Not Found: 
ERROR - 2019-05-23 15:50:09 --> 404 Page Not Found: 
ERROR - 2019-05-23 15:50:22 --> 404 Page Not Found: 
ERROR - 2019-05-23 15:56:07 --> Severity: Warning --> rename(uploads/floor_plans/cleo-masterplan-9august.jpg,uploads/cleo-county/cleo-masterplan-9august.jpg): No such file or directory /home/fullbasketproper/public_html/application/controllers/admin/Properties.php 282
ERROR - 2019-05-23 15:57:53 --> 404 Page Not Found: 
ERROR - 2019-05-23 16:01:33 --> 404 Page Not Found: 
ERROR - 2019-05-23 16:01:33 --> 404 Page Not Found: 
ERROR - 2019-05-23 16:09:50 --> Severity: Warning --> unlink(./uploads/goyal-co-orchid-piccadilly/Orchid.jpg): No such file or directory /home/fullbasketproper/public_html/application/controllers/admin/Properties.php 813
ERROR - 2019-05-23 16:16:38 --> 404 Page Not Found: 
ERROR - 2019-05-23 16:21:11 --> 404 Page Not Found: 
ERROR - 2019-05-23 16:29:34 --> Severity: Warning --> unlink(./uploads/sobha-palm-court55c88b2f2a3860/153864617820181004.jpg): No such file or directory /home/fullbasketproper/public_html/application/controllers/admin/Properties.php 813
ERROR - 2019-05-23 16:29:34 --> Severity: Warning --> unlink(./uploads/sobha-palm-court55c88b2f2a3860/153864613520181004.jpg): No such file or directory /home/fullbasketproper/public_html/application/controllers/admin/Properties.php 813
ERROR - 2019-05-23 16:29:34 --> Severity: Warning --> unlink(./uploads/sobha-palm-court55c88b2f2a3860/153864605520181004.jpg): No such file or directory /home/fullbasketproper/public_html/application/controllers/admin/Properties.php 813
ERROR - 2019-05-23 16:29:34 --> Severity: Warning --> unlink(./uploads/sobha-palm-court55c88b2f2a3860/153864603420181004.jpg): No such file or directory /home/fullbasketproper/public_html/application/controllers/admin/Properties.php 813
ERROR - 2019-05-23 16:29:34 --> Severity: Warning --> unlink(./uploads/sobha-palm-court55c88b2f2a3860/153864597020181004.jpg): No such file or directory /home/fullbasketproper/public_html/application/controllers/admin/Properties.php 813
ERROR - 2019-05-23 16:29:34 --> Severity: Warning --> unlink(./uploads/sobha-palm-court55c88b2f2a3860/153864601220181004.jpg): No such file or directory /home/fullbasketproper/public_html/application/controllers/admin/Properties.php 813
ERROR - 2019-05-23 16:29:34 --> Severity: Warning --> unlink(./uploads/sobha-palm-court55c88b2f2a3860/153864595820181004.jpg): No such file or directory /home/fullbasketproper/public_html/application/controllers/admin/Properties.php 813
ERROR - 2019-05-23 16:29:35 --> Severity: Warning --> unlink(./uploads/sobha-palm-court55c88b2f2a3860/153864593420181004.jpg): No such file or directory /home/fullbasketproper/public_html/application/controllers/admin/Properties.php 813
ERROR - 2019-05-23 16:29:35 --> Severity: Warning --> unlink(./uploads/sobha-palm-court55c88b2f2a3860/153864592120181004.jpg): No such file or directory /home/fullbasketproper/public_html/application/controllers/admin/Properties.php 813
ERROR - 2019-05-23 16:29:35 --> Severity: Warning --> unlink(./uploads/sobha-palm-court55c88b2f2a3860/153864594720181004.jpg): No such file or directory /home/fullbasketproper/public_html/application/controllers/admin/Properties.php 813
ERROR - 2019-05-23 16:30:53 --> 404 Page Not Found: 
ERROR - 2019-05-23 16:31:05 --> 404 Page Not Found: 
ERROR - 2019-05-23 16:39:26 --> 404 Page Not Found: 
ERROR - 2019-05-23 16:39:28 --> 404 Page Not Found: 
ERROR - 2019-05-23 16:39:49 --> 404 Page Not Found: 
ERROR - 2019-05-23 16:40:07 --> 404 Page Not Found: 
ERROR - 2019-05-23 16:40:22 --> 404 Page Not Found: 
ERROR - 2019-05-23 16:41:36 --> Severity: Warning --> Division by zero /home/fullbasketproper/public_html/application/core/Public_Controller.php 47
ERROR - 2019-05-23 16:41:45 --> Severity: Warning --> Division by zero /home/fullbasketproper/public_html/application/core/Public_Controller.php 47
ERROR - 2019-05-23 16:57:07 --> 404 Page Not Found: 
ERROR - 2019-05-23 16:57:08 --> 404 Page Not Found: 
ERROR - 2019-05-23 17:03:29 --> 404 Page Not Found: 
ERROR - 2019-05-23 17:09:31 --> 404 Page Not Found: 
ERROR - 2019-05-23 17:09:40 --> 404 Page Not Found: 
ERROR - 2019-05-23 17:26:20 --> 404 Page Not Found: 
ERROR - 2019-05-23 17:28:10 --> 404 Page Not Found: 
ERROR - 2019-05-23 17:33:43 --> 404 Page Not Found: 
ERROR - 2019-05-23 17:42:49 --> 404 Page Not Found: 
ERROR - 2019-05-23 17:51:08 --> 404 Page Not Found: 
ERROR - 2019-05-23 17:51:10 --> 404 Page Not Found: 
ERROR - 2019-05-23 18:12:05 --> 404 Page Not Found: 
ERROR - 2019-05-23 18:24:29 --> 404 Page Not Found: 
ERROR - 2019-05-23 18:35:32 --> 404 Page Not Found: 
ERROR - 2019-05-23 18:38:23 --> 404 Page Not Found: 
ERROR - 2019-05-23 18:46:11 --> 404 Page Not Found: 
ERROR - 2019-05-23 18:46:32 --> 404 Page Not Found: 
ERROR - 2019-05-23 18:48:12 --> 404 Page Not Found: 
ERROR - 2019-05-23 19:12:45 --> 404 Page Not Found: 
ERROR - 2019-05-23 19:23:56 --> 404 Page Not Found: 
ERROR - 2019-05-23 19:38:06 --> 404 Page Not Found: 
ERROR - 2019-05-23 19:40:49 --> 404 Page Not Found: 
ERROR - 2019-05-23 19:42:11 --> 404 Page Not Found: 
ERROR - 2019-05-23 19:42:31 --> 404 Page Not Found: 
ERROR - 2019-05-23 21:10:13 --> 404 Page Not Found: 
ERROR - 2019-05-23 21:13:37 --> 404 Page Not Found: 
ERROR - 2019-05-23 21:16:52 --> 404 Page Not Found: 
ERROR - 2019-05-23 21:44:40 --> 404 Page Not Found: 
ERROR - 2019-05-23 22:50:29 --> 404 Page Not Found: 
ERROR - 2019-05-23 22:53:11 --> 404 Page Not Found: 
ERROR - 2019-05-23 22:59:41 --> 404 Page Not Found: 
ERROR - 2019-05-23 23:17:02 --> 404 Page Not Found: 
ERROR - 2019-05-23 23:17:04 --> 404 Page Not Found: 
ERROR - 2019-05-23 23:17:06 --> 404 Page Not Found: 
ERROR - 2019-05-23 23:17:39 --> 404 Page Not Found: 
ERROR - 2019-05-23 23:17:42 --> 404 Page Not Found: 
ERROR - 2019-05-23 23:17:44 --> 404 Page Not Found: 
ERROR - 2019-05-23 23:19:54 --> 404 Page Not Found: 
ERROR - 2019-05-23 23:19:59 --> 404 Page Not Found: 
ERROR - 2019-05-23 23:24:13 --> 404 Page Not Found: 
