ERROR - 2018-10-25 01:00:06 --> 404 Page Not Found: 
ERROR - 2018-10-25 01:00:10 --> 404 Page Not Found: 
ERROR - 2018-10-25 01:00:11 --> 404 Page Not Found: 
ERROR - 2018-10-25 01:00:11 --> 404 Page Not Found: 
ERROR - 2018-10-25 01:00:12 --> 404 Page Not Found: 
ERROR - 2018-10-25 01:21:11 --> 404 Page Not Found: 
ERROR - 2018-10-25 01:57:43 --> Query error: You have an error in your SQL syntax; check the manual that corresponds to your MySQL server version for the right syntax to use near '-10, 10' at line 11 - Invalid query: SELECT DISTINCT `p`.*, `c`.`name` as `city_name`, `ps`.`name` as `property_status`, `pt`.`name` as `prop_type`, `b`.`name` as `builder`, `l`.`name` as `location`
FROM `properties` `p`
LEFT JOIN `cities` `c` ON `p`.`city_id` = `c`.`id`
LEFT JOIN `builders` `b` ON `p`.`builder_id` = `b`.`id`
LEFT JOIN `locations` `l` ON `p`.`location_id` = `l`.`id`
LEFT JOIN `property_types` `pt` ON `p`.`property_type_id` = `pt`.`id`
LEFT JOIN `property_status` `ps` ON `p`.`property_status_id` = `ps`.`id`
LEFT JOIN `property_amenities` `pa` ON `pa`.`property_id` = `p`.`id`
WHERE `p`.`status` = 1
ORDER BY `p`.`id` DESC
 LIMIT -10, 10
ERROR - 2018-10-25 01:57:46 --> Query error: You have an error in your SQL syntax; check the manual that corresponds to your MySQL server version for the right syntax to use near '-10, 10' at line 11 - Invalid query: SELECT DISTINCT `p`.*, `c`.`name` as `city_name`, `ps`.`name` as `property_status`, `pt`.`name` as `prop_type`, `b`.`name` as `builder`, `l`.`name` as `location`
FROM `properties` `p`
LEFT JOIN `cities` `c` ON `p`.`city_id` = `c`.`id`
LEFT JOIN `builders` `b` ON `p`.`builder_id` = `b`.`id`
LEFT JOIN `locations` `l` ON `p`.`location_id` = `l`.`id`
LEFT JOIN `property_types` `pt` ON `p`.`property_type_id` = `pt`.`id`
LEFT JOIN `property_status` `ps` ON `p`.`property_status_id` = `ps`.`id`
LEFT JOIN `property_amenities` `pa` ON `pa`.`property_id` = `p`.`id`
WHERE `p`.`status` = 1
ORDER BY `p`.`id` DESC
 LIMIT -10, 10
ERROR - 2018-10-25 01:58:06 --> Query error: You have an error in your SQL syntax; check the manual that corresponds to your MySQL server version for the right syntax to use near '-10, 10' at line 11 - Invalid query: SELECT DISTINCT `p`.*, `c`.`name` as `city_name`, `ps`.`name` as `property_status`, `pt`.`name` as `prop_type`, `b`.`name` as `builder`, `l`.`name` as `location`
FROM `properties` `p`
LEFT JOIN `cities` `c` ON `p`.`city_id` = `c`.`id`
LEFT JOIN `builders` `b` ON `p`.`builder_id` = `b`.`id`
LEFT JOIN `locations` `l` ON `p`.`location_id` = `l`.`id`
LEFT JOIN `property_types` `pt` ON `p`.`property_type_id` = `pt`.`id`
LEFT JOIN `property_status` `ps` ON `p`.`property_status_id` = `ps`.`id`
LEFT JOIN `property_amenities` `pa` ON `pa`.`property_id` = `p`.`id`
WHERE `p`.`status` = 1
ORDER BY `p`.`id` DESC
 LIMIT -10, 10
ERROR - 2018-10-25 02:11:44 --> 404 Page Not Found: 
ERROR - 2018-10-25 02:11:44 --> 404 Page Not Found: 
ERROR - 2018-10-25 02:11:45 --> 404 Page Not Found: 
ERROR - 2018-10-25 02:11:45 --> 404 Page Not Found: 
ERROR - 2018-10-25 02:11:45 --> 404 Page Not Found: 
ERROR - 2018-10-25 02:27:03 --> 404 Page Not Found: 
ERROR - 2018-10-25 07:10:23 --> 404 Page Not Found: 
ERROR - 2018-10-25 07:10:23 --> 404 Page Not Found: 
ERROR - 2018-10-25 07:10:23 --> 404 Page Not Found: 
ERROR - 2018-10-25 07:10:24 --> 404 Page Not Found: 
ERROR - 2018-10-25 07:41:23 --> 404 Page Not Found: 
ERROR - 2018-10-25 07:41:24 --> 404 Page Not Found: 
ERROR - 2018-10-25 07:41:25 --> 404 Page Not Found: 
ERROR - 2018-10-25 07:41:25 --> 404 Page Not Found: 
ERROR - 2018-10-25 07:41:26 --> 404 Page Not Found: 
ERROR - 2018-10-25 07:41:26 --> 404 Page Not Found: 
ERROR - 2018-10-25 07:41:26 --> 404 Page Not Found: 
ERROR - 2018-10-25 07:41:27 --> 404 Page Not Found: 
ERROR - 2018-10-25 08:33:41 --> 404 Page Not Found: 
ERROR - 2018-10-25 08:33:41 --> 404 Page Not Found: 
ERROR - 2018-10-25 08:33:41 --> 404 Page Not Found: 
ERROR - 2018-10-25 08:33:42 --> 404 Page Not Found: 
ERROR - 2018-10-25 08:56:14 --> 404 Page Not Found: 
ERROR - 2018-10-25 09:16:36 --> 404 Page Not Found: 
ERROR - 2018-10-25 09:16:36 --> 404 Page Not Found: 
ERROR - 2018-10-25 09:16:37 --> 404 Page Not Found: 
ERROR - 2018-10-25 09:16:37 --> 404 Page Not Found: 
ERROR - 2018-10-25 09:16:37 --> 404 Page Not Found: 
ERROR - 2018-10-25 09:16:37 --> 404 Page Not Found: 
ERROR - 2018-10-25 09:16:37 --> 404 Page Not Found: 
ERROR - 2018-10-25 09:16:37 --> 404 Page Not Found: 
ERROR - 2018-10-25 09:16:38 --> 404 Page Not Found: 
ERROR - 2018-10-25 09:16:38 --> 404 Page Not Found: 
ERROR - 2018-10-25 09:16:38 --> 404 Page Not Found: 
ERROR - 2018-10-25 09:16:39 --> 404 Page Not Found: 
ERROR - 2018-10-25 09:49:27 --> 404 Page Not Found: 
ERROR - 2018-10-25 09:49:27 --> 404 Page Not Found: 
ERROR - 2018-10-25 09:49:27 --> 404 Page Not Found: 
ERROR - 2018-10-25 09:49:28 --> 404 Page Not Found: 
ERROR - 2018-10-25 09:49:28 --> 404 Page Not Found: 
ERROR - 2018-10-25 09:49:28 --> 404 Page Not Found: 
ERROR - 2018-10-25 09:49:29 --> 404 Page Not Found: 
ERROR - 2018-10-25 09:49:29 --> 404 Page Not Found: 
ERROR - 2018-10-25 09:49:29 --> 404 Page Not Found: 
ERROR - 2018-10-25 09:49:29 --> 404 Page Not Found: 
ERROR - 2018-10-25 09:49:29 --> 404 Page Not Found: 
ERROR - 2018-10-25 09:49:29 --> 404 Page Not Found: 
ERROR - 2018-10-25 09:49:30 --> 404 Page Not Found: 
ERROR - 2018-10-25 09:49:47 --> 404 Page Not Found: 
ERROR - 2018-10-25 09:49:47 --> 404 Page Not Found: 
ERROR - 2018-10-25 09:49:47 --> 404 Page Not Found: 
ERROR - 2018-10-25 09:49:47 --> 404 Page Not Found: 
ERROR - 2018-10-25 09:49:47 --> 404 Page Not Found: 
ERROR - 2018-10-25 09:49:47 --> 404 Page Not Found: 
ERROR - 2018-10-25 09:49:47 --> 404 Page Not Found: 
ERROR - 2018-10-25 09:49:47 --> 404 Page Not Found: 
ERROR - 2018-10-25 09:49:47 --> 404 Page Not Found: 
ERROR - 2018-10-25 09:49:47 --> 404 Page Not Found: 
ERROR - 2018-10-25 09:49:48 --> 404 Page Not Found: 
ERROR - 2018-10-25 09:49:49 --> 404 Page Not Found: 
ERROR - 2018-10-25 10:08:12 --> 404 Page Not Found: 
ERROR - 2018-10-25 10:08:13 --> 404 Page Not Found: 
ERROR - 2018-10-25 10:08:13 --> 404 Page Not Found: 
ERROR - 2018-10-25 10:08:13 --> 404 Page Not Found: 
ERROR - 2018-10-25 10:08:14 --> 404 Page Not Found: 
ERROR - 2018-10-25 10:08:15 --> 404 Page Not Found: 
ERROR - 2018-10-25 10:08:15 --> 404 Page Not Found: 
ERROR - 2018-10-25 10:08:16 --> 404 Page Not Found: 
ERROR - 2018-10-25 10:41:02 --> 404 Page Not Found: 
ERROR - 2018-10-25 10:41:03 --> 404 Page Not Found: 
ERROR - 2018-10-25 10:41:04 --> 404 Page Not Found: 
ERROR - 2018-10-25 10:41:04 --> 404 Page Not Found: 
ERROR - 2018-10-25 10:41:04 --> 404 Page Not Found: 
ERROR - 2018-10-25 11:05:13 --> 404 Page Not Found: 
ERROR - 2018-10-25 11:05:34 --> 404 Page Not Found: 
ERROR - 2018-10-25 11:06:01 --> 404 Page Not Found: 
ERROR - 2018-10-25 11:10:39 --> 404 Page Not Found: 
ERROR - 2018-10-25 11:20:07 --> 404 Page Not Found: 
ERROR - 2018-10-25 11:20:08 --> 404 Page Not Found: 
ERROR - 2018-10-25 11:20:08 --> 404 Page Not Found: 
ERROR - 2018-10-25 11:20:08 --> 404 Page Not Found: 
ERROR - 2018-10-25 11:20:09 --> 404 Page Not Found: 
ERROR - 2018-10-25 11:20:09 --> 404 Page Not Found: 
ERROR - 2018-10-25 11:20:10 --> 404 Page Not Found: 
ERROR - 2018-10-25 11:20:10 --> 404 Page Not Found: 
ERROR - 2018-10-25 13:21:51 --> 404 Page Not Found: 
ERROR - 2018-10-25 13:21:52 --> 404 Page Not Found: 
ERROR - 2018-10-25 13:21:52 --> 404 Page Not Found: 
ERROR - 2018-10-25 13:21:53 --> 404 Page Not Found: 
ERROR - 2018-10-25 13:21:55 --> 404 Page Not Found: 
ERROR - 2018-10-25 13:21:56 --> 404 Page Not Found: 
ERROR - 2018-10-25 13:21:56 --> 404 Page Not Found: 
ERROR - 2018-10-25 13:21:56 --> 404 Page Not Found: 
ERROR - 2018-10-25 13:51:30 --> 404 Page Not Found: 
ERROR - 2018-10-25 13:51:30 --> 404 Page Not Found: 
ERROR - 2018-10-25 13:51:31 --> 404 Page Not Found: 
ERROR - 2018-10-25 13:51:31 --> 404 Page Not Found: 
ERROR - 2018-10-25 13:51:36 --> 404 Page Not Found: 
ERROR - 2018-10-25 13:51:37 --> 404 Page Not Found: 
ERROR - 2018-10-25 13:51:37 --> 404 Page Not Found: 
ERROR - 2018-10-25 14:07:31 --> 404 Page Not Found: 
ERROR - 2018-10-25 14:07:31 --> 404 Page Not Found: 
ERROR - 2018-10-25 14:07:32 --> 404 Page Not Found: 
ERROR - 2018-10-25 14:07:32 --> 404 Page Not Found: 
ERROR - 2018-10-25 14:07:32 --> 404 Page Not Found: 
ERROR - 2018-10-25 14:07:49 --> 404 Page Not Found: 
ERROR - 2018-10-25 14:08:03 --> 404 Page Not Found: 
ERROR - 2018-10-25 14:08:03 --> 404 Page Not Found: 
ERROR - 2018-10-25 14:08:04 --> 404 Page Not Found: 
ERROR - 2018-10-25 14:08:04 --> 404 Page Not Found: 
ERROR - 2018-10-25 14:08:04 --> 404 Page Not Found: 
ERROR - 2018-10-25 14:08:05 --> 404 Page Not Found: 
ERROR - 2018-10-25 14:08:05 --> 404 Page Not Found: 
ERROR - 2018-10-25 14:08:06 --> 404 Page Not Found: 
ERROR - 2018-10-25 14:59:20 --> 404 Page Not Found: 
ERROR - 2018-10-25 14:59:20 --> 404 Page Not Found: 
ERROR - 2018-10-25 14:59:20 --> 404 Page Not Found: 
ERROR - 2018-10-25 14:59:20 --> 404 Page Not Found: 
ERROR - 2018-10-25 14:59:21 --> 404 Page Not Found: 
ERROR - 2018-10-25 14:59:21 --> 404 Page Not Found: 
ERROR - 2018-10-25 14:59:21 --> 404 Page Not Found: 
ERROR - 2018-10-25 14:59:21 --> 404 Page Not Found: 
ERROR - 2018-10-25 14:59:21 --> 404 Page Not Found: 
ERROR - 2018-10-25 14:59:21 --> 404 Page Not Found: 
ERROR - 2018-10-25 14:59:21 --> 404 Page Not Found: 
ERROR - 2018-10-25 14:59:22 --> 404 Page Not Found: 
ERROR - 2018-10-25 15:27:18 --> 404 Page Not Found: 
ERROR - 2018-10-25 15:27:18 --> 404 Page Not Found: 
ERROR - 2018-10-25 15:27:19 --> 404 Page Not Found: 
ERROR - 2018-10-25 15:27:19 --> 404 Page Not Found: 
ERROR - 2018-10-25 15:27:19 --> 404 Page Not Found: 
ERROR - 2018-10-25 15:27:20 --> 404 Page Not Found: 
ERROR - 2018-10-25 15:27:21 --> 404 Page Not Found: 
ERROR - 2018-10-25 15:27:21 --> 404 Page Not Found: 
ERROR - 2018-10-25 15:27:32 --> 404 Page Not Found: 
ERROR - 2018-10-25 15:37:29 --> 404 Page Not Found: 
ERROR - 2018-10-25 15:37:30 --> 404 Page Not Found: 
ERROR - 2018-10-25 15:37:30 --> 404 Page Not Found: 
ERROR - 2018-10-25 15:37:30 --> 404 Page Not Found: 
ERROR - 2018-10-25 16:06:32 --> 404 Page Not Found: 
ERROR - 2018-10-25 16:06:32 --> 404 Page Not Found: 
ERROR - 2018-10-25 16:06:32 --> 404 Page Not Found: 
ERROR - 2018-10-25 16:06:32 --> 404 Page Not Found: 
ERROR - 2018-10-25 16:06:32 --> 404 Page Not Found: 
ERROR - 2018-10-25 16:06:32 --> 404 Page Not Found: 
ERROR - 2018-10-25 16:06:32 --> 404 Page Not Found: 
ERROR - 2018-10-25 16:06:33 --> 404 Page Not Found: 
ERROR - 2018-10-25 16:09:54 --> 404 Page Not Found: 
ERROR - 2018-10-25 16:20:10 --> 404 Page Not Found: 
ERROR - 2018-10-25 16:20:11 --> 404 Page Not Found: 
ERROR - 2018-10-25 16:20:11 --> 404 Page Not Found: 
ERROR - 2018-10-25 16:20:11 --> 404 Page Not Found: 
ERROR - 2018-10-25 16:27:32 --> 404 Page Not Found: 
ERROR - 2018-10-25 16:27:33 --> 404 Page Not Found: 
ERROR - 2018-10-25 16:27:33 --> 404 Page Not Found: 
ERROR - 2018-10-25 16:27:34 --> 404 Page Not Found: 
ERROR - 2018-10-25 16:27:34 --> 404 Page Not Found: 
ERROR - 2018-10-25 16:27:35 --> 404 Page Not Found: 
ERROR - 2018-10-25 16:27:35 --> 404 Page Not Found: 
ERROR - 2018-10-25 16:27:36 --> 404 Page Not Found: 
ERROR - 2018-10-25 17:00:49 --> 404 Page Not Found: 
ERROR - 2018-10-25 17:05:45 --> 404 Page Not Found: 
ERROR - 2018-10-25 17:05:45 --> 404 Page Not Found: 
ERROR - 2018-10-25 17:05:45 --> 404 Page Not Found: 
ERROR - 2018-10-25 17:05:45 --> 404 Page Not Found: 
ERROR - 2018-10-25 17:05:46 --> 404 Page Not Found: 
ERROR - 2018-10-25 17:31:09 --> 404 Page Not Found: 
ERROR - 2018-10-25 17:31:09 --> 404 Page Not Found: 
ERROR - 2018-10-25 17:31:09 --> 404 Page Not Found: 
ERROR - 2018-10-25 17:31:10 --> 404 Page Not Found: 
ERROR - 2018-10-25 18:07:34 --> 404 Page Not Found: 
ERROR - 2018-10-25 18:07:35 --> 404 Page Not Found: 
ERROR - 2018-10-25 18:07:35 --> 404 Page Not Found: 
ERROR - 2018-10-25 18:07:36 --> 404 Page Not Found: 
ERROR - 2018-10-25 18:37:00 --> 404 Page Not Found: 
ERROR - 2018-10-25 18:37:01 --> 404 Page Not Found: 
ERROR - 2018-10-25 18:37:01 --> 404 Page Not Found: 
ERROR - 2018-10-25 18:37:01 --> 404 Page Not Found: 
ERROR - 2018-10-25 18:37:01 --> 404 Page Not Found: 
ERROR - 2018-10-25 18:37:01 --> 404 Page Not Found: 
ERROR - 2018-10-25 18:37:02 --> 404 Page Not Found: 
ERROR - 2018-10-25 18:37:02 --> 404 Page Not Found: 
ERROR - 2018-10-25 18:37:02 --> 404 Page Not Found: 
ERROR - 2018-10-25 18:37:02 --> 404 Page Not Found: 
ERROR - 2018-10-25 18:37:02 --> 404 Page Not Found: 
ERROR - 2018-10-25 18:37:03 --> 404 Page Not Found: 
ERROR - 2018-10-25 18:37:44 --> 404 Page Not Found: 
ERROR - 2018-10-25 18:37:45 --> 404 Page Not Found: 
ERROR - 2018-10-25 18:37:45 --> 404 Page Not Found: 
ERROR - 2018-10-25 18:37:45 --> 404 Page Not Found: 
ERROR - 2018-10-25 18:37:45 --> 404 Page Not Found: 
ERROR - 2018-10-25 18:37:46 --> 404 Page Not Found: 
ERROR - 2018-10-25 18:37:46 --> 404 Page Not Found: 
ERROR - 2018-10-25 18:37:47 --> 404 Page Not Found: 
ERROR - 2018-10-25 18:52:31 --> 404 Page Not Found: 
ERROR - 2018-10-25 19:51:02 --> 404 Page Not Found: 
ERROR - 2018-10-25 20:02:56 --> 404 Page Not Found: 
ERROR - 2018-10-25 20:02:56 --> 404 Page Not Found: 
ERROR - 2018-10-25 20:02:57 --> 404 Page Not Found: 
ERROR - 2018-10-25 20:02:57 --> 404 Page Not Found: 
ERROR - 2018-10-25 20:19:38 --> 404 Page Not Found: 
ERROR - 2018-10-25 20:19:38 --> 404 Page Not Found: 
ERROR - 2018-10-25 20:19:38 --> 404 Page Not Found: 
ERROR - 2018-10-25 20:19:38 --> 404 Page Not Found: 
ERROR - 2018-10-25 20:19:39 --> 404 Page Not Found: 
ERROR - 2018-10-25 20:19:39 --> 404 Page Not Found: 
ERROR - 2018-10-25 20:19:39 --> 404 Page Not Found: 
ERROR - 2018-10-25 20:19:39 --> 404 Page Not Found: 
ERROR - 2018-10-25 20:31:01 --> 404 Page Not Found: 
ERROR - 2018-10-25 20:31:02 --> 404 Page Not Found: 
ERROR - 2018-10-25 20:31:03 --> 404 Page Not Found: 
ERROR - 2018-10-25 20:31:04 --> 404 Page Not Found: 
ERROR - 2018-10-25 20:34:15 --> 404 Page Not Found: 
ERROR - 2018-10-25 21:00:42 --> 404 Page Not Found: 
ERROR - 2018-10-25 21:15:39 --> 404 Page Not Found: 
ERROR - 2018-10-25 21:15:39 --> 404 Page Not Found: 
ERROR - 2018-10-25 21:15:40 --> 404 Page Not Found: 
ERROR - 2018-10-25 21:15:40 --> 404 Page Not Found: 
ERROR - 2018-10-25 21:15:44 --> 404 Page Not Found: 
ERROR - 2018-10-25 21:15:44 --> 404 Page Not Found: 
ERROR - 2018-10-25 21:15:45 --> 404 Page Not Found: 
ERROR - 2018-10-25 21:15:46 --> 404 Page Not Found: 
ERROR - 2018-10-25 21:25:49 --> 404 Page Not Found: 
ERROR - 2018-10-25 21:25:49 --> 404 Page Not Found: 
ERROR - 2018-10-25 21:25:49 --> 404 Page Not Found: 
ERROR - 2018-10-25 21:25:49 --> 404 Page Not Found: 
ERROR - 2018-10-25 21:25:50 --> 404 Page Not Found: 
ERROR - 2018-10-25 21:25:50 --> 404 Page Not Found: 
ERROR - 2018-10-25 21:25:51 --> 404 Page Not Found: 
ERROR - 2018-10-25 21:25:52 --> 404 Page Not Found: 
ERROR - 2018-10-25 21:35:51 --> 404 Page Not Found: 
ERROR - 2018-10-25 21:35:51 --> 404 Page Not Found: 
ERROR - 2018-10-25 21:35:52 --> 404 Page Not Found: 
ERROR - 2018-10-25 21:35:53 --> 404 Page Not Found: 
ERROR - 2018-10-25 22:09:33 --> 404 Page Not Found: 
ERROR - 2018-10-25 22:09:33 --> 404 Page Not Found: 
ERROR - 2018-10-25 22:09:34 --> 404 Page Not Found: 
ERROR - 2018-10-25 22:09:35 --> 404 Page Not Found: 
ERROR - 2018-10-25 22:39:49 --> 404 Page Not Found: 
ERROR - 2018-10-25 23:40:40 --> 404 Page Not Found: 
ERROR - 2018-10-25 23:40:41 --> 404 Page Not Found: 
ERROR - 2018-10-25 23:40:41 --> 404 Page Not Found: 
ERROR - 2018-10-25 23:40:42 --> 404 Page Not Found: 
