ERROR - 2019-12-26 12:33:31 --> Severity: Error --> Cannot redeclare count_digit() (previously declared in F:\FBP.com\application\views\index.php:667) F:\FBP.com\application\views\index.php 667
ERROR - 2019-12-26 12:34:53 --> Severity: Error --> Cannot redeclare count_digit() (previously declared in F:\FBP.com\application\views\index.php:667) F:\FBP.com\application\views\index.php 667
ERROR - 2019-12-26 12:38:44 --> Severity: error --> Exception: Call to a member function money() on null F:\FBP.com\application\views\index.php 303
ERROR - 2019-12-26 12:39:17 --> Severity: error --> Exception: Call to a member function money() on null F:\FBP.com\application\views\index.php 303
ERROR - 2019-12-26 12:39:51 --> Severity: error --> Exception: syntax error, unexpected 'public' (T_PUBLIC), expecting end of file F:\FBP.com\application\libraries\MoneyToword.php 4
ERROR - 2019-12-26 12:40:06 --> Severity: error --> Exception: syntax error, unexpected 'public' (T_PUBLIC), expecting end of file F:\FBP.com\application\libraries\MoneyToword.php 4
ERROR - 2019-12-26 12:40:15 --> Severity: error --> Exception: Call to a member function money() on null F:\FBP.com\application\views\index.php 303
ERROR - 2019-12-26 12:40:54 --> Severity: error --> Exception: Call to a member function money() on null F:\FBP.com\application\views\index.php 305
ERROR - 2019-12-26 12:42:37 --> Severity: error --> Exception: Call to a member function money() on null F:\FBP.com\application\views\index.php 305
ERROR - 2019-12-26 12:42:58 --> Severity: error --> Exception: Too few arguments to function MoneyToword::__construct(), 0 passed in F:\FBP.com\system\core\Loader.php on line 1279 and exactly 1 expected F:\FBP.com\application\libraries\MoneyToword.php 5
ERROR - 2019-12-26 12:45:45 --> Severity: error --> Exception: Call to a member function money1() on null F:\FBP.com\application\views\index.php 305
ERROR - 2019-12-26 12:46:48 --> Severity: error --> Exception: Call to a member function money1() on null F:\FBP.com\application\views\index.php 305
ERROR - 2019-12-26 12:47:59 --> Severity: Error --> Cannot redeclare count_digit() (previously declared in F:\FBP.com\application\views\index.php:667) F:\FBP.com\application\views\index.php 667
ERROR - 2019-12-26 14:17:19 --> Severity: Error --> Cannot redeclare count_digit() (previously declared in F:\FBP.com\application\views\index.php:667) F:\FBP.com\application\views\index.php 667
ERROR - 2019-12-26 14:18:08 --> Severity: Error --> Cannot redeclare count_digit() (previously declared in F:\FBP.com\application\views\index.php:667) F:\FBP.com\application\views\index.php 667
ERROR - 2019-12-26 14:20:28 --> Severity: Error --> Cannot redeclare divider() (previously declared in F:\FBP.com\application\views\index.php:669) F:\FBP.com\application\views\index.php 669
ERROR - 2019-12-26 14:21:49 --> Severity: error --> Exception: Call to undefined function divider() F:\FBP.com\application\views\index.php 677
ERROR - 2019-12-26 14:22:01 --> Severity: Error --> Cannot redeclare divider() (previously declared in F:\FBP.com\application\views\index.php:669) F:\FBP.com\application\views\index.php 669
ERROR - 2019-12-26 14:24:23 --> Severity: error --> Exception: Call to a member function money1() on null F:\FBP.com\application\views\index.php 305
ERROR - 2019-12-26 14:24:41 --> Severity: error --> Exception: Call to a member function money1() on null F:\FBP.com\application\views\index.php 305
ERROR - 2019-12-26 14:24:53 --> Severity: error --> Exception: syntax error, unexpected 'public' (T_PUBLIC), expecting end of file F:\FBP.com\application\libraries\MoneyToword.php 4
ERROR - 2019-12-26 14:26:17 --> Severity: error --> Exception: Call to a member function money1() on null F:\FBP.com\application\views\index.php 305
ERROR - 2019-12-26 14:29:43 --> Severity: error --> Exception: syntax error, unexpected 'else' (T_ELSE), expecting function (T_FUNCTION) or const (T_CONST) F:\FBP.com\application\views\index.php 706
ERROR - 2019-12-26 14:30:47 --> Severity: error --> Exception: syntax error, unexpected 'else' (T_ELSE) F:\FBP.com\application\views\index.php 690
ERROR - 2019-12-26 14:31:05 --> Severity: error --> Exception: syntax error, unexpected 'else' (T_ELSE) F:\FBP.com\application\views\index.php 690
ERROR - 2019-12-26 14:31:27 --> Severity: error --> Exception: syntax error, unexpected 'else' (T_ELSE) F:\FBP.com\application\views\index.php 690
ERROR - 2019-12-26 14:31:41 --> Severity: error --> Exception: syntax error, unexpected 'else' (T_ELSE) F:\FBP.com\application\views\index.php 690
ERROR - 2019-12-26 14:32:28 --> Severity: error --> Exception: syntax error, unexpected 'else' (T_ELSE) F:\FBP.com\application\views\index.php 690
ERROR - 2019-12-26 14:33:14 --> Severity: error --> Exception: syntax error, unexpected 'else' (T_ELSE) F:\FBP.com\application\views\index.php 707
ERROR - 2019-12-26 14:33:33 --> Severity: error --> Exception: syntax error, unexpected 'else' (T_ELSE) F:\FBP.com\application\views\index.php 705
ERROR - 2019-12-26 14:34:09 --> Severity: error --> Exception: syntax error, unexpected 'else' (T_ELSE) F:\FBP.com\application\views\index.php 705
ERROR - 2019-12-26 14:34:16 --> Severity: error --> Exception: syntax error, unexpected 'else' (T_ELSE) F:\FBP.com\application\views\index.php 704
ERROR - 2019-12-26 14:35:06 --> Severity: error --> Exception: syntax error, unexpected 'else' (T_ELSE) F:\FBP.com\application\views\index.php 704
ERROR - 2019-12-26 14:46:07 --> Severity: Error --> Cannot redeclare count_digit() (previously declared in F:\FBP.com\application\views\index.php:667) F:\FBP.com\application\views\index.php 667
ERROR - 2019-12-26 14:46:50 --> Severity: Error --> Cannot redeclare divider() (previously declared in F:\FBP.com\application\views\index.php:671) F:\FBP.com\application\views\index.php 671
ERROR - 2019-12-26 14:47:26 --> Severity: error --> Exception: syntax error, unexpected 'else' (T_ELSE) F:\FBP.com\application\views\index.php 693
ERROR - 2019-12-26 14:47:46 --> Severity: Error --> Cannot redeclare divider() (previously declared in F:\FBP.com\application\views\index.php:671) F:\FBP.com\application\views\index.php 671
ERROR - 2019-12-26 14:49:01 --> Severity: Error --> Cannot redeclare divider() (previously declared in F:\FBP.com\application\views\index.php:671) F:\FBP.com\application\views\index.php 671
ERROR - 2019-12-26 14:49:11 --> Severity: Error --> Cannot redeclare divider() (previously declared in F:\FBP.com\application\views\index.php:671) F:\FBP.com\application\views\index.php 671
ERROR - 2019-12-26 14:49:41 --> Severity: Error --> Cannot redeclare divider() (previously declared in F:\FBP.com\application\views\index.php:671) F:\FBP.com\application\views\index.php 671
ERROR - 2019-12-26 14:51:13 --> Severity: Error --> Cannot redeclare divider() (previously declared in F:\FBP.com\application\views\index.php:671) F:\FBP.com\application\views\index.php 671
ERROR - 2019-12-26 15:04:50 --> Severity: Error --> Cannot redeclare divider() (previously declared in F:\FBP.com\application\views\index.php:671) F:\FBP.com\application\views\index.php 671
ERROR - 2019-12-26 15:04:58 --> Severity: Error --> Cannot redeclare divider() (previously declared in F:\FBP.com\application\views\index.php:671) F:\FBP.com\application\views\index.php 671
ERROR - 2019-12-26 15:05:36 --> Severity: Error --> Cannot redeclare divider() (previously declared in F:\FBP.com\application\views\index.php:671) F:\FBP.com\application\views\index.php 671
ERROR - 2019-12-26 15:06:21 --> Severity: Error --> Cannot redeclare divider() (previously declared in F:\FBP.com\application\views\index.php:671) F:\FBP.com\application\views\index.php 671
ERROR - 2019-12-26 15:06:40 --> Severity: Error --> Cannot redeclare divider() (previously declared in F:\FBP.com\application\views\index.php:671) F:\FBP.com\application\views\index.php 671
ERROR - 2019-12-26 15:07:20 --> Severity: error --> Exception: Call to undefined function divider() F:\FBP.com\application\views\index.php 679
ERROR - 2019-12-26 15:08:12 --> Severity: error --> Exception: Using $this when not in object context F:\FBP.com\application\views\index.php 670
ERROR - 2019-12-26 15:08:52 --> Severity: Error --> Cannot redeclare divider() (previously declared in F:\FBP.com\application\views\index.php:672) F:\FBP.com\application\views\index.php 672
ERROR - 2019-12-26 15:09:44 --> Severity: Error --> Cannot redeclare divider() (previously declared in F:\FBP.com\application\views\index.php:672) F:\FBP.com\application\views\index.php 672
ERROR - 2019-12-26 15:10:15 --> Severity: Error --> Cannot redeclare divider() (previously declared in F:\FBP.com\application\views\index.php:672) F:\FBP.com\application\views\index.php 672
