ERROR - 2020-03-31 00:03:35 --> 404 Page Not Found: 
ERROR - 2020-03-31 00:03:35 --> 404 Page Not Found: 
ERROR - 2020-03-31 00:03:50 --> 404 Page Not Found: 
ERROR - 2020-03-31 00:03:50 --> 404 Page Not Found: 
ERROR - 2020-03-31 00:03:50 --> 404 Page Not Found: 
ERROR - 2020-03-31 00:03:50 --> 404 Page Not Found: 
ERROR - 2020-03-31 00:03:50 --> 404 Page Not Found: 
ERROR - 2020-03-31 00:03:50 --> 404 Page Not Found: 
ERROR - 2020-03-31 00:03:51 --> 404 Page Not Found: 
ERROR - 2020-03-31 00:03:51 --> 404 Page Not Found: 
ERROR - 2020-03-31 00:03:51 --> 404 Page Not Found: 
ERROR - 2020-03-31 00:05:29 --> Severity: error --> Exception: syntax error, unexpected end of file F:\FBP.com\application\views\header.php 167
ERROR - 2020-03-31 00:05:58 --> Severity: error --> Exception: syntax error, unexpected end of file F:\FBP.com\application\views\header.php 167
ERROR - 2020-03-31 00:06:39 --> Severity: error --> Exception: syntax error, unexpected end of file F:\FBP.com\application\views\header.php 168
ERROR - 2020-03-31 00:06:59 --> Severity: error --> Exception: syntax error, unexpected end of file F:\FBP.com\application\views\header.php 168
ERROR - 2020-03-31 00:07:32 --> 404 Page Not Found: 
ERROR - 2020-03-31 00:07:32 --> 404 Page Not Found: 
ERROR - 2020-03-31 00:07:33 --> 404 Page Not Found: 
ERROR - 2020-03-31 00:07:33 --> 404 Page Not Found: 
ERROR - 2020-03-31 00:07:33 --> 404 Page Not Found: 
ERROR - 2020-03-31 00:07:33 --> 404 Page Not Found: 
ERROR - 2020-03-31 00:07:33 --> 404 Page Not Found: 
ERROR - 2020-03-31 00:07:33 --> 404 Page Not Found: 
ERROR - 2020-03-31 00:07:33 --> 404 Page Not Found: 
ERROR - 2020-03-31 00:07:53 --> 404 Page Not Found: 
ERROR - 2020-03-31 00:07:53 --> 404 Page Not Found: 
ERROR - 2020-03-31 00:07:53 --> 404 Page Not Found: 
ERROR - 2020-03-31 00:07:54 --> 404 Page Not Found: 
ERROR - 2020-03-31 00:07:54 --> 404 Page Not Found: 
ERROR - 2020-03-31 00:07:54 --> 404 Page Not Found: 
ERROR - 2020-03-31 00:07:54 --> 404 Page Not Found: 
ERROR - 2020-03-31 00:07:54 --> 404 Page Not Found: 
ERROR - 2020-03-31 00:07:54 --> 404 Page Not Found: 
ERROR - 2020-03-31 00:08:10 --> 404 Page Not Found: 
ERROR - 2020-03-31 00:08:10 --> 404 Page Not Found: 
ERROR - 2020-03-31 00:08:10 --> 404 Page Not Found: 
ERROR - 2020-03-31 00:08:10 --> 404 Page Not Found: 
ERROR - 2020-03-31 00:08:10 --> 404 Page Not Found: 
ERROR - 2020-03-31 00:08:10 --> 404 Page Not Found: 
ERROR - 2020-03-31 00:08:11 --> 404 Page Not Found: 
ERROR - 2020-03-31 00:08:11 --> 404 Page Not Found: 
ERROR - 2020-03-31 00:08:11 --> 404 Page Not Found: 
ERROR - 2020-03-31 00:08:25 --> 404 Page Not Found: 
ERROR - 2020-03-31 00:08:25 --> 404 Page Not Found: 
ERROR - 2020-03-31 00:08:26 --> 404 Page Not Found: 
ERROR - 2020-03-31 00:08:26 --> 404 Page Not Found: 
ERROR - 2020-03-31 00:08:26 --> 404 Page Not Found: 
ERROR - 2020-03-31 00:08:26 --> 404 Page Not Found: 
ERROR - 2020-03-31 00:08:26 --> 404 Page Not Found: 
ERROR - 2020-03-31 00:08:26 --> 404 Page Not Found: 
ERROR - 2020-03-31 00:08:26 --> 404 Page Not Found: 
ERROR - 2020-03-31 00:11:04 --> 404 Page Not Found: 
ERROR - 2020-03-31 00:11:04 --> 404 Page Not Found: 
ERROR - 2020-03-31 00:11:04 --> 404 Page Not Found: 
ERROR - 2020-03-31 00:11:04 --> 404 Page Not Found: 
ERROR - 2020-03-31 00:11:05 --> 404 Page Not Found: 
ERROR - 2020-03-31 00:11:05 --> 404 Page Not Found: 
ERROR - 2020-03-31 00:11:05 --> 404 Page Not Found: 
ERROR - 2020-03-31 00:11:05 --> 404 Page Not Found: 
ERROR - 2020-03-31 00:11:05 --> 404 Page Not Found: 
ERROR - 2020-03-31 00:11:27 --> 404 Page Not Found: 
ERROR - 2020-03-31 00:11:27 --> 404 Page Not Found: 
ERROR - 2020-03-31 00:11:27 --> 404 Page Not Found: 
ERROR - 2020-03-31 00:11:28 --> 404 Page Not Found: 
ERROR - 2020-03-31 00:11:28 --> 404 Page Not Found: 
ERROR - 2020-03-31 00:11:28 --> 404 Page Not Found: 
ERROR - 2020-03-31 00:11:28 --> 404 Page Not Found: 
ERROR - 2020-03-31 00:11:28 --> 404 Page Not Found: 
ERROR - 2020-03-31 00:11:28 --> 404 Page Not Found: 
ERROR - 2020-03-31 00:12:04 --> 404 Page Not Found: 
ERROR - 2020-03-31 00:12:05 --> 404 Page Not Found: 
ERROR - 2020-03-31 00:12:06 --> 404 Page Not Found: 
ERROR - 2020-03-31 00:12:06 --> 404 Page Not Found: 
ERROR - 2020-03-31 00:12:06 --> 404 Page Not Found: 
ERROR - 2020-03-31 00:12:06 --> 404 Page Not Found: 
ERROR - 2020-03-31 00:12:07 --> 404 Page Not Found: 
ERROR - 2020-03-31 00:12:07 --> 404 Page Not Found: 
ERROR - 2020-03-31 00:12:07 --> 404 Page Not Found: 
ERROR - 2020-03-31 00:12:27 --> 404 Page Not Found: 
ERROR - 2020-03-31 00:12:28 --> 404 Page Not Found: 
ERROR - 2020-03-31 00:12:28 --> 404 Page Not Found: 
ERROR - 2020-03-31 00:12:28 --> 404 Page Not Found: 
ERROR - 2020-03-31 00:12:28 --> 404 Page Not Found: 
ERROR - 2020-03-31 00:12:29 --> 404 Page Not Found: 
ERROR - 2020-03-31 00:12:29 --> 404 Page Not Found: 
ERROR - 2020-03-31 00:12:29 --> 404 Page Not Found: 
ERROR - 2020-03-31 00:12:30 --> 404 Page Not Found: 
ERROR - 2020-03-31 11:06:16 --> Severity: Warning --> Invalid argument supplied for foreach() F:\FBP.com\application\controllers\admin\Properties.php 184
ERROR - 2020-03-31 11:10:36 --> Severity: Warning --> Invalid argument supplied for foreach() F:\FBP.com\application\controllers\admin\Properties.php 184
ERROR - 2020-03-31 11:16:35 --> Severity: Warning --> Invalid argument supplied for foreach() F:\FBP.com\application\controllers\admin\Properties.php 184
ERROR - 2020-03-31 11:16:55 --> Severity: Warning --> Invalid argument supplied for foreach() F:\FBP.com\application\controllers\admin\Properties.php 184
ERROR - 2020-03-31 11:22:11 --> Severity: Warning --> filesize(): stat failed for ./uploads/about_us/about-us-031.jpg F:\FBP.com\application\controllers\admin\AboutUs.php 135
ERROR - 2020-03-31 11:23:45 --> Severity: Warning --> Invalid argument supplied for foreach() F:\FBP.com\application\controllers\admin\Properties.php 184
ERROR - 2020-03-31 11:24:32 --> Severity: Warning --> Invalid argument supplied for foreach() F:\FBP.com\application\controllers\admin\Properties.php 184
ERROR - 2020-03-31 11:24:59 --> 404 Page Not Found: 
ERROR - 2020-03-31 11:24:59 --> 404 Page Not Found: 
ERROR - 2020-03-31 11:24:59 --> 404 Page Not Found: 
ERROR - 2020-03-31 11:25:00 --> 404 Page Not Found: 
ERROR - 2020-03-31 11:25:00 --> 404 Page Not Found: 
ERROR - 2020-03-31 11:25:00 --> 404 Page Not Found: 
ERROR - 2020-03-31 11:25:00 --> 404 Page Not Found: 
ERROR - 2020-03-31 11:25:00 --> 404 Page Not Found: 
ERROR - 2020-03-31 11:25:00 --> 404 Page Not Found: 
ERROR - 2020-03-31 11:25:56 --> Severity: Warning --> Invalid argument supplied for foreach() F:\FBP.com\application\controllers\admin\Properties.php 184
ERROR - 2020-03-31 11:26:20 --> Severity: Warning --> Invalid argument supplied for foreach() F:\FBP.com\application\controllers\admin\Properties.php 184
ERROR - 2020-03-31 11:27:22 --> Severity: Warning --> Invalid argument supplied for foreach() F:\FBP.com\application\controllers\admin\Properties.php 184
ERROR - 2020-03-31 11:27:38 --> 404 Page Not Found: 
ERROR - 2020-03-31 11:27:38 --> 404 Page Not Found: 
ERROR - 2020-03-31 11:27:38 --> 404 Page Not Found: 
ERROR - 2020-03-31 11:27:38 --> 404 Page Not Found: 
ERROR - 2020-03-31 11:27:39 --> 404 Page Not Found: 
ERROR - 2020-03-31 11:27:39 --> 404 Page Not Found: 
ERROR - 2020-03-31 11:27:39 --> 404 Page Not Found: 
ERROR - 2020-03-31 11:27:39 --> 404 Page Not Found: 
ERROR - 2020-03-31 11:27:39 --> 404 Page Not Found: 
ERROR - 2020-03-31 17:44:50 --> 404 Page Not Found: 
ERROR - 2020-03-31 17:44:50 --> 404 Page Not Found: 
ERROR - 2020-03-31 17:44:50 --> 404 Page Not Found: 
ERROR - 2020-03-31 17:44:50 --> 404 Page Not Found: 
ERROR - 2020-03-31 17:44:50 --> 404 Page Not Found: 
ERROR - 2020-03-31 17:44:50 --> 404 Page Not Found: 
ERROR - 2020-03-31 17:44:51 --> 404 Page Not Found: 
ERROR - 2020-03-31 17:44:51 --> 404 Page Not Found: 
ERROR - 2020-03-31 17:44:51 --> 404 Page Not Found: 
ERROR - 2020-03-31 17:44:51 --> 404 Page Not Found: 
ERROR - 2020-03-31 17:44:51 --> 404 Page Not Found: 
ERROR - 2020-03-31 17:44:52 --> 404 Page Not Found: 
ERROR - 2020-03-31 17:44:52 --> 404 Page Not Found: 
ERROR - 2020-03-31 17:44:52 --> 404 Page Not Found: 
ERROR - 2020-03-31 17:44:52 --> 404 Page Not Found: 
ERROR - 2020-03-31 17:44:52 --> 404 Page Not Found: 
ERROR - 2020-03-31 17:44:52 --> 404 Page Not Found: 
ERROR - 2020-03-31 17:44:52 --> 404 Page Not Found: 
ERROR - 2020-03-31 17:44:52 --> 404 Page Not Found: 
ERROR - 2020-03-31 17:44:52 --> 404 Page Not Found: 
ERROR - 2020-03-31 17:44:52 --> 404 Page Not Found: 
ERROR - 2020-03-31 17:44:52 --> 404 Page Not Found: 
ERROR - 2020-03-31 17:44:52 --> 404 Page Not Found: 
ERROR - 2020-03-31 17:44:53 --> 404 Page Not Found: 
ERROR - 2020-03-31 17:44:53 --> 404 Page Not Found: 
ERROR - 2020-03-31 17:44:53 --> 404 Page Not Found: 
<<<<<<< HEAD
ERROR - 2020-03-31 18:22:46 --> 404 Page Not Found: 
ERROR - 2020-03-31 18:22:46 --> 404 Page Not Found: 
ERROR - 2020-03-31 18:22:46 --> 404 Page Not Found: 
ERROR - 2020-03-31 18:22:46 --> 404 Page Not Found: 
ERROR - 2020-03-31 18:22:47 --> 404 Page Not Found: 
ERROR - 2020-03-31 18:22:47 --> 404 Page Not Found: 
ERROR - 2020-03-31 18:22:47 --> 404 Page Not Found: 
ERROR - 2020-03-31 18:22:47 --> 404 Page Not Found: 
ERROR - 2020-03-31 18:22:47 --> 404 Page Not Found: 
ERROR - 2020-03-31 19:27:43 --> 404 Page Not Found: 
ERROR - 2020-03-31 19:27:44 --> 404 Page Not Found: 
ERROR - 2020-03-31 19:27:44 --> 404 Page Not Found: 
ERROR - 2020-03-31 19:27:44 --> 404 Page Not Found: 
ERROR - 2020-03-31 19:27:44 --> 404 Page Not Found: 
ERROR - 2020-03-31 19:27:44 --> 404 Page Not Found: 
ERROR - 2020-03-31 19:27:44 --> 404 Page Not Found: 
ERROR - 2020-03-31 19:27:44 --> 404 Page Not Found: 
ERROR - 2020-03-31 19:27:44 --> 404 Page Not Found: 
ERROR - 2020-03-31 19:27:45 --> 404 Page Not Found: 
ERROR - 2020-03-31 19:27:45 --> 404 Page Not Found: 
ERROR - 2020-03-31 19:27:45 --> 404 Page Not Found: 
ERROR - 2020-03-31 19:27:45 --> 404 Page Not Found: 
ERROR - 2020-03-31 19:27:45 --> 404 Page Not Found: 
ERROR - 2020-03-31 19:27:45 --> 404 Page Not Found: 
ERROR - 2020-03-31 19:27:46 --> 404 Page Not Found: 
ERROR - 2020-03-31 19:27:46 --> 404 Page Not Found: 
ERROR - 2020-03-31 19:27:46 --> 404 Page Not Found: 
ERROR - 2020-03-31 19:27:46 --> 404 Page Not Found: 
ERROR - 2020-03-31 19:27:47 --> 404 Page Not Found: 
ERROR - 2020-03-31 19:27:47 --> 404 Page Not Found: 
ERROR - 2020-03-31 19:27:47 --> 404 Page Not Found: 
ERROR - 2020-03-31 19:27:47 --> 404 Page Not Found: 
ERROR - 2020-03-31 19:27:47 --> 404 Page Not Found: 
ERROR - 2020-03-31 19:27:47 --> 404 Page Not Found: 
ERROR - 2020-03-31 19:27:47 --> 404 Page Not Found: 
ERROR - 2020-03-31 19:48:41 --> Severity: Warning --> Invalid argument supplied for foreach() F:\FBP.com\application\controllers\admin\Properties.php 184
ERROR - 2020-03-31 19:48:58 --> 404 Page Not Found: 
ERROR - 2020-03-31 19:48:58 --> 404 Page Not Found: 
ERROR - 2020-03-31 19:48:58 --> 404 Page Not Found: 
ERROR - 2020-03-31 19:48:58 --> 404 Page Not Found: 
ERROR - 2020-03-31 19:48:58 --> 404 Page Not Found: 
ERROR - 2020-03-31 19:48:59 --> 404 Page Not Found: 
ERROR - 2020-03-31 19:48:59 --> 404 Page Not Found: 
ERROR - 2020-03-31 19:48:59 --> 404 Page Not Found: 
ERROR - 2020-03-31 19:49:39 --> 404 Page Not Found: 
ERROR - 2020-03-31 19:49:39 --> 404 Page Not Found: 
ERROR - 2020-03-31 19:49:39 --> 404 Page Not Found: 
ERROR - 2020-03-31 19:49:39 --> 404 Page Not Found: 
ERROR - 2020-03-31 19:49:39 --> 404 Page Not Found: 
ERROR - 2020-03-31 19:55:11 --> 404 Page Not Found: 
ERROR - 2020-03-31 19:55:11 --> 404 Page Not Found: 
ERROR - 2020-03-31 19:55:12 --> 404 Page Not Found: 
ERROR - 2020-03-31 19:55:12 --> 404 Page Not Found: 
ERROR - 2020-03-31 19:55:12 --> 404 Page Not Found: 
ERROR - 2020-03-31 19:55:34 --> 404 Page Not Found: 
ERROR - 2020-03-31 19:55:34 --> 404 Page Not Found: 
ERROR - 2020-03-31 19:55:34 --> 404 Page Not Found: 
ERROR - 2020-03-31 19:55:34 --> 404 Page Not Found: 
ERROR - 2020-03-31 19:55:34 --> 404 Page Not Found: 
=======
ERROR - 2020-03-31 19:35:08 --> 404 Page Not Found: 
ERROR - 2020-03-31 19:35:48 --> Severity: error --> Exception: Object of class CI_URI could not be converted to string F:\SDS\FBP.com\application\views\header.php 57
ERROR - 2020-03-31 19:37:29 --> 404 Page Not Found: 
ERROR - 2020-03-31 19:44:53 --> 404 Page Not Found: 
ERROR - 2020-03-31 19:45:17 --> 404 Page Not Found: 
ERROR - 2020-03-31 19:46:12 --> 404 Page Not Found: 
ERROR - 2020-03-31 19:46:34 --> 404 Page Not Found: 
ERROR - 2020-03-31 19:51:34 --> 404 Page Not Found: 
>>>>>>> 23ab0a9da04f2e33b2efe6a55b89a1ae6a683b09
ERROR - 2020-03-31 19:59:37 --> 404 Page Not Found: 
ERROR - 2020-03-31 19:59:37 --> 404 Page Not Found: 
ERROR - 2020-03-31 19:59:38 --> 404 Page Not Found: 
ERROR - 2020-03-31 19:59:38 --> 404 Page Not Found: 
ERROR - 2020-03-31 19:59:38 --> 404 Page Not Found: 
ERROR - 2020-03-31 19:59:38 --> 404 Page Not Found: 
ERROR - 2020-03-31 19:59:38 --> 404 Page Not Found: 
ERROR - 2020-03-31 19:59:38 --> 404 Page Not Found: 
ERROR - 2020-03-31 19:59:38 --> 404 Page Not Found: 
ERROR - 2020-03-31 19:59:39 --> 404 Page Not Found: 
ERROR - 2020-03-31 19:59:39 --> 404 Page Not Found: 
ERROR - 2020-03-31 19:59:39 --> 404 Page Not Found: 
ERROR - 2020-03-31 19:59:39 --> 404 Page Not Found: 
ERROR - 2020-03-31 19:59:40 --> 404 Page Not Found: 
ERROR - 2020-03-31 19:59:40 --> 404 Page Not Found: 
ERROR - 2020-03-31 19:59:40 --> 404 Page Not Found: 
ERROR - 2020-03-31 19:59:40 --> 404 Page Not Found: 
ERROR - 2020-03-31 19:59:40 --> 404 Page Not Found: 
ERROR - 2020-03-31 19:59:40 --> 404 Page Not Found: 
ERROR - 2020-03-31 19:59:40 --> 404 Page Not Found: 
ERROR - 2020-03-31 19:59:40 --> 404 Page Not Found: 
ERROR - 2020-03-31 19:59:41 --> 404 Page Not Found: 
ERROR - 2020-03-31 19:59:41 --> 404 Page Not Found: 
ERROR - 2020-03-31 19:59:41 --> 404 Page Not Found: 
ERROR - 2020-03-31 19:59:41 --> 404 Page Not Found: 
ERROR - 2020-03-31 19:59:41 --> 404 Page Not Found: 
ERROR - 2020-03-31 20:00:03 --> 404 Page Not Found: 
ERROR - 2020-03-31 20:00:04 --> 404 Page Not Found: 
ERROR - 2020-03-31 20:00:04 --> 404 Page Not Found: 
ERROR - 2020-03-31 20:00:04 --> 404 Page Not Found: 
ERROR - 2020-03-31 20:00:04 --> 404 Page Not Found: 
ERROR - 2020-03-31 20:00:04 --> 404 Page Not Found: 
ERROR - 2020-03-31 20:00:04 --> 404 Page Not Found: 
ERROR - 2020-03-31 20:00:04 --> 404 Page Not Found: 
ERROR - 2020-03-31 20:00:04 --> 404 Page Not Found: 
ERROR - 2020-03-31 20:00:07 --> 404 Page Not Found: 
ERROR - 2020-03-31 20:00:08 --> 404 Page Not Found: 
ERROR - 2020-03-31 20:00:08 --> 404 Page Not Found: 
ERROR - 2020-03-31 20:00:08 --> 404 Page Not Found: 
ERROR - 2020-03-31 20:00:08 --> 404 Page Not Found: 
ERROR - 2020-03-31 20:00:08 --> 404 Page Not Found: 
ERROR - 2020-03-31 20:00:09 --> 404 Page Not Found: 
ERROR - 2020-03-31 20:00:09 --> 404 Page Not Found: 
ERROR - 2020-03-31 20:00:09 --> 404 Page Not Found: 
ERROR - 2020-03-31 20:00:09 --> 404 Page Not Found: 
ERROR - 2020-03-31 20:00:09 --> 404 Page Not Found: 
ERROR - 2020-03-31 20:00:09 --> 404 Page Not Found: 
ERROR - 2020-03-31 20:00:10 --> 404 Page Not Found: 
ERROR - 2020-03-31 20:00:10 --> 404 Page Not Found: 
ERROR - 2020-03-31 20:00:10 --> 404 Page Not Found: 
ERROR - 2020-03-31 20:00:10 --> 404 Page Not Found: 
ERROR - 2020-03-31 20:00:10 --> 404 Page Not Found: 
ERROR - 2020-03-31 20:00:16 --> 404 Page Not Found: 
ERROR - 2020-03-31 20:00:30 --> 404 Page Not Found: 
ERROR - 2020-03-31 20:00:30 --> 404 Page Not Found: 
ERROR - 2020-03-31 20:00:30 --> 404 Page Not Found: 
ERROR - 2020-03-31 20:00:30 --> 404 Page Not Found: 
ERROR - 2020-03-31 20:00:30 --> 404 Page Not Found: 
ERROR - 2020-03-31 20:00:30 --> 404 Page Not Found: 
ERROR - 2020-03-31 20:00:30 --> 404 Page Not Found: 
ERROR - 2020-03-31 20:00:30 --> 404 Page Not Found: 
ERROR - 2020-03-31 20:00:54 --> 404 Page Not Found: 
ERROR - 2020-03-31 20:00:54 --> 404 Page Not Found: 
ERROR - 2020-03-31 20:00:54 --> 404 Page Not Found: 
ERROR - 2020-03-31 20:00:54 --> 404 Page Not Found: 
ERROR - 2020-03-31 20:00:54 --> 404 Page Not Found: 
ERROR - 2020-03-31 20:00:55 --> 404 Page Not Found: 
ERROR - 2020-03-31 20:00:55 --> 404 Page Not Found: 
ERROR - 2020-03-31 20:00:55 --> 404 Page Not Found: 
ERROR - 2020-03-31 20:00:55 --> 404 Page Not Found: 
ERROR - 2020-03-31 20:00:55 --> 404 Page Not Found: 
ERROR - 2020-03-31 20:00:56 --> 404 Page Not Found: 
ERROR - 2020-03-31 20:00:56 --> 404 Page Not Found: 
ERROR - 2020-03-31 20:00:56 --> 404 Page Not Found: 
ERROR - 2020-03-31 20:00:56 --> 404 Page Not Found: 
ERROR - 2020-03-31 20:00:56 --> 404 Page Not Found: 
ERROR - 2020-03-31 20:00:57 --> 404 Page Not Found: 
ERROR - 2020-03-31 20:00:57 --> 404 Page Not Found: 
ERROR - 2020-03-31 20:00:57 --> 404 Page Not Found: 
ERROR - 2020-03-31 20:00:58 --> 404 Page Not Found: 
ERROR - 2020-03-31 20:00:58 --> 404 Page Not Found: 
ERROR - 2020-03-31 20:00:58 --> 404 Page Not Found: 
ERROR - 2020-03-31 20:00:58 --> 404 Page Not Found: 
ERROR - 2020-03-31 20:00:58 --> 404 Page Not Found: 
ERROR - 2020-03-31 20:00:58 --> 404 Page Not Found: 
ERROR - 2020-03-31 20:01:13 --> 404 Page Not Found: 
ERROR - 2020-03-31 20:01:13 --> 404 Page Not Found: 
ERROR - 2020-03-31 20:01:13 --> 404 Page Not Found: 
ERROR - 2020-03-31 20:01:13 --> 404 Page Not Found: 
ERROR - 2020-03-31 20:01:14 --> 404 Page Not Found: 
ERROR - 2020-03-31 20:01:14 --> 404 Page Not Found: 
ERROR - 2020-03-31 20:01:14 --> 404 Page Not Found: 
ERROR - 2020-03-31 20:01:14 --> 404 Page Not Found: 
ERROR - 2020-03-31 20:01:14 --> 404 Page Not Found: 
ERROR - 2020-03-31 20:01:15 --> 404 Page Not Found: 
ERROR - 2020-03-31 20:01:15 --> 404 Page Not Found: 
ERROR - 2020-03-31 20:01:15 --> 404 Page Not Found: 
ERROR - 2020-03-31 20:01:15 --> 404 Page Not Found: 
ERROR - 2020-03-31 20:01:16 --> 404 Page Not Found: 
ERROR - 2020-03-31 20:01:16 --> 404 Page Not Found: 
ERROR - 2020-03-31 20:01:16 --> 404 Page Not Found: 
ERROR - 2020-03-31 20:01:16 --> 404 Page Not Found: 
ERROR - 2020-03-31 20:01:17 --> 404 Page Not Found: 
ERROR - 2020-03-31 20:01:17 --> 404 Page Not Found: 
ERROR - 2020-03-31 20:01:17 --> 404 Page Not Found: 
ERROR - 2020-03-31 20:01:17 --> 404 Page Not Found: 
ERROR - 2020-03-31 20:01:18 --> 404 Page Not Found: 
ERROR - 2020-03-31 20:01:18 --> 404 Page Not Found: 
ERROR - 2020-03-31 20:01:18 --> 404 Page Not Found: 
ERROR - 2020-03-31 20:01:18 --> 404 Page Not Found: 
ERROR - 2020-03-31 20:01:18 --> 404 Page Not Found: 
ERROR - 2020-03-31 20:04:19 --> 404 Page Not Found: 
ERROR - 2020-03-31 20:04:19 --> 404 Page Not Found: 
ERROR - 2020-03-31 20:04:19 --> 404 Page Not Found: 
ERROR - 2020-03-31 20:04:19 --> 404 Page Not Found: 
ERROR - 2020-03-31 20:04:20 --> 404 Page Not Found: 
ERROR - 2020-03-31 20:04:20 --> 404 Page Not Found: 
ERROR - 2020-03-31 20:04:20 --> 404 Page Not Found: 
ERROR - 2020-03-31 20:04:20 --> 404 Page Not Found: 
ERROR - 2020-03-31 20:04:24 --> 404 Page Not Found: 
ERROR - 2020-03-31 20:04:25 --> 404 Page Not Found: 
ERROR - 2020-03-31 20:04:25 --> 404 Page Not Found: 
ERROR - 2020-03-31 20:04:34 --> Severity: Warning --> A non-numeric value encountered F:\FBP.com\application\models\Home_model.php 98
ERROR - 2020-03-31 20:04:34 --> Query error: You have an error in your SQL syntax; check the manual that corresponds to your MariaDB server version for the right syntax to use near '-10, 10' at line 18 - Invalid query: SELECT DISTINCT `p`.*, `c`.`name` as `city_name`, `ps`.`name` as `property_status`, `pt`.`name` as `prop_type`, `b`.`name` as `builder`, `l`.`name` as `location`
FROM `properties` `p`
LEFT JOIN `cities` `c` ON `p`.`city_id` = `c`.`id`
LEFT JOIN `builders` `b` ON `p`.`builder_id` = `b`.`id`
LEFT JOIN `locations` `l` ON `p`.`location_id` = `l`.`id`
LEFT JOIN `property_types` `pt` ON `p`.`property_type_id` = `pt`.`id`
LEFT JOIN `property_status` `ps` ON `p`.`property_status_id` = `ps`.`id`
LEFT JOIN `property_amenities` `pa` ON `pa`.`property_id` = `p`.`id`
WHERE   (
`c`.`name` LIKE '%Hebbal%' ESCAPE '!'
OR  `pt`.`name` LIKE '%Hebbal%' ESCAPE '!'
OR  `b`.`name` LIKE '%Hebbal%' ESCAPE '!'
OR  `l`.`name` LIKE '%Hebbal%' ESCAPE '!'
OR  `p`.`title` LIKE '%Hebbal%' ESCAPE '!'
 )
AND `p`.`status` = 1
ORDER BY `p`.`id` DESC
 LIMIT -10, 10
ERROR - 2020-03-31 20:04:48 --> 404 Page Not Found: 
ERROR - 2020-03-31 20:04:48 --> 404 Page Not Found: 
ERROR - 2020-03-31 20:04:48 --> 404 Page Not Found: 
ERROR - 2020-03-31 20:14:24 --> 404 Page Not Found: 
ERROR - 2020-03-31 20:14:25 --> 404 Page Not Found: 
ERROR - 2020-03-31 20:14:25 --> 404 Page Not Found: 
ERROR - 2020-03-31 20:15:15 --> 404 Page Not Found: 
ERROR - 2020-03-31 20:15:15 --> 404 Page Not Found: 
ERROR - 2020-03-31 20:15:15 --> 404 Page Not Found: 
ERROR - 2020-03-31 20:18:10 --> 404 Page Not Found: 
ERROR - 2020-03-31 20:18:10 --> 404 Page Not Found: 
ERROR - 2020-03-31 20:18:10 --> 404 Page Not Found: 
ERROR - 2020-03-31 20:18:30 --> 404 Page Not Found: 
ERROR - 2020-03-31 20:19:00 --> 404 Page Not Found: 
ERROR - 2020-03-31 20:19:00 --> 404 Page Not Found: 
ERROR - 2020-03-31 20:19:00 --> 404 Page Not Found: 
ERROR - 2020-03-31 20:19:01 --> 404 Page Not Found: 
ERROR - 2020-03-31 20:19:01 --> 404 Page Not Found: 
ERROR - 2020-03-31 20:19:01 --> 404 Page Not Found: 
ERROR - 2020-03-31 20:19:01 --> 404 Page Not Found: 
ERROR - 2020-03-31 20:19:01 --> 404 Page Not Found: 
ERROR - 2020-03-31 20:19:01 --> 404 Page Not Found: 
ERROR - 2020-03-31 20:19:02 --> 404 Page Not Found: 
ERROR - 2020-03-31 20:19:02 --> 404 Page Not Found: 
ERROR - 2020-03-31 20:19:02 --> 404 Page Not Found: 
ERROR - 2020-03-31 20:19:02 --> 404 Page Not Found: 
ERROR - 2020-03-31 20:19:02 --> 404 Page Not Found: 
ERROR - 2020-03-31 20:19:03 --> 404 Page Not Found: 
ERROR - 2020-03-31 20:19:03 --> 404 Page Not Found: 
ERROR - 2020-03-31 20:19:03 --> 404 Page Not Found: 
ERROR - 2020-03-31 20:19:03 --> 404 Page Not Found: 
ERROR - 2020-03-31 20:19:04 --> 404 Page Not Found: 
ERROR - 2020-03-31 20:19:04 --> 404 Page Not Found: 
ERROR - 2020-03-31 20:19:04 --> 404 Page Not Found: 
ERROR - 2020-03-31 20:19:04 --> 404 Page Not Found: 
ERROR - 2020-03-31 20:19:05 --> 404 Page Not Found: 
ERROR - 2020-03-31 20:19:05 --> 404 Page Not Found: 
ERROR - 2020-03-31 20:19:05 --> 404 Page Not Found: 
ERROR - 2020-03-31 20:19:05 --> 404 Page Not Found: 
ERROR - 2020-03-31 20:19:17 --> 404 Page Not Found: 
ERROR - 2020-03-31 20:19:30 --> 404 Page Not Found: 
ERROR - 2020-03-31 20:19:30 --> 404 Page Not Found: 
ERROR - 2020-03-31 20:19:30 --> 404 Page Not Found: 
ERROR - 2020-03-31 20:19:30 --> 404 Page Not Found: 
ERROR - 2020-03-31 20:19:30 --> 404 Page Not Found: 
ERROR - 2020-03-31 20:19:31 --> 404 Page Not Found: 
ERROR - 2020-03-31 20:19:31 --> 404 Page Not Found: 
ERROR - 2020-03-31 20:19:31 --> 404 Page Not Found: 
ERROR - 2020-03-31 21:01:58 --> Severity: Warning --> Division by zero F:\FBP.com\application\core\Public_Controller.php 49
ERROR - 2020-03-31 21:02:25 --> 404 Page Not Found: 
ERROR - 2020-03-31 21:02:25 --> 404 Page Not Found: 
ERROR - 2020-03-31 21:02:25 --> 404 Page Not Found: 
ERROR - 2020-03-31 21:02:25 --> 404 Page Not Found: 
ERROR - 2020-03-31 21:02:25 --> 404 Page Not Found: 
ERROR - 2020-03-31 21:06:17 --> Severity: Warning --> Division by zero F:\FBP.com\application\core\Public_Controller.php 49
ERROR - 2020-03-31 21:06:59 --> 404 Page Not Found: 
ERROR - 2020-03-31 21:06:59 --> 404 Page Not Found: 
ERROR - 2020-03-31 21:06:59 --> 404 Page Not Found: 
ERROR - 2020-03-31 21:06:59 --> 404 Page Not Found: 
ERROR - 2020-03-31 21:06:59 --> 404 Page Not Found: 
ERROR - 2020-03-31 21:09:38 --> Severity: Warning --> Division by zero F:\FBP.com\application\core\Public_Controller.php 49
ERROR - 2020-03-31 21:10:14 --> 404 Page Not Found: 
ERROR - 2020-03-31 21:10:15 --> 404 Page Not Found: 
ERROR - 2020-03-31 21:10:15 --> 404 Page Not Found: 
ERROR - 2020-03-31 21:10:15 --> 404 Page Not Found: 
ERROR - 2020-03-31 21:10:18 --> 404 Page Not Found: 
ERROR - 2020-03-31 21:10:37 --> Severity: Warning --> Division by zero F:\FBP.com\application\core\Public_Controller.php 49
ERROR - 2020-03-31 21:11:00 --> 404 Page Not Found: 
ERROR - 2020-03-31 21:11:01 --> 404 Page Not Found: 
ERROR - 2020-03-31 21:11:02 --> 404 Page Not Found: 
ERROR - 2020-03-31 21:11:02 --> 404 Page Not Found: 
ERROR - 2020-03-31 21:11:02 --> 404 Page Not Found: 
ERROR - 2020-03-31 21:11:03 --> 404 Page Not Found: 
ERROR - 2020-03-31 21:11:03 --> 404 Page Not Found: 
ERROR - 2020-03-31 21:11:03 --> 404 Page Not Found: 
ERROR - 2020-03-31 21:11:24 --> Severity: Warning --> Division by zero F:\FBP.com\application\core\Public_Controller.php 49
ERROR - 2020-03-31 21:11:54 --> 404 Page Not Found: 
ERROR - 2020-03-31 21:11:56 --> 404 Page Not Found: 
ERROR - 2020-03-31 21:11:58 --> 404 Page Not Found: 
ERROR - 2020-03-31 21:11:58 --> 404 Page Not Found: 
ERROR - 2020-03-31 21:11:58 --> 404 Page Not Found: 
ERROR - 2020-03-31 21:12:42 --> Severity: Warning --> Division by zero F:\FBP.com\application\core\Public_Controller.php 49
ERROR - 2020-03-31 21:12:54 --> Severity: Warning --> Division by zero F:\FBP.com\application\core\Public_Controller.php 49
ERROR - 2020-03-31 21:13:22 --> Severity: Warning --> Division by zero F:\FBP.com\application\core\Public_Controller.php 49
ERROR - 2020-03-31 21:13:55 --> 404 Page Not Found: 
ERROR - 2020-03-31 21:13:56 --> 404 Page Not Found: 
ERROR - 2020-03-31 21:13:56 --> 404 Page Not Found: 
ERROR - 2020-03-31 21:13:56 --> 404 Page Not Found: 
ERROR - 2020-03-31 21:13:56 --> 404 Page Not Found: 
ERROR - 2020-03-31 21:20:13 --> Severity: Warning --> Division by zero F:\FBP.com\application\core\Public_Controller.php 49
ERROR - 2020-03-31 21:20:47 --> 404 Page Not Found: 
ERROR - 2020-03-31 21:20:48 --> 404 Page Not Found: 
ERROR - 2020-03-31 21:20:50 --> 404 Page Not Found: 
ERROR - 2020-03-31 21:20:50 --> 404 Page Not Found: 
ERROR - 2020-03-31 21:20:51 --> 404 Page Not Found: 
ERROR - 2020-03-31 21:23:12 --> Severity: Warning --> Division by zero F:\FBP.com\application\core\Public_Controller.php 49
ERROR - 2020-03-31 21:23:48 --> 404 Page Not Found: 
ERROR - 2020-03-31 21:23:48 --> 404 Page Not Found: 
ERROR - 2020-03-31 21:23:48 --> 404 Page Not Found: 
ERROR - 2020-03-31 21:23:49 --> 404 Page Not Found: 
ERROR - 2020-03-31 21:23:49 --> 404 Page Not Found: 
ERROR - 2020-03-31 21:24:36 --> Severity: Warning --> Division by zero F:\FBP.com\application\core\Public_Controller.php 49
ERROR - 2020-03-31 21:25:00 --> 404 Page Not Found: 
ERROR - 2020-03-31 21:25:00 --> 404 Page Not Found: 
ERROR - 2020-03-31 21:25:00 --> 404 Page Not Found: 
ERROR - 2020-03-31 21:25:00 --> 404 Page Not Found: 
ERROR - 2020-03-31 21:25:00 --> 404 Page Not Found: 
ERROR - 2020-03-31 21:26:16 --> 404 Page Not Found: 
ERROR - 2020-03-31 21:26:17 --> 404 Page Not Found: 
ERROR - 2020-03-31 21:26:18 --> 404 Page Not Found: 
ERROR - 2020-03-31 21:26:18 --> 404 Page Not Found: 
ERROR - 2020-03-31 21:26:18 --> 404 Page Not Found: 
ERROR - 2020-03-31 21:26:18 --> 404 Page Not Found: 
ERROR - 2020-03-31 21:26:18 --> 404 Page Not Found: 
ERROR - 2020-03-31 21:26:18 --> 404 Page Not Found: 
ERROR - 2020-03-31 21:26:38 --> 404 Page Not Found: 
ERROR - 2020-03-31 21:26:39 --> 404 Page Not Found: 
ERROR - 2020-03-31 21:26:39 --> 404 Page Not Found: 
ERROR - 2020-03-31 21:28:54 --> Severity: Warning --> A non-numeric value encountered F:\FBP.com\application\models\Home_model.php 98
ERROR - 2020-03-31 21:28:54 --> Query error: You have an error in your SQL syntax; check the manual that corresponds to your MariaDB server version for the right syntax to use near '-10, 10' at line 18 - Invalid query: SELECT DISTINCT `p`.*, `c`.`name` as `city_name`, `ps`.`name` as `property_status`, `pt`.`name` as `prop_type`, `b`.`name` as `builder`, `l`.`name` as `location`
FROM `properties` `p`
LEFT JOIN `cities` `c` ON `p`.`city_id` = `c`.`id`
LEFT JOIN `builders` `b` ON `p`.`builder_id` = `b`.`id`
LEFT JOIN `locations` `l` ON `p`.`location_id` = `l`.`id`
LEFT JOIN `property_types` `pt` ON `p`.`property_type_id` = `pt`.`id`
LEFT JOIN `property_status` `ps` ON `p`.`property_status_id` = `ps`.`id`
LEFT JOIN `property_amenities` `pa` ON `pa`.`property_id` = `p`.`id`
WHERE   (
`c`.`name` LIKE '%Hebbal%' ESCAPE '!'
OR  `pt`.`name` LIKE '%Hebbal%' ESCAPE '!'
OR  `b`.`name` LIKE '%Hebbal%' ESCAPE '!'
OR  `l`.`name` LIKE '%Hebbal%' ESCAPE '!'
OR  `p`.`title` LIKE '%Hebbal%' ESCAPE '!'
 )
AND `p`.`status` = 1
ORDER BY `p`.`id` DESC
 LIMIT -10, 10
ERROR - 2020-03-31 21:29:14 --> Severity: Warning --> A non-numeric value encountered F:\FBP.com\application\models\Home_model.php 98
ERROR - 2020-03-31 21:29:14 --> Query error: You have an error in your SQL syntax; check the manual that corresponds to your MariaDB server version for the right syntax to use near '-10, 10' at line 18 - Invalid query: SELECT DISTINCT `p`.*, `c`.`name` as `city_name`, `ps`.`name` as `property_status`, `pt`.`name` as `prop_type`, `b`.`name` as `builder`, `l`.`name` as `location`
FROM `properties` `p`
LEFT JOIN `cities` `c` ON `p`.`city_id` = `c`.`id`
LEFT JOIN `builders` `b` ON `p`.`builder_id` = `b`.`id`
LEFT JOIN `locations` `l` ON `p`.`location_id` = `l`.`id`
LEFT JOIN `property_types` `pt` ON `p`.`property_type_id` = `pt`.`id`
LEFT JOIN `property_status` `ps` ON `p`.`property_status_id` = `ps`.`id`
LEFT JOIN `property_amenities` `pa` ON `pa`.`property_id` = `p`.`id`
WHERE   (
`c`.`name` LIKE '%Hebbal%' ESCAPE '!'
OR  `pt`.`name` LIKE '%Hebbal%' ESCAPE '!'
OR  `b`.`name` LIKE '%Hebbal%' ESCAPE '!'
OR  `l`.`name` LIKE '%Hebbal%' ESCAPE '!'
OR  `p`.`title` LIKE '%Hebbal%' ESCAPE '!'
 )
AND `p`.`status` = 1
ORDER BY `p`.`id` DESC
 LIMIT -10, 10
ERROR - 2020-03-31 21:42:26 --> 404 Page Not Found: 
ERROR - 2020-03-31 21:42:26 --> 404 Page Not Found: 
ERROR - 2020-03-31 21:42:26 --> 404 Page Not Found: 
ERROR - 2020-03-31 21:42:43 --> 404 Page Not Found: 
ERROR - 2020-03-31 21:42:43 --> 404 Page Not Found: 
ERROR - 2020-03-31 21:42:43 --> 404 Page Not Found: 
ERROR - 2020-03-31 21:43:50 --> 404 Page Not Found: 
ERROR - 2020-03-31 21:43:51 --> 404 Page Not Found: 
ERROR - 2020-03-31 21:43:51 --> 404 Page Not Found: 
ERROR - 2020-03-31 22:07:37 --> 404 Page Not Found: 
ERROR - 2020-03-31 22:07:38 --> 404 Page Not Found: 
ERROR - 2020-03-31 22:07:38 --> 404 Page Not Found: 
ERROR - 2020-03-31 22:21:54 --> 404 Page Not Found: 
ERROR - 2020-03-31 22:21:54 --> 404 Page Not Found: 
ERROR - 2020-03-31 22:21:54 --> 404 Page Not Found: 
ERROR - 2020-03-31 22:23:19 --> 404 Page Not Found: 
ERROR - 2020-03-31 22:23:19 --> 404 Page Not Found: 
ERROR - 2020-03-31 22:23:19 --> 404 Page Not Found: 
ERROR - 2020-03-31 22:23:19 --> 404 Page Not Found: 
ERROR - 2020-03-31 22:23:19 --> 404 Page Not Found: 
ERROR - 2020-03-31 22:23:19 --> 404 Page Not Found: 
ERROR - 2020-03-31 22:23:19 --> 404 Page Not Found: 
ERROR - 2020-03-31 22:23:19 --> 404 Page Not Found: 
ERROR - 2020-03-31 22:23:45 --> 404 Page Not Found: 
ERROR - 2020-03-31 22:23:45 --> 404 Page Not Found: 
ERROR - 2020-03-31 22:23:45 --> 404 Page Not Found: 
ERROR - 2020-03-31 22:23:46 --> 404 Page Not Found: 
ERROR - 2020-03-31 22:23:46 --> 404 Page Not Found: 
ERROR - 2020-03-31 22:23:46 --> 404 Page Not Found: 
ERROR - 2020-03-31 22:23:46 --> 404 Page Not Found: 
ERROR - 2020-03-31 22:23:46 --> 404 Page Not Found: 
ERROR - 2020-03-31 22:24:20 --> 404 Page Not Found: 
ERROR - 2020-03-31 22:24:20 --> 404 Page Not Found: 
ERROR - 2020-03-31 22:24:20 --> 404 Page Not Found: 
ERROR - 2020-03-31 22:24:20 --> 404 Page Not Found: 
ERROR - 2020-03-31 22:24:20 --> 404 Page Not Found: 
ERROR - 2020-03-31 22:24:20 --> 404 Page Not Found: 
ERROR - 2020-03-31 22:24:20 --> 404 Page Not Found: 
ERROR - 2020-03-31 22:24:20 --> 404 Page Not Found: 
ERROR - 2020-03-31 22:26:27 --> 404 Page Not Found: 
ERROR - 2020-03-31 22:26:27 --> 404 Page Not Found: 
ERROR - 2020-03-31 22:26:27 --> 404 Page Not Found: 
ERROR - 2020-03-31 22:26:28 --> 404 Page Not Found: 
ERROR - 2020-03-31 22:26:28 --> 404 Page Not Found: 
ERROR - 2020-03-31 22:26:28 --> 404 Page Not Found: 
ERROR - 2020-03-31 22:26:28 --> 404 Page Not Found: 
ERROR - 2020-03-31 22:26:28 --> 404 Page Not Found: 
ERROR - 2020-03-31 22:26:52 --> 404 Page Not Found: 
ERROR - 2020-03-31 22:26:52 --> 404 Page Not Found: 
ERROR - 2020-03-31 22:26:52 --> 404 Page Not Found: 
ERROR - 2020-03-31 22:27:59 --> 404 Page Not Found: 
ERROR - 2020-03-31 22:27:59 --> 404 Page Not Found: 
ERROR - 2020-03-31 22:27:59 --> 404 Page Not Found: 
ERROR - 2020-03-31 22:28:16 --> 404 Page Not Found: 
ERROR - 2020-03-31 22:28:16 --> 404 Page Not Found: 
ERROR - 2020-03-31 22:28:16 --> 404 Page Not Found: 
ERROR - 2020-03-31 22:28:44 --> 404 Page Not Found: 
ERROR - 2020-03-31 22:28:44 --> 404 Page Not Found: 
ERROR - 2020-03-31 22:28:44 --> 404 Page Not Found: 
ERROR - 2020-03-31 22:28:50 --> 404 Page Not Found: 
ERROR - 2020-03-31 22:28:50 --> 404 Page Not Found: 
ERROR - 2020-03-31 22:28:50 --> 404 Page Not Found: 
ERROR - 2020-03-31 22:29:07 --> 404 Page Not Found: 
ERROR - 2020-03-31 22:29:07 --> 404 Page Not Found: 
ERROR - 2020-03-31 22:29:08 --> 404 Page Not Found: 
ERROR - 2020-03-31 22:29:17 --> 404 Page Not Found: 
ERROR - 2020-03-31 22:29:17 --> 404 Page Not Found: 
ERROR - 2020-03-31 22:29:17 --> 404 Page Not Found: 
ERROR - 2020-03-31 22:29:23 --> 404 Page Not Found: 
ERROR - 2020-03-31 22:29:23 --> 404 Page Not Found: 
ERROR - 2020-03-31 22:29:24 --> 404 Page Not Found: 
ERROR - 2020-03-31 22:29:36 --> 404 Page Not Found: 
ERROR - 2020-03-31 22:29:36 --> 404 Page Not Found: 
ERROR - 2020-03-31 22:29:36 --> 404 Page Not Found: 
ERROR - 2020-03-31 22:29:41 --> 404 Page Not Found: 
ERROR - 2020-03-31 22:29:41 --> 404 Page Not Found: 
ERROR - 2020-03-31 22:29:41 --> 404 Page Not Found: 
ERROR - 2020-03-31 22:29:54 --> 404 Page Not Found: 
ERROR - 2020-03-31 22:29:54 --> 404 Page Not Found: 
ERROR - 2020-03-31 22:29:54 --> 404 Page Not Found: 
ERROR - 2020-03-31 22:30:05 --> 404 Page Not Found: 
ERROR - 2020-03-31 22:30:05 --> 404 Page Not Found: 
ERROR - 2020-03-31 22:30:05 --> 404 Page Not Found: 
ERROR - 2020-03-31 22:30:08 --> 404 Page Not Found: 
ERROR - 2020-03-31 22:30:08 --> 404 Page Not Found: 
ERROR - 2020-03-31 22:30:08 --> 404 Page Not Found: 
ERROR - 2020-03-31 23:27:35 --> 404 Page Not Found: 
ERROR - 2020-03-31 23:27:35 --> 404 Page Not Found: 
ERROR - 2020-03-31 23:27:35 --> 404 Page Not Found: 
ERROR - 2020-03-31 23:27:39 --> 404 Page Not Found: 
ERROR - 2020-03-31 23:27:40 --> 404 Page Not Found: 
ERROR - 2020-03-31 23:27:40 --> 404 Page Not Found: 
ERROR - 2020-03-31 23:27:45 --> 404 Page Not Found: 
ERROR - 2020-03-31 23:27:45 --> 404 Page Not Found: 
ERROR - 2020-03-31 23:27:45 --> 404 Page Not Found: 
ERROR - 2020-03-31 23:27:45 --> 404 Page Not Found: 
ERROR - 2020-03-31 23:27:45 --> 404 Page Not Found: 
ERROR - 2020-03-31 23:27:57 --> 404 Page Not Found: 
ERROR - 2020-03-31 23:27:58 --> 404 Page Not Found: 
ERROR - 2020-03-31 23:27:58 --> 404 Page Not Found: 
ERROR - 2020-03-31 23:28:09 --> 404 Page Not Found: 
ERROR - 2020-03-31 23:28:09 --> 404 Page Not Found: 
ERROR - 2020-03-31 23:28:09 --> 404 Page Not Found: 
ERROR - 2020-03-31 23:28:42 --> 404 Page Not Found: 
ERROR - 2020-03-31 23:28:42 --> 404 Page Not Found: 
ERROR - 2020-03-31 23:28:42 --> 404 Page Not Found: 
ERROR - 2020-03-31 23:29:29 --> 404 Page Not Found: 
ERROR - 2020-03-31 23:29:29 --> 404 Page Not Found: 
ERROR - 2020-03-31 23:29:30 --> 404 Page Not Found: 
ERROR - 2020-03-31 23:32:16 --> 404 Page Not Found: 
ERROR - 2020-03-31 23:32:16 --> 404 Page Not Found: 
ERROR - 2020-03-31 23:32:16 --> 404 Page Not Found: 
ERROR - 2020-03-31 23:32:16 --> 404 Page Not Found: 
ERROR - 2020-03-31 23:32:16 --> 404 Page Not Found: 
ERROR - 2020-03-31 23:32:16 --> 404 Page Not Found: 
ERROR - 2020-03-31 23:32:16 --> 404 Page Not Found: 
ERROR - 2020-03-31 23:32:16 --> 404 Page Not Found: 
ERROR - 2020-03-31 23:33:31 --> 404 Page Not Found: 
ERROR - 2020-03-31 23:33:31 --> 404 Page Not Found: 
ERROR - 2020-03-31 23:33:31 --> 404 Page Not Found: 
ERROR - 2020-03-31 23:33:32 --> 404 Page Not Found: 
ERROR - 2020-03-31 23:33:32 --> 404 Page Not Found: 
ERROR - 2020-03-31 23:33:32 --> 404 Page Not Found: 
ERROR - 2020-03-31 23:33:32 --> 404 Page Not Found: 
ERROR - 2020-03-31 23:33:32 --> 404 Page Not Found: 
ERROR - 2020-03-31 23:33:35 --> 404 Page Not Found: 
ERROR - 2020-03-31 23:33:36 --> 404 Page Not Found: 
ERROR - 2020-03-31 23:33:36 --> 404 Page Not Found: 
ERROR - 2020-03-31 23:34:05 --> 404 Page Not Found: 
ERROR - 2020-03-31 23:34:05 --> 404 Page Not Found: 
ERROR - 2020-03-31 23:34:05 --> 404 Page Not Found: 
ERROR - 2020-03-31 23:34:12 --> 404 Page Not Found: 
ERROR - 2020-03-31 23:34:13 --> 404 Page Not Found: 
ERROR - 2020-03-31 23:34:13 --> 404 Page Not Found: 
ERROR - 2020-03-31 23:36:40 --> 404 Page Not Found: 
ERROR - 2020-03-31 23:36:40 --> 404 Page Not Found: 
ERROR - 2020-03-31 23:36:41 --> 404 Page Not Found: 
ERROR - 2020-03-31 20:11:14 --> Severity: error --> Exception: syntax error, unexpected ';', expecting ')' F:\FBP.com\application\controllers\Home.php 1053
ERROR - 2020-03-31 23:41:38 --> 404 Page Not Found: 
ERROR - 2020-03-31 23:41:38 --> 404 Page Not Found: 
ERROR - 2020-03-31 23:41:38 --> 404 Page Not Found: 
ERROR - 2020-03-31 23:41:38 --> 404 Page Not Found: 
ERROR - 2020-03-31 23:41:38 --> 404 Page Not Found: 
ERROR - 2020-03-31 23:41:38 --> 404 Page Not Found: 
ERROR - 2020-03-31 23:41:38 --> 404 Page Not Found: 
ERROR - 2020-03-31 23:41:38 --> 404 Page Not Found: 
ERROR - 2020-03-31 23:42:18 --> 404 Page Not Found: 
ERROR - 2020-03-31 23:42:19 --> 404 Page Not Found: 
ERROR - 2020-03-31 23:42:19 --> 404 Page Not Found: 
ERROR - 2020-03-31 23:42:19 --> 404 Page Not Found: 
ERROR - 2020-03-31 23:42:19 --> 404 Page Not Found: 
ERROR - 2020-03-31 23:42:19 --> 404 Page Not Found: 
ERROR - 2020-03-31 23:42:19 --> 404 Page Not Found: 
ERROR - 2020-03-31 23:42:19 --> 404 Page Not Found: 
ERROR - 2020-03-31 23:42:51 --> 404 Page Not Found: 
ERROR - 2020-03-31 23:42:51 --> 404 Page Not Found: 
ERROR - 2020-03-31 23:42:51 --> 404 Page Not Found: 
ERROR - 2020-03-31 23:43:07 --> 404 Page Not Found: 
ERROR - 2020-03-31 23:43:07 --> 404 Page Not Found: 
ERROR - 2020-03-31 23:43:07 --> 404 Page Not Found: 
ERROR - 2020-03-31 23:44:04 --> 404 Page Not Found: 
ERROR - 2020-03-31 23:44:04 --> 404 Page Not Found: 
ERROR - 2020-03-31 23:44:04 --> 404 Page Not Found: 
ERROR - 2020-03-31 23:44:11 --> 404 Page Not Found: 
ERROR - 2020-03-31 23:44:11 --> 404 Page Not Found: 
ERROR - 2020-03-31 23:44:11 --> 404 Page Not Found: 
ERROR - 2020-03-31 23:44:45 --> 404 Page Not Found: 
ERROR - 2020-03-31 23:44:45 --> 404 Page Not Found: 
ERROR - 2020-03-31 23:44:45 --> 404 Page Not Found: 
ERROR - 2020-03-31 23:54:08 --> Severity: error --> Exception: syntax error, unexpected '">"' (T_CONSTANT_ENCAPSED_STRING), expecting ',' or ';' F:\FBP.com\application\views\footer.php 351
ERROR - 2020-03-31 23:54:27 --> Severity: error --> Exception: syntax error, unexpected '">"' (T_CONSTANT_ENCAPSED_STRING), expecting ',' or ';' F:\FBP.com\application\views\footer.php 351
ERROR - 2020-03-31 23:54:28 --> 404 Page Not Found: 
ERROR - 2020-03-31 23:54:28 --> 404 Page Not Found: 
ERROR - 2020-03-31 23:54:28 --> 404 Page Not Found: 
ERROR - 2020-03-31 23:54:28 --> 404 Page Not Found: 
ERROR - 2020-03-31 23:54:28 --> 404 Page Not Found: 
ERROR - 2020-03-31 23:55:05 --> 404 Page Not Found: 
ERROR - 2020-03-31 23:55:05 --> 404 Page Not Found: 
ERROR - 2020-03-31 23:55:05 --> 404 Page Not Found: 
ERROR - 2020-03-31 23:55:06 --> 404 Page Not Found: 
ERROR - 2020-03-31 23:55:06 --> 404 Page Not Found: 
ERROR - 2020-03-31 23:55:06 --> 404 Page Not Found: 
ERROR - 2020-03-31 23:55:06 --> 404 Page Not Found: 
ERROR - 2020-03-31 23:55:06 --> 404 Page Not Found: 
ERROR - 2020-03-31 23:55:06 --> 404 Page Not Found: 
ERROR - 2020-03-31 23:55:06 --> 404 Page Not Found: 
ERROR - 2020-03-31 23:55:06 --> 404 Page Not Found: 
ERROR - 2020-03-31 23:55:07 --> 404 Page Not Found: 
ERROR - 2020-03-31 23:55:07 --> 404 Page Not Found: 
ERROR - 2020-03-31 23:55:08 --> 404 Page Not Found: 
ERROR - 2020-03-31 23:55:08 --> 404 Page Not Found: 
ERROR - 2020-03-31 23:55:08 --> 404 Page Not Found: 
ERROR - 2020-03-31 23:55:08 --> 404 Page Not Found: 
ERROR - 2020-03-31 23:55:08 --> 404 Page Not Found: 
ERROR - 2020-03-31 23:55:08 --> 404 Page Not Found: 
ERROR - 2020-03-31 23:55:08 --> 404 Page Not Found: 
ERROR - 2020-03-31 23:55:09 --> 404 Page Not Found: 
ERROR - 2020-03-31 23:55:09 --> 404 Page Not Found: 
ERROR - 2020-03-31 23:55:09 --> 404 Page Not Found: 
ERROR - 2020-03-31 23:55:09 --> 404 Page Not Found: 
ERROR - 2020-03-31 23:55:09 --> 404 Page Not Found: 
ERROR - 2020-03-31 23:55:09 --> 404 Page Not Found: 
ERROR - 2020-03-31 23:55:10 --> 404 Page Not Found: 
ERROR - 2020-03-31 23:55:10 --> 404 Page Not Found: 
ERROR - 2020-03-31 23:55:10 --> 404 Page Not Found: 
ERROR - 2020-03-31 23:55:10 --> 404 Page Not Found: 
ERROR - 2020-03-31 23:55:10 --> 404 Page Not Found: 
ERROR - 2020-03-31 23:55:10 --> 404 Page Not Found: 
ERROR - 2020-03-31 23:55:10 --> 404 Page Not Found: 
ERROR - 2020-03-31 23:55:10 --> 404 Page Not Found: 
ERROR - 2020-03-31 23:55:10 --> 404 Page Not Found: 
ERROR - 2020-03-31 23:55:13 --> 404 Page Not Found: 
ERROR - 2020-03-31 23:55:13 --> 404 Page Not Found: 
ERROR - 2020-03-31 23:55:13 --> 404 Page Not Found: 
ERROR - 2020-03-31 23:55:13 --> 404 Page Not Found: 
ERROR - 2020-03-31 23:55:13 --> 404 Page Not Found: 
ERROR - 2020-03-31 23:55:13 --> 404 Page Not Found: 
ERROR - 2020-03-31 23:55:13 --> 404 Page Not Found: 
ERROR - 2020-03-31 23:55:13 --> 404 Page Not Found: 
ERROR - 2020-03-31 23:55:13 --> 404 Page Not Found: 
ERROR - 2020-03-31 23:55:13 --> 404 Page Not Found: 
ERROR - 2020-03-31 23:55:13 --> 404 Page Not Found: 
ERROR - 2020-03-31 23:55:14 --> 404 Page Not Found: 
ERROR - 2020-03-31 23:55:14 --> 404 Page Not Found: 
ERROR - 2020-03-31 23:55:14 --> 404 Page Not Found: 
ERROR - 2020-03-31 23:55:14 --> 404 Page Not Found: 
ERROR - 2020-03-31 23:55:14 --> 404 Page Not Found: 
ERROR - 2020-03-31 23:55:14 --> 404 Page Not Found: 
ERROR - 2020-03-31 23:55:46 --> 404 Page Not Found: 
ERROR - 2020-03-31 23:55:46 --> 404 Page Not Found: 
ERROR - 2020-03-31 23:55:46 --> 404 Page Not Found: 
ERROR - 2020-03-31 23:55:46 --> 404 Page Not Found: 
ERROR - 2020-03-31 23:55:47 --> 404 Page Not Found: 
ERROR - 2020-03-31 23:55:47 --> 404 Page Not Found: 
ERROR - 2020-03-31 23:55:47 --> 404 Page Not Found: 
ERROR - 2020-03-31 23:55:47 --> 404 Page Not Found: 
ERROR - 2020-03-31 23:55:47 --> 404 Page Not Found: 
ERROR - 2020-03-31 23:55:47 --> 404 Page Not Found: 
ERROR - 2020-03-31 23:55:47 --> 404 Page Not Found: 
ERROR - 2020-03-31 23:55:47 --> 404 Page Not Found: 
ERROR - 2020-03-31 23:55:47 --> 404 Page Not Found: 
ERROR - 2020-03-31 23:55:47 --> 404 Page Not Found: 
ERROR - 2020-03-31 23:55:47 --> 404 Page Not Found: 
ERROR - 2020-03-31 23:55:48 --> 404 Page Not Found: 
ERROR - 2020-03-31 23:55:48 --> 404 Page Not Found: 
ERROR - 2020-03-31 23:55:48 --> 404 Page Not Found: 
ERROR - 2020-03-31 23:55:48 --> 404 Page Not Found: 
ERROR - 2020-03-31 23:55:48 --> 404 Page Not Found: 
ERROR - 2020-03-31 23:55:48 --> 404 Page Not Found: 
ERROR - 2020-03-31 23:55:48 --> 404 Page Not Found: 
ERROR - 2020-03-31 23:55:48 --> 404 Page Not Found: 
ERROR - 2020-03-31 23:55:48 --> 404 Page Not Found: 
ERROR - 2020-03-31 23:55:48 --> 404 Page Not Found: 
ERROR - 2020-03-31 23:55:48 --> 404 Page Not Found: 
ERROR - 2020-03-31 23:55:49 --> 404 Page Not Found: 
ERROR - 2020-03-31 23:55:49 --> 404 Page Not Found: 
ERROR - 2020-03-31 23:55:49 --> 404 Page Not Found: 
ERROR - 2020-03-31 23:55:49 --> 404 Page Not Found: 
ERROR - 2020-03-31 23:55:49 --> 404 Page Not Found: 
ERROR - 2020-03-31 23:55:49 --> 404 Page Not Found: 
ERROR - 2020-03-31 23:55:50 --> 404 Page Not Found: 
ERROR - 2020-03-31 23:55:50 --> 404 Page Not Found: 
ERROR - 2020-03-31 23:55:50 --> 404 Page Not Found: 
ERROR - 2020-03-31 23:55:51 --> 404 Page Not Found: 
ERROR - 2020-03-31 23:55:51 --> 404 Page Not Found: 
ERROR - 2020-03-31 23:55:51 --> 404 Page Not Found: 
ERROR - 2020-03-31 23:55:51 --> 404 Page Not Found: 
ERROR - 2020-03-31 23:55:51 --> 404 Page Not Found: 
ERROR - 2020-03-31 23:55:52 --> 404 Page Not Found: 
ERROR - 2020-03-31 23:55:52 --> 404 Page Not Found: 
ERROR - 2020-03-31 23:55:52 --> 404 Page Not Found: 
ERROR - 2020-03-31 23:55:52 --> 404 Page Not Found: 
ERROR - 2020-03-31 23:55:52 --> 404 Page Not Found: 
ERROR - 2020-03-31 23:55:52 --> 404 Page Not Found: 
ERROR - 2020-03-31 23:55:52 --> 404 Page Not Found: 
ERROR - 2020-03-31 23:55:52 --> 404 Page Not Found: 
ERROR - 2020-03-31 23:55:52 --> 404 Page Not Found: 
ERROR - 2020-03-31 23:55:52 --> 404 Page Not Found: 
ERROR - 2020-03-31 23:55:52 --> 404 Page Not Found: 
ERROR - 2020-03-31 23:55:52 --> 404 Page Not Found: 
ERROR - 2020-03-31 23:56:05 --> 404 Page Not Found: 
ERROR - 2020-03-31 23:56:06 --> 404 Page Not Found: 
ERROR - 2020-03-31 23:56:06 --> 404 Page Not Found: 
ERROR - 2020-03-31 23:56:06 --> 404 Page Not Found: 
ERROR - 2020-03-31 23:56:06 --> 404 Page Not Found: 
ERROR - 2020-03-31 23:56:06 --> 404 Page Not Found: 
ERROR - 2020-03-31 23:56:07 --> 404 Page Not Found: 
ERROR - 2020-03-31 23:56:07 --> 404 Page Not Found: 
ERROR - 2020-03-31 23:56:07 --> 404 Page Not Found: 
ERROR - 2020-03-31 23:56:07 --> 404 Page Not Found: 
ERROR - 2020-03-31 23:56:07 --> 404 Page Not Found: 
ERROR - 2020-03-31 23:56:07 --> 404 Page Not Found: 
ERROR - 2020-03-31 23:56:07 --> 404 Page Not Found: 
ERROR - 2020-03-31 23:56:07 --> 404 Page Not Found: 
ERROR - 2020-03-31 23:56:08 --> 404 Page Not Found: 
ERROR - 2020-03-31 23:56:08 --> 404 Page Not Found: 
ERROR - 2020-03-31 23:56:08 --> 404 Page Not Found: 
ERROR - 2020-03-31 23:56:08 --> 404 Page Not Found: 
ERROR - 2020-03-31 23:56:08 --> 404 Page Not Found: 
ERROR - 2020-03-31 23:56:09 --> 404 Page Not Found: 
ERROR - 2020-03-31 23:56:09 --> 404 Page Not Found: 
ERROR - 2020-03-31 23:56:09 --> 404 Page Not Found: 
ERROR - 2020-03-31 23:56:09 --> 404 Page Not Found: 
ERROR - 2020-03-31 23:56:10 --> 404 Page Not Found: 
ERROR - 2020-03-31 23:56:10 --> 404 Page Not Found: 
ERROR - 2020-03-31 23:56:10 --> 404 Page Not Found: 
ERROR - 2020-03-31 23:56:40 --> Severity: Warning --> Use of undefined constant id - assumed 'id' (this will throw an Error in a future version of PHP) F:\FBP.com\application\views\footer.php 342
ERROR - 2020-03-31 23:56:41 --> 404 Page Not Found: 
ERROR - 2020-03-31 23:56:41 --> 404 Page Not Found: 
ERROR - 2020-03-31 23:56:41 --> 404 Page Not Found: 
ERROR - 2020-03-31 23:56:41 --> 404 Page Not Found: 
ERROR - 2020-03-31 23:56:41 --> 404 Page Not Found: 
ERROR - 2020-03-31 23:56:41 --> 404 Page Not Found: 
ERROR - 2020-03-31 23:56:41 --> 404 Page Not Found: 
ERROR - 2020-03-31 23:56:41 --> 404 Page Not Found: 
ERROR - 2020-03-31 23:56:41 --> 404 Page Not Found: 
ERROR - 2020-03-31 23:56:42 --> 404 Page Not Found: 
ERROR - 2020-03-31 23:56:42 --> 404 Page Not Found: 
ERROR - 2020-03-31 23:56:42 --> 404 Page Not Found: 
ERROR - 2020-03-31 23:56:43 --> 404 Page Not Found: 
ERROR - 2020-03-31 23:56:43 --> 404 Page Not Found: 
ERROR - 2020-03-31 23:56:43 --> 404 Page Not Found: 
ERROR - 2020-03-31 23:56:44 --> 404 Page Not Found: 
ERROR - 2020-03-31 23:56:44 --> 404 Page Not Found: 
ERROR - 2020-03-31 23:56:44 --> 404 Page Not Found: 
ERROR - 2020-03-31 23:56:44 --> 404 Page Not Found: 
ERROR - 2020-03-31 23:56:44 --> 404 Page Not Found: 
ERROR - 2020-03-31 23:56:44 --> 404 Page Not Found: 
ERROR - 2020-03-31 23:56:44 --> 404 Page Not Found: 
ERROR - 2020-03-31 23:56:45 --> 404 Page Not Found: 
ERROR - 2020-03-31 23:56:45 --> 404 Page Not Found: 
ERROR - 2020-03-31 23:56:45 --> 404 Page Not Found: 
ERROR - 2020-03-31 23:56:45 --> 404 Page Not Found: 
ERROR - 2020-03-31 23:57:01 --> 404 Page Not Found: 
ERROR - 2020-03-31 23:57:01 --> 404 Page Not Found: 
ERROR - 2020-03-31 23:57:01 --> 404 Page Not Found: 
ERROR - 2020-03-31 23:57:01 --> 404 Page Not Found: 
ERROR - 2020-03-31 23:57:01 --> 404 Page Not Found: 
ERROR - 2020-03-31 23:57:02 --> 404 Page Not Found: 
ERROR - 2020-03-31 23:57:02 --> 404 Page Not Found: 
ERROR - 2020-03-31 23:57:02 --> 404 Page Not Found: 
ERROR - 2020-03-31 23:57:02 --> 404 Page Not Found: 
ERROR - 2020-03-31 23:57:02 --> 404 Page Not Found: 
ERROR - 2020-03-31 23:57:02 --> 404 Page Not Found: 
ERROR - 2020-03-31 23:57:02 --> 404 Page Not Found: 
ERROR - 2020-03-31 23:57:02 --> 404 Page Not Found: 
ERROR - 2020-03-31 23:57:02 --> 404 Page Not Found: 
ERROR - 2020-03-31 23:57:03 --> 404 Page Not Found: 
ERROR - 2020-03-31 23:57:03 --> 404 Page Not Found: 
ERROR - 2020-03-31 23:57:03 --> 404 Page Not Found: 
ERROR - 2020-03-31 23:57:04 --> 404 Page Not Found: 
ERROR - 2020-03-31 23:57:04 --> 404 Page Not Found: 
ERROR - 2020-03-31 23:57:04 --> 404 Page Not Found: 
ERROR - 2020-03-31 23:57:04 --> 404 Page Not Found: 
ERROR - 2020-03-31 23:57:04 --> 404 Page Not Found: 
ERROR - 2020-03-31 23:57:04 --> 404 Page Not Found: 
ERROR - 2020-03-31 23:57:04 --> 404 Page Not Found: 
ERROR - 2020-03-31 23:57:05 --> 404 Page Not Found: 
ERROR - 2020-03-31 23:57:05 --> 404 Page Not Found: 
ERROR - 2020-03-31 23:58:01 --> 404 Page Not Found: 
ERROR - 2020-03-31 23:58:01 --> 404 Page Not Found: 
ERROR - 2020-03-31 23:58:01 --> 404 Page Not Found: 
ERROR - 2020-03-31 23:58:01 --> 404 Page Not Found: 
ERROR - 2020-03-31 23:58:02 --> 404 Page Not Found: 
ERROR - 2020-03-31 23:58:02 --> 404 Page Not Found: 
ERROR - 2020-03-31 23:58:02 --> 404 Page Not Found: 
ERROR - 2020-03-31 23:58:02 --> 404 Page Not Found: 
ERROR - 2020-03-31 23:58:02 --> 404 Page Not Found: 
ERROR - 2020-03-31 23:58:02 --> 404 Page Not Found: 
ERROR - 2020-03-31 23:58:02 --> 404 Page Not Found: 
ERROR - 2020-03-31 23:58:02 --> 404 Page Not Found: 
ERROR - 2020-03-31 23:58:03 --> 404 Page Not Found: 
ERROR - 2020-03-31 23:58:03 --> 404 Page Not Found: 
ERROR - 2020-03-31 23:58:03 --> 404 Page Not Found: 
ERROR - 2020-03-31 23:58:04 --> 404 Page Not Found: 
ERROR - 2020-03-31 23:58:04 --> 404 Page Not Found: 
ERROR - 2020-03-31 23:58:04 --> 404 Page Not Found: 
ERROR - 2020-03-31 23:58:04 --> 404 Page Not Found: 
ERROR - 2020-03-31 23:58:05 --> 404 Page Not Found: 
ERROR - 2020-03-31 23:58:05 --> 404 Page Not Found: 
ERROR - 2020-03-31 23:58:05 --> 404 Page Not Found: 
ERROR - 2020-03-31 23:58:05 --> 404 Page Not Found: 
ERROR - 2020-03-31 23:58:05 --> 404 Page Not Found: 
ERROR - 2020-03-31 23:58:05 --> 404 Page Not Found: 
ERROR - 2020-03-31 23:58:05 --> 404 Page Not Found: 
ERROR - 2020-03-31 23:58:26 --> Severity: error --> Exception: syntax error, unexpected '[', expecting identifier (T_STRING) or variable (T_VARIABLE) or '{' or '$' F:\FBP.com\application\views\footer.php 342
ERROR - 2020-03-31 23:58:27 --> 404 Page Not Found: 
ERROR - 2020-03-31 23:58:28 --> 404 Page Not Found: 
ERROR - 2020-03-31 23:58:28 --> 404 Page Not Found: 
ERROR - 2020-03-31 23:58:28 --> 404 Page Not Found: 
ERROR - 2020-03-31 23:58:28 --> 404 Page Not Found: 
ERROR - 2020-03-31 23:58:28 --> 404 Page Not Found: 
ERROR - 2020-03-31 23:58:28 --> 404 Page Not Found: 
ERROR - 2020-03-31 23:58:28 --> 404 Page Not Found: 
ERROR - 2020-03-31 23:58:28 --> 404 Page Not Found: 
ERROR - 2020-03-31 23:58:28 --> 404 Page Not Found: 
ERROR - 2020-03-31 23:58:28 --> 404 Page Not Found: 
ERROR - 2020-03-31 23:58:29 --> 404 Page Not Found: 
ERROR - 2020-03-31 23:58:29 --> 404 Page Not Found: 
ERROR - 2020-03-31 23:58:29 --> 404 Page Not Found: 
ERROR - 2020-03-31 23:58:30 --> 404 Page Not Found: 
ERROR - 2020-03-31 23:58:30 --> 404 Page Not Found: 
ERROR - 2020-03-31 23:58:30 --> 404 Page Not Found: 
ERROR - 2020-03-31 23:58:30 --> 404 Page Not Found: 
ERROR - 2020-03-31 23:58:30 --> 404 Page Not Found: 
ERROR - 2020-03-31 23:58:31 --> 404 Page Not Found: 
ERROR - 2020-03-31 23:58:31 --> 404 Page Not Found: 
ERROR - 2020-03-31 23:58:31 --> 404 Page Not Found: 
ERROR - 2020-03-31 23:58:31 --> 404 Page Not Found: 
ERROR - 2020-03-31 23:58:31 --> 404 Page Not Found: 
ERROR - 2020-03-31 23:58:31 --> 404 Page Not Found: 
ERROR - 2020-03-31 23:58:31 --> 404 Page Not Found: 
ERROR - 2020-03-31 23:58:54 --> 404 Page Not Found: 
ERROR - 2020-03-31 23:58:55 --> 404 Page Not Found: 
ERROR - 2020-03-31 23:58:55 --> 404 Page Not Found: 
ERROR - 2020-03-31 23:58:55 --> 404 Page Not Found: 
ERROR - 2020-03-31 23:58:55 --> 404 Page Not Found: 
ERROR - 2020-03-31 23:58:55 --> 404 Page Not Found: 
ERROR - 2020-03-31 23:58:55 --> 404 Page Not Found: 
ERROR - 2020-03-31 23:58:55 --> 404 Page Not Found: 
ERROR - 2020-03-31 23:58:55 --> 404 Page Not Found: 
ERROR - 2020-03-31 23:58:55 --> 404 Page Not Found: 
ERROR - 2020-03-31 23:58:56 --> 404 Page Not Found: 
ERROR - 2020-03-31 23:58:56 --> 404 Page Not Found: 
ERROR - 2020-03-31 23:58:56 --> 404 Page Not Found: 
ERROR - 2020-03-31 23:58:57 --> 404 Page Not Found: 
ERROR - 2020-03-31 23:58:57 --> 404 Page Not Found: 
ERROR - 2020-03-31 23:58:57 --> 404 Page Not Found: 
ERROR - 2020-03-31 23:58:57 --> 404 Page Not Found: 
ERROR - 2020-03-31 23:58:57 --> 404 Page Not Found: 
ERROR - 2020-03-31 23:58:58 --> 404 Page Not Found: 
ERROR - 2020-03-31 23:58:58 --> 404 Page Not Found: 
ERROR - 2020-03-31 23:58:58 --> 404 Page Not Found: 
ERROR - 2020-03-31 23:58:58 --> 404 Page Not Found: 
ERROR - 2020-03-31 23:58:58 --> 404 Page Not Found: 
ERROR - 2020-03-31 23:58:58 --> 404 Page Not Found: 
ERROR - 2020-03-31 23:58:59 --> 404 Page Not Found: 
ERROR - 2020-03-31 23:58:59 --> 404 Page Not Found: 
ERROR - 2020-03-31 23:59:20 --> Severity: error --> Exception: syntax error, unexpected '[', expecting identifier (T_STRING) or variable (T_VARIABLE) or '{' or '$' F:\FBP.com\application\views\footer.php 342
ERROR - 2020-03-31 23:59:21 --> 404 Page Not Found: 
ERROR - 2020-03-31 23:59:21 --> 404 Page Not Found: 
ERROR - 2020-03-31 23:59:21 --> 404 Page Not Found: 
ERROR - 2020-03-31 23:59:21 --> 404 Page Not Found: 
ERROR - 2020-03-31 23:59:21 --> 404 Page Not Found: 
ERROR - 2020-03-31 23:59:21 --> 404 Page Not Found: 
ERROR - 2020-03-31 23:59:21 --> 404 Page Not Found: 
ERROR - 2020-03-31 23:59:22 --> 404 Page Not Found: 
ERROR - 2020-03-31 23:59:22 --> 404 Page Not Found: 
ERROR - 2020-03-31 23:59:22 --> 404 Page Not Found: 
ERROR - 2020-03-31 23:59:22 --> 404 Page Not Found: 
ERROR - 2020-03-31 23:59:23 --> 404 Page Not Found: 
ERROR - 2020-03-31 23:59:23 --> 404 Page Not Found: 
ERROR - 2020-03-31 23:59:23 --> 404 Page Not Found: 
ERROR - 2020-03-31 23:59:23 --> 404 Page Not Found: 
ERROR - 2020-03-31 23:59:24 --> 404 Page Not Found: 
ERROR - 2020-03-31 23:59:24 --> 404 Page Not Found: 
ERROR - 2020-03-31 23:59:24 --> 404 Page Not Found: 
ERROR - 2020-03-31 23:59:24 --> 404 Page Not Found: 
ERROR - 2020-03-31 23:59:24 --> 404 Page Not Found: 
ERROR - 2020-03-31 23:59:24 --> 404 Page Not Found: 
ERROR - 2020-03-31 23:59:24 --> 404 Page Not Found: 
ERROR - 2020-03-31 23:59:24 --> 404 Page Not Found: 
ERROR - 2020-03-31 23:59:24 --> 404 Page Not Found: 
ERROR - 2020-03-31 23:59:24 --> 404 Page Not Found: 
ERROR - 2020-03-31 23:59:25 --> 404 Page Not Found: 
ERROR - 2020-03-31 23:59:42 --> 404 Page Not Found: 
ERROR - 2020-03-31 23:59:43 --> 404 Page Not Found: 
ERROR - 2020-03-31 23:59:43 --> 404 Page Not Found: 
ERROR - 2020-03-31 23:59:43 --> 404 Page Not Found: 
ERROR - 2020-03-31 23:59:43 --> 404 Page Not Found: 
ERROR - 2020-03-31 23:59:43 --> 404 Page Not Found: 
ERROR - 2020-03-31 23:59:43 --> 404 Page Not Found: 
ERROR - 2020-03-31 23:59:43 --> 404 Page Not Found: 
ERROR - 2020-03-31 23:59:43 --> 404 Page Not Found: 
ERROR - 2020-03-31 23:59:44 --> 404 Page Not Found: 
ERROR - 2020-03-31 23:59:44 --> 404 Page Not Found: 
ERROR - 2020-03-31 23:59:44 --> 404 Page Not Found: 
ERROR - 2020-03-31 23:59:44 --> 404 Page Not Found: 
ERROR - 2020-03-31 23:59:44 --> 404 Page Not Found: 
ERROR - 2020-03-31 23:59:45 --> 404 Page Not Found: 
ERROR - 2020-03-31 23:59:45 --> 404 Page Not Found: 
ERROR - 2020-03-31 23:59:45 --> 404 Page Not Found: 
ERROR - 2020-03-31 23:59:45 --> 404 Page Not Found: 
ERROR - 2020-03-31 23:59:46 --> 404 Page Not Found: 
ERROR - 2020-03-31 23:59:46 --> 404 Page Not Found: 
ERROR - 2020-03-31 23:59:46 --> 404 Page Not Found: 
ERROR - 2020-03-31 23:59:46 --> 404 Page Not Found: 
ERROR - 2020-03-31 23:59:46 --> 404 Page Not Found: 
ERROR - 2020-03-31 23:59:46 --> 404 Page Not Found: 
ERROR - 2020-03-31 23:59:47 --> 404 Page Not Found: 
ERROR - 2020-03-31 23:59:47 --> 404 Page Not Found: 
