ERROR - 2019-01-05 01:09:47 --> 404 Page Not Found: 
ERROR - 2019-01-05 01:13:08 --> 404 Page Not Found: 
ERROR - 2019-01-05 01:44:51 --> 404 Page Not Found: 
ERROR - 2019-01-05 02:04:15 --> 404 Page Not Found: 
ERROR - 2019-01-05 02:22:07 --> 404 Page Not Found: 
ERROR - 2019-01-05 02:22:57 --> 404 Page Not Found: 
ERROR - 2019-01-05 02:24:51 --> 404 Page Not Found: 
ERROR - 2019-01-05 02:43:12 --> 404 Page Not Found: 
ERROR - 2019-01-05 03:17:38 --> 404 Page Not Found: 
ERROR - 2019-01-05 04:20:02 --> 404 Page Not Found: 
ERROR - 2019-01-05 04:26:59 --> 404 Page Not Found: 
ERROR - 2019-01-05 04:33:59 --> 404 Page Not Found: 
ERROR - 2019-01-05 05:36:33 --> 404 Page Not Found: 
ERROR - 2019-01-05 05:42:40 --> 404 Page Not Found: 
ERROR - 2019-01-05 05:52:55 --> 404 Page Not Found: 
ERROR - 2019-01-05 06:12:03 --> 404 Page Not Found: 
ERROR - 2019-01-05 06:31:36 --> 404 Page Not Found: 
ERROR - 2019-01-05 06:43:06 --> 404 Page Not Found: 
ERROR - 2019-01-05 06:49:40 --> 404 Page Not Found: 
ERROR - 2019-01-05 06:57:35 --> 404 Page Not Found: 
ERROR - 2019-01-05 08:40:22 --> 404 Page Not Found: 
ERROR - 2019-01-05 08:46:58 --> 404 Page Not Found: 
ERROR - 2019-01-05 08:54:25 --> 404 Page Not Found: 
ERROR - 2019-01-05 10:12:11 --> 404 Page Not Found: 
ERROR - 2019-01-05 10:31:53 --> 404 Page Not Found: 
ERROR - 2019-01-05 12:31:19 --> Query error: You have an error in your SQL syntax; check the manual that corresponds to your MySQL server version for the right syntax to use near '-10, 10' at line 11 - Invalid query: SELECT DISTINCT `p`.*, `c`.`name` as `city_name`, `ps`.`name` as `property_status`, `pt`.`name` as `prop_type`, `b`.`name` as `builder`, `l`.`name` as `location`
FROM `properties` `p`
LEFT JOIN `cities` `c` ON `p`.`city_id` = `c`.`id`
LEFT JOIN `builders` `b` ON `p`.`builder_id` = `b`.`id`
LEFT JOIN `locations` `l` ON `p`.`location_id` = `l`.`id`
LEFT JOIN `property_types` `pt` ON `p`.`property_type_id` = `pt`.`id`
LEFT JOIN `property_status` `ps` ON `p`.`property_status_id` = `ps`.`id`
LEFT JOIN `property_amenities` `pa` ON `pa`.`property_id` = `p`.`id`
WHERE `p`.`status` = 1
ORDER BY `p`.`id` DESC
 LIMIT -10, 10
ERROR - 2019-01-05 12:31:20 --> Query error: You have an error in your SQL syntax; check the manual that corresponds to your MySQL server version for the right syntax to use near '-10, 10' at line 11 - Invalid query: SELECT DISTINCT `p`.*, `c`.`name` as `city_name`, `ps`.`name` as `property_status`, `pt`.`name` as `prop_type`, `b`.`name` as `builder`, `l`.`name` as `location`
FROM `properties` `p`
LEFT JOIN `cities` `c` ON `p`.`city_id` = `c`.`id`
LEFT JOIN `builders` `b` ON `p`.`builder_id` = `b`.`id`
LEFT JOIN `locations` `l` ON `p`.`location_id` = `l`.`id`
LEFT JOIN `property_types` `pt` ON `p`.`property_type_id` = `pt`.`id`
LEFT JOIN `property_status` `ps` ON `p`.`property_status_id` = `ps`.`id`
LEFT JOIN `property_amenities` `pa` ON `pa`.`property_id` = `p`.`id`
WHERE `p`.`status` = 1
ORDER BY `p`.`id` DESC
 LIMIT -10, 10
ERROR - 2019-01-05 12:31:24 --> Query error: You have an error in your SQL syntax; check the manual that corresponds to your MySQL server version for the right syntax to use near '-10, 10' at line 11 - Invalid query: SELECT DISTINCT `p`.*, `c`.`name` as `city_name`, `ps`.`name` as `property_status`, `pt`.`name` as `prop_type`, `b`.`name` as `builder`, `l`.`name` as `location`
FROM `properties` `p`
LEFT JOIN `cities` `c` ON `p`.`city_id` = `c`.`id`
LEFT JOIN `builders` `b` ON `p`.`builder_id` = `b`.`id`
LEFT JOIN `locations` `l` ON `p`.`location_id` = `l`.`id`
LEFT JOIN `property_types` `pt` ON `p`.`property_type_id` = `pt`.`id`
LEFT JOIN `property_status` `ps` ON `p`.`property_status_id` = `ps`.`id`
LEFT JOIN `property_amenities` `pa` ON `pa`.`property_id` = `p`.`id`
WHERE `p`.`status` = 1
ORDER BY `p`.`id` DESC
 LIMIT -10, 10
ERROR - 2019-01-05 13:09:27 --> 404 Page Not Found: 
ERROR - 2019-01-05 13:20:03 --> 404 Page Not Found: 
ERROR - 2019-01-05 13:49:51 --> 404 Page Not Found: 
ERROR - 2019-01-05 13:57:56 --> 404 Page Not Found: 
ERROR - 2019-01-05 14:12:02 --> 404 Page Not Found: 
ERROR - 2019-01-05 14:27:02 --> 404 Page Not Found: 
ERROR - 2019-01-05 16:18:02 --> 404 Page Not Found: 
ERROR - 2019-01-05 16:20:14 --> 404 Page Not Found: 
ERROR - 2019-01-05 17:22:55 --> 404 Page Not Found: 
ERROR - 2019-01-05 17:31:13 --> 404 Page Not Found: 
ERROR - 2019-01-05 17:46:22 --> 404 Page Not Found: 
ERROR - 2019-01-05 18:10:27 --> 404 Page Not Found: 
ERROR - 2019-01-05 18:41:36 --> 404 Page Not Found: 
ERROR - 2019-01-05 19:31:52 --> 404 Page Not Found: 
ERROR - 2019-01-05 19:37:22 --> 404 Page Not Found: 
ERROR - 2019-01-05 19:51:12 --> 404 Page Not Found: 
ERROR - 2019-01-05 20:10:39 --> 404 Page Not Found: 
ERROR - 2019-01-05 20:58:52 --> 404 Page Not Found: 
ERROR - 2019-01-05 21:14:28 --> 404 Page Not Found: 
ERROR - 2019-01-05 21:19:11 --> 404 Page Not Found: 
ERROR - 2019-01-05 21:30:04 --> 404 Page Not Found: 
ERROR - 2019-01-05 21:40:57 --> 404 Page Not Found: 
ERROR - 2019-01-05 23:13:26 --> 404 Page Not Found: 
