ERROR - 2019-10-13 22:39:28 --> 404 Page Not Found: 
ERROR - 2019-10-13 22:50:01 --> 404 Page Not Found: 
ERROR - 2019-10-13 19:33:18 --> Severity: error --> Exception: syntax error, unexpected ',' F:\FBP.com\application\controllers\admin\Properties.php 1145
ERROR - 2019-10-13 19:33:29 --> Severity: error --> Exception: syntax error, unexpected '$this' (T_VARIABLE), expecting function (T_FUNCTION) or const (T_CONST) F:\FBP.com\application\controllers\admin\Properties.php 1343
ERROR - 2019-10-13 19:33:58 --> Severity: error --> Exception: syntax error, unexpected '$this' (T_VARIABLE), expecting function (T_FUNCTION) or const (T_CONST) F:\FBP.com\application\controllers\admin\Properties.php 1343
ERROR - 2019-10-13 19:34:06 --> Severity: error --> Exception: syntax error, unexpected '$this' (T_VARIABLE), expecting function (T_FUNCTION) or const (T_CONST) F:\FBP.com\application\controllers\admin\Properties.php 1319
ERROR - 2019-10-13 19:34:09 --> Severity: error --> Exception: syntax error, unexpected '$this' (T_VARIABLE), expecting function (T_FUNCTION) or const (T_CONST) F:\FBP.com\application\controllers\admin\Properties.php 1319
ERROR - 2019-10-13 19:34:31 --> Severity: error --> Exception: syntax error, unexpected '$this' (T_VARIABLE), expecting function (T_FUNCTION) or const (T_CONST) F:\FBP.com\application\controllers\admin\Properties.php 1319
ERROR - 2019-10-13 19:34:41 --> Severity: error --> Exception: syntax error, unexpected '$this' (T_VARIABLE), expecting function (T_FUNCTION) or const (T_CONST) F:\FBP.com\application\controllers\admin\Properties.php 1318
ERROR - 2019-10-13 19:34:42 --> Severity: error --> Exception: syntax error, unexpected '$this' (T_VARIABLE), expecting function (T_FUNCTION) or const (T_CONST) F:\FBP.com\application\controllers\admin\Properties.php 1318
ERROR - 2019-10-13 19:34:49 --> Severity: error --> Exception: syntax error, unexpected '$this' (T_VARIABLE), expecting function (T_FUNCTION) or const (T_CONST) F:\FBP.com\application\controllers\admin\Properties.php 1318
ERROR - 2019-10-13 19:34:50 --> Severity: error --> Exception: syntax error, unexpected '$this' (T_VARIABLE), expecting function (T_FUNCTION) or const (T_CONST) F:\FBP.com\application\controllers\admin\Properties.php 1318
ERROR - 2019-10-13 19:34:50 --> Severity: error --> Exception: syntax error, unexpected '$this' (T_VARIABLE), expecting function (T_FUNCTION) or const (T_CONST) F:\FBP.com\application\controllers\admin\Properties.php 1318
ERROR - 2019-10-13 19:34:50 --> Severity: error --> Exception: syntax error, unexpected '$this' (T_VARIABLE), expecting function (T_FUNCTION) or const (T_CONST) F:\FBP.com\application\controllers\admin\Properties.php 1318
ERROR - 2019-10-13 19:34:51 --> Severity: error --> Exception: syntax error, unexpected '$this' (T_VARIABLE), expecting function (T_FUNCTION) or const (T_CONST) F:\FBP.com\application\controllers\admin\Properties.php 1318
ERROR - 2019-10-13 19:34:51 --> Severity: error --> Exception: syntax error, unexpected '$this' (T_VARIABLE), expecting function (T_FUNCTION) or const (T_CONST) F:\FBP.com\application\controllers\admin\Properties.php 1318
ERROR - 2019-10-13 19:34:59 --> Severity: error --> Exception: syntax error, unexpected '$this' (T_VARIABLE), expecting function (T_FUNCTION) or const (T_CONST) F:\FBP.com\application\controllers\admin\Properties.php 1318
ERROR - 2019-10-13 19:35:35 --> Severity: error --> Exception: syntax error, unexpected '$this' (T_VARIABLE), expecting function (T_FUNCTION) or const (T_CONST) F:\FBP.com\application\controllers\admin\Properties.php 1318
ERROR - 2019-10-13 19:35:57 --> Severity: error --> Exception: syntax error, unexpected '$this' (T_VARIABLE), expecting function (T_FUNCTION) or const (T_CONST) F:\FBP.com\application\controllers\admin\Properties.php 1322
ERROR - 2019-10-13 19:36:16 --> Severity: error --> Exception: syntax error, unexpected '$this' (T_VARIABLE), expecting function (T_FUNCTION) or const (T_CONST) F:\FBP.com\application\controllers\admin\Properties.php 1343
ERROR - 2019-10-13 19:36:17 --> Severity: error --> Exception: syntax error, unexpected '$this' (T_VARIABLE), expecting function (T_FUNCTION) or const (T_CONST) F:\FBP.com\application\controllers\admin\Properties.php 1343
ERROR - 2019-10-13 19:36:17 --> Severity: error --> Exception: syntax error, unexpected '$this' (T_VARIABLE), expecting function (T_FUNCTION) or const (T_CONST) F:\FBP.com\application\controllers\admin\Properties.php 1343
ERROR - 2019-10-13 19:36:18 --> Severity: error --> Exception: syntax error, unexpected '$this' (T_VARIABLE), expecting function (T_FUNCTION) or const (T_CONST) F:\FBP.com\application\controllers\admin\Properties.php 1343
ERROR - 2019-10-13 19:36:18 --> Severity: error --> Exception: syntax error, unexpected '$this' (T_VARIABLE), expecting function (T_FUNCTION) or const (T_CONST) F:\FBP.com\application\controllers\admin\Properties.php 1343
ERROR - 2019-10-13 19:36:27 --> Severity: error --> Exception: syntax error, unexpected '$this' (T_VARIABLE), expecting function (T_FUNCTION) or const (T_CONST) F:\FBP.com\application\controllers\admin\Properties.php 1296
ERROR - 2019-10-13 19:36:34 --> Severity: error --> Exception: syntax error, unexpected '$this' (T_VARIABLE), expecting function (T_FUNCTION) or const (T_CONST) F:\FBP.com\application\controllers\admin\Properties.php 1297
ERROR - 2019-10-13 23:18:27 --> Query error: Column 'property_id' cannot be null - Invalid query: INSERT INTO `property_images` (`property_id`, `image`) VALUES (NULL, 'uploads///Parkway8.png')
ERROR - 2019-10-13 23:19:13 --> Severity: Warning --> rename(uploads/properties/Parkway8.png,uploads//Parkway8.png): The system cannot find the file specified. (code: 2) F:\FBP.com\application\controllers\admin\Properties.php 984
ERROR - 2019-10-13 23:19:13 --> Severity: Warning --> rename(uploads/properties/Divino8.png,uploads//Divino8.png): The system cannot find the file specified. (code: 2) F:\FBP.com\application\controllers\admin\Properties.php 984
ERROR - 2019-10-13 23:19:13 --> Severity: Warning --> rename(uploads/properties/Golfshire8.png,uploads//Golfshire8.png): The system cannot find the file specified. (code: 2) F:\FBP.com\application\controllers\admin\Properties.php 984
ERROR - 2019-10-13 23:20:31 --> Severity: Warning --> rename(uploads/properties/Parkway8.png,uploads//Parkway8.png): The system cannot find the file specified. (code: 2) F:\FBP.com\application\controllers\admin\Properties.php 985
ERROR - 2019-10-13 23:20:31 --> Severity: Warning --> rename(uploads/properties/Divino8.png,uploads//Divino8.png): The system cannot find the file specified. (code: 2) F:\FBP.com\application\controllers\admin\Properties.php 985
ERROR - 2019-10-13 23:20:31 --> Severity: Warning --> rename(uploads/properties/Golfshire8.png,uploads//Golfshire8.png): The system cannot find the file specified. (code: 2) F:\FBP.com\application\controllers\admin\Properties.php 985
ERROR - 2019-10-13 23:21:15 --> Severity: Warning --> rename(uploads/properties/Parkway8.png,uploads///Parkway8.png): The system cannot find the file specified. (code: 2) F:\FBP.com\application\controllers\admin\Properties.php 984
ERROR - 2019-10-13 23:21:15 --> Severity: Warning --> rename(uploads/properties/Divino8.png,uploads///Divino8.png): The system cannot find the file specified. (code: 2) F:\FBP.com\application\controllers\admin\Properties.php 984
ERROR - 2019-10-13 23:21:15 --> Severity: Warning --> rename(uploads/properties/Golfshire8.png,uploads///Golfshire8.png): The system cannot find the file specified. (code: 2) F:\FBP.com\application\controllers\admin\Properties.php 984
ERROR - 2019-10-13 23:21:49 --> Severity: Warning --> rename(uploads/properties/Parkway8.png,uploads/Parkway8.png): The system cannot find the file specified. (code: 2) F:\FBP.com\application\controllers\admin\Properties.php 985
ERROR - 2019-10-13 23:21:49 --> Severity: Warning --> rename(uploads/properties/Divino8.png,uploads/Divino8.png): The system cannot find the file specified. (code: 2) F:\FBP.com\application\controllers\admin\Properties.php 985
ERROR - 2019-10-13 23:21:49 --> Severity: Warning --> rename(uploads/properties/Golfshire8.png,uploads/Golfshire8.png): The system cannot find the file specified. (code: 2) F:\FBP.com\application\controllers\admin\Properties.php 985
ERROR - 2019-10-13 23:24:22 --> Query error: Column 'property_id' cannot be null - Invalid query: INSERT INTO `property_images` (`property_id`, `image`) VALUES (NULL, 'uploads//Parkway9.png')
ERROR - 2019-10-13 19:55:21 --> Severity: error --> Exception: syntax error, unexpected 'if' (T_IF), expecting function (T_FUNCTION) or const (T_CONST) F:\FBP.com\application\controllers\admin\Properties.php 1002
ERROR - 2019-10-13 23:25:49 --> Severity: Warning --> rename(uploads/properties/Parkway9.png,uploads//Parkway9.png): The system cannot find the file specified. (code: 2) F:\FBP.com\application\controllers\admin\Properties.php 984
ERROR - 2019-10-13 23:25:49 --> Severity: Warning --> rename(uploads/properties/Divino9.png,uploads//Divino9.png): The system cannot find the file specified. (code: 2) F:\FBP.com\application\controllers\admin\Properties.php 984
ERROR - 2019-10-13 23:25:49 --> Severity: Warning --> rename(uploads/properties/Golfshire9.png,uploads//Golfshire9.png): The system cannot find the file specified. (code: 2) F:\FBP.com\application\controllers\admin\Properties.php 984
ERROR - 2019-10-13 23:25:49 --> Severity: Warning --> rename(uploads/properties/Parkway8.png,uploads//Parkway8.png): The system cannot find the file specified. (code: 2) F:\FBP.com\application\controllers\admin\Properties.php 997
ERROR - 2019-10-13 23:25:49 --> Severity: Warning --> rename(uploads/properties/Divino8.png,uploads//Divino8.png): The system cannot find the file specified. (code: 2) F:\FBP.com\application\controllers\admin\Properties.php 997
ERROR - 2019-10-13 23:25:49 --> Severity: Warning --> rename(uploads/properties/Golfshire8.png,uploads//Golfshire8.png): The system cannot find the file specified. (code: 2) F:\FBP.com\application\controllers\admin\Properties.php 997
ERROR - 2019-10-13 23:26:36 --> Severity: Warning --> rename(uploads/properties/Parkway9.png,uploads/Parkway9.png): The system cannot find the file specified. (code: 2) F:\FBP.com\application\controllers\admin\Properties.php 984
ERROR - 2019-10-13 23:26:37 --> Severity: Warning --> rename(uploads/properties/Divino9.png,uploads/Divino9.png): The system cannot find the file specified. (code: 2) F:\FBP.com\application\controllers\admin\Properties.php 984
ERROR - 2019-10-13 23:26:37 --> Severity: Warning --> rename(uploads/properties/Golfshire9.png,uploads/Golfshire9.png): The system cannot find the file specified. (code: 2) F:\FBP.com\application\controllers\admin\Properties.php 984
ERROR - 2019-10-13 23:26:37 --> Severity: Warning --> rename(uploads/properties/Parkway8.png,uploads/Parkway8.png): The system cannot find the file specified. (code: 2) F:\FBP.com\application\controllers\admin\Properties.php 997
ERROR - 2019-10-13 23:26:37 --> Severity: Warning --> rename(uploads/properties/Divino8.png,uploads/Divino8.png): The system cannot find the file specified. (code: 2) F:\FBP.com\application\controllers\admin\Properties.php 997
ERROR - 2019-10-13 23:26:37 --> Severity: Warning --> rename(uploads/properties/Golfshire8.png,uploads/Golfshire8.png): The system cannot find the file specified. (code: 2) F:\FBP.com\application\controllers\admin\Properties.php 997
ERROR - 2019-10-13 23:26:56 --> Severity: Warning --> rename(uploads/properties/Parkway9.png,uploads//Parkway9.png): The system cannot find the file specified. (code: 2) F:\FBP.com\application\controllers\admin\Properties.php 984
ERROR - 2019-10-13 23:26:56 --> Severity: Warning --> rename(uploads/properties/Divino9.png,uploads//Divino9.png): The system cannot find the file specified. (code: 2) F:\FBP.com\application\controllers\admin\Properties.php 984
ERROR - 2019-10-13 23:26:56 --> Severity: Warning --> rename(uploads/properties/Golfshire9.png,uploads//Golfshire9.png): The system cannot find the file specified. (code: 2) F:\FBP.com\application\controllers\admin\Properties.php 984
ERROR - 2019-10-13 23:26:56 --> Severity: Warning --> rename(uploads/properties/Parkway8.png,uploads/Parkway8.png): The system cannot find the file specified. (code: 2) F:\FBP.com\application\controllers\admin\Properties.php 997
ERROR - 2019-10-13 23:26:56 --> Severity: Warning --> rename(uploads/properties/Divino8.png,uploads/Divino8.png): The system cannot find the file specified. (code: 2) F:\FBP.com\application\controllers\admin\Properties.php 997
ERROR - 2019-10-13 23:26:56 --> Severity: Warning --> rename(uploads/properties/Golfshire8.png,uploads/Golfshire8.png): The system cannot find the file specified. (code: 2) F:\FBP.com\application\controllers\admin\Properties.php 997
ERROR - 2019-10-13 23:27:20 --> Severity: Warning --> rename(uploads/properties/Parkway9.png,uploads//Parkway9.png): The system cannot find the file specified. (code: 2) F:\FBP.com\application\controllers\admin\Properties.php 984
ERROR - 2019-10-13 23:27:20 --> Severity: Warning --> rename(uploads/properties/Divino9.png,uploads//Divino9.png): The system cannot find the file specified. (code: 2) F:\FBP.com\application\controllers\admin\Properties.php 984
ERROR - 2019-10-13 23:27:20 --> Severity: Warning --> rename(uploads/properties/Golfshire9.png,uploads//Golfshire9.png): The system cannot find the file specified. (code: 2) F:\FBP.com\application\controllers\admin\Properties.php 984
ERROR - 2019-10-13 23:27:20 --> Severity: Warning --> rename(uploads/properties/Parkway8.png,uploads/Parkway8.png): The system cannot find the file specified. (code: 2) F:\FBP.com\application\controllers\admin\Properties.php 997
ERROR - 2019-10-13 23:27:20 --> Severity: Warning --> rename(uploads/properties/Divino8.png,uploads/Divino8.png): The system cannot find the file specified. (code: 2) F:\FBP.com\application\controllers\admin\Properties.php 997
ERROR - 2019-10-13 23:27:20 --> Severity: Warning --> rename(uploads/properties/Golfshire8.png,uploads/Golfshire8.png): The system cannot find the file specified. (code: 2) F:\FBP.com\application\controllers\admin\Properties.php 997
ERROR - 2019-10-13 23:28:18 --> Severity: Warning --> rename(uploads/properties/Divino8.png,uploads//Divino8.png): The system cannot find the file specified. (code: 2) F:\FBP.com\application\controllers\admin\Properties.php 984
ERROR - 2019-10-13 23:28:18 --> Severity: Warning --> rename(uploads/properties/Parkway8.png,uploads//Parkway8.png): The system cannot find the file specified. (code: 2) F:\FBP.com\application\controllers\admin\Properties.php 984
ERROR - 2019-10-13 23:28:18 --> Severity: Warning --> rename(uploads/properties/Golfshire8.png,uploads//Golfshire8.png): The system cannot find the file specified. (code: 2) F:\FBP.com\application\controllers\admin\Properties.php 984
ERROR - 2019-10-13 23:28:18 --> Severity: Warning --> rename(uploads/properties/banner-021.jpg,uploads/banner-021.jpg): The system cannot find the file specified. (code: 2) F:\FBP.com\application\controllers\admin\Properties.php 997
ERROR - 2019-10-13 23:28:18 --> Severity: Warning --> rename(uploads/properties/banner-015.jpg,uploads/banner-015.jpg): The system cannot find the file specified. (code: 2) F:\FBP.com\application\controllers\admin\Properties.php 997
ERROR - 2019-10-13 23:28:18 --> Severity: Warning --> rename(uploads/properties/banner-033.jpg,uploads/banner-033.jpg): The system cannot find the file specified. (code: 2) F:\FBP.com\application\controllers\admin\Properties.php 997
ERROR - 2019-10-13 23:30:10 --> Severity: Warning --> rename(uploads/properties/banner-021.jpg,uploads/banner-021.jpg): The system cannot find the file specified. (code: 2) F:\FBP.com\application\controllers\admin\Properties.php 987
ERROR - 2019-10-13 23:30:10 --> Severity: Warning --> rename(uploads/properties/banner-015.jpg,uploads/banner-015.jpg): The system cannot find the file specified. (code: 2) F:\FBP.com\application\controllers\admin\Properties.php 987
ERROR - 2019-10-13 23:30:10 --> Severity: Warning --> rename(uploads/properties/banner-033.jpg,uploads/banner-033.jpg): The system cannot find the file specified. (code: 2) F:\FBP.com\application\controllers\admin\Properties.php 987
ERROR - 2019-10-13 23:32:25 --> Severity: Warning --> rename(uploads/properties/banner-021.jpg,uploads/banner-021.jpg): The system cannot find the file specified. (code: 2) F:\FBP.com\application\controllers\admin\Properties.php 987
ERROR - 2019-10-13 23:32:25 --> Severity: Warning --> rename(uploads/properties/banner-015.jpg,uploads/banner-015.jpg): The system cannot find the file specified. (code: 2) F:\FBP.com\application\controllers\admin\Properties.php 987
ERROR - 2019-10-13 23:32:25 --> Severity: Warning --> rename(uploads/properties/banner-033.jpg,uploads/banner-033.jpg): The system cannot find the file specified. (code: 2) F:\FBP.com\application\controllers\admin\Properties.php 987
ERROR - 2019-10-13 20:05:52 --> Severity: error --> Exception: syntax error, unexpected '.0' (T_DNUMBER), expecting ')' F:\FBP.com\application\controllers\admin\Properties.php 985
ERROR - 2019-10-13 20:06:09 --> Severity: error --> Exception: syntax error, unexpected ''0'' (T_CONSTANT_ENCAPSED_STRING), expecting variable (T_VARIABLE) or '{' or '$' F:\FBP.com\application\controllers\admin\Properties.php 985
ERROR - 2019-10-13 23:36:17 --> Severity: Warning --> rename(uploads/properties/banner-015.jpg,uploads/banner-015.jpg): The system cannot find the file specified. (code: 2) F:\FBP.com\application\controllers\admin\Properties.php 987
ERROR - 2019-10-13 23:36:17 --> Severity: Warning --> rename(uploads/properties/banner-021.jpg,uploads/banner-021.jpg): The system cannot find the file specified. (code: 2) F:\FBP.com\application\controllers\admin\Properties.php 987
ERROR - 2019-10-13 23:36:17 --> Severity: Warning --> rename(uploads/properties/banner-033.jpg,uploads/banner-033.jpg): The system cannot find the file specified. (code: 2) F:\FBP.com\application\controllers\admin\Properties.php 987
