ERROR - 2019-09-17 00:28:30 --> Severity: Warning --> Illegal string offset 'keyword' /home/fullbasketproper/public_html/application/views/listing.php 186
ERROR - 2019-09-17 01:03:58 --> 404 Page Not Found: 
ERROR - 2019-09-17 01:19:28 --> 404 Page Not Found: 
ERROR - 2019-09-17 01:43:22 --> Severity: Warning --> Illegal string offset 'keyword' /home/fullbasketproper/public_html/application/views/listing.php 186
ERROR - 2019-09-17 02:34:55 --> 404 Page Not Found: 
ERROR - 2019-09-17 02:55:06 --> Severity: Warning --> Illegal string offset 'keyword' /home/fullbasketproper/public_html/application/views/listing.php 186
ERROR - 2019-09-17 03:01:35 --> 404 Page Not Found: 
ERROR - 2019-09-17 03:03:44 --> Severity: Warning --> Illegal string offset 'keyword' /home/fullbasketproper/public_html/application/views/listing.php 186
ERROR - 2019-09-17 03:20:08 --> 404 Page Not Found: 
ERROR - 2019-09-17 03:32:21 --> 404 Page Not Found: 
ERROR - 2019-09-17 03:50:32 --> Severity: Warning --> Illegal string offset 'keyword' /home/fullbasketproper/public_html/application/views/listing.php 186
ERROR - 2019-09-17 03:53:05 --> Severity: Warning --> Illegal string offset 'keyword' /home/fullbasketproper/public_html/application/views/listing.php 186
ERROR - 2019-09-17 03:54:18 --> Severity: Warning --> Illegal string offset 'keyword' /home/fullbasketproper/public_html/application/views/listing.php 186
ERROR - 2019-09-17 03:54:41 --> Severity: Warning --> Illegal string offset 'keyword' /home/fullbasketproper/public_html/application/views/listing.php 186
ERROR - 2019-09-17 03:55:12 --> Severity: Warning --> Illegal string offset 'keyword' /home/fullbasketproper/public_html/application/views/listing.php 186
ERROR - 2019-09-17 03:55:19 --> Severity: Warning --> Illegal string offset 'keyword' /home/fullbasketproper/public_html/application/views/listing.php 186
ERROR - 2019-09-17 04:00:02 --> 404 Page Not Found: 
ERROR - 2019-09-17 04:11:59 --> Severity: Warning --> Illegal string offset 'keyword' /home/fullbasketproper/public_html/application/views/listing.php 186
ERROR - 2019-09-17 04:23:19 --> Severity: Warning --> Illegal string offset 'keyword' /home/fullbasketproper/public_html/application/views/listing.php 186
ERROR - 2019-09-17 04:23:36 --> Severity: Warning --> Illegal string offset 'keyword' /home/fullbasketproper/public_html/application/views/listing.php 186
ERROR - 2019-09-17 04:23:43 --> Severity: Warning --> Illegal string offset 'keyword' /home/fullbasketproper/public_html/application/views/listing.php 186
ERROR - 2019-09-17 04:32:23 --> 404 Page Not Found: 
ERROR - 2019-09-17 04:51:19 --> Severity: Warning --> Illegal string offset 'keyword' /home/fullbasketproper/public_html/application/views/listing.php 186
ERROR - 2019-09-17 04:59:59 --> 404 Page Not Found: 
ERROR - 2019-09-17 05:00:08 --> Severity: Warning --> Illegal string offset 'keyword' /home/fullbasketproper/public_html/application/views/listing.php 186
ERROR - 2019-09-17 05:25:38 --> Severity: Warning --> Illegal string offset 'keyword' /home/fullbasketproper/public_html/application/views/listing.php 186
ERROR - 2019-09-17 05:34:04 --> 404 Page Not Found: 
ERROR - 2019-09-17 06:09:40 --> Severity: Warning --> Illegal string offset 'keyword' /home/fullbasketproper/public_html/application/views/listing.php 186
ERROR - 2019-09-17 06:19:30 --> 404 Page Not Found: 
ERROR - 2019-09-17 06:20:05 --> 404 Page Not Found: 
ERROR - 2019-09-17 06:26:32 --> 404 Page Not Found: 
ERROR - 2019-09-17 06:59:40 --> 404 Page Not Found: 
ERROR - 2019-09-17 06:59:44 --> 404 Page Not Found: 
ERROR - 2019-09-17 07:10:59 --> 404 Page Not Found: 
ERROR - 2019-09-17 07:15:16 --> 404 Page Not Found: 
ERROR - 2019-09-17 07:15:17 --> 404 Page Not Found: 
ERROR - 2019-09-17 07:15:18 --> 404 Page Not Found: 
ERROR - 2019-09-17 07:15:18 --> 404 Page Not Found: 
ERROR - 2019-09-17 07:15:19 --> 404 Page Not Found: 
ERROR - 2019-09-17 07:15:25 --> 404 Page Not Found: 
ERROR - 2019-09-17 07:15:25 --> 404 Page Not Found: 
ERROR - 2019-09-17 07:34:04 --> 404 Page Not Found: 
ERROR - 2019-09-17 08:00:56 --> 404 Page Not Found: 
ERROR - 2019-09-17 08:13:13 --> Severity: Warning --> Illegal string offset 'keyword' /home/fullbasketproper/public_html/application/views/listing.php 186
ERROR - 2019-09-17 08:32:27 --> 404 Page Not Found: 
ERROR - 2019-09-17 09:11:02 --> 404 Page Not Found: 
ERROR - 2019-09-17 09:29:39 --> 404 Page Not Found: 
ERROR - 2019-09-17 09:34:27 --> Severity: Warning --> Illegal string offset 'keyword' /home/fullbasketproper/public_html/application/views/listing.php 186
ERROR - 2019-09-17 09:34:40 --> Severity: Warning --> Illegal string offset 'keyword' /home/fullbasketproper/public_html/application/views/listing.php 186
ERROR - 2019-09-17 09:34:46 --> Severity: Warning --> Illegal string offset 'keyword' /home/fullbasketproper/public_html/application/views/listing.php 186
ERROR - 2019-09-17 09:34:52 --> Severity: Warning --> Illegal string offset 'keyword' /home/fullbasketproper/public_html/application/views/listing.php 186
ERROR - 2019-09-17 09:34:58 --> Severity: Warning --> Illegal string offset 'keyword' /home/fullbasketproper/public_html/application/views/listing.php 186
ERROR - 2019-09-17 09:35:05 --> Severity: Warning --> Illegal string offset 'keyword' /home/fullbasketproper/public_html/application/views/listing.php 186
ERROR - 2019-09-17 09:35:20 --> Severity: Warning --> Illegal string offset 'keyword' /home/fullbasketproper/public_html/application/views/listing.php 186
ERROR - 2019-09-17 09:35:37 --> Severity: Warning --> Illegal string offset 'keyword' /home/fullbasketproper/public_html/application/views/listing.php 186
ERROR - 2019-09-17 09:35:43 --> Severity: Warning --> Illegal string offset 'keyword' /home/fullbasketproper/public_html/application/views/listing.php 186
ERROR - 2019-09-17 09:35:58 --> Severity: Warning --> Illegal string offset 'keyword' /home/fullbasketproper/public_html/application/views/listing.php 186
ERROR - 2019-09-17 09:36:23 --> Severity: Warning --> Illegal string offset 'keyword' /home/fullbasketproper/public_html/application/views/listing.php 186
ERROR - 2019-09-17 09:36:41 --> Severity: Warning --> Illegal string offset 'keyword' /home/fullbasketproper/public_html/application/views/listing.php 186
ERROR - 2019-09-17 09:36:47 --> Severity: Warning --> Illegal string offset 'keyword' /home/fullbasketproper/public_html/application/views/listing.php 186
ERROR - 2019-09-17 09:36:59 --> Severity: Warning --> Illegal string offset 'keyword' /home/fullbasketproper/public_html/application/views/listing.php 186
ERROR - 2019-09-17 09:37:08 --> Severity: Warning --> Illegal string offset 'keyword' /home/fullbasketproper/public_html/application/views/listing.php 186
ERROR - 2019-09-17 09:37:17 --> Severity: Warning --> Illegal string offset 'keyword' /home/fullbasketproper/public_html/application/views/listing.php 186
ERROR - 2019-09-17 09:37:23 --> Severity: Warning --> Illegal string offset 'keyword' /home/fullbasketproper/public_html/application/views/listing.php 186
ERROR - 2019-09-17 09:37:30 --> Severity: Warning --> Illegal string offset 'keyword' /home/fullbasketproper/public_html/application/views/listing.php 186
ERROR - 2019-09-17 09:37:36 --> Severity: Warning --> Illegal string offset 'keyword' /home/fullbasketproper/public_html/application/views/listing.php 186
ERROR - 2019-09-17 09:37:51 --> Severity: Warning --> Illegal string offset 'keyword' /home/fullbasketproper/public_html/application/views/listing.php 186
ERROR - 2019-09-17 09:38:05 --> Severity: Warning --> Illegal string offset 'keyword' /home/fullbasketproper/public_html/application/views/listing.php 186
ERROR - 2019-09-17 09:38:17 --> Severity: Warning --> Illegal string offset 'keyword' /home/fullbasketproper/public_html/application/views/listing.php 186
ERROR - 2019-09-17 09:38:29 --> Severity: Warning --> Illegal string offset 'keyword' /home/fullbasketproper/public_html/application/views/listing.php 186
ERROR - 2019-09-17 09:38:42 --> Severity: Warning --> Illegal string offset 'keyword' /home/fullbasketproper/public_html/application/views/listing.php 186
ERROR - 2019-09-17 09:38:50 --> Severity: Warning --> Illegal string offset 'keyword' /home/fullbasketproper/public_html/application/views/listing.php 186
ERROR - 2019-09-17 09:38:57 --> Severity: Warning --> Illegal string offset 'keyword' /home/fullbasketproper/public_html/application/views/listing.php 186
ERROR - 2019-09-17 09:39:16 --> Severity: Warning --> Illegal string offset 'keyword' /home/fullbasketproper/public_html/application/views/listing.php 186
ERROR - 2019-09-17 09:39:29 --> Severity: Warning --> Illegal string offset 'keyword' /home/fullbasketproper/public_html/application/views/listing.php 186
ERROR - 2019-09-17 09:39:35 --> Severity: Warning --> Illegal string offset 'keyword' /home/fullbasketproper/public_html/application/views/listing.php 186
ERROR - 2019-09-17 09:39:50 --> Severity: Warning --> Illegal string offset 'keyword' /home/fullbasketproper/public_html/application/views/listing.php 186
ERROR - 2019-09-17 09:39:56 --> Severity: Warning --> Illegal string offset 'keyword' /home/fullbasketproper/public_html/application/views/listing.php 186
ERROR - 2019-09-17 09:40:02 --> Severity: Warning --> Illegal string offset 'keyword' /home/fullbasketproper/public_html/application/views/listing.php 186
ERROR - 2019-09-17 09:40:08 --> Severity: Warning --> Illegal string offset 'keyword' /home/fullbasketproper/public_html/application/views/listing.php 186
ERROR - 2019-09-17 09:40:23 --> Severity: Warning --> Illegal string offset 'keyword' /home/fullbasketproper/public_html/application/views/listing.php 186
ERROR - 2019-09-17 09:40:29 --> Severity: Warning --> Illegal string offset 'keyword' /home/fullbasketproper/public_html/application/views/listing.php 186
ERROR - 2019-09-17 09:40:34 --> Severity: Warning --> Illegal string offset 'keyword' /home/fullbasketproper/public_html/application/views/listing.php 186
ERROR - 2019-09-17 09:40:59 --> Severity: Warning --> Illegal string offset 'keyword' /home/fullbasketproper/public_html/application/views/listing.php 186
ERROR - 2019-09-17 09:41:13 --> Severity: Warning --> Illegal string offset 'keyword' /home/fullbasketproper/public_html/application/views/listing.php 186
ERROR - 2019-09-17 09:41:30 --> Severity: Warning --> Illegal string offset 'keyword' /home/fullbasketproper/public_html/application/views/listing.php 186
ERROR - 2019-09-17 09:41:55 --> Severity: Warning --> Illegal string offset 'keyword' /home/fullbasketproper/public_html/application/views/listing.php 186
ERROR - 2019-09-17 09:42:18 --> Severity: Warning --> Illegal string offset 'keyword' /home/fullbasketproper/public_html/application/views/listing.php 186
ERROR - 2019-09-17 09:42:30 --> Severity: Warning --> Illegal string offset 'keyword' /home/fullbasketproper/public_html/application/views/listing.php 186
ERROR - 2019-09-17 09:42:36 --> Severity: Warning --> Illegal string offset 'keyword' /home/fullbasketproper/public_html/application/views/listing.php 186
ERROR - 2019-09-17 09:42:54 --> Severity: Warning --> Illegal string offset 'keyword' /home/fullbasketproper/public_html/application/views/listing.php 186
ERROR - 2019-09-17 09:42:58 --> Severity: Warning --> Illegal string offset 'keyword' /home/fullbasketproper/public_html/application/views/listing.php 186
ERROR - 2019-09-17 10:35:30 --> 404 Page Not Found: 
ERROR - 2019-09-17 10:35:39 --> Severity: Warning --> Illegal string offset 'keyword' /home/fullbasketproper/public_html/application/views/listing.php 186
ERROR - 2019-09-17 10:38:48 --> 404 Page Not Found: 
ERROR - 2019-09-17 10:38:48 --> 404 Page Not Found: 
ERROR - 2019-09-17 10:46:37 --> Severity: Warning --> Illegal string offset 'keyword' /home/fullbasketproper/public_html/application/views/listing.php 186
ERROR - 2019-09-17 10:47:05 --> Severity: Warning --> Illegal string offset 'keyword' /home/fullbasketproper/public_html/application/views/listing.php 186
ERROR - 2019-09-17 10:47:09 --> Severity: Warning --> Illegal string offset 'keyword' /home/fullbasketproper/public_html/application/views/listing.php 186
ERROR - 2019-09-17 11:14:11 --> 404 Page Not Found: 
ERROR - 2019-09-17 11:14:24 --> Severity: Warning --> Illegal string offset 'keyword' /home/fullbasketproper/public_html/application/views/listing.php 186
ERROR - 2019-09-17 11:14:28 --> 404 Page Not Found: 
ERROR - 2019-09-17 11:15:50 --> 404 Page Not Found: 
ERROR - 2019-09-17 11:16:21 --> 404 Page Not Found: 
ERROR - 2019-09-17 11:22:22 --> 404 Page Not Found: 
ERROR - 2019-09-17 11:32:56 --> 404 Page Not Found: 
ERROR - 2019-09-17 11:33:43 --> Severity: Warning --> Illegal string offset 'keyword' /home/fullbasketproper/public_html/application/views/listing.php 186
ERROR - 2019-09-17 11:44:53 --> 404 Page Not Found: 
ERROR - 2019-09-17 11:45:52 --> 404 Page Not Found: 
ERROR - 2019-09-17 11:46:04 --> Severity: Warning --> Illegal string offset 'keyword' /home/fullbasketproper/public_html/application/views/listing.php 186
ERROR - 2019-09-17 11:49:29 --> Severity: Warning --> Illegal string offset 'keyword' /home/fullbasketproper/public_html/application/views/listing.php 186
ERROR - 2019-09-17 11:53:22 --> 404 Page Not Found: 
ERROR - 2019-09-17 12:03:12 --> Severity: Warning --> Illegal string offset 'keyword' /home/fullbasketproper/public_html/application/views/listing.php 186
ERROR - 2019-09-17 12:05:23 --> Severity: Warning --> Illegal string offset 'keyword' /home/fullbasketproper/public_html/application/views/listing.php 186
ERROR - 2019-09-17 12:13:59 --> 404 Page Not Found: 
ERROR - 2019-09-17 12:14:35 --> 404 Page Not Found: 
ERROR - 2019-09-17 12:20:00 --> 404 Page Not Found: 
ERROR - 2019-09-17 12:25:17 --> 404 Page Not Found: 
ERROR - 2019-09-17 12:27:20 --> 404 Page Not Found: 
ERROR - 2019-09-17 12:34:32 --> 404 Page Not Found: 
ERROR - 2019-09-17 12:34:38 --> 404 Page Not Found: 
ERROR - 2019-09-17 12:34:47 --> Severity: Warning --> Illegal string offset 'keyword' /home/fullbasketproper/public_html/application/views/listing.php 186
ERROR - 2019-09-17 12:34:52 --> Severity: Warning --> Illegal string offset 'keyword' /home/fullbasketproper/public_html/application/views/listing.php 186
ERROR - 2019-09-17 12:34:56 --> Severity: Warning --> Illegal string offset 'keyword' /home/fullbasketproper/public_html/application/views/listing.php 186
ERROR - 2019-09-17 12:42:00 --> 404 Page Not Found: 
ERROR - 2019-09-17 12:42:40 --> 404 Page Not Found: 
ERROR - 2019-09-17 12:45:17 --> 404 Page Not Found: 
ERROR - 2019-09-17 12:50:32 --> 404 Page Not Found: 
ERROR - 2019-09-17 12:54:09 --> Severity: Warning --> Illegal string offset 'keyword' /home/fullbasketproper/public_html/application/views/listing.php 186
ERROR - 2019-09-17 13:07:52 --> 404 Page Not Found: 
ERROR - 2019-09-17 13:07:57 --> 404 Page Not Found: 
ERROR - 2019-09-17 13:08:07 --> 404 Page Not Found: 
ERROR - 2019-09-17 13:08:26 --> 404 Page Not Found: 
ERROR - 2019-09-17 13:08:26 --> 404 Page Not Found: 
ERROR - 2019-09-17 13:08:46 --> 404 Page Not Found: 
ERROR - 2019-09-17 13:08:49 --> 404 Page Not Found: 
ERROR - 2019-09-17 13:33:47 --> 404 Page Not Found: 
ERROR - 2019-09-17 13:46:45 --> 404 Page Not Found: 
ERROR - 2019-09-17 14:14:51 --> 404 Page Not Found: 
ERROR - 2019-09-17 14:25:32 --> Severity: Warning --> Illegal string offset 'keyword' /home/fullbasketproper/public_html/application/views/listing.php 186
ERROR - 2019-09-17 14:34:03 --> Severity: Warning --> Illegal string offset 'keyword' /home/fullbasketproper/public_html/application/views/listing.php 186
ERROR - 2019-09-17 14:34:22 --> Severity: Warning --> Illegal string offset 'keyword' /home/fullbasketproper/public_html/application/views/listing.php 186
ERROR - 2019-09-17 14:34:38 --> Severity: Warning --> Illegal string offset 'keyword' /home/fullbasketproper/public_html/application/views/listing.php 186
ERROR - 2019-09-17 14:34:52 --> Severity: Warning --> Illegal string offset 'keyword' /home/fullbasketproper/public_html/application/views/listing.php 186
ERROR - 2019-09-17 14:35:08 --> Severity: Warning --> Illegal string offset 'keyword' /home/fullbasketproper/public_html/application/views/listing.php 186
ERROR - 2019-09-17 14:35:21 --> Severity: Warning --> Illegal string offset 'keyword' /home/fullbasketproper/public_html/application/views/listing.php 186
ERROR - 2019-09-17 14:35:38 --> Severity: Warning --> Illegal string offset 'keyword' /home/fullbasketproper/public_html/application/views/listing.php 186
ERROR - 2019-09-17 14:35:51 --> Severity: Warning --> Illegal string offset 'keyword' /home/fullbasketproper/public_html/application/views/listing.php 186
ERROR - 2019-09-17 14:36:07 --> Severity: Warning --> Illegal string offset 'keyword' /home/fullbasketproper/public_html/application/views/listing.php 186
ERROR - 2019-09-17 14:36:22 --> Severity: Warning --> Illegal string offset 'keyword' /home/fullbasketproper/public_html/application/views/listing.php 186
ERROR - 2019-09-17 14:45:45 --> 404 Page Not Found: 
ERROR - 2019-09-17 14:48:55 --> 404 Page Not Found: 
ERROR - 2019-09-17 14:49:00 --> 404 Page Not Found: 
ERROR - 2019-09-17 14:59:37 --> 404 Page Not Found: 
ERROR - 2019-09-17 15:00:08 --> 404 Page Not Found: 
ERROR - 2019-09-17 15:06:47 --> 404 Page Not Found: 
ERROR - 2019-09-17 15:10:30 --> 404 Page Not Found: 
ERROR - 2019-09-17 15:21:38 --> 404 Page Not Found: 
ERROR - 2019-09-17 15:36:43 --> 404 Page Not Found: 
ERROR - 2019-09-17 15:40:41 --> 404 Page Not Found: 
ERROR - 2019-09-17 15:49:56 --> 404 Page Not Found: 
ERROR - 2019-09-17 15:51:53 --> 404 Page Not Found: 
ERROR - 2019-09-17 16:08:44 --> 404 Page Not Found: 
ERROR - 2019-09-17 16:24:54 --> 404 Page Not Found: 
ERROR - 2019-09-17 16:29:20 --> 404 Page Not Found: 
ERROR - 2019-09-17 16:34:36 --> 404 Page Not Found: 
ERROR - 2019-09-17 16:59:52 --> 404 Page Not Found: 
ERROR - 2019-09-17 17:05:40 --> Severity: Warning --> Illegal string offset 'keyword' /home/fullbasketproper/public_html/application/views/listing.php 186
ERROR - 2019-09-17 17:10:04 --> Severity: Warning --> Illegal string offset 'keyword' /home/fullbasketproper/public_html/application/views/listing.php 186
ERROR - 2019-09-17 17:12:26 --> 404 Page Not Found: 
ERROR - 2019-09-17 17:16:10 --> Severity: Warning --> Illegal string offset 'keyword' /home/fullbasketproper/public_html/application/views/listing.php 186
ERROR - 2019-09-17 17:26:38 --> 404 Page Not Found: 
ERROR - 2019-09-17 17:37:08 --> 404 Page Not Found: 
ERROR - 2019-09-17 17:37:09 --> 404 Page Not Found: 
ERROR - 2019-09-17 17:37:46 --> 404 Page Not Found: 
ERROR - 2019-09-17 17:51:41 --> 404 Page Not Found: 
ERROR - 2019-09-17 18:01:25 --> Severity: Warning --> Illegal string offset 'keyword' /home/fullbasketproper/public_html/application/views/listing.php 186
ERROR - 2019-09-17 18:06:20 --> 404 Page Not Found: 
ERROR - 2019-09-17 18:06:50 --> 404 Page Not Found: 
ERROR - 2019-09-17 18:29:50 --> 404 Page Not Found: 
ERROR - 2019-09-17 18:57:17 --> 404 Page Not Found: 
ERROR - 2019-09-17 18:59:05 --> 404 Page Not Found: 
ERROR - 2019-09-17 19:30:44 --> 404 Page Not Found: 
ERROR - 2019-09-17 19:45:19 --> 404 Page Not Found: 
ERROR - 2019-09-17 19:57:19 --> 404 Page Not Found: 
ERROR - 2019-09-17 20:07:31 --> 404 Page Not Found: 
ERROR - 2019-09-17 20:08:17 --> 404 Page Not Found: 
ERROR - 2019-09-17 20:24:07 --> 404 Page Not Found: 
ERROR - 2019-09-17 20:28:07 --> 404 Page Not Found: 
ERROR - 2019-09-17 20:28:07 --> 404 Page Not Found: 
ERROR - 2019-09-17 20:28:08 --> 404 Page Not Found: 
ERROR - 2019-09-17 20:28:08 --> 404 Page Not Found: 
ERROR - 2019-09-17 20:28:08 --> 404 Page Not Found: 
ERROR - 2019-09-17 20:28:11 --> 404 Page Not Found: 
ERROR - 2019-09-17 20:28:11 --> 404 Page Not Found: 
ERROR - 2019-09-17 20:32:21 --> Severity: Warning --> Illegal string offset 'keyword' /home/fullbasketproper/public_html/application/views/listing.php 186
ERROR - 2019-09-17 21:12:05 --> 404 Page Not Found: 
ERROR - 2019-09-17 21:20:48 --> 404 Page Not Found: 
ERROR - 2019-09-17 21:22:10 --> Severity: Warning --> Illegal string offset 'keyword' /home/fullbasketproper/public_html/application/views/listing.php 186
ERROR - 2019-09-17 21:32:01 --> Severity: Warning --> Illegal string offset 'keyword' /home/fullbasketproper/public_html/application/views/listing.php 186
ERROR - 2019-09-17 21:32:57 --> Severity: Warning --> Illegal string offset 'keyword' /home/fullbasketproper/public_html/application/views/listing.php 186
ERROR - 2019-09-17 21:38:12 --> Severity: Warning --> Illegal string offset 'keyword' /home/fullbasketproper/public_html/application/views/listing.php 186
ERROR - 2019-09-17 21:47:28 --> Query error: You have an error in your SQL syntax; check the manual that corresponds to your MySQL server version for the right syntax to use near '-10, 10' at line 11 - Invalid query: SELECT DISTINCT `p`.*, `c`.`name` as `city_name`, `ps`.`name` as `property_status`, `pt`.`name` as `prop_type`, `b`.`name` as `builder`, `l`.`name` as `location`
FROM `properties` `p`
LEFT JOIN `cities` `c` ON `p`.`city_id` = `c`.`id`
LEFT JOIN `builders` `b` ON `p`.`builder_id` = `b`.`id`
LEFT JOIN `locations` `l` ON `p`.`location_id` = `l`.`id`
LEFT JOIN `property_types` `pt` ON `p`.`property_type_id` = `pt`.`id`
LEFT JOIN `property_status` `ps` ON `p`.`property_status_id` = `ps`.`id`
LEFT JOIN `property_amenities` `pa` ON `pa`.`property_id` = `p`.`id`
WHERE `p`.`status` = 1
ORDER BY `p`.`id` DESC
 LIMIT -10, 10
ERROR - 2019-09-17 22:01:10 --> 404 Page Not Found: 
ERROR - 2019-09-17 22:06:24 --> Severity: Warning --> Illegal string offset 'keyword' /home/fullbasketproper/public_html/application/views/listing.php 186
ERROR - 2019-09-17 22:19:48 --> 404 Page Not Found: 
ERROR - 2019-09-17 22:29:23 --> 404 Page Not Found: 
ERROR - 2019-09-17 22:41:11 --> 404 Page Not Found: 
ERROR - 2019-09-17 22:41:15 --> 404 Page Not Found: 
ERROR - 2019-09-17 22:41:44 --> 404 Page Not Found: 
ERROR - 2019-09-17 22:41:51 --> Severity: Warning --> Illegal string offset 'keyword' /home/fullbasketproper/public_html/application/views/listing.php 186
ERROR - 2019-09-17 22:41:56 --> Severity: Warning --> Illegal string offset 'keyword' /home/fullbasketproper/public_html/application/views/listing.php 186
ERROR - 2019-09-17 22:42:20 --> Severity: Warning --> Illegal string offset 'keyword' /home/fullbasketproper/public_html/application/views/listing.php 186
ERROR - 2019-09-17 22:42:25 --> 404 Page Not Found: 
ERROR - 2019-09-17 22:44:55 --> Severity: Warning --> Illegal string offset 'keyword' /home/fullbasketproper/public_html/application/views/listing.php 186
ERROR - 2019-09-17 22:45:41 --> 404 Page Not Found: 
ERROR - 2019-09-17 22:53:43 --> 404 Page Not Found: 
ERROR - 2019-09-17 22:53:49 --> 404 Page Not Found: 
ERROR - 2019-09-17 23:00:09 --> Severity: Warning --> Illegal string offset 'keyword' /home/fullbasketproper/public_html/application/views/listing.php 186
ERROR - 2019-09-17 23:27:14 --> 404 Page Not Found: 
ERROR - 2019-09-17 23:33:53 --> Severity: Warning --> Illegal string offset 'keyword' /home/fullbasketproper/public_html/application/views/listing.php 186
