ERROR - 2020-04-08 11:50:32 --> 404 Page Not Found: 
ERROR - 2020-04-08 11:50:32 --> 404 Page Not Found: 
ERROR - 2020-04-08 11:50:32 --> 404 Page Not Found: 
ERROR - 2020-04-08 11:50:33 --> 404 Page Not Found: 
ERROR - 2020-04-08 11:50:33 --> 404 Page Not Found: 
ERROR - 2020-04-08 11:50:33 --> 404 Page Not Found: 
ERROR - 2020-04-08 11:50:33 --> 404 Page Not Found: 
ERROR - 2020-04-08 11:50:33 --> 404 Page Not Found: 
ERROR - 2020-04-08 11:50:33 --> 404 Page Not Found: 
ERROR - 2020-04-08 11:50:33 --> 404 Page Not Found: 
ERROR - 2020-04-08 11:50:34 --> 404 Page Not Found: 
ERROR - 2020-04-08 11:50:34 --> 404 Page Not Found: 
ERROR - 2020-04-08 11:50:34 --> 404 Page Not Found: 
ERROR - 2020-04-08 11:50:34 --> 404 Page Not Found: 
ERROR - 2020-04-08 11:50:34 --> 404 Page Not Found: 
ERROR - 2020-04-08 11:50:34 --> 404 Page Not Found: 
ERROR - 2020-04-08 11:50:34 --> 404 Page Not Found: 
ERROR - 2020-04-08 11:50:34 --> 404 Page Not Found: 
ERROR - 2020-04-08 11:50:34 --> 404 Page Not Found: 
ERROR - 2020-04-08 11:50:35 --> 404 Page Not Found: 
ERROR - 2020-04-08 11:50:35 --> 404 Page Not Found: 
ERROR - 2020-04-08 11:50:35 --> 404 Page Not Found: 
ERROR - 2020-04-08 11:50:35 --> 404 Page Not Found: 
ERROR - 2020-04-08 11:50:35 --> 404 Page Not Found: 
ERROR - 2020-04-08 11:50:35 --> 404 Page Not Found: 
ERROR - 2020-04-08 11:50:35 --> 404 Page Not Found: 
ERROR - 2020-04-08 11:50:47 --> 404 Page Not Found: 
ERROR - 2020-04-08 11:50:48 --> 404 Page Not Found: 
ERROR - 2020-04-08 11:50:48 --> 404 Page Not Found: 
ERROR - 2020-04-08 11:50:48 --> 404 Page Not Found: 
ERROR - 2020-04-08 11:50:48 --> 404 Page Not Found: 
ERROR - 2020-04-08 11:50:48 --> 404 Page Not Found: 
ERROR - 2020-04-08 11:50:48 --> 404 Page Not Found: 
ERROR - 2020-04-08 11:50:48 --> 404 Page Not Found: 
ERROR - 2020-04-08 11:50:48 --> 404 Page Not Found: 
ERROR - 2020-04-08 11:50:48 --> 404 Page Not Found: 
ERROR - 2020-04-08 11:50:48 --> 404 Page Not Found: 
ERROR - 2020-04-08 11:50:49 --> 404 Page Not Found: 
ERROR - 2020-04-08 11:50:49 --> 404 Page Not Found: 
ERROR - 2020-04-08 11:50:49 --> 404 Page Not Found: 
ERROR - 2020-04-08 11:50:49 --> 404 Page Not Found: 
ERROR - 2020-04-08 11:50:49 --> 404 Page Not Found: 
ERROR - 2020-04-08 11:50:49 --> 404 Page Not Found: 
ERROR - 2020-04-08 11:50:49 --> 404 Page Not Found: 
ERROR - 2020-04-08 11:50:49 --> 404 Page Not Found: 
ERROR - 2020-04-08 11:50:49 --> 404 Page Not Found: 
ERROR - 2020-04-08 11:50:49 --> 404 Page Not Found: 
ERROR - 2020-04-08 11:50:49 --> 404 Page Not Found: 
ERROR - 2020-04-08 11:50:49 --> 404 Page Not Found: 
ERROR - 2020-04-08 11:50:49 --> 404 Page Not Found: 
ERROR - 2020-04-08 11:50:50 --> 404 Page Not Found: 
ERROR - 2020-04-08 11:50:50 --> 404 Page Not Found: 
ERROR - 2020-04-08 11:55:49 --> 404 Page Not Found: 
ERROR - 2020-04-08 11:55:50 --> 404 Page Not Found: 
ERROR - 2020-04-08 11:55:50 --> 404 Page Not Found: 
ERROR - 2020-04-08 11:55:50 --> 404 Page Not Found: 
ERROR - 2020-04-08 11:55:50 --> 404 Page Not Found: 
ERROR - 2020-04-08 11:55:50 --> 404 Page Not Found: 
ERROR - 2020-04-08 11:55:50 --> 404 Page Not Found: 
ERROR - 2020-04-08 11:55:50 --> 404 Page Not Found: 
ERROR - 2020-04-08 11:55:52 --> 404 Page Not Found: 
ERROR - 2020-04-08 11:57:14 --> 404 Page Not Found: 
ERROR - 2020-04-08 11:57:41 --> 404 Page Not Found: 
ERROR - 2020-04-08 11:57:41 --> 404 Page Not Found: 
ERROR - 2020-04-08 11:57:41 --> 404 Page Not Found: 
ERROR - 2020-04-08 11:57:41 --> 404 Page Not Found: 
ERROR - 2020-04-08 11:57:41 --> 404 Page Not Found: 
ERROR - 2020-04-08 11:57:41 --> 404 Page Not Found: 
ERROR - 2020-04-08 11:57:41 --> 404 Page Not Found: 
ERROR - 2020-04-08 11:57:41 --> 404 Page Not Found: 
ERROR - 2020-04-08 11:57:43 --> 404 Page Not Found: 
ERROR - 2020-04-08 11:57:53 --> 404 Page Not Found: 
ERROR - 2020-04-08 11:57:53 --> 404 Page Not Found: 
ERROR - 2020-04-08 11:57:53 --> 404 Page Not Found: 
ERROR - 2020-04-08 11:57:54 --> 404 Page Not Found: 
ERROR - 2020-04-08 11:57:54 --> 404 Page Not Found: 
ERROR - 2020-04-08 11:57:54 --> 404 Page Not Found: 
ERROR - 2020-04-08 11:57:54 --> 404 Page Not Found: 
ERROR - 2020-04-08 11:57:54 --> 404 Page Not Found: 
ERROR - 2020-04-08 11:57:56 --> 404 Page Not Found: 
ERROR - 2020-04-08 12:03:39 --> 404 Page Not Found: 
ERROR - 2020-04-08 12:03:48 --> 404 Page Not Found: 
ERROR - 2020-04-08 12:03:48 --> 404 Page Not Found: 
ERROR - 2020-04-08 12:03:48 --> 404 Page Not Found: 
ERROR - 2020-04-08 12:03:48 --> 404 Page Not Found: 
ERROR - 2020-04-08 12:03:48 --> 404 Page Not Found: 
ERROR - 2020-04-08 12:03:48 --> 404 Page Not Found: 
ERROR - 2020-04-08 12:03:48 --> 404 Page Not Found: 
ERROR - 2020-04-08 12:03:48 --> 404 Page Not Found: 
ERROR - 2020-04-08 12:03:50 --> 404 Page Not Found: 
ERROR - 2020-04-08 12:14:55 --> 404 Page Not Found: 
ERROR - 2020-04-08 12:14:55 --> 404 Page Not Found: 
ERROR - 2020-04-08 12:14:55 --> 404 Page Not Found: 
ERROR - 2020-04-08 12:14:55 --> 404 Page Not Found: 
ERROR - 2020-04-08 12:14:55 --> 404 Page Not Found: 
ERROR - 2020-04-08 12:14:55 --> 404 Page Not Found: 
ERROR - 2020-04-08 12:14:56 --> 404 Page Not Found: 
ERROR - 2020-04-08 12:14:56 --> 404 Page Not Found: 
ERROR - 2020-04-08 12:14:56 --> 404 Page Not Found: 
ERROR - 2020-04-08 12:14:57 --> 404 Page Not Found: 
ERROR - 2020-04-08 12:14:57 --> 404 Page Not Found: 
ERROR - 2020-04-08 12:14:57 --> 404 Page Not Found: 
ERROR - 2020-04-08 12:14:58 --> 404 Page Not Found: 
ERROR - 2020-04-08 12:14:58 --> 404 Page Not Found: 
ERROR - 2020-04-08 12:14:58 --> 404 Page Not Found: 
ERROR - 2020-04-08 12:14:58 --> 404 Page Not Found: 
ERROR - 2020-04-08 12:14:58 --> 404 Page Not Found: 
ERROR - 2020-04-08 12:14:58 --> 404 Page Not Found: 
ERROR - 2020-04-08 12:14:58 --> 404 Page Not Found: 
ERROR - 2020-04-08 12:14:58 --> 404 Page Not Found: 
ERROR - 2020-04-08 12:14:58 --> 404 Page Not Found: 
ERROR - 2020-04-08 12:14:59 --> 404 Page Not Found: 
ERROR - 2020-04-08 12:14:59 --> 404 Page Not Found: 
ERROR - 2020-04-08 12:15:00 --> 404 Page Not Found: 
ERROR - 2020-04-08 12:15:00 --> 404 Page Not Found: 
ERROR - 2020-04-08 12:15:00 --> 404 Page Not Found: 
ERROR - 2020-04-08 12:15:10 --> 404 Page Not Found: 
ERROR - 2020-04-08 12:15:10 --> 404 Page Not Found: 
ERROR - 2020-04-08 12:15:10 --> 404 Page Not Found: 
ERROR - 2020-04-08 12:15:11 --> 404 Page Not Found: 
ERROR - 2020-04-08 12:15:11 --> 404 Page Not Found: 
ERROR - 2020-04-08 12:15:11 --> 404 Page Not Found: 
ERROR - 2020-04-08 12:15:11 --> 404 Page Not Found: 
ERROR - 2020-04-08 12:15:12 --> 404 Page Not Found: 
ERROR - 2020-04-08 12:15:12 --> 404 Page Not Found: 
ERROR - 2020-04-08 12:15:13 --> 404 Page Not Found: 
ERROR - 2020-04-08 12:15:13 --> 404 Page Not Found: 
ERROR - 2020-04-08 12:15:13 --> 404 Page Not Found: 
ERROR - 2020-04-08 12:15:13 --> 404 Page Not Found: 
ERROR - 2020-04-08 12:15:13 --> 404 Page Not Found: 
ERROR - 2020-04-08 12:15:13 --> 404 Page Not Found: 
ERROR - 2020-04-08 12:15:13 --> 404 Page Not Found: 
ERROR - 2020-04-08 12:15:13 --> 404 Page Not Found: 
ERROR - 2020-04-08 12:15:14 --> 404 Page Not Found: 
ERROR - 2020-04-08 12:15:14 --> 404 Page Not Found: 
ERROR - 2020-04-08 12:15:14 --> 404 Page Not Found: 
ERROR - 2020-04-08 12:15:14 --> 404 Page Not Found: 
ERROR - 2020-04-08 12:15:14 --> 404 Page Not Found: 
ERROR - 2020-04-08 12:15:14 --> 404 Page Not Found: 
ERROR - 2020-04-08 12:15:14 --> 404 Page Not Found: 
ERROR - 2020-04-08 12:15:14 --> 404 Page Not Found: 
ERROR - 2020-04-08 12:15:14 --> 404 Page Not Found: 
ERROR - 2020-04-08 12:16:02 --> 404 Page Not Found: 
ERROR - 2020-04-08 12:16:02 --> 404 Page Not Found: 
ERROR - 2020-04-08 12:16:02 --> 404 Page Not Found: 
ERROR - 2020-04-08 12:16:03 --> 404 Page Not Found: 
ERROR - 2020-04-08 12:16:03 --> 404 Page Not Found: 
ERROR - 2020-04-08 12:16:03 --> 404 Page Not Found: 
ERROR - 2020-04-08 12:16:03 --> 404 Page Not Found: 
ERROR - 2020-04-08 12:16:04 --> 404 Page Not Found: 
ERROR - 2020-04-08 12:16:04 --> 404 Page Not Found: 
ERROR - 2020-04-08 12:16:04 --> 404 Page Not Found: 
ERROR - 2020-04-08 12:16:05 --> 404 Page Not Found: 
ERROR - 2020-04-08 12:16:05 --> 404 Page Not Found: 
ERROR - 2020-04-08 12:16:05 --> 404 Page Not Found: 
ERROR - 2020-04-08 12:16:05 --> 404 Page Not Found: 
ERROR - 2020-04-08 12:16:05 --> 404 Page Not Found: 
ERROR - 2020-04-08 12:16:05 --> 404 Page Not Found: 
ERROR - 2020-04-08 12:16:05 --> 404 Page Not Found: 
ERROR - 2020-04-08 12:16:05 --> 404 Page Not Found: 
ERROR - 2020-04-08 12:16:06 --> 404 Page Not Found: 
ERROR - 2020-04-08 12:16:06 --> 404 Page Not Found: 
ERROR - 2020-04-08 12:16:06 --> 404 Page Not Found: 
ERROR - 2020-04-08 12:16:06 --> 404 Page Not Found: 
ERROR - 2020-04-08 12:16:06 --> 404 Page Not Found: 
ERROR - 2020-04-08 12:16:06 --> 404 Page Not Found: 
ERROR - 2020-04-08 12:16:06 --> 404 Page Not Found: 
ERROR - 2020-04-08 12:16:06 --> 404 Page Not Found: 
ERROR - 2020-04-08 12:17:12 --> 404 Page Not Found: 
ERROR - 2020-04-08 12:17:12 --> 404 Page Not Found: 
ERROR - 2020-04-08 12:17:13 --> 404 Page Not Found: 
ERROR - 2020-04-08 12:17:13 --> 404 Page Not Found: 
ERROR - 2020-04-08 12:17:13 --> 404 Page Not Found: 
ERROR - 2020-04-08 12:17:13 --> 404 Page Not Found: 
ERROR - 2020-04-08 12:17:13 --> 404 Page Not Found: 
ERROR - 2020-04-08 12:17:13 --> 404 Page Not Found: 
ERROR - 2020-04-08 12:17:14 --> 404 Page Not Found: 
ERROR - 2020-04-08 12:17:14 --> 404 Page Not Found: 
ERROR - 2020-04-08 12:17:14 --> 404 Page Not Found: 
ERROR - 2020-04-08 12:17:15 --> 404 Page Not Found: 
ERROR - 2020-04-08 12:17:15 --> 404 Page Not Found: 
ERROR - 2020-04-08 12:17:15 --> 404 Page Not Found: 
ERROR - 2020-04-08 12:17:15 --> 404 Page Not Found: 
ERROR - 2020-04-08 12:17:15 --> 404 Page Not Found: 
ERROR - 2020-04-08 12:17:16 --> 404 Page Not Found: 
ERROR - 2020-04-08 12:17:16 --> 404 Page Not Found: 
ERROR - 2020-04-08 12:17:16 --> 404 Page Not Found: 
ERROR - 2020-04-08 12:17:16 --> 404 Page Not Found: 
ERROR - 2020-04-08 12:17:16 --> 404 Page Not Found: 
ERROR - 2020-04-08 12:17:16 --> 404 Page Not Found: 
ERROR - 2020-04-08 12:17:16 --> 404 Page Not Found: 
ERROR - 2020-04-08 12:17:16 --> 404 Page Not Found: 
ERROR - 2020-04-08 12:17:16 --> 404 Page Not Found: 
ERROR - 2020-04-08 12:17:16 --> 404 Page Not Found: 
ERROR - 2020-04-08 12:17:32 --> 404 Page Not Found: 
ERROR - 2020-04-08 12:17:32 --> 404 Page Not Found: 
ERROR - 2020-04-08 12:17:32 --> 404 Page Not Found: 
ERROR - 2020-04-08 12:17:33 --> 404 Page Not Found: 
ERROR - 2020-04-08 12:17:33 --> 404 Page Not Found: 
ERROR - 2020-04-08 12:17:33 --> 404 Page Not Found: 
ERROR - 2020-04-08 12:17:33 --> 404 Page Not Found: 
ERROR - 2020-04-08 12:17:33 --> 404 Page Not Found: 
ERROR - 2020-04-08 12:17:34 --> 404 Page Not Found: 
ERROR - 2020-04-08 12:17:34 --> 404 Page Not Found: 
ERROR - 2020-04-08 12:17:34 --> 404 Page Not Found: 
ERROR - 2020-04-08 12:17:34 --> 404 Page Not Found: 
ERROR - 2020-04-08 12:17:35 --> 404 Page Not Found: 
ERROR - 2020-04-08 12:17:35 --> 404 Page Not Found: 
ERROR - 2020-04-08 12:17:35 --> 404 Page Not Found: 
ERROR - 2020-04-08 12:17:35 --> 404 Page Not Found: 
ERROR - 2020-04-08 12:17:35 --> 404 Page Not Found: 
ERROR - 2020-04-08 12:17:36 --> 404 Page Not Found: 
ERROR - 2020-04-08 12:17:36 --> 404 Page Not Found: 
ERROR - 2020-04-08 12:17:36 --> 404 Page Not Found: 
ERROR - 2020-04-08 12:17:36 --> 404 Page Not Found: 
ERROR - 2020-04-08 12:17:36 --> 404 Page Not Found: 
ERROR - 2020-04-08 12:17:36 --> 404 Page Not Found: 
ERROR - 2020-04-08 12:17:36 --> 404 Page Not Found: 
ERROR - 2020-04-08 12:17:36 --> 404 Page Not Found: 
ERROR - 2020-04-08 12:17:36 --> 404 Page Not Found: 
ERROR - 2020-04-08 12:17:45 --> 404 Page Not Found: 
ERROR - 2020-04-08 12:17:45 --> 404 Page Not Found: 
ERROR - 2020-04-08 12:17:45 --> 404 Page Not Found: 
ERROR - 2020-04-08 12:17:45 --> 404 Page Not Found: 
ERROR - 2020-04-08 12:17:45 --> 404 Page Not Found: 
ERROR - 2020-04-08 12:17:46 --> 404 Page Not Found: 
ERROR - 2020-04-08 12:17:46 --> 404 Page Not Found: 
ERROR - 2020-04-08 12:17:46 --> 404 Page Not Found: 
ERROR - 2020-04-08 12:17:46 --> 404 Page Not Found: 
ERROR - 2020-04-08 12:17:47 --> 404 Page Not Found: 
ERROR - 2020-04-08 12:17:47 --> 404 Page Not Found: 
ERROR - 2020-04-08 12:17:47 --> 404 Page Not Found: 
ERROR - 2020-04-08 12:17:48 --> 404 Page Not Found: 
ERROR - 2020-04-08 12:17:48 --> 404 Page Not Found: 
ERROR - 2020-04-08 12:17:48 --> 404 Page Not Found: 
ERROR - 2020-04-08 12:17:48 --> 404 Page Not Found: 
ERROR - 2020-04-08 12:17:48 --> 404 Page Not Found: 
ERROR - 2020-04-08 12:17:48 --> 404 Page Not Found: 
ERROR - 2020-04-08 12:17:48 --> 404 Page Not Found: 
ERROR - 2020-04-08 12:17:48 --> 404 Page Not Found: 
ERROR - 2020-04-08 12:17:48 --> 404 Page Not Found: 
ERROR - 2020-04-08 12:17:49 --> 404 Page Not Found: 
ERROR - 2020-04-08 12:17:49 --> 404 Page Not Found: 
ERROR - 2020-04-08 12:17:49 --> 404 Page Not Found: 
ERROR - 2020-04-08 12:17:49 --> 404 Page Not Found: 
ERROR - 2020-04-08 12:17:49 --> 404 Page Not Found: 
ERROR - 2020-04-08 12:17:58 --> 404 Page Not Found: 
ERROR - 2020-04-08 12:18:34 --> 404 Page Not Found: 
ERROR - 2020-04-08 12:18:34 --> 404 Page Not Found: 
ERROR - 2020-04-08 12:18:35 --> 404 Page Not Found: 
ERROR - 2020-04-08 12:18:35 --> 404 Page Not Found: 
ERROR - 2020-04-08 12:18:35 --> 404 Page Not Found: 
ERROR - 2020-04-08 12:18:35 --> 404 Page Not Found: 
ERROR - 2020-04-08 12:18:35 --> 404 Page Not Found: 
ERROR - 2020-04-08 12:18:35 --> 404 Page Not Found: 
ERROR - 2020-04-08 12:18:35 --> 404 Page Not Found: 
ERROR - 2020-04-08 12:18:36 --> 404 Page Not Found: 
ERROR - 2020-04-08 12:18:36 --> 404 Page Not Found: 
ERROR - 2020-04-08 12:18:36 --> 404 Page Not Found: 
ERROR - 2020-04-08 12:18:37 --> 404 Page Not Found: 
ERROR - 2020-04-08 12:18:37 --> 404 Page Not Found: 
ERROR - 2020-04-08 12:18:37 --> 404 Page Not Found: 
ERROR - 2020-04-08 12:18:38 --> 404 Page Not Found: 
ERROR - 2020-04-08 12:18:38 --> 404 Page Not Found: 
ERROR - 2020-04-08 12:18:38 --> 404 Page Not Found: 
ERROR - 2020-04-08 12:18:38 --> 404 Page Not Found: 
ERROR - 2020-04-08 12:18:38 --> 404 Page Not Found: 
ERROR - 2020-04-08 12:18:38 --> 404 Page Not Found: 
ERROR - 2020-04-08 12:18:38 --> 404 Page Not Found: 
ERROR - 2020-04-08 12:18:38 --> 404 Page Not Found: 
ERROR - 2020-04-08 12:18:38 --> 404 Page Not Found: 
ERROR - 2020-04-08 12:18:38 --> 404 Page Not Found: 
ERROR - 2020-04-08 12:18:38 --> 404 Page Not Found: 
ERROR - 2020-04-08 12:21:04 --> 404 Page Not Found: 
ERROR - 2020-04-08 12:21:04 --> 404 Page Not Found: 
ERROR - 2020-04-08 12:21:04 --> 404 Page Not Found: 
ERROR - 2020-04-08 12:21:04 --> 404 Page Not Found: 
ERROR - 2020-04-08 12:21:04 --> 404 Page Not Found: 
ERROR - 2020-04-08 12:21:04 --> 404 Page Not Found: 
ERROR - 2020-04-08 12:21:04 --> 404 Page Not Found: 
ERROR - 2020-04-08 12:21:04 --> 404 Page Not Found: 
ERROR - 2020-04-08 12:21:04 --> 404 Page Not Found: 
ERROR - 2020-04-08 12:21:05 --> 404 Page Not Found: 
ERROR - 2020-04-08 12:21:05 --> 404 Page Not Found: 
ERROR - 2020-04-08 12:21:05 --> 404 Page Not Found: 
ERROR - 2020-04-08 12:21:05 --> 404 Page Not Found: 
ERROR - 2020-04-08 12:21:06 --> 404 Page Not Found: 
ERROR - 2020-04-08 12:21:06 --> 404 Page Not Found: 
ERROR - 2020-04-08 12:21:06 --> 404 Page Not Found: 
ERROR - 2020-04-08 12:21:06 --> 404 Page Not Found: 
ERROR - 2020-04-08 12:21:06 --> 404 Page Not Found: 
ERROR - 2020-04-08 12:21:06 --> 404 Page Not Found: 
ERROR - 2020-04-08 12:21:06 --> 404 Page Not Found: 
ERROR - 2020-04-08 12:21:06 --> 404 Page Not Found: 
ERROR - 2020-04-08 12:21:06 --> 404 Page Not Found: 
ERROR - 2020-04-08 12:21:07 --> 404 Page Not Found: 
ERROR - 2020-04-08 12:21:07 --> 404 Page Not Found: 
ERROR - 2020-04-08 12:21:07 --> 404 Page Not Found: 
ERROR - 2020-04-08 12:21:09 --> 404 Page Not Found: 
ERROR - 2020-04-08 12:21:21 --> 404 Page Not Found: 
ERROR - 2020-04-08 12:21:21 --> 404 Page Not Found: 
ERROR - 2020-04-08 12:21:21 --> 404 Page Not Found: 
ERROR - 2020-04-08 12:21:22 --> 404 Page Not Found: 
ERROR - 2020-04-08 12:21:22 --> 404 Page Not Found: 
ERROR - 2020-04-08 12:21:23 --> 404 Page Not Found: 
ERROR - 2020-04-08 12:21:23 --> 404 Page Not Found: 
ERROR - 2020-04-08 12:21:23 --> 404 Page Not Found: 
ERROR - 2020-04-08 12:21:23 --> 404 Page Not Found: 
ERROR - 2020-04-08 12:21:23 --> 404 Page Not Found: 
ERROR - 2020-04-08 12:21:24 --> 404 Page Not Found: 
ERROR - 2020-04-08 12:21:24 --> 404 Page Not Found: 
ERROR - 2020-04-08 12:21:24 --> 404 Page Not Found: 
ERROR - 2020-04-08 12:21:24 --> 404 Page Not Found: 
ERROR - 2020-04-08 12:21:24 --> 404 Page Not Found: 
ERROR - 2020-04-08 12:21:24 --> 404 Page Not Found: 
ERROR - 2020-04-08 12:21:24 --> 404 Page Not Found: 
ERROR - 2020-04-08 12:21:24 --> 404 Page Not Found: 
ERROR - 2020-04-08 12:21:24 --> 404 Page Not Found: 
ERROR - 2020-04-08 12:21:24 --> 404 Page Not Found: 
ERROR - 2020-04-08 12:21:25 --> 404 Page Not Found: 
ERROR - 2020-04-08 12:21:25 --> 404 Page Not Found: 
ERROR - 2020-04-08 12:21:25 --> 404 Page Not Found: 
ERROR - 2020-04-08 12:21:25 --> 404 Page Not Found: 
ERROR - 2020-04-08 12:21:25 --> 404 Page Not Found: 
ERROR - 2020-04-08 12:21:25 --> 404 Page Not Found: 
ERROR - 2020-04-08 12:24:09 --> 404 Page Not Found: 
ERROR - 2020-04-08 12:24:09 --> 404 Page Not Found: 
ERROR - 2020-04-08 12:24:09 --> 404 Page Not Found: 
ERROR - 2020-04-08 12:24:09 --> 404 Page Not Found: 
ERROR - 2020-04-08 12:24:09 --> 404 Page Not Found: 
ERROR - 2020-04-08 12:24:09 --> 404 Page Not Found: 
ERROR - 2020-04-08 12:24:10 --> 404 Page Not Found: 
ERROR - 2020-04-08 12:24:10 --> 404 Page Not Found: 
ERROR - 2020-04-08 12:24:10 --> 404 Page Not Found: 
ERROR - 2020-04-08 12:24:11 --> 404 Page Not Found: 
ERROR - 2020-04-08 12:24:11 --> 404 Page Not Found: 
ERROR - 2020-04-08 12:24:11 --> 404 Page Not Found: 
ERROR - 2020-04-08 12:24:11 --> 404 Page Not Found: 
ERROR - 2020-04-08 12:24:11 --> 404 Page Not Found: 
ERROR - 2020-04-08 12:24:12 --> 404 Page Not Found: 
ERROR - 2020-04-08 12:24:12 --> 404 Page Not Found: 
ERROR - 2020-04-08 12:24:12 --> 404 Page Not Found: 
ERROR - 2020-04-08 12:24:12 --> 404 Page Not Found: 
ERROR - 2020-04-08 12:24:12 --> 404 Page Not Found: 
ERROR - 2020-04-08 12:24:12 --> 404 Page Not Found: 
ERROR - 2020-04-08 12:24:12 --> 404 Page Not Found: 
ERROR - 2020-04-08 12:24:12 --> 404 Page Not Found: 
ERROR - 2020-04-08 12:24:12 --> 404 Page Not Found: 
ERROR - 2020-04-08 12:24:12 --> 404 Page Not Found: 
ERROR - 2020-04-08 12:24:12 --> 404 Page Not Found: 
ERROR - 2020-04-08 12:24:12 --> 404 Page Not Found: 
ERROR - 2020-04-08 12:27:24 --> 404 Page Not Found: 
ERROR - 2020-04-08 12:28:23 --> 404 Page Not Found: 
ERROR - 2020-04-08 09:00:19 --> Severity: error --> Exception: syntax error, unexpected 'elseif' (T_ELSEIF) F:\FBP.com\application\controllers\Home.php 668
ERROR - 2020-04-08 12:46:09 --> Severity: error --> Exception: Cannot use object of type stdClass as array F:\FBP.com\application\controllers\Home.php 677
ERROR - 2020-04-08 12:47:02 --> 404 Page Not Found: 
ERROR - 2020-04-08 12:47:02 --> 404 Page Not Found: 
ERROR - 2020-04-08 12:47:02 --> 404 Page Not Found: 
ERROR - 2020-04-08 12:47:03 --> 404 Page Not Found: 
ERROR - 2020-04-08 12:47:03 --> 404 Page Not Found: 
ERROR - 2020-04-08 12:47:03 --> 404 Page Not Found: 
ERROR - 2020-04-08 12:47:03 --> 404 Page Not Found: 
ERROR - 2020-04-08 12:47:03 --> 404 Page Not Found: 
ERROR - 2020-04-08 12:47:03 --> 404 Page Not Found: 
ERROR - 2020-04-08 12:47:04 --> 404 Page Not Found: 
ERROR - 2020-04-08 12:47:04 --> 404 Page Not Found: 
ERROR - 2020-04-08 12:47:04 --> 404 Page Not Found: 
ERROR - 2020-04-08 12:47:04 --> 404 Page Not Found: 
ERROR - 2020-04-08 12:47:05 --> 404 Page Not Found: 
ERROR - 2020-04-08 12:47:05 --> 404 Page Not Found: 
ERROR - 2020-04-08 12:47:05 --> 404 Page Not Found: 
ERROR - 2020-04-08 12:47:05 --> 404 Page Not Found: 
ERROR - 2020-04-08 12:47:05 --> 404 Page Not Found: 
ERROR - 2020-04-08 12:47:05 --> 404 Page Not Found: 
ERROR - 2020-04-08 12:47:05 --> 404 Page Not Found: 
ERROR - 2020-04-08 12:47:05 --> 404 Page Not Found: 
ERROR - 2020-04-08 12:47:05 --> 404 Page Not Found: 
ERROR - 2020-04-08 12:47:05 --> 404 Page Not Found: 
ERROR - 2020-04-08 12:47:05 --> 404 Page Not Found: 
ERROR - 2020-04-08 12:47:05 --> 404 Page Not Found: 
ERROR - 2020-04-08 12:47:05 --> 404 Page Not Found: 
ERROR - 2020-04-08 12:48:11 --> 404 Page Not Found: 
ERROR - 2020-04-08 12:48:11 --> 404 Page Not Found: 
ERROR - 2020-04-08 12:48:12 --> 404 Page Not Found: 
ERROR - 2020-04-08 12:48:12 --> 404 Page Not Found: 
ERROR - 2020-04-08 12:48:12 --> 404 Page Not Found: 
ERROR - 2020-04-08 12:48:12 --> 404 Page Not Found: 
ERROR - 2020-04-08 12:48:12 --> 404 Page Not Found: 
ERROR - 2020-04-08 12:48:13 --> 404 Page Not Found: 
ERROR - 2020-04-08 12:48:13 --> 404 Page Not Found: 
ERROR - 2020-04-08 12:48:13 --> 404 Page Not Found: 
ERROR - 2020-04-08 12:48:13 --> 404 Page Not Found: 
ERROR - 2020-04-08 12:48:14 --> 404 Page Not Found: 
ERROR - 2020-04-08 12:48:14 --> 404 Page Not Found: 
ERROR - 2020-04-08 12:48:14 --> 404 Page Not Found: 
ERROR - 2020-04-08 12:48:14 --> 404 Page Not Found: 
ERROR - 2020-04-08 12:48:14 --> 404 Page Not Found: 
ERROR - 2020-04-08 12:48:15 --> 404 Page Not Found: 
ERROR - 2020-04-08 12:48:15 --> 404 Page Not Found: 
ERROR - 2020-04-08 12:48:15 --> 404 Page Not Found: 
ERROR - 2020-04-08 12:48:15 --> 404 Page Not Found: 
ERROR - 2020-04-08 12:48:15 --> 404 Page Not Found: 
ERROR - 2020-04-08 12:48:15 --> 404 Page Not Found: 
ERROR - 2020-04-08 12:48:15 --> 404 Page Not Found: 
ERROR - 2020-04-08 12:48:15 --> 404 Page Not Found: 
ERROR - 2020-04-08 12:48:15 --> 404 Page Not Found: 
ERROR - 2020-04-08 12:48:15 --> 404 Page Not Found: 
ERROR - 2020-04-08 12:49:18 --> 404 Page Not Found: 
ERROR - 2020-04-08 12:49:18 --> 404 Page Not Found: 
ERROR - 2020-04-08 12:49:18 --> 404 Page Not Found: 
ERROR - 2020-04-08 12:49:18 --> 404 Page Not Found: 
ERROR - 2020-04-08 12:49:19 --> 404 Page Not Found: 
ERROR - 2020-04-08 12:49:19 --> 404 Page Not Found: 
ERROR - 2020-04-08 12:49:19 --> 404 Page Not Found: 
ERROR - 2020-04-08 12:49:19 --> 404 Page Not Found: 
ERROR - 2020-04-08 12:49:20 --> 404 Page Not Found: 
ERROR - 2020-04-08 12:49:20 --> 404 Page Not Found: 
ERROR - 2020-04-08 12:49:20 --> 404 Page Not Found: 
ERROR - 2020-04-08 12:49:21 --> 404 Page Not Found: 
ERROR - 2020-04-08 12:49:21 --> 404 Page Not Found: 
ERROR - 2020-04-08 12:49:21 --> 404 Page Not Found: 
ERROR - 2020-04-08 12:49:21 --> 404 Page Not Found: 
ERROR - 2020-04-08 12:51:06 --> 404 Page Not Found: 
ERROR - 2020-04-08 12:51:06 --> 404 Page Not Found: 
ERROR - 2020-04-08 12:51:06 --> 404 Page Not Found: 
ERROR - 2020-04-08 12:51:06 --> 404 Page Not Found: 
ERROR - 2020-04-08 12:51:07 --> 404 Page Not Found: 
ERROR - 2020-04-08 12:51:07 --> 404 Page Not Found: 
ERROR - 2020-04-08 12:51:07 --> 404 Page Not Found: 
ERROR - 2020-04-08 12:51:07 --> 404 Page Not Found: 
ERROR - 2020-04-08 12:51:07 --> 404 Page Not Found: 
ERROR - 2020-04-08 12:51:08 --> 404 Page Not Found: 
ERROR - 2020-04-08 12:51:08 --> 404 Page Not Found: 
ERROR - 2020-04-08 12:51:08 --> 404 Page Not Found: 
ERROR - 2020-04-08 12:51:09 --> 404 Page Not Found: 
ERROR - 2020-04-08 12:51:09 --> 404 Page Not Found: 
ERROR - 2020-04-08 12:51:09 --> 404 Page Not Found: 
ERROR - 2020-04-08 12:51:09 --> 404 Page Not Found: 
ERROR - 2020-04-08 12:51:09 --> 404 Page Not Found: 
ERROR - 2020-04-08 12:51:09 --> 404 Page Not Found: 
ERROR - 2020-04-08 12:51:09 --> 404 Page Not Found: 
ERROR - 2020-04-08 12:51:09 --> 404 Page Not Found: 
ERROR - 2020-04-08 12:51:09 --> 404 Page Not Found: 
ERROR - 2020-04-08 12:51:09 --> 404 Page Not Found: 
ERROR - 2020-04-08 12:51:09 --> 404 Page Not Found: 
ERROR - 2020-04-08 12:51:09 --> 404 Page Not Found: 
ERROR - 2020-04-08 12:51:10 --> 404 Page Not Found: 
ERROR - 2020-04-08 12:51:10 --> 404 Page Not Found: 
ERROR - 2020-04-08 10:07:56 --> Severity: Compile Error --> Cannot redeclare Blogs::edit_blog_category() F:\FBP.com\application\controllers\admin\Blogs.php 457
ERROR - 2020-04-08 13:40:26 --> Query error: Unknown column 'slug' in 'where clause' - Invalid query: SELECT *
FROM `blog_type`
WHERE `slug` = 'real-estate'
ERROR - 2020-04-08 13:41:10 --> Query error: Unknown column 'name' in 'where clause' - Invalid query: SELECT *
FROM `blog_type`
WHERE `name` = 'real-estate'
ERROR - 2020-04-08 13:41:27 --> Severity: Warning --> A non-numeric value encountered F:\FBP.com\application\models\Blogs_model.php 22
ERROR - 2020-04-08 13:41:27 --> Query error: You have an error in your SQL syntax; check the manual that corresponds to your MariaDB server version for the right syntax to use near '-10, 10' at line 5 - Invalid query: SELECT *
FROM `blog_category`
WHERE `status` = 1
ORDER BY `id` DESC
 LIMIT -10, 10
ERROR - 2020-04-08 13:42:14 --> Severity: Warning --> A non-numeric value encountered F:\FBP.com\application\models\Blogs_model.php 22
ERROR - 2020-04-08 13:42:14 --> Query error: You have an error in your SQL syntax; check the manual that corresponds to your MariaDB server version for the right syntax to use near '-10, 10' at line 5 - Invalid query: SELECT *
FROM `blog_category`
WHERE `status` = 1
ORDER BY `id` DESC
 LIMIT -10, 10
ERROR - 2020-04-08 13:44:17 --> Severity: error --> Exception: syntax error, unexpected ';' F:\FBP.com\application\models\Blogs_model.php 22
ERROR - 2020-04-08 13:44:34 --> Severity: error --> Exception: syntax error, unexpected '}' F:\FBP.com\application\models\Blogs_model.php 23
ERROR - 2020-04-08 13:44:54 --> Severity: Warning --> A non-numeric value encountered F:\FBP.com\application\models\Blogs_model.php 41
ERROR - 2020-04-08 13:44:54 --> Query error: You have an error in your SQL syntax; check the manual that corresponds to your MariaDB server version for the right syntax to use near '-10, 10' at line 5 - Invalid query: SELECT *
FROM `blog_category`
WHERE `status` = 1
ORDER BY `id` DESC
 LIMIT -10, 10
ERROR - 2020-04-08 13:46:07 --> Severity: Warning --> A non-numeric value encountered F:\FBP.com\application\views\admin\blogs\blog_types\blog_types.php 39
ERROR - 2020-04-08 13:46:07 --> Severity: Warning --> A non-numeric value encountered F:\FBP.com\application\views\admin\blogs\blog_types\blog_types.php 39
ERROR - 2020-04-08 13:46:07 --> Severity: Warning --> A non-numeric value encountered F:\FBP.com\application\views\admin\blogs\blog_types\blog_types.php 39
ERROR - 2020-04-08 13:46:07 --> Severity: Warning --> A non-numeric value encountered F:\FBP.com\application\views\admin\blogs\blog_types\blog_types.php 39
ERROR - 2020-04-08 13:46:07 --> Severity: Warning --> A non-numeric value encountered F:\FBP.com\application\views\admin\blogs\blog_types\blog_types.php 39
ERROR - 2020-04-08 13:47:06 --> Query error: Unknown column 'blog_type' in 'field list' - Invalid query: INSERT INTO `blog_category` (`blog_type`, `slug`) VALUES ('Real', 'real')
ERROR - 2020-04-08 10:17:49 --> Severity: error --> Exception: syntax error, unexpected ';', expecting ')' F:\FBP.com\application\controllers\admin\Blogs.php 410
ERROR - 2020-04-08 13:48:07 --> Severity: Warning --> A non-numeric value encountered F:\FBP.com\application\views\admin\blogs\blog_types\blog_types.php 39
ERROR - 2020-04-08 13:48:07 --> Severity: Warning --> A non-numeric value encountered F:\FBP.com\application\views\admin\blogs\blog_types\blog_types.php 39
ERROR - 2020-04-08 13:48:07 --> Severity: Warning --> A non-numeric value encountered F:\FBP.com\application\views\admin\blogs\blog_types\blog_types.php 39
ERROR - 2020-04-08 13:48:07 --> Severity: Warning --> A non-numeric value encountered F:\FBP.com\application\views\admin\blogs\blog_types\blog_types.php 39
ERROR - 2020-04-08 13:49:41 --> Query error: Unknown column 'slug' in 'field list' - Invalid query: INSERT INTO `blog_type` (`blog_type`, `slug`) VALUES ('dfghdfgh', 'dfghdfgh')
ERROR - 2020-04-08 14:05:19 --> Query error: Unknown column 'name' in 'field list' - Invalid query: UPDATE `blog_type` SET `name` = 'dfgdgf', `slug` = 'dfgdgf'
WHERE `id` = '1'
ERROR - 2020-04-08 14:09:58 --> Query error: Unknown column 'name' in 'where clause' - Invalid query: SELECT *
FROM `blog_type`
WHERE `name` LIKE '%re%' ESCAPE '!'
AND `status` = 1
ORDER BY `id` DESC
ERROR - 2020-04-08 14:11:57 --> Query error: Unknown column 'name' in 'where clause' - Invalid query: SELECT *
FROM `blog_type`
WHERE `name` LIKE '%r%' ESCAPE '!'
AND `status` = 1
ORDER BY `id` DESC
