ERROR - 2019-07-13 00:44:52 --> 404 Page Not Found: 
ERROR - 2019-07-13 00:51:48 --> 404 Page Not Found: 
ERROR - 2019-07-13 01:11:29 --> Severity: Warning --> Illegal string offset 'keyword' /home/fullbasketproper/public_html/application/views/listing.php 186
ERROR - 2019-07-13 01:20:21 --> 404 Page Not Found: 
ERROR - 2019-07-13 01:28:40 --> 404 Page Not Found: 
ERROR - 2019-07-13 02:23:17 --> 404 Page Not Found: 
ERROR - 2019-07-13 02:23:18 --> 404 Page Not Found: 
ERROR - 2019-07-13 02:41:03 --> Severity: Warning --> Illegal string offset 'keyword' /home/fullbasketproper/public_html/application/views/listing.php 186
ERROR - 2019-07-13 02:49:45 --> Severity: Warning --> Illegal string offset 'keyword' /home/fullbasketproper/public_html/application/views/listing.php 186
ERROR - 2019-07-13 04:19:00 --> Severity: Warning --> Illegal string offset 'keyword' /home/fullbasketproper/public_html/application/views/listing.php 186
ERROR - 2019-07-13 04:32:23 --> 404 Page Not Found: 
ERROR - 2019-07-13 05:35:40 --> 404 Page Not Found: 
ERROR - 2019-07-13 05:38:53 --> Severity: Warning --> Illegal string offset 'keyword' /home/fullbasketproper/public_html/application/views/listing.php 186
ERROR - 2019-07-13 06:10:34 --> 404 Page Not Found: 
ERROR - 2019-07-13 06:22:57 --> Severity: Warning --> Illegal string offset 'keyword' /home/fullbasketproper/public_html/application/views/listing.php 186
ERROR - 2019-07-13 06:53:25 --> 404 Page Not Found: 
ERROR - 2019-07-13 07:09:52 --> 404 Page Not Found: 
ERROR - 2019-07-13 07:26:56 --> 404 Page Not Found: 
ERROR - 2019-07-13 07:28:19 --> 404 Page Not Found: 
ERROR - 2019-07-13 07:30:29 --> 404 Page Not Found: 
ERROR - 2019-07-13 07:31:34 --> 404 Page Not Found: 
ERROR - 2019-07-13 07:46:02 --> 404 Page Not Found: 
ERROR - 2019-07-13 07:52:02 --> Severity: Warning --> Illegal string offset 'keyword' /home/fullbasketproper/public_html/application/views/listing.php 186
ERROR - 2019-07-13 07:59:41 --> 404 Page Not Found: 
ERROR - 2019-07-13 08:05:20 --> 404 Page Not Found: 
ERROR - 2019-07-13 08:16:17 --> Severity: Warning --> Illegal string offset 'keyword' /home/fullbasketproper/public_html/application/views/listing.php 186
ERROR - 2019-07-13 08:54:13 --> 404 Page Not Found: 
ERROR - 2019-07-13 09:15:38 --> Severity: Warning --> Illegal string offset 'keyword' /home/fullbasketproper/public_html/application/views/listing.php 186
ERROR - 2019-07-13 09:16:36 --> Severity: Warning --> Illegal string offset 'keyword' /home/fullbasketproper/public_html/application/views/listing.php 186
ERROR - 2019-07-13 09:20:39 --> 404 Page Not Found: 
ERROR - 2019-07-13 09:37:51 --> 404 Page Not Found: 
ERROR - 2019-07-13 09:43:30 --> Severity: Warning --> Illegal string offset 'keyword' /home/fullbasketproper/public_html/application/views/listing.php 186
ERROR - 2019-07-13 09:59:40 --> 404 Page Not Found: 
ERROR - 2019-07-13 11:34:45 --> 404 Page Not Found: 
ERROR - 2019-07-13 12:15:38 --> 404 Page Not Found: 
ERROR - 2019-07-13 12:30:13 --> 404 Page Not Found: 
ERROR - 2019-07-13 12:32:04 --> Query error: You have an error in your SQL syntax; check the manual that corresponds to your MySQL server version for the right syntax to use near '-10, 10' at line 11 - Invalid query: SELECT DISTINCT `p`.*, `c`.`name` as `city_name`, `ps`.`name` as `property_status`, `pt`.`name` as `prop_type`, `b`.`name` as `builder`, `l`.`name` as `location`
FROM `properties` `p`
LEFT JOIN `cities` `c` ON `p`.`city_id` = `c`.`id`
LEFT JOIN `builders` `b` ON `p`.`builder_id` = `b`.`id`
LEFT JOIN `locations` `l` ON `p`.`location_id` = `l`.`id`
LEFT JOIN `property_types` `pt` ON `p`.`property_type_id` = `pt`.`id`
LEFT JOIN `property_status` `ps` ON `p`.`property_status_id` = `ps`.`id`
LEFT JOIN `property_amenities` `pa` ON `pa`.`property_id` = `p`.`id`
WHERE `p`.`status` = 1
ORDER BY `p`.`id` DESC
 LIMIT -10, 10
ERROR - 2019-07-13 12:33:39 --> 404 Page Not Found: 
ERROR - 2019-07-13 12:34:18 --> 404 Page Not Found: 
ERROR - 2019-07-13 12:34:58 --> 404 Page Not Found: 
ERROR - 2019-07-13 12:41:00 --> 404 Page Not Found: 
ERROR - 2019-07-13 12:48:49 --> 404 Page Not Found: 
ERROR - 2019-07-13 13:00:04 --> 404 Page Not Found: 
ERROR - 2019-07-13 13:27:02 --> 404 Page Not Found: 
ERROR - 2019-07-13 13:28:20 --> 404 Page Not Found: 
ERROR - 2019-07-13 13:28:35 --> 404 Page Not Found: 
ERROR - 2019-07-13 13:28:36 --> 404 Page Not Found: 
ERROR - 2019-07-13 13:28:47 --> Severity: Warning --> Illegal string offset 'keyword' /home/fullbasketproper/public_html/application/views/listing.php 186
ERROR - 2019-07-13 13:28:54 --> 404 Page Not Found: 
ERROR - 2019-07-13 13:31:50 --> 404 Page Not Found: 
ERROR - 2019-07-13 13:51:24 --> 404 Page Not Found: 
ERROR - 2019-07-13 14:04:32 --> Severity: Warning --> Illegal string offset 'keyword' /home/fullbasketproper/public_html/application/views/listing.php 186
ERROR - 2019-07-13 14:30:22 --> 404 Page Not Found: 
ERROR - 2019-07-13 14:35:18 --> 404 Page Not Found: 
ERROR - 2019-07-13 14:45:08 --> 404 Page Not Found: 
ERROR - 2019-07-13 14:45:12 --> 404 Page Not Found: 
ERROR - 2019-07-13 14:45:26 --> 404 Page Not Found: 
ERROR - 2019-07-13 14:45:31 --> Severity: Warning --> Illegal string offset 'keyword' /home/fullbasketproper/public_html/application/views/listing.php 186
ERROR - 2019-07-13 14:46:54 --> 404 Page Not Found: 
ERROR - 2019-07-13 14:48:22 --> 404 Page Not Found: 
ERROR - 2019-07-13 14:48:36 --> 404 Page Not Found: 
ERROR - 2019-07-13 14:48:40 --> 404 Page Not Found: 
ERROR - 2019-07-13 14:49:36 --> Severity: Warning --> Illegal string offset 'keyword' /home/fullbasketproper/public_html/application/views/listing.php 186
ERROR - 2019-07-13 14:49:57 --> 404 Page Not Found: 
ERROR - 2019-07-13 14:50:03 --> 404 Page Not Found: 
ERROR - 2019-07-13 14:50:08 --> 404 Page Not Found: 
ERROR - 2019-07-13 14:50:10 --> 404 Page Not Found: 
ERROR - 2019-07-13 14:50:11 --> Severity: Warning --> Illegal string offset 'keyword' /home/fullbasketproper/public_html/application/views/listing.php 186
ERROR - 2019-07-13 14:50:44 --> 404 Page Not Found: 
ERROR - 2019-07-13 14:52:14 --> 404 Page Not Found: 
ERROR - 2019-07-13 14:52:52 --> 404 Page Not Found: 
ERROR - 2019-07-13 14:52:57 --> Severity: Warning --> Illegal string offset 'keyword' /home/fullbasketproper/public_html/application/views/listing.php 186
ERROR - 2019-07-13 14:53:02 --> 404 Page Not Found: 
ERROR - 2019-07-13 14:53:06 --> Severity: Warning --> Illegal string offset 'keyword' /home/fullbasketproper/public_html/application/views/listing.php 186
ERROR - 2019-07-13 14:58:56 --> 404 Page Not Found: 
ERROR - 2019-07-13 14:59:29 --> 404 Page Not Found: 
ERROR - 2019-07-13 14:59:32 --> Severity: Warning --> Illegal string offset 'keyword' /home/fullbasketproper/public_html/application/views/listing.php 186
ERROR - 2019-07-13 14:59:47 --> Severity: Warning --> Illegal string offset 'keyword' /home/fullbasketproper/public_html/application/views/listing.php 186
ERROR - 2019-07-13 15:01:25 --> Severity: Parsing Error --> syntax error, unexpected 'else' (T_ELSE) /home/fullbasketproper/public_html/application/views/header.php 81
ERROR - 2019-07-13 15:01:48 --> Severity: Warning --> Illegal string offset 'keyword' /home/fullbasketproper/public_html/application/views/listing.php 186
ERROR - 2019-07-13 15:04:42 --> Severity: Warning --> Illegal string offset 'keyword' /home/fullbasketproper/public_html/application/views/listing.php 186
ERROR - 2019-07-13 15:04:45 --> 404 Page Not Found: 
ERROR - 2019-07-13 15:05:11 --> 404 Page Not Found: 
ERROR - 2019-07-13 15:05:52 --> 404 Page Not Found: 
ERROR - 2019-07-13 15:05:56 --> Severity: Warning --> Illegal string offset 'keyword' /home/fullbasketproper/public_html/application/views/listing.php 186
ERROR - 2019-07-13 15:06:05 --> Severity: Warning --> Illegal string offset 'keyword' /home/fullbasketproper/public_html/application/views/listing.php 186
ERROR - 2019-07-13 15:06:13 --> Severity: Warning --> Illegal string offset 'keyword' /home/fullbasketproper/public_html/application/views/listing.php 186
ERROR - 2019-07-13 15:06:24 --> Severity: Warning --> Illegal string offset 'keyword' /home/fullbasketproper/public_html/application/views/listing.php 186
ERROR - 2019-07-13 15:06:34 --> Severity: Warning --> Illegal string offset 'keyword' /home/fullbasketproper/public_html/application/views/listing.php 186
ERROR - 2019-07-13 15:06:41 --> 404 Page Not Found: 
ERROR - 2019-07-13 15:06:46 --> Severity: Warning --> Illegal string offset 'keyword' /home/fullbasketproper/public_html/application/views/listing.php 186
ERROR - 2019-07-13 15:07:23 --> Severity: Warning --> Illegal string offset 'keyword' /home/fullbasketproper/public_html/application/views/listing.php 186
ERROR - 2019-07-13 15:07:45 --> Severity: Warning --> Illegal string offset 'keyword' /home/fullbasketproper/public_html/application/views/listing.php 186
ERROR - 2019-07-13 15:07:49 --> 404 Page Not Found: 
ERROR - 2019-07-13 15:09:13 --> 404 Page Not Found: 
ERROR - 2019-07-13 15:09:18 --> Severity: Warning --> Illegal string offset 'keyword' /home/fullbasketproper/public_html/application/views/listing.php 186
ERROR - 2019-07-13 15:38:07 --> Severity: Warning --> Illegal string offset 'keyword' /home/fullbasketproper/public_html/application/views/listing.php 186
ERROR - 2019-07-13 15:45:14 --> Severity: Warning --> Illegal string offset 'keyword' /home/fullbasketproper/public_html/application/views/listing.php 186
ERROR - 2019-07-13 16:00:14 --> 404 Page Not Found: 
ERROR - 2019-07-13 16:11:55 --> 404 Page Not Found: 
ERROR - 2019-07-13 16:28:58 --> Severity: Warning --> Illegal string offset 'keyword' /home/fullbasketproper/public_html/application/views/listing.php 186
ERROR - 2019-07-13 16:30:24 --> 404 Page Not Found: 
ERROR - 2019-07-13 16:31:09 --> 404 Page Not Found: 
ERROR - 2019-07-13 16:34:55 --> 404 Page Not Found: 
ERROR - 2019-07-13 16:35:13 --> 404 Page Not Found: 
ERROR - 2019-07-13 16:35:22 --> 404 Page Not Found: 
ERROR - 2019-07-13 16:49:12 --> 404 Page Not Found: 
ERROR - 2019-07-13 17:28:56 --> 404 Page Not Found: 
ERROR - 2019-07-13 17:29:29 --> 404 Page Not Found: 
ERROR - 2019-07-13 17:37:18 --> Severity: Warning --> Illegal string offset 'keyword' /home/fullbasketproper/public_html/application/views/listing.php 186
ERROR - 2019-07-13 17:39:42 --> 404 Page Not Found: 
ERROR - 2019-07-13 17:49:46 --> 404 Page Not Found: 
ERROR - 2019-07-13 18:23:36 --> 404 Page Not Found: 
ERROR - 2019-07-13 18:33:40 --> 404 Page Not Found: 
ERROR - 2019-07-13 18:33:47 --> Severity: Warning --> Illegal string offset 'keyword' /home/fullbasketproper/public_html/application/views/listing.php 186
ERROR - 2019-07-13 18:45:33 --> 404 Page Not Found: 
ERROR - 2019-07-13 18:56:03 --> 404 Page Not Found: 
ERROR - 2019-07-13 18:56:17 --> 404 Page Not Found: 
ERROR - 2019-07-13 19:03:07 --> 404 Page Not Found: 
ERROR - 2019-07-13 19:07:30 --> 404 Page Not Found: 
ERROR - 2019-07-13 19:12:57 --> 404 Page Not Found: 
ERROR - 2019-07-13 19:16:17 --> 404 Page Not Found: 
ERROR - 2019-07-13 19:32:59 --> 404 Page Not Found: 
ERROR - 2019-07-13 19:33:51 --> 404 Page Not Found: 
ERROR - 2019-07-13 19:39:52 --> 404 Page Not Found: 
ERROR - 2019-07-13 20:21:14 --> 404 Page Not Found: 
ERROR - 2019-07-13 20:57:16 --> 404 Page Not Found: 
ERROR - 2019-07-13 21:14:51 --> Severity: Warning --> Illegal string offset 'keyword' /home/fullbasketproper/public_html/application/views/listing.php 186
ERROR - 2019-07-13 21:18:14 --> 404 Page Not Found: 
ERROR - 2019-07-13 21:18:16 --> 404 Page Not Found: 
ERROR - 2019-07-13 21:18:17 --> 404 Page Not Found: 
ERROR - 2019-07-13 21:18:19 --> 404 Page Not Found: 
ERROR - 2019-07-13 21:58:03 --> 404 Page Not Found: 
ERROR - 2019-07-13 22:01:33 --> 404 Page Not Found: 
ERROR - 2019-07-13 22:07:30 --> 404 Page Not Found: 
ERROR - 2019-07-13 22:12:39 --> 404 Page Not Found: 
ERROR - 2019-07-13 22:47:09 --> 404 Page Not Found: 
ERROR - 2019-07-13 22:52:52 --> 404 Page Not Found: 
ERROR - 2019-07-13 23:12:49 --> 404 Page Not Found: 
ERROR - 2019-07-13 23:13:38 --> 404 Page Not Found: 
ERROR - 2019-07-13 23:28:21 --> 404 Page Not Found: 
