ERROR - 2019-10-22 10:42:21 --> 404 Page Not Found: 
ERROR - 2019-10-22 10:42:33 --> 404 Page Not Found: 
ERROR - 2019-10-22 11:06:25 --> Severity: error --> Exception: Cannot use object of type stdClass as array F:\FBP.com\application\views\admin\properties\edit.php 52
ERROR - 2019-10-22 11:06:31 --> Severity: error --> Exception: Cannot use object of type stdClass as array F:\FBP.com\application\views\admin\properties\edit.php 52
ERROR - 2019-10-22 11:07:20 --> Severity: error --> Exception: Function name must be a string F:\FBP.com\application\views\admin\properties\edit.php 46
ERROR - 2019-10-22 11:24:31 --> Query error: Table 'nkmtein_fullbasket_new.login_table' doesn't exist - Invalid query: UPDATE `login_table` SET `map` = 'a0775bd505e349a64e88067e5bad7317.png'
WHERE `id` = '499'
ERROR - 2019-10-22 11:34:11 --> 404 Page Not Found: 
ERROR - 2019-10-22 11:37:20 --> 404 Page Not Found: 
ERROR - 2019-10-22 11:45:35 --> 404 Page Not Found: 
ERROR - 2019-10-22 11:45:35 --> 404 Page Not Found: 
ERROR - 2019-10-22 12:10:35 --> Severity: 4096 --> Object of class CI_Email could not be converted to string F:\FBP.com\application\controllers\Home.php 435
ERROR - 2019-10-22 10:56:36 --> Severity: Warning --> mysqli::real_connect(): (HY000/1045): Access denied for user 'fullbask_website'@'localhost' (using password: YES) F:\FBP.com\system\database\drivers\mysqli\mysqli_driver.php 201
ERROR - 2019-10-22 10:56:36 --> Unable to connect to the database
ERROR - 2019-10-22 10:56:39 --> Severity: Warning --> mysqli::real_connect(): (HY000/1045): Access denied for user 'fullbask_website'@'localhost' (using password: YES) F:\FBP.com\system\database\drivers\mysqli\mysqli_driver.php 201
ERROR - 2019-10-22 10:56:39 --> Unable to connect to the database
ERROR - 2019-10-22 15:16:54 --> 404 Page Not Found: 
ERROR - 2019-10-22 16:13:22 --> 404 Page Not Found: 
ERROR - 2019-10-22 16:15:47 --> 404 Page Not Found: 
ERROR - 2019-10-22 16:15:51 --> 404 Page Not Found: 
ERROR - 2019-10-22 16:18:03 --> 404 Page Not Found: 
ERROR - 2019-10-22 16:53:33 --> Severity: error --> Exception: Call to undefined method Properties_model::getBanners() F:\FBP.com\application\controllers\admin\Properties.php 768
ERROR - 2019-10-22 17:02:16 --> Severity: error --> Exception: Call to undefined method Properties_model::getBanners() F:\FBP.com\application\controllers\admin\Properties.php 768
