ERROR - 2018-10-24 00:03:29 --> 404 Page Not Found: 
ERROR - 2018-10-24 00:03:30 --> 404 Page Not Found: 
ERROR - 2018-10-24 00:03:30 --> 404 Page Not Found: 
ERROR - 2018-10-24 00:03:31 --> 404 Page Not Found: 
ERROR - 2018-10-24 00:51:26 --> 404 Page Not Found: 
ERROR - 2018-10-24 00:51:27 --> 404 Page Not Found: 
ERROR - 2018-10-24 00:51:28 --> 404 Page Not Found: 
ERROR - 2018-10-24 00:51:37 --> 404 Page Not Found: 
ERROR - 2018-10-24 01:18:10 --> 404 Page Not Found: 
ERROR - 2018-10-24 03:06:14 --> 404 Page Not Found: 
ERROR - 2018-10-24 03:06:14 --> 404 Page Not Found: 
ERROR - 2018-10-24 03:06:15 --> 404 Page Not Found: 
ERROR - 2018-10-24 03:06:15 --> 404 Page Not Found: 
ERROR - 2018-10-24 03:34:12 --> 404 Page Not Found: 
ERROR - 2018-10-24 03:40:26 --> 404 Page Not Found: 
ERROR - 2018-10-24 03:40:27 --> 404 Page Not Found: 
ERROR - 2018-10-24 03:40:27 --> 404 Page Not Found: 
ERROR - 2018-10-24 03:40:27 --> 404 Page Not Found: 
ERROR - 2018-10-24 03:40:29 --> 404 Page Not Found: 
ERROR - 2018-10-24 03:40:30 --> 404 Page Not Found: 
ERROR - 2018-10-24 03:40:30 --> 404 Page Not Found: 
ERROR - 2018-10-24 03:40:31 --> 404 Page Not Found: 
ERROR - 2018-10-24 03:40:31 --> 404 Page Not Found: 
ERROR - 2018-10-24 03:40:31 --> 404 Page Not Found: 
ERROR - 2018-10-24 03:40:32 --> 404 Page Not Found: 
ERROR - 2018-10-24 03:40:32 --> 404 Page Not Found: 
ERROR - 2018-10-24 03:40:32 --> 404 Page Not Found: 
ERROR - 2018-10-24 05:00:10 --> 404 Page Not Found: 
ERROR - 2018-10-24 05:00:11 --> 404 Page Not Found: 
ERROR - 2018-10-24 05:00:12 --> 404 Page Not Found: 
ERROR - 2018-10-24 05:00:12 --> 404 Page Not Found: 
ERROR - 2018-10-24 05:00:13 --> 404 Page Not Found: 
ERROR - 2018-10-24 07:00:06 --> 404 Page Not Found: 
ERROR - 2018-10-24 07:00:07 --> 404 Page Not Found: 
ERROR - 2018-10-24 07:00:08 --> 404 Page Not Found: 
ERROR - 2018-10-24 07:00:09 --> 404 Page Not Found: 
ERROR - 2018-10-24 07:56:01 --> 404 Page Not Found: 
ERROR - 2018-10-24 08:35:13 --> 404 Page Not Found: 
ERROR - 2018-10-24 08:35:14 --> 404 Page Not Found: 
ERROR - 2018-10-24 08:35:15 --> 404 Page Not Found: 
ERROR - 2018-10-24 08:35:15 --> 404 Page Not Found: 
ERROR - 2018-10-24 08:35:16 --> 404 Page Not Found: 
ERROR - 2018-10-24 08:35:17 --> 404 Page Not Found: 
ERROR - 2018-10-24 08:35:17 --> 404 Page Not Found: 
ERROR - 2018-10-24 08:35:17 --> 404 Page Not Found: 
ERROR - 2018-10-24 08:43:22 --> 404 Page Not Found: 
ERROR - 2018-10-24 08:43:22 --> 404 Page Not Found: 
ERROR - 2018-10-24 08:43:23 --> 404 Page Not Found: 
ERROR - 2018-10-24 08:43:23 --> 404 Page Not Found: 
ERROR - 2018-10-24 08:56:27 --> 404 Page Not Found: 
ERROR - 2018-10-24 08:56:28 --> 404 Page Not Found: 
ERROR - 2018-10-24 08:56:28 --> 404 Page Not Found: 
ERROR - 2018-10-24 08:56:28 --> 404 Page Not Found: 
ERROR - 2018-10-24 09:03:45 --> 404 Page Not Found: 
ERROR - 2018-10-24 09:29:53 --> 404 Page Not Found: 
ERROR - 2018-10-24 09:29:54 --> 404 Page Not Found: 
ERROR - 2018-10-24 09:29:54 --> 404 Page Not Found: 
ERROR - 2018-10-24 09:29:55 --> 404 Page Not Found: 
ERROR - 2018-10-24 09:29:56 --> 404 Page Not Found: 
ERROR - 2018-10-24 09:29:56 --> 404 Page Not Found: 
ERROR - 2018-10-24 09:29:56 --> 404 Page Not Found: 
ERROR - 2018-10-24 09:29:57 --> 404 Page Not Found: 
ERROR - 2018-10-24 09:29:57 --> 404 Page Not Found: 
ERROR - 2018-10-24 09:29:57 --> 404 Page Not Found: 
ERROR - 2018-10-24 09:29:58 --> 404 Page Not Found: 
ERROR - 2018-10-24 09:29:58 --> 404 Page Not Found: 
ERROR - 2018-10-24 09:29:59 --> 404 Page Not Found: 
ERROR - 2018-10-24 09:31:55 --> 404 Page Not Found: 
ERROR - 2018-10-24 09:31:55 --> 404 Page Not Found: 
ERROR - 2018-10-24 09:31:56 --> 404 Page Not Found: 
ERROR - 2018-10-24 09:31:57 --> 404 Page Not Found: 
ERROR - 2018-10-24 10:23:12 --> 404 Page Not Found: 
ERROR - 2018-10-24 10:23:12 --> 404 Page Not Found: 
ERROR - 2018-10-24 10:23:12 --> 404 Page Not Found: 
ERROR - 2018-10-24 10:23:12 --> 404 Page Not Found: 
ERROR - 2018-10-24 10:26:56 --> 404 Page Not Found: 
ERROR - 2018-10-24 10:26:56 --> 404 Page Not Found: 
ERROR - 2018-10-24 10:26:57 --> 404 Page Not Found: 
ERROR - 2018-10-24 10:26:58 --> 404 Page Not Found: 
ERROR - 2018-10-24 10:26:59 --> 404 Page Not Found: 
ERROR - 2018-10-24 10:26:59 --> 404 Page Not Found: 
ERROR - 2018-10-24 10:26:59 --> 404 Page Not Found: 
ERROR - 2018-10-24 10:27:00 --> 404 Page Not Found: 
ERROR - 2018-10-24 10:41:21 --> 404 Page Not Found: 
ERROR - 2018-10-24 10:41:21 --> 404 Page Not Found: 
ERROR - 2018-10-24 10:41:22 --> 404 Page Not Found: 
ERROR - 2018-10-24 10:41:22 --> 404 Page Not Found: 
ERROR - 2018-10-24 11:07:22 --> 404 Page Not Found: 
ERROR - 2018-10-24 11:07:22 --> 404 Page Not Found: 
ERROR - 2018-10-24 11:07:23 --> 404 Page Not Found: 
ERROR - 2018-10-24 11:07:23 --> 404 Page Not Found: 
ERROR - 2018-10-24 11:40:46 --> 404 Page Not Found: 
ERROR - 2018-10-24 11:51:04 --> 404 Page Not Found: 
ERROR - 2018-10-24 11:51:05 --> 404 Page Not Found: 
ERROR - 2018-10-24 11:51:05 --> 404 Page Not Found: 
ERROR - 2018-10-24 11:51:05 --> 404 Page Not Found: 
ERROR - 2018-10-24 11:51:06 --> 404 Page Not Found: 
ERROR - 2018-10-24 11:55:03 --> 404 Page Not Found: 
ERROR - 2018-10-24 11:55:52 --> 404 Page Not Found: 
ERROR - 2018-10-24 12:17:19 --> 404 Page Not Found: 
ERROR - 2018-10-24 12:17:19 --> 404 Page Not Found: 
ERROR - 2018-10-24 12:17:19 --> 404 Page Not Found: 
ERROR - 2018-10-24 12:17:20 --> 404 Page Not Found: 
ERROR - 2018-10-24 12:17:21 --> 404 Page Not Found: 
ERROR - 2018-10-24 12:17:21 --> 404 Page Not Found: 
ERROR - 2018-10-24 12:17:21 --> 404 Page Not Found: 
ERROR - 2018-10-24 12:17:22 --> 404 Page Not Found: 
ERROR - 2018-10-24 12:17:25 --> 404 Page Not Found: 
ERROR - 2018-10-24 12:17:57 --> 404 Page Not Found: 
ERROR - 2018-10-24 13:19:29 --> 404 Page Not Found: 
ERROR - 2018-10-24 13:19:29 --> 404 Page Not Found: 
ERROR - 2018-10-24 13:19:29 --> 404 Page Not Found: 
ERROR - 2018-10-24 13:19:29 --> 404 Page Not Found: 
ERROR - 2018-10-24 13:44:06 --> 404 Page Not Found: 
ERROR - 2018-10-24 13:44:15 --> 404 Page Not Found: 
ERROR - 2018-10-24 13:44:15 --> 404 Page Not Found: 
ERROR - 2018-10-24 13:44:15 --> 404 Page Not Found: 
ERROR - 2018-10-24 13:51:39 --> 404 Page Not Found: 
ERROR - 2018-10-24 13:52:02 --> 404 Page Not Found: 
ERROR - 2018-10-24 13:52:10 --> Severity: Warning --> Division by zero /home/nkmtein/public_html/fullbasketproperty.com/application/core/Public_Controller.php 47
ERROR - 2018-10-24 14:22:14 --> 404 Page Not Found: 
ERROR - 2018-10-24 14:22:14 --> 404 Page Not Found: 
ERROR - 2018-10-24 14:22:14 --> 404 Page Not Found: 
ERROR - 2018-10-24 14:22:14 --> 404 Page Not Found: 
ERROR - 2018-10-24 14:22:14 --> 404 Page Not Found: 
ERROR - 2018-10-24 14:22:14 --> 404 Page Not Found: 
ERROR - 2018-10-24 14:22:14 --> 404 Page Not Found: 
ERROR - 2018-10-24 14:22:14 --> 404 Page Not Found: 
ERROR - 2018-10-24 14:22:14 --> 404 Page Not Found: 
ERROR - 2018-10-24 14:22:14 --> 404 Page Not Found: 
ERROR - 2018-10-24 14:22:15 --> 404 Page Not Found: 
ERROR - 2018-10-24 14:22:16 --> 404 Page Not Found: 
ERROR - 2018-10-24 14:25:29 --> 404 Page Not Found: 
ERROR - 2018-10-24 14:25:30 --> 404 Page Not Found: 
ERROR - 2018-10-24 14:25:30 --> 404 Page Not Found: 
ERROR - 2018-10-24 14:25:31 --> 404 Page Not Found: 
ERROR - 2018-10-24 14:25:31 --> 404 Page Not Found: 
ERROR - 2018-10-24 14:25:32 --> 404 Page Not Found: 
ERROR - 2018-10-24 14:25:32 --> 404 Page Not Found: 
ERROR - 2018-10-24 14:25:32 --> 404 Page Not Found: 
ERROR - 2018-10-24 14:25:32 --> 404 Page Not Found: 
ERROR - 2018-10-24 14:25:33 --> 404 Page Not Found: 
ERROR - 2018-10-24 14:25:33 --> 404 Page Not Found: 
ERROR - 2018-10-24 14:25:34 --> 404 Page Not Found: 
ERROR - 2018-10-24 15:06:10 --> 404 Page Not Found: 
ERROR - 2018-10-24 15:06:11 --> 404 Page Not Found: 
ERROR - 2018-10-24 15:06:12 --> 404 Page Not Found: 
ERROR - 2018-10-24 15:06:12 --> 404 Page Not Found: 
ERROR - 2018-10-24 15:06:12 --> 404 Page Not Found: 
ERROR - 2018-10-24 16:20:23 --> 404 Page Not Found: 
ERROR - 2018-10-24 16:20:23 --> 404 Page Not Found: 
ERROR - 2018-10-24 16:20:23 --> 404 Page Not Found: 
ERROR - 2018-10-24 16:20:24 --> 404 Page Not Found: 
ERROR - 2018-10-24 16:20:24 --> 404 Page Not Found: 
ERROR - 2018-10-24 16:20:24 --> 404 Page Not Found: 
ERROR - 2018-10-24 16:20:24 --> 404 Page Not Found: 
ERROR - 2018-10-24 16:20:24 --> 404 Page Not Found: 
ERROR - 2018-10-24 16:20:24 --> 404 Page Not Found: 
ERROR - 2018-10-24 16:20:24 --> 404 Page Not Found: 
ERROR - 2018-10-24 16:20:25 --> 404 Page Not Found: 
ERROR - 2018-10-24 16:20:25 --> 404 Page Not Found: 
ERROR - 2018-10-24 16:45:20 --> 404 Page Not Found: 
ERROR - 2018-10-24 16:45:22 --> 404 Page Not Found: 
ERROR - 2018-10-24 16:45:25 --> 404 Page Not Found: 
ERROR - 2018-10-24 16:45:25 --> 404 Page Not Found: 
ERROR - 2018-10-24 16:45:26 --> 404 Page Not Found: 
ERROR - 2018-10-24 16:45:28 --> 404 Page Not Found: 
ERROR - 2018-10-24 16:45:31 --> 404 Page Not Found: 
ERROR - 2018-10-24 17:03:39 --> 404 Page Not Found: 
ERROR - 2018-10-24 17:03:40 --> 404 Page Not Found: 
ERROR - 2018-10-24 17:03:40 --> 404 Page Not Found: 
ERROR - 2018-10-24 17:03:41 --> 404 Page Not Found: 
ERROR - 2018-10-24 17:24:56 --> 404 Page Not Found: 
ERROR - 2018-10-24 17:24:57 --> 404 Page Not Found: 
ERROR - 2018-10-24 17:24:57 --> 404 Page Not Found: 
ERROR - 2018-10-24 17:24:58 --> 404 Page Not Found: 
ERROR - 2018-10-24 18:03:31 --> 404 Page Not Found: 
ERROR - 2018-10-24 18:03:31 --> 404 Page Not Found: 
ERROR - 2018-10-24 18:03:31 --> 404 Page Not Found: 
ERROR - 2018-10-24 18:03:31 --> 404 Page Not Found: 
ERROR - 2018-10-24 18:03:31 --> 404 Page Not Found: 
ERROR - 2018-10-24 18:03:31 --> 404 Page Not Found: 
ERROR - 2018-10-24 18:03:32 --> 404 Page Not Found: 
ERROR - 2018-10-24 18:03:32 --> 404 Page Not Found: 
ERROR - 2018-10-24 18:08:57 --> 404 Page Not Found: 
ERROR - 2018-10-24 18:08:57 --> 404 Page Not Found: 
ERROR - 2018-10-24 18:08:58 --> 404 Page Not Found: 
ERROR - 2018-10-24 18:08:58 --> 404 Page Not Found: 
ERROR - 2018-10-24 18:48:55 --> 404 Page Not Found: 
ERROR - 2018-10-24 19:09:02 --> 404 Page Not Found: 
ERROR - 2018-10-24 19:09:02 --> 404 Page Not Found: 
ERROR - 2018-10-24 19:09:03 --> 404 Page Not Found: 
ERROR - 2018-10-24 19:09:03 --> 404 Page Not Found: 
ERROR - 2018-10-24 19:12:43 --> 404 Page Not Found: 
ERROR - 2018-10-24 19:55:14 --> 404 Page Not Found: 
ERROR - 2018-10-24 19:55:15 --> 404 Page Not Found: 
ERROR - 2018-10-24 19:55:16 --> 404 Page Not Found: 
ERROR - 2018-10-24 19:55:16 --> 404 Page Not Found: 
ERROR - 2018-10-24 19:55:16 --> 404 Page Not Found: 
ERROR - 2018-10-24 19:55:16 --> 404 Page Not Found: 
ERROR - 2018-10-24 19:55:16 --> 404 Page Not Found: 
ERROR - 2018-10-24 19:55:17 --> 404 Page Not Found: 
ERROR - 2018-10-24 20:19:09 --> 404 Page Not Found: 
ERROR - 2018-10-24 20:19:09 --> 404 Page Not Found: 
ERROR - 2018-10-24 20:19:10 --> 404 Page Not Found: 
ERROR - 2018-10-24 20:19:10 --> 404 Page Not Found: 
ERROR - 2018-10-24 20:34:37 --> 404 Page Not Found: 
ERROR - 2018-10-24 20:34:37 --> 404 Page Not Found: 
ERROR - 2018-10-24 20:34:37 --> 404 Page Not Found: 
ERROR - 2018-10-24 20:34:38 --> 404 Page Not Found: 
ERROR - 2018-10-24 21:43:42 --> 404 Page Not Found: 
ERROR - 2018-10-24 21:43:43 --> 404 Page Not Found: 
ERROR - 2018-10-24 21:43:44 --> 404 Page Not Found: 
ERROR - 2018-10-24 21:43:44 --> 404 Page Not Found: 
ERROR - 2018-10-24 21:43:53 --> 404 Page Not Found: 
ERROR - 2018-10-24 21:43:54 --> 404 Page Not Found: 
ERROR - 2018-10-24 21:43:54 --> 404 Page Not Found: 
ERROR - 2018-10-24 21:43:55 --> 404 Page Not Found: 
ERROR - 2018-10-24 21:43:55 --> 404 Page Not Found: 
ERROR - 2018-10-24 22:43:00 --> 404 Page Not Found: 
ERROR - 2018-10-24 22:43:01 --> 404 Page Not Found: 
ERROR - 2018-10-24 22:43:01 --> 404 Page Not Found: 
ERROR - 2018-10-24 22:43:01 --> 404 Page Not Found: 
ERROR - 2018-10-24 22:46:33 --> Query error: You have an error in your SQL syntax; check the manual that corresponds to your MySQL server version for the right syntax to use near '-10, 10' at line 11 - Invalid query: SELECT DISTINCT `p`.*, `c`.`name` as `city_name`, `ps`.`name` as `property_status`, `pt`.`name` as `prop_type`, `b`.`name` as `builder`, `l`.`name` as `location`
FROM `properties` `p`
LEFT JOIN `cities` `c` ON `p`.`city_id` = `c`.`id`
LEFT JOIN `builders` `b` ON `p`.`builder_id` = `b`.`id`
LEFT JOIN `locations` `l` ON `p`.`location_id` = `l`.`id`
LEFT JOIN `property_types` `pt` ON `p`.`property_type_id` = `pt`.`id`
LEFT JOIN `property_status` `ps` ON `p`.`property_status_id` = `ps`.`id`
LEFT JOIN `property_amenities` `pa` ON `pa`.`property_id` = `p`.`id`
WHERE `p`.`status` = 1
ORDER BY `p`.`id` DESC
 LIMIT -10, 10
ERROR - 2018-10-24 22:46:37 --> Query error: You have an error in your SQL syntax; check the manual that corresponds to your MySQL server version for the right syntax to use near '-10, 10' at line 11 - Invalid query: SELECT DISTINCT `p`.*, `c`.`name` as `city_name`, `ps`.`name` as `property_status`, `pt`.`name` as `prop_type`, `b`.`name` as `builder`, `l`.`name` as `location`
FROM `properties` `p`
LEFT JOIN `cities` `c` ON `p`.`city_id` = `c`.`id`
LEFT JOIN `builders` `b` ON `p`.`builder_id` = `b`.`id`
LEFT JOIN `locations` `l` ON `p`.`location_id` = `l`.`id`
LEFT JOIN `property_types` `pt` ON `p`.`property_type_id` = `pt`.`id`
LEFT JOIN `property_status` `ps` ON `p`.`property_status_id` = `ps`.`id`
LEFT JOIN `property_amenities` `pa` ON `pa`.`property_id` = `p`.`id`
WHERE `p`.`status` = 1
ORDER BY `p`.`id` DESC
 LIMIT -10, 10
ERROR - 2018-10-24 22:46:51 --> Query error: You have an error in your SQL syntax; check the manual that corresponds to your MySQL server version for the right syntax to use near '-10, 10' at line 11 - Invalid query: SELECT DISTINCT `p`.*, `c`.`name` as `city_name`, `ps`.`name` as `property_status`, `pt`.`name` as `prop_type`, `b`.`name` as `builder`, `l`.`name` as `location`
FROM `properties` `p`
LEFT JOIN `cities` `c` ON `p`.`city_id` = `c`.`id`
LEFT JOIN `builders` `b` ON `p`.`builder_id` = `b`.`id`
LEFT JOIN `locations` `l` ON `p`.`location_id` = `l`.`id`
LEFT JOIN `property_types` `pt` ON `p`.`property_type_id` = `pt`.`id`
LEFT JOIN `property_status` `ps` ON `p`.`property_status_id` = `ps`.`id`
LEFT JOIN `property_amenities` `pa` ON `pa`.`property_id` = `p`.`id`
WHERE `p`.`status` = 1
ORDER BY `p`.`id` DESC
 LIMIT -10, 10
ERROR - 2018-10-24 22:47:17 --> 404 Page Not Found: 
ERROR - 2018-10-24 22:47:17 --> 404 Page Not Found: 
ERROR - 2018-10-24 22:47:17 --> 404 Page Not Found: 
ERROR - 2018-10-24 22:47:18 --> 404 Page Not Found: 
ERROR - 2018-10-24 22:47:18 --> 404 Page Not Found: 
ERROR - 2018-10-24 22:47:18 --> 404 Page Not Found: 
ERROR - 2018-10-24 22:47:18 --> 404 Page Not Found: 
ERROR - 2018-10-24 22:47:19 --> 404 Page Not Found: 
ERROR - 2018-10-24 23:17:08 --> 404 Page Not Found: 
ERROR - 2018-10-24 23:17:09 --> 404 Page Not Found: 
ERROR - 2018-10-24 23:17:09 --> 404 Page Not Found: 
ERROR - 2018-10-24 23:17:09 --> 404 Page Not Found: 
ERROR - 2018-10-24 23:17:10 --> 404 Page Not Found: 
ERROR - 2018-10-24 23:17:11 --> 404 Page Not Found: 
ERROR - 2018-10-24 23:17:11 --> 404 Page Not Found: 
ERROR - 2018-10-24 23:17:11 --> 404 Page Not Found: 
ERROR - 2018-10-24 23:18:40 --> 404 Page Not Found: 
ERROR - 2018-10-24 23:18:40 --> 404 Page Not Found: 
ERROR - 2018-10-24 23:18:41 --> 404 Page Not Found: 
ERROR - 2018-10-24 23:18:41 --> 404 Page Not Found: 
ERROR - 2018-10-24 23:48:08 --> 404 Page Not Found: 
ERROR - 2018-10-24 23:48:08 --> 404 Page Not Found: 
ERROR - 2018-10-24 23:48:09 --> 404 Page Not Found: 
ERROR - 2018-10-24 23:48:09 --> 404 Page Not Found: 
