ERROR - 2019-10-12 17:21:15 --> 404 Page Not Found: 
ERROR - 2019-10-12 17:21:24 --> 404 Page Not Found: 
ERROR - 2019-10-12 17:21:31 --> 404 Page Not Found: 
ERROR - 2019-10-12 17:22:06 --> Severity: Warning --> Invalid argument supplied for foreach() F:\FBP.com\application\controllers\admin\Properties.php 183
ERROR - 2019-10-12 17:23:11 --> Query error: Column 'property_id' cannot be null - Invalid query: INSERT INTO `property_images` (`property_id`, `image`) VALUES (NULL, 'uploads//Parkway1.png')
ERROR - 2019-10-12 18:11:57 --> Severity: Warning --> rename(uploads/properties/Parkway2.png,uploads//Parkway2.png): The system cannot find the file specified. (code: 2) F:\FBP.com\application\controllers\admin\Properties.php 963
ERROR - 2019-10-12 18:11:57 --> Severity: Warning --> rename(uploads/properties/Divino1.png,uploads//Divino1.png): The system cannot find the file specified. (code: 2) F:\FBP.com\application\controllers\admin\Properties.php 963
ERROR - 2019-10-12 18:11:57 --> Severity: Warning --> rename(uploads/properties/Golfshire2.png,uploads//Golfshire2.png): The system cannot find the file specified. (code: 2) F:\FBP.com\application\controllers\admin\Properties.php 963
ERROR - 2019-10-12 18:11:57 --> Severity: Warning --> rename(uploads/properties/banner-012.jpg,uploads//banner-012.jpg): The system cannot find the file specified. (code: 2) F:\FBP.com\application\controllers\admin\Properties.php 963
ERROR - 2019-10-12 18:11:57 --> Severity: Warning --> rename(uploads/properties/banner-02.jpg,uploads//banner-02.jpg): The system cannot find the file specified. (code: 2) F:\FBP.com\application\controllers\admin\Properties.php 963
ERROR - 2019-10-12 17:53:36 --> Severity: Warning --> mysqli::real_connect(): (HY000/1045): Access denied for user 'fullbask_website'@'localhost' (using password: YES) F:\FBP.com\system\database\drivers\mysqli\mysqli_driver.php 201
ERROR - 2019-10-12 17:53:36 --> Unable to connect to the database
ERROR - 2019-10-12 17:53:49 --> Severity: Warning --> mysqli::real_connect(): (HY000/1045): Access denied for user 'fullbask_website'@'localhost' (using password: YES) F:\FBP.com\system\database\drivers\mysqli\mysqli_driver.php 201
ERROR - 2019-10-12 17:53:49 --> Unable to connect to the database
ERROR - 2019-10-12 17:53:49 --> Severity: Warning --> mysqli::real_connect(): (HY000/1045): Access denied for user 'fullbask_website'@'localhost' (using password: YES) F:\FBP.com\system\database\drivers\mysqli\mysqli_driver.php 201
ERROR - 2019-10-12 17:53:49 --> Unable to connect to the database
ERROR - 2019-10-12 17:53:50 --> Severity: Warning --> mysqli::real_connect(): (HY000/1045): Access denied for user 'fullbask_website'@'localhost' (using password: YES) F:\FBP.com\system\database\drivers\mysqli\mysqli_driver.php 201
ERROR - 2019-10-12 17:53:50 --> Unable to connect to the database
ERROR - 2019-10-12 17:53:52 --> Severity: Warning --> mysqli::real_connect(): (HY000/1045): Access denied for user 'fullbask_website'@'localhost' (using password: YES) F:\FBP.com\system\database\drivers\mysqli\mysqli_driver.php 201
ERROR - 2019-10-12 17:53:52 --> Unable to connect to the database
ERROR - 2019-10-12 17:53:52 --> Severity: Warning --> mysqli::real_connect(): (HY000/1045): Access denied for user 'fullbask_website'@'localhost' (using password: YES) F:\FBP.com\system\database\drivers\mysqli\mysqli_driver.php 201
ERROR - 2019-10-12 17:53:52 --> Unable to connect to the database
ERROR - 2019-10-12 17:53:52 --> Severity: Warning --> mysqli::real_connect(): (HY000/1045): Access denied for user 'fullbask_website'@'localhost' (using password: YES) F:\FBP.com\system\database\drivers\mysqli\mysqli_driver.php 201
ERROR - 2019-10-12 17:53:52 --> Unable to connect to the database
ERROR - 2019-10-12 17:53:54 --> Severity: Warning --> mysqli::real_connect(): (HY000/1045): Access denied for user 'fullbask_website'@'localhost' (using password: YES) F:\FBP.com\system\database\drivers\mysqli\mysqli_driver.php 201
ERROR - 2019-10-12 17:53:54 --> Unable to connect to the database
ERROR - 2019-10-12 17:53:57 --> Severity: Warning --> mysqli::real_connect(): (HY000/1045): Access denied for user 'fullbask_website'@'localhost' (using password: YES) F:\FBP.com\system\database\drivers\mysqli\mysqli_driver.php 201
ERROR - 2019-10-12 17:53:57 --> Unable to connect to the database
ERROR - 2019-10-12 17:54:00 --> Severity: Warning --> mysqli::real_connect(): (HY000/1045): Access denied for user 'fullbask_website'@'localhost' (using password: YES) F:\FBP.com\system\database\drivers\mysqli\mysqli_driver.php 201
ERROR - 2019-10-12 17:54:00 --> Unable to connect to the database
ERROR - 2019-10-12 17:54:28 --> Severity: Warning --> mysqli::real_connect(): (HY000/1045): Access denied for user 'fullbask_website'@'localhost' (using password: YES) F:\FBP.com\system\database\drivers\mysqli\mysqli_driver.php 201
ERROR - 2019-10-12 17:54:28 --> Unable to connect to the database
ERROR - 2019-10-12 17:54:42 --> Severity: Warning --> mysqli::real_connect(): (HY000/1045): Access denied for user 'fullbask_website'@'localhost' (using password: YES) F:\FBP.com\system\database\drivers\mysqli\mysqli_driver.php 201
ERROR - 2019-10-12 17:54:42 --> Unable to connect to the database
ERROR - 2019-10-12 17:54:56 --> Severity: Warning --> mysqli::real_connect(): (HY000/1045): Access denied for user 'fullbask_website'@'localhost' (using password: YES) F:\FBP.com\system\database\drivers\mysqli\mysqli_driver.php 201
ERROR - 2019-10-12 17:54:56 --> Unable to connect to the database
ERROR - 2019-10-12 17:55:01 --> Severity: Warning --> mysqli::real_connect(): (HY000/1045): Access denied for user 'fullbask_website'@'localhost' (using password: YES) F:\FBP.com\system\database\drivers\mysqli\mysqli_driver.php 201
ERROR - 2019-10-12 17:55:01 --> Unable to connect to the database
ERROR - 2019-10-12 17:55:01 --> Severity: Warning --> mysqli::real_connect(): (HY000/1045): Access denied for user 'fullbask_website'@'localhost' (using password: YES) F:\FBP.com\system\database\drivers\mysqli\mysqli_driver.php 201
ERROR - 2019-10-12 17:55:01 --> Unable to connect to the database
ERROR - 2019-10-12 17:55:24 --> Severity: Warning --> mysqli::real_connect(): (HY000/1045): Access denied for user 'fullbask_website'@'localhost' (using password: YES) F:\FBP.com\system\database\drivers\mysqli\mysqli_driver.php 201
ERROR - 2019-10-12 17:55:24 --> Unable to connect to the database
ERROR - 2019-10-12 17:55:36 --> Severity: Warning --> mysqli::real_connect(): (HY000/1045): Access denied for user 'fullbask_website'@'localhost' (using password: YES) F:\FBP.com\system\database\drivers\mysqli\mysqli_driver.php 201
ERROR - 2019-10-12 17:55:36 --> Severity: Warning --> mysqli::real_connect(): (HY000/1045): Access denied for user 'fullbask_website'@'localhost' (using password: YES) F:\FBP.com\system\database\drivers\mysqli\mysqli_driver.php 201
ERROR - 2019-10-12 17:55:36 --> Unable to connect to the database
ERROR - 2019-10-12 17:55:36 --> Unable to connect to the database
ERROR - 2019-10-12 17:55:50 --> Severity: Warning --> mysqli::real_connect(): (HY000/1045): Access denied for user 'fullbask_website'@'localhost' (using password: YES) F:\FBP.com\system\database\drivers\mysqli\mysqli_driver.php 201
ERROR - 2019-10-12 17:55:50 --> Unable to connect to the database
ERROR - 2019-10-12 17:56:12 --> Severity: Warning --> mysqli::real_connect(): (HY000/1045): Access denied for user 'fullbask_website'@'localhost' (using password: YES) F:\FBP.com\system\database\drivers\mysqli\mysqli_driver.php 201
ERROR - 2019-10-12 17:56:12 --> Unable to connect to the database
ERROR - 2019-10-12 17:56:20 --> Severity: Warning --> mysqli::real_connect(): (HY000/1045): Access denied for user 'fullbask_website'@'localhost' (using password: YES) F:\FBP.com\system\database\drivers\mysqli\mysqli_driver.php 201
ERROR - 2019-10-12 17:56:20 --> Unable to connect to the database
