ERROR - 2020-01-28 10:54:37 --> 404 Page Not Found: 
ERROR - 2020-01-28 11:09:43 --> Severity: error --> Exception: Call to a member function delete_map() on null F:\FBP.com\application\controllers\admin\Properties.php 1370
ERROR - 2020-01-28 11:09:44 --> Severity: error --> Exception: Call to a member function delete_map() on null F:\FBP.com\application\controllers\admin\Properties.php 1370
ERROR - 2020-01-28 11:11:28 --> Severity: error --> Exception: Call to a member function delete_map() on null F:\FBP.com\application\controllers\admin\Properties.php 1370
ERROR - 2020-01-28 11:11:45 --> Severity: error --> Exception: Call to a member function delete_map() on null F:\FBP.com\application\controllers\admin\Properties.php 1370
ERROR - 2020-01-28 11:13:31 --> Severity: error --> Exception: Call to a member function delete_map() on null F:\FBP.com\application\controllers\admin\Properties.php 1371
ERROR - 2020-01-28 11:13:42 --> Severity: error --> Exception: Call to a member function delete_map() on null F:\FBP.com\application\controllers\admin\Properties.php 1371
ERROR - 2020-01-28 11:13:43 --> Severity: error --> Exception: Call to a member function delete_map() on null F:\FBP.com\application\controllers\admin\Properties.php 1371
ERROR - 2020-01-28 11:13:43 --> Severity: error --> Exception: Call to a member function delete_map() on null F:\FBP.com\application\controllers\admin\Properties.php 1371
ERROR - 2020-01-28 11:13:43 --> Severity: error --> Exception: Call to a member function delete_map() on null F:\FBP.com\application\controllers\admin\Properties.php 1371
ERROR - 2020-01-28 11:13:43 --> Severity: error --> Exception: Call to a member function delete_map() on null F:\FBP.com\application\controllers\admin\Properties.php 1371
ERROR - 2020-01-28 11:13:43 --> Severity: error --> Exception: Call to a member function delete_map() on null F:\FBP.com\application\controllers\admin\Properties.php 1371
ERROR - 2020-01-28 11:13:43 --> Severity: error --> Exception: Call to a member function delete_map() on null F:\FBP.com\application\controllers\admin\Properties.php 1371
ERROR - 2020-01-28 11:13:45 --> Severity: error --> Exception: Call to a member function delete_map() on null F:\FBP.com\application\controllers\admin\Properties.php 1371
ERROR - 2020-01-28 11:13:45 --> Severity: error --> Exception: Call to a member function delete_map() on null F:\FBP.com\application\controllers\admin\Properties.php 1371
ERROR - 2020-01-28 11:15:37 --> Severity: error --> Exception: Call to a member function delete_map() on null F:\FBP.com\application\controllers\admin\Properties.php 1371
ERROR - 2020-01-28 11:15:38 --> Severity: error --> Exception: Call to a member function delete_map() on null F:\FBP.com\application\controllers\admin\Properties.php 1371
ERROR - 2020-01-28 11:16:10 --> Severity: error --> Exception: Call to a member function delete_map() on null F:\FBP.com\application\controllers\admin\Properties.php 1370
ERROR - 2020-01-28 11:16:10 --> Severity: error --> Exception: Call to a member function delete_map() on null F:\FBP.com\application\controllers\admin\Properties.php 1370
ERROR - 2020-01-28 11:21:17 --> Severity: error --> Exception: Call to a member function delete_map() on null F:\FBP.com\application\controllers\admin\Properties.php 1371
ERROR - 2020-01-28 11:21:17 --> Severity: error --> Exception: Call to a member function delete_map() on null F:\FBP.com\application\controllers\admin\Properties.php 1371
ERROR - 2020-01-28 11:21:23 --> Severity: error --> Exception: Call to a member function delete_map() on null F:\FBP.com\application\controllers\admin\Properties.php 1371
ERROR - 2020-01-28 11:21:23 --> Severity: error --> Exception: Call to a member function delete_map() on null F:\FBP.com\application\controllers\admin\Properties.php 1371
ERROR - 2020-01-28 11:21:23 --> Severity: error --> Exception: Call to a member function delete_map() on null F:\FBP.com\application\controllers\admin\Properties.php 1371
ERROR - 2020-01-28 11:21:23 --> Severity: error --> Exception: Call to a member function delete_map() on null F:\FBP.com\application\controllers\admin\Properties.php 1371
ERROR - 2020-01-28 11:21:24 --> Severity: error --> Exception: Call to a member function delete_map() on null F:\FBP.com\application\controllers\admin\Properties.php 1371
ERROR - 2020-01-28 11:21:24 --> Severity: error --> Exception: Call to a member function delete_map() on null F:\FBP.com\application\controllers\admin\Properties.php 1371
ERROR - 2020-01-28 11:21:24 --> Severity: error --> Exception: Call to a member function delete_map() on null F:\FBP.com\application\controllers\admin\Properties.php 1371
ERROR - 2020-01-28 11:21:24 --> Severity: error --> Exception: Call to a member function delete_map() on null F:\FBP.com\application\controllers\admin\Properties.php 1371
ERROR - 2020-01-28 11:21:24 --> Severity: error --> Exception: Call to a member function delete_map() on null F:\FBP.com\application\controllers\admin\Properties.php 1371
ERROR - 2020-01-28 11:21:24 --> Severity: error --> Exception: Call to a member function delete_map() on null F:\FBP.com\application\controllers\admin\Properties.php 1371
ERROR - 2020-01-28 11:21:24 --> Severity: error --> Exception: Call to a member function delete_map() on null F:\FBP.com\application\controllers\admin\Properties.php 1371
ERROR - 2020-01-28 11:21:24 --> Severity: error --> Exception: Call to a member function delete_map() on null F:\FBP.com\application\controllers\admin\Properties.php 1371
ERROR - 2020-01-28 11:21:25 --> Severity: error --> Exception: Call to a member function delete_map() on null F:\FBP.com\application\controllers\admin\Properties.php 1371
ERROR - 2020-01-28 11:21:25 --> Severity: error --> Exception: Call to a member function delete_map() on null F:\FBP.com\application\controllers\admin\Properties.php 1371
ERROR - 2020-01-28 11:21:25 --> Severity: error --> Exception: Call to a member function delete_map() on null F:\FBP.com\application\controllers\admin\Properties.php 1371
ERROR - 2020-01-28 11:21:25 --> Severity: error --> Exception: Call to a member function delete_map() on null F:\FBP.com\application\controllers\admin\Properties.php 1371
ERROR - 2020-01-28 11:21:26 --> Severity: error --> Exception: Call to a member function delete_map() on null F:\FBP.com\application\controllers\admin\Properties.php 1371
ERROR - 2020-01-28 11:21:26 --> Severity: error --> Exception: Call to a member function delete_map() on null F:\FBP.com\application\controllers\admin\Properties.php 1371
ERROR - 2020-01-28 11:22:15 --> Severity: error --> Exception: Call to a member function delete_map() on null F:\FBP.com\application\controllers\admin\Properties.php 1371
ERROR - 2020-01-28 11:22:17 --> Severity: error --> Exception: Call to a member function delete_map() on null F:\FBP.com\application\controllers\admin\Properties.php 1371
ERROR - 2020-01-28 11:22:18 --> Severity: error --> Exception: Call to a member function delete_map() on null F:\FBP.com\application\controllers\admin\Properties.php 1371
ERROR - 2020-01-28 11:22:18 --> Severity: error --> Exception: Call to a member function delete_map() on null F:\FBP.com\application\controllers\admin\Properties.php 1371
ERROR - 2020-01-28 11:23:53 --> Severity: error --> Exception: Call to a member function delete_map() on null F:\FBP.com\application\controllers\admin\Properties.php 1371
ERROR - 2020-01-28 11:23:57 --> Severity: error --> Exception: Call to a member function delete_map() on null F:\FBP.com\application\controllers\admin\Properties.php 1371
ERROR - 2020-01-28 11:23:57 --> Severity: error --> Exception: Call to a member function delete_map() on null F:\FBP.com\application\controllers\admin\Properties.php 1371
ERROR - 2020-01-28 11:23:58 --> Severity: error --> Exception: Call to a member function delete_map() on null F:\FBP.com\application\controllers\admin\Properties.php 1371
ERROR - 2020-01-28 11:23:58 --> Severity: error --> Exception: Call to a member function delete_map() on null F:\FBP.com\application\controllers\admin\Properties.php 1371
ERROR - 2020-01-28 11:23:59 --> Severity: error --> Exception: Call to a member function delete_map() on null F:\FBP.com\application\controllers\admin\Properties.php 1371
ERROR - 2020-01-28 11:23:59 --> Severity: error --> Exception: Call to a member function delete_map() on null F:\FBP.com\application\controllers\admin\Properties.php 1371
ERROR - 2020-01-28 11:28:41 --> Severity: error --> Exception: Call to a member function delete_map() on null F:\FBP.com\application\controllers\admin\Properties.php 1371
ERROR - 2020-01-28 07:01:38 --> Severity: error --> Exception: syntax error, unexpected '$this' (T_VARIABLE) F:\FBP.com\application\models\Properties_model.php 534
ERROR - 2020-01-28 07:01:38 --> Severity: error --> Exception: syntax error, unexpected '$this' (T_VARIABLE) F:\FBP.com\application\models\Properties_model.php 534
ERROR - 2020-01-28 11:32:26 --> Severity: error --> Exception: Call to a member function delete_map() on null F:\FBP.com\application\controllers\admin\Properties.php 1371
ERROR - 2020-01-28 11:32:28 --> Severity: error --> Exception: Call to a member function delete_map() on null F:\FBP.com\application\controllers\admin\Properties.php 1371
ERROR - 2020-01-28 11:33:42 --> Severity: error --> Exception: Call to a member function delete_map() on null F:\FBP.com\application\controllers\admin\Properties.php 1371
ERROR - 2020-01-28 11:34:20 --> Severity: error --> Exception: Call to a member function delete_map() on null F:\FBP.com\application\controllers\admin\Properties.php 1371
ERROR - 2020-01-28 11:34:38 --> Severity: error --> Exception: Call to a member function delete_map() on null F:\FBP.com\application\controllers\admin\Properties.php 1371
ERROR - 2020-01-28 11:35:16 --> Severity: error --> Exception: Call to a member function delete_map() on null F:\FBP.com\application\controllers\admin\Properties.php 1372
ERROR - 2020-01-28 11:35:27 --> Severity: error --> Exception: Call to a member function delete_map() on null F:\FBP.com\application\controllers\admin\Properties.php 1372
ERROR - 2020-01-28 11:38:37 --> Severity: error --> Exception: Call to a member function map_delete() on null F:\FBP.com\application\controllers\admin\Properties.php 1371
ERROR - 2020-01-28 11:38:51 --> Severity: error --> Exception: Call to a member function map_delete() on null F:\FBP.com\application\controllers\admin\Properties.php 1371
ERROR - 2020-01-28 11:38:52 --> Severity: error --> Exception: Call to a member function map_delete() on null F:\FBP.com\application\controllers\admin\Properties.php 1371
ERROR - 2020-01-28 11:38:53 --> Severity: error --> Exception: Call to a member function map_delete() on null F:\FBP.com\application\controllers\admin\Properties.php 1371
ERROR - 2020-01-28 11:38:53 --> Severity: error --> Exception: Call to a member function map_delete() on null F:\FBP.com\application\controllers\admin\Properties.php 1371
ERROR - 2020-01-28 11:38:54 --> Severity: error --> Exception: Call to a member function map_delete() on null F:\FBP.com\application\controllers\admin\Properties.php 1371
ERROR - 2020-01-28 11:38:54 --> Severity: error --> Exception: Call to a member function map_delete() on null F:\FBP.com\application\controllers\admin\Properties.php 1371
ERROR - 2020-01-28 11:38:55 --> Severity: error --> Exception: Call to a member function map_delete() on null F:\FBP.com\application\controllers\admin\Properties.php 1371
ERROR - 2020-01-28 11:38:55 --> Severity: error --> Exception: Call to a member function map_delete() on null F:\FBP.com\application\controllers\admin\Properties.php 1371
ERROR - 2020-01-28 11:38:55 --> Severity: error --> Exception: Call to a member function map_delete() on null F:\FBP.com\application\controllers\admin\Properties.php 1371
ERROR - 2020-01-28 11:38:55 --> Severity: error --> Exception: Call to a member function map_delete() on null F:\FBP.com\application\controllers\admin\Properties.php 1371
ERROR - 2020-01-28 11:38:55 --> Severity: error --> Exception: Call to a member function map_delete() on null F:\FBP.com\application\controllers\admin\Properties.php 1371
ERROR - 2020-01-28 11:39:16 --> Severity: error --> Exception: Call to a member function map_delete() on null F:\FBP.com\application\controllers\admin\Properties.php 1371
ERROR - 2020-01-28 11:39:17 --> Severity: error --> Exception: Call to a member function map_delete() on null F:\FBP.com\application\controllers\admin\Properties.php 1371
ERROR - 2020-01-28 11:39:17 --> Severity: error --> Exception: Call to a member function map_delete() on null F:\FBP.com\application\controllers\admin\Properties.php 1371
ERROR - 2020-01-28 11:39:17 --> Severity: error --> Exception: Call to a member function map_delete() on null F:\FBP.com\application\controllers\admin\Properties.php 1371
ERROR - 2020-01-28 11:39:18 --> Severity: error --> Exception: Call to a member function map_delete() on null F:\FBP.com\application\controllers\admin\Properties.php 1371
ERROR - 2020-01-28 11:39:18 --> Severity: error --> Exception: Call to a member function map_delete() on null F:\FBP.com\application\controllers\admin\Properties.php 1371
ERROR - 2020-01-28 11:39:18 --> Severity: error --> Exception: Call to a member function map_delete() on null F:\FBP.com\application\controllers\admin\Properties.php 1371
ERROR - 2020-01-28 11:39:18 --> Severity: error --> Exception: Call to a member function map_delete() on null F:\FBP.com\application\controllers\admin\Properties.php 1371
ERROR - 2020-01-28 11:39:52 --> Severity: error --> Exception: Call to a member function map_delete() on null F:\FBP.com\application\controllers\admin\Properties.php 1371
ERROR - 2020-01-28 11:39:53 --> Severity: error --> Exception: Call to a member function map_delete() on null F:\FBP.com\application\controllers\admin\Properties.php 1371
ERROR - 2020-01-28 11:41:18 --> Severity: error --> Exception: Call to a member function map_delete() on null F:\FBP.com\application\controllers\admin\Properties.php 1371
ERROR - 2020-01-28 11:46:04 --> Query error: Unknown column 'Array' in 'field list' - Invalid query: UPDATE `properties` SET `map` = Array
WHERE `id` = '439'
ERROR - 2020-01-28 11:50:15 --> Query error: Unknown column 'Array' in 'field list' - Invalid query: UPDATE `properties` SET `map` = Array
WHERE `id` = '439'
ERROR - 2020-01-28 11:51:34 --> Query error: Unknown column 'Array' in 'field list' - Invalid query: UPDATE `properties` SET `map` = Array
WHERE `id` = '439'
ERROR - 2020-01-28 11:51:35 --> Query error: Unknown column 'Array' in 'field list' - Invalid query: UPDATE `properties` SET `map` = Array
WHERE `id` = '439'
ERROR - 2020-01-28 11:51:48 --> Query error: Unknown column 'Array' in 'field list' - Invalid query: UPDATE `properties` SET `map` = Array
WHERE `id` = '439'
ERROR - 2020-01-28 11:52:02 --> Query error: Unknown column 'Array' in 'field list' - Invalid query: UPDATE `properties` SET `map` = Array
WHERE `id` = '439'
ERROR - 2020-01-28 11:52:03 --> Query error: Unknown column 'Array' in 'field list' - Invalid query: UPDATE `properties` SET `map` = Array
WHERE `id` = '439'
ERROR - 2020-01-28 11:52:03 --> Query error: Unknown column 'Array' in 'field list' - Invalid query: UPDATE `properties` SET `map` = Array
WHERE `id` = '439'
ERROR - 2020-01-28 11:52:03 --> Query error: Unknown column 'Array' in 'field list' - Invalid query: UPDATE `properties` SET `map` = Array
WHERE `id` = '439'
ERROR - 2020-01-28 11:52:04 --> Query error: Unknown column 'Array' in 'field list' - Invalid query: UPDATE `properties` SET `map` = Array
WHERE `id` = '439'
ERROR - 2020-01-28 11:52:17 --> Query error: Unknown column 'Array' in 'field list' - Invalid query: UPDATE `properties` SET `map` = Array
WHERE `id` = '440'
ERROR - 2020-01-28 11:52:47 --> Query error: Unknown column 'Array' in 'field list' - Invalid query: UPDATE `properties` SET `map` = Array
WHERE `id` = '440'
ERROR - 2020-01-28 11:52:48 --> Query error: Unknown column 'Array' in 'field list' - Invalid query: UPDATE `properties` SET `map` = Array
WHERE `id` = '440'
ERROR - 2020-01-28 11:53:03 --> Query error: Unknown column 'Array' in 'field list' - Invalid query: UPDATE `properties` SET `map` = Array
WHERE `id` = '440'
ERROR - 2020-01-28 11:53:05 --> Query error: Unknown column 'Array' in 'field list' - Invalid query: UPDATE `properties` SET `map` = Array
WHERE `id` = '440'
ERROR - 2020-01-28 11:53:05 --> Query error: Unknown column 'Array' in 'field list' - Invalid query: UPDATE `properties` SET `map` = Array
WHERE `id` = '440'
ERROR - 2020-01-28 11:53:26 --> Query error: Unknown column 'Array' in 'field list' - Invalid query: UPDATE `properties` SET `map` = Array
WHERE `id` = '440'
ERROR - 2020-01-28 11:53:26 --> Query error: Unknown column 'Array' in 'field list' - Invalid query: UPDATE `properties` SET `map` = Array
WHERE `id` = '440'
ERROR - 2020-01-28 11:53:33 --> Query error: Unknown column 'Array' in 'field list' - Invalid query: UPDATE `properties` SET `map` = Array
WHERE `id` = '440'
ERROR - 2020-01-28 11:53:34 --> Query error: Unknown column 'Array' in 'field list' - Invalid query: UPDATE `properties` SET `map` = Array
WHERE `id` = '440'
ERROR - 2020-01-28 11:58:13 --> Severity: error --> Exception: Call to a member function getProperty() on null F:\FBP.com\application\controllers\admin\Properties.php 1373
ERROR - 2020-01-28 12:14:45 --> 404 Page Not Found: 
ERROR - 2020-01-28 15:41:17 --> Language file contains no data: language/english/achievements_lang.php
ERROR - 2020-01-28 15:41:17 --> Could not find the language line "achievements title addAchievement"
ERROR - 2020-01-28 16:36:55 --> Language file contains no data: language/english/achievements_lang.php
ERROR - 2020-01-28 16:36:55 --> Could not find the language line "achievements title addAchievement"
ERROR - 2020-01-28 16:37:03 --> Language file contains no data: language/english/achievements_lang.php
ERROR - 2020-01-28 16:37:13 --> Language file contains no data: language/english/achievements_lang.php
ERROR - 2020-01-28 16:41:39 --> Language file contains no data: language/english/achievements_lang.php
ERROR - 2020-01-28 16:41:39 --> Could not find the language line "achievements title addAchievement"
ERROR - 2020-01-28 16:42:52 --> Language file contains no data: language/english/achievements_lang.php
ERROR - 2020-01-28 16:42:52 --> Could not find the language line "achievements title addAchievement"
ERROR - 2020-01-28 16:44:15 --> Language file contains no data: language/english/achievements_lang.php
ERROR - 2020-01-28 16:44:15 --> Could not find the language line "achievements title addAchievement"
ERROR - 2020-01-28 16:44:15 --> Language file contains no data: language/english/achievements_lang.php
ERROR - 2020-01-28 16:44:15 --> Could not find the language line "achievements title addAchievement"
ERROR - 2020-01-28 16:44:36 --> Language file contains no data: language/english/achievements_lang.php
ERROR - 2020-01-28 16:44:36 --> Could not find the language line "achievements title addAchievement"
ERROR - 2020-01-28 16:44:37 --> Language file contains no data: language/english/achievements_lang.php
ERROR - 2020-01-28 16:44:37 --> Could not find the language line "achievements title addAchievement"
ERROR - 2020-01-28 16:45:49 --> Language file contains no data: language/english/achievements_lang.php
ERROR - 2020-01-28 16:45:49 --> Query error: No tables used - Invalid query: SELECT *
ERROR - 2020-01-28 16:46:13 --> Language file contains no data: language/english/achievements_lang.php
ERROR - 2020-01-28 16:46:13 --> Query error: No tables used - Invalid query: SELECT *
ERROR - 2020-01-28 16:46:14 --> Language file contains no data: language/english/achievements_lang.php
ERROR - 2020-01-28 16:46:14 --> Query error: No tables used - Invalid query: SELECT *
ERROR - 2020-01-28 16:46:14 --> Language file contains no data: language/english/achievements_lang.php
ERROR - 2020-01-28 16:46:14 --> Query error: No tables used - Invalid query: SELECT *
ERROR - 2020-01-28 16:46:15 --> Language file contains no data: language/english/achievements_lang.php
ERROR - 2020-01-28 16:46:15 --> Query error: No tables used - Invalid query: SELECT *
ERROR - 2020-01-28 16:46:15 --> Language file contains no data: language/english/achievements_lang.php
ERROR - 2020-01-28 16:46:15 --> Query error: No tables used - Invalid query: SELECT *
ERROR - 2020-01-28 16:46:25 --> Language file contains no data: language/english/achievements_lang.php
ERROR - 2020-01-28 16:46:25 --> Could not find the language line "achievements title addAchievement"
ERROR - 2020-01-28 16:46:49 --> Language file contains no data: language/english/achievements_lang.php
ERROR - 2020-01-28 16:46:49 --> Could not find the language line "achievements title addAchievement"
ERROR - 2020-01-28 16:48:59 --> Language file contains no data: language/english/achievements_lang.php
ERROR - 2020-01-28 16:48:59 --> Could not find the language line "achievements title addAchievement"
ERROR - 2020-01-28 16:49:17 --> Language file contains no data: language/english/achievements_lang.php
ERROR - 2020-01-28 16:49:17 --> Could not find the language line "achievements title addAchievement"
ERROR - 2020-01-28 16:49:54 --> Language file contains no data: language/english/achievements_lang.php
ERROR - 2020-01-28 16:49:54 --> Could not find the language line "achievements title addAchievement"
ERROR - 2020-01-28 16:50:07 --> Language file contains no data: language/english/achievements_lang.php
ERROR - 2020-01-28 16:50:07 --> Could not find the language line "achievements title addAchievement"
ERROR - 2020-01-28 16:50:15 --> Language file contains no data: language/english/achievements_lang.php
ERROR - 2020-01-28 16:50:15 --> Could not find the language line "achievements title addAchievement"
ERROR - 2020-01-28 16:50:27 --> Language file contains no data: language/english/achievements_lang.php
ERROR - 2020-01-28 16:50:27 --> Could not find the language line "achievements title addAchievement"
ERROR - 2020-01-28 16:50:47 --> Language file contains no data: language/english/achievements_lang.php
ERROR - 2020-01-28 16:50:47 --> Could not find the language line "achievements title addAchievement"
ERROR - 2020-01-28 16:51:11 --> Language file contains no data: language/english/achievements_lang.php
ERROR - 2020-01-28 16:51:11 --> Could not find the language line "achievements title addAchievement"
ERROR - 2020-01-28 16:51:22 --> Language file contains no data: language/english/achievements_lang.php
ERROR - 2020-01-28 16:51:22 --> Could not find the language line "achievements title addAchievement"
ERROR - 2020-01-28 16:51:24 --> Language file contains no data: language/english/achievements_lang.php
ERROR - 2020-01-28 16:51:24 --> Could not find the language line "achievements title addAchievement"
ERROR - 2020-01-28 16:59:44 --> Language file contains no data: language/english/achievements_lang.php
ERROR - 2020-01-28 16:59:44 --> Could not find the language line "achievements title addAchievement"
ERROR - 2020-01-28 16:59:44 --> Severity: error --> Exception: syntax error, unexpected '}', expecting end of file F:\FBP.com\application\views\admin\achievements\add.php 46
ERROR - 2020-01-28 16:59:51 --> Language file contains no data: language/english/achievements_lang.php
ERROR - 2020-01-28 16:59:51 --> Could not find the language line "achievements title addAchievement"
ERROR - 2020-01-28 17:01:44 --> Language file contains no data: language/english/achievements_lang.php
ERROR - 2020-01-28 17:01:44 --> Could not find the language line "achievements title addAchievement"
ERROR - 2020-01-28 17:01:44 --> Severity: error --> Exception: syntax error, unexpected ')', expecting ',' or ';' F:\FBP.com\application\views\admin\achievements\add.php 62
ERROR - 2020-01-28 17:02:11 --> Language file contains no data: language/english/achievements_lang.php
ERROR - 2020-01-28 17:02:11 --> Could not find the language line "achievements title addAchievement"
ERROR - 2020-01-28 17:02:41 --> Language file contains no data: language/english/achievements_lang.php
ERROR - 2020-01-28 17:02:41 --> Could not find the language line "achievements title addAchievement"
ERROR - 2020-01-28 17:03:22 --> Language file contains no data: language/english/achievements_lang.php
ERROR - 2020-01-28 17:03:22 --> Could not find the language line "achievements title addAchievement"
ERROR - 2020-01-28 17:04:01 --> Language file contains no data: language/english/achievements_lang.php
ERROR - 2020-01-28 17:04:01 --> Could not find the language line "achievements title addAchievement"
ERROR - 2020-01-28 17:04:03 --> Language file contains no data: language/english/achievements_lang.php
ERROR - 2020-01-28 17:04:03 --> Could not find the language line "achievements title addAchievement"
ERROR - 2020-01-28 17:04:04 --> Language file contains no data: language/english/achievements_lang.php
ERROR - 2020-01-28 17:04:04 --> Could not find the language line "achievements title addAchievement"
ERROR - 2020-01-28 17:04:04 --> Language file contains no data: language/english/achievements_lang.php
ERROR - 2020-01-28 17:04:04 --> Could not find the language line "achievements title addAchievement"
ERROR - 2020-01-28 17:04:04 --> Language file contains no data: language/english/achievements_lang.php
ERROR - 2020-01-28 17:04:04 --> Could not find the language line "achievements title addAchievement"
ERROR - 2020-01-28 17:04:17 --> Language file contains no data: language/english/achievements_lang.php
ERROR - 2020-01-28 17:04:17 --> Could not find the language line "achievements title addAchievement"
ERROR - 2020-01-28 17:04:26 --> Language file contains no data: language/english/achievements_lang.php
ERROR - 2020-01-28 17:04:26 --> Could not find the language line "achievements title addAchievement"
ERROR - 2020-01-28 17:04:47 --> Language file contains no data: language/english/achievements_lang.php
ERROR - 2020-01-28 17:04:47 --> Could not find the language line "achievements title addAchievement"
ERROR - 2020-01-28 17:04:48 --> Language file contains no data: language/english/achievements_lang.php
ERROR - 2020-01-28 17:04:48 --> Could not find the language line "achievements title addAchievement"
ERROR - 2020-01-28 17:04:48 --> Language file contains no data: language/english/achievements_lang.php
ERROR - 2020-01-28 17:04:48 --> Could not find the language line "achievements title addAchievement"
ERROR - 2020-01-28 17:05:11 --> Language file contains no data: language/english/achievements_lang.php
ERROR - 2020-01-28 17:05:46 --> Language file contains no data: language/english/achievements_lang.php
ERROR - 2020-01-28 17:05:54 --> Language file contains no data: language/english/achievements_lang.php
ERROR - 2020-01-28 17:05:54 --> Language file contains no data: language/english/achievements_lang.php
ERROR - 2020-01-28 17:05:55 --> Language file contains no data: language/english/achievements_lang.php
ERROR - 2020-01-28 17:05:55 --> Language file contains no data: language/english/achievements_lang.php
ERROR - 2020-01-28 17:06:01 --> Language file contains no data: language/english/achievements_lang.php
ERROR - 2020-01-28 17:06:10 --> Language file contains no data: language/english/achievements_lang.php
ERROR - 2020-01-28 17:07:00 --> Language file contains no data: language/english/achievements_lang.php
ERROR - 2020-01-28 17:07:00 --> Could not find the language line "achievements title addAchievement"
ERROR - 2020-01-28 17:07:07 --> Language file contains no data: language/english/achievements_lang.php
ERROR - 2020-01-28 17:07:07 --> Could not find the language line "achievements title addAchievement"
ERROR - 2020-01-28 17:20:42 --> Language file contains no data: language/english/achievements_lang.php
ERROR - 2020-01-28 17:20:42 --> Could not find the language line "achievements title addAchievement"
ERROR - 2020-01-28 17:21:03 --> Language file contains no data: language/english/achievements_lang.php
ERROR - 2020-01-28 17:21:03 --> Query error: Unknown column 'city_id' in 'field list' - Invalid query: INSERT INTO `achievements` (`comment`, `image`, `alt_title`, `image_desc`, `date_added`, `date`, `city_id`) VALUES ('<blockquote>\r\n<p>asdfaas</p>\r\n\r\n<p>dfasdsdfasdfasdfasdf</p>\r\n</blockquote>\r\n\r\n<p>sdfasdfasdf&nbsp;</p>', '654cfa9b0043d949cdd0172c0a3bf3af.jpg', 'asdfasdf', 'asdfasdf', '2020-01-28', '2020', '2')
ERROR - 2020-01-28 17:21:59 --> Language file contains no data: language/english/achievements_lang.php
ERROR - 2020-01-28 17:21:59 --> Language file contains no data: language/english/achievements_lang.php
ERROR - 2020-01-28 17:21:59 --> Could not find the language line "achievements title achievements"
ERROR - 2020-01-28 17:26:15 --> Language file contains no data: language/english/achievements_lang.php
ERROR - 2020-01-28 17:26:15 --> Could not find the language line "achievements title addAchievement"
ERROR - 2020-01-28 17:26:33 --> Language file contains no data: language/english/achievements_lang.php
ERROR - 2020-01-28 17:26:34 --> Language file contains no data: language/english/achievements_lang.php
ERROR - 2020-01-28 17:26:34 --> Could not find the language line "achievements title achievements"
ERROR - 2020-01-28 17:30:57 --> Language file contains no data: language/english/achievements_lang.php
ERROR - 2020-01-28 17:30:57 --> Could not find the language line "achievements title editAchievement"
ERROR - 2020-01-28 17:30:57 --> Severity: error --> Exception: syntax error, unexpected 'echo' (T_ECHO) F:\FBP.com\application\views\admin\achievements\edit.php 76
ERROR - 2020-01-28 17:31:08 --> Language file contains no data: language/english/achievements_lang.php
ERROR - 2020-01-28 17:31:08 --> Could not find the language line "achievements title editAchievement"
ERROR - 2020-01-28 17:31:08 --> Severity: Warning --> Invalid argument supplied for foreach() F:\FBP.com\application\views\admin\achievements\edit.php 55
ERROR - 2020-01-28 17:31:08 --> Severity: Warning --> Invalid argument supplied for foreach() F:\FBP.com\application\views\admin\achievements\edit.php 74
ERROR - 2020-01-28 17:33:08 --> Language file contains no data: language/english/achievements_lang.php
ERROR - 2020-01-28 17:33:08 --> Could not find the language line "achievements title editAchievement"
ERROR - 2020-01-28 17:33:47 --> Language file contains no data: language/english/achievements_lang.php
ERROR - 2020-01-28 17:33:47 --> Could not find the language line "achievements title editAchievement"
ERROR - 2020-01-28 17:33:47 --> Severity: Warning --> Invalid argument supplied for foreach() F:\FBP.com\application\views\admin\achievements\edit.php 55
ERROR - 2020-01-28 17:33:47 --> Severity: Warning --> Invalid argument supplied for foreach() F:\FBP.com\application\views\admin\achievements\edit.php 74
ERROR - 2020-01-28 17:34:09 --> Language file contains no data: language/english/achievements_lang.php
ERROR - 2020-01-28 17:34:09 --> Could not find the language line "achievements title editAchievement"
ERROR - 2020-01-28 17:34:09 --> Severity: Warning --> Invalid argument supplied for foreach() F:\FBP.com\application\views\admin\achievements\edit.php 55
ERROR - 2020-01-28 17:34:09 --> Severity: Warning --> Invalid argument supplied for foreach() F:\FBP.com\application\views\admin\achievements\edit.php 74
ERROR - 2020-01-28 17:34:10 --> Language file contains no data: language/english/achievements_lang.php
ERROR - 2020-01-28 17:34:10 --> Could not find the language line "achievements title editAchievement"
ERROR - 2020-01-28 17:34:10 --> Severity: Warning --> Invalid argument supplied for foreach() F:\FBP.com\application\views\admin\achievements\edit.php 55
ERROR - 2020-01-28 17:34:10 --> Severity: Warning --> Invalid argument supplied for foreach() F:\FBP.com\application\views\admin\achievements\edit.php 74
ERROR - 2020-01-28 17:34:39 --> Language file contains no data: language/english/achievements_lang.php
ERROR - 2020-01-28 17:34:39 --> Could not find the language line "achievements title editAchievement"
ERROR - 2020-01-28 17:34:39 --> Severity: Warning --> Invalid argument supplied for foreach() F:\FBP.com\application\views\admin\achievements\edit.php 55
ERROR - 2020-01-28 17:34:39 --> Severity: Warning --> Invalid argument supplied for foreach() F:\FBP.com\application\views\admin\achievements\edit.php 74
ERROR - 2020-01-28 17:34:57 --> Language file contains no data: language/english/achievements_lang.php
ERROR - 2020-01-28 17:34:57 --> Could not find the language line "achievements title editAchievement"
ERROR - 2020-01-28 17:35:28 --> Language file contains no data: language/english/achievements_lang.php
ERROR - 2020-01-28 17:35:28 --> Could not find the language line "achievements title editAchievement"
ERROR - 2020-01-28 17:35:28 --> Severity: Warning --> Invalid argument supplied for foreach() F:\FBP.com\application\views\admin\achievements\edit.php 55
ERROR - 2020-01-28 17:35:28 --> Severity: Warning --> Invalid argument supplied for foreach() F:\FBP.com\application\views\admin\achievements\edit.php 74
ERROR - 2020-01-28 17:35:57 --> Language file contains no data: language/english/achievements_lang.php
ERROR - 2020-01-28 17:35:57 --> Could not find the language line "achievements title editAchievement"
ERROR - 2020-01-28 17:36:07 --> Language file contains no data: language/english/achievements_lang.php
ERROR - 2020-01-28 17:36:07 --> Could not find the language line "achievements title editAchievement"
ERROR - 2020-01-28 17:36:36 --> Language file contains no data: language/english/achievements_lang.php
ERROR - 2020-01-28 17:36:36 --> Could not find the language line "achievements title editAchievement"
ERROR - 2020-01-28 17:36:37 --> Language file contains no data: language/english/achievements_lang.php
ERROR - 2020-01-28 17:36:37 --> Could not find the language line "achievements title editAchievement"
ERROR - 2020-01-28 17:36:37 --> Language file contains no data: language/english/achievements_lang.php
ERROR - 2020-01-28 17:36:37 --> Could not find the language line "achievements title editAchievement"
ERROR - 2020-01-28 17:36:38 --> Language file contains no data: language/english/achievements_lang.php
ERROR - 2020-01-28 17:36:38 --> Could not find the language line "achievements title editAchievement"
ERROR - 2020-01-28 17:36:56 --> Language file contains no data: language/english/achievements_lang.php
ERROR - 2020-01-28 17:36:56 --> Could not find the language line "achievements title editAchievement"
ERROR - 2020-01-28 17:37:24 --> Language file contains no data: language/english/achievements_lang.php
ERROR - 2020-01-28 17:37:24 --> Could not find the language line "achievements title editAchievement"
ERROR - 2020-01-28 17:37:25 --> Language file contains no data: language/english/achievements_lang.php
ERROR - 2020-01-28 17:37:25 --> Could not find the language line "achievements title editAchievement"
ERROR - 2020-01-28 17:37:25 --> Language file contains no data: language/english/achievements_lang.php
ERROR - 2020-01-28 17:37:25 --> Could not find the language line "achievements title editAchievement"
ERROR - 2020-01-28 17:37:26 --> Language file contains no data: language/english/achievements_lang.php
ERROR - 2020-01-28 17:37:26 --> Could not find the language line "achievements title editAchievement"
ERROR - 2020-01-28 17:37:26 --> Language file contains no data: language/english/achievements_lang.php
ERROR - 2020-01-28 17:37:26 --> Could not find the language line "achievements title editAchievement"
ERROR - 2020-01-28 17:37:26 --> Language file contains no data: language/english/achievements_lang.php
ERROR - 2020-01-28 17:37:26 --> Could not find the language line "achievements title editAchievement"
ERROR - 2020-01-28 17:37:26 --> Language file contains no data: language/english/achievements_lang.php
ERROR - 2020-01-28 17:37:26 --> Could not find the language line "achievements title editAchievement"
ERROR - 2020-01-28 17:37:26 --> Language file contains no data: language/english/achievements_lang.php
ERROR - 2020-01-28 17:37:26 --> Could not find the language line "achievements title editAchievement"
ERROR - 2020-01-28 17:37:35 --> Language file contains no data: language/english/achievements_lang.php
ERROR - 2020-01-28 17:37:35 --> Could not find the language line "achievements title editAchievement"
ERROR - 2020-01-28 17:37:49 --> Language file contains no data: language/english/achievements_lang.php
ERROR - 2020-01-28 17:37:49 --> Could not find the language line "achievements title editAchievement"
ERROR - 2020-01-28 17:38:06 --> Language file contains no data: language/english/achievements_lang.php
ERROR - 2020-01-28 17:38:06 --> Could not find the language line "achievements title editAchievement"
ERROR - 2020-01-28 17:38:29 --> Language file contains no data: language/english/achievements_lang.php
ERROR - 2020-01-28 17:38:29 --> Could not find the language line "achievements title editAchievement"
ERROR - 2020-01-28 17:38:59 --> Language file contains no data: language/english/achievements_lang.php
ERROR - 2020-01-28 17:38:59 --> Could not find the language line "achievements title editAchievement"
ERROR - 2020-01-28 17:41:52 --> Language file contains no data: language/english/achievements_lang.php
ERROR - 2020-01-28 17:41:52 --> Could not find the language line "achievements title editAchievement"
ERROR - 2020-01-28 17:41:52 --> Severity: error --> Exception: Call to a member function format() on null F:\FBP.com\application\views\admin\achievements\edit.php 77
ERROR - 2020-01-28 17:42:26 --> Language file contains no data: language/english/achievements_lang.php
ERROR - 2020-01-28 17:42:26 --> Could not find the language line "achievements title editAchievement"
ERROR - 2020-01-28 17:42:26 --> Severity: error --> Exception: Call to a member function format() on bool F:\FBP.com\application\views\admin\achievements\edit.php 78
ERROR - 2020-01-28 17:42:27 --> Language file contains no data: language/english/achievements_lang.php
ERROR - 2020-01-28 17:42:27 --> Could not find the language line "achievements title editAchievement"
ERROR - 2020-01-28 17:42:27 --> Severity: error --> Exception: Call to a member function format() on bool F:\FBP.com\application\views\admin\achievements\edit.php 78
ERROR - 2020-01-28 17:42:28 --> Language file contains no data: language/english/achievements_lang.php
ERROR - 2020-01-28 17:42:28 --> Could not find the language line "achievements title editAchievement"
ERROR - 2020-01-28 17:42:28 --> Severity: error --> Exception: Call to a member function format() on bool F:\FBP.com\application\views\admin\achievements\edit.php 78
ERROR - 2020-01-28 17:42:39 --> Language file contains no data: language/english/achievements_lang.php
ERROR - 2020-01-28 17:42:39 --> Could not find the language line "achievements title editAchievement"
ERROR - 2020-01-28 17:43:20 --> Language file contains no data: language/english/achievements_lang.php
ERROR - 2020-01-28 17:43:20 --> Could not find the language line "achievements title editAchievement"
ERROR - 2020-01-28 17:43:35 --> Language file contains no data: language/english/achievements_lang.php
ERROR - 2020-01-28 17:43:35 --> Could not find the language line "achievements title editAchievement"
ERROR - 2020-01-28 17:43:59 --> Language file contains no data: language/english/achievements_lang.php
ERROR - 2020-01-28 17:43:59 --> Could not find the language line "achievements title editAchievement"
ERROR - 2020-01-28 17:44:06 --> Language file contains no data: language/english/achievements_lang.php
ERROR - 2020-01-28 17:44:06 --> Could not find the language line "achievements title editAchievement"
ERROR - 2020-01-28 17:45:14 --> Language file contains no data: language/english/achievements_lang.php
ERROR - 2020-01-28 17:45:14 --> Could not find the language line "achievements title editAchievement"
ERROR - 2020-01-28 17:45:19 --> Language file contains no data: language/english/achievements_lang.php
ERROR - 2020-01-28 17:45:19 --> Could not find the language line "achievements title editAchievement"
ERROR - 2020-01-28 17:45:42 --> Language file contains no data: language/english/achievements_lang.php
ERROR - 2020-01-28 17:45:42 --> Could not find the language line "achievements title editAchievement"
ERROR - 2020-01-28 17:45:45 --> Language file contains no data: language/english/achievements_lang.php
ERROR - 2020-01-28 17:45:45 --> Could not find the language line "achievements title editAchievement"
ERROR - 2020-01-28 17:47:01 --> Language file contains no data: language/english/achievements_lang.php
ERROR - 2020-01-28 17:47:01 --> Could not find the language line "achievements title editAchievement"
ERROR - 2020-01-28 17:47:16 --> Language file contains no data: language/english/achievements_lang.php
ERROR - 2020-01-28 17:47:16 --> Could not find the language line "achievements title editAchievement"
ERROR - 2020-01-28 17:47:31 --> Language file contains no data: language/english/achievements_lang.php
ERROR - 2020-01-28 17:47:31 --> Could not find the language line "achievements title editAchievement"
ERROR - 2020-01-28 17:48:31 --> Language file contains no data: language/english/achievements_lang.php
ERROR - 2020-01-28 17:48:31 --> Could not find the language line "achievements title editAchievement"
ERROR - 2020-01-28 17:49:03 --> Language file contains no data: language/english/achievements_lang.php
ERROR - 2020-01-28 17:49:03 --> Could not find the language line "achievements title editAchievement"
ERROR - 2020-01-28 17:49:21 --> Language file contains no data: language/english/achievements_lang.php
ERROR - 2020-01-28 17:49:21 --> Could not find the language line "achievements title editAchievement"
ERROR - 2020-01-28 17:53:55 --> Language file contains no data: language/english/achievements_lang.php
ERROR - 2020-01-28 17:53:55 --> Could not find the language line "achievements title editAchievement"
ERROR - 2020-01-28 17:56:31 --> Language file contains no data: language/english/achievements_lang.php
ERROR - 2020-01-28 17:56:31 --> Language file contains no data: language/english/achievements_lang.php
ERROR - 2020-01-28 17:56:31 --> Could not find the language line "achievements title achievements"
ERROR - 2020-01-28 17:56:34 --> Language file contains no data: language/english/achievements_lang.php
ERROR - 2020-01-28 17:56:34 --> Could not find the language line "achievements title editAchievement"
ERROR - 2020-01-28 17:56:39 --> Language file contains no data: language/english/achievements_lang.php
ERROR - 2020-01-28 17:56:39 --> Language file contains no data: language/english/achievements_lang.php
ERROR - 2020-01-28 17:56:39 --> Could not find the language line "achievements title achievements"
ERROR - 2020-01-28 17:56:41 --> Language file contains no data: language/english/achievements_lang.php
ERROR - 2020-01-28 17:56:41 --> Could not find the language line "achievements title editAchievement"
ERROR - 2020-01-28 17:57:24 --> Language file contains no data: language/english/achievements_lang.php
ERROR - 2020-01-28 17:57:24 --> Could not find the language line "achievements title editAchievement"
ERROR - 2020-01-28 17:57:28 --> Language file contains no data: language/english/achievements_lang.php
ERROR - 2020-01-28 17:57:28 --> Language file contains no data: language/english/achievements_lang.php
ERROR - 2020-01-28 17:57:29 --> Could not find the language line "achievements title achievements"
ERROR - 2020-01-28 17:57:30 --> Language file contains no data: language/english/achievements_lang.php
ERROR - 2020-01-28 17:57:30 --> Could not find the language line "achievements title editAchievement"
ERROR - 2020-01-28 17:57:37 --> Language file contains no data: language/english/achievements_lang.php
ERROR - 2020-01-28 17:57:37 --> Language file contains no data: language/english/achievements_lang.php
ERROR - 2020-01-28 17:57:37 --> Could not find the language line "achievements title achievements"
ERROR - 2020-01-28 17:57:39 --> Language file contains no data: language/english/achievements_lang.php
ERROR - 2020-01-28 17:57:39 --> Could not find the language line "achievements title editAchievement"
ERROR - 2020-01-28 17:58:16 --> Language file contains no data: language/english/achievements_lang.php
ERROR - 2020-01-28 17:58:16 --> Could not find the language line "achievements title editAchievement"
ERROR - 2020-01-28 17:58:21 --> Language file contains no data: language/english/achievements_lang.php
ERROR - 2020-01-28 17:58:59 --> Language file contains no data: language/english/achievements_lang.php
ERROR - 2020-01-28 17:59:27 --> Language file contains no data: language/english/achievements_lang.php
ERROR - 2020-01-28 17:59:27 --> Language file contains no data: language/english/achievements_lang.php
ERROR - 2020-01-28 17:59:27 --> Could not find the language line "achievements title achievements"
ERROR - 2020-01-28 17:59:29 --> Language file contains no data: language/english/achievements_lang.php
ERROR - 2020-01-28 17:59:29 --> Could not find the language line "achievements title editAchievement"
ERROR - 2020-01-28 17:59:33 --> Language file contains no data: language/english/achievements_lang.php
ERROR - 2020-01-28 17:59:33 --> Could not find the language line "achievements title editAchievement"
ERROR - 2020-01-28 18:00:00 --> Language file contains no data: language/english/achievements_lang.php
ERROR - 2020-01-28 18:00:00 --> Could not find the language line "achievements title editAchievement"
ERROR - 2020-01-28 18:00:03 --> Language file contains no data: language/english/achievements_lang.php
ERROR - 2020-01-28 18:00:03 --> Could not find the language line "achievements title editAchievement"
ERROR - 2020-01-28 18:00:08 --> Language file contains no data: language/english/achievements_lang.php
ERROR - 2020-01-28 18:00:08 --> Language file contains no data: language/english/achievements_lang.php
ERROR - 2020-01-28 18:00:08 --> Could not find the language line "achievements title achievements"
ERROR - 2020-01-28 18:00:09 --> Language file contains no data: language/english/achievements_lang.php
ERROR - 2020-01-28 18:00:09 --> Could not find the language line "achievements title editAchievement"
ERROR - 2020-01-28 18:00:20 --> Language file contains no data: language/english/achievements_lang.php
ERROR - 2020-01-28 18:02:06 --> Language file contains no data: language/english/achievements_lang.php
ERROR - 2020-01-28 18:02:53 --> Language file contains no data: language/english/achievements_lang.php
ERROR - 2020-01-28 18:02:53 --> Could not find the language line "achievements title editAchievement"
ERROR - 2020-01-28 18:02:58 --> Language file contains no data: language/english/achievements_lang.php
ERROR - 2020-01-28 18:02:58 --> Could not find the language line "achievements title editAchievement"
ERROR - 2020-01-28 18:03:06 --> Language file contains no data: language/english/achievements_lang.php
ERROR - 2020-01-28 18:03:06 --> Could not find the language line "achievements title achievements"
ERROR - 2020-01-28 18:03:07 --> Language file contains no data: language/english/achievements_lang.php
ERROR - 2020-01-28 18:03:07 --> Could not find the language line "achievements title editAchievement"
ERROR - 2020-01-28 18:03:10 --> Language file contains no data: language/english/achievements_lang.php
ERROR - 2020-01-28 18:03:10 --> Could not find the language line "achievements title achievements"
ERROR - 2020-01-28 18:03:12 --> Language file contains no data: language/english/achievements_lang.php
ERROR - 2020-01-28 18:03:12 --> Could not find the language line "achievements title editAchievement"
ERROR - 2020-01-28 18:03:17 --> Language file contains no data: language/english/achievements_lang.php
ERROR - 2020-01-28 18:03:17 --> Could not find the language line "achievements title achievements"
ERROR - 2020-01-28 18:03:18 --> Language file contains no data: language/english/achievements_lang.php
ERROR - 2020-01-28 18:03:18 --> Could not find the language line "achievements title editAchievement"
ERROR - 2020-01-28 18:03:20 --> Language file contains no data: language/english/achievements_lang.php
ERROR - 2020-01-28 18:03:20 --> Could not find the language line "achievements title achievements"
ERROR - 2020-01-28 18:03:22 --> Language file contains no data: language/english/achievements_lang.php
ERROR - 2020-01-28 18:03:22 --> Could not find the language line "achievements title editAchievement"
ERROR - 2020-01-28 18:03:25 --> Language file contains no data: language/english/achievements_lang.php
ERROR - 2020-01-28 18:03:25 --> Could not find the language line "achievements title achievements"
ERROR - 2020-01-28 18:03:27 --> Language file contains no data: language/english/achievements_lang.php
ERROR - 2020-01-28 18:03:27 --> Could not find the language line "achievements title editAchievement"
ERROR - 2020-01-28 18:03:52 --> Language file contains no data: language/english/achievements_lang.php
ERROR - 2020-01-28 18:03:52 --> Could not find the language line "achievements title editAchievement"
ERROR - 2020-01-28 18:03:53 --> Language file contains no data: language/english/achievements_lang.php
ERROR - 2020-01-28 18:03:53 --> Could not find the language line "achievements title editAchievement"
ERROR - 2020-01-28 18:03:58 --> Language file contains no data: language/english/achievements_lang.php
ERROR - 2020-01-28 18:03:58 --> Could not find the language line "achievements title editAchievement"
ERROR - 2020-01-28 18:04:23 --> Language file contains no data: language/english/achievements_lang.php
ERROR - 2020-01-28 18:04:23 --> Could not find the language line "achievements title editAchievement"
ERROR - 2020-01-28 18:04:39 --> Language file contains no data: language/english/achievements_lang.php
ERROR - 2020-01-28 18:04:39 --> Could not find the language line "achievements title editAchievement"
ERROR - 2020-01-28 18:07:34 --> Language file contains no data: language/english/achievements_lang.php
ERROR - 2020-01-28 18:07:34 --> Could not find the language line "achievements title editAchievement"
ERROR - 2020-01-28 18:08:05 --> Language file contains no data: language/english/achievements_lang.php
ERROR - 2020-01-28 18:08:05 --> Could not find the language line "achievements title editAchievement"
ERROR - 2020-01-28 18:08:06 --> Language file contains no data: language/english/achievements_lang.php
ERROR - 2020-01-28 18:08:06 --> Could not find the language line "achievements title editAchievement"
ERROR - 2020-01-28 18:08:08 --> Language file contains no data: language/english/achievements_lang.php
ERROR - 2020-01-28 18:08:08 --> Could not find the language line "achievements title editAchievement"
ERROR - 2020-01-28 18:08:09 --> Language file contains no data: language/english/achievements_lang.php
ERROR - 2020-01-28 18:08:09 --> Could not find the language line "achievements title editAchievement"
ERROR - 2020-01-28 18:08:10 --> Language file contains no data: language/english/achievements_lang.php
ERROR - 2020-01-28 18:08:10 --> Could not find the language line "achievements title editAchievement"
ERROR - 2020-01-28 18:08:11 --> Language file contains no data: language/english/achievements_lang.php
ERROR - 2020-01-28 18:08:11 --> Could not find the language line "achievements title editAchievement"
ERROR - 2020-01-28 18:08:12 --> Language file contains no data: language/english/achievements_lang.php
ERROR - 2020-01-28 18:08:12 --> Could not find the language line "achievements title editAchievement"
ERROR - 2020-01-28 18:09:04 --> Language file contains no data: language/english/achievements_lang.php
ERROR - 2020-01-28 18:09:04 --> Could not find the language line "achievements title editAchievement"
ERROR - 2020-01-28 18:09:07 --> Language file contains no data: language/english/achievements_lang.php
ERROR - 2020-01-28 18:09:07 --> Could not find the language line "achievements title editAchievement"
ERROR - 2020-01-28 18:09:14 --> Language file contains no data: language/english/achievements_lang.php
ERROR - 2020-01-28 18:09:14 --> Could not find the language line "achievements title editAchievement"
ERROR - 2020-01-28 18:09:14 --> Language file contains no data: language/english/achievements_lang.php
ERROR - 2020-01-28 18:09:14 --> Could not find the language line "achievements title editAchievement"
ERROR - 2020-01-28 18:09:33 --> Language file contains no data: language/english/achievements_lang.php
ERROR - 2020-01-28 18:09:33 --> Could not find the language line "achievements title editAchievement"
ERROR - 2020-01-28 18:09:34 --> Language file contains no data: language/english/achievements_lang.php
ERROR - 2020-01-28 18:09:34 --> Could not find the language line "achievements title editAchievement"
ERROR - 2020-01-28 18:09:48 --> Language file contains no data: language/english/achievements_lang.php
ERROR - 2020-01-28 18:09:48 --> Could not find the language line "achievements title editAchievement"
ERROR - 2020-01-28 18:10:00 --> Language file contains no data: language/english/achievements_lang.php
ERROR - 2020-01-28 18:10:00 --> Could not find the language line "achievements title editAchievement"
ERROR - 2020-01-28 18:10:11 --> Language file contains no data: language/english/achievements_lang.php
ERROR - 2020-01-28 18:10:11 --> Could not find the language line "achievements title editAchievement"
ERROR - 2020-01-28 18:10:17 --> Language file contains no data: language/english/achievements_lang.php
ERROR - 2020-01-28 18:10:17 --> Could not find the language line "achievements title editAchievement"
ERROR - 2020-01-28 18:10:41 --> Language file contains no data: language/english/achievements_lang.php
ERROR - 2020-01-28 18:10:41 --> Could not find the language line "achievements title editAchievement"
ERROR - 2020-01-28 18:10:51 --> Language file contains no data: language/english/achievements_lang.php
ERROR - 2020-01-28 18:10:51 --> Could not find the language line "achievements title editAchievement"
ERROR - 2020-01-28 18:10:55 --> Language file contains no data: language/english/achievements_lang.php
ERROR - 2020-01-28 18:10:55 --> Could not find the language line "achievements title editAchievement"
ERROR - 2020-01-28 18:11:02 --> Language file contains no data: language/english/achievements_lang.php
ERROR - 2020-01-28 18:11:02 --> Could not find the language line "achievements title editAchievement"
ERROR - 2020-01-28 18:11:09 --> Language file contains no data: language/english/achievements_lang.php
ERROR - 2020-01-28 18:11:09 --> Could not find the language line "achievements title editAchievement"
ERROR - 2020-01-28 18:11:34 --> Language file contains no data: language/english/achievements_lang.php
ERROR - 2020-01-28 18:11:34 --> Could not find the language line "achievements title editAchievement"
ERROR - 2020-01-28 18:11:35 --> Language file contains no data: language/english/achievements_lang.php
ERROR - 2020-01-28 18:11:35 --> Could not find the language line "achievements title editAchievement"
ERROR - 2020-01-28 18:11:35 --> Language file contains no data: language/english/achievements_lang.php
ERROR - 2020-01-28 18:11:35 --> Could not find the language line "achievements title editAchievement"
ERROR - 2020-01-28 18:11:36 --> Language file contains no data: language/english/achievements_lang.php
ERROR - 2020-01-28 18:11:36 --> Could not find the language line "achievements title editAchievement"
ERROR - 2020-01-28 18:11:36 --> Language file contains no data: language/english/achievements_lang.php
ERROR - 2020-01-28 18:11:36 --> Could not find the language line "achievements title editAchievement"
ERROR - 2020-01-28 18:11:46 --> Language file contains no data: language/english/achievements_lang.php
ERROR - 2020-01-28 18:11:46 --> Could not find the language line "achievements title editAchievement"
ERROR - 2020-01-28 18:11:46 --> Language file contains no data: language/english/achievements_lang.php
ERROR - 2020-01-28 18:11:46 --> Could not find the language line "achievements title editAchievement"
ERROR - 2020-01-28 18:11:47 --> Language file contains no data: language/english/achievements_lang.php
ERROR - 2020-01-28 18:11:47 --> Could not find the language line "achievements title editAchievement"
ERROR - 2020-01-28 18:11:47 --> Language file contains no data: language/english/achievements_lang.php
ERROR - 2020-01-28 18:11:47 --> Could not find the language line "achievements title editAchievement"
ERROR - 2020-01-28 18:12:00 --> Language file contains no data: language/english/achievements_lang.php
ERROR - 2020-01-28 18:12:00 --> Could not find the language line "achievements title editAchievement"
ERROR - 2020-01-28 18:12:11 --> Language file contains no data: language/english/achievements_lang.php
ERROR - 2020-01-28 18:12:11 --> Could not find the language line "achievements title editAchievement"
ERROR - 2020-01-28 18:12:11 --> Language file contains no data: language/english/achievements_lang.php
ERROR - 2020-01-28 18:12:11 --> Could not find the language line "achievements title editAchievement"
ERROR - 2020-01-28 18:12:11 --> Language file contains no data: language/english/achievements_lang.php
ERROR - 2020-01-28 18:12:11 --> Could not find the language line "achievements title editAchievement"
ERROR - 2020-01-28 18:12:12 --> Language file contains no data: language/english/achievements_lang.php
ERROR - 2020-01-28 18:12:12 --> Could not find the language line "achievements title editAchievement"
ERROR - 2020-01-28 18:12:12 --> Language file contains no data: language/english/achievements_lang.php
ERROR - 2020-01-28 18:12:12 --> Could not find the language line "achievements title editAchievement"
ERROR - 2020-01-28 18:12:25 --> Language file contains no data: language/english/achievements_lang.php
ERROR - 2020-01-28 18:12:25 --> Could not find the language line "achievements title editAchievement"
ERROR - 2020-01-28 18:12:31 --> Language file contains no data: language/english/achievements_lang.php
ERROR - 2020-01-28 18:12:31 --> Could not find the language line "achievements title editAchievement"
ERROR - 2020-01-28 18:12:37 --> Language file contains no data: language/english/achievements_lang.php
ERROR - 2020-01-28 18:12:37 --> Could not find the language line "achievements title editAchievement"
ERROR - 2020-01-28 18:13:24 --> Language file contains no data: language/english/achievements_lang.php
ERROR - 2020-01-28 18:13:24 --> Could not find the language line "achievements title editAchievement"
ERROR - 2020-01-28 18:13:35 --> Language file contains no data: language/english/achievements_lang.php
ERROR - 2020-01-28 18:13:35 --> Could not find the language line "achievements title editAchievement"
ERROR - 2020-01-28 18:13:38 --> Language file contains no data: language/english/achievements_lang.php
ERROR - 2020-01-28 18:13:38 --> Could not find the language line "achievements title editAchievement"
ERROR - 2020-01-28 18:13:48 --> Language file contains no data: language/english/achievements_lang.php
ERROR - 2020-01-28 18:13:48 --> Could not find the language line "achievements title editAchievement"
ERROR - 2020-01-28 18:14:16 --> Language file contains no data: language/english/achievements_lang.php
ERROR - 2020-01-28 18:14:16 --> Could not find the language line "achievements title editAchievement"
ERROR - 2020-01-28 18:14:30 --> Language file contains no data: language/english/achievements_lang.php
ERROR - 2020-01-28 18:14:30 --> Could not find the language line "achievements title editAchievement"
ERROR - 2020-01-28 18:14:43 --> Language file contains no data: language/english/achievements_lang.php
ERROR - 2020-01-28 18:14:43 --> Could not find the language line "achievements title editAchievement"
ERROR - 2020-01-28 18:14:56 --> Language file contains no data: language/english/achievements_lang.php
ERROR - 2020-01-28 18:14:56 --> Could not find the language line "achievements title editAchievement"
ERROR - 2020-01-28 18:15:06 --> Language file contains no data: language/english/achievements_lang.php
ERROR - 2020-01-28 18:15:06 --> Could not find the language line "achievements title editAchievement"
ERROR - 2020-01-28 18:15:11 --> Language file contains no data: language/english/achievements_lang.php
ERROR - 2020-01-28 18:15:11 --> Could not find the language line "achievements title editAchievement"
ERROR - 2020-01-28 18:15:17 --> Language file contains no data: language/english/achievements_lang.php
ERROR - 2020-01-28 18:15:17 --> Could not find the language line "achievements title editAchievement"
ERROR - 2020-01-28 18:15:40 --> Language file contains no data: language/english/achievements_lang.php
ERROR - 2020-01-28 18:15:40 --> Could not find the language line "achievements title editAchievement"
ERROR - 2020-01-28 18:15:45 --> Language file contains no data: language/english/achievements_lang.php
ERROR - 2020-01-28 18:15:45 --> Language file contains no data: language/english/achievements_lang.php
ERROR - 2020-01-28 18:15:45 --> Could not find the language line "achievements title achievements"
ERROR - 2020-01-28 18:15:47 --> Language file contains no data: language/english/achievements_lang.php
ERROR - 2020-01-28 18:15:47 --> Could not find the language line "achievements title editAchievement"
ERROR - 2020-01-28 18:16:26 --> Language file contains no data: language/english/achievements_lang.php
ERROR - 2020-01-28 18:16:26 --> Could not find the language line "achievements title editAchievement"
ERROR - 2020-01-28 18:16:28 --> Language file contains no data: language/english/achievements_lang.php
ERROR - 2020-01-28 18:16:28 --> Could not find the language line "achievements title editAchievement"
ERROR - 2020-01-28 18:16:37 --> Language file contains no data: language/english/achievements_lang.php
ERROR - 2020-01-28 18:16:37 --> Language file contains no data: language/english/achievements_lang.php
ERROR - 2020-01-28 18:16:37 --> Could not find the language line "achievements title achievements"
ERROR - 2020-01-28 18:16:39 --> Language file contains no data: language/english/achievements_lang.php
ERROR - 2020-01-28 18:16:39 --> Could not find the language line "achievements title editAchievement"
ERROR - 2020-01-28 18:17:49 --> Language file contains no data: language/english/achievements_lang.php
ERROR - 2020-01-28 18:17:49 --> Could not find the language line "achievements title editAchievement"
ERROR - 2020-01-28 18:18:22 --> Language file contains no data: language/english/achievements_lang.php
ERROR - 2020-01-28 18:18:22 --> Could not find the language line "achievements title editAchievement"
ERROR - 2020-01-28 18:18:29 --> Language file contains no data: language/english/achievements_lang.php
ERROR - 2020-01-28 18:18:29 --> Could not find the language line "achievements title editAchievement"
ERROR - 2020-01-28 18:19:07 --> Language file contains no data: language/english/achievements_lang.php
ERROR - 2020-01-28 18:19:07 --> Could not find the language line "achievements title editAchievement"
ERROR - 2020-01-28 18:19:13 --> Language file contains no data: language/english/achievements_lang.php
ERROR - 2020-01-28 18:19:13 --> Language file contains no data: language/english/achievements_lang.php
ERROR - 2020-01-28 18:19:13 --> Could not find the language line "achievements title achievements"
ERROR - 2020-01-28 18:19:15 --> Language file contains no data: language/english/achievements_lang.php
ERROR - 2020-01-28 18:19:15 --> Could not find the language line "achievements title editAchievement"
ERROR - 2020-01-28 18:19:21 --> Language file contains no data: language/english/achievements_lang.php
ERROR - 2020-01-28 18:19:21 --> Language file contains no data: language/english/achievements_lang.php
ERROR - 2020-01-28 18:19:21 --> Could not find the language line "achievements title achievements"
ERROR - 2020-01-28 18:19:38 --> Language file contains no data: language/english/achievements_lang.php
ERROR - 2020-01-28 18:19:38 --> Could not find the language line "achievements title editAchievement"
ERROR - 2020-01-28 18:19:57 --> Language file contains no data: language/english/achievements_lang.php
ERROR - 2020-01-28 18:19:57 --> Could not find the language line "achievements title editAchievement"
ERROR - 2020-01-28 18:19:58 --> Language file contains no data: language/english/achievements_lang.php
ERROR - 2020-01-28 18:19:58 --> Could not find the language line "achievements title editAchievement"
ERROR - 2020-01-28 18:20:21 --> Language file contains no data: language/english/achievements_lang.php
ERROR - 2020-01-28 18:20:21 --> Could not find the language line "achievements title editAchievement"
ERROR - 2020-01-28 18:20:35 --> Language file contains no data: language/english/achievements_lang.php
ERROR - 2020-01-28 18:20:35 --> Could not find the language line "achievements title editAchievement"
ERROR - 2020-01-28 18:20:36 --> Language file contains no data: language/english/achievements_lang.php
ERROR - 2020-01-28 18:20:36 --> Could not find the language line "achievements title editAchievement"
ERROR - 2020-01-28 18:20:37 --> Language file contains no data: language/english/achievements_lang.php
ERROR - 2020-01-28 18:20:37 --> Could not find the language line "achievements title editAchievement"
ERROR - 2020-01-28 18:20:45 --> Language file contains no data: language/english/achievements_lang.php
ERROR - 2020-01-28 18:20:45 --> Could not find the language line "achievements title editAchievement"
ERROR - 2020-01-28 18:20:46 --> Language file contains no data: language/english/achievements_lang.php
ERROR - 2020-01-28 18:20:46 --> Could not find the language line "achievements title editAchievement"
ERROR - 2020-01-28 18:21:23 --> Language file contains no data: language/english/achievements_lang.php
ERROR - 2020-01-28 18:21:23 --> Could not find the language line "achievements title editAchievement"
ERROR - 2020-01-28 18:21:39 --> Language file contains no data: language/english/achievements_lang.php
ERROR - 2020-01-28 18:21:39 --> Could not find the language line "achievements title editAchievement"
ERROR - 2020-01-28 18:21:45 --> Language file contains no data: language/english/achievements_lang.php
ERROR - 2020-01-28 18:21:46 --> Language file contains no data: language/english/achievements_lang.php
ERROR - 2020-01-28 18:21:46 --> Could not find the language line "achievements title achievements"
ERROR - 2020-01-28 18:21:47 --> Language file contains no data: language/english/achievements_lang.php
ERROR - 2020-01-28 18:21:47 --> Could not find the language line "achievements title editAchievement"
