ERROR - 2019-07-03 00:06:21 --> 404 Page Not Found: 
ERROR - 2019-07-03 00:58:28 --> 404 Page Not Found: 
ERROR - 2019-07-03 01:28:28 --> 404 Page Not Found: 
ERROR - 2019-07-03 02:22:57 --> 404 Page Not Found: 
ERROR - 2019-07-03 02:31:54 --> 404 Page Not Found: 
ERROR - 2019-07-03 02:45:08 --> 404 Page Not Found: 
ERROR - 2019-07-03 03:01:59 --> 404 Page Not Found: 
ERROR - 2019-07-03 03:11:10 --> 404 Page Not Found: 
ERROR - 2019-07-03 03:11:52 --> 404 Page Not Found: 
ERROR - 2019-07-03 03:11:56 --> 404 Page Not Found: 
ERROR - 2019-07-03 03:12:29 --> 404 Page Not Found: 
ERROR - 2019-07-03 03:13:17 --> 404 Page Not Found: 
ERROR - 2019-07-03 03:13:38 --> 404 Page Not Found: 
ERROR - 2019-07-03 03:40:31 --> 404 Page Not Found: 
ERROR - 2019-07-03 04:03:16 --> 404 Page Not Found: 
ERROR - 2019-07-03 05:21:05 --> 404 Page Not Found: 
ERROR - 2019-07-03 05:27:42 --> 404 Page Not Found: 
ERROR - 2019-07-03 05:47:58 --> 404 Page Not Found: 
ERROR - 2019-07-03 05:53:03 --> 404 Page Not Found: 
ERROR - 2019-07-03 06:18:22 --> 404 Page Not Found: 
ERROR - 2019-07-03 06:42:59 --> 404 Page Not Found: 
ERROR - 2019-07-03 07:26:25 --> 404 Page Not Found: 
ERROR - 2019-07-03 07:26:26 --> 404 Page Not Found: 
ERROR - 2019-07-03 07:31:41 --> 404 Page Not Found: 
ERROR - 2019-07-03 07:33:38 --> 404 Page Not Found: 
ERROR - 2019-07-03 07:42:47 --> 404 Page Not Found: 
ERROR - 2019-07-03 07:48:05 --> 404 Page Not Found: 
ERROR - 2019-07-03 07:48:19 --> 404 Page Not Found: 
ERROR - 2019-07-03 07:56:39 --> Query error: Column 'email' cannot be null - Invalid query: INSERT INTO `subscribers` (`email`, `created_at`) VALUES (NULL, '2019-07-03 07:56:39')
ERROR - 2019-07-03 07:57:53 --> Severity: Warning --> Division by zero /home/fullbasketproper/public_html/application/core/Public_Controller.php 47
ERROR - 2019-07-03 08:05:20 --> 404 Page Not Found: 
ERROR - 2019-07-03 08:08:08 --> 404 Page Not Found: 
ERROR - 2019-07-03 08:13:01 --> 404 Page Not Found: 
ERROR - 2019-07-03 09:02:58 --> 404 Page Not Found: 
ERROR - 2019-07-03 09:03:53 --> 404 Page Not Found: 
ERROR - 2019-07-03 09:13:05 --> 404 Page Not Found: 
ERROR - 2019-07-03 09:13:06 --> 404 Page Not Found: 
ERROR - 2019-07-03 09:14:46 --> 404 Page Not Found: 
ERROR - 2019-07-03 09:21:54 --> 404 Page Not Found: 
ERROR - 2019-07-03 09:22:57 --> 404 Page Not Found: 
ERROR - 2019-07-03 09:23:25 --> 404 Page Not Found: 
ERROR - 2019-07-03 09:52:39 --> 404 Page Not Found: 
ERROR - 2019-07-03 09:54:50 --> 404 Page Not Found: 
ERROR - 2019-07-03 10:00:16 --> 404 Page Not Found: 
ERROR - 2019-07-03 10:00:20 --> 404 Page Not Found: 
ERROR - 2019-07-03 10:05:13 --> 404 Page Not Found: 
ERROR - 2019-07-03 10:06:03 --> 404 Page Not Found: 
ERROR - 2019-07-03 10:19:41 --> 404 Page Not Found: 
ERROR - 2019-07-03 10:57:21 --> 404 Page Not Found: 
ERROR - 2019-07-03 11:28:42 --> 404 Page Not Found: 
ERROR - 2019-07-03 11:28:43 --> 404 Page Not Found: 
ERROR - 2019-07-03 11:28:52 --> 404 Page Not Found: 
ERROR - 2019-07-03 12:15:17 --> 404 Page Not Found: 
ERROR - 2019-07-03 13:10:30 --> 404 Page Not Found: 
ERROR - 2019-07-03 13:19:53 --> 404 Page Not Found: 
ERROR - 2019-07-03 13:23:03 --> 404 Page Not Found: 
ERROR - 2019-07-03 13:49:50 --> 404 Page Not Found: 
ERROR - 2019-07-03 14:29:17 --> 404 Page Not Found: 
ERROR - 2019-07-03 14:37:03 --> 404 Page Not Found: 
ERROR - 2019-07-03 14:39:50 --> 404 Page Not Found: 
ERROR - 2019-07-03 14:40:46 --> 404 Page Not Found: 
ERROR - 2019-07-03 14:41:04 --> 404 Page Not Found: 
ERROR - 2019-07-03 14:41:11 --> 404 Page Not Found: 
ERROR - 2019-07-03 14:41:42 --> 404 Page Not Found: 
ERROR - 2019-07-03 14:56:40 --> 404 Page Not Found: 
ERROR - 2019-07-03 15:00:51 --> 404 Page Not Found: 
ERROR - 2019-07-03 15:10:05 --> 404 Page Not Found: 
ERROR - 2019-07-03 15:10:07 --> 404 Page Not Found: 
ERROR - 2019-07-03 15:10:11 --> 404 Page Not Found: 
ERROR - 2019-07-03 15:10:26 --> 404 Page Not Found: 
ERROR - 2019-07-03 15:14:12 --> 404 Page Not Found: 
ERROR - 2019-07-03 15:20:39 --> 404 Page Not Found: 
ERROR - 2019-07-03 15:20:51 --> 404 Page Not Found: 
ERROR - 2019-07-03 15:24:54 --> 404 Page Not Found: 
ERROR - 2019-07-03 15:28:15 --> 404 Page Not Found: 
ERROR - 2019-07-03 15:40:04 --> 404 Page Not Found: 
ERROR - 2019-07-03 16:10:45 --> 404 Page Not Found: 
ERROR - 2019-07-03 16:13:55 --> 404 Page Not Found: 
ERROR - 2019-07-03 16:16:46 --> 404 Page Not Found: 
ERROR - 2019-07-03 16:27:11 --> 404 Page Not Found: 
ERROR - 2019-07-03 16:39:33 --> 404 Page Not Found: 
ERROR - 2019-07-03 16:40:25 --> 404 Page Not Found: 
ERROR - 2019-07-03 16:40:37 --> Severity: Error --> Call to undefined method Testimonials::post() /home/fullbasketproper/public_html/application/controllers/admin/Testimonials.php 156
ERROR - 2019-07-03 16:40:47 --> Severity: Warning --> unlink(uploads/testimonials/9220220dec0091dd64d40821ae7cce4d.jpg): No such file or directory /home/fullbasketproper/public_html/application/controllers/admin/Testimonials.php 145
ERROR - 2019-07-03 16:40:47 --> Severity: Error --> Call to undefined method Testimonials::post() /home/fullbasketproper/public_html/application/controllers/admin/Testimonials.php 156
ERROR - 2019-07-03 16:41:04 --> Severity: Warning --> unlink(uploads/testimonials/9220220dec0091dd64d40821ae7cce4d.jpg): No such file or directory /home/fullbasketproper/public_html/application/controllers/admin/Testimonials.php 184
ERROR - 2019-07-03 16:42:42 --> 404 Page Not Found: 
ERROR - 2019-07-03 16:42:59 --> 404 Page Not Found: 
ERROR - 2019-07-03 16:44:59 --> 404 Page Not Found: 
ERROR - 2019-07-03 16:52:32 --> 404 Page Not Found: 
ERROR - 2019-07-03 16:53:41 --> 404 Page Not Found: 
ERROR - 2019-07-03 16:54:21 --> 404 Page Not Found: 
ERROR - 2019-07-03 17:04:56 --> 404 Page Not Found: 
ERROR - 2019-07-03 17:08:49 --> 404 Page Not Found: 
ERROR - 2019-07-03 17:08:51 --> 404 Page Not Found: 
ERROR - 2019-07-03 17:13:30 --> 404 Page Not Found: 
ERROR - 2019-07-03 17:21:46 --> 404 Page Not Found: 
ERROR - 2019-07-03 17:22:09 --> 404 Page Not Found: 
ERROR - 2019-07-03 17:48:02 --> 404 Page Not Found: 
ERROR - 2019-07-03 17:50:52 --> 404 Page Not Found: 
ERROR - 2019-07-03 17:51:08 --> 404 Page Not Found: 
ERROR - 2019-07-03 17:55:48 --> 404 Page Not Found: 
ERROR - 2019-07-03 17:58:23 --> 404 Page Not Found: 
ERROR - 2019-07-03 18:03:53 --> 404 Page Not Found: 
ERROR - 2019-07-03 18:04:42 --> 404 Page Not Found: 
ERROR - 2019-07-03 18:23:14 --> 404 Page Not Found: 
ERROR - 2019-07-03 18:26:40 --> 404 Page Not Found: 
ERROR - 2019-07-03 18:44:39 --> 404 Page Not Found: 
ERROR - 2019-07-03 18:53:12 --> 404 Page Not Found: 
ERROR - 2019-07-03 18:53:30 --> 404 Page Not Found: 
ERROR - 2019-07-03 19:31:44 --> 404 Page Not Found: 
ERROR - 2019-07-03 19:32:20 --> 404 Page Not Found: 
ERROR - 2019-07-03 19:32:22 --> 404 Page Not Found: 
ERROR - 2019-07-03 19:32:32 --> 404 Page Not Found: 
ERROR - 2019-07-03 19:34:06 --> 404 Page Not Found: 
ERROR - 2019-07-03 19:34:34 --> 404 Page Not Found: 
ERROR - 2019-07-03 19:36:03 --> 404 Page Not Found: 
ERROR - 2019-07-03 19:37:43 --> 404 Page Not Found: 
ERROR - 2019-07-03 19:38:01 --> 404 Page Not Found: 
ERROR - 2019-07-03 19:42:53 --> 404 Page Not Found: 
ERROR - 2019-07-03 19:54:13 --> 404 Page Not Found: 
ERROR - 2019-07-03 20:00:08 --> 404 Page Not Found: 
ERROR - 2019-07-03 20:02:41 --> 404 Page Not Found: 
ERROR - 2019-07-03 20:08:59 --> 404 Page Not Found: 
ERROR - 2019-07-03 20:11:15 --> 404 Page Not Found: 
ERROR - 2019-07-03 20:16:51 --> 404 Page Not Found: 
ERROR - 2019-07-03 20:18:51 --> 404 Page Not Found: 
ERROR - 2019-07-03 20:49:13 --> 404 Page Not Found: 
ERROR - 2019-07-03 20:59:09 --> 404 Page Not Found: 
ERROR - 2019-07-03 21:12:12 --> 404 Page Not Found: 
ERROR - 2019-07-03 21:33:12 --> 404 Page Not Found: 
ERROR - 2019-07-03 21:34:06 --> 404 Page Not Found: 
ERROR - 2019-07-03 21:34:40 --> 404 Page Not Found: 
ERROR - 2019-07-03 21:38:44 --> 404 Page Not Found: 
ERROR - 2019-07-03 22:38:39 --> 404 Page Not Found: 
ERROR - 2019-07-03 22:48:39 --> 404 Page Not Found: 
ERROR - 2019-07-03 22:49:15 --> 404 Page Not Found: 
ERROR - 2019-07-03 22:49:22 --> 404 Page Not Found: 
ERROR - 2019-07-03 23:06:27 --> 404 Page Not Found: 
ERROR - 2019-07-03 23:08:46 --> 404 Page Not Found: 
ERROR - 2019-07-03 23:19:12 --> 404 Page Not Found: 
ERROR - 2019-07-03 23:21:39 --> 404 Page Not Found: 
ERROR - 2019-07-03 23:28:54 --> 404 Page Not Found: 
ERROR - 2019-07-03 23:42:39 --> 404 Page Not Found: 
