ERROR - 2019-08-19 00:53:00 --> Severity: Warning --> Illegal string offset 'keyword' /home/fullbasketproper/public_html/application/views/listing.php 186
ERROR - 2019-08-19 01:42:38 --> 404 Page Not Found: 
ERROR - 2019-08-19 02:00:22 --> 404 Page Not Found: 
ERROR - 2019-08-19 02:02:17 --> 404 Page Not Found: 
ERROR - 2019-08-19 02:15:37 --> Severity: Warning --> Illegal string offset 'keyword' /home/fullbasketproper/public_html/application/views/listing.php 186
ERROR - 2019-08-19 02:24:17 --> 404 Page Not Found: 
ERROR - 2019-08-19 03:17:20 --> Severity: Warning --> Illegal string offset 'keyword' /home/fullbasketproper/public_html/application/views/listing.php 186
ERROR - 2019-08-19 03:18:52 --> 404 Page Not Found: 
ERROR - 2019-08-19 03:33:00 --> Severity: Warning --> Illegal string offset 'keyword' /home/fullbasketproper/public_html/application/views/listing.php 186
ERROR - 2019-08-19 04:02:31 --> Severity: Warning --> Illegal string offset 'keyword' /home/fullbasketproper/public_html/application/views/listing.php 186
ERROR - 2019-08-19 04:25:58 --> Severity: Warning --> Illegal string offset 'keyword' /home/fullbasketproper/public_html/application/views/listing.php 186
ERROR - 2019-08-19 04:46:12 --> 404 Page Not Found: 
ERROR - 2019-08-19 05:33:12 --> 404 Page Not Found: 
ERROR - 2019-08-19 06:28:41 --> Severity: Warning --> Illegal string offset 'keyword' /home/fullbasketproper/public_html/application/views/listing.php 186
ERROR - 2019-08-19 06:34:31 --> 404 Page Not Found: 
ERROR - 2019-08-19 06:35:11 --> Query error: You have an error in your SQL syntax; check the manual that corresponds to your MySQL server version for the right syntax to use near '-10, 10' at line 11 - Invalid query: SELECT DISTINCT `p`.*, `c`.`name` as `city_name`, `ps`.`name` as `property_status`, `pt`.`name` as `prop_type`, `b`.`name` as `builder`, `l`.`name` as `location`
FROM `properties` `p`
LEFT JOIN `cities` `c` ON `p`.`city_id` = `c`.`id`
LEFT JOIN `builders` `b` ON `p`.`builder_id` = `b`.`id`
LEFT JOIN `locations` `l` ON `p`.`location_id` = `l`.`id`
LEFT JOIN `property_types` `pt` ON `p`.`property_type_id` = `pt`.`id`
LEFT JOIN `property_status` `ps` ON `p`.`property_status_id` = `ps`.`id`
LEFT JOIN `property_amenities` `pa` ON `pa`.`property_id` = `p`.`id`
WHERE `p`.`status` = 1
ORDER BY `p`.`id` DESC
 LIMIT -10, 10
ERROR - 2019-08-19 06:36:46 --> 404 Page Not Found: 
ERROR - 2019-08-19 06:36:56 --> 404 Page Not Found: 
ERROR - 2019-08-19 06:37:04 --> Severity: Warning --> Illegal string offset 'keyword' /home/fullbasketproper/public_html/application/views/listing.php 186
ERROR - 2019-08-19 06:38:23 --> Severity: Warning --> Illegal string offset 'keyword' /home/fullbasketproper/public_html/application/views/listing.php 186
ERROR - 2019-08-19 06:51:27 --> 404 Page Not Found: 
ERROR - 2019-08-19 06:59:18 --> 404 Page Not Found: 
ERROR - 2019-08-19 07:12:19 --> 404 Page Not Found: 
ERROR - 2019-08-19 07:12:22 --> 404 Page Not Found: 
ERROR - 2019-08-19 07:13:29 --> 404 Page Not Found: 
ERROR - 2019-08-19 07:14:37 --> 404 Page Not Found: 
ERROR - 2019-08-19 07:16:56 --> Severity: Warning --> Illegal string offset 'keyword' /home/fullbasketproper/public_html/application/views/listing.php 186
ERROR - 2019-08-19 07:17:09 --> 404 Page Not Found: 
ERROR - 2019-08-19 07:50:48 --> Severity: Warning --> Illegal string offset 'keyword' /home/fullbasketproper/public_html/application/views/listing.php 186
ERROR - 2019-08-19 08:38:23 --> 404 Page Not Found: 
ERROR - 2019-08-19 08:39:42 --> 404 Page Not Found: 
ERROR - 2019-08-19 08:47:05 --> Severity: Warning --> Illegal string offset 'keyword' /home/fullbasketproper/public_html/application/views/listing.php 186
ERROR - 2019-08-19 08:47:09 --> Severity: Warning --> Illegal string offset 'keyword' /home/fullbasketproper/public_html/application/views/listing.php 186
ERROR - 2019-08-19 08:47:18 --> 404 Page Not Found: 
ERROR - 2019-08-19 08:47:25 --> Severity: Warning --> Illegal string offset 'keyword' /home/fullbasketproper/public_html/application/views/listing.php 186
ERROR - 2019-08-19 08:47:29 --> Severity: Warning --> Illegal string offset 'keyword' /home/fullbasketproper/public_html/application/views/listing.php 186
ERROR - 2019-08-19 08:47:33 --> Severity: Warning --> Illegal string offset 'keyword' /home/fullbasketproper/public_html/application/views/listing.php 186
ERROR - 2019-08-19 08:47:37 --> Severity: Warning --> Illegal string offset 'keyword' /home/fullbasketproper/public_html/application/views/listing.php 186
ERROR - 2019-08-19 08:48:25 --> 404 Page Not Found: 
ERROR - 2019-08-19 08:49:11 --> Severity: Warning --> Illegal string offset 'keyword' /home/fullbasketproper/public_html/application/views/listing.php 186
ERROR - 2019-08-19 08:49:15 --> Severity: Warning --> Illegal string offset 'keyword' /home/fullbasketproper/public_html/application/views/listing.php 186
ERROR - 2019-08-19 08:49:20 --> Severity: Warning --> Illegal string offset 'keyword' /home/fullbasketproper/public_html/application/views/listing.php 186
ERROR - 2019-08-19 08:49:31 --> Severity: Warning --> Illegal string offset 'keyword' /home/fullbasketproper/public_html/application/views/listing.php 186
ERROR - 2019-08-19 08:51:12 --> 404 Page Not Found: 
ERROR - 2019-08-19 08:51:39 --> 404 Page Not Found: 
ERROR - 2019-08-19 08:51:49 --> Severity: Warning --> Illegal string offset 'keyword' /home/fullbasketproper/public_html/application/views/listing.php 186
ERROR - 2019-08-19 08:51:53 --> Severity: Warning --> Illegal string offset 'keyword' /home/fullbasketproper/public_html/application/views/listing.php 186
ERROR - 2019-08-19 08:51:57 --> Severity: Warning --> Illegal string offset 'keyword' /home/fullbasketproper/public_html/application/views/listing.php 186
ERROR - 2019-08-19 08:52:01 --> Severity: Warning --> Illegal string offset 'keyword' /home/fullbasketproper/public_html/application/views/listing.php 186
ERROR - 2019-08-19 08:53:32 --> 404 Page Not Found: 
ERROR - 2019-08-19 09:10:17 --> Severity: Warning --> Illegal string offset 'keyword' /home/fullbasketproper/public_html/application/views/listing.php 186
ERROR - 2019-08-19 09:20:12 --> 404 Page Not Found: 
ERROR - 2019-08-19 09:20:58 --> Severity: Warning --> Illegal string offset 'keyword' /home/fullbasketproper/public_html/application/views/listing.php 186
ERROR - 2019-08-19 09:36:00 --> 404 Page Not Found: 
ERROR - 2019-08-19 09:57:40 --> 404 Page Not Found: 
ERROR - 2019-08-19 10:03:28 --> Severity: Warning --> Illegal string offset 'keyword' /home/fullbasketproper/public_html/application/views/listing.php 186
ERROR - 2019-08-19 10:05:57 --> 404 Page Not Found: 
ERROR - 2019-08-19 10:13:48 --> Severity: Warning --> Illegal string offset 'keyword' /home/fullbasketproper/public_html/application/views/listing.php 186
ERROR - 2019-08-19 10:14:11 --> Severity: Warning --> Illegal string offset 'keyword' /home/fullbasketproper/public_html/application/views/listing.php 186
ERROR - 2019-08-19 10:14:17 --> Severity: Warning --> Illegal string offset 'keyword' /home/fullbasketproper/public_html/application/views/listing.php 186
ERROR - 2019-08-19 10:14:26 --> Severity: Warning --> Illegal string offset 'keyword' /home/fullbasketproper/public_html/application/views/listing.php 186
ERROR - 2019-08-19 10:14:37 --> Severity: Warning --> Illegal string offset 'keyword' /home/fullbasketproper/public_html/application/views/listing.php 186
ERROR - 2019-08-19 10:15:08 --> Severity: Warning --> Illegal string offset 'keyword' /home/fullbasketproper/public_html/application/views/listing.php 186
ERROR - 2019-08-19 10:15:14 --> Severity: Warning --> Illegal string offset 'keyword' /home/fullbasketproper/public_html/application/views/listing.php 186
ERROR - 2019-08-19 10:15:21 --> Severity: Warning --> Illegal string offset 'keyword' /home/fullbasketproper/public_html/application/views/listing.php 186
ERROR - 2019-08-19 10:15:26 --> Severity: Warning --> Illegal string offset 'keyword' /home/fullbasketproper/public_html/application/views/listing.php 186
ERROR - 2019-08-19 10:15:46 --> Severity: Warning --> Illegal string offset 'keyword' /home/fullbasketproper/public_html/application/views/listing.php 186
ERROR - 2019-08-19 10:16:03 --> Severity: Warning --> Illegal string offset 'keyword' /home/fullbasketproper/public_html/application/views/listing.php 186
ERROR - 2019-08-19 10:16:12 --> Severity: Warning --> Illegal string offset 'keyword' /home/fullbasketproper/public_html/application/views/listing.php 186
ERROR - 2019-08-19 10:16:35 --> Severity: Warning --> Illegal string offset 'keyword' /home/fullbasketproper/public_html/application/views/listing.php 186
ERROR - 2019-08-19 10:16:43 --> Severity: Warning --> Illegal string offset 'keyword' /home/fullbasketproper/public_html/application/views/listing.php 186
ERROR - 2019-08-19 10:16:49 --> Severity: Warning --> Illegal string offset 'keyword' /home/fullbasketproper/public_html/application/views/listing.php 186
ERROR - 2019-08-19 10:17:04 --> Severity: Warning --> Illegal string offset 'keyword' /home/fullbasketproper/public_html/application/views/listing.php 186
ERROR - 2019-08-19 10:17:27 --> Severity: Warning --> Illegal string offset 'keyword' /home/fullbasketproper/public_html/application/views/listing.php 186
ERROR - 2019-08-19 10:17:33 --> Severity: Warning --> Illegal string offset 'keyword' /home/fullbasketproper/public_html/application/views/listing.php 186
ERROR - 2019-08-19 10:17:39 --> Severity: Warning --> Illegal string offset 'keyword' /home/fullbasketproper/public_html/application/views/listing.php 186
ERROR - 2019-08-19 10:17:49 --> Severity: Warning --> Illegal string offset 'keyword' /home/fullbasketproper/public_html/application/views/listing.php 186
ERROR - 2019-08-19 10:18:02 --> Severity: Warning --> Illegal string offset 'keyword' /home/fullbasketproper/public_html/application/views/listing.php 186
ERROR - 2019-08-19 10:18:19 --> Severity: Warning --> Illegal string offset 'keyword' /home/fullbasketproper/public_html/application/views/listing.php 186
ERROR - 2019-08-19 10:18:37 --> Severity: Warning --> Illegal string offset 'keyword' /home/fullbasketproper/public_html/application/views/listing.php 186
ERROR - 2019-08-19 10:18:48 --> Severity: Warning --> Illegal string offset 'keyword' /home/fullbasketproper/public_html/application/views/listing.php 186
ERROR - 2019-08-19 10:19:00 --> Severity: Warning --> Illegal string offset 'keyword' /home/fullbasketproper/public_html/application/views/listing.php 186
ERROR - 2019-08-19 10:19:05 --> Severity: Warning --> Illegal string offset 'keyword' /home/fullbasketproper/public_html/application/views/listing.php 186
ERROR - 2019-08-19 10:19:11 --> Severity: Warning --> Illegal string offset 'keyword' /home/fullbasketproper/public_html/application/views/listing.php 186
ERROR - 2019-08-19 10:19:17 --> Severity: Warning --> Illegal string offset 'keyword' /home/fullbasketproper/public_html/application/views/listing.php 186
ERROR - 2019-08-19 10:19:46 --> Severity: Warning --> Illegal string offset 'keyword' /home/fullbasketproper/public_html/application/views/listing.php 186
ERROR - 2019-08-19 10:19:51 --> Severity: Warning --> Illegal string offset 'keyword' /home/fullbasketproper/public_html/application/views/listing.php 186
ERROR - 2019-08-19 10:20:00 --> Severity: Warning --> Illegal string offset 'keyword' /home/fullbasketproper/public_html/application/views/listing.php 186
ERROR - 2019-08-19 10:20:16 --> Severity: Warning --> Illegal string offset 'keyword' /home/fullbasketproper/public_html/application/views/listing.php 186
ERROR - 2019-08-19 10:20:28 --> Severity: Warning --> Illegal string offset 'keyword' /home/fullbasketproper/public_html/application/views/listing.php 186
ERROR - 2019-08-19 10:20:33 --> Severity: Warning --> Illegal string offset 'keyword' /home/fullbasketproper/public_html/application/views/listing.php 186
ERROR - 2019-08-19 10:20:47 --> Severity: Warning --> Illegal string offset 'keyword' /home/fullbasketproper/public_html/application/views/listing.php 186
ERROR - 2019-08-19 10:21:09 --> Severity: Warning --> Illegal string offset 'keyword' /home/fullbasketproper/public_html/application/views/listing.php 186
ERROR - 2019-08-19 10:21:26 --> Severity: Warning --> Illegal string offset 'keyword' /home/fullbasketproper/public_html/application/views/listing.php 186
ERROR - 2019-08-19 10:21:32 --> Severity: Warning --> Illegal string offset 'keyword' /home/fullbasketproper/public_html/application/views/listing.php 186
ERROR - 2019-08-19 10:21:38 --> Severity: Warning --> Illegal string offset 'keyword' /home/fullbasketproper/public_html/application/views/listing.php 186
ERROR - 2019-08-19 10:21:55 --> Severity: Warning --> Illegal string offset 'keyword' /home/fullbasketproper/public_html/application/views/listing.php 186
ERROR - 2019-08-19 10:22:11 --> Severity: Warning --> Illegal string offset 'keyword' /home/fullbasketproper/public_html/application/views/listing.php 186
ERROR - 2019-08-19 10:22:26 --> Severity: Warning --> Illegal string offset 'keyword' /home/fullbasketproper/public_html/application/views/listing.php 186
ERROR - 2019-08-19 10:22:42 --> Severity: Warning --> Illegal string offset 'keyword' /home/fullbasketproper/public_html/application/views/listing.php 186
ERROR - 2019-08-19 10:22:45 --> Severity: Warning --> Illegal string offset 'keyword' /home/fullbasketproper/public_html/application/views/listing.php 186
ERROR - 2019-08-19 10:31:15 --> 404 Page Not Found: 
ERROR - 2019-08-19 10:56:04 --> 404 Page Not Found: 
ERROR - 2019-08-19 10:56:39 --> 404 Page Not Found: 
ERROR - 2019-08-19 10:56:44 --> 404 Page Not Found: 
ERROR - 2019-08-19 11:06:20 --> 404 Page Not Found: 
ERROR - 2019-08-19 11:06:27 --> 404 Page Not Found: 
ERROR - 2019-08-19 11:10:45 --> Severity: Warning --> Illegal string offset 'keyword' /home/fullbasketproper/public_html/application/views/listing.php 186
ERROR - 2019-08-19 11:11:07 --> Severity: Warning --> Illegal string offset 'keyword' /home/fullbasketproper/public_html/application/views/listing.php 186
ERROR - 2019-08-19 11:11:26 --> Severity: Warning --> Illegal string offset 'keyword' /home/fullbasketproper/public_html/application/views/listing.php 186
ERROR - 2019-08-19 11:12:01 --> 404 Page Not Found: 
ERROR - 2019-08-19 11:12:29 --> Severity: Warning --> Illegal string offset 'keyword' /home/fullbasketproper/public_html/application/views/listing.php 186
ERROR - 2019-08-19 11:29:50 --> 404 Page Not Found: 
ERROR - 2019-08-19 11:44:57 --> 404 Page Not Found: 
ERROR - 2019-08-19 11:45:06 --> 404 Page Not Found: 
ERROR - 2019-08-19 12:06:00 --> 404 Page Not Found: 
ERROR - 2019-08-19 12:09:25 --> 404 Page Not Found: 
ERROR - 2019-08-19 12:10:10 --> 404 Page Not Found: 
ERROR - 2019-08-19 12:10:35 --> 404 Page Not Found: 
ERROR - 2019-08-19 12:10:48 --> 404 Page Not Found: 
ERROR - 2019-08-19 12:11:11 --> Severity: Warning --> Illegal string offset 'keyword' /home/fullbasketproper/public_html/application/views/listing.php 186
ERROR - 2019-08-19 12:11:58 --> Severity: Warning --> Illegal string offset 'keyword' /home/fullbasketproper/public_html/application/views/listing.php 186
ERROR - 2019-08-19 12:12:18 --> 404 Page Not Found: 
ERROR - 2019-08-19 12:13:33 --> 404 Page Not Found: 
ERROR - 2019-08-19 12:16:56 --> 404 Page Not Found: 
ERROR - 2019-08-19 12:19:41 --> Severity: Warning --> Illegal string offset 'keyword' /home/fullbasketproper/public_html/application/views/listing.php 186
ERROR - 2019-08-19 12:19:44 --> Severity: Warning --> Illegal string offset 'keyword' /home/fullbasketproper/public_html/application/views/listing.php 186
ERROR - 2019-08-19 12:22:55 --> 404 Page Not Found: 
ERROR - 2019-08-19 12:23:10 --> Severity: Warning --> Illegal string offset 'keyword' /home/fullbasketproper/public_html/application/views/listing.php 186
ERROR - 2019-08-19 12:23:55 --> 404 Page Not Found: 
ERROR - 2019-08-19 12:24:49 --> 404 Page Not Found: 
ERROR - 2019-08-19 12:25:49 --> 404 Page Not Found: 
ERROR - 2019-08-19 12:25:49 --> 404 Page Not Found: 
ERROR - 2019-08-19 12:31:59 --> 404 Page Not Found: 
ERROR - 2019-08-19 12:48:19 --> 404 Page Not Found: 
ERROR - 2019-08-19 12:49:50 --> Severity: Warning --> Illegal string offset 'keyword' /home/fullbasketproper/public_html/application/views/listing.php 186
ERROR - 2019-08-19 12:58:23 --> Severity: Warning --> Illegal string offset 'keyword' /home/fullbasketproper/public_html/application/views/listing.php 186
ERROR - 2019-08-19 13:06:22 --> 404 Page Not Found: 
ERROR - 2019-08-19 13:11:58 --> 404 Page Not Found: 
ERROR - 2019-08-19 13:14:48 --> 404 Page Not Found: 
ERROR - 2019-08-19 13:15:18 --> 404 Page Not Found: 
ERROR - 2019-08-19 13:22:16 --> 404 Page Not Found: 
ERROR - 2019-08-19 13:22:22 --> 404 Page Not Found: 
ERROR - 2019-08-19 13:22:54 --> 404 Page Not Found: 
ERROR - 2019-08-19 13:24:15 --> 404 Page Not Found: 
ERROR - 2019-08-19 13:24:23 --> 404 Page Not Found: 
ERROR - 2019-08-19 13:25:32 --> 404 Page Not Found: 
ERROR - 2019-08-19 13:25:35 --> 404 Page Not Found: 
ERROR - 2019-08-19 13:25:37 --> 404 Page Not Found: 
ERROR - 2019-08-19 13:25:41 --> 404 Page Not Found: 
ERROR - 2019-08-19 13:25:43 --> 404 Page Not Found: 
ERROR - 2019-08-19 13:25:46 --> 404 Page Not Found: 
ERROR - 2019-08-19 13:28:05 --> 404 Page Not Found: 
ERROR - 2019-08-19 13:32:04 --> 404 Page Not Found: 
ERROR - 2019-08-19 13:35:57 --> 404 Page Not Found: 
ERROR - 2019-08-19 13:58:58 --> 404 Page Not Found: 
ERROR - 2019-08-19 13:59:00 --> 404 Page Not Found: 
ERROR - 2019-08-19 14:04:50 --> Severity: Warning --> Illegal string offset 'keyword' /home/fullbasketproper/public_html/application/views/listing.php 186
ERROR - 2019-08-19 14:17:02 --> 404 Page Not Found: 
ERROR - 2019-08-19 14:32:25 --> 404 Page Not Found: 
ERROR - 2019-08-19 14:35:34 --> 404 Page Not Found: 
ERROR - 2019-08-19 14:35:35 --> 404 Page Not Found: 
ERROR - 2019-08-19 14:44:42 --> Severity: Warning --> Illegal string offset 'keyword' /home/fullbasketproper/public_html/application/views/listing.php 186
ERROR - 2019-08-19 14:47:55 --> 404 Page Not Found: 
ERROR - 2019-08-19 14:47:55 --> 404 Page Not Found: 
ERROR - 2019-08-19 14:47:56 --> 404 Page Not Found: 
ERROR - 2019-08-19 14:50:24 --> 404 Page Not Found: 
ERROR - 2019-08-19 14:51:21 --> 404 Page Not Found: 
ERROR - 2019-08-19 14:51:37 --> 404 Page Not Found: 
ERROR - 2019-08-19 14:52:21 --> 404 Page Not Found: 
ERROR - 2019-08-19 14:59:53 --> 404 Page Not Found: 
ERROR - 2019-08-19 14:59:57 --> 404 Page Not Found: 
ERROR - 2019-08-19 15:00:51 --> 404 Page Not Found: 
ERROR - 2019-08-19 15:07:27 --> 404 Page Not Found: 
ERROR - 2019-08-19 15:13:36 --> Severity: Warning --> Illegal string offset 'keyword' /home/fullbasketproper/public_html/application/views/listing.php 186
ERROR - 2019-08-19 15:18:58 --> Severity: Warning --> Illegal string offset 'keyword' /home/fullbasketproper/public_html/application/views/listing.php 186
ERROR - 2019-08-19 15:19:12 --> Severity: Warning --> Illegal string offset 'keyword' /home/fullbasketproper/public_html/application/views/listing.php 186
ERROR - 2019-08-19 15:19:29 --> Severity: Warning --> Illegal string offset 'keyword' /home/fullbasketproper/public_html/application/views/listing.php 186
ERROR - 2019-08-19 15:19:46 --> Severity: Warning --> Illegal string offset 'keyword' /home/fullbasketproper/public_html/application/views/listing.php 186
ERROR - 2019-08-19 15:20:05 --> Severity: Warning --> Illegal string offset 'keyword' /home/fullbasketproper/public_html/application/views/listing.php 186
ERROR - 2019-08-19 15:20:23 --> Severity: Warning --> Illegal string offset 'keyword' /home/fullbasketproper/public_html/application/views/listing.php 186
ERROR - 2019-08-19 15:20:40 --> Severity: Warning --> Illegal string offset 'keyword' /home/fullbasketproper/public_html/application/views/listing.php 186
ERROR - 2019-08-19 15:20:56 --> Severity: Warning --> Illegal string offset 'keyword' /home/fullbasketproper/public_html/application/views/listing.php 186
ERROR - 2019-08-19 15:21:09 --> Severity: Warning --> Illegal string offset 'keyword' /home/fullbasketproper/public_html/application/views/listing.php 186
ERROR - 2019-08-19 15:21:21 --> Severity: Warning --> Illegal string offset 'keyword' /home/fullbasketproper/public_html/application/views/listing.php 186
ERROR - 2019-08-19 15:21:41 --> 404 Page Not Found: 
ERROR - 2019-08-19 15:26:45 --> 404 Page Not Found: 
ERROR - 2019-08-19 15:27:12 --> 404 Page Not Found: 
ERROR - 2019-08-19 15:31:10 --> 404 Page Not Found: 
ERROR - 2019-08-19 15:31:42 --> Severity: Warning --> Illegal string offset 'keyword' /home/fullbasketproper/public_html/application/views/listing.php 186
ERROR - 2019-08-19 15:31:55 --> Severity: Warning --> Illegal string offset 'keyword' /home/fullbasketproper/public_html/application/views/listing.php 186
ERROR - 2019-08-19 15:32:15 --> Severity: Warning --> Illegal string offset 'keyword' /home/fullbasketproper/public_html/application/views/listing.php 186
ERROR - 2019-08-19 15:32:28 --> Severity: Warning --> Illegal string offset 'keyword' /home/fullbasketproper/public_html/application/views/listing.php 186
ERROR - 2019-08-19 15:32:45 --> Severity: Warning --> Illegal string offset 'keyword' /home/fullbasketproper/public_html/application/views/listing.php 186
ERROR - 2019-08-19 15:32:59 --> Severity: Warning --> Illegal string offset 'keyword' /home/fullbasketproper/public_html/application/views/listing.php 186
ERROR - 2019-08-19 15:33:11 --> Severity: Warning --> Illegal string offset 'keyword' /home/fullbasketproper/public_html/application/views/listing.php 186
ERROR - 2019-08-19 15:33:24 --> Severity: Warning --> Illegal string offset 'keyword' /home/fullbasketproper/public_html/application/views/listing.php 186
ERROR - 2019-08-19 15:33:47 --> Severity: Warning --> Illegal string offset 'keyword' /home/fullbasketproper/public_html/application/views/listing.php 186
ERROR - 2019-08-19 15:34:00 --> Severity: Warning --> Illegal string offset 'keyword' /home/fullbasketproper/public_html/application/views/listing.php 186
ERROR - 2019-08-19 15:52:43 --> 404 Page Not Found: 
ERROR - 2019-08-19 16:00:46 --> 404 Page Not Found: 
ERROR - 2019-08-19 16:00:48 --> 404 Page Not Found: 
ERROR - 2019-08-19 16:01:15 --> Severity: Warning --> Illegal string offset 'keyword' /home/fullbasketproper/public_html/application/views/listing.php 186
ERROR - 2019-08-19 16:07:52 --> 404 Page Not Found: 
ERROR - 2019-08-19 16:09:30 --> 404 Page Not Found: 
ERROR - 2019-08-19 16:19:28 --> 404 Page Not Found: 
ERROR - 2019-08-19 16:19:30 --> 404 Page Not Found: 
ERROR - 2019-08-19 16:34:49 --> 404 Page Not Found: 
ERROR - 2019-08-19 16:35:42 --> Severity: Warning --> Illegal string offset 'keyword' /home/fullbasketproper/public_html/application/views/listing.php 186
ERROR - 2019-08-19 16:35:54 --> Severity: Warning --> Illegal string offset 'keyword' /home/fullbasketproper/public_html/application/views/listing.php 186
ERROR - 2019-08-19 16:36:10 --> Severity: Warning --> Illegal string offset 'keyword' /home/fullbasketproper/public_html/application/views/listing.php 186
ERROR - 2019-08-19 16:36:22 --> Severity: Warning --> Illegal string offset 'keyword' /home/fullbasketproper/public_html/application/views/listing.php 186
ERROR - 2019-08-19 16:36:36 --> Severity: Warning --> Illegal string offset 'keyword' /home/fullbasketproper/public_html/application/views/listing.php 186
ERROR - 2019-08-19 16:36:50 --> Severity: Warning --> Illegal string offset 'keyword' /home/fullbasketproper/public_html/application/views/listing.php 186
ERROR - 2019-08-19 16:37:02 --> Severity: Warning --> Illegal string offset 'keyword' /home/fullbasketproper/public_html/application/views/listing.php 186
ERROR - 2019-08-19 16:37:12 --> Severity: Warning --> Illegal string offset 'keyword' /home/fullbasketproper/public_html/application/views/listing.php 186
ERROR - 2019-08-19 16:37:28 --> Severity: Warning --> Illegal string offset 'keyword' /home/fullbasketproper/public_html/application/views/listing.php 186
ERROR - 2019-08-19 16:37:42 --> Severity: Warning --> Illegal string offset 'keyword' /home/fullbasketproper/public_html/application/views/listing.php 186
ERROR - 2019-08-19 16:38:33 --> 404 Page Not Found: 
ERROR - 2019-08-19 16:52:18 --> 404 Page Not Found: 
ERROR - 2019-08-19 17:01:11 --> Severity: Warning --> Illegal string offset 'keyword' /home/fullbasketproper/public_html/application/views/listing.php 186
ERROR - 2019-08-19 17:29:03 --> 404 Page Not Found: 
ERROR - 2019-08-19 17:54:04 --> Severity: Warning --> Illegal string offset 'keyword' /home/fullbasketproper/public_html/application/views/listing.php 186
ERROR - 2019-08-19 17:54:17 --> 404 Page Not Found: 
ERROR - 2019-08-19 18:15:02 --> Severity: Warning --> Illegal string offset 'keyword' /home/fullbasketproper/public_html/application/views/listing.php 186
ERROR - 2019-08-19 18:15:06 --> Severity: Warning --> Illegal string offset 'keyword' /home/fullbasketproper/public_html/application/views/listing.php 186
ERROR - 2019-08-19 18:17:59 --> Severity: Warning --> Illegal string offset 'keyword' /home/fullbasketproper/public_html/application/views/listing.php 186
ERROR - 2019-08-19 18:25:20 --> 404 Page Not Found: 
ERROR - 2019-08-19 18:40:35 --> 404 Page Not Found: 
ERROR - 2019-08-19 18:40:54 --> 404 Page Not Found: 
ERROR - 2019-08-19 19:12:56 --> 404 Page Not Found: 
ERROR - 2019-08-19 19:12:56 --> 404 Page Not Found: 
ERROR - 2019-08-19 19:19:38 --> Severity: Warning --> Illegal string offset 'keyword' /home/fullbasketproper/public_html/application/views/listing.php 186
ERROR - 2019-08-19 19:21:47 --> 404 Page Not Found: 
ERROR - 2019-08-19 19:25:32 --> 404 Page Not Found: 
ERROR - 2019-08-19 19:25:59 --> 404 Page Not Found: 
ERROR - 2019-08-19 19:26:03 --> 404 Page Not Found: 
ERROR - 2019-08-19 19:38:01 --> Severity: Warning --> Illegal string offset 'keyword' /home/fullbasketproper/public_html/application/views/listing.php 186
ERROR - 2019-08-19 19:56:57 --> 404 Page Not Found: 
ERROR - 2019-08-19 20:26:49 --> 404 Page Not Found: 
ERROR - 2019-08-19 20:32:02 --> Severity: Warning --> Illegal string offset 'keyword' /home/fullbasketproper/public_html/application/views/listing.php 186
ERROR - 2019-08-19 20:32:08 --> Severity: Warning --> Illegal string offset 'keyword' /home/fullbasketproper/public_html/application/views/listing.php 186
ERROR - 2019-08-19 20:50:16 --> Severity: Warning --> Illegal string offset 'keyword' /home/fullbasketproper/public_html/application/views/listing.php 186
ERROR - 2019-08-19 20:52:30 --> Severity: Warning --> Illegal string offset 'keyword' /home/fullbasketproper/public_html/application/views/listing.php 186
ERROR - 2019-08-19 21:01:47 --> 404 Page Not Found: 
ERROR - 2019-08-19 21:08:51 --> 404 Page Not Found: 
ERROR - 2019-08-19 21:16:36 --> 404 Page Not Found: 
ERROR - 2019-08-19 21:18:14 --> 404 Page Not Found: 
ERROR - 2019-08-19 21:21:16 --> 404 Page Not Found: 
ERROR - 2019-08-19 21:22:13 --> Severity: Warning --> Illegal string offset 'keyword' /home/fullbasketproper/public_html/application/views/listing.php 186
ERROR - 2019-08-19 21:29:42 --> 404 Page Not Found: 
ERROR - 2019-08-19 22:00:36 --> 404 Page Not Found: 
ERROR - 2019-08-19 22:20:24 --> 404 Page Not Found: 
ERROR - 2019-08-19 22:21:42 --> 404 Page Not Found: 
ERROR - 2019-08-19 22:22:14 --> 404 Page Not Found: 
ERROR - 2019-08-19 22:24:16 --> 404 Page Not Found: 
ERROR - 2019-08-19 22:24:16 --> 404 Page Not Found: 
ERROR - 2019-08-19 22:24:17 --> 404 Page Not Found: 
ERROR - 2019-08-19 22:24:17 --> 404 Page Not Found: 
ERROR - 2019-08-19 22:24:17 --> 404 Page Not Found: 
ERROR - 2019-08-19 22:24:23 --> 404 Page Not Found: 
ERROR - 2019-08-19 22:24:23 --> 404 Page Not Found: 
ERROR - 2019-08-19 22:25:14 --> 404 Page Not Found: 
ERROR - 2019-08-19 22:39:50 --> Severity: Warning --> Illegal string offset 'keyword' /home/fullbasketproper/public_html/application/views/listing.php 186
ERROR - 2019-08-19 22:42:27 --> Severity: Warning --> Illegal string offset 'keyword' /home/fullbasketproper/public_html/application/views/listing.php 186
ERROR - 2019-08-19 22:42:54 --> 404 Page Not Found: 
ERROR - 2019-08-19 22:42:55 --> Severity: Warning --> Illegal string offset 'keyword' /home/fullbasketproper/public_html/application/views/listing.php 186
ERROR - 2019-08-19 22:43:25 --> 404 Page Not Found: 
ERROR - 2019-08-19 22:44:05 --> 404 Page Not Found: 
ERROR - 2019-08-19 22:48:44 --> Severity: Warning --> Illegal string offset 'keyword' /home/fullbasketproper/public_html/application/views/listing.php 186
ERROR - 2019-08-19 22:50:05 --> 404 Page Not Found: 
ERROR - 2019-08-19 22:55:04 --> 404 Page Not Found: 
ERROR - 2019-08-19 23:04:43 --> 404 Page Not Found: 
ERROR - 2019-08-19 23:28:56 --> Severity: Warning --> Illegal string offset 'keyword' /home/fullbasketproper/public_html/application/views/listing.php 186
ERROR - 2019-08-19 23:30:18 --> Severity: Warning --> Illegal string offset 'keyword' /home/fullbasketproper/public_html/application/views/listing.php 186
