ERROR - 2018-10-13 00:44:30 --> Query error: You have an error in your SQL syntax; check the manual that corresponds to your MySQL server version for the right syntax to use near '-10, 10' at line 11 - Invalid query: SELECT DISTINCT `p`.*, `c`.`name` as `city_name`, `ps`.`name` as `property_status`, `pt`.`name` as `prop_type`, `b`.`name` as `builder`, `l`.`name` as `location`
FROM `properties` `p`
LEFT JOIN `cities` `c` ON `p`.`city_id` = `c`.`id`
LEFT JOIN `builders` `b` ON `p`.`builder_id` = `b`.`id`
LEFT JOIN `locations` `l` ON `p`.`location_id` = `l`.`id`
LEFT JOIN `property_types` `pt` ON `p`.`property_type_id` = `pt`.`id`
LEFT JOIN `property_status` `ps` ON `p`.`property_status_id` = `ps`.`id`
LEFT JOIN `property_amenities` `pa` ON `pa`.`property_id` = `p`.`id`
WHERE `p`.`status` = 1
ORDER BY `p`.`id` DESC
 LIMIT -10, 10
ERROR - 2018-10-13 00:44:33 --> Query error: You have an error in your SQL syntax; check the manual that corresponds to your MySQL server version for the right syntax to use near '-10, 10' at line 11 - Invalid query: SELECT DISTINCT `p`.*, `c`.`name` as `city_name`, `ps`.`name` as `property_status`, `pt`.`name` as `prop_type`, `b`.`name` as `builder`, `l`.`name` as `location`
FROM `properties` `p`
LEFT JOIN `cities` `c` ON `p`.`city_id` = `c`.`id`
LEFT JOIN `builders` `b` ON `p`.`builder_id` = `b`.`id`
LEFT JOIN `locations` `l` ON `p`.`location_id` = `l`.`id`
LEFT JOIN `property_types` `pt` ON `p`.`property_type_id` = `pt`.`id`
LEFT JOIN `property_status` `ps` ON `p`.`property_status_id` = `ps`.`id`
LEFT JOIN `property_amenities` `pa` ON `pa`.`property_id` = `p`.`id`
WHERE `p`.`status` = 1
ORDER BY `p`.`id` DESC
 LIMIT -10, 10
ERROR - 2018-10-13 00:44:44 --> Query error: You have an error in your SQL syntax; check the manual that corresponds to your MySQL server version for the right syntax to use near '-10, 10' at line 11 - Invalid query: SELECT DISTINCT `p`.*, `c`.`name` as `city_name`, `ps`.`name` as `property_status`, `pt`.`name` as `prop_type`, `b`.`name` as `builder`, `l`.`name` as `location`
FROM `properties` `p`
LEFT JOIN `cities` `c` ON `p`.`city_id` = `c`.`id`
LEFT JOIN `builders` `b` ON `p`.`builder_id` = `b`.`id`
LEFT JOIN `locations` `l` ON `p`.`location_id` = `l`.`id`
LEFT JOIN `property_types` `pt` ON `p`.`property_type_id` = `pt`.`id`
LEFT JOIN `property_status` `ps` ON `p`.`property_status_id` = `ps`.`id`
LEFT JOIN `property_amenities` `pa` ON `pa`.`property_id` = `p`.`id`
WHERE `p`.`status` = 1
ORDER BY `p`.`id` DESC
 LIMIT -10, 10
ERROR - 2018-10-13 01:32:21 --> 404 Page Not Found: 
ERROR - 2018-10-13 03:30:56 --> 404 Page Not Found: 
ERROR - 2018-10-13 07:14:07 --> 404 Page Not Found: 
ERROR - 2018-10-13 07:37:15 --> 404 Page Not Found: 
ERROR - 2018-10-13 07:39:42 --> 404 Page Not Found: 
ERROR - 2018-10-13 08:34:13 --> 404 Page Not Found: 
ERROR - 2018-10-13 10:11:22 --> 404 Page Not Found: 
ERROR - 2018-10-13 10:30:00 --> 404 Page Not Found: 
ERROR - 2018-10-13 10:31:01 --> 404 Page Not Found: 
ERROR - 2018-10-13 10:47:08 --> 404 Page Not Found: 
ERROR - 2018-10-13 10:54:49 --> 404 Page Not Found: 
ERROR - 2018-10-13 10:56:57 --> 404 Page Not Found: 
ERROR - 2018-10-13 11:20:06 --> 404 Page Not Found: 
ERROR - 2018-10-13 11:38:16 --> 404 Page Not Found: 
ERROR - 2018-10-13 12:11:28 --> 404 Page Not Found: 
ERROR - 2018-10-13 12:33:09 --> 404 Page Not Found: 
ERROR - 2018-10-13 12:36:58 --> Severity: Warning --> Division by zero /home/nkmtein/public_html/fullbasketproperty.com/application/core/Public_Controller.php 47
ERROR - 2018-10-13 13:09:52 --> Severity: Warning --> rename(uploads/floor_plans/type-f-3-bed-7.jpg,uploads/prestige-gulmohar/type-f-3-bed-7.jpg): No such file or directory /home/nkmtein/public_html/fullbasketproperty.com/application/controllers/admin/Properties.php 264
ERROR - 2018-10-13 13:09:52 --> Severity: Warning --> rename(uploads/floor_plans/type-g1-2-bed-5.jpg,uploads/prestige-gulmohar/type-g1-2-bed-5.jpg): No such file or directory /home/nkmtein/public_html/fullbasketproperty.com/application/controllers/admin/Properties.php 264
ERROR - 2018-10-13 13:13:18 --> 404 Page Not Found: 
ERROR - 2018-10-13 13:13:18 --> 404 Page Not Found: 
ERROR - 2018-10-13 14:10:56 --> 404 Page Not Found: 
ERROR - 2018-10-13 14:10:56 --> 404 Page Not Found: 
ERROR - 2018-10-13 14:37:45 --> 404 Page Not Found: 
ERROR - 2018-10-13 15:00:43 --> 404 Page Not Found: 
ERROR - 2018-10-13 15:14:14 --> 404 Page Not Found: 
ERROR - 2018-10-13 15:14:43 --> 404 Page Not Found: 
ERROR - 2018-10-13 16:03:42 --> 404 Page Not Found: 
ERROR - 2018-10-13 18:24:52 --> 404 Page Not Found: 
ERROR - 2018-10-13 19:37:33 --> 404 Page Not Found: 
ERROR - 2018-10-13 19:37:35 --> 404 Page Not Found: 
ERROR - 2018-10-13 22:31:49 --> 404 Page Not Found: 
ERROR - 2018-10-13 23:19:32 --> 404 Page Not Found: 
ERROR - 2018-10-13 23:33:54 --> 404 Page Not Found: 
ERROR - 2018-10-13 23:33:56 --> 404 Page Not Found: 
ERROR - 2018-10-13 23:51:50 --> 404 Page Not Found: 
