ERROR - 2019-11-22 11:20:02 --> 404 Page Not Found: 
ERROR - 2019-11-22 11:43:48 --> Query error: Unknown column 'b.name' in 'field list' - Invalid query: SELECT `p`.*, `ps`.`name` as `property_status`, `c`.`name` as `city_name`, `pt`.`name` as `prop_type`, `b`.`name` as `builder`, `b`.`image` as `builder_image`, `b`.`description` as `builder_description`, `b`.`location` as `builder_location`, `b`.`experience` as `builder_experience`, `b`.`ongoing` as `builder_ongoing`, `b`.`upcoming` as `builder_upcoming`, `b`.`completed` as `builder_completed`, `l`.`name` as `location`
FROM `properties` `p`
LEFT JOIN `cities` `c` ON `p`.`city_id` = `c`.`id`
LEFT JOIN `property_types` `pt` ON `p`.`property_type_id` = `pt`.`id`
LEFT JOIN `property_status` `ps` ON `p`.`property_status_id` = `ps`.`id`
LEFT JOIN `locations` `l` ON `p`.`location_id` = `l`.`id`
WHERE `p`.`id` != '499'
AND `p`.`status` = 1
ORDER BY `p`.`id` DESC
 LIMIT 3
ERROR - 2019-11-22 11:45:10 --> Severity: error --> Exception: Too few arguments to function CI_DB_query_builder::join(), 1 passed in F:\FBP.com\application\models\Home_model.php on line 267 and at least 2 expected F:\FBP.com\system\database\DB_query_builder.php 526
ERROR - 2019-11-22 11:50:45 --> 404 Page Not Found: 
ERROR - 2019-11-22 12:25:12 --> 404 Page Not Found: 
ERROR - 2019-11-22 12:30:34 --> 404 Page Not Found: 
ERROR - 2019-11-22 12:30:41 --> 404 Page Not Found: 
ERROR - 2019-11-22 12:38:44 --> 404 Page Not Found: 
ERROR - 2019-11-22 12:44:24 --> Query error: Unknown column 'p.city_id' in 'on clause' - Invalid query: SELECT `p`.*, `ps`.`name` as `property_status`, `c`.`name` as `city_name`, `pt`.`name` as `prop_type`, `b`.`name` as `builder`, `b`.`image` as `builder_image`, `b`.`description` as `builder_description`, `b`.`location` as `builder_location`, `b`.`experience` as `builder_experience`, `b`.`ongoing` as `builder_ongoing`, `b`.`upcoming` as `builder_upcoming`, `b`.`completed` as `builder_completed`, `l`.`name` as `location`
FROM `builders` `b`
LEFT JOIN `cities` `c` ON `p`.`city_id` = `c`.`id`
LEFT JOIN `property_types` `pt` ON `p`.`property_type_id` = `pt`.`id`
LEFT JOIN `property_status` `ps` ON `p`.`property_status_id` = `ps`.`id`
LEFT JOIN `properties` `p` ON `p`.`builder_id` >=0
LEFT JOIN `locations` `l` ON `p`.`location_id` = `l`.`id`
WHERE `p`.`id` != '437'
AND `p`.`status` = 1
ORDER BY `p`.`id` DESC
 LIMIT 3
ERROR - 2019-11-22 14:19:16 --> Severity: error --> Exception: Call to undefined method Home_model::getsameLocationProjects() F:\FBP.com\application\views\property-design.php 1183
ERROR - 2019-11-22 14:22:40 --> Severity: error --> Exception: syntax error, unexpected 'foreach' (T_FOREACH) F:\FBP.com\application\views\property-design.php 1186
ERROR - 2019-11-22 15:09:37 --> 404 Page Not Found: 
ERROR - 2019-11-22 15:10:18 --> Severity: error --> Exception: syntax error, unexpected 'elseif' (T_ELSEIF), expecting end of file F:\FBP.com\application\views\property-design.php 1225
ERROR - 2019-11-22 15:12:24 --> Severity: error --> Exception: syntax error, unexpected 'elseif' (T_ELSEIF), expecting end of file F:\FBP.com\application\views\property-design.php 1225
ERROR - 2019-11-22 15:12:31 --> Severity: error --> Exception: syntax error, unexpected 'else' (T_ELSE), expecting end of file F:\FBP.com\application\views\property-design.php 1225
ERROR - 2019-11-22 15:21:22 --> Severity: error --> Exception: Call to undefined method Home_model::getsameLocationProjects() F:\FBP.com\application\views\property-design.php 1182
ERROR - 2019-11-22 15:23:25 --> 404 Page Not Found: 
ERROR - 2019-11-22 15:23:25 --> 404 Page Not Found: 
ERROR - 2019-11-22 15:23:49 --> 404 Page Not Found: 
ERROR - 2019-11-22 15:23:49 --> 404 Page Not Found: 
ERROR - 2019-11-22 15:24:26 --> 404 Page Not Found: 
ERROR - 2019-11-22 15:24:26 --> 404 Page Not Found: 
ERROR - 2019-11-22 16:35:42 --> Query error: Unknown column 'p.city_id' in 'on clause' - Invalid query: SELECT `p`.*, `ps`.`name` as `property_status`, `c`.`name` as `city_name`, `pt`.`name` as `prop_type`, `b`.`name` as `builder`, `b`.`image` as `builder_image`, `b`.`description` as `builder_description`, `b`.`location` as `builder_location`, `b`.`experience` as `builder_experience`, `b`.`ongoing` as `builder_ongoing`, `b`.`upcoming` as `builder_upcoming`, `b`.`completed` as `builder_completed`, `l`.`name` as `location`
FROM `builders` `b`
LEFT JOIN `cities` `c` ON `p`.`city_id` = `c`.`id`
LEFT JOIN `property_types` `pt` ON `p`.`property_type_id` = `pt`.`id`
LEFT JOIN `property_status` `ps` ON `p`.`property_status_id` = `ps`.`id`
LEFT JOIN `properties` `p` ON `p`.`location_id` = `l`.`id`
LEFT JOIN `locations` `l` ON `p`.`location_id` = `l`.`id`
WHERE `p`.`id` != '499'
AND `p`.`status` = 1
AND `b`.`id` IS NULL
ORDER BY `p`.`id` DESC
 LIMIT 3
ERROR - 2019-11-22 16:36:16 --> Severity: error --> Exception: Call to a member function join() on string F:\FBP.com\application\models\Home_model.php 265
ERROR - 2019-11-22 16:36:39 --> Query error: Unknown column 'l.id' in 'on clause' - Invalid query: SELECT `p`.*, `ps`.`name` as `property_status`, `c`.`name` as `city_name`, `pt`.`name` as `prop_type`, `b`.`name` as `builder`, `b`.`image` as `builder_image`, `b`.`description` as `builder_description`, `b`.`location` as `builder_location`, `b`.`experience` as `builder_experience`, `b`.`ongoing` as `builder_ongoing`, `b`.`upcoming` as `builder_upcoming`, `b`.`completed` as `builder_completed`, `l`.`name` as `location`
FROM `builders` `b`
LEFT JOIN `properties` `p` ON `p`.`location_id` = `l`.`id`
LEFT JOIN `cities` `c` ON `p`.`city_id` = `c`.`id`
LEFT JOIN `property_types` `pt` ON `p`.`property_type_id` = `pt`.`id`
LEFT JOIN `property_status` `ps` ON `p`.`property_status_id` = `ps`.`id`
LEFT JOIN `locations` `l` ON `p`.`location_id` = `l`.`id`
WHERE `p`.`id` != '499'
AND `p`.`status` = 1
AND `b`.`id` IS NULL
ORDER BY `p`.`id` DESC
 LIMIT 3
ERROR - 2019-11-22 16:36:58 --> Query error: Unknown column 'p.location_id' in 'on clause' - Invalid query: SELECT `p`.*, `ps`.`name` as `property_status`, `c`.`name` as `city_name`, `pt`.`name` as `prop_type`, `b`.`name` as `builder`, `b`.`image` as `builder_image`, `b`.`description` as `builder_description`, `b`.`location` as `builder_location`, `b`.`experience` as `builder_experience`, `b`.`ongoing` as `builder_ongoing`, `b`.`upcoming` as `builder_upcoming`, `b`.`completed` as `builder_completed`, `l`.`name` as `location`
FROM `builders` `b`
LEFT JOIN `locations` `l` ON `p`.`location_id` = `l`.`id`
LEFT JOIN `properties` `p` ON `p`.`location_id` = `l`.`id`
LEFT JOIN `cities` `c` ON `p`.`city_id` = `c`.`id`
LEFT JOIN `property_types` `pt` ON `p`.`property_type_id` = `pt`.`id`
LEFT JOIN `property_status` `ps` ON `p`.`property_status_id` = `ps`.`id`
WHERE `p`.`id` != '499'
AND `p`.`status` = 1
AND `b`.`id` IS NULL
ORDER BY `p`.`id` DESC
 LIMIT 3
ERROR - 2019-11-22 16:38:33 --> Query error: Unknown column 'p.location_id' in 'on clause' - Invalid query: SELECT `p`.*, `ps`.`name` as `property_status`, `c`.`name` as `city_name`, `pt`.`name` as `prop_type`, `b`.`name` as `builder`, `b`.`image` as `builder_image`, `b`.`description` as `builder_description`, `b`.`location` as `builder_location`, `b`.`experience` as `builder_experience`, `b`.`ongoing` as `builder_ongoing`, `b`.`upcoming` as `builder_upcoming`, `b`.`completed` as `builder_completed`, `l`.`name` as `location`
FROM `builders` `b`
LEFT JOIN `locations` `l` ON `p`.`location_id` = `l`.`id`
LEFT JOIN `properties` `p` ON `p`.`location_id` = `l`.`id`
LEFT JOIN `cities` `c` ON `p`.`city_id` = `c`.`id`
LEFT JOIN `property_types` `pt` ON `p`.`property_type_id` = `pt`.`id`
LEFT JOIN `property_status` `ps` ON `p`.`property_status_id` = `ps`.`id`
WHERE `p`.`id` != '499'
AND `p`.`status` = 1
AND `b`.`id` IS NULL
ORDER BY `p`.`id` DESC
 LIMIT 3
ERROR - 2019-11-22 16:39:10 --> Query error: Unknown column 'l.name' in 'field list' - Invalid query: SELECT `p`.*, `ps`.`name` as `property_status`, `c`.`name` as `city_name`, `pt`.`name` as `prop_type`, `b`.`name` as `builder`, `b`.`image` as `builder_image`, `b`.`description` as `builder_description`, `b`.`location` as `builder_location`, `b`.`experience` as `builder_experience`, `b`.`ongoing` as `builder_ongoing`, `b`.`upcoming` as `builder_upcoming`, `b`.`completed` as `builder_completed`, `l`.`name` as `location`
FROM `builders` `b`
LEFT JOIN `properties` `p` ON `p`.`location_id` = `l`.`id`
LEFT JOIN `cities` `c` ON `p`.`city_id` = `c`.`id`
LEFT JOIN `property_types` `pt` ON `p`.`property_type_id` = `pt`.`id`
LEFT JOIN `property_status` `ps` ON `p`.`property_status_id` = `ps`.`id`
WHERE `p`.`id` != '499'
AND `p`.`status` = 1
AND `b`.`id` IS NULL
ORDER BY `p`.`id` DESC
 LIMIT 3
ERROR - 2019-11-22 16:39:31 --> Query error: Unknown column 'l.name' in 'field list' - Invalid query: SELECT `p`.*, `ps`.`name` as `property_status`, `c`.`name` as `city_name`, `pt`.`name` as `prop_type`, `b`.`name` as `builder`, `b`.`image` as `builder_image`, `b`.`description` as `builder_description`, `b`.`location` as `builder_location`, `b`.`experience` as `builder_experience`, `b`.`ongoing` as `builder_ongoing`, `b`.`upcoming` as `builder_upcoming`, `b`.`completed` as `builder_completed`, `l`.`name` as `location`, `location` as `l`
FROM `builders` `b`
LEFT JOIN `properties` `p` ON `p`.`location_id` = `l`.`id`
LEFT JOIN `cities` `c` ON `p`.`city_id` = `c`.`id`
LEFT JOIN `property_types` `pt` ON `p`.`property_type_id` = `pt`.`id`
LEFT JOIN `property_status` `ps` ON `p`.`property_status_id` = `ps`.`id`
WHERE `p`.`id` != '499'
AND `p`.`status` = 1
AND `b`.`id` IS NULL
ORDER BY `p`.`id` DESC
 LIMIT 3
ERROR - 2019-11-22 16:43:32 --> Query error: Not unique table/alias: 'p' - Invalid query: SELECT `p`.*, `ps`.`name` as `property_status`, `c`.`name` as `city_name`, `pt`.`name` as `prop_type`, `b`.`name` as `builder`, `b`.`image` as `builder_image`, `b`.`description` as `builder_description`, `b`.`location` as `builder_location`, `b`.`experience` as `builder_experience`, `b`.`ongoing` as `builder_ongoing`, `b`.`upcoming` as `builder_upcoming`, `b`.`completed` as `builder_completed`, `l`.`name` as `location`
FROM `properties` `p`
LEFT JOIN `locations` `l` ON `p`.`location_id` = `l`.`id`
LEFT JOIN `properties` `p` ON `p`.`location_id` = `l`.`id`
LEFT JOIN `cities` `c` ON `p`.`city_id` = `c`.`id`
LEFT JOIN `property_types` `pt` ON `p`.`property_type_id` = `pt`.`id`
LEFT JOIN `property_status` `ps` ON `p`.`property_status_id` = `ps`.`id`
WHERE `p`.`id` != '499'
AND `p`.`status` = 1
AND `b`.`id` IS NULL
ORDER BY `p`.`id` DESC
 LIMIT 3
ERROR - 2019-11-22 16:45:01 --> Severity: error --> Exception: syntax error, unexpected ',', expecting ';' F:\FBP.com\application\models\Home_model.php 266
ERROR - 2019-11-22 16:45:02 --> Severity: error --> Exception: syntax error, unexpected ',', expecting ';' F:\FBP.com\application\models\Home_model.php 266
ERROR - 2019-11-22 16:45:11 --> Query error: Not unique table/alias: 'p' - Invalid query: SELECT `p`.*, `ps`.`name` as `property_status`, `c`.`name` as `city_name`, `pt`.`name` as `prop_type`, `b`.`name` as `builder`, `b`.`image` as `builder_image`, `b`.`description` as `builder_description`, `b`.`location` as `builder_location`, `b`.`experience` as `builder_experience`, `b`.`ongoing` as `builder_ongoing`, `b`.`upcoming` as `builder_upcoming`, `b`.`completed` as `builder_completed`, `l`.`name` as `location`
FROM `properties` `p`
LEFT JOIN `locations` `l` ON `p`.`location_id` = `l`.`id`
LEFT JOIN `properties` `p` ON `p`.`location_id` = `l`.`id`
LEFT JOIN `builders` `b` ON `b`.`id` != `p`.`id`
LEFT JOIN `cities` `c` ON `p`.`city_id` = `c`.`id`
LEFT JOIN `property_types` `pt` ON `p`.`property_type_id` = `pt`.`id`
LEFT JOIN `property_status` `ps` ON `p`.`property_status_id` = `ps`.`id`
WHERE `p`.`id` != '499'
AND `p`.`status` = 1
AND `b`.`id` IS NULL
ORDER BY `p`.`id` DESC
 LIMIT 3
ERROR - 2019-11-22 16:45:30 --> Query error: Unknown column 'p.city_id' in 'on clause' - Invalid query: SELECT `p`.*, `ps`.`name` as `property_status`, `c`.`name` as `city_name`, `pt`.`name` as `prop_type`, `b`.`name` as `builder`, `b`.`image` as `builder_image`, `b`.`description` as `builder_description`, `b`.`location` as `builder_location`, `b`.`experience` as `builder_experience`, `b`.`ongoing` as `builder_ongoing`, `b`.`upcoming` as `builder_upcoming`, `b`.`completed` as `builder_completed`, `l`.`name` as `location`
FROM `builders` `b`
LEFT JOIN `cities` `c` ON `p`.`city_id` = `c`.`id`
LEFT JOIN `property_types` `pt` ON `p`.`property_type_id` = `pt`.`id`
LEFT JOIN `property_status` `ps` ON `p`.`property_status_id` = `ps`.`id`
LEFT JOIN `properties` `p` ON `p`.`builder_id` = `b`.`id`
LEFT JOIN `locations` `l` ON `p`.`location_id` = `l`.`id`
WHERE `p`.`id` != '499'
AND `p`.`status` = 1
AND `b`.`id` = '1'
ORDER BY `p`.`id` DESC
 LIMIT 3
ERROR - 2019-11-22 16:47:16 --> Query error: Unknown column 'c.name' in 'field list' - Invalid query: SELECT `p`.*, `ps`.`name` as `property_status`, `c`.`name` as `city_name`, `pt`.`name` as `prop_type`, `b`.`name` as `builder`, `b`.`image` as `builder_image`, `b`.`description` as `builder_description`, `b`.`location` as `builder_location`, `b`.`experience` as `builder_experience`, `b`.`ongoing` as `builder_ongoing`, `b`.`upcoming` as `builder_upcoming`, `b`.`completed` as `builder_completed`, `l`.`name` as `location`
FROM `properties` `p`
LEFT JOIN `locations` `l` ON `p`.`location_id` = `l`.`id`
LEFT JOIN `builders` `b` ON `b`.`id` != `p`.`id`
LEFT JOIN `property_types` `pt` ON `p`.`property_type_id` = `pt`.`id`
LEFT JOIN `property_status` `ps` ON `p`.`property_status_id` = `ps`.`id`
WHERE `p`.`id` != '499'
AND `p`.`status` = 1
AND `b`.`id` IS NULL
ORDER BY `p`.`id` DESC
 LIMIT 3
ERROR - 2019-11-22 16:47:46 --> Query error: Unknown column 'p.city_id' in 'on clause' - Invalid query: SELECT `p`.*, `ps`.`name` as `property_status`, `c`.`name` as `city_name`, `pt`.`name` as `prop_type`, `b`.`name` as `builder`, `b`.`image` as `builder_image`, `b`.`description` as `builder_description`, `b`.`location` as `builder_location`, `b`.`experience` as `builder_experience`, `b`.`ongoing` as `builder_ongoing`, `b`.`upcoming` as `builder_upcoming`, `b`.`completed` as `builder_completed`, `l`.`name` as `location`
FROM `builders` `b`
LEFT JOIN `cities` `c` ON `p`.`city_id` = `c`.`id`
LEFT JOIN `property_types` `pt` ON `p`.`property_type_id` = `pt`.`id`
LEFT JOIN `property_status` `ps` ON `p`.`property_status_id` = `ps`.`id`
LEFT JOIN `properties` `p` ON `p`.`builder_id` = `b`.`id`
LEFT JOIN `locations` `l` ON `p`.`location_id` = `l`.`id`
WHERE `p`.`id` != '499'
AND `p`.`status` = 1
AND `b`.`id` = '1'
ORDER BY `p`.`id` DESC
 LIMIT 3
ERROR - 2019-11-22 16:48:22 --> Query error: Unknown column 'p.city_id' in 'on clause' - Invalid query: SELECT `p`.*, `ps`.`name` as `property_status`, `c`.`name` as `city_name`, `pt`.`name` as `prop_type`, `b`.`name` as `builder`, `b`.`image` as `builder_image`, `b`.`description` as `builder_description`, `b`.`location` as `builder_location`, `b`.`experience` as `builder_experience`, `b`.`ongoing` as `builder_ongoing`, `b`.`upcoming` as `builder_upcoming`, `b`.`completed` as `builder_completed`, `l`.`name` as `location`
FROM `builders` `b`
LEFT JOIN `cities` `c` ON `p`.`city_id` = `c`.`id`
LEFT JOIN `property_types` `pt` ON `p`.`property_type_id` = `pt`.`id`
LEFT JOIN `property_status` `ps` ON `p`.`property_status_id` = `ps`.`id`
LEFT JOIN `properties` `p` ON `p`.`builder_id` = `b`.`id`
LEFT JOIN `locations` `l` ON `p`.`location_id` = `l`.`id`
WHERE `p`.`id` != '499'
AND `p`.`status` = 1
AND `b`.`id` = '1'
ORDER BY `p`.`id` DESC
 LIMIT 3
ERROR - 2019-11-22 16:50:28 --> Query error: Unknown column 'p.city_id' in 'on clause' - Invalid query: SELECT `p`.*, `ps`.`name` as `property_status`, `c`.`name` as `city_name`, `pt`.`name` as `prop_type`, `b`.`name` as `builder`, `b`.`image` as `builder_image`, `b`.`description` as `builder_description`, `b`.`location` as `builder_location`, `b`.`experience` as `builder_experience`, `b`.`ongoing` as `builder_ongoing`, `b`.`upcoming` as `builder_upcoming`, `b`.`completed` as `builder_completed`, `l`.`name` as `location`
FROM `builders` `b`
LEFT JOIN `cities` `c` ON `p`.`city_id` = `c`.`id`
LEFT JOIN `property_types` `pt` ON `p`.`property_type_id` = `pt`.`id`
LEFT JOIN `property_status` `ps` ON `p`.`property_status_id` = `ps`.`id`
LEFT JOIN `properties` `p` ON `p`.`builder_id` = `b`.`id`
LEFT JOIN `locations` `l` ON `p`.`location_id` = `l`.`id`
WHERE `p`.`id` != '499'
AND `p`.`status` = 1
AND `b`.`id` IS NULL
ORDER BY `p`.`id` DESC
 LIMIT 3
ERROR - 2019-11-22 16:54:13 --> Query error: You have an error in your SQL syntax; check the manual that corresponds to your MariaDB server version for the right syntax to use near '`b`.`id`
LEFT JOIN `locations` `l` ON `location` = `l`.`id`
WHERE `p`.`id` != '4' at line 6 - Invalid query: SELECT `p`.*, `ps`.`name` as `property_status`, `c`.`name` as `city_name`, `pt`.`name` as `prop_type`, `b`.`name` as `builder`, `b`.`image` as `builder_image`, `b`.`description` as `builder_description`, `b`.`location` as `builder_location`, `b`.`experience` as `builder_experience`, `b`.`ongoing` as `builder_ongoing`, `b`.`upcoming` as `builder_upcoming`, `b`.`completed` as `builder_completed`, `l`.`name` as `location`
FROM `properties` `p`
LEFT JOIN `cities` `c` ON `p`.`city_id` = `c`.`id`
LEFT JOIN `property_types` `pt` ON `p`.`property_type_id` = `pt`.`id`
LEFT JOIN `property_status` `ps` ON `p`.`property_status_id` = `ps`.`id`
LEFT JOIN `builders` `b` ON `p`.`builder_id` <=`>` `b`.`id`
LEFT JOIN `locations` `l` ON `location` = `l`.`id`
WHERE `p`.`id` != '499'
AND `p`.`status` = 1
AND `l`.`name` = '3'
ORDER BY `p`.`id` DESC
 LIMIT 3
ERROR - 2019-11-22 17:27:12 --> Query error: Unknown column 'p.city_id' in 'on clause' - Invalid query: SELECT `p`.*, `ps`.`name` as `property_status`, `c`.`name` as `city_name`, `pt`.`name` as `prop_type`, `b`.`name` as `builder`, `b`.`image` as `builder_image`, `b`.`description` as `builder_description`, `b`.`location` as `builder_location`, `b`.`experience` as `builder_experience`, `b`.`ongoing` as `builder_ongoing`, `b`.`upcoming` as `builder_upcoming`, `b`.`completed` as `builder_completed`, `l`.`name` as `location`
FROM `builders` `b`
LEFT JOIN `cities` `c` ON `p`.`city_id` = `c`.`id`
LEFT JOIN `property_types` `pt` ON `p`.`property_type_id` = `pt`.`id`
LEFT JOIN `property_status` `ps` ON `p`.`property_status_id` = `ps`.`id`
LEFT JOIN `properties` `p` ON `p`.`id`>2
LEFT JOIN `locations` `l` ON `p`.`location_id` = `l`.`id`
WHERE `p`.`id` != '490'
AND `p`.`status` = 1
ORDER BY `p`.`id` DESC
 LIMIT 3
ERROR - 2019-11-22 17:30:20 --> Query error: Unknown column 'l.id' in 'on clause' - Invalid query: SELECT `p`.*, `ps`.`name` as `property_status`, `c`.`name` as `city_name`, `pt`.`name` as `prop_type`, `b`.`name` as `builder`, `b`.`image` as `builder_image`, `b`.`description` as `builder_description`, `b`.`location` as `builder_location`, `b`.`experience` as `builder_experience`, `b`.`ongoing` as `builder_ongoing`, `b`.`upcoming` as `builder_upcoming`, `b`.`completed` as `builder_completed`, `l`.`name` as `location`
FROM `builders` `b`
RIGHT JOIN `properties` `p` ON `p`.`location_id` = `l`.`id`
LEFT JOIN `cities` `c` ON `p`.`city_id` = `c`.`id`
LEFT JOIN `property_types` `pt` ON `p`.`property_type_id` = `pt`.`id`
LEFT JOIN `property_status` `ps` ON `p`.`property_status_id` = `ps`.`id`
LEFT JOIN `locations` `l` ON `p`.`location_id` = `l`.`id`
WHERE `p`.`id` != '490'
AND `p`.`status` = 1
ORDER BY `p`.`id` DESC
 LIMIT 3
ERROR - 2019-11-22 17:30:42 --> Query error: Unknown column 'p.location_id' in 'on clause' - Invalid query: SELECT `p`.*, `ps`.`name` as `property_status`, `c`.`name` as `city_name`, `pt`.`name` as `prop_type`, `b`.`name` as `builder`, `b`.`image` as `builder_image`, `b`.`description` as `builder_description`, `b`.`location` as `builder_location`, `b`.`experience` as `builder_experience`, `b`.`ongoing` as `builder_ongoing`, `b`.`upcoming` as `builder_upcoming`, `b`.`completed` as `builder_completed`, `l`.`name` as `location`
FROM `builders` `b`
LEFT JOIN `locations` `l` ON `p`.`location_id` = `l`.`id`
RIGHT JOIN `properties` `p` ON `p`.`location_id` = `l`.`id`
LEFT JOIN `cities` `c` ON `p`.`city_id` = `c`.`id`
LEFT JOIN `property_types` `pt` ON `p`.`property_type_id` = `pt`.`id`
LEFT JOIN `property_status` `ps` ON `p`.`property_status_id` = `ps`.`id`
WHERE `p`.`id` != '490'
AND `p`.`status` = 1
ORDER BY `p`.`id` DESC
 LIMIT 3
