ERROR - 2020-03-16 12:39:54 --> 404 Page Not Found: 
ERROR - 2020-03-16 12:39:57 --> 404 Page Not Found: 
ERROR - 2020-03-16 12:41:05 --> Severity: Warning --> unlink(uploads/sliders/db2a058a2c57615a3e47dc1bf58bf780.jpg): No such file or directory F:\FBP.com\application\controllers\admin\Sliders.php 231
ERROR - 2020-03-16 12:41:11 --> 404 Page Not Found: 
ERROR - 2020-03-16 12:41:13 --> Severity: Warning --> unlink(uploads/sliders/eaff20dff2e8b54bf8ab5da2fda0a4ea.jpg): No such file or directory F:\FBP.com\application\controllers\admin\Sliders.php 231
ERROR - 2020-03-16 08:12:30 --> Severity: Warning --> mysqli::real_connect(): (HY000/2002): No connection could be made because the target machine actively refused it.
 F:\FBP.com\system\database\drivers\mysqli\mysqli_driver.php 201
ERROR - 2020-03-16 08:12:30 --> Unable to connect to the database
ERROR - 2020-03-16 12:42:49 --> 404 Page Not Found: 
ERROR - 2020-03-16 12:42:49 --> 404 Page Not Found: 
ERROR - 2020-03-16 12:42:49 --> 404 Page Not Found: 
ERROR - 2020-03-16 12:42:49 --> 404 Page Not Found: 
ERROR - 2020-03-16 12:42:50 --> 404 Page Not Found: 
ERROR - 2020-03-16 12:42:50 --> 404 Page Not Found: 
ERROR - 2020-03-16 12:42:51 --> 404 Page Not Found: 
ERROR - 2020-03-16 12:42:53 --> 404 Page Not Found: 
ERROR - 2020-03-16 12:42:54 --> 404 Page Not Found: 
ERROR - 2020-03-16 12:42:54 --> 404 Page Not Found: 
ERROR - 2020-03-16 12:42:54 --> 404 Page Not Found: 
ERROR - 2020-03-16 12:42:54 --> 404 Page Not Found: 
ERROR - 2020-03-16 12:42:54 --> 404 Page Not Found: 
ERROR - 2020-03-16 12:42:54 --> 404 Page Not Found: 
ERROR - 2020-03-16 12:42:55 --> 404 Page Not Found: 
ERROR - 2020-03-16 12:42:55 --> 404 Page Not Found: 
ERROR - 2020-03-16 12:42:55 --> 404 Page Not Found: 
ERROR - 2020-03-16 12:42:55 --> 404 Page Not Found: 
ERROR - 2020-03-16 12:42:55 --> 404 Page Not Found: 
ERROR - 2020-03-16 12:42:56 --> 404 Page Not Found: 
ERROR - 2020-03-16 12:42:56 --> 404 Page Not Found: 
ERROR - 2020-03-16 12:42:56 --> 404 Page Not Found: 
ERROR - 2020-03-16 12:42:56 --> 404 Page Not Found: 
ERROR - 2020-03-16 12:42:56 --> 404 Page Not Found: 
ERROR - 2020-03-16 12:42:56 --> 404 Page Not Found: 
ERROR - 2020-03-16 12:42:56 --> 404 Page Not Found: 
ERROR - 2020-03-16 12:47:56 --> 404 Page Not Found: 
ERROR - 2020-03-16 12:47:56 --> 404 Page Not Found: 
ERROR - 2020-03-16 12:47:57 --> 404 Page Not Found: 
ERROR - 2020-03-16 12:47:57 --> 404 Page Not Found: 
ERROR - 2020-03-16 12:47:57 --> 404 Page Not Found: 
ERROR - 2020-03-16 12:47:57 --> 404 Page Not Found: 
ERROR - 2020-03-16 12:47:57 --> 404 Page Not Found: 
ERROR - 2020-03-16 12:47:58 --> 404 Page Not Found: 
ERROR - 2020-03-16 12:47:58 --> 404 Page Not Found: 
ERROR - 2020-03-16 12:47:59 --> 404 Page Not Found: 
ERROR - 2020-03-16 12:47:59 --> 404 Page Not Found: 
ERROR - 2020-03-16 12:47:59 --> 404 Page Not Found: 
ERROR - 2020-03-16 12:47:59 --> 404 Page Not Found: 
ERROR - 2020-03-16 12:48:00 --> 404 Page Not Found: 
ERROR - 2020-03-16 12:48:00 --> 404 Page Not Found: 
ERROR - 2020-03-16 12:48:01 --> 404 Page Not Found: 
ERROR - 2020-03-16 12:48:01 --> 404 Page Not Found: 
ERROR - 2020-03-16 12:48:01 --> 404 Page Not Found: 
ERROR - 2020-03-16 12:48:01 --> 404 Page Not Found: 
ERROR - 2020-03-16 12:48:01 --> 404 Page Not Found: 
ERROR - 2020-03-16 12:48:01 --> 404 Page Not Found: 
ERROR - 2020-03-16 12:48:02 --> 404 Page Not Found: 
ERROR - 2020-03-16 12:48:02 --> 404 Page Not Found: 
ERROR - 2020-03-16 12:48:02 --> 404 Page Not Found: 
ERROR - 2020-03-16 12:48:02 --> 404 Page Not Found: 
ERROR - 2020-03-16 12:48:02 --> 404 Page Not Found: 
ERROR - 2020-03-16 12:48:22 --> 404 Page Not Found: 
ERROR - 2020-03-16 12:48:22 --> 404 Page Not Found: 
ERROR - 2020-03-16 12:48:22 --> 404 Page Not Found: 
ERROR - 2020-03-16 12:48:23 --> 404 Page Not Found: 
ERROR - 2020-03-16 12:48:24 --> 404 Page Not Found: 
ERROR - 2020-03-16 12:48:25 --> 404 Page Not Found: 
ERROR - 2020-03-16 12:48:25 --> 404 Page Not Found: 
ERROR - 2020-03-16 12:48:25 --> 404 Page Not Found: 
ERROR - 2020-03-16 12:48:25 --> 404 Page Not Found: 
ERROR - 2020-03-16 12:48:25 --> 404 Page Not Found: 
ERROR - 2020-03-16 12:48:25 --> 404 Page Not Found: 
ERROR - 2020-03-16 12:48:26 --> 404 Page Not Found: 
ERROR - 2020-03-16 12:48:26 --> 404 Page Not Found: 
ERROR - 2020-03-16 12:48:26 --> 404 Page Not Found: 
ERROR - 2020-03-16 12:48:26 --> 404 Page Not Found: 
ERROR - 2020-03-16 12:48:26 --> 404 Page Not Found: 
ERROR - 2020-03-16 12:48:26 --> 404 Page Not Found: 
ERROR - 2020-03-16 12:48:26 --> 404 Page Not Found: 
ERROR - 2020-03-16 12:48:26 --> 404 Page Not Found: 
ERROR - 2020-03-16 12:48:27 --> 404 Page Not Found: 
ERROR - 2020-03-16 12:48:27 --> 404 Page Not Found: 
ERROR - 2020-03-16 12:48:27 --> 404 Page Not Found: 
ERROR - 2020-03-16 12:48:27 --> 404 Page Not Found: 
ERROR - 2020-03-16 12:48:27 --> 404 Page Not Found: 
ERROR - 2020-03-16 12:48:27 --> 404 Page Not Found: 
ERROR - 2020-03-16 12:48:27 --> 404 Page Not Found: 
ERROR - 2020-03-16 12:48:44 --> 404 Page Not Found: 
ERROR - 2020-03-16 12:48:45 --> 404 Page Not Found: 
ERROR - 2020-03-16 12:48:45 --> 404 Page Not Found: 
ERROR - 2020-03-16 12:48:46 --> 404 Page Not Found: 
ERROR - 2020-03-16 12:48:46 --> 404 Page Not Found: 
ERROR - 2020-03-16 12:48:46 --> 404 Page Not Found: 
ERROR - 2020-03-16 12:48:46 --> 404 Page Not Found: 
ERROR - 2020-03-16 12:48:48 --> 404 Page Not Found: 
ERROR - 2020-03-16 12:48:49 --> 404 Page Not Found: 
ERROR - 2020-03-16 12:48:50 --> 404 Page Not Found: 
ERROR - 2020-03-16 12:48:50 --> 404 Page Not Found: 
ERROR - 2020-03-16 12:48:50 --> 404 Page Not Found: 
ERROR - 2020-03-16 12:48:50 --> 404 Page Not Found: 
ERROR - 2020-03-16 12:48:50 --> 404 Page Not Found: 
ERROR - 2020-03-16 12:48:50 --> 404 Page Not Found: 
ERROR - 2020-03-16 12:48:50 --> 404 Page Not Found: 
ERROR - 2020-03-16 12:48:50 --> 404 Page Not Found: 
ERROR - 2020-03-16 12:48:50 --> 404 Page Not Found: 
ERROR - 2020-03-16 12:48:50 --> 404 Page Not Found: 
ERROR - 2020-03-16 12:48:50 --> 404 Page Not Found: 
ERROR - 2020-03-16 12:48:50 --> 404 Page Not Found: 
ERROR - 2020-03-16 12:48:50 --> 404 Page Not Found: 
ERROR - 2020-03-16 12:48:50 --> 404 Page Not Found: 
ERROR - 2020-03-16 12:48:50 --> 404 Page Not Found: 
ERROR - 2020-03-16 12:48:50 --> 404 Page Not Found: 
ERROR - 2020-03-16 12:48:51 --> 404 Page Not Found: 
ERROR - 2020-03-16 12:54:29 --> 404 Page Not Found: 
ERROR - 2020-03-16 12:54:29 --> 404 Page Not Found: 
ERROR - 2020-03-16 12:54:29 --> 404 Page Not Found: 
ERROR - 2020-03-16 12:54:29 --> 404 Page Not Found: 
ERROR - 2020-03-16 12:54:30 --> 404 Page Not Found: 
ERROR - 2020-03-16 12:54:31 --> 404 Page Not Found: 
ERROR - 2020-03-16 12:54:31 --> 404 Page Not Found: 
ERROR - 2020-03-16 12:54:31 --> 404 Page Not Found: 
ERROR - 2020-03-16 12:54:32 --> 404 Page Not Found: 
ERROR - 2020-03-16 12:54:35 --> 404 Page Not Found: 
ERROR - 2020-03-16 12:54:35 --> 404 Page Not Found: 
ERROR - 2020-03-16 12:54:35 --> 404 Page Not Found: 
ERROR - 2020-03-16 12:54:35 --> 404 Page Not Found: 
ERROR - 2020-03-16 12:54:35 --> 404 Page Not Found: 
ERROR - 2020-03-16 12:54:35 --> 404 Page Not Found: 
ERROR - 2020-03-16 12:54:35 --> 404 Page Not Found: 
ERROR - 2020-03-16 12:54:35 --> 404 Page Not Found: 
ERROR - 2020-03-16 08:25:26 --> Query error: Lock wait timeout exceeded; try restarting transaction - Invalid query: DELETE FROM `ci_sessions`
WHERE `timestamp` < 1584336275
ERROR - 2020-03-16 08:25:26 --> Severity: Warning --> session_write_close(): Cannot call session save handler in a recursive manner Unknown 0
ERROR - 2020-03-16 08:25:26 --> Severity: Warning --> session_write_close(): Failed to write session data using user defined save handler. (session.save_path: C:\xampp_new\tmp) Unknown 0
ERROR - 2020-03-16 12:55:28 --> 404 Page Not Found: 
ERROR - 2020-03-16 12:55:29 --> 404 Page Not Found: 
ERROR - 2020-03-16 12:55:29 --> 404 Page Not Found: 
ERROR - 2020-03-16 12:55:29 --> 404 Page Not Found: 
ERROR - 2020-03-16 12:55:29 --> 404 Page Not Found: 
ERROR - 2020-03-16 12:55:29 --> 404 Page Not Found: 
ERROR - 2020-03-16 12:55:30 --> 404 Page Not Found: 
ERROR - 2020-03-16 12:55:30 --> 404 Page Not Found: 
ERROR - 2020-03-16 12:55:36 --> 404 Page Not Found: 
ERROR - 2020-03-16 12:55:36 --> 404 Page Not Found: 
ERROR - 2020-03-16 12:55:37 --> 404 Page Not Found: 
ERROR - 2020-03-16 12:55:37 --> 404 Page Not Found: 
ERROR - 2020-03-16 12:55:38 --> 404 Page Not Found: 
ERROR - 2020-03-16 12:55:38 --> 404 Page Not Found: 
ERROR - 2020-03-16 12:55:38 --> 404 Page Not Found: 
ERROR - 2020-03-16 12:55:38 --> 404 Page Not Found: 
ERROR - 2020-03-16 12:55:39 --> 404 Page Not Found: 
ERROR - 2020-03-16 12:55:39 --> 404 Page Not Found: 
ERROR - 2020-03-16 12:55:39 --> 404 Page Not Found: 
ERROR - 2020-03-16 12:55:39 --> 404 Page Not Found: 
ERROR - 2020-03-16 12:55:39 --> 404 Page Not Found: 
ERROR - 2020-03-16 12:55:39 --> 404 Page Not Found: 
ERROR - 2020-03-16 12:55:39 --> 404 Page Not Found: 
ERROR - 2020-03-16 12:55:39 --> 404 Page Not Found: 
ERROR - 2020-03-16 12:55:39 --> 404 Page Not Found: 
ERROR - 2020-03-16 12:55:39 --> 404 Page Not Found: 
ERROR - 2020-03-16 12:55:40 --> 404 Page Not Found: 
ERROR - 2020-03-16 12:55:40 --> 404 Page Not Found: 
ERROR - 2020-03-16 12:55:40 --> 404 Page Not Found: 
ERROR - 2020-03-16 12:55:40 --> 404 Page Not Found: 
ERROR - 2020-03-16 12:55:40 --> 404 Page Not Found: 
ERROR - 2020-03-16 12:55:40 --> 404 Page Not Found: 
ERROR - 2020-03-16 12:55:40 --> 404 Page Not Found: 
ERROR - 2020-03-16 12:55:42 --> 404 Page Not Found: 
ERROR - 2020-03-16 12:58:09 --> 404 Page Not Found: 
ERROR - 2020-03-16 12:58:09 --> 404 Page Not Found: 
ERROR - 2020-03-16 12:58:10 --> 404 Page Not Found: 
ERROR - 2020-03-16 12:58:10 --> 404 Page Not Found: 
ERROR - 2020-03-16 12:58:11 --> 404 Page Not Found: 
ERROR - 2020-03-16 12:58:11 --> 404 Page Not Found: 
ERROR - 2020-03-16 12:58:12 --> 404 Page Not Found: 
ERROR - 2020-03-16 12:58:12 --> 404 Page Not Found: 
ERROR - 2020-03-16 12:58:12 --> 404 Page Not Found: 
ERROR - 2020-03-16 12:58:12 --> 404 Page Not Found: 
ERROR - 2020-03-16 12:58:12 --> 404 Page Not Found: 
ERROR - 2020-03-16 12:58:12 --> 404 Page Not Found: 
ERROR - 2020-03-16 12:58:12 --> 404 Page Not Found: 
ERROR - 2020-03-16 12:58:12 --> 404 Page Not Found: 
ERROR - 2020-03-16 12:58:12 --> 404 Page Not Found: 
ERROR - 2020-03-16 12:58:12 --> 404 Page Not Found: 
ERROR - 2020-03-16 12:58:15 --> 404 Page Not Found: 
ERROR - 2020-03-16 12:58:16 --> 404 Page Not Found: 
ERROR - 2020-03-16 12:58:16 --> 404 Page Not Found: 
ERROR - 2020-03-16 12:58:16 --> 404 Page Not Found: 
ERROR - 2020-03-16 12:58:16 --> 404 Page Not Found: 
ERROR - 2020-03-16 12:58:16 --> 404 Page Not Found: 
ERROR - 2020-03-16 12:58:16 --> 404 Page Not Found: 
ERROR - 2020-03-16 08:29:02 --> Query error: Lock wait timeout exceeded; try restarting transaction - Invalid query: DELETE FROM `ci_sessions`
WHERE `timestamp` < 1584336490
ERROR - 2020-03-16 08:29:02 --> Severity: Warning --> session_write_close(): Cannot call session save handler in a recursive manner Unknown 0
ERROR - 2020-03-16 08:29:02 --> Severity: Warning --> session_write_close(): Failed to write session data using user defined save handler. (session.save_path: C:\xampp_new\tmp) Unknown 0
ERROR - 2020-03-16 12:59:05 --> 404 Page Not Found: 
ERROR - 2020-03-16 12:59:05 --> 404 Page Not Found: 
ERROR - 2020-03-16 12:59:55 --> 404 Page Not Found: 
ERROR - 2020-03-16 12:59:55 --> 404 Page Not Found: 
ERROR - 2020-03-16 12:59:55 --> 404 Page Not Found: 
ERROR - 2020-03-16 12:59:56 --> 404 Page Not Found: 
ERROR - 2020-03-16 12:59:56 --> 404 Page Not Found: 
ERROR - 2020-03-16 12:59:56 --> 404 Page Not Found: 
ERROR - 2020-03-16 12:59:56 --> 404 Page Not Found: 
ERROR - 2020-03-16 12:59:56 --> 404 Page Not Found: 
ERROR - 2020-03-16 12:59:57 --> 404 Page Not Found: 
ERROR - 2020-03-16 12:59:57 --> 404 Page Not Found: 
ERROR - 2020-03-16 12:59:57 --> 404 Page Not Found: 
ERROR - 2020-03-16 12:59:58 --> 404 Page Not Found: 
ERROR - 2020-03-16 12:59:58 --> 404 Page Not Found: 
ERROR - 2020-03-16 12:59:58 --> 404 Page Not Found: 
ERROR - 2020-03-16 12:59:58 --> 404 Page Not Found: 
ERROR - 2020-03-16 12:59:58 --> 404 Page Not Found: 
ERROR - 2020-03-16 12:59:59 --> 404 Page Not Found: 
ERROR - 2020-03-16 13:00:01 --> 404 Page Not Found: 
ERROR - 2020-03-16 13:00:01 --> 404 Page Not Found: 
ERROR - 2020-03-16 13:00:01 --> 404 Page Not Found: 
ERROR - 2020-03-16 13:00:01 --> 404 Page Not Found: 
ERROR - 2020-03-16 13:00:02 --> 404 Page Not Found: 
ERROR - 2020-03-16 13:00:02 --> 404 Page Not Found: 
ERROR - 2020-03-16 13:00:02 --> 404 Page Not Found: 
ERROR - 2020-03-16 13:00:02 --> 404 Page Not Found: 
ERROR - 2020-03-16 13:00:02 --> 404 Page Not Found: 
ERROR - 2020-03-16 13:00:31 --> 404 Page Not Found: 
ERROR - 2020-03-16 13:00:31 --> 404 Page Not Found: 
ERROR - 2020-03-16 13:00:31 --> 404 Page Not Found: 
ERROR - 2020-03-16 13:00:32 --> 404 Page Not Found: 
ERROR - 2020-03-16 13:00:33 --> 404 Page Not Found: 
ERROR - 2020-03-16 13:00:33 --> 404 Page Not Found: 
ERROR - 2020-03-16 13:00:33 --> 404 Page Not Found: 
ERROR - 2020-03-16 13:00:33 --> 404 Page Not Found: 
ERROR - 2020-03-16 13:00:34 --> 404 Page Not Found: 
ERROR - 2020-03-16 13:00:34 --> 404 Page Not Found: 
ERROR - 2020-03-16 13:00:34 --> 404 Page Not Found: 
ERROR - 2020-03-16 13:00:34 --> 404 Page Not Found: 
ERROR - 2020-03-16 13:00:35 --> 404 Page Not Found: 
ERROR - 2020-03-16 13:00:35 --> 404 Page Not Found: 
ERROR - 2020-03-16 13:00:35 --> 404 Page Not Found: 
ERROR - 2020-03-16 13:00:35 --> 404 Page Not Found: 
ERROR - 2020-03-16 13:00:36 --> 404 Page Not Found: 
ERROR - 2020-03-16 13:00:36 --> 404 Page Not Found: 
ERROR - 2020-03-16 13:00:36 --> 404 Page Not Found: 
ERROR - 2020-03-16 13:00:36 --> 404 Page Not Found: 
ERROR - 2020-03-16 13:00:39 --> 404 Page Not Found: 
ERROR - 2020-03-16 13:00:40 --> 404 Page Not Found: 
ERROR - 2020-03-16 13:00:40 --> 404 Page Not Found: 
ERROR - 2020-03-16 13:00:40 --> 404 Page Not Found: 
ERROR - 2020-03-16 13:00:40 --> 404 Page Not Found: 
ERROR - 2020-03-16 13:00:40 --> 404 Page Not Found: 
ERROR - 2020-03-16 23:10:10 --> 404 Page Not Found: 
ERROR - 2020-03-16 23:10:58 --> 404 Page Not Found: 
