ERROR - 2020-03-19 00:15:40 --> 404 Page Not Found: 
ERROR - 2020-03-19 00:15:56 --> 404 Page Not Found: 
ERROR - 2020-03-19 00:18:22 --> 404 Page Not Found: 
ERROR - 2020-03-19 00:19:25 --> Severity: error --> Exception: syntax error, unexpected end of file F:\SDS\FBP.com\application\views\index.php 840
ERROR - 2020-03-19 00:19:43 --> Severity: error --> Exception: syntax error, unexpected end of file F:\SDS\FBP.com\application\views\index.php 839
ERROR - 2020-03-19 00:21:04 --> 404 Page Not Found: 
ERROR - 2020-03-19 00:22:31 --> 404 Page Not Found: 
ERROR - 2020-03-19 00:23:18 --> 404 Page Not Found: 
ERROR - 2020-03-19 00:25:45 --> Severity: Warning --> Invalid argument supplied for foreach() F:\SDS\FBP.com\application\views\index.php 160
ERROR - 2020-03-19 00:25:47 --> 404 Page Not Found: 
ERROR - 2020-03-19 00:27:58 --> 404 Page Not Found: 
ERROR - 2020-03-19 00:32:43 --> Severity: error --> Exception: Object of class stdClass could not be converted to string F:\SDS\FBP.com\application\views\index.php 172
ERROR - 2020-03-19 00:33:28 --> Severity: error --> Exception: Object of class stdClass could not be converted to string F:\SDS\FBP.com\application\views\index.php 180
ERROR - 2020-03-19 00:33:50 --> 404 Page Not Found: 
ERROR - 2020-03-19 00:34:36 --> 404 Page Not Found: 
ERROR - 2020-03-19 00:38:02 --> 404 Page Not Found: 
ERROR - 2020-03-19 00:38:13 --> 404 Page Not Found: 
ERROR - 2020-03-19 00:49:02 --> 404 Page Not Found: 
ERROR - 2020-03-19 00:49:51 --> 404 Page Not Found: 
ERROR - 2020-03-19 00:51:46 --> 404 Page Not Found: 
ERROR - 2020-03-19 00:54:38 --> 404 Page Not Found: 
ERROR - 2020-03-19 00:55:36 --> 404 Page Not Found: 
ERROR - 2020-03-19 00:57:59 --> 404 Page Not Found: 
ERROR - 2020-03-19 00:59:29 --> 404 Page Not Found: 
ERROR - 2020-03-19 01:00:55 --> 404 Page Not Found: 
ERROR - 2020-03-19 01:02:01 --> Severity: error --> Exception: syntax error, unexpected 'foreach' (T_FOREACH) F:\SDS\FBP.com\application\views\index.php 161
ERROR - 2020-03-19 01:03:44 --> Severity: error --> Exception: syntax error, unexpected 'if' (T_IF), expecting ';' or ',' F:\SDS\FBP.com\application\views\index.php 164
ERROR - 2020-03-19 01:07:57 --> 404 Page Not Found: 
ERROR - 2020-03-19 01:09:45 --> 404 Page Not Found: 
ERROR - 2020-03-19 01:14:32 --> 404 Page Not Found: 
ERROR - 2020-03-19 01:15:27 --> 404 Page Not Found: 
ERROR - 2020-03-19 01:21:15 --> 404 Page Not Found: 
ERROR - 2020-03-19 10:08:01 --> 404 Page Not Found: 
