ERROR - 2019-03-18 00:21:23 --> 404 Page Not Found: 
ERROR - 2019-03-18 01:34:55 --> 404 Page Not Found: 
ERROR - 2019-03-18 02:38:46 --> 404 Page Not Found: 
ERROR - 2019-03-18 11:46:48 --> Severity: Warning --> Division by zero /home/fullbasketproper/public_html/application/core/Public_Controller.php 47
ERROR - 2019-03-18 12:22:33 --> Severity: Warning --> include(/home/fullbasketproper/public_html/system/language/english/achievements_lang.php): failed to open stream: No such file or directory /home/fullbasketproper/public_html/application/core/MY_Lang.php 112
ERROR - 2019-03-18 12:22:33 --> Severity: Warning --> include(): Failed opening '/home/fullbasketproper/public_html/system/language/english/achievements_lang.php' for inclusion (include_path='.:/opt/cpanel/ea-php56/root/usr/share/pear') /home/fullbasketproper/public_html/application/core/MY_Lang.php 112
ERROR - 2019-03-18 12:22:33 --> Language file contains no data: language/english/achievements_lang.php
ERROR - 2019-03-18 12:22:33 --> Could not find the language line "achievements title achievements"
ERROR - 2019-03-18 12:22:47 --> Severity: Warning --> include(/home/fullbasketproper/public_html/system/language/english/achievements_lang.php): failed to open stream: No such file or directory /home/fullbasketproper/public_html/application/core/MY_Lang.php 112
ERROR - 2019-03-18 12:22:47 --> Severity: Warning --> include(): Failed opening '/home/fullbasketproper/public_html/system/language/english/achievements_lang.php' for inclusion (include_path='.:/opt/cpanel/ea-php56/root/usr/share/pear') /home/fullbasketproper/public_html/application/core/MY_Lang.php 112
ERROR - 2019-03-18 12:22:47 --> Language file contains no data: language/english/achievements_lang.php
ERROR - 2019-03-18 12:22:47 --> Could not find the language line "achievements title addAchievement"
ERROR - 2019-03-18 12:32:59 --> 404 Page Not Found: 
ERROR - 2019-03-18 12:33:49 --> Severity: Warning --> Division by zero /home/fullbasketproper/public_html/application/core/Public_Controller.php 47
ERROR - 2019-03-18 12:39:03 --> 404 Page Not Found: 
ERROR - 2019-03-18 12:47:31 --> 404 Page Not Found: 
ERROR - 2019-03-18 12:48:21 --> 404 Page Not Found: 
ERROR - 2019-03-18 13:09:35 --> 404 Page Not Found: 
ERROR - 2019-03-18 14:15:51 --> 404 Page Not Found: 
ERROR - 2019-03-18 14:16:45 --> 404 Page Not Found: 
ERROR - 2019-03-18 15:37:02 --> 404 Page Not Found: 
ERROR - 2019-03-18 15:39:03 --> Severity: Warning --> Division by zero /home/fullbasketproper/public_html/application/core/Public_Controller.php 47
ERROR - 2019-03-18 15:39:12 --> Severity: Warning --> Division by zero /home/fullbasketproper/public_html/application/core/Public_Controller.php 47
ERROR - 2019-03-18 16:07:37 --> 404 Page Not Found: 
ERROR - 2019-03-18 16:07:55 --> 404 Page Not Found: 
ERROR - 2019-03-18 17:14:20 --> 404 Page Not Found: 
ERROR - 2019-03-18 17:14:56 --> 404 Page Not Found: 
ERROR - 2019-03-18 17:19:05 --> 404 Page Not Found: 
ERROR - 2019-03-18 17:22:20 --> 404 Page Not Found: 
ERROR - 2019-03-18 17:27:24 --> 404 Page Not Found: 
ERROR - 2019-03-18 17:27:41 --> 404 Page Not Found: 
ERROR - 2019-03-18 17:28:15 --> 404 Page Not Found: 
ERROR - 2019-03-18 17:29:58 --> 404 Page Not Found: 
ERROR - 2019-03-18 20:50:55 --> 404 Page Not Found: 
ERROR - 2019-03-18 20:50:56 --> 404 Page Not Found: 
ERROR - 2019-03-18 20:50:56 --> 404 Page Not Found: 
ERROR - 2019-03-18 20:50:56 --> 404 Page Not Found: 
ERROR - 2019-03-18 20:50:56 --> 404 Page Not Found: 
ERROR - 2019-03-18 20:59:27 --> 404 Page Not Found: 
ERROR - 2019-03-18 20:59:27 --> 404 Page Not Found: 
ERROR - 2019-03-18 21:25:10 --> 404 Page Not Found: 
ERROR - 2019-03-18 21:30:40 --> 404 Page Not Found: 
ERROR - 2019-03-18 21:59:14 --> 404 Page Not Found: 
ERROR - 2019-03-18 22:03:55 --> 404 Page Not Found: 
ERROR - 2019-03-18 22:17:39 --> 404 Page Not Found: 
ERROR - 2019-03-18 22:41:29 --> 404 Page Not Found: 
ERROR - 2019-03-18 23:20:40 --> 404 Page Not Found: 
ERROR - 2019-03-18 23:44:34 --> 404 Page Not Found: 
ERROR - 2019-03-18 23:58:08 --> 404 Page Not Found: 
