ERROR - 2020-03-13 07:06:53 --> Severity: Warning --> mysqli::real_connect(): (HY000/1049): Unknown database 'nkmtein_fullbasket_new' F:\FBP.com\system\database\drivers\mysqli\mysqli_driver.php 201
ERROR - 2020-03-13 07:06:54 --> Unable to connect to the database
ERROR - 2020-03-13 07:06:54 --> Severity: Warning --> mysqli::real_connect(): (HY000/1049): Unknown database 'nkmtein_fullbasket_new' F:\FBP.com\system\database\drivers\mysqli\mysqli_driver.php 201
ERROR - 2020-03-13 07:06:54 --> Unable to connect to the database
ERROR - 2020-03-13 11:12:36 --> Severity: Warning --> mysqli::real_connect(): (HY000/1049): Unknown database 'nkmtein_fullbasket_new' F:\FBP.com\system\database\drivers\mysqli\mysqli_driver.php 201
ERROR - 2020-03-13 11:12:36 --> Unable to connect to the database
ERROR - 2020-03-13 11:12:37 --> Severity: Warning --> mysqli::real_connect(): (HY000/1049): Unknown database 'nkmtein_fullbasket_new' F:\FBP.com\system\database\drivers\mysqli\mysqli_driver.php 201
ERROR - 2020-03-13 11:12:37 --> Unable to connect to the database
ERROR - 2020-03-13 11:13:50 --> Query error: Table 'nkmtein_fullbasket_new.settings' doesn't exist - Invalid query: 
            SELECT *
            FROM settings
            ORDER BY sort_order ASC
        
ERROR - 2020-03-13 11:13:54 --> Query error: Table 'nkmtein_fullbasket_new.settings' doesn't exist - Invalid query: 
            SELECT *
            FROM settings
            ORDER BY sort_order ASC
        
ERROR - 2020-03-13 11:14:45 --> Severity: Warning --> Unknown: Cannot call session save handler in a recursive manner Unknown 0
ERROR - 2020-03-13 11:14:45 --> Severity: Warning --> Unknown: Failed to write session data using user defined save handler. (session.save_path: C:\xampp_new\tmp) Unknown 0
ERROR - 2020-03-13 11:14:45 --> Severity: Error --> Maximum execution time of 30 seconds exceeded F:\FBP.com\system\database\drivers\mysqli\mysqli_driver.php 305
ERROR - 2020-03-13 11:14:45 --> Severity: Warning --> Unknown: Cannot call session save handler in a recursive manner Unknown 0
ERROR - 2020-03-13 11:14:45 --> Severity: Warning --> Unknown: Failed to write session data using user defined save handler. (session.save_path: C:\xampp_new\tmp) Unknown 0
ERROR - 2020-03-13 11:15:00 --> Query error: Table 'nkmtein_fullbasket_new.settings' doesn't exist - Invalid query: 
            SELECT *
            FROM settings
            ORDER BY sort_order ASC
        
ERROR - 2020-03-13 11:15:30 --> Severity: Warning --> Unknown: Cannot call session save handler in a recursive manner Unknown 0
ERROR - 2020-03-13 11:15:30 --> Severity: Warning --> Unknown: Failed to write session data using user defined save handler. (session.save_path: C:\xampp_new\tmp) Unknown 0
ERROR - 2020-03-13 15:46:27 --> Severity: Warning --> Unknown: Cannot call session save handler in a recursive manner Unknown 0
ERROR - 2020-03-13 15:46:27 --> Severity: Warning --> Unknown: Failed to write session data using user defined save handler. (session.save_path: C:\xampp_new\tmp) Unknown 0
ERROR - 2020-03-13 11:16:49 --> Severity: Error --> Maximum execution time of 30 seconds exceeded F:\FBP.com\system\database\drivers\mysqli\mysqli_driver.php 305
ERROR - 2020-03-13 11:16:49 --> Severity: Warning --> Unknown: Cannot call session save handler in a recursive manner Unknown 0
ERROR - 2020-03-13 11:16:49 --> Severity: Warning --> Unknown: Failed to write session data using user defined save handler. (session.save_path: C:\xampp_new\tmp) Unknown 0
ERROR - 2020-03-13 11:16:49 --> Severity: Error --> Maximum execution time of 30 seconds exceeded F:\FBP.com\system\database\drivers\mysqli\mysqli_driver.php 305
ERROR - 2020-03-13 11:16:49 --> Severity: Warning --> Unknown: Cannot call session save handler in a recursive manner Unknown 0
ERROR - 2020-03-13 11:16:49 --> Severity: Warning --> Unknown: Failed to write session data using user defined save handler. (session.save_path: C:\xampp_new\tmp) Unknown 0
ERROR - 2020-03-13 11:16:49 --> Severity: Error --> Maximum execution time of 30 seconds exceeded F:\FBP.com\system\database\drivers\mysqli\mysqli_driver.php 305
ERROR - 2020-03-13 11:16:49 --> Severity: Warning --> Unknown: Cannot call session save handler in a recursive manner Unknown 0
ERROR - 2020-03-13 11:16:49 --> Severity: Warning --> Unknown: Failed to write session data using user defined save handler. (session.save_path: C:\xampp_new\tmp) Unknown 0
ERROR - 2020-03-13 11:16:49 --> Severity: Error --> Maximum execution time of 30 seconds exceeded F:\FBP.com\system\database\drivers\mysqli\mysqli_driver.php 305
ERROR - 2020-03-13 11:16:49 --> Severity: Warning --> Unknown: Cannot call session save handler in a recursive manner Unknown 0
ERROR - 2020-03-13 11:16:49 --> Severity: Warning --> Unknown: Failed to write session data using user defined save handler. (session.save_path: C:\xampp_new\tmp) Unknown 0
ERROR - 2020-03-13 11:16:49 --> Severity: Error --> Maximum execution time of 30 seconds exceeded F:\FBP.com\system\database\drivers\mysqli\mysqli_driver.php 305
ERROR - 2020-03-13 11:16:50 --> Severity: Warning --> Unknown: Cannot call session save handler in a recursive manner Unknown 0
ERROR - 2020-03-13 11:16:50 --> Severity: Warning --> Unknown: Failed to write session data using user defined save handler. (session.save_path: C:\xampp_new\tmp) Unknown 0
ERROR - 2020-03-13 11:17:05 --> Severity: Error --> Maximum execution time of 30 seconds exceeded F:\FBP.com\system\database\drivers\mysqli\mysqli_driver.php 305
ERROR - 2020-03-13 11:17:05 --> Severity: Warning --> Unknown: Cannot call session save handler in a recursive manner Unknown 0
ERROR - 2020-03-13 11:17:05 --> Severity: Warning --> Unknown: Failed to write session data using user defined save handler. (session.save_path: C:\xampp_new\tmp) Unknown 0
ERROR - 2020-03-13 11:17:50 --> Severity: Error --> Maximum execution time of 30 seconds exceeded F:\FBP.com\system\database\drivers\mysqli\mysqli_driver.php 305
ERROR - 2020-03-13 11:17:50 --> Severity: Warning --> Unknown: Cannot call session save handler in a recursive manner Unknown 0
ERROR - 2020-03-13 11:17:50 --> Severity: Warning --> Unknown: Failed to write session data using user defined save handler. (session.save_path: C:\xampp_new\tmp) Unknown 0
ERROR - 2020-03-13 11:17:50 --> Severity: Error --> Maximum execution time of 30 seconds exceeded F:\FBP.com\system\database\drivers\mysqli\mysqli_driver.php 305
ERROR - 2020-03-13 11:17:50 --> Severity: Warning --> Unknown: Cannot call session save handler in a recursive manner Unknown 0
ERROR - 2020-03-13 11:17:50 --> Severity: Warning --> Unknown: Failed to write session data using user defined save handler. (session.save_path: C:\xampp_new\tmp) Unknown 0
ERROR - 2020-03-13 11:17:50 --> Severity: Error --> Maximum execution time of 30 seconds exceeded F:\FBP.com\system\database\drivers\mysqli\mysqli_driver.php 305
ERROR - 2020-03-13 11:17:50 --> Severity: Warning --> Unknown: Cannot call session save handler in a recursive manner Unknown 0
ERROR - 2020-03-13 11:17:50 --> Severity: Warning --> Unknown: Failed to write session data using user defined save handler. (session.save_path: C:\xampp_new\tmp) Unknown 0
ERROR - 2020-03-13 11:17:50 --> Severity: Error --> Maximum execution time of 30 seconds exceeded F:\FBP.com\system\database\drivers\mysqli\mysqli_driver.php 305
ERROR - 2020-03-13 11:17:50 --> Severity: Warning --> Unknown: Cannot call session save handler in a recursive manner Unknown 0
ERROR - 2020-03-13 11:17:50 --> Severity: Warning --> Unknown: Failed to write session data using user defined save handler. (session.save_path: C:\xampp_new\tmp) Unknown 0
ERROR - 2020-03-13 11:17:50 --> Severity: Error --> Maximum execution time of 30 seconds exceeded F:\FBP.com\system\database\drivers\mysqli\mysqli_driver.php 305
ERROR - 2020-03-13 11:17:50 --> Severity: Warning --> Unknown: Cannot call session save handler in a recursive manner Unknown 0
ERROR - 2020-03-13 11:17:50 --> Severity: Warning --> Unknown: Failed to write session data using user defined save handler. (session.save_path: C:\xampp_new\tmp) Unknown 0
ERROR - 2020-03-13 11:17:50 --> Severity: Error --> Maximum execution time of 30 seconds exceeded F:\FBP.com\system\database\drivers\mysqli\mysqli_driver.php 305
ERROR - 2020-03-13 11:17:50 --> Severity: Warning --> Unknown: Cannot call session save handler in a recursive manner Unknown 0
ERROR - 2020-03-13 11:17:50 --> Severity: Warning --> Unknown: Failed to write session data using user defined save handler. (session.save_path: C:\xampp_new\tmp) Unknown 0
ERROR - 2020-03-13 11:21:14 --> Query error: Table 'nkmtein_fullbasket_new.settings' doesn't exist - Invalid query: 
            SELECT *
            FROM settings
            ORDER BY sort_order ASC
        
ERROR - 2020-03-13 11:21:16 --> Query error: Table 'nkmtein_fullbasket_new.settings' doesn't exist - Invalid query: 
            SELECT *
            FROM settings
            ORDER BY sort_order ASC
        
ERROR - 2020-03-13 11:22:07 --> Query error: Lock wait timeout exceeded; try restarting transaction - Invalid query: UPDATE `ci_sessions` SET `timestamp` = 1584094876
WHERE `id` = 'fm3p28s596lflvpl6hipcqmv80v2u25s'
ERROR - 2020-03-13 11:22:07 --> Severity: Warning --> Unknown: Cannot call session save handler in a recursive manner Unknown 0
ERROR - 2020-03-13 11:22:07 --> Severity: Warning --> Unknown: Failed to write session data using user defined save handler. (session.save_path: C:\xampp_new\tmp) Unknown 0
ERROR - 2020-03-13 11:22:17 --> Query error: Table 'nkmtein_fullbasket_new.settings' doesn't exist - Invalid query: 
            SELECT *
            FROM settings
            ORDER BY sort_order ASC
        
ERROR - 2020-03-13 11:23:19 --> Query error: Table 'nkmtein_fullbasket_new.settings' doesn't exist - Invalid query: 
            SELECT *
            FROM settings
            ORDER BY sort_order ASC
        
ERROR - 2020-03-13 15:59:00 --> 404 Page Not Found: 
ERROR - 2020-03-13 15:59:02 --> 404 Page Not Found: 
ERROR - 2020-03-13 15:59:02 --> 404 Page Not Found: 
ERROR - 2020-03-13 15:59:02 --> 404 Page Not Found: 
ERROR - 2020-03-13 15:59:03 --> 404 Page Not Found: 
ERROR - 2020-03-13 15:59:03 --> 404 Page Not Found: 
ERROR - 2020-03-13 15:59:03 --> 404 Page Not Found: 
ERROR - 2020-03-13 15:59:08 --> 404 Page Not Found: 
ERROR - 2020-03-13 15:59:08 --> 404 Page Not Found: 
ERROR - 2020-03-13 15:59:08 --> 404 Page Not Found: 
ERROR - 2020-03-13 15:59:08 --> 404 Page Not Found: 
ERROR - 2020-03-13 15:59:10 --> 404 Page Not Found: 
ERROR - 2020-03-13 15:59:10 --> 404 Page Not Found: 
ERROR - 2020-03-13 15:59:10 --> 404 Page Not Found: 
ERROR - 2020-03-13 15:59:10 --> 404 Page Not Found: 
ERROR - 2020-03-13 15:59:10 --> 404 Page Not Found: 
ERROR - 2020-03-13 15:59:10 --> 404 Page Not Found: 
ERROR - 2020-03-13 15:59:10 --> 404 Page Not Found: 
ERROR - 2020-03-13 15:59:10 --> 404 Page Not Found: 
ERROR - 2020-03-13 15:59:10 --> 404 Page Not Found: 
ERROR - 2020-03-13 15:59:11 --> 404 Page Not Found: 
ERROR - 2020-03-13 15:59:11 --> 404 Page Not Found: 
ERROR - 2020-03-13 15:59:11 --> 404 Page Not Found: 
ERROR - 2020-03-13 15:59:11 --> 404 Page Not Found: 
ERROR - 2020-03-13 15:59:11 --> 404 Page Not Found: 
ERROR - 2020-03-13 15:59:11 --> 404 Page Not Found: 
ERROR - 2020-03-13 16:06:19 --> 404 Page Not Found: 
ERROR - 2020-03-13 16:06:20 --> 404 Page Not Found: 
ERROR - 2020-03-13 16:06:20 --> 404 Page Not Found: 
ERROR - 2020-03-13 16:06:20 --> 404 Page Not Found: 
ERROR - 2020-03-13 16:06:20 --> 404 Page Not Found: 
ERROR - 2020-03-13 16:06:20 --> 404 Page Not Found: 
ERROR - 2020-03-13 16:06:20 --> 404 Page Not Found: 
ERROR - 2020-03-13 16:06:20 --> 404 Page Not Found: 
ERROR - 2020-03-13 16:06:20 --> 404 Page Not Found: 
ERROR - 2020-03-13 16:06:21 --> 404 Page Not Found: 
ERROR - 2020-03-13 16:06:22 --> 404 Page Not Found: 
ERROR - 2020-03-13 16:06:22 --> 404 Page Not Found: 
ERROR - 2020-03-13 16:06:22 --> 404 Page Not Found: 
ERROR - 2020-03-13 16:06:22 --> 404 Page Not Found: 
ERROR - 2020-03-13 16:06:22 --> 404 Page Not Found: 
ERROR - 2020-03-13 16:06:22 --> 404 Page Not Found: 
ERROR - 2020-03-13 16:06:23 --> 404 Page Not Found: 
ERROR - 2020-03-13 16:06:23 --> 404 Page Not Found: 
ERROR - 2020-03-13 16:06:23 --> 404 Page Not Found: 
ERROR - 2020-03-13 16:06:23 --> 404 Page Not Found: 
ERROR - 2020-03-13 16:06:23 --> 404 Page Not Found: 
ERROR - 2020-03-13 16:06:23 --> 404 Page Not Found: 
ERROR - 2020-03-13 16:06:23 --> 404 Page Not Found: 
ERROR - 2020-03-13 16:06:23 --> 404 Page Not Found: 
ERROR - 2020-03-13 16:06:23 --> 404 Page Not Found: 
ERROR - 2020-03-13 16:06:23 --> 404 Page Not Found: 
