ERROR - 2018-10-12 03:15:15 --> 404 Page Not Found: 
ERROR - 2018-10-12 03:25:11 --> 404 Page Not Found: 
ERROR - 2018-10-12 03:55:18 --> 404 Page Not Found: 
ERROR - 2018-10-12 06:03:51 --> 404 Page Not Found: 
ERROR - 2018-10-12 07:03:59 --> 404 Page Not Found: 
ERROR - 2018-10-12 07:21:14 --> 404 Page Not Found: 
ERROR - 2018-10-12 09:39:39 --> 404 Page Not Found: 
ERROR - 2018-10-12 11:08:39 --> 404 Page Not Found: 
ERROR - 2018-10-12 11:40:39 --> 404 Page Not Found: 
ERROR - 2018-10-12 12:24:22 --> 404 Page Not Found: 
ERROR - 2018-10-12 12:27:03 --> 404 Page Not Found: 
ERROR - 2018-10-12 12:48:24 --> 404 Page Not Found: 
ERROR - 2018-10-12 13:10:59 --> Severity: Warning --> Unknown: Failed to write session data (user). Please verify that the current setting of session.save_path is correct (ci_sessions) Unknown 0
ERROR - 2018-10-12 13:16:05 --> Severity: Warning --> Unknown: Failed to write session data (user). Please verify that the current setting of session.save_path is correct (ci_sessions) Unknown 0
ERROR - 2018-10-12 13:40:32 --> Severity: Warning --> Unknown: Failed to write session data (user). Please verify that the current setting of session.save_path is correct (ci_sessions) Unknown 0
ERROR - 2018-10-12 13:40:42 --> Query error: Duplicate entry 'dljas954k03ar8bu23nn9tha4lb8q9k9' for key 'PRIMARY' - Invalid query: INSERT INTO `ci_sessions` (`id`, `ip_address`, `timestamp`, `data`) VALUES ('dljas954k03ar8bu23nn9tha4lb8q9k9', '106.51.67.54', 1539331842, '__ci_last_regenerate|i:1539331841;languages|a:7:{s:7:\"spanish\";s:7:\"Spanish\";s:7:\"turkish\";s:7:\"Turkish\";s:7:\"russian\";s:7:\"Russian\";s:10:\"indonesian\";s:10:\"Indonesian\";s:5:\"dutch\";s:5:\"Dutch\";s:18:\"simplified-chinese\";s:18:\"Simplified Chinese\";s:7:\"english\";s:7:\"English\";}language|s:7:\"english\";logged_in|a:10:{s:2:\"id\";s:1:\"7\";s:8:\"username\";s:6:\"nitish\";s:10:\"first_name\";s:6:\"Nitish\";s:9:\"last_name\";s:5:\"Kedia\";s:5:\"email\";s:29:\"nitish@fullbasketproperty.com\";s:8:\"language\";s:7:\"english\";s:8:\"is_admin\";s:1:\"1\";s:6:\"status\";s:1:\"1\";s:7:\"created\";s:19:\"2018-01-10 05:08:50\";s:7:\"updated\";s:19:\"2018-01-10 05:10:37\";}')
ERROR - 2018-10-12 13:40:42 --> Severity: Warning --> Cannot modify header information - headers already sent by (output started at /home/nkmtein/public_html/fullbasketproperty.com/system/core/Output.php:538) /home/nkmtein/public_html/fullbasketproperty.com/system/core/Common.php 564
ERROR - 2018-10-12 14:50:15 --> Severity: Warning --> Division by zero /home/nkmtein/public_html/fullbasketproperty.com/application/core/Public_Controller.php 47
ERROR - 2018-10-12 14:50:19 --> 404 Page Not Found: 
ERROR - 2018-10-12 15:05:58 --> 404 Page Not Found: 
ERROR - 2018-10-12 15:06:34 --> 404 Page Not Found: 
ERROR - 2018-10-12 17:15:18 --> 404 Page Not Found: 
ERROR - 2018-10-12 19:53:19 --> 404 Page Not Found: 
ERROR - 2018-10-12 20:50:58 --> 404 Page Not Found: 
ERROR - 2018-10-12 20:51:17 --> 404 Page Not Found: 
ERROR - 2018-10-12 21:18:55 --> 404 Page Not Found: 
ERROR - 2018-10-12 21:56:49 --> 404 Page Not Found: 
ERROR - 2018-10-12 22:09:50 --> 404 Page Not Found: 
