ERROR - 2018-05-04 00:47:22 --> 404 Page Not Found: 
ERROR - 2018-05-04 02:10:32 --> 404 Page Not Found: 
ERROR - 2018-05-04 03:49:00 --> Query error: You have an error in your SQL syntax; check the manual that corresponds to your MySQL server version for the right syntax to use near '-10, 10' at line 11 - Invalid query: SELECT DISTINCT `p`.*, `c`.`name` as `city_name`, `ps`.`name` as `property_status`, `pt`.`name` as `prop_type`, `b`.`name` as `builder`, `l`.`name` as `location`
FROM `properties` `p`
LEFT JOIN `cities` `c` ON `p`.`city_id` = `c`.`id`
LEFT JOIN `builders` `b` ON `p`.`builder_id` = `b`.`id`
LEFT JOIN `locations` `l` ON `p`.`location_id` = `l`.`id`
LEFT JOIN `property_types` `pt` ON `p`.`property_type_id` = `pt`.`id`
LEFT JOIN `property_status` `ps` ON `p`.`property_status_id` = `ps`.`id`
LEFT JOIN `property_amenities` `pa` ON `pa`.`property_id` = `p`.`id`
WHERE `p`.`status` = 1
ORDER BY `p`.`id` DESC
 LIMIT -10, 10
ERROR - 2018-05-04 03:49:03 --> Query error: You have an error in your SQL syntax; check the manual that corresponds to your MySQL server version for the right syntax to use near '-10, 10' at line 11 - Invalid query: SELECT DISTINCT `p`.*, `c`.`name` as `city_name`, `ps`.`name` as `property_status`, `pt`.`name` as `prop_type`, `b`.`name` as `builder`, `l`.`name` as `location`
FROM `properties` `p`
LEFT JOIN `cities` `c` ON `p`.`city_id` = `c`.`id`
LEFT JOIN `builders` `b` ON `p`.`builder_id` = `b`.`id`
LEFT JOIN `locations` `l` ON `p`.`location_id` = `l`.`id`
LEFT JOIN `property_types` `pt` ON `p`.`property_type_id` = `pt`.`id`
LEFT JOIN `property_status` `ps` ON `p`.`property_status_id` = `ps`.`id`
LEFT JOIN `property_amenities` `pa` ON `pa`.`property_id` = `p`.`id`
WHERE `p`.`status` = 1
ORDER BY `p`.`id` DESC
 LIMIT -10, 10
ERROR - 2018-05-04 07:19:47 --> Query error: You have an error in your SQL syntax; check the manual that corresponds to your MySQL server version for the right syntax to use near '-10, 10' at line 11 - Invalid query: SELECT DISTINCT `p`.*, `c`.`name` as `city_name`, `ps`.`name` as `property_status`, `pt`.`name` as `prop_type`, `b`.`name` as `builder`, `l`.`name` as `location`
FROM `properties` `p`
LEFT JOIN `cities` `c` ON `p`.`city_id` = `c`.`id`
LEFT JOIN `builders` `b` ON `p`.`builder_id` = `b`.`id`
LEFT JOIN `locations` `l` ON `p`.`location_id` = `l`.`id`
LEFT JOIN `property_types` `pt` ON `p`.`property_type_id` = `pt`.`id`
LEFT JOIN `property_status` `ps` ON `p`.`property_status_id` = `ps`.`id`
LEFT JOIN `property_amenities` `pa` ON `pa`.`property_id` = `p`.`id`
WHERE `p`.`status` = 1
ORDER BY `p`.`id` DESC
 LIMIT -10, 10
ERROR - 2018-05-04 07:19:50 --> Query error: You have an error in your SQL syntax; check the manual that corresponds to your MySQL server version for the right syntax to use near '-10, 10' at line 11 - Invalid query: SELECT DISTINCT `p`.*, `c`.`name` as `city_name`, `ps`.`name` as `property_status`, `pt`.`name` as `prop_type`, `b`.`name` as `builder`, `l`.`name` as `location`
FROM `properties` `p`
LEFT JOIN `cities` `c` ON `p`.`city_id` = `c`.`id`
LEFT JOIN `builders` `b` ON `p`.`builder_id` = `b`.`id`
LEFT JOIN `locations` `l` ON `p`.`location_id` = `l`.`id`
LEFT JOIN `property_types` `pt` ON `p`.`property_type_id` = `pt`.`id`
LEFT JOIN `property_status` `ps` ON `p`.`property_status_id` = `ps`.`id`
LEFT JOIN `property_amenities` `pa` ON `pa`.`property_id` = `p`.`id`
WHERE `p`.`status` = 1
ORDER BY `p`.`id` DESC
 LIMIT -10, 10
ERROR - 2018-05-04 10:41:25 --> 404 Page Not Found: 
ERROR - 2018-05-04 14:24:51 --> 404 Page Not Found: 
ERROR - 2018-05-04 15:45:22 --> 404 Page Not Found: 
ERROR - 2018-05-04 15:45:25 --> 404 Page Not Found: 
ERROR - 2018-05-04 16:17:13 --> 404 Page Not Found: 
ERROR - 2018-05-04 16:36:20 --> 404 Page Not Found: 
ERROR - 2018-05-04 16:36:22 --> 404 Page Not Found: 
ERROR - 2018-05-04 16:36:22 --> 404 Page Not Found: 
ERROR - 2018-05-04 16:36:22 --> 404 Page Not Found: 
ERROR - 2018-05-04 16:36:23 --> 404 Page Not Found: 
ERROR - 2018-05-04 16:36:24 --> 404 Page Not Found: 
ERROR - 2018-05-04 16:36:24 --> 404 Page Not Found: 
ERROR - 2018-05-04 16:54:40 --> Severity: Warning --> str_replace() expects at least 3 parameters, 1 given /home/nkmtein/public_html/fullbasketproperty.com/application/views/property-design.php 8
ERROR - 2018-05-04 16:54:48 --> Severity: Warning --> str_replace() expects at least 3 parameters, 1 given /home/nkmtein/public_html/fullbasketproperty.com/application/views/property-design.php 8
ERROR - 2018-05-04 16:54:52 --> Severity: Warning --> str_replace() expects at least 3 parameters, 1 given /home/nkmtein/public_html/fullbasketproperty.com/application/views/property-design.php 8
ERROR - 2018-05-04 16:55:44 --> Severity: Parsing Error --> syntax error, unexpected ')', expecting ',' or ';' /home/nkmtein/public_html/fullbasketproperty.com/application/views/property-design.php 8
ERROR - 2018-05-04 16:55:47 --> Severity: Parsing Error --> syntax error, unexpected ')', expecting ',' or ';' /home/nkmtein/public_html/fullbasketproperty.com/application/views/property-design.php 8
ERROR - 2018-05-04 16:55:50 --> Severity: Parsing Error --> syntax error, unexpected ')', expecting ',' or ';' /home/nkmtein/public_html/fullbasketproperty.com/application/views/property-design.php 8
ERROR - 2018-05-04 16:56:27 --> Severity: Warning --> str_replace() expects at least 3 parameters, 2 given /home/nkmtein/public_html/fullbasketproperty.com/application/views/property-design.php 8
ERROR - 2018-05-04 16:57:12 --> Severity: Parsing Error --> syntax error, unexpected 'substr' (T_STRING) /home/nkmtein/public_html/fullbasketproperty.com/application/views/property-design.php 8
ERROR - 2018-05-04 16:57:15 --> Severity: Parsing Error --> syntax error, unexpected 'substr' (T_STRING) /home/nkmtein/public_html/fullbasketproperty.com/application/views/property-design.php 8
ERROR - 2018-05-04 16:57:28 --> Severity: Parsing Error --> syntax error, unexpected '' ?>"/>' (T_CONSTANT_ENCAPSED_STRING) /home/nkmtein/public_html/fullbasketproperty.com/application/views/property-design.php 19
ERROR - 2018-05-04 16:57:28 --> Severity: Parsing Error --> syntax error, unexpected '' ?>"/>' (T_CONSTANT_ENCAPSED_STRING) /home/nkmtein/public_html/fullbasketproperty.com/application/views/property-design.php 19
ERROR - 2018-05-04 16:57:32 --> Severity: Parsing Error --> syntax error, unexpected '' ?>"/>' (T_CONSTANT_ENCAPSED_STRING) /home/nkmtein/public_html/fullbasketproperty.com/application/views/property-design.php 19
ERROR - 2018-05-04 16:58:13 --> Severity: Parsing Error --> syntax error, unexpected '','' (T_CONSTANT_ENCAPSED_STRING) /home/nkmtein/public_html/fullbasketproperty.com/application/views/property-design.php 8
ERROR - 2018-05-04 16:58:16 --> Severity: Parsing Error --> syntax error, unexpected '','' (T_CONSTANT_ENCAPSED_STRING) /home/nkmtein/public_html/fullbasketproperty.com/application/views/property-design.php 8
ERROR - 2018-05-04 17:00:11 --> Severity: Parsing Error --> syntax error, unexpected '' ?>"/>' (T_CONSTANT_ENCAPSED_STRING) /home/nkmtein/public_html/fullbasketproperty.com/application/views/property-design.php 19
ERROR - 2018-05-04 17:00:29 --> Severity: Parsing Error --> syntax error, unexpected '''' (T_CONSTANT_ENCAPSED_STRING) /home/nkmtein/public_html/fullbasketproperty.com/application/views/property-design.php 8
ERROR - 2018-05-04 17:00:33 --> Severity: Parsing Error --> syntax error, unexpected '''' (T_CONSTANT_ENCAPSED_STRING) /home/nkmtein/public_html/fullbasketproperty.com/application/views/property-design.php 8
ERROR - 2018-05-04 17:00:53 --> Severity: Parsing Error --> syntax error, unexpected 'substr' (T_STRING) /home/nkmtein/public_html/fullbasketproperty.com/application/views/property-design.php 8
ERROR - 2018-05-04 17:01:01 --> Severity: Parsing Error --> syntax error, unexpected 'substr' (T_STRING) /home/nkmtein/public_html/fullbasketproperty.com/application/views/property-design.php 8
ERROR - 2018-05-04 17:01:04 --> Severity: Parsing Error --> syntax error, unexpected 'substr' (T_STRING) /home/nkmtein/public_html/fullbasketproperty.com/application/views/property-design.php 8
ERROR - 2018-05-04 17:01:06 --> Severity: Parsing Error --> syntax error, unexpected 'substr' (T_STRING) /home/nkmtein/public_html/fullbasketproperty.com/application/views/property-design.php 8
ERROR - 2018-05-04 17:01:09 --> Severity: Parsing Error --> syntax error, unexpected 'substr' (T_STRING) /home/nkmtein/public_html/fullbasketproperty.com/application/views/property-design.php 8
ERROR - 2018-05-04 17:18:32 --> Severity: Parsing Error --> syntax error, unexpected '','' (T_CONSTANT_ENCAPSED_STRING) /home/nkmtein/public_html/fullbasketproperty.com/application/views/property-design.php 8
ERROR - 2018-05-04 17:18:44 --> Severity: Parsing Error --> syntax error, unexpected '' ?>"/>' (T_CONSTANT_ENCAPSED_STRING) /home/nkmtein/public_html/fullbasketproperty.com/application/views/property-design.php 19
ERROR - 2018-05-04 17:19:56 --> Severity: Parsing Error --> syntax error, unexpected ')', expecting ',' or ';' /home/nkmtein/public_html/fullbasketproperty.com/application/views/property-design.php 8
ERROR - 2018-05-04 17:20:46 --> Severity: Parsing Error --> syntax error, unexpected ',' /home/nkmtein/public_html/fullbasketproperty.com/application/views/property-design.php 8
ERROR - 2018-05-04 17:20:49 --> Severity: Parsing Error --> syntax error, unexpected ',' /home/nkmtein/public_html/fullbasketproperty.com/application/views/property-design.php 8
ERROR - 2018-05-04 17:22:14 --> Severity: Parsing Error --> syntax error, unexpected 'substr' (T_STRING) /home/nkmtein/public_html/fullbasketproperty.com/application/views/property-design.php 8
ERROR - 2018-05-04 17:22:16 --> 404 Page Not Found: 
ERROR - 2018-05-04 17:22:16 --> 404 Page Not Found: 
ERROR - 2018-05-04 17:22:17 --> 404 Page Not Found: 
ERROR - 2018-05-04 17:22:17 --> 404 Page Not Found: 
ERROR - 2018-05-04 17:22:17 --> 404 Page Not Found: 
ERROR - 2018-05-04 17:22:29 --> Severity: Parsing Error --> syntax error, unexpected '' '' (T_CONSTANT_ENCAPSED_STRING) /home/nkmtein/public_html/fullbasketproperty.com/application/views/property-design.php 8
ERROR - 2018-05-04 17:22:51 --> Severity: Parsing Error --> syntax error, unexpected '' ?>"/>' (T_CONSTANT_ENCAPSED_STRING) /home/nkmtein/public_html/fullbasketproperty.com/application/views/property-design.php 19
ERROR - 2018-05-04 17:23:13 --> Severity: Parsing Error --> syntax error, unexpected 'substr' (T_STRING) /home/nkmtein/public_html/fullbasketproperty.com/application/views/property-design.php 8
ERROR - 2018-05-04 17:23:15 --> Severity: Parsing Error --> syntax error, unexpected 'substr' (T_STRING) /home/nkmtein/public_html/fullbasketproperty.com/application/views/property-design.php 8
ERROR - 2018-05-04 17:23:27 --> Severity: Parsing Error --> syntax error, unexpected 'substr' (T_STRING) /home/nkmtein/public_html/fullbasketproperty.com/application/views/property-design.php 8
ERROR - 2018-05-04 18:01:12 --> 404 Page Not Found: 
ERROR - 2018-05-04 18:04:49 --> Severity: Warning --> Division by zero /home/nkmtein/public_html/fullbasketproperty.com/application/core/Public_Controller.php 47
ERROR - 2018-05-04 18:05:16 --> Severity: Warning --> Division by zero /home/nkmtein/public_html/fullbasketproperty.com/application/core/Public_Controller.php 47
ERROR - 2018-05-04 20:07:01 --> 404 Page Not Found: 
ERROR - 2018-05-04 21:46:54 --> 404 Page Not Found: 
ERROR - 2018-05-04 23:53:21 --> 404 Page Not Found: 
