ERROR - 2019-10-11 10:23:35 --> Severity: Warning --> mysqli::real_connect(): (HY000/2002): No connection could be made because the target machine actively refused it.
 F:\FBP.com\system\database\drivers\mysqli\mysqli_driver.php 201
ERROR - 2019-10-11 10:23:35 --> Severity: Warning --> mysqli::real_connect(): (HY000/2002): No connection could be made because the target machine actively refused it.
 F:\FBP.com\system\database\drivers\mysqli\mysqli_driver.php 201
ERROR - 2019-10-11 10:23:35 --> Unable to connect to the database
ERROR - 2019-10-11 10:23:35 --> Unable to connect to the database
ERROR - 2019-10-11 13:53:51 --> 404 Page Not Found: 
ERROR - 2019-10-11 14:03:51 --> Severity: error --> Exception: syntax error, unexpected end of file F:\FBP.com\application\views\new_property_design.php 2209
ERROR - 2019-10-11 14:05:07 --> Severity: error --> Exception: syntax error, unexpected '}', expecting end of file F:\FBP.com\application\views\new_property_design.php 401
ERROR - 2019-10-11 14:13:21 --> 404 Page Not Found: 
ERROR - 2019-10-11 21:04:19 --> 404 Page Not Found: 
ERROR - 2019-10-11 21:41:42 --> 404 Page Not Found: 
ERROR - 2019-10-11 21:58:18 --> Severity: Warning --> Invalid argument supplied for foreach() F:\FBP.com\application\controllers\admin\Properties.php 183
ERROR - 2019-10-11 22:02:08 --> Severity: Warning --> Invalid argument supplied for foreach() F:\FBP.com\application\controllers\admin\Properties.php 183
ERROR - 2019-10-11 22:07:42 --> Severity: Warning --> Invalid argument supplied for foreach() F:\FBP.com\application\controllers\admin\Properties.php 183
ERROR - 2019-10-11 22:10:04 --> Severity: Warning --> Invalid argument supplied for foreach() F:\FBP.com\application\controllers\admin\Properties.php 183
ERROR - 2019-10-11 22:10:10 --> Severity: Warning --> Invalid argument supplied for foreach() F:\FBP.com\application\controllers\admin\Properties.php 183
ERROR - 2019-10-11 22:10:16 --> Severity: Warning --> Invalid argument supplied for foreach() F:\FBP.com\application\controllers\admin\Properties.php 183
ERROR - 2019-10-11 22:10:20 --> Severity: Warning --> Invalid argument supplied for foreach() F:\FBP.com\application\controllers\admin\Properties.php 183
ERROR - 2019-10-11 22:11:26 --> Severity: Warning --> Invalid argument supplied for foreach() F:\FBP.com\application\controllers\admin\Properties.php 183
ERROR - 2019-10-11 22:11:32 --> Severity: Warning --> Invalid argument supplied for foreach() F:\FBP.com\application\controllers\admin\Properties.php 183
ERROR - 2019-10-11 22:11:35 --> Severity: Warning --> Invalid argument supplied for foreach() F:\FBP.com\application\controllers\admin\Properties.php 183
ERROR - 2019-10-11 22:15:39 --> Severity: Warning --> Invalid argument supplied for foreach() F:\FBP.com\application\controllers\admin\Properties.php 183
