ERROR - 2018-03-09 01:03:17 --> 404 Page Not Found: 
ERROR - 2018-03-09 01:59:24 --> 404 Page Not Found: 
ERROR - 2018-03-09 01:37:17 --> controllers.HAuth.login: This provider is not enabled (google)
ERROR - 2018-03-09 01:37:17 --> 404 Page Not Found: /hauth/login/google
ERROR - 2018-03-09 01:38:28 --> controllers.HAuth.login: This provider is not enabled (google)
ERROR - 2018-03-09 01:38:28 --> 404 Page Not Found: /hauth/login/google
ERROR - 2018-03-09 07:57:15 --> 404 Page Not Found: 
ERROR - 2018-03-09 07:59:15 --> Query error: You have an error in your SQL syntax; check the manual that corresponds to your MySQL server version for the right syntax to use near '-10, 10' at line 11 - Invalid query: SELECT DISTINCT `p`.*, `c`.`name` as `city_name`, `ps`.`name` as `property_status`, `pt`.`name` as `prop_type`, `b`.`name` as `builder`, `l`.`name` as `location`
FROM `properties` `p`
LEFT JOIN `cities` `c` ON `p`.`city_id` = `c`.`id`
LEFT JOIN `builders` `b` ON `p`.`builder_id` = `b`.`id`
LEFT JOIN `locations` `l` ON `p`.`location_id` = `l`.`id`
LEFT JOIN `property_types` `pt` ON `p`.`property_type_id` = `pt`.`id`
LEFT JOIN `property_status` `ps` ON `p`.`property_status_id` = `ps`.`id`
LEFT JOIN `property_amenities` `pa` ON `pa`.`property_id` = `p`.`id`
WHERE `p`.`status` = 1
ORDER BY `p`.`id` DESC
 LIMIT -10, 10
ERROR - 2018-03-09 08:08:30 --> Query error: You have an error in your SQL syntax; check the manual that corresponds to your MySQL server version for the right syntax to use near '-10, 10' at line 12 - Invalid query: SELECT DISTINCT `p`.*, `c`.`name` as `city_name`, `ps`.`name` as `property_status`, `pt`.`name` as `prop_type`, `b`.`name` as `builder`, `l`.`name` as `location`
FROM `properties` `p`
LEFT JOIN `cities` `c` ON `p`.`city_id` = `c`.`id`
LEFT JOIN `builders` `b` ON `p`.`builder_id` = `b`.`id`
LEFT JOIN `locations` `l` ON `p`.`location_id` = `l`.`id`
LEFT JOIN `property_types` `pt` ON `p`.`property_type_id` = `pt`.`id`
LEFT JOIN `property_status` `ps` ON `p`.`property_status_id` = `ps`.`id`
LEFT JOIN `property_amenities` `pa` ON `pa`.`property_id` = `p`.`id`
WHERE `p`.`city_id` = '2'
AND `p`.`status` = 1
ORDER BY `p`.`id` DESC
 LIMIT -10, 10
ERROR - 2018-03-09 08:37:25 --> 404 Page Not Found: 
ERROR - 2018-03-09 09:32:20 --> 404 Page Not Found: 
ERROR - 2018-03-09 10:58:39 --> Query error: You have an error in your SQL syntax; check the manual that corresponds to your MySQL server version for the right syntax to use near '-10, 10' at line 11 - Invalid query: SELECT DISTINCT `p`.*, `c`.`name` as `city_name`, `ps`.`name` as `property_status`, `pt`.`name` as `prop_type`, `b`.`name` as `builder`, `l`.`name` as `location`
FROM `properties` `p`
LEFT JOIN `cities` `c` ON `p`.`city_id` = `c`.`id`
LEFT JOIN `builders` `b` ON `p`.`builder_id` = `b`.`id`
LEFT JOIN `locations` `l` ON `p`.`location_id` = `l`.`id`
LEFT JOIN `property_types` `pt` ON `p`.`property_type_id` = `pt`.`id`
LEFT JOIN `property_status` `ps` ON `p`.`property_status_id` = `ps`.`id`
LEFT JOIN `property_amenities` `pa` ON `pa`.`property_id` = `p`.`id`
WHERE `p`.`status` = 1
ORDER BY `p`.`id` DESC
 LIMIT -10, 10
ERROR - 2018-03-09 11:24:46 --> Query error: You have an error in your SQL syntax; check the manual that corresponds to your MySQL server version for the right syntax to use near '-10, 10' at line 12 - Invalid query: SELECT DISTINCT `p`.*, `c`.`name` as `city_name`, `ps`.`name` as `property_status`, `pt`.`name` as `prop_type`, `b`.`name` as `builder`, `l`.`name` as `location`
FROM `properties` `p`
LEFT JOIN `cities` `c` ON `p`.`city_id` = `c`.`id`
LEFT JOIN `builders` `b` ON `p`.`builder_id` = `b`.`id`
LEFT JOIN `locations` `l` ON `p`.`location_id` = `l`.`id`
LEFT JOIN `property_types` `pt` ON `p`.`property_type_id` = `pt`.`id`
LEFT JOIN `property_status` `ps` ON `p`.`property_status_id` = `ps`.`id`
LEFT JOIN `property_amenities` `pa` ON `pa`.`property_id` = `p`.`id`
WHERE `p`.`city_id` = '2'
AND `p`.`status` = 1
ORDER BY `p`.`id` DESC
 LIMIT -10, 10
ERROR - 2018-03-09 12:13:11 --> 404 Page Not Found: 
ERROR - 2018-03-09 13:15:23 --> 404 Page Not Found: 
