ERROR - 2020-04-01 00:00:08 --> 404 Page Not Found: 
ERROR - 2020-04-01 00:00:08 --> 404 Page Not Found: 
ERROR - 2020-04-01 00:00:09 --> 404 Page Not Found: 
ERROR - 2020-04-01 00:00:09 --> 404 Page Not Found: 
ERROR - 2020-04-01 00:00:09 --> 404 Page Not Found: 
ERROR - 2020-04-01 00:00:09 --> 404 Page Not Found: 
ERROR - 2020-04-01 00:00:09 --> 404 Page Not Found: 
ERROR - 2020-04-01 00:00:09 --> 404 Page Not Found: 
ERROR - 2020-04-01 00:00:09 --> 404 Page Not Found: 
ERROR - 2020-04-01 00:00:09 --> 404 Page Not Found: 
ERROR - 2020-04-01 00:00:09 --> 404 Page Not Found: 
ERROR - 2020-04-01 00:00:10 --> 404 Page Not Found: 
ERROR - 2020-04-01 00:00:10 --> 404 Page Not Found: 
ERROR - 2020-04-01 00:00:11 --> 404 Page Not Found: 
ERROR - 2020-04-01 00:00:11 --> 404 Page Not Found: 
ERROR - 2020-04-01 00:00:11 --> 404 Page Not Found: 
ERROR - 2020-04-01 00:00:11 --> 404 Page Not Found: 
ERROR - 2020-04-01 00:00:11 --> 404 Page Not Found: 
ERROR - 2020-04-01 00:00:11 --> 404 Page Not Found: 
ERROR - 2020-04-01 00:00:11 --> 404 Page Not Found: 
ERROR - 2020-04-01 00:00:12 --> 404 Page Not Found: 
ERROR - 2020-04-01 00:00:12 --> 404 Page Not Found: 
ERROR - 2020-04-01 00:00:12 --> 404 Page Not Found: 
ERROR - 2020-04-01 00:00:12 --> 404 Page Not Found: 
ERROR - 2020-04-01 00:00:12 --> 404 Page Not Found: 
ERROR - 2020-04-01 00:00:12 --> 404 Page Not Found: 
ERROR - 2020-04-01 00:02:54 --> Severity: error --> Exception: syntax error, unexpected ':', expecting ',' or ';' F:\FBP.com\application\views\footer.php 352
ERROR - 2020-04-01 00:02:55 --> 404 Page Not Found: 
ERROR - 2020-04-01 00:02:55 --> 404 Page Not Found: 
ERROR - 2020-04-01 00:02:55 --> 404 Page Not Found: 
ERROR - 2020-04-01 00:02:55 --> 404 Page Not Found: 
ERROR - 2020-04-01 00:02:56 --> 404 Page Not Found: 
ERROR - 2020-04-01 00:02:56 --> 404 Page Not Found: 
ERROR - 2020-04-01 00:02:56 --> 404 Page Not Found: 
ERROR - 2020-04-01 00:02:56 --> 404 Page Not Found: 
ERROR - 2020-04-01 00:02:56 --> 404 Page Not Found: 
ERROR - 2020-04-01 00:02:56 --> 404 Page Not Found: 
ERROR - 2020-04-01 00:02:57 --> 404 Page Not Found: 
ERROR - 2020-04-01 00:02:57 --> 404 Page Not Found: 
ERROR - 2020-04-01 00:02:57 --> 404 Page Not Found: 
ERROR - 2020-04-01 00:02:57 --> 404 Page Not Found: 
ERROR - 2020-04-01 00:02:57 --> 404 Page Not Found: 
ERROR - 2020-04-01 00:02:58 --> 404 Page Not Found: 
ERROR - 2020-04-01 00:02:58 --> 404 Page Not Found: 
ERROR - 2020-04-01 00:02:58 --> 404 Page Not Found: 
ERROR - 2020-04-01 00:02:58 --> 404 Page Not Found: 
ERROR - 2020-04-01 00:02:58 --> 404 Page Not Found: 
ERROR - 2020-04-01 00:02:58 --> 404 Page Not Found: 
ERROR - 2020-04-01 00:02:58 --> 404 Page Not Found: 
ERROR - 2020-04-01 00:02:58 --> 404 Page Not Found: 
ERROR - 2020-04-01 00:02:59 --> 404 Page Not Found: 
ERROR - 2020-04-01 00:02:59 --> 404 Page Not Found: 
ERROR - 2020-04-01 00:02:59 --> 404 Page Not Found: 
ERROR - 2020-04-01 00:03:36 --> 404 Page Not Found: 
ERROR - 2020-04-01 00:03:36 --> 404 Page Not Found: 
ERROR - 2020-04-01 00:03:37 --> 404 Page Not Found: 
ERROR - 2020-04-01 00:03:37 --> 404 Page Not Found: 
ERROR - 2020-04-01 00:03:37 --> 404 Page Not Found: 
ERROR - 2020-04-01 00:03:37 --> 404 Page Not Found: 
ERROR - 2020-04-01 00:03:37 --> 404 Page Not Found: 
ERROR - 2020-04-01 00:03:37 --> 404 Page Not Found: 
ERROR - 2020-04-01 00:03:37 --> 404 Page Not Found: 
ERROR - 2020-04-01 00:03:37 --> 404 Page Not Found: 
ERROR - 2020-04-01 00:03:37 --> 404 Page Not Found: 
ERROR - 2020-04-01 00:03:38 --> 404 Page Not Found: 
ERROR - 2020-04-01 00:03:38 --> 404 Page Not Found: 
ERROR - 2020-04-01 00:03:39 --> 404 Page Not Found: 
ERROR - 2020-04-01 00:03:39 --> 404 Page Not Found: 
ERROR - 2020-04-01 00:03:39 --> 404 Page Not Found: 
ERROR - 2020-04-01 00:03:39 --> 404 Page Not Found: 
ERROR - 2020-04-01 00:03:39 --> 404 Page Not Found: 
ERROR - 2020-04-01 00:03:40 --> 404 Page Not Found: 
ERROR - 2020-04-01 00:03:40 --> 404 Page Not Found: 
ERROR - 2020-04-01 00:03:40 --> 404 Page Not Found: 
ERROR - 2020-04-01 00:03:40 --> 404 Page Not Found: 
ERROR - 2020-04-01 00:03:40 --> 404 Page Not Found: 
ERROR - 2020-04-01 00:03:40 --> 404 Page Not Found: 
ERROR - 2020-04-01 00:03:41 --> 404 Page Not Found: 
ERROR - 2020-04-01 00:03:41 --> 404 Page Not Found: 
ERROR - 2020-04-01 00:04:11 --> 404 Page Not Found: 
ERROR - 2020-04-01 00:04:11 --> 404 Page Not Found: 
ERROR - 2020-04-01 00:04:11 --> 404 Page Not Found: 
ERROR - 2020-04-01 00:04:11 --> 404 Page Not Found: 
ERROR - 2020-04-01 00:04:12 --> 404 Page Not Found: 
ERROR - 2020-04-01 00:04:12 --> 404 Page Not Found: 
ERROR - 2020-04-01 00:04:12 --> 404 Page Not Found: 
ERROR - 2020-04-01 00:04:12 --> 404 Page Not Found: 
ERROR - 2020-04-01 00:04:12 --> 404 Page Not Found: 
ERROR - 2020-04-01 00:04:12 --> 404 Page Not Found: 
ERROR - 2020-04-01 00:04:12 --> 404 Page Not Found: 
ERROR - 2020-04-01 00:04:13 --> 404 Page Not Found: 
ERROR - 2020-04-01 00:04:13 --> 404 Page Not Found: 
ERROR - 2020-04-01 00:04:13 --> 404 Page Not Found: 
ERROR - 2020-04-01 00:04:14 --> 404 Page Not Found: 
ERROR - 2020-04-01 00:04:14 --> 404 Page Not Found: 
ERROR - 2020-04-01 00:04:14 --> 404 Page Not Found: 
ERROR - 2020-04-01 00:04:14 --> 404 Page Not Found: 
ERROR - 2020-04-01 00:04:14 --> 404 Page Not Found: 
ERROR - 2020-04-01 00:04:14 --> 404 Page Not Found: 
ERROR - 2020-04-01 00:04:14 --> 404 Page Not Found: 
ERROR - 2020-04-01 00:04:14 --> 404 Page Not Found: 
ERROR - 2020-04-01 00:04:14 --> 404 Page Not Found: 
ERROR - 2020-04-01 00:04:15 --> 404 Page Not Found: 
ERROR - 2020-04-01 00:04:15 --> 404 Page Not Found: 
ERROR - 2020-04-01 00:04:15 --> 404 Page Not Found: 
ERROR - 2020-04-01 00:04:25 --> Severity: Warning --> Invalid argument supplied for foreach() F:\FBP.com\application\views\footer.php 351
ERROR - 2020-04-01 00:04:26 --> 404 Page Not Found: 
ERROR - 2020-04-01 00:04:26 --> 404 Page Not Found: 
ERROR - 2020-04-01 00:04:26 --> 404 Page Not Found: 
ERROR - 2020-04-01 00:04:26 --> 404 Page Not Found: 
ERROR - 2020-04-01 00:04:26 --> 404 Page Not Found: 
ERROR - 2020-04-01 00:04:26 --> 404 Page Not Found: 
ERROR - 2020-04-01 00:04:26 --> 404 Page Not Found: 
ERROR - 2020-04-01 00:04:26 --> 404 Page Not Found: 
ERROR - 2020-04-01 00:05:32 --> 404 Page Not Found: 
ERROR - 2020-04-01 00:05:32 --> 404 Page Not Found: 
ERROR - 2020-04-01 00:05:32 --> 404 Page Not Found: 
ERROR - 2020-04-01 00:05:32 --> 404 Page Not Found: 
ERROR - 2020-04-01 00:05:33 --> 404 Page Not Found: 
ERROR - 2020-04-01 00:05:33 --> 404 Page Not Found: 
ERROR - 2020-04-01 00:05:33 --> 404 Page Not Found: 
ERROR - 2020-04-01 00:05:33 --> 404 Page Not Found: 
ERROR - 2020-04-01 00:05:33 --> 404 Page Not Found: 
ERROR - 2020-04-01 00:05:34 --> 404 Page Not Found: 
ERROR - 2020-04-01 00:05:34 --> 404 Page Not Found: 
ERROR - 2020-04-01 00:05:35 --> 404 Page Not Found: 
ERROR - 2020-04-01 00:05:35 --> 404 Page Not Found: 
ERROR - 2020-04-01 00:05:35 --> 404 Page Not Found: 
ERROR - 2020-04-01 00:05:36 --> 404 Page Not Found: 
ERROR - 2020-04-01 00:05:36 --> 404 Page Not Found: 
ERROR - 2020-04-01 00:05:36 --> 404 Page Not Found: 
ERROR - 2020-04-01 00:05:36 --> 404 Page Not Found: 
ERROR - 2020-04-01 00:05:36 --> 404 Page Not Found: 
ERROR - 2020-04-01 00:05:36 --> 404 Page Not Found: 
ERROR - 2020-04-01 00:05:36 --> 404 Page Not Found: 
ERROR - 2020-04-01 00:05:37 --> 404 Page Not Found: 
ERROR - 2020-04-01 00:05:37 --> 404 Page Not Found: 
ERROR - 2020-04-01 00:05:37 --> 404 Page Not Found: 
ERROR - 2020-04-01 00:05:37 --> 404 Page Not Found: 
ERROR - 2020-04-01 00:05:37 --> 404 Page Not Found: 
ERROR - 2020-04-01 00:05:39 --> Severity: Warning --> Invalid argument supplied for foreach() F:\FBP.com\application\views\footer.php 351
ERROR - 2020-04-01 00:05:40 --> 404 Page Not Found: 
ERROR - 2020-04-01 00:05:40 --> 404 Page Not Found: 
ERROR - 2020-04-01 00:05:40 --> 404 Page Not Found: 
ERROR - 2020-04-01 00:05:51 --> Severity: Warning --> Invalid argument supplied for foreach() F:\FBP.com\application\views\footer.php 351
ERROR - 2020-04-01 00:05:51 --> 404 Page Not Found: 
ERROR - 2020-04-01 00:05:51 --> 404 Page Not Found: 
ERROR - 2020-04-01 00:05:52 --> 404 Page Not Found: 
ERROR - 2020-04-01 00:07:06 --> Severity: Warning --> Invalid argument supplied for foreach() F:\FBP.com\application\views\footer.php 351
ERROR - 2020-04-01 00:07:07 --> 404 Page Not Found: 
ERROR - 2020-04-01 00:07:07 --> 404 Page Not Found: 
ERROR - 2020-04-01 00:07:07 --> 404 Page Not Found: 
ERROR - 2020-04-01 00:07:07 --> 404 Page Not Found: 
ERROR - 2020-04-01 00:07:07 --> 404 Page Not Found: 
ERROR - 2020-04-01 00:07:07 --> 404 Page Not Found: 
ERROR - 2020-04-01 00:07:07 --> 404 Page Not Found: 
ERROR - 2020-04-01 00:07:08 --> 404 Page Not Found: 
ERROR - 2020-04-01 00:07:23 --> Severity: Warning --> Invalid argument supplied for foreach() F:\FBP.com\application\views\footer.php 351
ERROR - 2020-04-01 00:07:24 --> 404 Page Not Found: 
ERROR - 2020-04-01 00:07:24 --> 404 Page Not Found: 
ERROR - 2020-04-01 00:07:24 --> 404 Page Not Found: 
ERROR - 2020-04-01 00:07:24 --> 404 Page Not Found: 
ERROR - 2020-04-01 00:07:24 --> 404 Page Not Found: 
ERROR - 2020-04-01 00:07:25 --> 404 Page Not Found: 
ERROR - 2020-04-01 00:07:25 --> 404 Page Not Found: 
ERROR - 2020-04-01 00:07:25 --> 404 Page Not Found: 
ERROR - 2020-04-01 00:07:43 --> Severity: Warning --> Invalid argument supplied for foreach() F:\FBP.com\application\views\footer.php 351
ERROR - 2020-04-01 00:07:43 --> 404 Page Not Found: 
ERROR - 2020-04-01 00:07:43 --> 404 Page Not Found: 
ERROR - 2020-04-01 00:07:43 --> 404 Page Not Found: 
ERROR - 2020-04-01 00:07:43 --> 404 Page Not Found: 
ERROR - 2020-04-01 00:07:44 --> 404 Page Not Found: 
ERROR - 2020-04-01 00:07:44 --> 404 Page Not Found: 
ERROR - 2020-04-01 00:07:44 --> 404 Page Not Found: 
ERROR - 2020-04-01 00:07:44 --> 404 Page Not Found: 
ERROR - 2020-04-01 00:07:57 --> Severity: Warning --> Invalid argument supplied for foreach() F:\FBP.com\application\views\footer.php 351
ERROR - 2020-04-01 00:07:57 --> 404 Page Not Found: 
ERROR - 2020-04-01 00:07:58 --> 404 Page Not Found: 
ERROR - 2020-04-01 00:07:58 --> 404 Page Not Found: 
ERROR - 2020-04-01 00:07:58 --> 404 Page Not Found: 
ERROR - 2020-04-01 00:07:58 --> 404 Page Not Found: 
ERROR - 2020-04-01 00:07:58 --> 404 Page Not Found: 
ERROR - 2020-04-01 00:07:58 --> 404 Page Not Found: 
ERROR - 2020-04-01 00:07:58 --> 404 Page Not Found: 
ERROR - 2020-04-01 00:08:34 --> Severity: Warning --> Invalid argument supplied for foreach() F:\FBP.com\application\views\footer.php 351
ERROR - 2020-04-01 00:08:34 --> 404 Page Not Found: 
ERROR - 2020-04-01 00:08:34 --> 404 Page Not Found: 
ERROR - 2020-04-01 00:08:35 --> 404 Page Not Found: 
ERROR - 2020-04-01 00:08:35 --> 404 Page Not Found: 
ERROR - 2020-04-01 00:08:35 --> 404 Page Not Found: 
ERROR - 2020-04-01 00:08:35 --> 404 Page Not Found: 
ERROR - 2020-04-01 00:08:35 --> 404 Page Not Found: 
ERROR - 2020-04-01 00:08:35 --> 404 Page Not Found: 
ERROR - 2020-04-01 00:08:45 --> Severity: Warning --> Invalid argument supplied for foreach() F:\FBP.com\application\views\footer.php 351
ERROR - 2020-04-01 00:08:46 --> 404 Page Not Found: 
ERROR - 2020-04-01 00:08:46 --> 404 Page Not Found: 
ERROR - 2020-04-01 00:08:46 --> 404 Page Not Found: 
ERROR - 2020-04-01 00:08:46 --> 404 Page Not Found: 
ERROR - 2020-04-01 00:08:46 --> 404 Page Not Found: 
ERROR - 2020-04-01 00:08:47 --> 404 Page Not Found: 
ERROR - 2020-04-01 00:08:47 --> 404 Page Not Found: 
ERROR - 2020-04-01 00:08:47 --> 404 Page Not Found: 
ERROR - 2020-04-01 00:09:05 --> Severity: Warning --> Invalid argument supplied for foreach() F:\FBP.com\application\views\footer.php 351
ERROR - 2020-04-01 00:09:06 --> 404 Page Not Found: 
ERROR - 2020-04-01 00:09:06 --> 404 Page Not Found: 
ERROR - 2020-04-01 00:09:07 --> 404 Page Not Found: 
ERROR - 2020-04-01 00:09:07 --> 404 Page Not Found: 
ERROR - 2020-04-01 00:09:07 --> 404 Page Not Found: 
ERROR - 2020-04-01 00:09:07 --> 404 Page Not Found: 
ERROR - 2020-04-01 00:09:07 --> 404 Page Not Found: 
ERROR - 2020-04-01 00:09:07 --> 404 Page Not Found: 
ERROR - 2020-04-01 00:09:49 --> Severity: Warning --> Invalid argument supplied for foreach() F:\FBP.com\application\views\footer.php 351
ERROR - 2020-04-01 00:09:49 --> 404 Page Not Found: 
ERROR - 2020-04-01 00:09:49 --> 404 Page Not Found: 
ERROR - 2020-04-01 00:09:49 --> 404 Page Not Found: 
ERROR - 2020-04-01 00:09:52 --> Severity: Warning --> Invalid argument supplied for foreach() F:\FBP.com\application\views\footer.php 351
ERROR - 2020-04-01 00:09:53 --> 404 Page Not Found: 
ERROR - 2020-04-01 00:09:53 --> 404 Page Not Found: 
ERROR - 2020-04-01 00:09:53 --> 404 Page Not Found: 
ERROR - 2020-04-01 00:09:54 --> Severity: Warning --> Invalid argument supplied for foreach() F:\FBP.com\application\views\footer.php 351
ERROR - 2020-04-01 00:09:54 --> 404 Page Not Found: 
ERROR - 2020-04-01 00:09:55 --> 404 Page Not Found: 
ERROR - 2020-04-01 00:09:55 --> 404 Page Not Found: 
ERROR - 2020-04-01 00:09:59 --> Severity: Warning --> Invalid argument supplied for foreach() F:\FBP.com\application\views\footer.php 351
ERROR - 2020-04-01 00:10:00 --> 404 Page Not Found: 
ERROR - 2020-04-01 00:10:00 --> 404 Page Not Found: 
ERROR - 2020-04-01 00:10:00 --> 404 Page Not Found: 
ERROR - 2020-04-01 00:10:30 --> Severity: Warning --> Invalid argument supplied for foreach() F:\FBP.com\application\views\footer.php 351
ERROR - 2020-04-01 00:10:32 --> 404 Page Not Found: 
ERROR - 2020-04-01 00:10:32 --> 404 Page Not Found: 
ERROR - 2020-04-01 00:10:32 --> 404 Page Not Found: 
ERROR - 2020-04-01 00:10:32 --> 404 Page Not Found: 
ERROR - 2020-04-01 00:10:32 --> 404 Page Not Found: 
ERROR - 2020-04-01 00:10:32 --> 404 Page Not Found: 
ERROR - 2020-04-01 00:10:32 --> 404 Page Not Found: 
ERROR - 2020-04-01 00:10:32 --> 404 Page Not Found: 
ERROR - 2020-04-01 00:10:43 --> Severity: Warning --> Invalid argument supplied for foreach() F:\FBP.com\application\views\footer.php 351
ERROR - 2020-04-01 00:10:44 --> 404 Page Not Found: 
ERROR - 2020-04-01 00:10:44 --> 404 Page Not Found: 
ERROR - 2020-04-01 00:10:44 --> 404 Page Not Found: 
ERROR - 2020-04-01 00:10:44 --> 404 Page Not Found: 
ERROR - 2020-04-01 00:10:44 --> 404 Page Not Found: 
ERROR - 2020-04-01 00:10:44 --> 404 Page Not Found: 
ERROR - 2020-04-01 00:10:44 --> 404 Page Not Found: 
ERROR - 2020-04-01 00:10:44 --> 404 Page Not Found: 
ERROR - 2020-04-01 00:11:05 --> Severity: Warning --> Invalid argument supplied for foreach() F:\FBP.com\application\views\footer.php 351
ERROR - 2020-04-01 00:11:06 --> 404 Page Not Found: 
ERROR - 2020-04-01 00:11:06 --> 404 Page Not Found: 
ERROR - 2020-04-01 00:11:06 --> 404 Page Not Found: 
ERROR - 2020-04-01 00:11:06 --> 404 Page Not Found: 
ERROR - 2020-04-01 00:11:06 --> 404 Page Not Found: 
ERROR - 2020-04-01 00:11:06 --> 404 Page Not Found: 
ERROR - 2020-04-01 00:11:06 --> 404 Page Not Found: 
ERROR - 2020-04-01 00:11:07 --> 404 Page Not Found: 
ERROR - 2020-04-01 00:12:36 --> Severity: Warning --> Invalid argument supplied for foreach() F:\FBP.com\application\views\footer.php 351
ERROR - 2020-04-01 00:12:38 --> 404 Page Not Found: 
ERROR - 2020-04-01 00:12:38 --> 404 Page Not Found: 
ERROR - 2020-04-01 00:12:38 --> 404 Page Not Found: 
ERROR - 2020-04-01 00:12:42 --> Severity: Warning --> Invalid argument supplied for foreach() F:\FBP.com\application\views\footer.php 351
ERROR - 2020-04-01 00:12:43 --> 404 Page Not Found: 
ERROR - 2020-04-01 00:12:43 --> 404 Page Not Found: 
ERROR - 2020-04-01 00:12:43 --> 404 Page Not Found: 
ERROR - 2020-04-01 00:13:20 --> 404 Page Not Found: 
ERROR - 2020-04-01 00:13:20 --> 404 Page Not Found: 
ERROR - 2020-04-01 00:13:20 --> 404 Page Not Found: 
ERROR - 2020-04-01 00:13:20 --> 404 Page Not Found: 
ERROR - 2020-04-01 00:13:21 --> 404 Page Not Found: 
ERROR - 2020-04-01 00:13:21 --> 404 Page Not Found: 
ERROR - 2020-04-01 00:13:21 --> 404 Page Not Found: 
ERROR - 2020-04-01 00:13:21 --> 404 Page Not Found: 
ERROR - 2020-04-01 00:13:22 --> 404 Page Not Found: 
ERROR - 2020-04-01 00:13:22 --> 404 Page Not Found: 
ERROR - 2020-04-01 00:13:23 --> 404 Page Not Found: 
ERROR - 2020-04-01 00:13:23 --> 404 Page Not Found: 
ERROR - 2020-04-01 00:13:23 --> 404 Page Not Found: 
ERROR - 2020-04-01 00:13:23 --> 404 Page Not Found: 
ERROR - 2020-04-01 00:13:23 --> 404 Page Not Found: 
ERROR - 2020-04-01 00:13:23 --> 404 Page Not Found: 
ERROR - 2020-04-01 00:13:24 --> 404 Page Not Found: 
ERROR - 2020-04-01 00:13:24 --> 404 Page Not Found: 
ERROR - 2020-04-01 00:13:24 --> 404 Page Not Found: 
ERROR - 2020-04-01 00:13:24 --> 404 Page Not Found: 
ERROR - 2020-04-01 00:13:24 --> 404 Page Not Found: 
ERROR - 2020-04-01 00:13:24 --> 404 Page Not Found: 
ERROR - 2020-04-01 00:13:24 --> 404 Page Not Found: 
ERROR - 2020-04-01 00:13:24 --> 404 Page Not Found: 
ERROR - 2020-04-01 00:13:25 --> 404 Page Not Found: 
ERROR - 2020-04-01 00:13:25 --> 404 Page Not Found: 
ERROR - 2020-04-01 00:13:26 --> Severity: Warning --> Invalid argument supplied for foreach() F:\FBP.com\application\views\footer.php 351
ERROR - 2020-04-01 00:13:27 --> 404 Page Not Found: 
ERROR - 2020-04-01 00:13:28 --> 404 Page Not Found: 
ERROR - 2020-04-01 00:13:28 --> 404 Page Not Found: 
ERROR - 2020-04-01 00:13:32 --> Severity: Warning --> Invalid argument supplied for foreach() F:\FBP.com\application\views\footer.php 351
ERROR - 2020-04-01 00:13:33 --> 404 Page Not Found: 
ERROR - 2020-04-01 00:13:33 --> 404 Page Not Found: 
ERROR - 2020-04-01 00:13:33 --> 404 Page Not Found: 
ERROR - 2020-04-01 00:13:47 --> Severity: Warning --> Invalid argument supplied for foreach() F:\FBP.com\application\views\footer.php 351
ERROR - 2020-04-01 00:13:48 --> 404 Page Not Found: 
ERROR - 2020-04-01 00:13:48 --> 404 Page Not Found: 
ERROR - 2020-04-01 00:13:48 --> 404 Page Not Found: 
ERROR - 2020-04-01 00:13:52 --> Severity: Warning --> Invalid argument supplied for foreach() F:\FBP.com\application\views\footer.php 351
ERROR - 2020-04-01 00:13:53 --> 404 Page Not Found: 
ERROR - 2020-04-01 00:13:53 --> 404 Page Not Found: 
ERROR - 2020-04-01 00:13:53 --> 404 Page Not Found: 
ERROR - 2020-04-01 00:14:01 --> Severity: Warning --> Invalid argument supplied for foreach() F:\FBP.com\application\views\footer.php 351
ERROR - 2020-04-01 00:14:01 --> 404 Page Not Found: 
ERROR - 2020-04-01 00:14:01 --> 404 Page Not Found: 
ERROR - 2020-04-01 00:14:01 --> 404 Page Not Found: 
ERROR - 2020-04-01 00:14:06 --> Severity: Warning --> Invalid argument supplied for foreach() F:\FBP.com\application\views\footer.php 351
ERROR - 2020-04-01 00:14:06 --> 404 Page Not Found: 
ERROR - 2020-04-01 00:14:06 --> 404 Page Not Found: 
ERROR - 2020-04-01 00:14:06 --> 404 Page Not Found: 
ERROR - 2020-04-01 00:14:18 --> Severity: Warning --> Invalid argument supplied for foreach() F:\FBP.com\application\views\footer.php 351
ERROR - 2020-04-01 00:14:18 --> 404 Page Not Found: 
ERROR - 2020-04-01 00:14:30 --> Severity: Warning --> Invalid argument supplied for foreach() F:\FBP.com\application\views\footer.php 351
ERROR - 2020-04-01 00:14:31 --> 404 Page Not Found: 
ERROR - 2020-04-01 00:14:34 --> Severity: Warning --> Invalid argument supplied for foreach() F:\FBP.com\application\views\footer.php 351
ERROR - 2020-04-01 00:14:38 --> Severity: Warning --> Invalid argument supplied for foreach() F:\FBP.com\application\views\footer.php 351
ERROR - 2020-04-01 00:15:12 --> Severity: Warning --> Invalid argument supplied for foreach() F:\FBP.com\application\views\footer.php 351
ERROR - 2020-04-01 00:15:12 --> 404 Page Not Found: 
ERROR - 2020-04-01 00:15:13 --> 404 Page Not Found: 
ERROR - 2020-04-01 00:15:13 --> 404 Page Not Found: 
ERROR - 2020-04-01 00:15:13 --> 404 Page Not Found: 
ERROR - 2020-04-01 00:15:14 --> 404 Page Not Found: 
ERROR - 2020-04-01 00:15:14 --> 404 Page Not Found: 
ERROR - 2020-04-01 00:15:14 --> 404 Page Not Found: 
ERROR - 2020-04-01 00:15:14 --> 404 Page Not Found: 
ERROR - 2020-04-01 00:15:15 --> 404 Page Not Found: 
ERROR - 2020-04-01 00:15:15 --> 404 Page Not Found: 
ERROR - 2020-04-01 00:15:17 --> 404 Page Not Found: 
ERROR - 2020-04-01 00:15:17 --> 404 Page Not Found: 
ERROR - 2020-04-01 00:15:17 --> 404 Page Not Found: 
ERROR - 2020-04-01 00:15:17 --> 404 Page Not Found: 
ERROR - 2020-04-01 00:15:17 --> 404 Page Not Found: 
ERROR - 2020-04-01 00:15:17 --> 404 Page Not Found: 
ERROR - 2020-04-01 00:15:17 --> 404 Page Not Found: 
ERROR - 2020-04-01 00:15:17 --> 404 Page Not Found: 
ERROR - 2020-04-01 00:15:17 --> 404 Page Not Found: 
ERROR - 2020-04-01 00:15:18 --> 404 Page Not Found: 
ERROR - 2020-04-01 00:15:18 --> 404 Page Not Found: 
ERROR - 2020-04-01 00:15:18 --> 404 Page Not Found: 
ERROR - 2020-04-01 00:15:18 --> 404 Page Not Found: 
ERROR - 2020-04-01 00:15:18 --> 404 Page Not Found: 
ERROR - 2020-04-01 00:15:18 --> 404 Page Not Found: 
ERROR - 2020-04-01 00:15:18 --> 404 Page Not Found: 
ERROR - 2020-04-01 00:15:32 --> Severity: Warning --> Invalid argument supplied for foreach() F:\FBP.com\application\views\footer.php 351
ERROR - 2020-04-01 00:15:34 --> Severity: Warning --> Invalid argument supplied for foreach() F:\FBP.com\application\views\footer.php 351
ERROR - 2020-04-01 00:15:34 --> 404 Page Not Found: 
ERROR - 2020-04-01 00:15:34 --> 404 Page Not Found: 
ERROR - 2020-04-01 00:15:35 --> 404 Page Not Found: 
ERROR - 2020-04-01 00:15:43 --> 404 Page Not Found: 
ERROR - 2020-04-01 00:15:44 --> 404 Page Not Found: 
ERROR - 2020-04-01 00:15:45 --> 404 Page Not Found: 
ERROR - 2020-04-01 00:15:45 --> 404 Page Not Found: 
ERROR - 2020-04-01 00:15:45 --> 404 Page Not Found: 
ERROR - 2020-04-01 00:15:45 --> 404 Page Not Found: 
ERROR - 2020-04-01 00:15:45 --> 404 Page Not Found: 
ERROR - 2020-04-01 00:15:46 --> 404 Page Not Found: 
ERROR - 2020-04-01 00:15:46 --> 404 Page Not Found: 
ERROR - 2020-04-01 00:15:46 --> 404 Page Not Found: 
ERROR - 2020-04-01 00:15:48 --> 404 Page Not Found: 
ERROR - 2020-04-01 00:15:54 --> 404 Page Not Found: 
ERROR - 2020-04-01 00:15:54 --> 404 Page Not Found: 
ERROR - 2020-04-01 00:15:54 --> 404 Page Not Found: 
ERROR - 2020-04-01 00:15:55 --> 404 Page Not Found: 
ERROR - 2020-04-01 00:15:55 --> 404 Page Not Found: 
ERROR - 2020-04-01 00:15:55 --> 404 Page Not Found: 
ERROR - 2020-04-01 00:15:55 --> 404 Page Not Found: 
ERROR - 2020-04-01 00:15:55 --> 404 Page Not Found: 
ERROR - 2020-04-01 00:15:55 --> 404 Page Not Found: 
ERROR - 2020-04-01 00:15:55 --> 404 Page Not Found: 
ERROR - 2020-04-01 00:15:55 --> 404 Page Not Found: 
ERROR - 2020-04-01 00:15:56 --> 404 Page Not Found: 
ERROR - 2020-04-01 00:15:56 --> 404 Page Not Found: 
ERROR - 2020-04-01 00:15:56 --> 404 Page Not Found: 
ERROR - 2020-04-01 00:15:56 --> 404 Page Not Found: 
ERROR - 2020-04-01 00:15:56 --> 404 Page Not Found: 
ERROR - 2020-04-01 00:15:56 --> 404 Page Not Found: 
ERROR - 2020-04-01 00:15:56 --> 404 Page Not Found: 
ERROR - 2020-04-01 00:15:56 --> 404 Page Not Found: 
ERROR - 2020-04-01 00:15:56 --> 404 Page Not Found: 
ERROR - 2020-04-01 00:15:56 --> 404 Page Not Found: 
ERROR - 2020-04-01 00:15:56 --> 404 Page Not Found: 
ERROR - 2020-04-01 00:15:56 --> 404 Page Not Found: 
ERROR - 2020-04-01 00:15:57 --> 404 Page Not Found: 
ERROR - 2020-04-01 00:15:57 --> 404 Page Not Found: 
ERROR - 2020-04-01 00:15:58 --> 404 Page Not Found: 
ERROR - 2020-04-01 00:15:58 --> 404 Page Not Found: 
ERROR - 2020-04-01 00:15:58 --> 404 Page Not Found: 
ERROR - 2020-04-01 00:15:58 --> 404 Page Not Found: 
ERROR - 2020-04-01 00:15:59 --> 404 Page Not Found: 
ERROR - 2020-04-01 00:15:59 --> 404 Page Not Found: 
ERROR - 2020-04-01 00:15:59 --> 404 Page Not Found: 
ERROR - 2020-04-01 00:15:59 --> 404 Page Not Found: 
ERROR - 2020-04-01 00:16:00 --> 404 Page Not Found: 
ERROR - 2020-04-01 00:16:00 --> 404 Page Not Found: 
ERROR - 2020-04-01 00:16:00 --> 404 Page Not Found: 
ERROR - 2020-04-01 00:16:00 --> 404 Page Not Found: 
ERROR - 2020-04-01 00:16:00 --> 404 Page Not Found: 
ERROR - 2020-04-01 00:16:00 --> 404 Page Not Found: 
ERROR - 2020-04-01 00:16:00 --> 404 Page Not Found: 
ERROR - 2020-04-01 00:16:00 --> 404 Page Not Found: 
ERROR - 2020-04-01 00:16:11 --> 404 Page Not Found: 
ERROR - 2020-04-01 00:16:11 --> 404 Page Not Found: 
ERROR - 2020-04-01 00:16:11 --> 404 Page Not Found: 
ERROR - 2020-04-01 00:16:11 --> 404 Page Not Found: 
ERROR - 2020-04-01 00:16:11 --> 404 Page Not Found: 
ERROR - 2020-04-01 00:16:11 --> 404 Page Not Found: 
ERROR - 2020-04-01 00:16:11 --> 404 Page Not Found: 
ERROR - 2020-04-01 00:16:11 --> 404 Page Not Found: 
ERROR - 2020-04-01 00:16:11 --> 404 Page Not Found: 
ERROR - 2020-04-01 00:16:11 --> 404 Page Not Found: 
ERROR - 2020-04-01 00:16:11 --> 404 Page Not Found: 
ERROR - 2020-04-01 00:16:13 --> 404 Page Not Found: 
ERROR - 2020-04-01 00:16:13 --> 404 Page Not Found: 
ERROR - 2020-04-01 00:16:13 --> 404 Page Not Found: 
ERROR - 2020-04-01 00:16:13 --> 404 Page Not Found: 
ERROR - 2020-04-01 00:16:13 --> 404 Page Not Found: 
ERROR - 2020-04-01 00:16:14 --> 404 Page Not Found: 
ERROR - 2020-04-01 00:16:14 --> 404 Page Not Found: 
ERROR - 2020-04-01 00:16:14 --> 404 Page Not Found: 
ERROR - 2020-04-01 00:16:14 --> 404 Page Not Found: 
ERROR - 2020-04-01 00:16:14 --> 404 Page Not Found: 
ERROR - 2020-04-01 00:16:15 --> 404 Page Not Found: 
ERROR - 2020-04-01 00:16:15 --> 404 Page Not Found: 
ERROR - 2020-04-01 00:16:15 --> 404 Page Not Found: 
ERROR - 2020-04-01 00:16:15 --> 404 Page Not Found: 
ERROR - 2020-04-01 00:16:15 --> 404 Page Not Found: 
ERROR - 2020-04-01 00:16:21 --> Severity: Warning --> Invalid argument supplied for foreach() F:\FBP.com\application\views\footer.php 351
ERROR - 2020-04-01 00:16:22 --> 404 Page Not Found: 
ERROR - 2020-04-01 00:16:22 --> 404 Page Not Found: 
ERROR - 2020-04-01 00:16:22 --> 404 Page Not Found: 
ERROR - 2020-04-01 00:16:46 --> Severity: Warning --> Invalid argument supplied for foreach() F:\FBP.com\application\views\footer.php 351
ERROR - 2020-04-01 00:16:47 --> 404 Page Not Found: 
ERROR - 2020-04-01 00:16:47 --> 404 Page Not Found: 
ERROR - 2020-04-01 00:16:47 --> 404 Page Not Found: 
ERROR - 2020-04-01 00:17:17 --> 404 Page Not Found: 
ERROR - 2020-04-01 00:17:17 --> 404 Page Not Found: 
ERROR - 2020-04-01 00:17:17 --> 404 Page Not Found: 
ERROR - 2020-04-01 00:17:17 --> 404 Page Not Found: 
ERROR - 2020-04-01 00:17:17 --> 404 Page Not Found: 
ERROR - 2020-04-01 00:17:17 --> 404 Page Not Found: 
ERROR - 2020-04-01 00:17:17 --> 404 Page Not Found: 
ERROR - 2020-04-01 00:17:18 --> 404 Page Not Found: 
ERROR - 2020-04-01 00:17:18 --> 404 Page Not Found: 
ERROR - 2020-04-01 00:17:18 --> 404 Page Not Found: 
ERROR - 2020-04-01 00:17:18 --> 404 Page Not Found: 
ERROR - 2020-04-01 00:17:19 --> 404 Page Not Found: 
ERROR - 2020-04-01 00:17:19 --> 404 Page Not Found: 
ERROR - 2020-04-01 00:17:20 --> 404 Page Not Found: 
ERROR - 2020-04-01 00:17:20 --> 404 Page Not Found: 
ERROR - 2020-04-01 00:17:20 --> 404 Page Not Found: 
ERROR - 2020-04-01 00:17:20 --> 404 Page Not Found: 
ERROR - 2020-04-01 00:17:20 --> 404 Page Not Found: 
ERROR - 2020-04-01 00:17:20 --> 404 Page Not Found: 
ERROR - 2020-04-01 00:17:21 --> 404 Page Not Found: 
ERROR - 2020-04-01 00:17:21 --> 404 Page Not Found: 
ERROR - 2020-04-01 00:17:21 --> 404 Page Not Found: 
ERROR - 2020-04-01 00:17:21 --> 404 Page Not Found: 
ERROR - 2020-04-01 00:17:21 --> 404 Page Not Found: 
ERROR - 2020-04-01 00:17:21 --> 404 Page Not Found: 
ERROR - 2020-04-01 00:17:21 --> 404 Page Not Found: 
ERROR - 2020-04-01 00:17:39 --> Severity: Warning --> Invalid argument supplied for foreach() F:\FBP.com\application\views\footer.php 351
ERROR - 2020-04-01 00:17:40 --> 404 Page Not Found: 
ERROR - 2020-04-01 00:17:40 --> 404 Page Not Found: 
ERROR - 2020-04-01 00:17:40 --> 404 Page Not Found: 
ERROR - 2020-04-01 00:18:07 --> 404 Page Not Found: 
ERROR - 2020-04-01 00:18:07 --> 404 Page Not Found: 
ERROR - 2020-04-01 00:18:07 --> 404 Page Not Found: 
ERROR - 2020-04-01 00:18:07 --> 404 Page Not Found: 
ERROR - 2020-04-01 00:18:08 --> 404 Page Not Found: 
ERROR - 2020-04-01 00:18:08 --> 404 Page Not Found: 
ERROR - 2020-04-01 00:18:08 --> 404 Page Not Found: 
ERROR - 2020-04-01 00:18:08 --> 404 Page Not Found: 
ERROR - 2020-04-01 00:18:08 --> 404 Page Not Found: 
ERROR - 2020-04-01 00:18:08 --> 404 Page Not Found: 
ERROR - 2020-04-01 00:18:08 --> 404 Page Not Found: 
ERROR - 2020-04-01 00:18:09 --> 404 Page Not Found: 
ERROR - 2020-04-01 00:18:10 --> 404 Page Not Found: 
ERROR - 2020-04-01 00:18:10 --> 404 Page Not Found: 
ERROR - 2020-04-01 00:18:10 --> 404 Page Not Found: 
ERROR - 2020-04-01 00:18:10 --> 404 Page Not Found: 
ERROR - 2020-04-01 00:18:10 --> 404 Page Not Found: 
ERROR - 2020-04-01 00:18:10 --> 404 Page Not Found: 
ERROR - 2020-04-01 00:18:11 --> 404 Page Not Found: 
ERROR - 2020-04-01 00:18:11 --> 404 Page Not Found: 
ERROR - 2020-04-01 00:18:11 --> 404 Page Not Found: 
ERROR - 2020-04-01 00:18:11 --> 404 Page Not Found: 
ERROR - 2020-04-01 00:18:11 --> 404 Page Not Found: 
ERROR - 2020-04-01 00:18:11 --> 404 Page Not Found: 
ERROR - 2020-04-01 00:18:11 --> 404 Page Not Found: 
ERROR - 2020-04-01 00:18:12 --> 404 Page Not Found: 
ERROR - 2020-04-01 00:19:55 --> 404 Page Not Found: 
ERROR - 2020-04-01 00:19:56 --> 404 Page Not Found: 
ERROR - 2020-04-01 00:19:56 --> 404 Page Not Found: 
ERROR - 2020-04-01 00:19:56 --> 404 Page Not Found: 
ERROR - 2020-04-01 00:19:56 --> 404 Page Not Found: 
ERROR - 2020-04-01 00:19:56 --> 404 Page Not Found: 
ERROR - 2020-04-01 00:19:56 --> 404 Page Not Found: 
ERROR - 2020-04-01 00:19:56 --> 404 Page Not Found: 
ERROR - 2020-04-01 00:19:56 --> 404 Page Not Found: 
ERROR - 2020-04-01 00:19:56 --> 404 Page Not Found: 
ERROR - 2020-04-01 00:19:56 --> 404 Page Not Found: 
ERROR - 2020-04-01 00:19:57 --> 404 Page Not Found: 
ERROR - 2020-04-01 00:19:58 --> 404 Page Not Found: 
ERROR - 2020-04-01 00:19:58 --> 404 Page Not Found: 
ERROR - 2020-04-01 00:19:58 --> 404 Page Not Found: 
ERROR - 2020-04-01 00:19:58 --> 404 Page Not Found: 
ERROR - 2020-04-01 00:19:58 --> 404 Page Not Found: 
ERROR - 2020-04-01 00:19:59 --> 404 Page Not Found: 
ERROR - 2020-04-01 00:19:59 --> 404 Page Not Found: 
ERROR - 2020-04-01 00:19:59 --> 404 Page Not Found: 
ERROR - 2020-04-01 00:19:59 --> 404 Page Not Found: 
ERROR - 2020-04-01 00:19:59 --> 404 Page Not Found: 
ERROR - 2020-04-01 00:20:00 --> 404 Page Not Found: 
ERROR - 2020-04-01 00:20:00 --> 404 Page Not Found: 
ERROR - 2020-04-01 00:20:00 --> 404 Page Not Found: 
ERROR - 2020-04-01 00:20:00 --> 404 Page Not Found: 
ERROR - 2020-04-01 00:20:04 --> 404 Page Not Found: 
ERROR - 2020-04-01 00:20:04 --> 404 Page Not Found: 
ERROR - 2020-04-01 00:20:04 --> 404 Page Not Found: 
ERROR - 2020-04-01 00:20:59 --> 404 Page Not Found: 
ERROR - 2020-04-01 00:20:59 --> 404 Page Not Found: 
ERROR - 2020-04-01 00:20:59 --> 404 Page Not Found: 
ERROR - 2020-04-01 00:20:59 --> 404 Page Not Found: 
ERROR - 2020-04-01 00:20:59 --> 404 Page Not Found: 
ERROR - 2020-04-01 00:20:59 --> 404 Page Not Found: 
ERROR - 2020-04-01 00:20:59 --> 404 Page Not Found: 
ERROR - 2020-04-01 00:20:59 --> 404 Page Not Found: 
ERROR - 2020-04-01 00:21:00 --> 404 Page Not Found: 
ERROR - 2020-04-01 00:21:00 --> 404 Page Not Found: 
ERROR - 2020-04-01 00:21:00 --> 404 Page Not Found: 
ERROR - 2020-04-01 00:21:01 --> 404 Page Not Found: 
ERROR - 2020-04-01 00:21:01 --> 404 Page Not Found: 
ERROR - 2020-04-01 00:21:01 --> 404 Page Not Found: 
ERROR - 2020-04-01 00:21:01 --> 404 Page Not Found: 
ERROR - 2020-04-01 00:21:01 --> 404 Page Not Found: 
ERROR - 2020-04-01 00:21:01 --> 404 Page Not Found: 
ERROR - 2020-04-01 00:21:02 --> 404 Page Not Found: 
ERROR - 2020-04-01 00:21:02 --> 404 Page Not Found: 
ERROR - 2020-04-01 00:21:02 --> 404 Page Not Found: 
ERROR - 2020-04-01 00:21:02 --> 404 Page Not Found: 
ERROR - 2020-04-01 00:21:03 --> 404 Page Not Found: 
ERROR - 2020-04-01 00:21:03 --> 404 Page Not Found: 
ERROR - 2020-04-01 00:21:03 --> 404 Page Not Found: 
ERROR - 2020-04-01 00:21:03 --> 404 Page Not Found: 
ERROR - 2020-04-01 00:21:03 --> 404 Page Not Found: 
ERROR - 2020-04-01 00:21:33 --> 404 Page Not Found: 
ERROR - 2020-04-01 00:21:33 --> 404 Page Not Found: 
ERROR - 2020-04-01 00:21:33 --> 404 Page Not Found: 
ERROR - 2020-04-01 00:22:05 --> 404 Page Not Found: 
ERROR - 2020-04-01 00:22:05 --> 404 Page Not Found: 
ERROR - 2020-04-01 00:22:06 --> 404 Page Not Found: 
ERROR - 2020-04-01 00:22:25 --> 404 Page Not Found: 
ERROR - 2020-04-01 00:22:26 --> 404 Page Not Found: 
ERROR - 2020-04-01 00:22:26 --> 404 Page Not Found: 
ERROR - 2020-04-01 00:22:58 --> 404 Page Not Found: 
ERROR - 2020-04-01 00:22:59 --> 404 Page Not Found: 
ERROR - 2020-04-01 00:22:59 --> 404 Page Not Found: 
ERROR - 2020-04-01 00:23:22 --> 404 Page Not Found: 
ERROR - 2020-04-01 00:23:22 --> 404 Page Not Found: 
ERROR - 2020-04-01 00:23:22 --> 404 Page Not Found: 
ERROR - 2020-04-01 00:25:09 --> 404 Page Not Found: 
ERROR - 2020-04-01 00:25:09 --> 404 Page Not Found: 
ERROR - 2020-04-01 00:25:09 --> 404 Page Not Found: 
ERROR - 2020-04-01 00:25:33 --> 404 Page Not Found: 
ERROR - 2020-04-01 00:25:33 --> 404 Page Not Found: 
ERROR - 2020-04-01 00:25:33 --> 404 Page Not Found: 
ERROR - 2020-04-01 00:26:12 --> 404 Page Not Found: 
ERROR - 2020-04-01 00:26:12 --> 404 Page Not Found: 
ERROR - 2020-04-01 00:26:12 --> 404 Page Not Found: 
ERROR - 2020-04-01 00:26:12 --> 404 Page Not Found: 
ERROR - 2020-04-01 00:26:34 --> 404 Page Not Found: 
ERROR - 2020-04-01 00:26:34 --> 404 Page Not Found: 
ERROR - 2020-04-01 00:26:34 --> 404 Page Not Found: 
ERROR - 2020-04-01 00:26:56 --> 404 Page Not Found: 
ERROR - 2020-04-01 00:26:56 --> 404 Page Not Found: 
ERROR - 2020-04-01 00:26:56 --> 404 Page Not Found: 
ERROR - 2020-04-01 00:26:56 --> 404 Page Not Found: 
ERROR - 2020-04-01 00:26:57 --> 404 Page Not Found: 
ERROR - 2020-04-01 00:26:57 --> 404 Page Not Found: 
ERROR - 2020-04-01 00:26:57 --> 404 Page Not Found: 
ERROR - 2020-04-01 00:26:57 --> 404 Page Not Found: 
ERROR - 2020-04-01 00:27:00 --> 404 Page Not Found: 
ERROR - 2020-04-01 00:27:00 --> 404 Page Not Found: 
ERROR - 2020-04-01 00:27:00 --> 404 Page Not Found: 
ERROR - 2020-04-01 00:27:07 --> 404 Page Not Found: 
ERROR - 2020-04-01 00:27:08 --> 404 Page Not Found: 
ERROR - 2020-04-01 00:27:08 --> 404 Page Not Found: 
ERROR - 2020-04-01 00:27:28 --> 404 Page Not Found: 
ERROR - 2020-04-01 00:27:28 --> 404 Page Not Found: 
ERROR - 2020-04-01 00:27:28 --> 404 Page Not Found: 
ERROR - 2020-04-01 00:27:38 --> 404 Page Not Found: 
ERROR - 2020-04-01 00:27:38 --> 404 Page Not Found: 
ERROR - 2020-04-01 00:27:38 --> 404 Page Not Found: 
ERROR - 2020-04-01 00:27:38 --> 404 Page Not Found: 
ERROR - 2020-04-01 00:32:05 --> 404 Page Not Found: 
ERROR - 2020-04-01 00:32:05 --> 404 Page Not Found: 
ERROR - 2020-04-01 00:32:05 --> 404 Page Not Found: 
ERROR - 2020-04-01 00:32:06 --> 404 Page Not Found: 
ERROR - 2020-04-01 00:32:06 --> 404 Page Not Found: 
ERROR - 2020-04-01 00:32:06 --> 404 Page Not Found: 
ERROR - 2020-04-01 00:32:06 --> 404 Page Not Found: 
ERROR - 2020-04-01 00:32:06 --> 404 Page Not Found: 
ERROR - 2020-04-01 00:32:06 --> 404 Page Not Found: 
ERROR - 2020-04-01 00:32:06 --> 404 Page Not Found: 
ERROR - 2020-04-01 00:32:07 --> 404 Page Not Found: 
ERROR - 2020-04-01 00:32:08 --> 404 Page Not Found: 
ERROR - 2020-04-01 00:32:08 --> 404 Page Not Found: 
ERROR - 2020-04-01 00:32:08 --> 404 Page Not Found: 
ERROR - 2020-04-01 00:32:08 --> 404 Page Not Found: 
ERROR - 2020-04-01 00:32:08 --> 404 Page Not Found: 
ERROR - 2020-04-01 00:32:09 --> 404 Page Not Found: 
ERROR - 2020-04-01 00:32:09 --> 404 Page Not Found: 
ERROR - 2020-04-01 00:32:09 --> 404 Page Not Found: 
ERROR - 2020-04-01 00:32:09 --> 404 Page Not Found: 
ERROR - 2020-04-01 00:32:09 --> 404 Page Not Found: 
ERROR - 2020-04-01 00:32:09 --> 404 Page Not Found: 
ERROR - 2020-04-01 00:32:09 --> 404 Page Not Found: 
ERROR - 2020-04-01 00:32:09 --> 404 Page Not Found: 
ERROR - 2020-04-01 00:32:09 --> 404 Page Not Found: 
ERROR - 2020-04-01 00:32:10 --> 404 Page Not Found: 
ERROR - 2020-04-01 00:33:03 --> 404 Page Not Found: 
ERROR - 2020-04-01 00:33:03 --> 404 Page Not Found: 
ERROR - 2020-04-01 00:33:03 --> 404 Page Not Found: 
ERROR - 2020-04-01 00:33:03 --> 404 Page Not Found: 
ERROR - 2020-04-01 00:33:03 --> 404 Page Not Found: 
ERROR - 2020-04-01 00:33:04 --> 404 Page Not Found: 
ERROR - 2020-04-01 00:33:04 --> 404 Page Not Found: 
ERROR - 2020-04-01 00:33:04 --> 404 Page Not Found: 
ERROR - 2020-04-01 00:33:05 --> 404 Page Not Found: 
ERROR - 2020-04-01 00:33:05 --> 404 Page Not Found: 
ERROR - 2020-04-01 00:33:05 --> 404 Page Not Found: 
ERROR - 2020-04-01 00:33:07 --> 404 Page Not Found: 
ERROR - 2020-04-01 00:33:07 --> 404 Page Not Found: 
ERROR - 2020-04-01 00:33:16 --> 404 Page Not Found: 
ERROR - 2020-04-01 00:33:16 --> 404 Page Not Found: 
ERROR - 2020-04-01 00:33:16 --> 404 Page Not Found: 
ERROR - 2020-04-01 00:33:16 --> 404 Page Not Found: 
ERROR - 2020-04-01 00:33:16 --> 404 Page Not Found: 
ERROR - 2020-04-01 00:33:16 --> 404 Page Not Found: 
ERROR - 2020-04-01 00:33:16 --> 404 Page Not Found: 
ERROR - 2020-04-01 00:33:17 --> 404 Page Not Found: 
ERROR - 2020-04-01 00:33:17 --> 404 Page Not Found: 
ERROR - 2020-04-01 00:33:18 --> 404 Page Not Found: 
ERROR - 2020-04-01 00:33:18 --> 404 Page Not Found: 
ERROR - 2020-04-01 00:33:18 --> 404 Page Not Found: 
ERROR - 2020-04-01 00:33:18 --> 404 Page Not Found: 
ERROR - 2020-04-01 00:33:19 --> 404 Page Not Found: 
ERROR - 2020-04-01 00:33:19 --> 404 Page Not Found: 
ERROR - 2020-04-01 00:33:19 --> 404 Page Not Found: 
ERROR - 2020-04-01 00:33:19 --> 404 Page Not Found: 
ERROR - 2020-04-01 00:33:19 --> 404 Page Not Found: 
ERROR - 2020-04-01 00:36:53 --> Severity: Warning --> Invalid argument supplied for foreach() F:\FBP.com\application\controllers\Home.php 294
ERROR - 2020-04-01 00:36:53 --> Severity: Warning --> Invalid argument supplied for foreach() F:\FBP.com\application\views\city_listing.php 293
ERROR - 2020-04-01 00:41:41 --> 404 Page Not Found: 
ERROR - 2020-04-01 00:41:42 --> 404 Page Not Found: 
ERROR - 2020-04-01 00:41:42 --> 404 Page Not Found: 
ERROR - 2020-04-01 00:41:42 --> 404 Page Not Found: 
ERROR - 2020-04-01 00:41:42 --> 404 Page Not Found: 
ERROR - 2020-04-01 00:41:42 --> 404 Page Not Found: 
ERROR - 2020-04-01 00:41:42 --> 404 Page Not Found: 
ERROR - 2020-04-01 00:41:43 --> 404 Page Not Found: 
ERROR - 2020-04-01 00:41:43 --> 404 Page Not Found: 
ERROR - 2020-04-01 00:41:43 --> 404 Page Not Found: 
ERROR - 2020-04-01 00:41:43 --> 404 Page Not Found: 
ERROR - 2020-04-01 00:41:43 --> 404 Page Not Found: 
ERROR - 2020-04-01 00:41:43 --> 404 Page Not Found: 
ERROR - 2020-04-01 00:41:43 --> 404 Page Not Found: 
ERROR - 2020-04-01 00:41:43 --> 404 Page Not Found: 
ERROR - 2020-04-01 00:41:43 --> 404 Page Not Found: 
ERROR - 2020-04-01 00:41:43 --> 404 Page Not Found: 
ERROR - 2020-04-01 00:41:43 --> 404 Page Not Found: 
ERROR - 2020-04-01 00:41:44 --> 404 Page Not Found: 
ERROR - 2020-04-01 00:41:44 --> 404 Page Not Found: 
ERROR - 2020-04-01 00:41:44 --> 404 Page Not Found: 
ERROR - 2020-04-01 00:41:44 --> 404 Page Not Found: 
ERROR - 2020-04-01 00:41:44 --> 404 Page Not Found: 
ERROR - 2020-04-01 00:41:44 --> 404 Page Not Found: 
ERROR - 2020-04-01 00:41:44 --> 404 Page Not Found: 
ERROR - 2020-04-01 00:41:44 --> 404 Page Not Found: 
ERROR - 2020-04-01 00:42:34 --> 404 Page Not Found: 
ERROR - 2020-04-01 00:42:34 --> 404 Page Not Found: 
ERROR - 2020-04-01 00:42:34 --> 404 Page Not Found: 
ERROR - 2020-04-01 00:42:35 --> 404 Page Not Found: 
ERROR - 2020-04-01 00:42:35 --> 404 Page Not Found: 
ERROR - 2020-04-01 00:42:35 --> 404 Page Not Found: 
ERROR - 2020-04-01 00:42:35 --> 404 Page Not Found: 
ERROR - 2020-04-01 00:42:35 --> 404 Page Not Found: 
ERROR - 2020-04-01 00:42:35 --> 404 Page Not Found: 
ERROR - 2020-04-01 00:42:35 --> 404 Page Not Found: 
ERROR - 2020-04-01 00:42:35 --> 404 Page Not Found: 
ERROR - 2020-04-01 00:42:36 --> 404 Page Not Found: 
ERROR - 2020-04-01 00:42:36 --> 404 Page Not Found: 
ERROR - 2020-04-01 00:42:37 --> 404 Page Not Found: 
ERROR - 2020-04-01 00:42:37 --> 404 Page Not Found: 
ERROR - 2020-04-01 00:42:37 --> 404 Page Not Found: 
ERROR - 2020-04-01 00:42:37 --> 404 Page Not Found: 
ERROR - 2020-04-01 00:42:37 --> 404 Page Not Found: 
ERROR - 2020-04-01 00:42:37 --> 404 Page Not Found: 
ERROR - 2020-04-01 00:42:38 --> 404 Page Not Found: 
ERROR - 2020-04-01 00:42:38 --> 404 Page Not Found: 
ERROR - 2020-04-01 00:42:38 --> 404 Page Not Found: 
ERROR - 2020-04-01 00:42:38 --> 404 Page Not Found: 
ERROR - 2020-04-01 00:42:38 --> 404 Page Not Found: 
ERROR - 2020-04-01 00:42:38 --> 404 Page Not Found: 
ERROR - 2020-04-01 00:42:38 --> 404 Page Not Found: 
ERROR - 2020-04-01 00:43:31 --> 404 Page Not Found: 
ERROR - 2020-04-01 00:43:31 --> 404 Page Not Found: 
ERROR - 2020-04-01 00:43:31 --> 404 Page Not Found: 
ERROR - 2020-04-01 00:43:48 --> 404 Page Not Found: 
ERROR - 2020-04-01 00:43:48 --> 404 Page Not Found: 
ERROR - 2020-04-01 00:43:48 --> 404 Page Not Found: 
ERROR - 2020-04-01 00:44:01 --> 404 Page Not Found: 
ERROR - 2020-04-01 00:44:01 --> 404 Page Not Found: 
ERROR - 2020-04-01 00:44:01 --> 404 Page Not Found: 
ERROR - 2020-04-01 00:44:01 --> 404 Page Not Found: 
ERROR - 2020-04-01 00:46:35 --> 404 Page Not Found: 
ERROR - 2020-04-01 00:46:35 --> 404 Page Not Found: 
ERROR - 2020-04-01 00:46:36 --> 404 Page Not Found: 
ERROR - 2020-04-01 00:46:36 --> 404 Page Not Found: 
ERROR - 2020-04-01 00:46:36 --> 404 Page Not Found: 
ERROR - 2020-04-01 00:46:36 --> 404 Page Not Found: 
ERROR - 2020-04-01 00:46:36 --> 404 Page Not Found: 
ERROR - 2020-04-01 00:46:36 --> 404 Page Not Found: 
ERROR - 2020-04-01 00:46:37 --> 404 Page Not Found: 
ERROR - 2020-04-01 00:46:37 --> 404 Page Not Found: 
ERROR - 2020-04-01 00:46:37 --> 404 Page Not Found: 
ERROR - 2020-04-01 00:46:37 --> 404 Page Not Found: 
ERROR - 2020-04-01 00:46:38 --> 404 Page Not Found: 
ERROR - 2020-04-01 00:46:38 --> 404 Page Not Found: 
ERROR - 2020-04-01 00:46:38 --> 404 Page Not Found: 
ERROR - 2020-04-01 00:46:38 --> 404 Page Not Found: 
ERROR - 2020-04-01 00:46:38 --> 404 Page Not Found: 
ERROR - 2020-04-01 00:46:38 --> 404 Page Not Found: 
ERROR - 2020-04-01 00:46:39 --> 404 Page Not Found: 
ERROR - 2020-04-01 00:46:39 --> 404 Page Not Found: 
ERROR - 2020-04-01 00:46:39 --> 404 Page Not Found: 
ERROR - 2020-04-01 00:46:39 --> 404 Page Not Found: 
ERROR - 2020-04-01 00:46:39 --> 404 Page Not Found: 
ERROR - 2020-04-01 00:46:39 --> 404 Page Not Found: 
ERROR - 2020-04-01 00:46:39 --> 404 Page Not Found: 
ERROR - 2020-04-01 00:46:40 --> 404 Page Not Found: 
ERROR - 2020-04-01 00:47:12 --> 404 Page Not Found: 
ERROR - 2020-04-01 00:47:12 --> 404 Page Not Found: 
ERROR - 2020-04-01 00:47:12 --> 404 Page Not Found: 
ERROR - 2020-04-01 00:47:12 --> 404 Page Not Found: 
ERROR - 2020-04-01 00:47:12 --> 404 Page Not Found: 
ERROR - 2020-04-01 00:47:12 --> 404 Page Not Found: 
ERROR - 2020-04-01 00:47:12 --> 404 Page Not Found: 
ERROR - 2020-04-01 00:47:12 --> 404 Page Not Found: 
ERROR - 2020-04-01 00:48:04 --> 404 Page Not Found: 
ERROR - 2020-04-01 00:48:04 --> 404 Page Not Found: 
ERROR - 2020-04-01 00:48:04 --> 404 Page Not Found: 
ERROR - 2020-04-01 00:48:04 --> 404 Page Not Found: 
ERROR - 2020-04-01 00:48:04 --> 404 Page Not Found: 
ERROR - 2020-04-01 00:48:16 --> 404 Page Not Found: 
ERROR - 2020-04-01 00:48:16 --> 404 Page Not Found: 
ERROR - 2020-04-01 00:48:16 --> 404 Page Not Found: 
ERROR - 2020-04-01 00:48:16 --> 404 Page Not Found: 
ERROR - 2020-04-01 00:48:16 --> 404 Page Not Found: 
ERROR - 2020-04-01 00:49:48 --> 404 Page Not Found: 
ERROR - 2020-04-01 00:49:48 --> 404 Page Not Found: 
ERROR - 2020-04-01 00:49:48 --> 404 Page Not Found: 
ERROR - 2020-04-01 00:49:48 --> 404 Page Not Found: 
ERROR - 2020-04-01 00:49:49 --> 404 Page Not Found: 
ERROR - 2020-04-01 00:50:07 --> 404 Page Not Found: 
ERROR - 2020-04-01 00:50:07 --> 404 Page Not Found: 
ERROR - 2020-04-01 00:50:07 --> 404 Page Not Found: 
ERROR - 2020-04-01 00:50:07 --> 404 Page Not Found: 
ERROR - 2020-04-01 00:50:07 --> 404 Page Not Found: 
ERROR - 2020-04-01 00:50:07 --> 404 Page Not Found: 
ERROR - 2020-04-01 00:50:08 --> 404 Page Not Found: 
ERROR - 2020-04-01 00:50:08 --> 404 Page Not Found: 
ERROR - 2020-04-01 00:50:41 --> 404 Page Not Found: 
ERROR - 2020-04-01 00:50:41 --> 404 Page Not Found: 
ERROR - 2020-04-01 00:50:41 --> 404 Page Not Found: 
ERROR - 2020-04-01 00:50:42 --> 404 Page Not Found: 
ERROR - 2020-04-01 00:50:42 --> 404 Page Not Found: 
ERROR - 2020-04-01 00:50:53 --> 404 Page Not Found: 
ERROR - 2020-04-01 00:50:53 --> 404 Page Not Found: 
ERROR - 2020-04-01 00:50:53 --> 404 Page Not Found: 
ERROR - 2020-04-01 00:50:53 --> 404 Page Not Found: 
ERROR - 2020-04-01 00:50:53 --> 404 Page Not Found: 
ERROR - 2020-04-01 00:51:00 --> 404 Page Not Found: 
ERROR - 2020-04-01 00:51:00 --> 404 Page Not Found: 
ERROR - 2020-04-01 00:51:00 --> 404 Page Not Found: 
ERROR - 2020-04-01 10:13:52 --> 404 Page Not Found: 
ERROR - 2020-04-01 10:13:53 --> 404 Page Not Found: 
ERROR - 2020-04-01 10:13:53 --> 404 Page Not Found: 
ERROR - 2020-04-01 10:13:53 --> 404 Page Not Found: 
ERROR - 2020-04-01 10:13:53 --> 404 Page Not Found: 
ERROR - 2020-04-01 10:14:52 --> 404 Page Not Found: 
ERROR - 2020-04-01 10:14:52 --> 404 Page Not Found: 
ERROR - 2020-04-01 10:14:52 --> 404 Page Not Found: 
ERROR - 2020-04-01 10:14:52 --> 404 Page Not Found: 
ERROR - 2020-04-01 10:14:52 --> 404 Page Not Found: 
ERROR - 2020-04-01 10:16:29 --> 404 Page Not Found: 
ERROR - 2020-04-01 10:16:29 --> 404 Page Not Found: 
ERROR - 2020-04-01 10:16:30 --> 404 Page Not Found: 
ERROR - 2020-04-01 10:16:30 --> 404 Page Not Found: 
ERROR - 2020-04-01 10:16:30 --> 404 Page Not Found: 
ERROR - 2020-04-01 10:16:30 --> 404 Page Not Found: 
ERROR - 2020-04-01 10:16:30 --> 404 Page Not Found: 
ERROR - 2020-04-01 10:16:30 --> 404 Page Not Found: 
ERROR - 2020-04-01 10:16:49 --> 404 Page Not Found: 
ERROR - 2020-04-01 10:16:49 --> 404 Page Not Found: 
ERROR - 2020-04-01 10:16:49 --> 404 Page Not Found: 
ERROR - 2020-04-01 10:16:49 --> 404 Page Not Found: 
ERROR - 2020-04-01 10:16:49 --> 404 Page Not Found: 
ERROR - 2020-04-01 10:17:04 --> 404 Page Not Found: 
ERROR - 2020-04-01 10:17:04 --> 404 Page Not Found: 
ERROR - 2020-04-01 10:17:04 --> 404 Page Not Found: 
ERROR - 2020-04-01 10:17:04 --> 404 Page Not Found: 
ERROR - 2020-04-01 10:17:04 --> 404 Page Not Found: 
ERROR - 2020-04-01 10:17:38 --> 404 Page Not Found: 
ERROR - 2020-04-01 10:17:38 --> 404 Page Not Found: 
ERROR - 2020-04-01 10:17:38 --> 404 Page Not Found: 
ERROR - 2020-04-01 10:17:38 --> 404 Page Not Found: 
ERROR - 2020-04-01 10:17:38 --> 404 Page Not Found: 
ERROR - 2020-04-01 06:48:20 --> Severity: error --> Exception: syntax error, unexpected 'else' (T_ELSE) F:\FBP.com\application\controllers\Home.php 287
ERROR - 2020-04-01 06:48:32 --> Severity: error --> Exception: syntax error, unexpected 'public' (T_PUBLIC) F:\FBP.com\application\controllers\Home.php 327
ERROR - 2020-04-01 10:19:13 --> 404 Page Not Found: 
ERROR - 2020-04-01 10:19:20 --> 404 Page Not Found: 
ERROR - 2020-04-01 10:19:20 --> 404 Page Not Found: 
ERROR - 2020-04-01 10:48:02 --> 404 Page Not Found: 
ERROR - 2020-04-01 10:48:02 --> 404 Page Not Found: 
ERROR - 2020-04-01 10:48:03 --> 404 Page Not Found: 
ERROR - 2020-04-01 10:48:03 --> 404 Page Not Found: 
ERROR - 2020-04-01 10:48:03 --> 404 Page Not Found: 
ERROR - 2020-04-01 10:48:03 --> 404 Page Not Found: 
ERROR - 2020-04-01 10:48:03 --> 404 Page Not Found: 
ERROR - 2020-04-01 10:48:03 --> 404 Page Not Found: 
ERROR - 2020-04-01 10:49:44 --> 404 Page Not Found: 
ERROR - 2020-04-01 10:49:44 --> 404 Page Not Found: 
ERROR - 2020-04-01 10:49:44 --> 404 Page Not Found: 
ERROR - 2020-04-01 10:49:44 --> 404 Page Not Found: 
ERROR - 2020-04-01 10:49:44 --> 404 Page Not Found: 
ERROR - 2020-04-01 10:49:44 --> 404 Page Not Found: 
ERROR - 2020-04-01 10:49:44 --> 404 Page Not Found: 
ERROR - 2020-04-01 10:49:44 --> 404 Page Not Found: 
ERROR - 2020-04-01 10:49:58 --> Severity: error --> Exception: Call to undefined method Footer_Links_model::loadLocations() F:\FBP.com\application\controllers\admin\FooterLinks.php 52
ERROR - 2020-04-01 10:50:30 --> Query error: Unknown column 'loc.status' in 'where clause' - Invalid query: SELECT `pft`.*
FROM `property_type` `pft`
WHERE `loc`.`status` = 1
ORDER BY `id` DESC
ERROR - 2020-04-01 10:50:45 --> Severity: error --> Exception: Call to undefined method Footer_Links_model::loadLocations() F:\FBP.com\application\controllers\admin\FooterLinks.php 55
ERROR - 2020-04-01 10:51:39 --> Could not find the language line "Propert footer Links"
ERROR - 2020-04-01 10:52:12 --> Could not find the language line "Propert footer Links"
ERROR - 2020-04-01 10:53:29 --> Could not find the language line "Propert footer Links"
ERROR - 2020-04-01 10:53:34 --> Could not find the language line "Propert footer Links"
ERROR - 2020-04-01 10:54:38 --> Could not find the language line "Propert footer Links"
ERROR - 2020-04-01 10:54:43 --> Could not find the language line "Propert footer Links"
ERROR - 2020-04-01 10:55:17 --> Could not find the language line "Propert footer Links"
ERROR - 2020-04-01 10:55:30 --> Query error: Unknown column 'pft.ssearch_key' in 'where clause' - Invalid query: SELECT `pft`.*
FROM `property_type` `pft`
WHERE   (
`pft`.`name` LIKE '%Plotes%' ESCAPE '!'
OR  `pft`.`ssearch_key` LIKE '%Plotes%' ESCAPE '!'
 )
AND `pft`.`status` = 1
ORDER BY `id` DESC
ERROR - 2020-04-01 10:55:43 --> Could not find the language line "Propert footer Links"
ERROR - 2020-04-01 10:55:48 --> Could not find the language line "Propert footer Links"
ERROR - 2020-04-01 10:56:05 --> Could not find the language line "Propert footer Links"
ERROR - 2020-04-01 10:56:12 --> Could not find the language line "Propert footer Links"
ERROR - 2020-04-01 11:01:30 --> Could not find the language line "Propert footer Links"
ERROR - 2020-04-01 11:01:32 --> Could not find the language line "Property Footer title "
ERROR - 2020-04-01 11:09:40 --> Could not find the language line "Property Footer title "
ERROR - 2020-04-01 11:09:45 --> Could not find the language line "Propert footer Links"
ERROR - 2020-04-01 11:09:47 --> Could not find the language line "Property Footer title "
ERROR - 2020-04-01 11:09:49 --> Could not find the language line "Propert footer Links"
ERROR - 2020-04-01 11:10:10 --> Could not find the language line "Propert footer Links"
ERROR - 2020-04-01 11:10:14 --> Could not find the language line "Property Footer title "
ERROR - 2020-04-01 11:10:49 --> Could not find the language line "Property Footer title "
ERROR - 2020-04-01 11:10:58 --> Could not find the language line "Property Footer title "
ERROR - 2020-04-01 11:11:01 --> Could not find the language line "Property Footer title "
ERROR - 2020-04-01 11:11:04 --> Could not find the language line "Property Footer title "
ERROR - 2020-04-01 11:11:05 --> Could not find the language line "Propert footer Links"
ERROR - 2020-04-01 11:11:41 --> Could not find the language line "Property Footer title "
ERROR - 2020-04-01 11:12:45 --> Could not find the language line "Property Footer title "
ERROR - 2020-04-01 11:13:17 --> Could not find the language line "Property Footer title "
ERROR - 2020-04-01 11:14:15 --> Could not find the language line "Property Footer title "
ERROR - 2020-04-01 11:14:21 --> Could not find the language line "Property Footer title "
ERROR - 2020-04-01 11:14:25 --> Could not find the language line "Property Footer title "
ERROR - 2020-04-01 11:14:51 --> Query error: Unknown column 'Seach_key' in 'field list' - Invalid query: UPDATE `property_type` SET `name` = 'Plots in Bangalore', `Seach_key` = 'Plots'
WHERE `id` = '16'
ERROR - 2020-04-01 11:15:11 --> Could not find the language line "Propert footer Links"
ERROR - 2020-04-01 11:15:15 --> Could not find the language line "Property Footer title "
ERROR - 2020-04-01 11:15:20 --> Could not find the language line "Propert footer Links"
ERROR - 2020-04-01 11:15:25 --> Could not find the language line "Property Footer title "
ERROR - 2020-04-01 11:16:07 --> Could not find the language line "Propert footer Links"
ERROR - 2020-04-01 11:16:09 --> Could not find the language line "Property Footer title "
ERROR - 2020-04-01 11:16:13 --> Could not find the language line "Propert footer Links"
ERROR - 2020-04-01 11:17:04 --> Could not find the language line "Propert footer Links"
ERROR - 2020-04-01 11:17:08 --> Could not find the language line "Propert footer Links"
ERROR - 2020-04-01 11:17:33 --> Could not find the language line "Propert footer Links"
ERROR - 2020-04-01 11:17:40 --> Could not find the language line "Propert footer Links"
ERROR - 2020-04-01 11:17:44 --> Could not find the language line "Property Footer title "
ERROR - 2020-04-01 11:17:49 --> Could not find the language line "Propert footer Links"
ERROR - 2020-04-01 11:17:55 --> Could not find the language line "Property Footer title "
ERROR - 2020-04-01 11:18:02 --> Could not find the language line "Propert footer Links"
ERROR - 2020-04-01 11:19:41 --> Could not find the language line "locations title add_property_footer_links"
ERROR - 2020-04-01 11:19:52 --> Could not find the language line "locations title add_property_footer_links"
ERROR - 2020-04-01 11:20:03 --> Could not find the language line "locations title add_property_footer_links"
ERROR - 2020-04-01 11:20:09 --> Could not find the language line "Propert footer Links"
ERROR - 2020-04-01 11:20:12 --> Could not find the language line "Property Footer title "
ERROR - 2020-04-01 11:20:16 --> Could not find the language line "locations title add_property_footer_links"
ERROR - 2020-04-01 11:20:29 --> Could not find the language line "locations title add_property_footer_links"
ERROR - 2020-04-01 11:20:29 --> Severity: Warning --> Invalid argument supplied for foreach() F:\FBP.com\application\views\admin\footerpropertylinks\add.php 19
ERROR - 2020-04-01 11:22:27 --> Could not find the language line "locations title add_property_footer_links"
ERROR - 2020-04-01 11:23:32 --> Could not find the language line "locations title add_property_footer_links"
ERROR - 2020-04-01 11:24:36 --> Could not find the language line "locations title add_property_footer_links"
ERROR - 2020-04-01 11:25:06 --> Could not find the language line "locations title add_property_footer_links"
ERROR - 2020-04-01 11:25:07 --> Could not find the language line "locations title add_property_footer_links"
ERROR - 2020-04-01 11:25:11 --> Could not find the language line "locations title add_property_footer_links"
ERROR - 2020-04-01 11:25:34 --> Could not find the language line "Propert footer Links"
ERROR - 2020-04-01 11:25:37 --> Could not find the language line "Property Footer title "
ERROR - 2020-04-01 11:25:44 --> Could not find the language line "Propert footer Links"
ERROR - 2020-04-01 11:25:54 --> Could not find the language line "Propert footer Links"
ERROR - 2020-04-01 11:26:01 --> Could not find the language line "locations title add_property_footer_links"
ERROR - 2020-04-01 11:26:11 --> Could not find the language line "Propert footer Links"
ERROR - 2020-04-01 11:30:15 --> Could not find the language line "Propert footer Links"
ERROR - 2020-04-01 11:49:04 --> Query error: Table 'nkmtein_fullbasket_new.property_type' doesn't exist - Invalid query: SELECT *
FROM `property_type`
WHERE `status` = 1
ERROR - 2020-04-01 11:49:10 --> Query error: Table 'nkmtein_fullbasket_new.property_type' doesn't exist - Invalid query: SELECT *
FROM `property_type`
WHERE `status` = 1
ERROR - 2020-04-01 11:49:13 --> Query error: Table 'nkmtein_fullbasket_new.property_type' doesn't exist - Invalid query: SELECT *
FROM `property_type`
WHERE `status` = 1
ERROR - 2020-04-01 11:49:22 --> Query error: Table 'nkmtein_fullbasket_new.property_type' doesn't exist - Invalid query: SELECT *
FROM `property_type`
WHERE `status` = 1
ERROR - 2020-04-01 11:49:31 --> Query error: Table 'nkmtein_fullbasket_new.property_type' doesn't exist - Invalid query: SELECT *
FROM `property_type`
WHERE `status` = 1
ERROR - 2020-04-01 12:22:40 --> Query error: Table 'nkmtein_fullbasket_new.property_type' doesn't exist - Invalid query: SELECT *
FROM `property_type`
WHERE `status` = 1
ERROR - 2020-04-01 12:22:46 --> Query error: Table 'nkmtein_fullbasket_new.property_type' doesn't exist - Invalid query: SELECT *
FROM `property_type`
WHERE `status` = 1
ERROR - 2020-04-01 12:22:49 --> Query error: Table 'nkmtein_fullbasket_new.property_type' doesn't exist - Invalid query: SELECT *
FROM `property_type`
WHERE `status` = 1
ERROR - 2020-04-01 12:22:50 --> Query error: Table 'nkmtein_fullbasket_new.property_type' doesn't exist - Invalid query: SELECT *
FROM `property_type`
WHERE `status` = 1
ERROR - 2020-04-01 12:24:09 --> Query error: Table 'nkmtein_fullbasket_new.property_type' doesn't exist - Invalid query: SELECT *
FROM `property_type`
WHERE `status` = 1
ERROR - 2020-04-01 12:27:13 --> Query error: Table 'nkmtein_fullbasket_new.property_type' doesn't exist - Invalid query: SELECT *
FROM `property_type`
WHERE `status` = 1
ERROR - 2020-04-01 12:28:44 --> Query error: Table 'nkmtein_fullbasket_new.property_type' doesn't exist - Invalid query: SELECT *
FROM `property_type`
WHERE `status` = 1
ERROR - 2020-04-01 14:56:47 --> 404 Page Not Found: 
ERROR - 2020-04-01 15:04:24 --> 404 Page Not Found: 
ERROR - 2020-04-01 15:04:43 --> 404 Page Not Found: 
ERROR - 2020-04-01 15:06:29 --> 404 Page Not Found: 
ERROR - 2020-04-01 15:08:18 --> 404 Page Not Found: 
