ERROR - 2018-12-03 00:33:52 --> 404 Page Not Found: 
ERROR - 2018-12-03 00:44:38 --> 404 Page Not Found: 
ERROR - 2018-12-03 00:51:22 --> 404 Page Not Found: 
ERROR - 2018-12-03 02:35:49 --> 404 Page Not Found: 
ERROR - 2018-12-03 02:45:58 --> 404 Page Not Found: 
ERROR - 2018-12-03 03:09:32 --> 404 Page Not Found: 
ERROR - 2018-12-03 03:39:43 --> 404 Page Not Found: 
ERROR - 2018-12-03 05:53:16 --> 404 Page Not Found: 
ERROR - 2018-12-03 06:17:44 --> 404 Page Not Found: 
ERROR - 2018-12-03 06:41:59 --> Query error: You have an error in your SQL syntax; check the manual that corresponds to your MySQL server version for the right syntax to use near '-10, 10' at line 11 - Invalid query: SELECT DISTINCT `p`.*, `c`.`name` as `city_name`, `ps`.`name` as `property_status`, `pt`.`name` as `prop_type`, `b`.`name` as `builder`, `l`.`name` as `location`
FROM `properties` `p`
LEFT JOIN `cities` `c` ON `p`.`city_id` = `c`.`id`
LEFT JOIN `builders` `b` ON `p`.`builder_id` = `b`.`id`
LEFT JOIN `locations` `l` ON `p`.`location_id` = `l`.`id`
LEFT JOIN `property_types` `pt` ON `p`.`property_type_id` = `pt`.`id`
LEFT JOIN `property_status` `ps` ON `p`.`property_status_id` = `ps`.`id`
LEFT JOIN `property_amenities` `pa` ON `pa`.`property_id` = `p`.`id`
WHERE `p`.`status` = 1
ORDER BY `p`.`id` DESC
 LIMIT -10, 10
ERROR - 2018-12-03 06:42:01 --> Query error: You have an error in your SQL syntax; check the manual that corresponds to your MySQL server version for the right syntax to use near '-10, 10' at line 11 - Invalid query: SELECT DISTINCT `p`.*, `c`.`name` as `city_name`, `ps`.`name` as `property_status`, `pt`.`name` as `prop_type`, `b`.`name` as `builder`, `l`.`name` as `location`
FROM `properties` `p`
LEFT JOIN `cities` `c` ON `p`.`city_id` = `c`.`id`
LEFT JOIN `builders` `b` ON `p`.`builder_id` = `b`.`id`
LEFT JOIN `locations` `l` ON `p`.`location_id` = `l`.`id`
LEFT JOIN `property_types` `pt` ON `p`.`property_type_id` = `pt`.`id`
LEFT JOIN `property_status` `ps` ON `p`.`property_status_id` = `ps`.`id`
LEFT JOIN `property_amenities` `pa` ON `pa`.`property_id` = `p`.`id`
WHERE `p`.`status` = 1
ORDER BY `p`.`id` DESC
 LIMIT -10, 10
ERROR - 2018-12-03 06:42:06 --> Query error: You have an error in your SQL syntax; check the manual that corresponds to your MySQL server version for the right syntax to use near '-10, 10' at line 11 - Invalid query: SELECT DISTINCT `p`.*, `c`.`name` as `city_name`, `ps`.`name` as `property_status`, `pt`.`name` as `prop_type`, `b`.`name` as `builder`, `l`.`name` as `location`
FROM `properties` `p`
LEFT JOIN `cities` `c` ON `p`.`city_id` = `c`.`id`
LEFT JOIN `builders` `b` ON `p`.`builder_id` = `b`.`id`
LEFT JOIN `locations` `l` ON `p`.`location_id` = `l`.`id`
LEFT JOIN `property_types` `pt` ON `p`.`property_type_id` = `pt`.`id`
LEFT JOIN `property_status` `ps` ON `p`.`property_status_id` = `ps`.`id`
LEFT JOIN `property_amenities` `pa` ON `pa`.`property_id` = `p`.`id`
WHERE `p`.`status` = 1
ORDER BY `p`.`id` DESC
 LIMIT -10, 10
ERROR - 2018-12-03 06:59:22 --> 404 Page Not Found: 
ERROR - 2018-12-03 07:05:54 --> 404 Page Not Found: 
ERROR - 2018-12-03 08:22:09 --> 404 Page Not Found: 
ERROR - 2018-12-03 09:25:29 --> 404 Page Not Found: 
ERROR - 2018-12-03 09:36:09 --> 404 Page Not Found: 
ERROR - 2018-12-03 10:23:03 --> 404 Page Not Found: 
ERROR - 2018-12-03 10:26:57 --> 404 Page Not Found: 
ERROR - 2018-12-03 10:26:58 --> 404 Page Not Found: 
ERROR - 2018-12-03 10:26:58 --> 404 Page Not Found: 
ERROR - 2018-12-03 10:26:58 --> 404 Page Not Found: 
ERROR - 2018-12-03 12:45:46 --> 404 Page Not Found: 
ERROR - 2018-12-03 12:45:47 --> 404 Page Not Found: 
ERROR - 2018-12-03 12:45:47 --> 404 Page Not Found: 
ERROR - 2018-12-03 12:45:47 --> 404 Page Not Found: 
ERROR - 2018-12-03 12:45:47 --> 404 Page Not Found: 
ERROR - 2018-12-03 13:03:27 --> 404 Page Not Found: 
ERROR - 2018-12-03 13:21:44 --> 404 Page Not Found: 
ERROR - 2018-12-03 13:43:44 --> 404 Page Not Found: 
ERROR - 2018-12-03 14:17:59 --> 404 Page Not Found: 
ERROR - 2018-12-03 14:57:08 --> 404 Page Not Found: 
ERROR - 2018-12-03 16:11:06 --> 404 Page Not Found: 
ERROR - 2018-12-03 16:21:23 --> 404 Page Not Found: 
ERROR - 2018-12-03 16:24:22 --> 404 Page Not Found: 
ERROR - 2018-12-03 16:24:22 --> 404 Page Not Found: 
ERROR - 2018-12-03 16:24:22 --> 404 Page Not Found: 
ERROR - 2018-12-03 16:24:23 --> 404 Page Not Found: 
ERROR - 2018-12-03 16:41:44 --> 404 Page Not Found: 
ERROR - 2018-12-03 17:16:41 --> 404 Page Not Found: 
ERROR - 2018-12-03 17:30:25 --> 404 Page Not Found: 
ERROR - 2018-12-03 17:50:55 --> 404 Page Not Found: 
ERROR - 2018-12-03 17:51:15 --> 404 Page Not Found: 
ERROR - 2018-12-03 17:53:49 --> 404 Page Not Found: 
ERROR - 2018-12-03 18:07:34 --> 404 Page Not Found: 
ERROR - 2018-12-03 18:15:16 --> 404 Page Not Found: 
ERROR - 2018-12-03 18:22:12 --> 404 Page Not Found: 
ERROR - 2018-12-03 18:54:11 --> 404 Page Not Found: 
ERROR - 2018-12-03 19:15:33 --> 404 Page Not Found: 
ERROR - 2018-12-03 19:31:47 --> 404 Page Not Found: 
ERROR - 2018-12-03 19:32:41 --> 404 Page Not Found: 
ERROR - 2018-12-03 19:41:08 --> 404 Page Not Found: 
ERROR - 2018-12-03 20:25:15 --> 404 Page Not Found: 
ERROR - 2018-12-03 21:01:18 --> 404 Page Not Found: 
ERROR - 2018-12-03 22:56:38 --> 404 Page Not Found: 
ERROR - 2018-12-03 22:57:59 --> 404 Page Not Found: 
ERROR - 2018-12-03 23:53:22 --> 404 Page Not Found: 
