ERROR - 2019-05-24 00:27:11 --> 404 Page Not Found: 
ERROR - 2019-05-24 00:48:56 --> 404 Page Not Found: 
ERROR - 2019-05-24 00:49:40 --> 404 Page Not Found: 
ERROR - 2019-05-24 00:51:07 --> 404 Page Not Found: 
ERROR - 2019-05-24 00:53:13 --> 404 Page Not Found: 
ERROR - 2019-05-24 01:25:20 --> 404 Page Not Found: 
ERROR - 2019-05-24 01:45:02 --> 404 Page Not Found: 
ERROR - 2019-05-24 02:00:42 --> 404 Page Not Found: 
ERROR - 2019-05-24 02:59:27 --> 404 Page Not Found: 
ERROR - 2019-05-24 03:25:21 --> 404 Page Not Found: 
ERROR - 2019-05-24 03:47:24 --> 404 Page Not Found: 
ERROR - 2019-05-24 03:49:55 --> 404 Page Not Found: 
ERROR - 2019-05-24 03:52:43 --> 404 Page Not Found: 
ERROR - 2019-05-24 03:52:46 --> 404 Page Not Found: 
ERROR - 2019-05-24 03:53:05 --> 404 Page Not Found: 
ERROR - 2019-05-24 03:53:27 --> 404 Page Not Found: 
ERROR - 2019-05-24 03:53:31 --> 404 Page Not Found: 
ERROR - 2019-05-24 03:54:26 --> 404 Page Not Found: 
ERROR - 2019-05-24 03:54:48 --> 404 Page Not Found: 
ERROR - 2019-05-24 04:29:45 --> 404 Page Not Found: 
ERROR - 2019-05-24 04:54:40 --> 404 Page Not Found: 
ERROR - 2019-05-24 04:54:58 --> 404 Page Not Found: 
ERROR - 2019-05-24 04:54:59 --> 404 Page Not Found: 
ERROR - 2019-05-24 06:29:43 --> 404 Page Not Found: 
ERROR - 2019-05-24 06:52:36 --> 404 Page Not Found: 
ERROR - 2019-05-24 09:05:34 --> 404 Page Not Found: 
ERROR - 2019-05-24 10:18:19 --> 404 Page Not Found: 
ERROR - 2019-05-24 10:26:08 --> 404 Page Not Found: 
ERROR - 2019-05-24 10:26:52 --> 404 Page Not Found: 
ERROR - 2019-05-24 10:45:31 --> 404 Page Not Found: 
ERROR - 2019-05-24 10:48:49 --> 404 Page Not Found: 
ERROR - 2019-05-24 10:58:38 --> 404 Page Not Found: 
ERROR - 2019-05-24 10:59:25 --> 404 Page Not Found: 
ERROR - 2019-05-24 10:59:30 --> 404 Page Not Found: 
ERROR - 2019-05-24 11:11:21 --> 404 Page Not Found: 
ERROR - 2019-05-24 11:11:36 --> 404 Page Not Found: 
ERROR - 2019-05-24 11:15:19 --> 404 Page Not Found: 
ERROR - 2019-05-24 11:26:50 --> 404 Page Not Found: 
ERROR - 2019-05-24 11:35:20 --> 404 Page Not Found: 
ERROR - 2019-05-24 11:41:37 --> 404 Page Not Found: 
ERROR - 2019-05-24 11:42:17 --> 404 Page Not Found: 
ERROR - 2019-05-24 11:42:22 --> 404 Page Not Found: 
ERROR - 2019-05-24 11:42:27 --> 404 Page Not Found: 
ERROR - 2019-05-24 11:42:29 --> 404 Page Not Found: 
ERROR - 2019-05-24 11:46:56 --> 404 Page Not Found: 
ERROR - 2019-05-24 11:47:02 --> 404 Page Not Found: 
ERROR - 2019-05-24 11:47:06 --> 404 Page Not Found: 
ERROR - 2019-05-24 11:49:02 --> 404 Page Not Found: 
ERROR - 2019-05-24 12:01:13 --> 404 Page Not Found: 
ERROR - 2019-05-24 12:06:09 --> 404 Page Not Found: 
ERROR - 2019-05-24 12:12:44 --> 404 Page Not Found: 
ERROR - 2019-05-24 12:16:26 --> 404 Page Not Found: 
ERROR - 2019-05-24 12:16:31 --> 404 Page Not Found: 
ERROR - 2019-05-24 12:18:06 --> 404 Page Not Found: 
ERROR - 2019-05-24 12:18:17 --> 404 Page Not Found: 
ERROR - 2019-05-24 12:21:22 --> 404 Page Not Found: 
ERROR - 2019-05-24 12:30:19 --> Severity: Warning --> rename(uploads/properties/Full_Basket-_Kew_Gardens-_Gallery.jpg,uploads/prestige-kew-gardens/Full_Basket-_Kew_Gardens-_Gallery.jpg): No such file or directory /home/fullbasketproper/public_html/application/controllers/admin/Properties.php 552
ERROR - 2019-05-24 12:30:19 --> Severity: Warning --> rename(uploads/properties/Full_Basket-_Kew_Gardens-_Gallery1.jpg,uploads/prestige-kew-gardens/Full_Basket-_Kew_Gardens-_Gallery1.jpg): No such file or directory /home/fullbasketproper/public_html/application/controllers/admin/Properties.php 552
ERROR - 2019-05-24 12:30:19 --> Severity: Warning --> rename(uploads/properties/Full_Basket-_Kew_Gardens-_Gallery2.jpg,uploads/prestige-kew-gardens/Full_Basket-_Kew_Gardens-_Gallery2.jpg): No such file or directory /home/fullbasketproper/public_html/application/controllers/admin/Properties.php 552
ERROR - 2019-05-24 12:30:19 --> Severity: Warning --> rename(uploads/property_floor_plans/Full_Basket-_Kew_Gardens-_FP2.jpg,uploads/prestige-kew-gardens/Full_Basket-_Kew_Gardens-_FP2.jpg): No such file or directory /home/fullbasketproper/public_html/application/controllers/admin/Properties.php 567
ERROR - 2019-05-24 12:30:19 --> Severity: Warning --> rename(uploads/property_floor_plans/Full_Basket-_Kew_Gardens-_FP1.jpg,uploads/prestige-kew-gardens/Full_Basket-_Kew_Gardens-_FP1.jpg): No such file or directory /home/fullbasketproper/public_html/application/controllers/admin/Properties.php 567
ERROR - 2019-05-24 12:30:19 --> Severity: Warning --> rename(uploads/property_floor_plans/Full_Basket-_Kew_Gardens-_FP3.jpg,uploads/prestige-kew-gardens/Full_Basket-_Kew_Gardens-_FP3.jpg): No such file or directory /home/fullbasketproper/public_html/application/controllers/admin/Properties.php 567
ERROR - 2019-05-24 12:30:19 --> Severity: Warning --> rename(uploads/property_floor_plans/Full_Basket-_Kew_Gardens-_FP4.jpg,uploads/prestige-kew-gardens/Full_Basket-_Kew_Gardens-_FP4.jpg): No such file or directory /home/fullbasketproper/public_html/application/controllers/admin/Properties.php 567
ERROR - 2019-05-24 12:30:19 --> Severity: Warning --> rename(uploads/property_floor_plans/Full_Basket-_Kew_Gardens-_FP5.jpg,uploads/prestige-kew-gardens/Full_Basket-_Kew_Gardens-_FP5.jpg): No such file or directory /home/fullbasketproper/public_html/application/controllers/admin/Properties.php 567
ERROR - 2019-05-24 12:30:19 --> Severity: Warning --> rename(uploads/property_floor_plans/Full_Basket-_Kew_Gardens-_FP6.jpg,uploads/prestige-kew-gardens/Full_Basket-_Kew_Gardens-_FP6.jpg): No such file or directory /home/fullbasketproper/public_html/application/controllers/admin/Properties.php 567
ERROR - 2019-05-24 12:30:20 --> Severity: Warning --> rename(uploads/property_floor_plans/Full_Basket-_Kew_Gardens-_FP7.jpg,uploads/prestige-kew-gardens/Full_Basket-_Kew_Gardens-_FP7.jpg): No such file or directory /home/fullbasketproper/public_html/application/controllers/admin/Properties.php 567
ERROR - 2019-05-24 12:30:20 --> Severity: Warning --> rename(uploads/property_floor_plans/Full_Basket-_Kew_Gardens-_FP8.jpg,uploads/prestige-kew-gardens/Full_Basket-_Kew_Gardens-_FP8.jpg): No such file or directory /home/fullbasketproper/public_html/application/controllers/admin/Properties.php 567
ERROR - 2019-05-24 12:30:20 --> Severity: Warning --> rename(uploads/property_floor_plans/Full_Basket-_Kew_Gardens-_FPp.jpg,uploads/prestige-kew-gardens/Full_Basket-_Kew_Gardens-_FPp.jpg): No such file or directory /home/fullbasketproper/public_html/application/controllers/admin/Properties.php 567
ERROR - 2019-05-24 12:30:20 --> Severity: Warning --> rename(uploads/property_floor_plans/Full_Basket-_Kew_Gardens-_FP9.jpg,uploads/prestige-kew-gardens/Full_Basket-_Kew_Gardens-_FP9.jpg): No such file or directory /home/fullbasketproper/public_html/application/controllers/admin/Properties.php 567
ERROR - 2019-05-24 12:30:20 --> Severity: Warning --> rename(uploads/property_floor_plans/Full_Basket-_Kew_Gardens-_FPp1.jpg,uploads/prestige-kew-gardens/Full_Basket-_Kew_Gardens-_FPp1.jpg): No such file or directory /home/fullbasketproper/public_html/application/controllers/admin/Properties.php 567
ERROR - 2019-05-24 12:30:20 --> Severity: Warning --> rename(uploads/property_floor_plans/Full_Basket-_Kew_Gardens-_FPp2.jpg,uploads/prestige-kew-gardens/Full_Basket-_Kew_Gardens-_FPp2.jpg): No such file or directory /home/fullbasketproper/public_html/application/controllers/admin/Properties.php 567
ERROR - 2019-05-24 12:30:20 --> Severity: Warning --> rename(uploads/property_floor_plans/Full_Basket-_Kew_Gardens-_FPp5.jpg,uploads/prestige-kew-gardens/Full_Basket-_Kew_Gardens-_FPp5.jpg): No such file or directory /home/fullbasketproper/public_html/application/controllers/admin/Properties.php 567
ERROR - 2019-05-24 12:30:20 --> Severity: Warning --> rename(uploads/property_floor_plans/Full_Basket-_Kew_Gardens-_FPp4.jpg,uploads/prestige-kew-gardens/Full_Basket-_Kew_Gardens-_FPp4.jpg): No such file or directory /home/fullbasketproper/public_html/application/controllers/admin/Properties.php 567
ERROR - 2019-05-24 12:30:20 --> Severity: Warning --> rename(uploads/property_floor_plans/Full_Basket-_Kew_Gardens-_TFP.jpg,uploads/prestige-kew-gardens/Full_Basket-_Kew_Gardens-_TFP.jpg): No such file or directory /home/fullbasketproper/public_html/application/controllers/admin/Properties.php 567
ERROR - 2019-05-24 12:30:20 --> Severity: Warning --> rename(uploads/property_floor_plans/Full_Basket-_Kew_Gardens-_TFP1.jpg,uploads/prestige-kew-gardens/Full_Basket-_Kew_Gardens-_TFP1.jpg): No such file or directory /home/fullbasketproper/public_html/application/controllers/admin/Properties.php 567
ERROR - 2019-05-24 12:30:20 --> Severity: Warning --> rename(uploads/property_floor_plans/Full_Basket-_Kew_Gardens-_TFP2.jpg,uploads/prestige-kew-gardens/Full_Basket-_Kew_Gardens-_TFP2.jpg): No such file or directory /home/fullbasketproper/public_html/application/controllers/admin/Properties.php 567
ERROR - 2019-05-24 12:30:20 --> Severity: Warning --> rename(uploads/property_floor_plans/Full_Basket-_Kew_Gardens-_TFP3.jpg,uploads/prestige-kew-gardens/Full_Basket-_Kew_Gardens-_TFP3.jpg): No such file or directory /home/fullbasketproper/public_html/application/controllers/admin/Properties.php 567
ERROR - 2019-05-24 12:30:20 --> Severity: Warning --> rename(uploads/property_master_plans/Full_Basket-_Kew_Gardens-_MP.jpg,uploads/prestige-kew-gardens/Full_Basket-_Kew_Gardens-_MP.jpg): No such file or directory /home/fullbasketproper/public_html/application/controllers/admin/Properties.php 580
ERROR - 2019-05-24 12:30:20 --> Severity: Warning --> rename(uploads/elevations/Full_Basket-_Kew_Gardens-_Gallery1.jpg,uploads/prestige-kew-gardens/Full_Basket-_Kew_Gardens-_Gallery1.jpg): No such file or directory /home/fullbasketproper/public_html/application/controllers/admin/Properties.php 620
ERROR - 2019-05-24 12:30:20 --> Severity: Warning --> rename(uploads/elevations/Full_Basket-_Kew_Gardens-_Gallery.jpg,uploads/prestige-kew-gardens/Full_Basket-_Kew_Gardens-_Gallery.jpg): No such file or directory /home/fullbasketproper/public_html/application/controllers/admin/Properties.php 620
ERROR - 2019-05-24 12:30:20 --> Severity: Warning --> rename(uploads/elevations/Full_Basket-_Kew_Gardens-_Gallery2.jpg,uploads/prestige-kew-gardens/Full_Basket-_Kew_Gardens-_Gallery2.jpg): No such file or directory /home/fullbasketproper/public_html/application/controllers/admin/Properties.php 620
ERROR - 2019-05-24 12:33:26 --> 404 Page Not Found: 
ERROR - 2019-05-24 12:46:11 --> 404 Page Not Found: 
ERROR - 2019-05-24 13:03:47 --> 404 Page Not Found: 
ERROR - 2019-05-24 13:14:23 --> 404 Page Not Found: 
ERROR - 2019-05-24 13:21:03 --> 404 Page Not Found: 
ERROR - 2019-05-24 13:22:40 --> 404 Page Not Found: 
ERROR - 2019-05-24 13:36:11 --> 404 Page Not Found: 
ERROR - 2019-05-24 14:10:56 --> 404 Page Not Found: 
ERROR - 2019-05-24 14:16:14 --> 404 Page Not Found: 
ERROR - 2019-05-24 14:20:40 --> 404 Page Not Found: 
ERROR - 2019-05-24 14:32:16 --> 404 Page Not Found: 
ERROR - 2019-05-24 14:46:32 --> 404 Page Not Found: 
ERROR - 2019-05-24 14:49:26 --> 404 Page Not Found: 
ERROR - 2019-05-24 14:53:54 --> 404 Page Not Found: 
ERROR - 2019-05-24 15:08:11 --> 404 Page Not Found: 
ERROR - 2019-05-24 15:23:27 --> 404 Page Not Found: 
ERROR - 2019-05-24 15:27:50 --> 404 Page Not Found: 
ERROR - 2019-05-24 15:46:12 --> 404 Page Not Found: 
ERROR - 2019-05-24 15:53:28 --> 404 Page Not Found: 
ERROR - 2019-05-24 16:00:46 --> 404 Page Not Found: 
ERROR - 2019-05-24 16:00:57 --> 404 Page Not Found: 
ERROR - 2019-05-24 16:01:50 --> 404 Page Not Found: 
ERROR - 2019-05-24 16:04:02 --> 404 Page Not Found: 
ERROR - 2019-05-24 16:04:58 --> 404 Page Not Found: 
ERROR - 2019-05-24 16:06:19 --> 404 Page Not Found: 
ERROR - 2019-05-24 16:07:10 --> 404 Page Not Found: 
ERROR - 2019-05-24 16:09:20 --> 404 Page Not Found: 
ERROR - 2019-05-24 16:32:39 --> 404 Page Not Found: 
ERROR - 2019-05-24 16:35:30 --> 404 Page Not Found: 
ERROR - 2019-05-24 16:36:38 --> 404 Page Not Found: 
ERROR - 2019-05-24 16:38:39 --> 404 Page Not Found: 
ERROR - 2019-05-24 16:49:19 --> 404 Page Not Found: 
ERROR - 2019-05-24 16:55:32 --> 404 Page Not Found: 
ERROR - 2019-05-24 16:55:34 --> 404 Page Not Found: 
ERROR - 2019-05-24 17:02:20 --> 404 Page Not Found: 
ERROR - 2019-05-24 17:05:42 --> 404 Page Not Found: 
ERROR - 2019-05-24 17:05:51 --> 404 Page Not Found: 
ERROR - 2019-05-24 17:06:09 --> 404 Page Not Found: 
ERROR - 2019-05-24 17:08:34 --> 404 Page Not Found: 
ERROR - 2019-05-24 17:08:49 --> 404 Page Not Found: 
ERROR - 2019-05-24 17:19:47 --> 404 Page Not Found: 
ERROR - 2019-05-24 17:39:14 --> 404 Page Not Found: 
ERROR - 2019-05-24 18:05:34 --> 404 Page Not Found: 
ERROR - 2019-05-24 18:42:44 --> 404 Page Not Found: 
ERROR - 2019-05-24 18:46:21 --> 404 Page Not Found: 
ERROR - 2019-05-24 18:46:23 --> 404 Page Not Found: 
ERROR - 2019-05-24 18:52:42 --> 404 Page Not Found: 
ERROR - 2019-05-24 19:48:03 --> 404 Page Not Found: 
ERROR - 2019-05-24 20:38:02 --> 404 Page Not Found: 
ERROR - 2019-05-24 20:40:14 --> 404 Page Not Found: 
ERROR - 2019-05-24 20:41:34 --> 404 Page Not Found: 
ERROR - 2019-05-24 20:41:38 --> 404 Page Not Found: 
ERROR - 2019-05-24 20:41:48 --> 404 Page Not Found: 
ERROR - 2019-05-24 20:41:48 --> 404 Page Not Found: 
ERROR - 2019-05-24 20:41:49 --> 404 Page Not Found: 
ERROR - 2019-05-24 20:41:50 --> 404 Page Not Found: 
ERROR - 2019-05-24 20:51:30 --> 404 Page Not Found: 
ERROR - 2019-05-24 22:25:56 --> 404 Page Not Found: 
ERROR - 2019-05-24 22:29:28 --> 404 Page Not Found: 
ERROR - 2019-05-24 22:54:30 --> 404 Page Not Found: 
ERROR - 2019-05-24 23:21:45 --> 404 Page Not Found: 
ERROR - 2019-05-24 23:23:32 --> 404 Page Not Found: 
ERROR - 2019-05-24 23:23:39 --> 404 Page Not Found: 
ERROR - 2019-05-24 23:24:35 --> 404 Page Not Found: 
ERROR - 2019-05-24 23:26:13 --> 404 Page Not Found: 
ERROR - 2019-05-24 23:26:15 --> 404 Page Not Found: 
