ERROR - 2018-06-05 00:44:08 --> 404 Page Not Found: 
ERROR - 2018-06-05 02:51:18 --> 404 Page Not Found: 
ERROR - 2018-06-05 03:41:39 --> 404 Page Not Found: 
ERROR - 2018-06-05 03:41:40 --> 404 Page Not Found: 
ERROR - 2018-06-05 03:41:40 --> 404 Page Not Found: 
ERROR - 2018-06-05 04:02:52 --> 404 Page Not Found: 
ERROR - 2018-06-05 04:25:47 --> 404 Page Not Found: 
ERROR - 2018-06-05 05:17:05 --> Query error: You have an error in your SQL syntax; check the manual that corresponds to your MySQL server version for the right syntax to use near '-10, 10' at line 11 - Invalid query: SELECT DISTINCT `p`.*, `c`.`name` as `city_name`, `ps`.`name` as `property_status`, `pt`.`name` as `prop_type`, `b`.`name` as `builder`, `l`.`name` as `location`
FROM `properties` `p`
LEFT JOIN `cities` `c` ON `p`.`city_id` = `c`.`id`
LEFT JOIN `builders` `b` ON `p`.`builder_id` = `b`.`id`
LEFT JOIN `locations` `l` ON `p`.`location_id` = `l`.`id`
LEFT JOIN `property_types` `pt` ON `p`.`property_type_id` = `pt`.`id`
LEFT JOIN `property_status` `ps` ON `p`.`property_status_id` = `ps`.`id`
LEFT JOIN `property_amenities` `pa` ON `pa`.`property_id` = `p`.`id`
WHERE `p`.`status` = 1
ORDER BY `p`.`id` DESC
 LIMIT -10, 10
ERROR - 2018-06-05 05:24:19 --> Query error: You have an error in your SQL syntax; check the manual that corresponds to your MySQL server version for the right syntax to use near '-10, 10' at line 11 - Invalid query: SELECT DISTINCT `p`.*, `c`.`name` as `city_name`, `ps`.`name` as `property_status`, `pt`.`name` as `prop_type`, `b`.`name` as `builder`, `l`.`name` as `location`
FROM `properties` `p`
LEFT JOIN `cities` `c` ON `p`.`city_id` = `c`.`id`
LEFT JOIN `builders` `b` ON `p`.`builder_id` = `b`.`id`
LEFT JOIN `locations` `l` ON `p`.`location_id` = `l`.`id`
LEFT JOIN `property_types` `pt` ON `p`.`property_type_id` = `pt`.`id`
LEFT JOIN `property_status` `ps` ON `p`.`property_status_id` = `ps`.`id`
LEFT JOIN `property_amenities` `pa` ON `pa`.`property_id` = `p`.`id`
WHERE `p`.`status` = 1
ORDER BY `p`.`id` DESC
 LIMIT -10, 10
ERROR - 2018-06-05 05:28:34 --> 404 Page Not Found: 
ERROR - 2018-06-05 05:51:05 --> 404 Page Not Found: 
ERROR - 2018-06-05 05:51:36 --> 404 Page Not Found: 
ERROR - 2018-06-05 06:43:34 --> 404 Page Not Found: 
ERROR - 2018-06-05 07:03:23 --> 404 Page Not Found: 
ERROR - 2018-06-05 07:19:48 --> 404 Page Not Found: 
ERROR - 2018-06-05 07:19:52 --> 404 Page Not Found: 
ERROR - 2018-06-05 07:19:54 --> 404 Page Not Found: 
ERROR - 2018-06-05 07:20:13 --> 404 Page Not Found: 
ERROR - 2018-06-05 07:52:31 --> 404 Page Not Found: 
ERROR - 2018-06-05 07:55:00 --> Query error: You have an error in your SQL syntax; check the manual that corresponds to your MySQL server version for the right syntax to use near '-10, 10' at line 11 - Invalid query: SELECT DISTINCT `p`.*, `c`.`name` as `city_name`, `ps`.`name` as `property_status`, `pt`.`name` as `prop_type`, `b`.`name` as `builder`, `l`.`name` as `location`
FROM `properties` `p`
LEFT JOIN `cities` `c` ON `p`.`city_id` = `c`.`id`
LEFT JOIN `builders` `b` ON `p`.`builder_id` = `b`.`id`
LEFT JOIN `locations` `l` ON `p`.`location_id` = `l`.`id`
LEFT JOIN `property_types` `pt` ON `p`.`property_type_id` = `pt`.`id`
LEFT JOIN `property_status` `ps` ON `p`.`property_status_id` = `ps`.`id`
LEFT JOIN `property_amenities` `pa` ON `pa`.`property_id` = `p`.`id`
WHERE `p`.`status` = 1
ORDER BY `p`.`id` DESC
 LIMIT -10, 10
ERROR - 2018-06-05 08:03:47 --> Query error: You have an error in your SQL syntax; check the manual that corresponds to your MySQL server version for the right syntax to use near '-10, 10' at line 11 - Invalid query: SELECT DISTINCT `p`.*, `c`.`name` as `city_name`, `ps`.`name` as `property_status`, `pt`.`name` as `prop_type`, `b`.`name` as `builder`, `l`.`name` as `location`
FROM `properties` `p`
LEFT JOIN `cities` `c` ON `p`.`city_id` = `c`.`id`
LEFT JOIN `builders` `b` ON `p`.`builder_id` = `b`.`id`
LEFT JOIN `locations` `l` ON `p`.`location_id` = `l`.`id`
LEFT JOIN `property_types` `pt` ON `p`.`property_type_id` = `pt`.`id`
LEFT JOIN `property_status` `ps` ON `p`.`property_status_id` = `ps`.`id`
LEFT JOIN `property_amenities` `pa` ON `pa`.`property_id` = `p`.`id`
WHERE `p`.`status` = 1
ORDER BY `p`.`id` DESC
 LIMIT -10, 10
ERROR - 2018-06-05 08:31:00 --> 404 Page Not Found: 
ERROR - 2018-06-05 08:32:34 --> 404 Page Not Found: 
ERROR - 2018-06-05 08:55:00 --> 404 Page Not Found: 
ERROR - 2018-06-05 09:04:21 --> 404 Page Not Found: 
ERROR - 2018-06-05 09:40:52 --> 404 Page Not Found: 
ERROR - 2018-06-05 09:42:23 --> 404 Page Not Found: 
ERROR - 2018-06-05 11:09:06 --> 404 Page Not Found: 
ERROR - 2018-06-05 12:31:25 --> 404 Page Not Found: 
ERROR - 2018-06-05 13:05:00 --> 404 Page Not Found: 
ERROR - 2018-06-05 16:34:22 --> 404 Page Not Found: 
ERROR - 2018-06-05 22:29:41 --> 404 Page Not Found: 
