ERROR - 2020-07-08 17:24:10 --> 404 Page Not Found: 
ERROR - 2020-07-08 17:24:10 --> 404 Page Not Found: 
ERROR - 2020-07-08 17:24:10 --> 404 Page Not Found: 
ERROR - 2020-07-08 17:24:11 --> 404 Page Not Found: 
ERROR - 2020-07-08 17:24:11 --> 404 Page Not Found: 
ERROR - 2020-07-08 17:24:11 --> 404 Page Not Found: 
ERROR - 2020-07-08 17:24:11 --> 404 Page Not Found: 
ERROR - 2020-07-08 17:24:11 --> 404 Page Not Found: 
ERROR - 2020-07-08 17:24:11 --> 404 Page Not Found: 
ERROR - 2020-07-08 17:24:13 --> 404 Page Not Found: 
ERROR - 2020-07-08 17:24:13 --> 404 Page Not Found: 
ERROR - 2020-07-08 17:24:13 --> 404 Page Not Found: 
ERROR - 2020-07-08 17:24:13 --> 404 Page Not Found: 
ERROR - 2020-07-08 17:24:13 --> 404 Page Not Found: 
ERROR - 2020-07-08 17:24:13 --> 404 Page Not Found: 
ERROR - 2020-07-08 17:24:13 --> 404 Page Not Found: 
ERROR - 2020-07-08 17:24:13 --> 404 Page Not Found: 
ERROR - 2020-07-08 17:24:14 --> 404 Page Not Found: 
ERROR - 2020-07-08 17:24:14 --> 404 Page Not Found: 
ERROR - 2020-07-08 17:24:14 --> 404 Page Not Found: 
ERROR - 2020-07-08 17:24:14 --> 404 Page Not Found: 
ERROR - 2020-07-08 17:24:14 --> 404 Page Not Found: 
ERROR - 2020-07-08 17:24:14 --> 404 Page Not Found: 
ERROR - 2020-07-08 17:24:14 --> 404 Page Not Found: 
ERROR - 2020-07-08 17:24:14 --> 404 Page Not Found: 
ERROR - 2020-07-08 17:24:14 --> 404 Page Not Found: 
ERROR - 2020-07-08 17:42:22 --> 404 Page Not Found: 
ERROR - 2020-07-08 17:42:23 --> 404 Page Not Found: 
ERROR - 2020-07-08 17:42:23 --> 404 Page Not Found: 
ERROR - 2020-07-08 17:42:23 --> 404 Page Not Found: 
ERROR - 2020-07-08 17:42:24 --> 404 Page Not Found: 
ERROR - 2020-07-08 17:42:24 --> 404 Page Not Found: 
ERROR - 2020-07-08 17:42:24 --> 404 Page Not Found: 
ERROR - 2020-07-08 17:42:24 --> 404 Page Not Found: 
ERROR - 2020-07-08 17:42:24 --> 404 Page Not Found: 
ERROR - 2020-07-08 17:54:00 --> 404 Page Not Found: 
ERROR - 2020-07-08 17:54:00 --> 404 Page Not Found: 
ERROR - 2020-07-08 17:54:00 --> 404 Page Not Found: 
ERROR - 2020-07-08 17:54:01 --> 404 Page Not Found: 
ERROR - 2020-07-08 17:54:01 --> 404 Page Not Found: 
ERROR - 2020-07-08 17:54:01 --> 404 Page Not Found: 
ERROR - 2020-07-08 17:54:01 --> 404 Page Not Found: 
ERROR - 2020-07-08 17:54:02 --> 404 Page Not Found: 
ERROR - 2020-07-08 17:54:03 --> 404 Page Not Found: 
ERROR - 2020-07-08 17:54:03 --> 404 Page Not Found: 
ERROR - 2020-07-08 17:54:03 --> 404 Page Not Found: 
ERROR - 2020-07-08 17:54:03 --> 404 Page Not Found: 
ERROR - 2020-07-08 17:54:03 --> 404 Page Not Found: 
ERROR - 2020-07-08 17:54:03 --> 404 Page Not Found: 
ERROR - 2020-07-08 17:54:04 --> 404 Page Not Found: 
ERROR - 2020-07-08 17:54:04 --> 404 Page Not Found: 
ERROR - 2020-07-08 17:54:04 --> 404 Page Not Found: 
ERROR - 2020-07-08 17:54:04 --> 404 Page Not Found: 
ERROR - 2020-07-08 17:54:04 --> 404 Page Not Found: 
ERROR - 2020-07-08 17:54:04 --> 404 Page Not Found: 
ERROR - 2020-07-08 17:54:04 --> 404 Page Not Found: 
ERROR - 2020-07-08 17:54:05 --> 404 Page Not Found: 
ERROR - 2020-07-08 17:54:05 --> 404 Page Not Found: 
ERROR - 2020-07-08 17:54:05 --> 404 Page Not Found: 
ERROR - 2020-07-08 17:54:05 --> 404 Page Not Found: 
ERROR - 2020-07-08 17:54:05 --> Severity: Warning --> Illegal string offset 'bhk' F:\FBP.com\application\controllers\Home.php 108
ERROR - 2020-07-08 17:54:06 --> Severity: Warning --> Illegal string offset 'bhk_range' F:\FBP.com\application\controllers\Home.php 108
ERROR - 2020-07-08 17:54:06 --> Severity: Warning --> Illegal string offset 'price' F:\FBP.com\application\controllers\Home.php 109
ERROR - 2020-07-08 17:54:06 --> Severity: Warning --> Illegal string offset 'price_range' F:\FBP.com\application\controllers\Home.php 109
ERROR - 2020-07-08 17:54:06 --> Severity: Warning --> Illegal string offset 'baths' F:\FBP.com\application\controllers\Home.php 110
ERROR - 2020-07-08 17:54:06 --> Severity: Warning --> Illegal string offset 'baths_range' F:\FBP.com\application\controllers\Home.php 110
ERROR - 2020-07-08 17:54:22 --> 404 Page Not Found: 
ERROR - 2020-07-08 18:55:39 --> 404 Page Not Found: 
ERROR - 2020-07-08 18:55:39 --> 404 Page Not Found: 
ERROR - 2020-07-08 18:55:39 --> 404 Page Not Found: 
ERROR - 2020-07-08 18:55:40 --> 404 Page Not Found: 
ERROR - 2020-07-08 18:55:40 --> 404 Page Not Found: 
ERROR - 2020-07-08 18:55:40 --> 404 Page Not Found: 
ERROR - 2020-07-08 18:55:40 --> 404 Page Not Found: 
ERROR - 2020-07-08 18:55:40 --> 404 Page Not Found: 
ERROR - 2020-07-08 18:55:40 --> 404 Page Not Found: 
ERROR - 2020-07-08 18:55:41 --> 404 Page Not Found: 
ERROR - 2020-07-08 18:55:42 --> 404 Page Not Found: 
ERROR - 2020-07-08 18:55:42 --> 404 Page Not Found: 
ERROR - 2020-07-08 18:55:42 --> 404 Page Not Found: 
ERROR - 2020-07-08 18:55:42 --> 404 Page Not Found: 
ERROR - 2020-07-08 18:55:42 --> 404 Page Not Found: 
ERROR - 2020-07-08 18:55:42 --> 404 Page Not Found: 
ERROR - 2020-07-08 18:55:42 --> 404 Page Not Found: 
ERROR - 2020-07-08 18:55:42 --> 404 Page Not Found: 
ERROR - 2020-07-08 18:55:42 --> 404 Page Not Found: 
ERROR - 2020-07-08 18:55:43 --> 404 Page Not Found: 
ERROR - 2020-07-08 18:55:43 --> 404 Page Not Found: 
ERROR - 2020-07-08 18:55:43 --> 404 Page Not Found: 
ERROR - 2020-07-08 18:55:43 --> 404 Page Not Found: 
ERROR - 2020-07-08 18:55:43 --> 404 Page Not Found: 
ERROR - 2020-07-08 18:55:43 --> 404 Page Not Found: 
ERROR - 2020-07-08 18:55:43 --> 404 Page Not Found: 
ERROR - 2020-07-08 18:55:43 --> Severity: Warning --> Illegal string offset 'bhk' F:\FBP.com\application\controllers\Home.php 108
ERROR - 2020-07-08 18:55:43 --> Severity: Warning --> Illegal string offset 'bhk_range' F:\FBP.com\application\controllers\Home.php 108
ERROR - 2020-07-08 18:55:43 --> Severity: Warning --> Illegal string offset 'price' F:\FBP.com\application\controllers\Home.php 109
ERROR - 2020-07-08 18:55:43 --> Severity: Warning --> Illegal string offset 'price_range' F:\FBP.com\application\controllers\Home.php 109
ERROR - 2020-07-08 18:55:43 --> Severity: Warning --> Illegal string offset 'baths' F:\FBP.com\application\controllers\Home.php 110
ERROR - 2020-07-08 18:55:43 --> Severity: Warning --> Illegal string offset 'baths_range' F:\FBP.com\application\controllers\Home.php 110
ERROR - 2020-07-08 18:57:49 --> Severity: Warning --> Illegal string offset 'bhk' F:\FBP.com\application\controllers\Home.php 108
ERROR - 2020-07-08 18:57:49 --> Severity: Warning --> Illegal string offset 'bhk_range' F:\FBP.com\application\controllers\Home.php 108
ERROR - 2020-07-08 18:57:49 --> Severity: Warning --> Illegal string offset 'price' F:\FBP.com\application\controllers\Home.php 109
ERROR - 2020-07-08 18:57:49 --> Severity: Warning --> Illegal string offset 'price_range' F:\FBP.com\application\controllers\Home.php 109
ERROR - 2020-07-08 18:57:49 --> Severity: Warning --> Illegal string offset 'baths' F:\FBP.com\application\controllers\Home.php 110
ERROR - 2020-07-08 18:57:49 --> Severity: Warning --> Illegal string offset 'baths_range' F:\FBP.com\application\controllers\Home.php 110
ERROR - 2020-07-08 18:59:10 --> Severity: Warning --> Illegal string offset 'bhk' F:\FBP.com\application\controllers\Home.php 108
ERROR - 2020-07-08 18:59:10 --> Severity: Warning --> Illegal string offset 'bhk_range' F:\FBP.com\application\controllers\Home.php 108
ERROR - 2020-07-08 18:59:10 --> Severity: Warning --> Illegal string offset 'price' F:\FBP.com\application\controllers\Home.php 109
ERROR - 2020-07-08 18:59:10 --> Severity: Warning --> Illegal string offset 'price_range' F:\FBP.com\application\controllers\Home.php 109
ERROR - 2020-07-08 18:59:10 --> Severity: Warning --> Illegal string offset 'baths' F:\FBP.com\application\controllers\Home.php 110
ERROR - 2020-07-08 18:59:10 --> Severity: Warning --> Illegal string offset 'baths_range' F:\FBP.com\application\controllers\Home.php 110
ERROR - 2020-07-08 19:00:15 --> Severity: Warning --> Illegal string offset 'bhk' F:\FBP.com\application\controllers\Home.php 108
ERROR - 2020-07-08 19:00:15 --> Severity: Warning --> Illegal string offset 'bhk_range' F:\FBP.com\application\controllers\Home.php 108
ERROR - 2020-07-08 19:00:15 --> Severity: Warning --> Illegal string offset 'price' F:\FBP.com\application\controllers\Home.php 109
ERROR - 2020-07-08 19:00:15 --> Severity: Warning --> Illegal string offset 'price_range' F:\FBP.com\application\controllers\Home.php 109
ERROR - 2020-07-08 19:00:15 --> Severity: Warning --> Illegal string offset 'baths' F:\FBP.com\application\controllers\Home.php 110
ERROR - 2020-07-08 19:00:15 --> Severity: Warning --> Illegal string offset 'baths_range' F:\FBP.com\application\controllers\Home.php 110
ERROR - 2020-07-08 19:01:38 --> Severity: Warning --> Illegal string offset 'bhk' F:\FBP.com\application\controllers\Home.php 108
ERROR - 2020-07-08 19:01:38 --> Severity: Warning --> Illegal string offset 'bhk_range' F:\FBP.com\application\controllers\Home.php 108
ERROR - 2020-07-08 19:01:38 --> Severity: Warning --> Illegal string offset 'price' F:\FBP.com\application\controllers\Home.php 109
ERROR - 2020-07-08 19:01:38 --> Severity: Warning --> Illegal string offset 'price_range' F:\FBP.com\application\controllers\Home.php 109
ERROR - 2020-07-08 19:01:38 --> Severity: Warning --> Illegal string offset 'baths' F:\FBP.com\application\controllers\Home.php 110
ERROR - 2020-07-08 19:01:38 --> Severity: Warning --> Illegal string offset 'baths_range' F:\FBP.com\application\controllers\Home.php 110
ERROR - 2020-07-08 19:03:59 --> 404 Page Not Found: 
ERROR - 2020-07-08 19:03:59 --> 404 Page Not Found: 
ERROR - 2020-07-08 19:03:59 --> 404 Page Not Found: 
ERROR - 2020-07-08 19:03:59 --> 404 Page Not Found: 
ERROR - 2020-07-08 19:03:59 --> 404 Page Not Found: 
ERROR - 2020-07-08 19:15:20 --> Severity: Warning --> Invalid argument supplied for foreach() F:\FBP.com\application\views\header.php 80
ERROR - 2020-07-08 19:15:20 --> Severity: Warning --> Invalid argument supplied for foreach() F:\FBP.com\application\views\header.php 147
ERROR - 2020-07-08 19:30:23 --> 404 Page Not Found: 
ERROR - 2020-07-08 19:30:23 --> 404 Page Not Found: 
ERROR - 2020-07-08 19:30:23 --> 404 Page Not Found: 
ERROR - 2020-07-08 19:30:23 --> 404 Page Not Found: 
ERROR - 2020-07-08 19:30:23 --> 404 Page Not Found: 
ERROR - 2020-07-08 19:30:23 --> 404 Page Not Found: 
ERROR - 2020-07-08 19:30:23 --> 404 Page Not Found: 
ERROR - 2020-07-08 19:30:24 --> 404 Page Not Found: 
ERROR - 2020-07-08 19:30:24 --> 404 Page Not Found: 
ERROR - 2020-07-08 19:30:25 --> 404 Page Not Found: 
ERROR - 2020-07-08 19:30:25 --> 404 Page Not Found: 
ERROR - 2020-07-08 19:30:25 --> 404 Page Not Found: 
ERROR - 2020-07-08 19:30:25 --> 404 Page Not Found: 
ERROR - 2020-07-08 19:30:25 --> 404 Page Not Found: 
ERROR - 2020-07-08 19:30:25 --> 404 Page Not Found: 
ERROR - 2020-07-08 19:30:26 --> 404 Page Not Found: 
ERROR - 2020-07-08 19:30:26 --> 404 Page Not Found: 
ERROR - 2020-07-08 19:30:26 --> 404 Page Not Found: 
ERROR - 2020-07-08 19:30:26 --> 404 Page Not Found: 
ERROR - 2020-07-08 19:30:26 --> 404 Page Not Found: 
ERROR - 2020-07-08 19:30:26 --> 404 Page Not Found: 
ERROR - 2020-07-08 19:30:27 --> 404 Page Not Found: 
ERROR - 2020-07-08 19:30:27 --> 404 Page Not Found: 
ERROR - 2020-07-08 19:30:27 --> 404 Page Not Found: 
ERROR - 2020-07-08 19:30:27 --> 404 Page Not Found: 
ERROR - 2020-07-08 19:30:27 --> 404 Page Not Found: 
ERROR - 2020-07-08 19:32:07 --> Severity: Warning --> Illegal string offset 'bhk' F:\FBP.com\application\controllers\Home.php 108
ERROR - 2020-07-08 19:32:07 --> Severity: Warning --> Illegal string offset 'bhk_range' F:\FBP.com\application\controllers\Home.php 108
ERROR - 2020-07-08 19:32:07 --> Severity: Warning --> Illegal string offset 'price' F:\FBP.com\application\controllers\Home.php 109
ERROR - 2020-07-08 19:32:07 --> Severity: Warning --> Illegal string offset 'price_range' F:\FBP.com\application\controllers\Home.php 109
ERROR - 2020-07-08 19:32:07 --> Severity: Warning --> Illegal string offset 'baths' F:\FBP.com\application\controllers\Home.php 110
ERROR - 2020-07-08 19:32:07 --> Severity: Warning --> Illegal string offset 'baths_range' F:\FBP.com\application\controllers\Home.php 110
ERROR - 2020-07-08 21:46:46 --> 404 Page Not Found: 
ERROR - 2020-07-08 21:46:46 --> 404 Page Not Found: 
ERROR - 2020-07-08 21:46:46 --> 404 Page Not Found: 
ERROR - 2020-07-08 21:46:47 --> 404 Page Not Found: 
ERROR - 2020-07-08 21:46:47 --> 404 Page Not Found: 
ERROR - 2020-07-08 21:46:47 --> 404 Page Not Found: 
ERROR - 2020-07-08 21:46:47 --> 404 Page Not Found: 
ERROR - 2020-07-08 21:46:47 --> 404 Page Not Found: 
ERROR - 2020-07-08 21:46:48 --> 404 Page Not Found: 
ERROR - 2020-07-08 21:46:49 --> 404 Page Not Found: 
ERROR - 2020-07-08 21:46:49 --> 404 Page Not Found: 
ERROR - 2020-07-08 21:46:50 --> 404 Page Not Found: 
ERROR - 2020-07-08 21:46:50 --> 404 Page Not Found: 
ERROR - 2020-07-08 21:46:51 --> 404 Page Not Found: 
ERROR - 2020-07-08 21:46:51 --> 404 Page Not Found: 
ERROR - 2020-07-08 21:46:51 --> 404 Page Not Found: 
ERROR - 2020-07-08 21:46:52 --> 404 Page Not Found: 
ERROR - 2020-07-08 21:46:52 --> 404 Page Not Found: 
ERROR - 2020-07-08 21:46:52 --> Severity: Warning --> Illegal string offset 'bhk' F:\FBP.com\application\controllers\Home.php 108
ERROR - 2020-07-08 21:46:52 --> Severity: Warning --> Illegal string offset 'bhk_range' F:\FBP.com\application\controllers\Home.php 108
ERROR - 2020-07-08 21:46:52 --> Severity: Warning --> Illegal string offset 'price' F:\FBP.com\application\controllers\Home.php 109
ERROR - 2020-07-08 21:46:52 --> Severity: Warning --> Illegal string offset 'price_range' F:\FBP.com\application\controllers\Home.php 109
ERROR - 2020-07-08 21:46:52 --> Severity: Warning --> Illegal string offset 'baths' F:\FBP.com\application\controllers\Home.php 110
ERROR - 2020-07-08 21:46:52 --> Severity: Warning --> Illegal string offset 'baths_range' F:\FBP.com\application\controllers\Home.php 110
ERROR - 2020-07-08 21:47:07 --> 404 Page Not Found: 
ERROR - 2020-07-08 21:47:07 --> 404 Page Not Found: 
ERROR - 2020-07-08 21:47:07 --> 404 Page Not Found: 
ERROR - 2020-07-08 21:47:08 --> 404 Page Not Found: 
ERROR - 2020-07-08 21:47:08 --> 404 Page Not Found: 
ERROR - 2020-07-08 21:53:40 --> 404 Page Not Found: 
ERROR - 2020-07-08 21:53:40 --> 404 Page Not Found: 
ERROR - 2020-07-08 21:53:40 --> 404 Page Not Found: 
ERROR - 2020-07-08 21:53:40 --> 404 Page Not Found: 
ERROR - 2020-07-08 21:53:41 --> 404 Page Not Found: 
ERROR - 2020-07-08 21:53:41 --> 404 Page Not Found: 
ERROR - 2020-07-08 21:53:41 --> 404 Page Not Found: 
ERROR - 2020-07-08 21:53:41 --> 404 Page Not Found: 
ERROR - 2020-07-08 21:53:41 --> 404 Page Not Found: 
ERROR - 2020-07-08 21:53:43 --> 404 Page Not Found: 
ERROR - 2020-07-08 21:53:44 --> 404 Page Not Found: 
ERROR - 2020-07-08 21:53:45 --> 404 Page Not Found: 
ERROR - 2020-07-08 21:53:45 --> 404 Page Not Found: 
ERROR - 2020-07-08 21:53:45 --> 404 Page Not Found: 
ERROR - 2020-07-08 21:53:46 --> 404 Page Not Found: 
ERROR - 2020-07-08 21:53:47 --> 404 Page Not Found: 
ERROR - 2020-07-08 21:53:47 --> 404 Page Not Found: 
ERROR - 2020-07-08 21:53:48 --> 404 Page Not Found: 
ERROR - 2020-07-08 21:53:48 --> 404 Page Not Found: 
ERROR - 2020-07-08 21:53:48 --> 404 Page Not Found: 
ERROR - 2020-07-08 21:53:48 --> 404 Page Not Found: 
ERROR - 2020-07-08 21:53:48 --> 404 Page Not Found: 
ERROR - 2020-07-08 21:53:48 --> 404 Page Not Found: 
ERROR - 2020-07-08 21:53:48 --> 404 Page Not Found: 
ERROR - 2020-07-08 21:53:48 --> 404 Page Not Found: 
ERROR - 2020-07-08 21:53:49 --> 404 Page Not Found: 
ERROR - 2020-07-08 22:00:25 --> 404 Page Not Found: 
ERROR - 2020-07-08 22:00:26 --> 404 Page Not Found: 
ERROR - 2020-07-08 22:00:26 --> 404 Page Not Found: 
ERROR - 2020-07-08 22:00:26 --> 404 Page Not Found: 
