ERROR - 2019-12-20 12:23:26 --> Severity: Warning --> date_diff() expects parameter 1 to be DateTimeInterface, string given F:\FBP.com\application\views\listing.php 333
ERROR - 2019-12-20 12:23:26 --> Severity: error --> Exception: Call to a member function format() on bool F:\FBP.com\application\views\listing.php 334
ERROR - 2019-12-20 12:23:43 --> Severity: Warning --> date_diff() expects parameter 1 to be DateTimeInterface, string given F:\FBP.com\application\views\listing.php 333
ERROR - 2019-12-20 12:23:43 --> Severity: error --> Exception: Call to a member function format() on bool F:\FBP.com\application\views\listing.php 334
ERROR - 2019-12-20 12:24:46 --> Severity: Warning --> date_diff() expects parameter 1 to be DateTimeInterface, string given F:\FBP.com\application\views\listing.php 334
ERROR - 2019-12-20 12:24:46 --> Severity: error --> Exception: Call to a member function format() on bool F:\FBP.com\application\views\listing.php 335
ERROR - 2019-12-20 12:25:33 --> Severity: Warning --> date_diff() expects parameter 1 to be DateTimeInterface, string given F:\FBP.com\application\views\listing.php 336
ERROR - 2019-12-20 12:25:33 --> Severity: error --> Exception: Call to a member function format() on bool F:\FBP.com\application\views\listing.php 337
ERROR - 2019-12-20 12:27:12 --> Severity: Warning --> date_diff() expects parameter 1 to be DateTimeInterface, string given F:\FBP.com\application\views\listing.php 336
ERROR - 2019-12-20 12:27:12 --> Severity: error --> Exception: Call to a member function format() on bool F:\FBP.com\application\views\listing.php 337
ERROR - 2019-12-20 12:27:56 --> Severity: Warning --> date_diff() expects parameter 1 to be DateTimeInterface, string given F:\FBP.com\application\views\listing.php 336
ERROR - 2019-12-20 12:27:56 --> Severity: error --> Exception: Call to a member function format() on bool F:\FBP.com\application\views\listing.php 337
ERROR - 2019-12-20 12:28:44 --> Severity: Warning --> date_diff() expects parameter 1 to be DateTimeInterface, string given F:\FBP.com\application\views\listing.php 336
ERROR - 2019-12-20 12:28:44 --> Severity: error --> Exception: Call to a member function format() on bool F:\FBP.com\application\views\listing.php 337
ERROR - 2019-12-20 12:29:19 --> Severity: Warning --> date_diff() expects parameter 1 to be DateTimeInterface, string given F:\FBP.com\application\views\listing.php 336
ERROR - 2019-12-20 12:29:19 --> Severity: error --> Exception: Call to a member function format() on bool F:\FBP.com\application\views\listing.php 337
ERROR - 2019-12-20 13:03:03 --> Severity: Warning --> date_diff() expects parameter 1 to be DateTimeInterface, string given F:\FBP.com\application\views\listing.php 336
ERROR - 2019-12-20 13:03:03 --> Severity: error --> Exception: Call to a member function format() on bool F:\FBP.com\application\views\listing.php 337
ERROR - 2019-12-20 13:03:09 --> Severity: Warning --> date_diff() expects parameter 1 to be DateTimeInterface, string given F:\FBP.com\application\views\listing.php 336
ERROR - 2019-12-20 13:03:09 --> Severity: error --> Exception: Call to a member function format() on bool F:\FBP.com\application\views\listing.php 337
ERROR - 2019-12-20 13:03:22 --> Severity: Warning --> date_diff() expects parameter 1 to be DateTimeInterface, string given F:\FBP.com\application\views\listing.php 336
ERROR - 2019-12-20 13:03:22 --> Severity: error --> Exception: Call to a member function format() on bool F:\FBP.com\application\views\listing.php 337
ERROR - 2019-12-20 13:06:45 --> Severity: 4096 --> Object of class DateTime could not be converted to string F:\FBP.com\application\views\listing.php 334
ERROR - 2019-12-20 13:06:45 --> Severity: Warning --> date_diff() expects parameter 1 to be DateTimeInterface, string given F:\FBP.com\application\views\listing.php 336
ERROR - 2019-12-20 13:06:45 --> Severity: error --> Exception: Call to a member function format() on bool F:\FBP.com\application\views\listing.php 337
ERROR - 2019-12-20 13:07:49 --> Severity: Warning --> date_diff() expects parameter 1 to be DateTimeInterface, string given F:\FBP.com\application\views\listing.php 336
ERROR - 2019-12-20 13:07:49 --> Severity: error --> Exception: Call to a member function format() on bool F:\FBP.com\application\views\listing.php 337
ERROR - 2019-12-20 13:09:12 --> Severity: Warning --> date_diff() expects parameter 1 to be DateTimeInterface, string given F:\FBP.com\application\views\listing.php 336
ERROR - 2019-12-20 13:09:12 --> Severity: error --> Exception: Call to a member function format() on bool F:\FBP.com\application\views\listing.php 337
ERROR - 2019-12-20 13:09:47 --> Severity: Warning --> date_diff() expects parameter 1 to be DateTimeInterface, string given F:\FBP.com\application\views\listing.php 336
ERROR - 2019-12-20 13:09:47 --> Severity: error --> Exception: Call to a member function format() on bool F:\FBP.com\application\views\listing.php 337
ERROR - 2019-12-20 13:10:18 --> Severity: Warning --> date_diff() expects parameter 1 to be DateTimeInterface, string given F:\FBP.com\application\views\listing.php 336
ERROR - 2019-12-20 13:10:18 --> Severity: error --> Exception: Call to a member function format() on bool F:\FBP.com\application\views\listing.php 337
ERROR - 2019-12-20 13:11:24 --> Severity: Warning --> date_diff() expects parameter 1 to be DateTimeInterface, int given F:\FBP.com\application\views\listing.php 336
ERROR - 2019-12-20 13:11:24 --> Severity: error --> Exception: Call to a member function format() on bool F:\FBP.com\application\views\listing.php 337
ERROR - 2019-12-20 13:13:09 --> Severity: Warning --> date_diff() expects parameter 1 to be DateTimeInterface, string given F:\FBP.com\application\views\listing.php 336
ERROR - 2019-12-20 13:13:09 --> Severity: error --> Exception: Call to a member function format() on bool F:\FBP.com\application\views\listing.php 337
ERROR - 2019-12-20 14:20:42 --> Severity: Warning --> date_diff() expects parameter 1 to be DateTimeInterface, string given F:\FBP.com\application\views\listing.php 336
ERROR - 2019-12-20 14:20:42 --> Severity: error --> Exception: Call to a member function format() on bool F:\FBP.com\application\views\listing.php 337
ERROR - 2019-12-20 14:21:14 --> Severity: Warning --> date_diff() expects parameter 1 to be DateTimeInterface, string given F:\FBP.com\application\views\listing.php 336
ERROR - 2019-12-20 14:21:14 --> Severity: error --> Exception: Call to a member function format() on bool F:\FBP.com\application\views\listing.php 337
ERROR - 2019-12-20 14:21:55 --> Severity: Warning --> date_diff() expects parameter 1 to be DateTimeInterface, string given F:\FBP.com\application\views\listing.php 336
ERROR - 2019-12-20 14:21:55 --> Severity: Warning --> date_diff() expects parameter 1 to be DateTimeInterface, string given F:\FBP.com\application\views\listing.php 336
ERROR - 2019-12-20 14:21:55 --> Severity: Warning --> date_diff() expects parameter 1 to be DateTimeInterface, string given F:\FBP.com\application\views\listing.php 336
ERROR - 2019-12-20 14:21:55 --> Severity: Warning --> date_diff() expects parameter 1 to be DateTimeInterface, string given F:\FBP.com\application\views\listing.php 336
ERROR - 2019-12-20 14:21:55 --> Severity: Warning --> date_diff() expects parameter 1 to be DateTimeInterface, string given F:\FBP.com\application\views\listing.php 336
ERROR - 2019-12-20 14:21:55 --> Severity: Warning --> date_diff() expects parameter 1 to be DateTimeInterface, string given F:\FBP.com\application\views\listing.php 336
ERROR - 2019-12-20 14:21:55 --> Severity: Warning --> date_diff() expects parameter 1 to be DateTimeInterface, string given F:\FBP.com\application\views\listing.php 336
ERROR - 2019-12-20 14:21:55 --> Severity: Warning --> date_diff() expects parameter 1 to be DateTimeInterface, string given F:\FBP.com\application\views\listing.php 336
ERROR - 2019-12-20 14:21:55 --> Severity: Warning --> date_diff() expects parameter 1 to be DateTimeInterface, string given F:\FBP.com\application\views\listing.php 336
ERROR - 2019-12-20 14:22:51 --> Severity: Warning --> date_diff() expects parameter 1 to be DateTimeInterface, string given F:\FBP.com\application\views\listing.php 335
ERROR - 2019-12-20 14:22:51 --> Severity: Warning --> date_diff() expects parameter 1 to be DateTimeInterface, string given F:\FBP.com\application\views\listing.php 335
ERROR - 2019-12-20 14:22:51 --> Severity: Warning --> date_diff() expects parameter 1 to be DateTimeInterface, string given F:\FBP.com\application\views\listing.php 335
ERROR - 2019-12-20 14:22:51 --> Severity: Warning --> date_diff() expects parameter 1 to be DateTimeInterface, string given F:\FBP.com\application\views\listing.php 335
ERROR - 2019-12-20 14:22:51 --> Severity: Warning --> date_diff() expects parameter 1 to be DateTimeInterface, string given F:\FBP.com\application\views\listing.php 335
ERROR - 2019-12-20 14:22:51 --> Severity: Warning --> date_diff() expects parameter 1 to be DateTimeInterface, string given F:\FBP.com\application\views\listing.php 335
ERROR - 2019-12-20 14:22:51 --> Severity: Warning --> date_diff() expects parameter 1 to be DateTimeInterface, string given F:\FBP.com\application\views\listing.php 335
ERROR - 2019-12-20 14:22:51 --> Severity: Warning --> date_diff() expects parameter 1 to be DateTimeInterface, string given F:\FBP.com\application\views\listing.php 335
ERROR - 2019-12-20 14:22:51 --> Severity: Warning --> date_diff() expects parameter 1 to be DateTimeInterface, string given F:\FBP.com\application\views\listing.php 335
ERROR - 2019-12-20 14:23:17 --> Severity: error --> Exception: syntax error, unexpected ';', expecting ')' F:\FBP.com\application\views\listing.php 334
ERROR - 2019-12-20 14:23:34 --> Severity: Warning --> date_diff() expects parameter 1 to be DateTimeInterface, string given F:\FBP.com\application\views\listing.php 335
ERROR - 2019-12-20 14:23:34 --> Severity: Warning --> date_diff() expects parameter 1 to be DateTimeInterface, string given F:\FBP.com\application\views\listing.php 335
ERROR - 2019-12-20 14:23:34 --> Severity: Warning --> date_diff() expects parameter 1 to be DateTimeInterface, string given F:\FBP.com\application\views\listing.php 335
ERROR - 2019-12-20 14:23:34 --> Severity: Warning --> date_diff() expects parameter 1 to be DateTimeInterface, string given F:\FBP.com\application\views\listing.php 335
ERROR - 2019-12-20 14:23:34 --> Severity: Warning --> date_diff() expects parameter 1 to be DateTimeInterface, string given F:\FBP.com\application\views\listing.php 335
ERROR - 2019-12-20 14:23:34 --> Severity: Warning --> date_diff() expects parameter 1 to be DateTimeInterface, string given F:\FBP.com\application\views\listing.php 335
ERROR - 2019-12-20 14:23:34 --> Severity: Warning --> date_diff() expects parameter 1 to be DateTimeInterface, string given F:\FBP.com\application\views\listing.php 335
ERROR - 2019-12-20 14:23:34 --> Severity: Warning --> date_diff() expects parameter 1 to be DateTimeInterface, string given F:\FBP.com\application\views\listing.php 335
ERROR - 2019-12-20 14:23:34 --> Severity: Warning --> date_diff() expects parameter 1 to be DateTimeInterface, string given F:\FBP.com\application\views\listing.php 335
