ERROR - 2018-03-29 00:04:40 --> Severity: Warning --> Division by zero /home/nkmtein/public_html/fullbasketproperty.com/application/core/Public_Controller.php 47
ERROR - 2018-03-29 02:20:48 --> 404 Page Not Found: 
ERROR - 2018-03-29 04:38:08 --> 404 Page Not Found: 
ERROR - 2018-03-29 05:37:01 --> 404 Page Not Found: 
ERROR - 2018-03-29 06:16:49 --> 404 Page Not Found: 
ERROR - 2018-03-29 06:16:49 --> 404 Page Not Found: 
ERROR - 2018-03-29 06:16:49 --> 404 Page Not Found: 
ERROR - 2018-03-29 06:16:50 --> 404 Page Not Found: 
ERROR - 2018-03-29 06:16:50 --> 404 Page Not Found: 
ERROR - 2018-03-29 07:45:22 --> 404 Page Not Found: 
ERROR - 2018-03-29 08:17:35 --> 404 Page Not Found: 
ERROR - 2018-03-29 08:17:36 --> 404 Page Not Found: 
ERROR - 2018-03-29 08:17:36 --> 404 Page Not Found: 
ERROR - 2018-03-29 08:17:37 --> 404 Page Not Found: 
ERROR - 2018-03-29 08:17:37 --> 404 Page Not Found: 
ERROR - 2018-03-29 10:59:09 --> 404 Page Not Found: 
ERROR - 2018-03-29 12:44:18 --> 404 Page Not Found: 
ERROR - 2018-03-29 12:55:28 --> 404 Page Not Found: 
ERROR - 2018-03-29 12:56:18 --> Severity: Warning --> Division by zero /home/nkmtein/public_html/fullbasketproperty.com/application/core/Public_Controller.php 47
ERROR - 2018-03-29 12:56:59 --> 404 Page Not Found: 
ERROR - 2018-03-29 13:03:31 --> Severity: Warning --> Missing argument 1 for Blogs::edit_blog() /home/nkmtein/public_html/fullbasketproperty.com/application/controllers/admin/Blogs.php 170
ERROR - 2018-03-29 13:57:26 --> 404 Page Not Found: 
ERROR - 2018-03-29 14:19:01 --> 404 Page Not Found: 
ERROR - 2018-03-29 14:20:17 --> Severity: Warning --> rename(uploads/elevations/kolte-patil-6091635.jpeg,uploads/ramky-one-galaxia/kolte-patil-6091635.jpeg): No such file or directory /home/nkmtein/public_html/fullbasketproperty.com/application/controllers/admin/Properties.php 584
ERROR - 2018-03-29 14:20:22 --> 404 Page Not Found: 
ERROR - 2018-03-29 14:21:08 --> 404 Page Not Found: 
ERROR - 2018-03-29 14:35:36 --> 404 Page Not Found: 
ERROR - 2018-03-29 14:35:50 --> 404 Page Not Found: 
ERROR - 2018-03-29 14:37:02 --> 404 Page Not Found: 
ERROR - 2018-03-29 14:37:25 --> 404 Page Not Found: 
ERROR - 2018-03-29 14:39:51 --> 404 Page Not Found: 
ERROR - 2018-03-29 14:41:19 --> 404 Page Not Found: 
ERROR - 2018-03-29 14:41:24 --> 404 Page Not Found: 
ERROR - 2018-03-29 14:42:09 --> 404 Page Not Found: 
ERROR - 2018-03-29 14:42:50 --> 404 Page Not Found: 
ERROR - 2018-03-29 14:43:45 --> 404 Page Not Found: 
ERROR - 2018-03-29 14:46:45 --> 404 Page Not Found: 
ERROR - 2018-03-29 14:47:04 --> 404 Page Not Found: 
ERROR - 2018-03-29 14:49:28 --> 404 Page Not Found: 
ERROR - 2018-03-29 14:50:25 --> 404 Page Not Found: 
ERROR - 2018-03-29 14:52:08 --> 404 Page Not Found: 
ERROR - 2018-03-29 15:08:57 --> 404 Page Not Found: 
ERROR - 2018-03-29 15:33:28 --> 404 Page Not Found: 
ERROR - 2018-03-29 15:41:16 --> Severity: Warning --> Division by zero /home/nkmtein/public_html/fullbasketproperty.com/application/core/Public_Controller.php 47
ERROR - 2018-03-29 15:41:26 --> Severity: Warning --> Division by zero /home/nkmtein/public_html/fullbasketproperty.com/application/core/Public_Controller.php 47
ERROR - 2018-03-29 15:41:40 --> Severity: Warning --> Division by zero /home/nkmtein/public_html/fullbasketproperty.com/application/core/Public_Controller.php 47
ERROR - 2018-03-29 15:41:54 --> Severity: Warning --> Division by zero /home/nkmtein/public_html/fullbasketproperty.com/application/core/Public_Controller.php 47
ERROR - 2018-03-29 15:42:03 --> Severity: Warning --> Division by zero /home/nkmtein/public_html/fullbasketproperty.com/application/core/Public_Controller.php 47
ERROR - 2018-03-29 15:42:18 --> Severity: Warning --> Division by zero /home/nkmtein/public_html/fullbasketproperty.com/application/core/Public_Controller.php 47
ERROR - 2018-03-29 15:42:34 --> Severity: Warning --> Division by zero /home/nkmtein/public_html/fullbasketproperty.com/application/core/Public_Controller.php 47
ERROR - 2018-03-29 15:42:47 --> Severity: Warning --> Division by zero /home/nkmtein/public_html/fullbasketproperty.com/application/core/Public_Controller.php 47
ERROR - 2018-03-29 15:49:45 --> 404 Page Not Found: 
ERROR - 2018-03-29 16:58:38 --> 404 Page Not Found: 
ERROR - 2018-03-29 16:58:53 --> 404 Page Not Found: 
ERROR - 2018-03-29 17:16:06 --> Severity: Warning --> Division by zero /home/nkmtein/public_html/fullbasketproperty.com/application/core/Public_Controller.php 47
ERROR - 2018-03-29 17:16:26 --> Severity: Warning --> Division by zero /home/nkmtein/public_html/fullbasketproperty.com/application/core/Public_Controller.php 47
ERROR - 2018-03-29 18:03:24 --> Severity: Warning --> rename(uploads/floor_plans/Incor_One_City-Tower_A_3BHK_Floor_Plan.jpg,uploads/incor-one-city/Incor_One_City-Tower_A_3BHK_Floor_Plan.jpg): No such file or directory /home/nkmtein/public_html/fullbasketproperty.com/application/controllers/admin/Properties.php 265
ERROR - 2018-03-29 18:03:25 --> Severity: Warning --> rename(uploads/construction/Incor_One_City_Feb_2018_Terrace-level-slab-work-of-tower-A-is-in-progress.jpg,uploads/incor-one-city/Incor_One_City_Feb_2018_Terrace-level-slab-work-of-tower-A-is-in-progress.jpg): No such file or directory /home/nkmtein/public_html/fullbasketproperty.com/application/controllers/admin/Properties.php 291
ERROR - 2018-03-29 18:03:45 --> 404 Page Not Found: 
ERROR - 2018-03-29 18:04:19 --> 404 Page Not Found: 
ERROR - 2018-03-29 18:04:20 --> 404 Page Not Found: 
ERROR - 2018-03-29 18:04:46 --> 404 Page Not Found: 
ERROR - 2018-03-29 18:04:56 --> 404 Page Not Found: 
ERROR - 2018-03-29 18:04:57 --> 404 Page Not Found: 
ERROR - 2018-03-29 18:05:33 --> 404 Page Not Found: 
ERROR - 2018-03-29 18:05:49 --> 404 Page Not Found: 
ERROR - 2018-03-29 18:05:50 --> 404 Page Not Found: 
ERROR - 2018-03-29 18:25:00 --> 404 Page Not Found: 
ERROR - 2018-03-29 18:43:27 --> 404 Page Not Found: 
ERROR - 2018-03-29 18:59:54 --> 404 Page Not Found: 
ERROR - 2018-03-29 19:00:33 --> 404 Page Not Found: 
ERROR - 2018-03-29 19:04:18 --> 404 Page Not Found: 
ERROR - 2018-03-29 19:05:14 --> 404 Page Not Found: 
ERROR - 2018-03-29 19:05:15 --> 404 Page Not Found: 
ERROR - 2018-03-29 19:06:04 --> 404 Page Not Found: 
ERROR - 2018-03-29 19:06:05 --> 404 Page Not Found: 
ERROR - 2018-03-29 19:06:38 --> 404 Page Not Found: 
ERROR - 2018-03-29 19:06:39 --> 404 Page Not Found: 
ERROR - 2018-03-29 19:07:12 --> 404 Page Not Found: 
ERROR - 2018-03-29 19:07:13 --> 404 Page Not Found: 
ERROR - 2018-03-29 20:04:01 --> 404 Page Not Found: 
ERROR - 2018-03-29 21:56:22 --> 404 Page Not Found: 
ERROR - 2018-03-29 21:59:51 --> 404 Page Not Found: 
ERROR - 2018-03-29 22:03:15 --> 404 Page Not Found: 
ERROR - 2018-03-29 22:05:15 --> 404 Page Not Found: 
ERROR - 2018-03-29 22:08:30 --> Severity: Warning --> Division by zero /home/nkmtein/public_html/fullbasketproperty.com/application/core/Public_Controller.php 47
ERROR - 2018-03-29 22:42:47 --> 404 Page Not Found: 
ERROR - 2018-03-29 22:53:48 --> 404 Page Not Found: 
