ERROR - 2019-01-03 00:24:55 --> 404 Page Not Found: 
ERROR - 2019-01-03 00:24:55 --> 404 Page Not Found: 
ERROR - 2019-01-03 00:26:05 --> Query error: You have an error in your SQL syntax; check the manual that corresponds to your MySQL server version for the right syntax to use near '-10, 10' at line 11 - Invalid query: SELECT DISTINCT `p`.*, `c`.`name` as `city_name`, `ps`.`name` as `property_status`, `pt`.`name` as `prop_type`, `b`.`name` as `builder`, `l`.`name` as `location`
FROM `properties` `p`
LEFT JOIN `cities` `c` ON `p`.`city_id` = `c`.`id`
LEFT JOIN `builders` `b` ON `p`.`builder_id` = `b`.`id`
LEFT JOIN `locations` `l` ON `p`.`location_id` = `l`.`id`
LEFT JOIN `property_types` `pt` ON `p`.`property_type_id` = `pt`.`id`
LEFT JOIN `property_status` `ps` ON `p`.`property_status_id` = `ps`.`id`
LEFT JOIN `property_amenities` `pa` ON `pa`.`property_id` = `p`.`id`
WHERE `p`.`status` = 1
ORDER BY `p`.`id` DESC
 LIMIT -10, 10
ERROR - 2019-01-03 00:26:06 --> Query error: You have an error in your SQL syntax; check the manual that corresponds to your MySQL server version for the right syntax to use near '-10, 10' at line 11 - Invalid query: SELECT DISTINCT `p`.*, `c`.`name` as `city_name`, `ps`.`name` as `property_status`, `pt`.`name` as `prop_type`, `b`.`name` as `builder`, `l`.`name` as `location`
FROM `properties` `p`
LEFT JOIN `cities` `c` ON `p`.`city_id` = `c`.`id`
LEFT JOIN `builders` `b` ON `p`.`builder_id` = `b`.`id`
LEFT JOIN `locations` `l` ON `p`.`location_id` = `l`.`id`
LEFT JOIN `property_types` `pt` ON `p`.`property_type_id` = `pt`.`id`
LEFT JOIN `property_status` `ps` ON `p`.`property_status_id` = `ps`.`id`
LEFT JOIN `property_amenities` `pa` ON `pa`.`property_id` = `p`.`id`
WHERE `p`.`status` = 1
ORDER BY `p`.`id` DESC
 LIMIT -10, 10
ERROR - 2019-01-03 00:28:13 --> 404 Page Not Found: 
ERROR - 2019-01-03 00:28:13 --> 404 Page Not Found: 
ERROR - 2019-01-03 02:56:31 --> 404 Page Not Found: 
ERROR - 2019-01-03 04:28:29 --> 404 Page Not Found: 
ERROR - 2019-01-03 04:45:51 --> 404 Page Not Found: 
ERROR - 2019-01-03 04:45:51 --> 404 Page Not Found: 
ERROR - 2019-01-03 04:45:52 --> 404 Page Not Found: 
ERROR - 2019-01-03 04:45:52 --> 404 Page Not Found: 
ERROR - 2019-01-03 04:45:53 --> 404 Page Not Found: 
ERROR - 2019-01-03 04:45:53 --> 404 Page Not Found: 
ERROR - 2019-01-03 05:11:09 --> 404 Page Not Found: 
ERROR - 2019-01-03 05:11:12 --> 404 Page Not Found: 
ERROR - 2019-01-03 05:12:46 --> 404 Page Not Found: 
ERROR - 2019-01-03 05:12:46 --> 404 Page Not Found: 
ERROR - 2019-01-03 05:12:55 --> 404 Page Not Found: 
ERROR - 2019-01-03 05:12:56 --> 404 Page Not Found: 
ERROR - 2019-01-03 08:12:05 --> 404 Page Not Found: 
ERROR - 2019-01-03 12:12:18 --> 404 Page Not Found: 
ERROR - 2019-01-03 12:14:22 --> 404 Page Not Found: 
ERROR - 2019-01-03 12:14:42 --> Severity: Warning --> Division by zero /home/nkmtein/public_html/fullbasketproperty.com/application/core/Public_Controller.php 47
ERROR - 2019-01-03 12:20:33 --> 404 Page Not Found: 
ERROR - 2019-01-03 12:40:49 --> 404 Page Not Found: 
ERROR - 2019-01-03 12:57:36 --> 404 Page Not Found: 
ERROR - 2019-01-03 12:57:55 --> 404 Page Not Found: 
ERROR - 2019-01-03 12:59:32 --> 404 Page Not Found: 
ERROR - 2019-01-03 12:59:35 --> Severity: Warning --> Division by zero /home/nkmtein/public_html/fullbasketproperty.com/application/core/Public_Controller.php 47
ERROR - 2019-01-03 13:00:14 --> Severity: Warning --> Division by zero /home/nkmtein/public_html/fullbasketproperty.com/application/core/Public_Controller.php 47
ERROR - 2019-01-03 13:00:38 --> Severity: Warning --> Division by zero /home/nkmtein/public_html/fullbasketproperty.com/application/core/Public_Controller.php 47
ERROR - 2019-01-03 14:45:44 --> 404 Page Not Found: 
ERROR - 2019-01-03 14:49:56 --> 404 Page Not Found: 
ERROR - 2019-01-03 17:05:10 --> 404 Page Not Found: 
ERROR - 2019-01-03 17:15:09 --> 404 Page Not Found: 
ERROR - 2019-01-03 17:29:21 --> 404 Page Not Found: 
ERROR - 2019-01-03 17:43:19 --> 404 Page Not Found: 
ERROR - 2019-01-03 19:06:53 --> 404 Page Not Found: 
ERROR - 2019-01-03 20:59:09 --> Severity: Warning --> Division by zero /home/nkmtein/public_html/fullbasketproperty.com/application/core/Public_Controller.php 47
ERROR - 2019-01-03 22:29:59 --> 404 Page Not Found: 
