ERROR - 2019-08-23 00:05:32 --> 404 Page Not Found: 
ERROR - 2019-08-23 00:28:08 --> 404 Page Not Found: 
ERROR - 2019-08-23 01:03:44 --> Severity: Warning --> Illegal string offset 'keyword' /home/fullbasketproper/public_html/application/views/listing.php 186
ERROR - 2019-08-23 01:12:52 --> Severity: Warning --> Illegal string offset 'keyword' /home/fullbasketproper/public_html/application/views/listing.php 186
ERROR - 2019-08-23 01:34:56 --> 404 Page Not Found: 
ERROR - 2019-08-23 01:52:53 --> Severity: Warning --> Illegal string offset 'keyword' /home/fullbasketproper/public_html/application/views/listing.php 186
ERROR - 2019-08-23 02:05:17 --> Severity: Warning --> Illegal string offset 'keyword' /home/fullbasketproper/public_html/application/views/listing.php 186
ERROR - 2019-08-23 02:05:22 --> Severity: Warning --> Illegal string offset 'keyword' /home/fullbasketproper/public_html/application/views/listing.php 186
ERROR - 2019-08-23 02:06:19 --> Severity: Warning --> Illegal string offset 'keyword' /home/fullbasketproper/public_html/application/views/listing.php 186
ERROR - 2019-08-23 02:08:59 --> Severity: Warning --> Illegal string offset 'keyword' /home/fullbasketproper/public_html/application/views/listing.php 186
ERROR - 2019-08-23 02:20:53 --> 404 Page Not Found: 
ERROR - 2019-08-23 02:20:58 --> 404 Page Not Found: 
ERROR - 2019-08-23 02:39:38 --> Severity: Warning --> Illegal string offset 'keyword' /home/fullbasketproper/public_html/application/views/listing.php 186
ERROR - 2019-08-23 02:43:59 --> 404 Page Not Found: 
ERROR - 2019-08-23 03:04:35 --> Severity: Warning --> Illegal string offset 'keyword' /home/fullbasketproper/public_html/application/views/listing.php 186
ERROR - 2019-08-23 03:14:09 --> 404 Page Not Found: 
ERROR - 2019-08-23 03:14:10 --> 404 Page Not Found: 
ERROR - 2019-08-23 03:43:50 --> 404 Page Not Found: 
ERROR - 2019-08-23 03:45:12 --> 404 Page Not Found: 
ERROR - 2019-08-23 03:50:36 --> Severity: Warning --> Illegal string offset 'keyword' /home/fullbasketproper/public_html/application/views/listing.php 186
ERROR - 2019-08-23 04:26:44 --> Severity: Warning --> Illegal string offset 'keyword' /home/fullbasketproper/public_html/application/views/listing.php 186
ERROR - 2019-08-23 04:54:53 --> Severity: Warning --> Illegal string offset 'keyword' /home/fullbasketproper/public_html/application/views/listing.php 186
ERROR - 2019-08-23 05:27:56 --> Severity: Warning --> Illegal string offset 'keyword' /home/fullbasketproper/public_html/application/views/listing.php 186
ERROR - 2019-08-23 05:37:23 --> Severity: Warning --> Illegal string offset 'keyword' /home/fullbasketproper/public_html/application/views/listing.php 186
ERROR - 2019-08-23 06:06:32 --> Severity: Warning --> Illegal string offset 'keyword' /home/fullbasketproper/public_html/application/views/listing.php 186
ERROR - 2019-08-23 06:09:59 --> 404 Page Not Found: 
ERROR - 2019-08-23 06:10:12 --> Severity: Warning --> Illegal string offset 'keyword' /home/fullbasketproper/public_html/application/views/listing.php 186
ERROR - 2019-08-23 06:40:08 --> 404 Page Not Found: 
ERROR - 2019-08-23 06:47:57 --> 404 Page Not Found: 
ERROR - 2019-08-23 06:53:59 --> 404 Page Not Found: 
ERROR - 2019-08-23 07:04:13 --> 404 Page Not Found: 
ERROR - 2019-08-23 07:17:48 --> Severity: 4096 --> Object of class CI_Email could not be converted to string /home/fullbasketproper/public_html/application/controllers/Home.php 429
ERROR - 2019-08-23 07:17:57 --> Severity: Warning --> Illegal string offset 'keyword' /home/fullbasketproper/public_html/application/views/listing.php 186
ERROR - 2019-08-23 07:19:31 --> Severity: Warning --> Illegal string offset 'keyword' /home/fullbasketproper/public_html/application/views/listing.php 186
ERROR - 2019-08-23 07:27:57 --> Severity: Warning --> Illegal string offset 'keyword' /home/fullbasketproper/public_html/application/views/listing.php 186
ERROR - 2019-08-23 07:54:57 --> 404 Page Not Found: 
ERROR - 2019-08-23 08:04:14 --> 404 Page Not Found: 
ERROR - 2019-08-23 08:07:14 --> 404 Page Not Found: 
ERROR - 2019-08-23 08:14:58 --> Severity: Warning --> Illegal string offset 'keyword' /home/fullbasketproper/public_html/application/views/listing.php 186
ERROR - 2019-08-23 08:32:30 --> Severity: Warning --> Illegal string offset 'keyword' /home/fullbasketproper/public_html/application/views/listing.php 186
ERROR - 2019-08-23 08:32:56 --> Severity: Warning --> Illegal string offset 'keyword' /home/fullbasketproper/public_html/application/views/listing.php 186
ERROR - 2019-08-23 08:33:12 --> Severity: Warning --> Illegal string offset 'keyword' /home/fullbasketproper/public_html/application/views/listing.php 186
ERROR - 2019-08-23 08:33:28 --> Severity: Warning --> Illegal string offset 'keyword' /home/fullbasketproper/public_html/application/views/listing.php 186
ERROR - 2019-08-23 08:33:41 --> Severity: Warning --> Illegal string offset 'keyword' /home/fullbasketproper/public_html/application/views/listing.php 186
ERROR - 2019-08-23 08:34:05 --> Severity: Warning --> Illegal string offset 'keyword' /home/fullbasketproper/public_html/application/views/listing.php 186
ERROR - 2019-08-23 08:34:18 --> Severity: Warning --> Illegal string offset 'keyword' /home/fullbasketproper/public_html/application/views/listing.php 186
ERROR - 2019-08-23 08:34:37 --> Severity: Warning --> Illegal string offset 'keyword' /home/fullbasketproper/public_html/application/views/listing.php 186
ERROR - 2019-08-23 08:34:56 --> Severity: Warning --> Illegal string offset 'keyword' /home/fullbasketproper/public_html/application/views/listing.php 186
ERROR - 2019-08-23 08:35:14 --> Severity: Warning --> Illegal string offset 'keyword' /home/fullbasketproper/public_html/application/views/listing.php 186
ERROR - 2019-08-23 08:35:31 --> Severity: Warning --> Illegal string offset 'keyword' /home/fullbasketproper/public_html/application/views/listing.php 186
ERROR - 2019-08-23 08:35:40 --> Severity: Warning --> Illegal string offset 'keyword' /home/fullbasketproper/public_html/application/views/listing.php 186
ERROR - 2019-08-23 08:36:03 --> Severity: Warning --> Illegal string offset 'keyword' /home/fullbasketproper/public_html/application/views/listing.php 186
ERROR - 2019-08-23 08:36:09 --> 404 Page Not Found: 
ERROR - 2019-08-23 08:36:17 --> Severity: Warning --> Illegal string offset 'keyword' /home/fullbasketproper/public_html/application/views/listing.php 186
ERROR - 2019-08-23 08:36:43 --> Severity: Warning --> Illegal string offset 'keyword' /home/fullbasketproper/public_html/application/views/listing.php 186
ERROR - 2019-08-23 08:36:59 --> Severity: Warning --> Illegal string offset 'keyword' /home/fullbasketproper/public_html/application/views/listing.php 186
ERROR - 2019-08-23 08:37:19 --> Severity: Warning --> Illegal string offset 'keyword' /home/fullbasketproper/public_html/application/views/listing.php 186
ERROR - 2019-08-23 08:37:35 --> Severity: Warning --> Illegal string offset 'keyword' /home/fullbasketproper/public_html/application/views/listing.php 186
ERROR - 2019-08-23 08:37:54 --> Severity: Warning --> Illegal string offset 'keyword' /home/fullbasketproper/public_html/application/views/listing.php 186
ERROR - 2019-08-23 08:38:14 --> Severity: Warning --> Illegal string offset 'keyword' /home/fullbasketproper/public_html/application/views/listing.php 186
ERROR - 2019-08-23 08:38:30 --> Severity: Warning --> Illegal string offset 'keyword' /home/fullbasketproper/public_html/application/views/listing.php 186
ERROR - 2019-08-23 08:38:47 --> Severity: Warning --> Illegal string offset 'keyword' /home/fullbasketproper/public_html/application/views/listing.php 186
ERROR - 2019-08-23 08:39:07 --> Severity: Warning --> Illegal string offset 'keyword' /home/fullbasketproper/public_html/application/views/listing.php 186
ERROR - 2019-08-23 08:39:30 --> Severity: Warning --> Illegal string offset 'keyword' /home/fullbasketproper/public_html/application/views/listing.php 186
ERROR - 2019-08-23 08:39:49 --> Severity: Warning --> Illegal string offset 'keyword' /home/fullbasketproper/public_html/application/views/listing.php 186
ERROR - 2019-08-23 08:40:05 --> Severity: Warning --> Illegal string offset 'keyword' /home/fullbasketproper/public_html/application/views/listing.php 186
ERROR - 2019-08-23 08:40:41 --> Severity: Warning --> Illegal string offset 'keyword' /home/fullbasketproper/public_html/application/views/listing.php 186
ERROR - 2019-08-23 09:26:07 --> Query error: You have an error in your SQL syntax; check the manual that corresponds to your MySQL server version for the right syntax to use near '-10, 10' at line 11 - Invalid query: SELECT DISTINCT `p`.*, `c`.`name` as `city_name`, `ps`.`name` as `property_status`, `pt`.`name` as `prop_type`, `b`.`name` as `builder`, `l`.`name` as `location`
FROM `properties` `p`
LEFT JOIN `cities` `c` ON `p`.`city_id` = `c`.`id`
LEFT JOIN `builders` `b` ON `p`.`builder_id` = `b`.`id`
LEFT JOIN `locations` `l` ON `p`.`location_id` = `l`.`id`
LEFT JOIN `property_types` `pt` ON `p`.`property_type_id` = `pt`.`id`
LEFT JOIN `property_status` `ps` ON `p`.`property_status_id` = `ps`.`id`
LEFT JOIN `property_amenities` `pa` ON `pa`.`property_id` = `p`.`id`
WHERE `p`.`status` = 1
ORDER BY `p`.`id` DESC
 LIMIT -10, 10
ERROR - 2019-08-23 09:54:02 --> 404 Page Not Found: 
ERROR - 2019-08-23 09:58:42 --> Severity: Warning --> Illegal string offset 'keyword' /home/fullbasketproper/public_html/application/views/listing.php 186
ERROR - 2019-08-23 10:02:58 --> 404 Page Not Found: 
ERROR - 2019-08-23 10:13:04 --> 404 Page Not Found: 
ERROR - 2019-08-23 10:42:38 --> 404 Page Not Found: 
ERROR - 2019-08-23 10:45:19 --> 404 Page Not Found: 
ERROR - 2019-08-23 11:00:38 --> 404 Page Not Found: 
ERROR - 2019-08-23 11:04:24 --> 404 Page Not Found: 
ERROR - 2019-08-23 11:05:05 --> 404 Page Not Found: 
ERROR - 2019-08-23 11:05:07 --> 404 Page Not Found: 
ERROR - 2019-08-23 11:05:20 --> 404 Page Not Found: 
ERROR - 2019-08-23 11:10:58 --> 404 Page Not Found: 
ERROR - 2019-08-23 11:11:51 --> Severity: Warning --> Illegal string offset 'keyword' /home/fullbasketproper/public_html/application/views/listing.php 186
ERROR - 2019-08-23 11:21:22 --> Severity: Warning --> Illegal string offset 'keyword' /home/fullbasketproper/public_html/application/views/listing.php 186
ERROR - 2019-08-23 11:21:27 --> 404 Page Not Found: 
ERROR - 2019-08-23 11:26:17 --> 404 Page Not Found: 
ERROR - 2019-08-23 11:26:19 --> 404 Page Not Found: 
ERROR - 2019-08-23 11:28:52 --> 404 Page Not Found: 
ERROR - 2019-08-23 11:31:19 --> 404 Page Not Found: 
ERROR - 2019-08-23 11:39:06 --> Severity: Warning --> Illegal string offset 'keyword' /home/fullbasketproper/public_html/application/views/listing.php 186
ERROR - 2019-08-23 11:53:16 --> 404 Page Not Found: 
ERROR - 2019-08-23 11:57:51 --> 404 Page Not Found: 
ERROR - 2019-08-23 12:10:32 --> Severity: Warning --> Illegal string offset 'keyword' /home/fullbasketproper/public_html/application/views/listing.php 186
ERROR - 2019-08-23 12:11:12 --> Severity: Warning --> Illegal string offset 'keyword' /home/fullbasketproper/public_html/application/views/listing.php 186
ERROR - 2019-08-23 12:13:38 --> Query error: Column 'email' cannot be null - Invalid query: INSERT INTO `subscribers` (`email`, `created_at`) VALUES (NULL, '2019-08-23 12:13:38')
ERROR - 2019-08-23 12:14:54 --> Severity: Warning --> Division by zero /home/fullbasketproper/public_html/application/core/Public_Controller.php 47
ERROR - 2019-08-23 12:16:19 --> Severity: Warning --> Illegal string offset 'keyword' /home/fullbasketproper/public_html/application/views/listing.php 186
ERROR - 2019-08-23 12:17:36 --> Severity: Warning --> Illegal string offset 'keyword' /home/fullbasketproper/public_html/application/views/listing.php 186
ERROR - 2019-08-23 12:18:17 --> Severity: Warning --> Illegal string offset 'keyword' /home/fullbasketproper/public_html/application/views/listing.php 186
ERROR - 2019-08-23 12:18:46 --> Severity: Warning --> Illegal string offset 'keyword' /home/fullbasketproper/public_html/application/views/listing.php 186
ERROR - 2019-08-23 12:18:58 --> Severity: Warning --> Illegal string offset 'keyword' /home/fullbasketproper/public_html/application/views/listing.php 186
ERROR - 2019-08-23 12:19:37 --> Severity: Warning --> Illegal string offset 'keyword' /home/fullbasketproper/public_html/application/views/listing.php 186
ERROR - 2019-08-23 12:20:17 --> Severity: Warning --> Illegal string offset 'keyword' /home/fullbasketproper/public_html/application/views/listing.php 186
ERROR - 2019-08-23 12:20:56 --> Severity: Warning --> Illegal string offset 'keyword' /home/fullbasketproper/public_html/application/views/listing.php 186
ERROR - 2019-08-23 12:22:13 --> Severity: Warning --> Illegal string offset 'keyword' /home/fullbasketproper/public_html/application/views/listing.php 186
ERROR - 2019-08-23 12:22:48 --> Severity: Warning --> Illegal string offset 'keyword' /home/fullbasketproper/public_html/application/views/listing.php 186
ERROR - 2019-08-23 12:22:53 --> Severity: Warning --> Illegal string offset 'keyword' /home/fullbasketproper/public_html/application/views/listing.php 186
ERROR - 2019-08-23 12:25:20 --> Severity: Warning --> Illegal string offset 'keyword' /home/fullbasketproper/public_html/application/views/listing.php 186
ERROR - 2019-08-23 12:26:00 --> Severity: Warning --> Illegal string offset 'keyword' /home/fullbasketproper/public_html/application/views/listing.php 186
ERROR - 2019-08-23 12:26:39 --> Severity: Warning --> Illegal string offset 'keyword' /home/fullbasketproper/public_html/application/views/listing.php 186
ERROR - 2019-08-23 12:27:19 --> Severity: Warning --> Illegal string offset 'keyword' /home/fullbasketproper/public_html/application/views/listing.php 186
ERROR - 2019-08-23 12:27:59 --> Severity: Warning --> Illegal string offset 'keyword' /home/fullbasketproper/public_html/application/views/listing.php 186
ERROR - 2019-08-23 12:46:38 --> Severity: Warning --> Illegal string offset 'keyword' /home/fullbasketproper/public_html/application/views/listing.php 186
ERROR - 2019-08-23 12:53:50 --> 404 Page Not Found: 
ERROR - 2019-08-23 13:04:29 --> 404 Page Not Found: 
ERROR - 2019-08-23 13:05:30 --> 404 Page Not Found: 
ERROR - 2019-08-23 13:22:41 --> 404 Page Not Found: 
ERROR - 2019-08-23 13:31:35 --> 404 Page Not Found: 
ERROR - 2019-08-23 13:42:49 --> 404 Page Not Found: 
ERROR - 2019-08-23 13:44:59 --> 404 Page Not Found: 
ERROR - 2019-08-23 13:46:40 --> 404 Page Not Found: 
ERROR - 2019-08-23 13:56:54 --> 404 Page Not Found: 
ERROR - 2019-08-23 14:12:04 --> Severity: Warning --> Illegal string offset 'keyword' /home/fullbasketproper/public_html/application/views/listing.php 186
ERROR - 2019-08-23 14:12:13 --> Severity: Warning --> Illegal string offset 'keyword' /home/fullbasketproper/public_html/application/views/listing.php 186
ERROR - 2019-08-23 14:26:59 --> 404 Page Not Found: 
ERROR - 2019-08-23 14:27:09 --> 404 Page Not Found: 
ERROR - 2019-08-23 14:44:17 --> Severity: Warning --> Illegal string offset 'keyword' /home/fullbasketproper/public_html/application/views/listing.php 186
ERROR - 2019-08-23 14:46:59 --> 404 Page Not Found: 
ERROR - 2019-08-23 15:01:26 --> 404 Page Not Found: 
ERROR - 2019-08-23 15:06:37 --> 404 Page Not Found: 
ERROR - 2019-08-23 15:11:28 --> 404 Page Not Found: 
ERROR - 2019-08-23 15:15:01 --> 404 Page Not Found: 
ERROR - 2019-08-23 15:47:21 --> 404 Page Not Found: 
ERROR - 2019-08-23 15:47:30 --> 404 Page Not Found: 
ERROR - 2019-08-23 15:47:48 --> Severity: Warning --> Illegal string offset 'keyword' /home/fullbasketproper/public_html/application/views/listing.php 186
ERROR - 2019-08-23 15:47:57 --> Severity: Warning --> Illegal string offset 'keyword' /home/fullbasketproper/public_html/application/views/listing.php 186
ERROR - 2019-08-23 15:48:08 --> Severity: Warning --> Illegal string offset 'keyword' /home/fullbasketproper/public_html/application/views/listing.php 186
ERROR - 2019-08-23 15:48:19 --> Severity: Warning --> Illegal string offset 'keyword' /home/fullbasketproper/public_html/application/views/listing.php 186
ERROR - 2019-08-23 15:49:14 --> Severity: Warning --> Illegal string offset 'keyword' /home/fullbasketproper/public_html/application/views/listing.php 186
ERROR - 2019-08-23 15:51:00 --> 404 Page Not Found: 
ERROR - 2019-08-23 15:52:18 --> 404 Page Not Found: 
ERROR - 2019-08-23 15:52:34 --> 404 Page Not Found: 
ERROR - 2019-08-23 15:54:05 --> 404 Page Not Found: 
ERROR - 2019-08-23 15:55:13 --> 404 Page Not Found: 
ERROR - 2019-08-23 16:11:27 --> 404 Page Not Found: 
ERROR - 2019-08-23 16:11:42 --> 404 Page Not Found: 
ERROR - 2019-08-23 16:17:39 --> 404 Page Not Found: 
ERROR - 2019-08-23 16:25:36 --> 404 Page Not Found: 
ERROR - 2019-08-23 16:28:11 --> 404 Page Not Found: 
ERROR - 2019-08-23 16:50:07 --> 404 Page Not Found: 
ERROR - 2019-08-23 16:50:08 --> 404 Page Not Found: 
ERROR - 2019-08-23 17:13:16 --> Severity: Warning --> Illegal string offset 'keyword' /home/fullbasketproper/public_html/application/views/listing.php 186
ERROR - 2019-08-23 17:51:53 --> Severity: Warning --> Illegal string offset 'keyword' /home/fullbasketproper/public_html/application/views/listing.php 186
ERROR - 2019-08-23 18:00:07 --> 404 Page Not Found: 
ERROR - 2019-08-23 18:01:03 --> Severity: Warning --> Illegal string offset 'keyword' /home/fullbasketproper/public_html/application/views/listing.php 186
ERROR - 2019-08-23 18:17:02 --> 404 Page Not Found: 
ERROR - 2019-08-23 18:23:36 --> 404 Page Not Found: 
ERROR - 2019-08-23 18:23:55 --> 404 Page Not Found: 
ERROR - 2019-08-23 18:23:56 --> 404 Page Not Found: 
ERROR - 2019-08-23 18:24:03 --> 404 Page Not Found: 
ERROR - 2019-08-23 18:24:04 --> 404 Page Not Found: 
ERROR - 2019-08-23 18:39:41 --> 404 Page Not Found: 
ERROR - 2019-08-23 18:56:53 --> 404 Page Not Found: 
ERROR - 2019-08-23 19:17:19 --> 404 Page Not Found: 
ERROR - 2019-08-23 19:19:52 --> 404 Page Not Found: 
ERROR - 2019-08-23 19:27:09 --> Severity: Warning --> Illegal string offset 'keyword' /home/fullbasketproper/public_html/application/views/listing.php 186
ERROR - 2019-08-23 19:27:40 --> 404 Page Not Found: 
ERROR - 2019-08-23 19:29:45 --> Severity: Warning --> Illegal string offset 'keyword' /home/fullbasketproper/public_html/application/views/listing.php 186
ERROR - 2019-08-23 19:30:07 --> Severity: Warning --> Illegal string offset 'keyword' /home/fullbasketproper/public_html/application/views/listing.php 186
ERROR - 2019-08-23 19:30:32 --> Severity: Warning --> Illegal string offset 'keyword' /home/fullbasketproper/public_html/application/views/listing.php 186
ERROR - 2019-08-23 19:30:45 --> Severity: Warning --> Illegal string offset 'keyword' /home/fullbasketproper/public_html/application/views/listing.php 186
ERROR - 2019-08-23 19:54:40 --> 404 Page Not Found: 
ERROR - 2019-08-23 19:54:44 --> 404 Page Not Found: 
ERROR - 2019-08-23 19:55:02 --> 404 Page Not Found: 
ERROR - 2019-08-23 19:55:03 --> 404 Page Not Found: 
ERROR - 2019-08-23 20:38:15 --> Severity: Warning --> Illegal string offset 'keyword' /home/fullbasketproper/public_html/application/views/listing.php 186
ERROR - 2019-08-23 20:38:19 --> Severity: Warning --> Illegal string offset 'keyword' /home/fullbasketproper/public_html/application/views/listing.php 186
ERROR - 2019-08-23 20:38:23 --> Severity: Warning --> Illegal string offset 'keyword' /home/fullbasketproper/public_html/application/views/listing.php 186
ERROR - 2019-08-23 20:38:27 --> Severity: Warning --> Illegal string offset 'keyword' /home/fullbasketproper/public_html/application/views/listing.php 186
ERROR - 2019-08-23 20:38:30 --> Severity: Warning --> Illegal string offset 'keyword' /home/fullbasketproper/public_html/application/views/listing.php 186
ERROR - 2019-08-23 20:38:34 --> Severity: Warning --> Illegal string offset 'keyword' /home/fullbasketproper/public_html/application/views/listing.php 186
ERROR - 2019-08-23 20:38:37 --> Severity: Warning --> Illegal string offset 'keyword' /home/fullbasketproper/public_html/application/views/listing.php 186
ERROR - 2019-08-23 20:38:42 --> Severity: Warning --> Illegal string offset 'keyword' /home/fullbasketproper/public_html/application/views/listing.php 186
ERROR - 2019-08-23 20:41:54 --> Severity: Warning --> Illegal string offset 'keyword' /home/fullbasketproper/public_html/application/views/listing.php 186
ERROR - 2019-08-23 20:42:00 --> 404 Page Not Found: 
ERROR - 2019-08-23 20:42:02 --> 404 Page Not Found: 
ERROR - 2019-08-23 21:07:21 --> 404 Page Not Found: 
ERROR - 2019-08-23 21:12:02 --> 404 Page Not Found: 
ERROR - 2019-08-23 21:12:26 --> 404 Page Not Found: 
ERROR - 2019-08-23 21:13:28 --> Severity: Warning --> Illegal string offset 'keyword' /home/fullbasketproper/public_html/application/views/listing.php 186
ERROR - 2019-08-23 21:18:46 --> 404 Page Not Found: 
ERROR - 2019-08-23 21:59:24 --> 404 Page Not Found: 
ERROR - 2019-08-23 22:09:54 --> 404 Page Not Found: 
ERROR - 2019-08-23 22:09:56 --> 404 Page Not Found: 
ERROR - 2019-08-23 22:30:12 --> 404 Page Not Found: 
ERROR - 2019-08-23 22:34:34 --> 404 Page Not Found: 
ERROR - 2019-08-23 22:43:17 --> Severity: Warning --> Illegal string offset 'keyword' /home/fullbasketproper/public_html/application/views/listing.php 186
ERROR - 2019-08-23 22:52:49 --> 404 Page Not Found: 
ERROR - 2019-08-23 22:53:44 --> 404 Page Not Found: 
ERROR - 2019-08-23 23:06:23 --> 404 Page Not Found: 
ERROR - 2019-08-23 23:50:46 --> 404 Page Not Found: 
