ERROR - 2020-02-04 13:03:24 --> 404 Page Not Found: 
ERROR - 2020-02-04 14:17:43 --> Severity: error --> Exception: Call to a member function date_create() on array F:\FBP.com\application\views\achievements.php 39
ERROR - 2020-02-04 14:20:25 --> Severity: Warning --> nl2br() expects at least 1 parameter, 0 given F:\FBP.com\application\views\achievements.php 40
ERROR - 2020-02-04 14:20:25 --> Severity: Warning --> nl2br() expects at least 1 parameter, 0 given F:\FBP.com\application\views\achievements.php 40
ERROR - 2020-02-04 14:20:25 --> Severity: Warning --> nl2br() expects at least 1 parameter, 0 given F:\FBP.com\application\views\achievements.php 40
ERROR - 2020-02-04 14:20:25 --> Severity: Warning --> nl2br() expects at least 1 parameter, 0 given F:\FBP.com\application\views\achievements.php 40
ERROR - 2020-02-04 14:20:25 --> Severity: Warning --> nl2br() expects at least 1 parameter, 0 given F:\FBP.com\application\views\achievements.php 40
ERROR - 2020-02-04 14:20:25 --> Severity: Warning --> nl2br() expects at least 1 parameter, 0 given F:\FBP.com\application\views\achievements.php 40
ERROR - 2020-02-04 14:20:25 --> Severity: Warning --> nl2br() expects at least 1 parameter, 0 given F:\FBP.com\application\views\achievements.php 40
ERROR - 2020-02-04 14:20:25 --> Severity: Warning --> nl2br() expects at least 1 parameter, 0 given F:\FBP.com\application\views\achievements.php 40
ERROR - 2020-02-04 14:20:25 --> Severity: Warning --> nl2br() expects at least 1 parameter, 0 given F:\FBP.com\application\views\achievements.php 40
ERROR - 2020-02-04 14:27:01 --> Severity: error --> Exception: Call to a member function loadAchievements() on null F:\FBP.com\application\controllers\Home.php 1008
ERROR - 2020-02-04 14:27:30 --> Query error: Unknown column 'date_created' in 'order clause' - Invalid query: SELECT *
FROM `achievements`
WHERE `status` = 1
ORDER BY `date_created` ASC
ERROR - 2020-02-04 14:28:03 --> 404 Page Not Found: 
ERROR - 2020-02-04 14:29:00 --> Severity: Warning --> Invalid argument supplied for foreach() F:\FBP.com\application\views\achievements.php 38
ERROR - 2020-02-04 14:29:41 --> Severity: Warning --> Invalid argument supplied for foreach() F:\FBP.com\application\views\achievements.php 38
ERROR - 2020-02-04 14:32:01 --> Severity: Warning --> Invalid argument supplied for foreach() F:\FBP.com\application\views\header.php 81
ERROR - 2020-02-04 14:32:01 --> Severity: Warning --> Invalid argument supplied for foreach() F:\FBP.com\application\views\header.php 107
ERROR - 2020-02-04 14:32:15 --> Severity: Warning --> Invalid argument supplied for foreach() F:\FBP.com\application\views\header.php 81
ERROR - 2020-02-04 14:32:15 --> Severity: Warning --> Invalid argument supplied for foreach() F:\FBP.com\application\views\header.php 107
ERROR - 2020-02-04 14:33:17 --> Severity: Warning --> Invalid argument supplied for foreach() F:\FBP.com\application\views\header.php 81
ERROR - 2020-02-04 14:33:17 --> Severity: Warning --> Invalid argument supplied for foreach() F:\FBP.com\application\views\header.php 107
ERROR - 2020-02-04 14:33:17 --> Severity: error --> Exception: Call to undefined method stdClass::date_added() F:\FBP.com\application\views\achievements.php 40
ERROR - 2020-02-04 14:34:28 --> Severity: Warning --> Invalid argument supplied for foreach() F:\FBP.com\application\views\header.php 81
ERROR - 2020-02-04 14:34:28 --> Severity: Warning --> Invalid argument supplied for foreach() F:\FBP.com\application\views\header.php 107
ERROR - 2020-02-04 14:34:42 --> Severity: Warning --> Invalid argument supplied for foreach() F:\FBP.com\application\views\header.php 81
ERROR - 2020-02-04 14:34:42 --> Severity: Warning --> Invalid argument supplied for foreach() F:\FBP.com\application\views\header.php 107
ERROR - 2020-02-04 14:34:50 --> Severity: Warning --> Invalid argument supplied for foreach() F:\FBP.com\application\views\header.php 81
ERROR - 2020-02-04 14:34:50 --> Severity: Warning --> Invalid argument supplied for foreach() F:\FBP.com\application\views\header.php 107
ERROR - 2020-02-04 14:35:12 --> Severity: Warning --> Invalid argument supplied for foreach() F:\FBP.com\application\views\header.php 81
ERROR - 2020-02-04 14:35:12 --> Severity: Warning --> Invalid argument supplied for foreach() F:\FBP.com\application\views\header.php 107
ERROR - 2020-02-04 14:36:28 --> Severity: Warning --> Invalid argument supplied for foreach() F:\FBP.com\application\views\header.php 81
ERROR - 2020-02-04 14:36:28 --> Severity: Warning --> Invalid argument supplied for foreach() F:\FBP.com\application\views\header.php 107
ERROR - 2020-02-04 14:36:28 --> Severity: Warning --> array_count_values() expects parameter 1 to be array, string given F:\FBP.com\application\views\achievements.php 41
ERROR - 2020-02-04 14:36:28 --> Severity: Warning --> array_count_values() expects parameter 1 to be array, string given F:\FBP.com\application\views\achievements.php 41
ERROR - 2020-02-04 14:36:28 --> Severity: Warning --> array_count_values() expects parameter 1 to be array, string given F:\FBP.com\application\views\achievements.php 41
ERROR - 2020-02-04 14:36:28 --> Severity: Warning --> array_count_values() expects parameter 1 to be array, string given F:\FBP.com\application\views\achievements.php 41
ERROR - 2020-02-04 14:36:28 --> Severity: Warning --> array_count_values() expects parameter 1 to be array, string given F:\FBP.com\application\views\achievements.php 41
ERROR - 2020-02-04 14:36:28 --> Severity: Warning --> array_count_values() expects parameter 1 to be array, string given F:\FBP.com\application\views\achievements.php 41
ERROR - 2020-02-04 14:36:28 --> Severity: Warning --> array_count_values() expects parameter 1 to be array, string given F:\FBP.com\application\views\achievements.php 41
ERROR - 2020-02-04 14:36:28 --> Severity: Warning --> array_count_values() expects parameter 1 to be array, string given F:\FBP.com\application\views\achievements.php 41
ERROR - 2020-02-04 14:36:28 --> Severity: Warning --> array_count_values() expects parameter 1 to be array, string given F:\FBP.com\application\views\achievements.php 41
ERROR - 2020-02-04 14:36:51 --> Severity: Warning --> Invalid argument supplied for foreach() F:\FBP.com\application\views\header.php 81
ERROR - 2020-02-04 14:36:51 --> Severity: Warning --> Invalid argument supplied for foreach() F:\FBP.com\application\views\header.php 107
ERROR - 2020-02-04 14:36:51 --> Severity: Warning --> array_count_values() expects parameter 1 to be array, string given F:\FBP.com\application\views\achievements.php 38
ERROR - 2020-02-04 14:36:51 --> Severity: Warning --> array_count_values() expects parameter 1 to be array, string given F:\FBP.com\application\views\achievements.php 43
ERROR - 2020-02-04 14:36:51 --> Severity: Warning --> array_count_values() expects parameter 1 to be array, string given F:\FBP.com\application\views\achievements.php 43
ERROR - 2020-02-04 14:36:51 --> Severity: Warning --> array_count_values() expects parameter 1 to be array, string given F:\FBP.com\application\views\achievements.php 43
ERROR - 2020-02-04 14:36:51 --> Severity: Warning --> array_count_values() expects parameter 1 to be array, string given F:\FBP.com\application\views\achievements.php 43
ERROR - 2020-02-04 14:36:51 --> Severity: Warning --> array_count_values() expects parameter 1 to be array, string given F:\FBP.com\application\views\achievements.php 43
ERROR - 2020-02-04 14:36:51 --> Severity: Warning --> array_count_values() expects parameter 1 to be array, string given F:\FBP.com\application\views\achievements.php 43
ERROR - 2020-02-04 14:36:51 --> Severity: Warning --> array_count_values() expects parameter 1 to be array, string given F:\FBP.com\application\views\achievements.php 43
ERROR - 2020-02-04 14:36:51 --> Severity: Warning --> array_count_values() expects parameter 1 to be array, string given F:\FBP.com\application\views\achievements.php 43
ERROR - 2020-02-04 14:36:51 --> Severity: Warning --> array_count_values() expects parameter 1 to be array, string given F:\FBP.com\application\views\achievements.php 43
ERROR - 2020-02-04 14:37:05 --> Severity: Warning --> Invalid argument supplied for foreach() F:\FBP.com\application\views\header.php 81
ERROR - 2020-02-04 14:37:05 --> Severity: Warning --> Invalid argument supplied for foreach() F:\FBP.com\application\views\header.php 107
ERROR - 2020-02-04 14:37:05 --> Severity: Warning --> array_count_values() expects parameter 1 to be array, string given F:\FBP.com\application\views\achievements.php 38
ERROR - 2020-02-04 14:37:27 --> Severity: Warning --> Invalid argument supplied for foreach() F:\FBP.com\application\views\header.php 81
ERROR - 2020-02-04 14:37:27 --> Severity: Warning --> Invalid argument supplied for foreach() F:\FBP.com\application\views\header.php 107
ERROR - 2020-02-04 14:37:27 --> Severity: error --> Exception: syntax error, unexpected ')', expecting ',' or ';' F:\FBP.com\application\views\achievements.php 38
ERROR - 2020-02-04 14:37:33 --> Severity: Warning --> Invalid argument supplied for foreach() F:\FBP.com\application\views\header.php 81
ERROR - 2020-02-04 14:37:33 --> Severity: Warning --> Invalid argument supplied for foreach() F:\FBP.com\application\views\header.php 107
ERROR - 2020-02-04 14:37:33 --> Severity: Warning --> array_count_values() expects parameter 1 to be array, null given F:\FBP.com\application\views\achievements.php 38
ERROR - 2020-02-04 14:37:42 --> Severity: Warning --> Invalid argument supplied for foreach() F:\FBP.com\application\views\header.php 81
ERROR - 2020-02-04 14:37:42 --> Severity: Warning --> Invalid argument supplied for foreach() F:\FBP.com\application\views\header.php 107
ERROR - 2020-02-04 14:37:42 --> Severity: Warning --> array_count_values(): Can only count STRING and INTEGER values! F:\FBP.com\application\views\achievements.php 38
ERROR - 2020-02-04 14:37:42 --> Severity: Warning --> array_count_values(): Can only count STRING and INTEGER values! F:\FBP.com\application\views\achievements.php 38
ERROR - 2020-02-04 14:37:42 --> Severity: Warning --> array_count_values(): Can only count STRING and INTEGER values! F:\FBP.com\application\views\achievements.php 38
ERROR - 2020-02-04 14:37:42 --> Severity: Warning --> array_count_values(): Can only count STRING and INTEGER values! F:\FBP.com\application\views\achievements.php 38
ERROR - 2020-02-04 14:37:42 --> Severity: Warning --> array_count_values(): Can only count STRING and INTEGER values! F:\FBP.com\application\views\achievements.php 38
ERROR - 2020-02-04 14:37:42 --> Severity: Warning --> array_count_values(): Can only count STRING and INTEGER values! F:\FBP.com\application\views\achievements.php 38
ERROR - 2020-02-04 14:37:42 --> Severity: Warning --> array_count_values(): Can only count STRING and INTEGER values! F:\FBP.com\application\views\achievements.php 38
ERROR - 2020-02-04 14:37:42 --> Severity: Warning --> array_count_values(): Can only count STRING and INTEGER values! F:\FBP.com\application\views\achievements.php 38
ERROR - 2020-02-04 14:37:42 --> Severity: Warning --> array_count_values(): Can only count STRING and INTEGER values! F:\FBP.com\application\views\achievements.php 38
ERROR - 2020-02-04 14:38:05 --> Severity: Warning --> Invalid argument supplied for foreach() F:\FBP.com\application\views\header.php 81
ERROR - 2020-02-04 14:38:05 --> Severity: Warning --> Invalid argument supplied for foreach() F:\FBP.com\application\views\header.php 107
ERROR - 2020-02-04 14:38:05 --> Severity: Warning --> array_count_values() expects parameter 1 to be array, string given F:\FBP.com\application\views\achievements.php 38
ERROR - 2020-02-04 14:41:03 --> Severity: Warning --> Invalid argument supplied for foreach() F:\FBP.com\application\views\header.php 81
ERROR - 2020-02-04 14:41:03 --> Severity: Warning --> Invalid argument supplied for foreach() F:\FBP.com\application\views\header.php 107
ERROR - 2020-02-04 14:41:03 --> Severity: Warning --> array_count_values() expects parameter 1 to be array, string given F:\FBP.com\application\views\achievements.php 38
ERROR - 2020-02-04 14:41:41 --> Severity: Warning --> Invalid argument supplied for foreach() F:\FBP.com\application\views\header.php 81
ERROR - 2020-02-04 14:41:41 --> Severity: Warning --> Invalid argument supplied for foreach() F:\FBP.com\application\views\header.php 107
ERROR - 2020-02-04 14:42:02 --> Severity: Warning --> Invalid argument supplied for foreach() F:\FBP.com\application\views\header.php 81
ERROR - 2020-02-04 14:42:02 --> Severity: Warning --> Invalid argument supplied for foreach() F:\FBP.com\application\views\header.php 107
ERROR - 2020-02-04 14:42:23 --> Severity: Warning --> Invalid argument supplied for foreach() F:\FBP.com\application\views\header.php 81
ERROR - 2020-02-04 14:42:23 --> Severity: Warning --> Invalid argument supplied for foreach() F:\FBP.com\application\views\header.php 107
ERROR - 2020-02-04 14:42:43 --> Severity: Warning --> Invalid argument supplied for foreach() F:\FBP.com\application\views\header.php 81
ERROR - 2020-02-04 14:42:43 --> Severity: Warning --> Invalid argument supplied for foreach() F:\FBP.com\application\views\header.php 107
ERROR - 2020-02-04 14:44:20 --> Severity: Warning --> Invalid argument supplied for foreach() F:\FBP.com\application\views\header.php 81
ERROR - 2020-02-04 14:44:20 --> Severity: Warning --> Invalid argument supplied for foreach() F:\FBP.com\application\views\header.php 107
ERROR - 2020-02-04 14:44:33 --> Severity: Warning --> Invalid argument supplied for foreach() F:\FBP.com\application\views\header.php 81
ERROR - 2020-02-04 14:44:33 --> Severity: Warning --> Invalid argument supplied for foreach() F:\FBP.com\application\views\header.php 107
ERROR - 2020-02-04 15:13:09 --> Severity: Warning --> Invalid argument supplied for foreach() F:\FBP.com\application\views\header.php 81
ERROR - 2020-02-04 15:13:09 --> Severity: Warning --> Invalid argument supplied for foreach() F:\FBP.com\application\views\header.php 107
ERROR - 2020-02-04 15:13:35 --> Severity: Warning --> Invalid argument supplied for foreach() F:\FBP.com\application\views\header.php 81
ERROR - 2020-02-04 15:13:35 --> Severity: Warning --> Invalid argument supplied for foreach() F:\FBP.com\application\views\header.php 107
ERROR - 2020-02-04 15:14:35 --> Severity: Warning --> Invalid argument supplied for foreach() F:\FBP.com\application\views\header.php 81
ERROR - 2020-02-04 15:14:35 --> Severity: Warning --> Invalid argument supplied for foreach() F:\FBP.com\application\views\header.php 107
ERROR - 2020-02-04 15:15:48 --> Severity: Warning --> Invalid argument supplied for foreach() F:\FBP.com\application\views\header.php 81
ERROR - 2020-02-04 15:15:48 --> Severity: Warning --> Invalid argument supplied for foreach() F:\FBP.com\application\views\header.php 107
ERROR - 2020-02-04 15:16:12 --> Severity: Warning --> Invalid argument supplied for foreach() F:\FBP.com\application\views\header.php 81
ERROR - 2020-02-04 15:16:12 --> Severity: Warning --> Invalid argument supplied for foreach() F:\FBP.com\application\views\header.php 107
ERROR - 2020-02-04 15:18:57 --> Severity: Warning --> Invalid argument supplied for foreach() F:\FBP.com\application\views\header.php 81
ERROR - 2020-02-04 15:18:57 --> Severity: Warning --> Invalid argument supplied for foreach() F:\FBP.com\application\views\header.php 107
ERROR - 2020-02-04 15:19:11 --> Severity: Warning --> Invalid argument supplied for foreach() F:\FBP.com\application\views\header.php 81
ERROR - 2020-02-04 15:19:11 --> Severity: Warning --> Invalid argument supplied for foreach() F:\FBP.com\application\views\header.php 107
ERROR - 2020-02-04 15:20:47 --> Severity: Warning --> Invalid argument supplied for foreach() F:\FBP.com\application\views\header.php 81
ERROR - 2020-02-04 15:20:47 --> Severity: Warning --> Invalid argument supplied for foreach() F:\FBP.com\application\views\header.php 107
ERROR - 2020-02-04 15:22:35 --> Severity: Warning --> Invalid argument supplied for foreach() F:\FBP.com\application\views\header.php 81
ERROR - 2020-02-04 15:22:35 --> Severity: Warning --> Invalid argument supplied for foreach() F:\FBP.com\application\views\header.php 107
ERROR - 2020-02-04 15:22:41 --> Severity: Warning --> Invalid argument supplied for foreach() F:\FBP.com\application\views\header.php 81
ERROR - 2020-02-04 15:22:41 --> Severity: Warning --> Invalid argument supplied for foreach() F:\FBP.com\application\views\header.php 107
ERROR - 2020-02-04 15:23:33 --> Severity: Warning --> Invalid argument supplied for foreach() F:\FBP.com\application\views\header.php 81
ERROR - 2020-02-04 15:23:33 --> Severity: Warning --> Invalid argument supplied for foreach() F:\FBP.com\application\views\header.php 107
ERROR - 2020-02-04 15:23:44 --> Severity: Warning --> Invalid argument supplied for foreach() F:\FBP.com\application\views\header.php 81
ERROR - 2020-02-04 15:23:44 --> Severity: Warning --> Invalid argument supplied for foreach() F:\FBP.com\application\views\header.php 107
ERROR - 2020-02-04 15:23:59 --> Severity: Warning --> Invalid argument supplied for foreach() F:\FBP.com\application\views\header.php 81
ERROR - 2020-02-04 15:23:59 --> Severity: Warning --> Invalid argument supplied for foreach() F:\FBP.com\application\views\header.php 107
ERROR - 2020-02-04 15:24:45 --> Severity: Warning --> Invalid argument supplied for foreach() F:\FBP.com\application\views\header.php 81
ERROR - 2020-02-04 15:24:45 --> Severity: Warning --> Invalid argument supplied for foreach() F:\FBP.com\application\views\header.php 107
ERROR - 2020-02-04 15:24:52 --> Severity: Warning --> Invalid argument supplied for foreach() F:\FBP.com\application\views\header.php 81
ERROR - 2020-02-04 15:24:52 --> Severity: Warning --> Invalid argument supplied for foreach() F:\FBP.com\application\views\header.php 107
ERROR - 2020-02-04 15:25:31 --> Severity: Warning --> Invalid argument supplied for foreach() F:\FBP.com\application\views\header.php 81
ERROR - 2020-02-04 15:25:31 --> Severity: Warning --> Invalid argument supplied for foreach() F:\FBP.com\application\views\header.php 107
ERROR - 2020-02-04 15:25:56 --> Severity: Warning --> Invalid argument supplied for foreach() F:\FBP.com\application\views\header.php 81
ERROR - 2020-02-04 15:25:56 --> Severity: Warning --> Invalid argument supplied for foreach() F:\FBP.com\application\views\header.php 107
ERROR - 2020-02-04 15:28:54 --> Severity: Warning --> Invalid argument supplied for foreach() F:\FBP.com\application\views\header.php 81
ERROR - 2020-02-04 15:28:54 --> Severity: Warning --> Invalid argument supplied for foreach() F:\FBP.com\application\views\header.php 107
ERROR - 2020-02-04 15:29:55 --> Severity: Warning --> Invalid argument supplied for foreach() F:\FBP.com\application\views\header.php 81
ERROR - 2020-02-04 15:29:55 --> Severity: Warning --> Invalid argument supplied for foreach() F:\FBP.com\application\views\header.php 107
ERROR - 2020-02-04 15:30:06 --> Severity: Warning --> Invalid argument supplied for foreach() F:\FBP.com\application\views\header.php 81
ERROR - 2020-02-04 15:30:06 --> Severity: Warning --> Invalid argument supplied for foreach() F:\FBP.com\application\views\header.php 107
ERROR - 2020-02-04 15:30:30 --> Severity: Warning --> Invalid argument supplied for foreach() F:\FBP.com\application\views\header.php 81
ERROR - 2020-02-04 15:30:30 --> Severity: Warning --> Invalid argument supplied for foreach() F:\FBP.com\application\views\header.php 107
ERROR - 2020-02-04 15:31:10 --> Severity: Warning --> Invalid argument supplied for foreach() F:\FBP.com\application\views\header.php 81
ERROR - 2020-02-04 15:31:10 --> Severity: Warning --> Invalid argument supplied for foreach() F:\FBP.com\application\views\header.php 107
ERROR - 2020-02-04 15:32:02 --> Severity: Warning --> Invalid argument supplied for foreach() F:\FBP.com\application\views\header.php 81
ERROR - 2020-02-04 15:32:02 --> Severity: Warning --> Invalid argument supplied for foreach() F:\FBP.com\application\views\header.php 107
ERROR - 2020-02-04 15:32:03 --> Severity: Warning --> Invalid argument supplied for foreach() F:\FBP.com\application\views\header.php 81
ERROR - 2020-02-04 15:32:03 --> Severity: Warning --> Invalid argument supplied for foreach() F:\FBP.com\application\views\header.php 107
ERROR - 2020-02-04 15:32:24 --> Severity: Warning --> Invalid argument supplied for foreach() F:\FBP.com\application\views\header.php 81
ERROR - 2020-02-04 15:32:24 --> Severity: Warning --> Invalid argument supplied for foreach() F:\FBP.com\application\views\header.php 107
ERROR - 2020-02-04 15:32:36 --> Severity: Warning --> Invalid argument supplied for foreach() F:\FBP.com\application\views\header.php 81
ERROR - 2020-02-04 15:32:36 --> Severity: Warning --> Invalid argument supplied for foreach() F:\FBP.com\application\views\header.php 107
ERROR - 2020-02-04 15:33:36 --> Severity: Warning --> Invalid argument supplied for foreach() F:\FBP.com\application\views\header.php 81
ERROR - 2020-02-04 15:33:36 --> Severity: Warning --> Invalid argument supplied for foreach() F:\FBP.com\application\views\header.php 107
ERROR - 2020-02-04 15:33:56 --> Severity: Warning --> Invalid argument supplied for foreach() F:\FBP.com\application\views\header.php 81
ERROR - 2020-02-04 15:33:56 --> Severity: Warning --> Invalid argument supplied for foreach() F:\FBP.com\application\views\header.php 107
ERROR - 2020-02-04 15:34:04 --> Severity: Warning --> Invalid argument supplied for foreach() F:\FBP.com\application\views\header.php 81
ERROR - 2020-02-04 15:34:04 --> Severity: Warning --> Invalid argument supplied for foreach() F:\FBP.com\application\views\header.php 107
ERROR - 2020-02-04 15:34:20 --> Severity: Warning --> Invalid argument supplied for foreach() F:\FBP.com\application\views\header.php 81
ERROR - 2020-02-04 15:34:20 --> Severity: Warning --> Invalid argument supplied for foreach() F:\FBP.com\application\views\header.php 107
ERROR - 2020-02-04 15:34:50 --> Severity: Warning --> Invalid argument supplied for foreach() F:\FBP.com\application\views\header.php 81
ERROR - 2020-02-04 15:34:50 --> Severity: Warning --> Invalid argument supplied for foreach() F:\FBP.com\application\views\header.php 107
ERROR - 2020-02-04 15:34:53 --> Severity: Warning --> Invalid argument supplied for foreach() F:\FBP.com\application\views\header.php 81
ERROR - 2020-02-04 15:34:53 --> Severity: Warning --> Invalid argument supplied for foreach() F:\FBP.com\application\views\header.php 107
ERROR - 2020-02-04 15:35:40 --> Severity: Warning --> Invalid argument supplied for foreach() F:\FBP.com\application\views\header.php 81
ERROR - 2020-02-04 15:35:40 --> Severity: Warning --> Invalid argument supplied for foreach() F:\FBP.com\application\views\header.php 107
ERROR - 2020-02-04 15:36:45 --> Severity: Warning --> Invalid argument supplied for foreach() F:\FBP.com\application\views\header.php 81
ERROR - 2020-02-04 15:36:45 --> Severity: Warning --> Invalid argument supplied for foreach() F:\FBP.com\application\views\header.php 107
ERROR - 2020-02-04 15:37:22 --> Severity: Warning --> Invalid argument supplied for foreach() F:\FBP.com\application\views\header.php 81
ERROR - 2020-02-04 15:37:22 --> Severity: Warning --> Invalid argument supplied for foreach() F:\FBP.com\application\views\header.php 107
ERROR - 2020-02-04 15:38:00 --> Severity: Warning --> Invalid argument supplied for foreach() F:\FBP.com\application\views\header.php 81
ERROR - 2020-02-04 15:38:00 --> Severity: Warning --> Invalid argument supplied for foreach() F:\FBP.com\application\views\header.php 107
ERROR - 2020-02-04 15:51:45 --> Severity: Warning --> Invalid argument supplied for foreach() F:\FBP.com\application\views\header.php 81
ERROR - 2020-02-04 15:51:45 --> Severity: Warning --> Invalid argument supplied for foreach() F:\FBP.com\application\views\header.php 107
ERROR - 2020-02-04 15:52:51 --> Severity: Warning --> Invalid argument supplied for foreach() F:\FBP.com\application\views\header.php 81
ERROR - 2020-02-04 15:52:51 --> Severity: Warning --> Invalid argument supplied for foreach() F:\FBP.com\application\views\header.php 107
ERROR - 2020-02-04 15:53:19 --> Severity: Warning --> Invalid argument supplied for foreach() F:\FBP.com\application\views\header.php 81
ERROR - 2020-02-04 15:53:19 --> Severity: Warning --> Invalid argument supplied for foreach() F:\FBP.com\application\views\header.php 107
ERROR - 2020-02-04 15:53:32 --> Severity: Warning --> Invalid argument supplied for foreach() F:\FBP.com\application\views\header.php 81
ERROR - 2020-02-04 15:53:32 --> Severity: Warning --> Invalid argument supplied for foreach() F:\FBP.com\application\views\header.php 107
ERROR - 2020-02-04 15:55:04 --> Severity: Warning --> Invalid argument supplied for foreach() F:\FBP.com\application\views\header.php 81
ERROR - 2020-02-04 15:55:04 --> Severity: Warning --> Invalid argument supplied for foreach() F:\FBP.com\application\views\header.php 107
ERROR - 2020-02-04 15:55:45 --> Severity: Warning --> Invalid argument supplied for foreach() F:\FBP.com\application\views\header.php 81
ERROR - 2020-02-04 15:55:45 --> Severity: Warning --> Invalid argument supplied for foreach() F:\FBP.com\application\views\header.php 107
ERROR - 2020-02-04 15:56:46 --> Severity: Warning --> Invalid argument supplied for foreach() F:\FBP.com\application\views\header.php 81
ERROR - 2020-02-04 15:56:46 --> Severity: Warning --> Invalid argument supplied for foreach() F:\FBP.com\application\views\header.php 107
ERROR - 2020-02-04 15:57:04 --> Severity: Warning --> Invalid argument supplied for foreach() F:\FBP.com\application\views\header.php 81
ERROR - 2020-02-04 15:57:04 --> Severity: Warning --> Invalid argument supplied for foreach() F:\FBP.com\application\views\header.php 107
ERROR - 2020-02-04 15:57:19 --> Severity: Warning --> Invalid argument supplied for foreach() F:\FBP.com\application\views\header.php 81
ERROR - 2020-02-04 15:57:19 --> Severity: Warning --> Invalid argument supplied for foreach() F:\FBP.com\application\views\header.php 107
ERROR - 2020-02-04 15:57:36 --> Severity: Warning --> Invalid argument supplied for foreach() F:\FBP.com\application\views\header.php 81
ERROR - 2020-02-04 15:57:36 --> Severity: Warning --> Invalid argument supplied for foreach() F:\FBP.com\application\views\header.php 107
ERROR - 2020-02-04 15:57:40 --> Severity: Warning --> Invalid argument supplied for foreach() F:\FBP.com\application\views\header.php 81
ERROR - 2020-02-04 15:57:40 --> Severity: Warning --> Invalid argument supplied for foreach() F:\FBP.com\application\views\header.php 107
ERROR - 2020-02-04 15:57:46 --> Severity: Warning --> Invalid argument supplied for foreach() F:\FBP.com\application\views\header.php 81
ERROR - 2020-02-04 15:57:46 --> Severity: Warning --> Invalid argument supplied for foreach() F:\FBP.com\application\views\header.php 107
ERROR - 2020-02-04 15:58:22 --> Severity: Warning --> Invalid argument supplied for foreach() F:\FBP.com\application\views\header.php 81
ERROR - 2020-02-04 15:58:22 --> Severity: Warning --> Invalid argument supplied for foreach() F:\FBP.com\application\views\header.php 107
ERROR - 2020-02-04 15:58:51 --> Severity: Warning --> Invalid argument supplied for foreach() F:\FBP.com\application\views\header.php 81
ERROR - 2020-02-04 15:58:51 --> Severity: Warning --> Invalid argument supplied for foreach() F:\FBP.com\application\views\header.php 107
ERROR - 2020-02-04 15:59:52 --> Severity: Warning --> Invalid argument supplied for foreach() F:\FBP.com\application\views\header.php 81
ERROR - 2020-02-04 15:59:52 --> Severity: Warning --> Invalid argument supplied for foreach() F:\FBP.com\application\views\header.php 107
ERROR - 2020-02-04 15:59:53 --> Severity: Warning --> Invalid argument supplied for foreach() F:\FBP.com\application\views\header.php 81
ERROR - 2020-02-04 15:59:53 --> Severity: Warning --> Invalid argument supplied for foreach() F:\FBP.com\application\views\header.php 107
ERROR - 2020-02-04 16:00:04 --> Severity: Warning --> Invalid argument supplied for foreach() F:\FBP.com\application\views\header.php 81
ERROR - 2020-02-04 16:00:04 --> Severity: Warning --> Invalid argument supplied for foreach() F:\FBP.com\application\views\header.php 107
ERROR - 2020-02-04 16:01:01 --> Severity: Warning --> Invalid argument supplied for foreach() F:\FBP.com\application\views\header.php 81
ERROR - 2020-02-04 16:01:01 --> Severity: Warning --> Invalid argument supplied for foreach() F:\FBP.com\application\views\header.php 107
ERROR - 2020-02-04 16:01:06 --> Severity: Warning --> Invalid argument supplied for foreach() F:\FBP.com\application\views\header.php 81
ERROR - 2020-02-04 16:01:06 --> Severity: Warning --> Invalid argument supplied for foreach() F:\FBP.com\application\views\header.php 107
ERROR - 2020-02-04 16:01:47 --> Severity: Warning --> Invalid argument supplied for foreach() F:\FBP.com\application\views\header.php 81
ERROR - 2020-02-04 16:01:47 --> Severity: Warning --> Invalid argument supplied for foreach() F:\FBP.com\application\views\header.php 107
ERROR - 2020-02-04 16:02:52 --> Severity: Warning --> Invalid argument supplied for foreach() F:\FBP.com\application\views\header.php 81
ERROR - 2020-02-04 16:02:52 --> Severity: Warning --> Invalid argument supplied for foreach() F:\FBP.com\application\views\header.php 107
ERROR - 2020-02-04 16:04:58 --> Severity: Warning --> Invalid argument supplied for foreach() F:\FBP.com\application\views\header.php 81
ERROR - 2020-02-04 16:04:58 --> Severity: Warning --> Invalid argument supplied for foreach() F:\FBP.com\application\views\header.php 107
ERROR - 2020-02-04 16:04:58 --> Severity: error --> Exception: syntax error, unexpected 'else' (T_ELSE) F:\FBP.com\application\views\achievements.php 59
ERROR - 2020-02-04 16:05:06 --> Severity: Warning --> Invalid argument supplied for foreach() F:\FBP.com\application\views\header.php 81
ERROR - 2020-02-04 16:05:06 --> Severity: Warning --> Invalid argument supplied for foreach() F:\FBP.com\application\views\header.php 107
ERROR - 2020-02-04 16:05:20 --> Severity: Warning --> Invalid argument supplied for foreach() F:\FBP.com\application\views\header.php 81
ERROR - 2020-02-04 16:05:20 --> Severity: Warning --> Invalid argument supplied for foreach() F:\FBP.com\application\views\header.php 107
ERROR - 2020-02-04 16:05:25 --> Severity: Warning --> Invalid argument supplied for foreach() F:\FBP.com\application\views\header.php 81
ERROR - 2020-02-04 16:05:25 --> Severity: Warning --> Invalid argument supplied for foreach() F:\FBP.com\application\views\header.php 107
ERROR - 2020-02-04 16:05:49 --> Severity: Warning --> Invalid argument supplied for foreach() F:\FBP.com\application\views\header.php 81
ERROR - 2020-02-04 16:05:49 --> Severity: Warning --> Invalid argument supplied for foreach() F:\FBP.com\application\views\header.php 107
ERROR - 2020-02-04 16:06:26 --> Severity: Warning --> Invalid argument supplied for foreach() F:\FBP.com\application\views\header.php 81
ERROR - 2020-02-04 16:06:26 --> Severity: Warning --> Invalid argument supplied for foreach() F:\FBP.com\application\views\header.php 107
ERROR - 2020-02-04 16:07:58 --> Severity: Warning --> Invalid argument supplied for foreach() F:\FBP.com\application\views\header.php 81
ERROR - 2020-02-04 16:07:58 --> Severity: Warning --> Invalid argument supplied for foreach() F:\FBP.com\application\views\header.php 107
ERROR - 2020-02-04 16:09:55 --> Severity: Warning --> Invalid argument supplied for foreach() F:\FBP.com\application\views\header.php 81
ERROR - 2020-02-04 16:09:55 --> Severity: Warning --> Invalid argument supplied for foreach() F:\FBP.com\application\views\header.php 107
ERROR - 2020-02-04 16:11:39 --> Severity: Warning --> Invalid argument supplied for foreach() F:\FBP.com\application\views\header.php 81
ERROR - 2020-02-04 16:11:39 --> Severity: Warning --> Invalid argument supplied for foreach() F:\FBP.com\application\views\header.php 107
ERROR - 2020-02-04 16:12:06 --> Severity: Warning --> Invalid argument supplied for foreach() F:\FBP.com\application\views\header.php 81
ERROR - 2020-02-04 16:12:06 --> Severity: Warning --> Invalid argument supplied for foreach() F:\FBP.com\application\views\header.php 107
ERROR - 2020-02-04 16:12:06 --> Severity: error --> Exception: syntax error, unexpected '==' (T_IS_EQUAL), expecting variable (T_VARIABLE) or '{' or '$' F:\FBP.com\application\views\achievements.php 55
ERROR - 2020-02-04 16:12:15 --> Severity: Warning --> Invalid argument supplied for foreach() F:\FBP.com\application\views\header.php 81
ERROR - 2020-02-04 16:12:16 --> Severity: Warning --> Invalid argument supplied for foreach() F:\FBP.com\application\views\header.php 107
ERROR - 2020-02-04 16:13:30 --> Severity: Warning --> Invalid argument supplied for foreach() F:\FBP.com\application\views\header.php 81
ERROR - 2020-02-04 16:13:30 --> Severity: Warning --> Invalid argument supplied for foreach() F:\FBP.com\application\views\header.php 107
ERROR - 2020-02-04 16:14:35 --> Severity: Warning --> Invalid argument supplied for foreach() F:\FBP.com\application\views\header.php 81
ERROR - 2020-02-04 16:14:35 --> Severity: Warning --> Invalid argument supplied for foreach() F:\FBP.com\application\views\header.php 107
ERROR - 2020-02-04 16:14:56 --> Severity: Warning --> Invalid argument supplied for foreach() F:\FBP.com\application\views\header.php 81
ERROR - 2020-02-04 16:14:56 --> Severity: Warning --> Invalid argument supplied for foreach() F:\FBP.com\application\views\header.php 107
ERROR - 2020-02-04 16:15:56 --> Severity: Warning --> Invalid argument supplied for foreach() F:\FBP.com\application\views\header.php 81
ERROR - 2020-02-04 16:15:56 --> Severity: Warning --> Invalid argument supplied for foreach() F:\FBP.com\application\views\header.php 107
ERROR - 2020-02-04 16:16:21 --> Severity: Warning --> Invalid argument supplied for foreach() F:\FBP.com\application\views\header.php 81
ERROR - 2020-02-04 16:16:21 --> Severity: Warning --> Invalid argument supplied for foreach() F:\FBP.com\application\views\header.php 107
ERROR - 2020-02-04 16:17:38 --> Severity: Warning --> Invalid argument supplied for foreach() F:\FBP.com\application\views\header.php 81
ERROR - 2020-02-04 16:17:38 --> Severity: Warning --> Invalid argument supplied for foreach() F:\FBP.com\application\views\header.php 107
ERROR - 2020-02-04 16:18:04 --> Severity: Warning --> Invalid argument supplied for foreach() F:\FBP.com\application\views\header.php 81
ERROR - 2020-02-04 16:18:04 --> Severity: Warning --> Invalid argument supplied for foreach() F:\FBP.com\application\views\header.php 107
ERROR - 2020-02-04 16:18:43 --> Severity: Warning --> Invalid argument supplied for foreach() F:\FBP.com\application\views\header.php 81
ERROR - 2020-02-04 16:18:43 --> Severity: Warning --> Invalid argument supplied for foreach() F:\FBP.com\application\views\header.php 107
ERROR - 2020-02-04 16:20:12 --> Severity: Warning --> Invalid argument supplied for foreach() F:\FBP.com\application\views\header.php 81
ERROR - 2020-02-04 16:20:12 --> Severity: Warning --> Invalid argument supplied for foreach() F:\FBP.com\application\views\header.php 107
ERROR - 2020-02-04 16:20:26 --> Severity: Warning --> Invalid argument supplied for foreach() F:\FBP.com\application\views\header.php 81
ERROR - 2020-02-04 16:20:26 --> Severity: Warning --> Invalid argument supplied for foreach() F:\FBP.com\application\views\header.php 107
ERROR - 2020-02-04 16:21:02 --> Severity: Warning --> Invalid argument supplied for foreach() F:\FBP.com\application\views\header.php 81
ERROR - 2020-02-04 16:21:02 --> Severity: Warning --> Invalid argument supplied for foreach() F:\FBP.com\application\views\header.php 107
ERROR - 2020-02-04 16:21:22 --> Severity: Warning --> Invalid argument supplied for foreach() F:\FBP.com\application\views\header.php 81
ERROR - 2020-02-04 16:21:22 --> Severity: Warning --> Invalid argument supplied for foreach() F:\FBP.com\application\views\header.php 107
ERROR - 2020-02-04 16:22:12 --> Severity: Warning --> Invalid argument supplied for foreach() F:\FBP.com\application\views\header.php 81
ERROR - 2020-02-04 16:22:12 --> Severity: Warning --> Invalid argument supplied for foreach() F:\FBP.com\application\views\header.php 107
ERROR - 2020-02-04 16:22:25 --> Severity: Warning --> Invalid argument supplied for foreach() F:\FBP.com\application\views\header.php 81
ERROR - 2020-02-04 16:22:25 --> Severity: Warning --> Invalid argument supplied for foreach() F:\FBP.com\application\views\header.php 107
ERROR - 2020-02-04 16:22:52 --> Severity: Warning --> Invalid argument supplied for foreach() F:\FBP.com\application\views\header.php 81
ERROR - 2020-02-04 16:22:52 --> Severity: Warning --> Invalid argument supplied for foreach() F:\FBP.com\application\views\header.php 107
ERROR - 2020-02-04 16:23:33 --> Severity: Warning --> Invalid argument supplied for foreach() F:\FBP.com\application\views\header.php 81
ERROR - 2020-02-04 16:23:33 --> Severity: Warning --> Invalid argument supplied for foreach() F:\FBP.com\application\views\header.php 107
ERROR - 2020-02-04 16:24:05 --> Severity: Warning --> Invalid argument supplied for foreach() F:\FBP.com\application\views\header.php 81
ERROR - 2020-02-04 16:24:05 --> Severity: Warning --> Invalid argument supplied for foreach() F:\FBP.com\application\views\header.php 107
ERROR - 2020-02-04 16:24:07 --> Severity: Warning --> Invalid argument supplied for foreach() F:\FBP.com\application\views\header.php 81
ERROR - 2020-02-04 16:24:07 --> Severity: Warning --> Invalid argument supplied for foreach() F:\FBP.com\application\views\header.php 107
ERROR - 2020-02-04 16:24:28 --> Severity: Warning --> Invalid argument supplied for foreach() F:\FBP.com\application\views\header.php 81
ERROR - 2020-02-04 16:24:28 --> Severity: Warning --> Invalid argument supplied for foreach() F:\FBP.com\application\views\header.php 107
ERROR - 2020-02-04 16:24:42 --> Severity: Warning --> Invalid argument supplied for foreach() F:\FBP.com\application\views\header.php 81
ERROR - 2020-02-04 16:24:42 --> Severity: Warning --> Invalid argument supplied for foreach() F:\FBP.com\application\views\header.php 107
ERROR - 2020-02-04 16:25:29 --> Severity: Warning --> Invalid argument supplied for foreach() F:\FBP.com\application\views\header.php 81
ERROR - 2020-02-04 16:25:29 --> Severity: Warning --> Invalid argument supplied for foreach() F:\FBP.com\application\views\header.php 107
ERROR - 2020-02-04 16:25:34 --> Severity: Warning --> Invalid argument supplied for foreach() F:\FBP.com\application\views\header.php 81
ERROR - 2020-02-04 16:25:34 --> Severity: Warning --> Invalid argument supplied for foreach() F:\FBP.com\application\views\header.php 107
ERROR - 2020-02-04 16:26:06 --> 404 Page Not Found: 
ERROR - 2020-02-04 16:26:07 --> Severity: Warning --> Invalid argument supplied for foreach() F:\FBP.com\application\views\header.php 81
ERROR - 2020-02-04 16:26:07 --> Severity: Warning --> Invalid argument supplied for foreach() F:\FBP.com\application\views\header.php 107
ERROR - 2020-02-04 16:27:22 --> Severity: Warning --> Invalid argument supplied for foreach() F:\FBP.com\application\views\header.php 81
ERROR - 2020-02-04 16:27:22 --> Severity: Warning --> Invalid argument supplied for foreach() F:\FBP.com\application\views\header.php 107
ERROR - 2020-02-04 16:28:28 --> Severity: Warning --> Invalid argument supplied for foreach() F:\FBP.com\application\views\header.php 81
ERROR - 2020-02-04 16:28:28 --> Severity: Warning --> Invalid argument supplied for foreach() F:\FBP.com\application\views\header.php 107
ERROR - 2020-02-04 16:28:41 --> Severity: Warning --> Invalid argument supplied for foreach() F:\FBP.com\application\views\header.php 81
ERROR - 2020-02-04 16:28:41 --> Severity: Warning --> Invalid argument supplied for foreach() F:\FBP.com\application\views\header.php 107
ERROR - 2020-02-04 16:28:56 --> Severity: Warning --> Invalid argument supplied for foreach() F:\FBP.com\application\views\header.php 81
ERROR - 2020-02-04 16:28:56 --> Severity: Warning --> Invalid argument supplied for foreach() F:\FBP.com\application\views\header.php 107
ERROR - 2020-02-04 16:30:14 --> Severity: Warning --> Invalid argument supplied for foreach() F:\FBP.com\application\views\header.php 81
ERROR - 2020-02-04 16:30:14 --> Severity: Warning --> Invalid argument supplied for foreach() F:\FBP.com\application\views\header.php 107
ERROR - 2020-02-04 16:30:37 --> Severity: Warning --> Invalid argument supplied for foreach() F:\FBP.com\application\views\header.php 81
ERROR - 2020-02-04 16:30:37 --> Severity: Warning --> Invalid argument supplied for foreach() F:\FBP.com\application\views\header.php 107
ERROR - 2020-02-04 16:31:36 --> Severity: Warning --> Invalid argument supplied for foreach() F:\FBP.com\application\views\header.php 81
ERROR - 2020-02-04 16:31:36 --> Severity: Warning --> Invalid argument supplied for foreach() F:\FBP.com\application\views\header.php 107
ERROR - 2020-02-04 16:32:24 --> Severity: Warning --> Invalid argument supplied for foreach() F:\FBP.com\application\views\header.php 81
ERROR - 2020-02-04 16:32:24 --> Severity: Warning --> Invalid argument supplied for foreach() F:\FBP.com\application\views\header.php 107
ERROR - 2020-02-04 16:32:54 --> Severity: Warning --> Invalid argument supplied for foreach() F:\FBP.com\application\views\header.php 81
ERROR - 2020-02-04 16:32:54 --> Severity: Warning --> Invalid argument supplied for foreach() F:\FBP.com\application\views\header.php 107
ERROR - 2020-02-04 16:33:05 --> Severity: Warning --> Invalid argument supplied for foreach() F:\FBP.com\application\views\header.php 81
ERROR - 2020-02-04 16:33:05 --> Severity: Warning --> Invalid argument supplied for foreach() F:\FBP.com\application\views\header.php 107
ERROR - 2020-02-04 16:34:38 --> Severity: Warning --> Invalid argument supplied for foreach() F:\FBP.com\application\views\header.php 81
ERROR - 2020-02-04 16:34:38 --> Severity: Warning --> Invalid argument supplied for foreach() F:\FBP.com\application\views\header.php 107
ERROR - 2020-02-04 16:34:47 --> Severity: Warning --> Invalid argument supplied for foreach() F:\FBP.com\application\views\header.php 81
ERROR - 2020-02-04 16:34:47 --> Severity: Warning --> Invalid argument supplied for foreach() F:\FBP.com\application\views\header.php 107
ERROR - 2020-02-04 16:35:05 --> Severity: Warning --> Invalid argument supplied for foreach() F:\FBP.com\application\views\header.php 81
ERROR - 2020-02-04 16:35:05 --> Severity: Warning --> Invalid argument supplied for foreach() F:\FBP.com\application\views\header.php 107
ERROR - 2020-02-04 16:36:26 --> Severity: Warning --> Invalid argument supplied for foreach() F:\FBP.com\application\views\header.php 81
ERROR - 2020-02-04 16:36:26 --> Severity: Warning --> Invalid argument supplied for foreach() F:\FBP.com\application\views\header.php 107
ERROR - 2020-02-04 16:36:39 --> Severity: Warning --> Invalid argument supplied for foreach() F:\FBP.com\application\views\header.php 81
ERROR - 2020-02-04 16:36:39 --> Severity: Warning --> Invalid argument supplied for foreach() F:\FBP.com\application\views\header.php 107
ERROR - 2020-02-04 16:36:52 --> Severity: Warning --> Invalid argument supplied for foreach() F:\FBP.com\application\views\header.php 81
ERROR - 2020-02-04 16:36:52 --> Severity: Warning --> Invalid argument supplied for foreach() F:\FBP.com\application\views\header.php 107
ERROR - 2020-02-04 16:37:51 --> Severity: Warning --> Invalid argument supplied for foreach() F:\FBP.com\application\views\header.php 81
ERROR - 2020-02-04 16:37:51 --> Severity: Warning --> Invalid argument supplied for foreach() F:\FBP.com\application\views\header.php 107
ERROR - 2020-02-04 16:38:03 --> Severity: Warning --> Invalid argument supplied for foreach() F:\FBP.com\application\views\header.php 81
ERROR - 2020-02-04 16:38:03 --> Severity: Warning --> Invalid argument supplied for foreach() F:\FBP.com\application\views\header.php 107
ERROR - 2020-02-04 16:38:22 --> Severity: Warning --> Invalid argument supplied for foreach() F:\FBP.com\application\views\header.php 81
ERROR - 2020-02-04 16:38:22 --> Severity: Warning --> Invalid argument supplied for foreach() F:\FBP.com\application\views\header.php 107
ERROR - 2020-02-04 16:39:09 --> Severity: Warning --> Invalid argument supplied for foreach() F:\FBP.com\application\views\header.php 81
ERROR - 2020-02-04 16:39:09 --> Severity: Warning --> Invalid argument supplied for foreach() F:\FBP.com\application\views\header.php 107
ERROR - 2020-02-04 16:39:51 --> Severity: Warning --> Invalid argument supplied for foreach() F:\FBP.com\application\views\header.php 81
ERROR - 2020-02-04 16:39:51 --> Severity: Warning --> Invalid argument supplied for foreach() F:\FBP.com\application\views\header.php 107
ERROR - 2020-02-04 16:41:34 --> Severity: Warning --> Invalid argument supplied for foreach() F:\FBP.com\application\views\header.php 81
ERROR - 2020-02-04 16:41:34 --> Severity: Warning --> Invalid argument supplied for foreach() F:\FBP.com\application\views\header.php 107
ERROR - 2020-02-04 16:44:17 --> Severity: Warning --> Invalid argument supplied for foreach() F:\FBP.com\application\views\header.php 81
ERROR - 2020-02-04 16:44:17 --> Severity: Warning --> Invalid argument supplied for foreach() F:\FBP.com\application\views\header.php 107
ERROR - 2020-02-04 16:45:20 --> Severity: Warning --> Invalid argument supplied for foreach() F:\FBP.com\application\views\header.php 81
ERROR - 2020-02-04 16:45:20 --> Severity: Warning --> Invalid argument supplied for foreach() F:\FBP.com\application\views\header.php 107
ERROR - 2020-02-04 16:46:26 --> Severity: Warning --> Invalid argument supplied for foreach() F:\FBP.com\application\views\header.php 81
ERROR - 2020-02-04 16:46:26 --> Severity: Warning --> Invalid argument supplied for foreach() F:\FBP.com\application\views\header.php 107
ERROR - 2020-02-04 16:46:40 --> Severity: Warning --> Invalid argument supplied for foreach() F:\FBP.com\application\views\header.php 81
ERROR - 2020-02-04 16:46:40 --> Severity: Warning --> Invalid argument supplied for foreach() F:\FBP.com\application\views\header.php 107
ERROR - 2020-02-04 16:47:21 --> Severity: Warning --> Invalid argument supplied for foreach() F:\FBP.com\application\views\header.php 81
ERROR - 2020-02-04 16:47:21 --> Severity: Warning --> Invalid argument supplied for foreach() F:\FBP.com\application\views\header.php 107
ERROR - 2020-02-04 16:48:27 --> Severity: Warning --> Invalid argument supplied for foreach() F:\FBP.com\application\views\header.php 81
ERROR - 2020-02-04 16:48:27 --> Severity: Warning --> Invalid argument supplied for foreach() F:\FBP.com\application\views\header.php 107
ERROR - 2020-02-04 16:49:14 --> Severity: Warning --> Invalid argument supplied for foreach() F:\FBP.com\application\views\header.php 81
ERROR - 2020-02-04 16:49:14 --> Severity: Warning --> Invalid argument supplied for foreach() F:\FBP.com\application\views\header.php 107
ERROR - 2020-02-04 16:49:27 --> Severity: Warning --> Invalid argument supplied for foreach() F:\FBP.com\application\views\header.php 81
ERROR - 2020-02-04 16:49:27 --> Severity: Warning --> Invalid argument supplied for foreach() F:\FBP.com\application\views\header.php 107
ERROR - 2020-02-04 16:53:15 --> Severity: Warning --> Invalid argument supplied for foreach() F:\FBP.com\application\views\header.php 81
ERROR - 2020-02-04 16:53:15 --> Severity: Warning --> Invalid argument supplied for foreach() F:\FBP.com\application\views\header.php 107
ERROR - 2020-02-04 16:53:26 --> Severity: Warning --> Invalid argument supplied for foreach() F:\FBP.com\application\views\header.php 81
ERROR - 2020-02-04 16:53:26 --> Severity: Warning --> Invalid argument supplied for foreach() F:\FBP.com\application\views\header.php 107
ERROR - 2020-02-04 16:54:39 --> Severity: Warning --> Invalid argument supplied for foreach() F:\FBP.com\application\views\header.php 81
ERROR - 2020-02-04 16:54:39 --> Severity: Warning --> Invalid argument supplied for foreach() F:\FBP.com\application\views\header.php 107
ERROR - 2020-02-04 16:55:08 --> Severity: Warning --> Invalid argument supplied for foreach() F:\FBP.com\application\views\header.php 81
ERROR - 2020-02-04 16:55:08 --> Severity: Warning --> Invalid argument supplied for foreach() F:\FBP.com\application\views\header.php 107
ERROR - 2020-02-04 16:55:16 --> Severity: Warning --> Invalid argument supplied for foreach() F:\FBP.com\application\views\header.php 81
ERROR - 2020-02-04 16:55:16 --> Severity: Warning --> Invalid argument supplied for foreach() F:\FBP.com\application\views\header.php 107
ERROR - 2020-02-04 16:55:20 --> Severity: Warning --> Invalid argument supplied for foreach() F:\FBP.com\application\views\header.php 81
ERROR - 2020-02-04 16:55:20 --> Severity: Warning --> Invalid argument supplied for foreach() F:\FBP.com\application\views\header.php 107
ERROR - 2020-02-04 16:55:38 --> Severity: Warning --> Invalid argument supplied for foreach() F:\FBP.com\application\views\header.php 81
ERROR - 2020-02-04 16:55:38 --> Severity: Warning --> Invalid argument supplied for foreach() F:\FBP.com\application\views\header.php 107
ERROR - 2020-02-04 16:55:40 --> Severity: Warning --> Invalid argument supplied for foreach() F:\FBP.com\application\views\header.php 81
ERROR - 2020-02-04 16:55:40 --> Severity: Warning --> Invalid argument supplied for foreach() F:\FBP.com\application\views\header.php 107
ERROR - 2020-02-04 16:57:14 --> Severity: Warning --> Invalid argument supplied for foreach() F:\FBP.com\application\views\header.php 81
ERROR - 2020-02-04 16:57:14 --> Severity: Warning --> Invalid argument supplied for foreach() F:\FBP.com\application\views\header.php 107
ERROR - 2020-02-04 16:57:21 --> Severity: Warning --> Invalid argument supplied for foreach() F:\FBP.com\application\views\header.php 81
ERROR - 2020-02-04 16:57:21 --> Severity: Warning --> Invalid argument supplied for foreach() F:\FBP.com\application\views\header.php 107
ERROR - 2020-02-04 16:57:27 --> Severity: Warning --> Invalid argument supplied for foreach() F:\FBP.com\application\views\header.php 81
ERROR - 2020-02-04 16:57:27 --> Severity: Warning --> Invalid argument supplied for foreach() F:\FBP.com\application\views\header.php 107
ERROR - 2020-02-04 16:58:42 --> 404 Page Not Found: 
ERROR - 2020-02-04 16:58:42 --> Severity: Warning --> Invalid argument supplied for foreach() F:\FBP.com\application\views\header.php 81
ERROR - 2020-02-04 16:58:42 --> Severity: Warning --> Invalid argument supplied for foreach() F:\FBP.com\application\views\header.php 107
ERROR - 2020-02-04 16:58:45 --> Severity: Warning --> Invalid argument supplied for foreach() F:\FBP.com\application\views\header.php 81
ERROR - 2020-02-04 16:58:45 --> Severity: Warning --> Invalid argument supplied for foreach() F:\FBP.com\application\views\header.php 107
ERROR - 2020-02-04 16:59:21 --> Severity: Warning --> Invalid argument supplied for foreach() F:\FBP.com\application\views\header.php 81
ERROR - 2020-02-04 16:59:21 --> Severity: Warning --> Invalid argument supplied for foreach() F:\FBP.com\application\views\header.php 107
ERROR - 2020-02-04 16:59:30 --> Severity: Warning --> Invalid argument supplied for foreach() F:\FBP.com\application\views\header.php 81
ERROR - 2020-02-04 16:59:30 --> Severity: Warning --> Invalid argument supplied for foreach() F:\FBP.com\application\views\header.php 107
ERROR - 2020-02-04 17:00:05 --> Severity: Warning --> Invalid argument supplied for foreach() F:\FBP.com\application\views\header.php 81
ERROR - 2020-02-04 17:00:05 --> Severity: Warning --> Invalid argument supplied for foreach() F:\FBP.com\application\views\header.php 107
ERROR - 2020-02-04 17:00:27 --> Severity: Warning --> Invalid argument supplied for foreach() F:\FBP.com\application\views\header.php 81
ERROR - 2020-02-04 17:00:27 --> Severity: Warning --> Invalid argument supplied for foreach() F:\FBP.com\application\views\header.php 107
ERROR - 2020-02-04 17:00:41 --> Severity: Warning --> Invalid argument supplied for foreach() F:\FBP.com\application\views\header.php 81
ERROR - 2020-02-04 17:00:41 --> Severity: Warning --> Invalid argument supplied for foreach() F:\FBP.com\application\views\header.php 107
ERROR - 2020-02-04 17:01:03 --> Severity: Warning --> Invalid argument supplied for foreach() F:\FBP.com\application\views\header.php 81
ERROR - 2020-02-04 17:01:03 --> Severity: Warning --> Invalid argument supplied for foreach() F:\FBP.com\application\views\header.php 107
ERROR - 2020-02-04 17:01:33 --> Severity: Warning --> Invalid argument supplied for foreach() F:\FBP.com\application\views\header.php 81
ERROR - 2020-02-04 17:01:33 --> Severity: Warning --> Invalid argument supplied for foreach() F:\FBP.com\application\views\header.php 107
ERROR - 2020-02-04 17:01:35 --> Severity: Warning --> Invalid argument supplied for foreach() F:\FBP.com\application\views\header.php 81
ERROR - 2020-02-04 17:01:35 --> Severity: Warning --> Invalid argument supplied for foreach() F:\FBP.com\application\views\header.php 107
ERROR - 2020-02-04 17:01:41 --> Severity: Warning --> Invalid argument supplied for foreach() F:\FBP.com\application\views\header.php 81
ERROR - 2020-02-04 17:01:41 --> Severity: Warning --> Invalid argument supplied for foreach() F:\FBP.com\application\views\header.php 107
ERROR - 2020-02-04 17:01:48 --> Severity: Warning --> Invalid argument supplied for foreach() F:\FBP.com\application\views\header.php 81
ERROR - 2020-02-04 17:01:48 --> Severity: Warning --> Invalid argument supplied for foreach() F:\FBP.com\application\views\header.php 107
ERROR - 2020-02-04 17:04:08 --> Severity: Warning --> Invalid argument supplied for foreach() F:\FBP.com\application\views\header.php 81
ERROR - 2020-02-04 17:04:08 --> Severity: Warning --> Invalid argument supplied for foreach() F:\FBP.com\application\views\header.php 107
ERROR - 2020-02-04 17:04:08 --> Severity: error --> Exception: Cannot use object of type stdClass as array F:\FBP.com\application\views\achievements.php 109
ERROR - 2020-02-04 17:04:21 --> Severity: Warning --> Invalid argument supplied for foreach() F:\FBP.com\application\views\header.php 81
ERROR - 2020-02-04 17:04:21 --> Severity: Warning --> Invalid argument supplied for foreach() F:\FBP.com\application\views\header.php 107
ERROR - 2020-02-04 17:04:21 --> Severity: error --> Exception: Cannot use object of type stdClass as array F:\FBP.com\application\views\achievements.php 109
ERROR - 2020-02-04 17:04:46 --> Severity: Warning --> Invalid argument supplied for foreach() F:\FBP.com\application\views\header.php 81
ERROR - 2020-02-04 17:04:46 --> Severity: Warning --> Invalid argument supplied for foreach() F:\FBP.com\application\views\header.php 107
ERROR - 2020-02-04 17:04:46 --> Severity: error --> Exception: Cannot use object of type stdClass as array F:\FBP.com\application\views\achievements.php 109
ERROR - 2020-02-04 17:05:10 --> Severity: Warning --> Invalid argument supplied for foreach() F:\FBP.com\application\views\header.php 81
ERROR - 2020-02-04 17:05:10 --> Severity: Warning --> Invalid argument supplied for foreach() F:\FBP.com\application\views\header.php 107
ERROR - 2020-02-04 17:05:28 --> Severity: Warning --> Invalid argument supplied for foreach() F:\FBP.com\application\views\header.php 81
ERROR - 2020-02-04 17:05:28 --> Severity: Warning --> Invalid argument supplied for foreach() F:\FBP.com\application\views\header.php 107
ERROR - 2020-02-04 17:05:40 --> Severity: Warning --> Invalid argument supplied for foreach() F:\FBP.com\application\views\header.php 81
ERROR - 2020-02-04 17:05:40 --> Severity: Warning --> Invalid argument supplied for foreach() F:\FBP.com\application\views\header.php 107
ERROR - 2020-02-04 17:05:40 --> Severity: error --> Exception: Cannot use object of type stdClass as array F:\FBP.com\application\views\achievements.php 110
ERROR - 2020-02-04 17:10:14 --> Severity: Warning --> Invalid argument supplied for foreach() F:\FBP.com\application\views\header.php 81
ERROR - 2020-02-04 17:10:14 --> Severity: Warning --> Invalid argument supplied for foreach() F:\FBP.com\application\views\header.php 107
ERROR - 2020-02-04 17:10:14 --> Severity: error --> Exception: Cannot use object of type stdClass as array F:\FBP.com\application\views\achievements.php 116
ERROR - 2020-02-04 17:10:28 --> Severity: Warning --> Invalid argument supplied for foreach() F:\FBP.com\application\views\header.php 81
ERROR - 2020-02-04 17:10:28 --> Severity: Warning --> Invalid argument supplied for foreach() F:\FBP.com\application\views\header.php 107
ERROR - 2020-02-04 17:10:28 --> Severity: error --> Exception: Cannot use object of type stdClass as array F:\FBP.com\application\views\achievements.php 116
ERROR - 2020-02-04 17:10:52 --> Severity: Warning --> Invalid argument supplied for foreach() F:\FBP.com\application\views\header.php 81
ERROR - 2020-02-04 17:10:52 --> Severity: Warning --> Invalid argument supplied for foreach() F:\FBP.com\application\views\header.php 107
ERROR - 2020-02-04 17:10:52 --> Severity: error --> Exception: Cannot use object of type stdClass as array F:\FBP.com\application\views\achievements.php 116
ERROR - 2020-02-04 17:11:11 --> Severity: Warning --> Invalid argument supplied for foreach() F:\FBP.com\application\views\header.php 81
ERROR - 2020-02-04 17:11:11 --> Severity: Warning --> Invalid argument supplied for foreach() F:\FBP.com\application\views\header.php 107
ERROR - 2020-02-04 17:13:24 --> Severity: Warning --> Invalid argument supplied for foreach() F:\FBP.com\application\views\header.php 81
ERROR - 2020-02-04 17:13:24 --> Severity: Warning --> Invalid argument supplied for foreach() F:\FBP.com\application\views\header.php 107
ERROR - 2020-02-04 17:13:38 --> Severity: Warning --> Invalid argument supplied for foreach() F:\FBP.com\application\views\header.php 81
ERROR - 2020-02-04 17:13:38 --> Severity: Warning --> Invalid argument supplied for foreach() F:\FBP.com\application\views\header.php 107
ERROR - 2020-02-04 17:14:44 --> Severity: Warning --> Invalid argument supplied for foreach() F:\FBP.com\application\views\header.php 81
ERROR - 2020-02-04 17:14:44 --> Severity: Warning --> Invalid argument supplied for foreach() F:\FBP.com\application\views\header.php 107
ERROR - 2020-02-04 17:14:58 --> Severity: Warning --> Invalid argument supplied for foreach() F:\FBP.com\application\views\header.php 81
ERROR - 2020-02-04 17:14:58 --> Severity: Warning --> Invalid argument supplied for foreach() F:\FBP.com\application\views\header.php 107
ERROR - 2020-02-04 17:15:06 --> Severity: Warning --> Invalid argument supplied for foreach() F:\FBP.com\application\views\header.php 81
ERROR - 2020-02-04 17:15:06 --> Severity: Warning --> Invalid argument supplied for foreach() F:\FBP.com\application\views\header.php 107
ERROR - 2020-02-04 17:15:28 --> Severity: Warning --> Invalid argument supplied for foreach() F:\FBP.com\application\views\header.php 81
ERROR - 2020-02-04 17:15:28 --> Severity: Warning --> Invalid argument supplied for foreach() F:\FBP.com\application\views\header.php 107
ERROR - 2020-02-04 17:16:46 --> Severity: Warning --> Invalid argument supplied for foreach() F:\FBP.com\application\views\header.php 81
ERROR - 2020-02-04 17:16:46 --> Severity: Warning --> Invalid argument supplied for foreach() F:\FBP.com\application\views\header.php 107
ERROR - 2020-02-04 17:16:54 --> Severity: Warning --> Invalid argument supplied for foreach() F:\FBP.com\application\views\header.php 81
ERROR - 2020-02-04 17:16:54 --> Severity: Warning --> Invalid argument supplied for foreach() F:\FBP.com\application\views\header.php 107
ERROR - 2020-02-04 17:17:37 --> Severity: Warning --> Invalid argument supplied for foreach() F:\FBP.com\application\views\header.php 81
ERROR - 2020-02-04 17:17:37 --> Severity: Warning --> Invalid argument supplied for foreach() F:\FBP.com\application\views\header.php 107
ERROR - 2020-02-04 17:19:06 --> Severity: Warning --> Invalid argument supplied for foreach() F:\FBP.com\application\views\header.php 81
ERROR - 2020-02-04 17:19:06 --> Severity: Warning --> Invalid argument supplied for foreach() F:\FBP.com\application\views\header.php 107
ERROR - 2020-02-04 17:22:27 --> Severity: Warning --> Invalid argument supplied for foreach() F:\FBP.com\application\views\header.php 81
ERROR - 2020-02-04 17:22:27 --> Severity: Warning --> Invalid argument supplied for foreach() F:\FBP.com\application\views\header.php 107
ERROR - 2020-02-04 17:22:27 --> Query error: You have an error in your SQL syntax; check the manual that corresponds to your MariaDB server version for the right syntax to use near '' at line 3 - Invalid query: SELECT *
FROM `achievements`
WHERE year(date_added = '2020'
ERROR - 2020-02-04 17:22:39 --> Severity: Warning --> Invalid argument supplied for foreach() F:\FBP.com\application\views\header.php 81
ERROR - 2020-02-04 17:22:39 --> Severity: Warning --> Invalid argument supplied for foreach() F:\FBP.com\application\views\header.php 107
ERROR - 2020-02-04 17:23:21 --> Severity: Warning --> Invalid argument supplied for foreach() F:\FBP.com\application\views\header.php 81
ERROR - 2020-02-04 17:23:21 --> Severity: Warning --> Invalid argument supplied for foreach() F:\FBP.com\application\views\header.php 107
ERROR - 2020-02-04 17:23:21 --> Severity: error --> Exception: Call to a member function result() on array F:\FBP.com\application\models\Achievements_model.php 40
ERROR - 2020-02-04 17:23:38 --> Severity: Warning --> Invalid argument supplied for foreach() F:\FBP.com\application\views\header.php 81
ERROR - 2020-02-04 17:23:38 --> Severity: Warning --> Invalid argument supplied for foreach() F:\FBP.com\application\views\header.php 107
ERROR - 2020-02-04 17:23:38 --> Severity: error --> Exception: Call to a member function result() on null F:\FBP.com\application\models\Achievements_model.php 40
ERROR - 2020-02-04 17:23:50 --> Severity: Warning --> Invalid argument supplied for foreach() F:\FBP.com\application\views\header.php 81
ERROR - 2020-02-04 17:23:50 --> Severity: Warning --> Invalid argument supplied for foreach() F:\FBP.com\application\views\header.php 107
ERROR - 2020-02-04 21:50:21 --> 404 Page Not Found: 
ERROR - 2020-02-04 21:50:32 --> Severity: Warning --> Invalid argument supplied for foreach() F:\FBP.com\application\views\header.php 81
ERROR - 2020-02-04 21:50:33 --> Severity: Warning --> Invalid argument supplied for foreach() F:\FBP.com\application\views\header.php 107
ERROR - 2020-02-04 21:53:18 --> Severity: Warning --> Invalid argument supplied for foreach() F:\FBP.com\application\views\header.php 81
ERROR - 2020-02-04 21:53:18 --> Severity: Warning --> Invalid argument supplied for foreach() F:\FBP.com\application\views\header.php 107
ERROR - 2020-02-04 21:54:08 --> Severity: Warning --> Invalid argument supplied for foreach() F:\FBP.com\application\views\header.php 81
ERROR - 2020-02-04 21:54:08 --> Severity: Warning --> Invalid argument supplied for foreach() F:\FBP.com\application\views\header.php 107
ERROR - 2020-02-04 21:54:28 --> Severity: Warning --> Invalid argument supplied for foreach() F:\FBP.com\application\views\header.php 81
ERROR - 2020-02-04 21:54:28 --> Severity: Warning --> Invalid argument supplied for foreach() F:\FBP.com\application\views\header.php 107
ERROR - 2020-02-04 21:55:17 --> Severity: Warning --> Invalid argument supplied for foreach() F:\FBP.com\application\views\header.php 81
ERROR - 2020-02-04 21:55:17 --> Severity: Warning --> Invalid argument supplied for foreach() F:\FBP.com\application\views\header.php 107
ERROR - 2020-02-04 21:55:32 --> Severity: Warning --> Invalid argument supplied for foreach() F:\FBP.com\application\views\header.php 81
ERROR - 2020-02-04 21:55:32 --> Severity: Warning --> Invalid argument supplied for foreach() F:\FBP.com\application\views\header.php 107
ERROR - 2020-02-04 21:56:05 --> Severity: Warning --> Invalid argument supplied for foreach() F:\FBP.com\application\views\header.php 81
ERROR - 2020-02-04 21:56:05 --> Severity: Warning --> Invalid argument supplied for foreach() F:\FBP.com\application\views\header.php 107
ERROR - 2020-02-04 21:56:23 --> Severity: Warning --> Invalid argument supplied for foreach() F:\FBP.com\application\views\header.php 81
ERROR - 2020-02-04 21:56:23 --> Severity: Warning --> Invalid argument supplied for foreach() F:\FBP.com\application\views\header.php 107
ERROR - 2020-02-04 21:56:55 --> Severity: Warning --> Invalid argument supplied for foreach() F:\FBP.com\application\views\header.php 81
ERROR - 2020-02-04 21:56:55 --> Severity: Warning --> Invalid argument supplied for foreach() F:\FBP.com\application\views\header.php 107
ERROR - 2020-02-04 21:57:55 --> Severity: Warning --> Invalid argument supplied for foreach() F:\FBP.com\application\views\header.php 81
ERROR - 2020-02-04 21:57:55 --> Severity: Warning --> Invalid argument supplied for foreach() F:\FBP.com\application\views\header.php 107
ERROR - 2020-02-04 22:00:49 --> Severity: Warning --> Invalid argument supplied for foreach() F:\FBP.com\application\views\header.php 81
ERROR - 2020-02-04 22:00:49 --> Severity: Warning --> Invalid argument supplied for foreach() F:\FBP.com\application\views\header.php 107
ERROR - 2020-02-04 22:02:51 --> Severity: Warning --> Invalid argument supplied for foreach() F:\FBP.com\application\views\header.php 81
ERROR - 2020-02-04 22:02:51 --> Severity: Warning --> Invalid argument supplied for foreach() F:\FBP.com\application\views\header.php 107
ERROR - 2020-02-04 22:04:11 --> Severity: Warning --> Invalid argument supplied for foreach() F:\FBP.com\application\views\header.php 81
ERROR - 2020-02-04 22:04:11 --> Severity: Warning --> Invalid argument supplied for foreach() F:\FBP.com\application\views\header.php 107
ERROR - 2020-02-04 22:05:26 --> Severity: Warning --> Invalid argument supplied for foreach() F:\FBP.com\application\views\header.php 81
ERROR - 2020-02-04 22:05:26 --> Severity: Warning --> Invalid argument supplied for foreach() F:\FBP.com\application\views\header.php 107
