ERROR - 2019-08-18 00:05:27 --> Severity: Warning --> Illegal string offset 'keyword' /home/fullbasketproper/public_html/application/views/listing.php 186
ERROR - 2019-08-18 01:19:17 --> Severity: Warning --> Illegal string offset 'keyword' /home/fullbasketproper/public_html/application/views/listing.php 186
ERROR - 2019-08-18 01:24:24 --> 404 Page Not Found: 
ERROR - 2019-08-18 02:31:15 --> Severity: Warning --> Illegal string offset 'keyword' /home/fullbasketproper/public_html/application/views/listing.php 186
ERROR - 2019-08-18 02:36:02 --> Severity: Warning --> Illegal string offset 'keyword' /home/fullbasketproper/public_html/application/views/listing.php 186
ERROR - 2019-08-18 02:50:27 --> 404 Page Not Found: 
ERROR - 2019-08-18 03:04:53 --> Severity: Warning --> Illegal string offset 'keyword' /home/fullbasketproper/public_html/application/views/listing.php 186
ERROR - 2019-08-18 03:56:16 --> Severity: Warning --> Illegal string offset 'keyword' /home/fullbasketproper/public_html/application/views/listing.php 186
ERROR - 2019-08-18 04:14:01 --> Severity: Warning --> Illegal string offset 'keyword' /home/fullbasketproper/public_html/application/views/listing.php 186
ERROR - 2019-08-18 04:35:27 --> Severity: Warning --> Illegal string offset 'keyword' /home/fullbasketproper/public_html/application/views/listing.php 186
ERROR - 2019-08-18 04:47:55 --> Severity: Warning --> Illegal string offset 'keyword' /home/fullbasketproper/public_html/application/views/listing.php 186
ERROR - 2019-08-18 05:04:13 --> Severity: Warning --> Illegal string offset 'keyword' /home/fullbasketproper/public_html/application/views/listing.php 186
ERROR - 2019-08-18 06:49:30 --> 404 Page Not Found: 
ERROR - 2019-08-18 06:55:15 --> 404 Page Not Found: 
ERROR - 2019-08-18 07:01:29 --> Severity: Warning --> Illegal string offset 'keyword' /home/fullbasketproper/public_html/application/views/listing.php 186
ERROR - 2019-08-18 07:04:24 --> 404 Page Not Found: 
ERROR - 2019-08-18 07:06:13 --> 404 Page Not Found: 
ERROR - 2019-08-18 07:06:44 --> 404 Page Not Found: 
ERROR - 2019-08-18 07:10:33 --> Severity: Warning --> Illegal string offset 'keyword' /home/fullbasketproper/public_html/application/views/listing.php 186
ERROR - 2019-08-18 07:49:03 --> 404 Page Not Found: 
ERROR - 2019-08-18 07:58:58 --> 404 Page Not Found: 
ERROR - 2019-08-18 09:01:45 --> 404 Page Not Found: 
ERROR - 2019-08-18 09:54:06 --> 404 Page Not Found: 
ERROR - 2019-08-18 10:08:22 --> Severity: Warning --> Illegal string offset 'keyword' /home/fullbasketproper/public_html/application/views/listing.php 186
ERROR - 2019-08-18 10:08:28 --> Severity: Warning --> Illegal string offset 'keyword' /home/fullbasketproper/public_html/application/views/listing.php 186
ERROR - 2019-08-18 10:08:47 --> Severity: Warning --> Illegal string offset 'keyword' /home/fullbasketproper/public_html/application/views/listing.php 186
ERROR - 2019-08-18 10:08:53 --> Severity: Warning --> Illegal string offset 'keyword' /home/fullbasketproper/public_html/application/views/listing.php 186
ERROR - 2019-08-18 10:08:59 --> Severity: Warning --> Illegal string offset 'keyword' /home/fullbasketproper/public_html/application/views/listing.php 186
ERROR - 2019-08-18 10:09:05 --> Severity: Warning --> Illegal string offset 'keyword' /home/fullbasketproper/public_html/application/views/listing.php 186
ERROR - 2019-08-18 10:09:10 --> Severity: Warning --> Illegal string offset 'keyword' /home/fullbasketproper/public_html/application/views/listing.php 186
ERROR - 2019-08-18 10:09:28 --> Severity: Warning --> Illegal string offset 'keyword' /home/fullbasketproper/public_html/application/views/listing.php 186
ERROR - 2019-08-18 10:09:46 --> Severity: Warning --> Illegal string offset 'keyword' /home/fullbasketproper/public_html/application/views/listing.php 186
ERROR - 2019-08-18 10:10:02 --> Severity: Warning --> Illegal string offset 'keyword' /home/fullbasketproper/public_html/application/views/listing.php 186
ERROR - 2019-08-18 10:10:12 --> Severity: Warning --> Illegal string offset 'keyword' /home/fullbasketproper/public_html/application/views/listing.php 186
ERROR - 2019-08-18 10:10:28 --> Severity: Warning --> Illegal string offset 'keyword' /home/fullbasketproper/public_html/application/views/listing.php 186
ERROR - 2019-08-18 10:10:38 --> Severity: Warning --> Illegal string offset 'keyword' /home/fullbasketproper/public_html/application/views/listing.php 186
ERROR - 2019-08-18 10:10:53 --> Severity: Warning --> Illegal string offset 'keyword' /home/fullbasketproper/public_html/application/views/listing.php 186
ERROR - 2019-08-18 10:11:01 --> Severity: Warning --> Illegal string offset 'keyword' /home/fullbasketproper/public_html/application/views/listing.php 186
ERROR - 2019-08-18 10:11:08 --> Severity: Warning --> Illegal string offset 'keyword' /home/fullbasketproper/public_html/application/views/listing.php 186
ERROR - 2019-08-18 10:11:14 --> Severity: Warning --> Illegal string offset 'keyword' /home/fullbasketproper/public_html/application/views/listing.php 186
ERROR - 2019-08-18 10:11:20 --> Severity: Warning --> Illegal string offset 'keyword' /home/fullbasketproper/public_html/application/views/listing.php 186
ERROR - 2019-08-18 10:11:25 --> Severity: Warning --> Illegal string offset 'keyword' /home/fullbasketproper/public_html/application/views/listing.php 186
ERROR - 2019-08-18 10:11:30 --> Severity: Warning --> Illegal string offset 'keyword' /home/fullbasketproper/public_html/application/views/listing.php 186
ERROR - 2019-08-18 10:11:46 --> Severity: Warning --> Illegal string offset 'keyword' /home/fullbasketproper/public_html/application/views/listing.php 186
ERROR - 2019-08-18 10:11:52 --> Severity: Warning --> Illegal string offset 'keyword' /home/fullbasketproper/public_html/application/views/listing.php 186
ERROR - 2019-08-18 10:11:58 --> Severity: Warning --> Illegal string offset 'keyword' /home/fullbasketproper/public_html/application/views/listing.php 186
ERROR - 2019-08-18 10:12:13 --> Severity: Warning --> Illegal string offset 'keyword' /home/fullbasketproper/public_html/application/views/listing.php 186
ERROR - 2019-08-18 10:12:41 --> Severity: Warning --> Illegal string offset 'keyword' /home/fullbasketproper/public_html/application/views/listing.php 186
ERROR - 2019-08-18 10:12:46 --> Severity: Warning --> Illegal string offset 'keyword' /home/fullbasketproper/public_html/application/views/listing.php 186
ERROR - 2019-08-18 10:12:51 --> Severity: Warning --> Illegal string offset 'keyword' /home/fullbasketproper/public_html/application/views/listing.php 186
ERROR - 2019-08-18 10:12:57 --> Severity: Warning --> Illegal string offset 'keyword' /home/fullbasketproper/public_html/application/views/listing.php 186
ERROR - 2019-08-18 10:13:02 --> Severity: Warning --> Illegal string offset 'keyword' /home/fullbasketproper/public_html/application/views/listing.php 186
ERROR - 2019-08-18 10:13:08 --> Severity: Warning --> Illegal string offset 'keyword' /home/fullbasketproper/public_html/application/views/listing.php 186
ERROR - 2019-08-18 10:13:13 --> Severity: Warning --> Illegal string offset 'keyword' /home/fullbasketproper/public_html/application/views/listing.php 186
ERROR - 2019-08-18 10:13:18 --> Severity: Warning --> Illegal string offset 'keyword' /home/fullbasketproper/public_html/application/views/listing.php 186
ERROR - 2019-08-18 10:13:24 --> Severity: Warning --> Illegal string offset 'keyword' /home/fullbasketproper/public_html/application/views/listing.php 186
ERROR - 2019-08-18 10:13:29 --> Severity: Warning --> Illegal string offset 'keyword' /home/fullbasketproper/public_html/application/views/listing.php 186
ERROR - 2019-08-18 10:13:35 --> Severity: Warning --> Illegal string offset 'keyword' /home/fullbasketproper/public_html/application/views/listing.php 186
ERROR - 2019-08-18 10:13:40 --> Severity: Warning --> Illegal string offset 'keyword' /home/fullbasketproper/public_html/application/views/listing.php 186
ERROR - 2019-08-18 10:13:57 --> Severity: Warning --> Illegal string offset 'keyword' /home/fullbasketproper/public_html/application/views/listing.php 186
ERROR - 2019-08-18 10:14:03 --> Severity: Warning --> Illegal string offset 'keyword' /home/fullbasketproper/public_html/application/views/listing.php 186
ERROR - 2019-08-18 10:14:22 --> Severity: Warning --> Illegal string offset 'keyword' /home/fullbasketproper/public_html/application/views/listing.php 186
ERROR - 2019-08-18 10:14:41 --> Severity: Warning --> Illegal string offset 'keyword' /home/fullbasketproper/public_html/application/views/listing.php 186
ERROR - 2019-08-18 10:14:46 --> Severity: Warning --> Illegal string offset 'keyword' /home/fullbasketproper/public_html/application/views/listing.php 186
ERROR - 2019-08-18 10:15:03 --> Severity: Warning --> Illegal string offset 'keyword' /home/fullbasketproper/public_html/application/views/listing.php 186
ERROR - 2019-08-18 10:15:31 --> Severity: Warning --> Illegal string offset 'keyword' /home/fullbasketproper/public_html/application/views/listing.php 186
ERROR - 2019-08-18 10:15:34 --> Severity: Warning --> Illegal string offset 'keyword' /home/fullbasketproper/public_html/application/views/listing.php 186
ERROR - 2019-08-18 10:19:36 --> Severity: Warning --> Illegal string offset 'keyword' /home/fullbasketproper/public_html/application/views/listing.php 186
ERROR - 2019-08-18 11:08:45 --> Severity: Warning --> Illegal string offset 'keyword' /home/fullbasketproper/public_html/application/views/listing.php 186
ERROR - 2019-08-18 12:30:39 --> 404 Page Not Found: 
ERROR - 2019-08-18 12:31:03 --> 404 Page Not Found: 
ERROR - 2019-08-18 12:31:51 --> 404 Page Not Found: 
ERROR - 2019-08-18 12:47:08 --> Severity: Warning --> Illegal string offset 'keyword' /home/fullbasketproper/public_html/application/views/listing.php 186
ERROR - 2019-08-18 12:59:37 --> 404 Page Not Found: 
ERROR - 2019-08-18 12:59:49 --> 404 Page Not Found: 
ERROR - 2019-08-18 13:02:48 --> 404 Page Not Found: 
ERROR - 2019-08-18 13:02:49 --> 404 Page Not Found: 
ERROR - 2019-08-18 13:07:03 --> 404 Page Not Found: 
ERROR - 2019-08-18 13:17:53 --> 404 Page Not Found: 
ERROR - 2019-08-18 13:20:17 --> 404 Page Not Found: 
ERROR - 2019-08-18 13:20:24 --> 404 Page Not Found: 
ERROR - 2019-08-18 13:21:07 --> 404 Page Not Found: 
ERROR - 2019-08-18 13:21:37 --> 404 Page Not Found: 
ERROR - 2019-08-18 13:22:23 --> 404 Page Not Found: 
ERROR - 2019-08-18 13:24:43 --> 404 Page Not Found: 
ERROR - 2019-08-18 13:41:54 --> Severity: Warning --> Illegal string offset 'keyword' /home/fullbasketproper/public_html/application/views/listing.php 186
ERROR - 2019-08-18 14:11:35 --> Severity: Warning --> Illegal string offset 'keyword' /home/fullbasketproper/public_html/application/views/listing.php 186
ERROR - 2019-08-18 14:12:59 --> 404 Page Not Found: 
ERROR - 2019-08-18 14:47:07 --> 404 Page Not Found: 
ERROR - 2019-08-18 14:49:39 --> 404 Page Not Found: 
ERROR - 2019-08-18 14:54:35 --> 404 Page Not Found: 
ERROR - 2019-08-18 15:05:53 --> 404 Page Not Found: 
ERROR - 2019-08-18 15:55:30 --> 404 Page Not Found: 
ERROR - 2019-08-18 15:58:58 --> 404 Page Not Found: 
ERROR - 2019-08-18 16:04:28 --> 404 Page Not Found: 
ERROR - 2019-08-18 17:07:42 --> 404 Page Not Found: 
ERROR - 2019-08-18 17:07:57 --> 404 Page Not Found: 
ERROR - 2019-08-18 17:10:12 --> 404 Page Not Found: 
ERROR - 2019-08-18 17:17:47 --> Severity: Warning --> Illegal string offset 'keyword' /home/fullbasketproper/public_html/application/views/listing.php 186
ERROR - 2019-08-18 17:19:36 --> 404 Page Not Found: 
ERROR - 2019-08-18 17:30:54 --> Query error: You have an error in your SQL syntax; check the manual that corresponds to your MySQL server version for the right syntax to use near '-10, 10' at line 11 - Invalid query: SELECT DISTINCT `p`.*, `c`.`name` as `city_name`, `ps`.`name` as `property_status`, `pt`.`name` as `prop_type`, `b`.`name` as `builder`, `l`.`name` as `location`
FROM `properties` `p`
LEFT JOIN `cities` `c` ON `p`.`city_id` = `c`.`id`
LEFT JOIN `builders` `b` ON `p`.`builder_id` = `b`.`id`
LEFT JOIN `locations` `l` ON `p`.`location_id` = `l`.`id`
LEFT JOIN `property_types` `pt` ON `p`.`property_type_id` = `pt`.`id`
LEFT JOIN `property_status` `ps` ON `p`.`property_status_id` = `ps`.`id`
LEFT JOIN `property_amenities` `pa` ON `pa`.`property_id` = `p`.`id`
WHERE `p`.`status` = 1
ORDER BY `p`.`id` DESC
 LIMIT -10, 10
ERROR - 2019-08-18 17:32:39 --> 404 Page Not Found: 
ERROR - 2019-08-18 17:32:41 --> 404 Page Not Found: 
ERROR - 2019-08-18 17:43:46 --> Severity: Warning --> Illegal string offset 'keyword' /home/fullbasketproper/public_html/application/views/listing.php 186
ERROR - 2019-08-18 18:06:34 --> 404 Page Not Found: 
ERROR - 2019-08-18 18:22:06 --> 404 Page Not Found: 
ERROR - 2019-08-18 18:22:28 --> Severity: Warning --> Illegal string offset 'keyword' /home/fullbasketproper/public_html/application/views/listing.php 186
ERROR - 2019-08-18 18:22:31 --> Severity: Warning --> Illegal string offset 'keyword' /home/fullbasketproper/public_html/application/views/listing.php 186
ERROR - 2019-08-18 19:11:15 --> Severity: Warning --> Illegal string offset 'keyword' /home/fullbasketproper/public_html/application/views/listing.php 186
ERROR - 2019-08-18 19:36:46 --> 404 Page Not Found: 
ERROR - 2019-08-18 19:42:37 --> 404 Page Not Found: 
ERROR - 2019-08-18 20:49:38 --> 404 Page Not Found: 
ERROR - 2019-08-18 21:10:20 --> 404 Page Not Found: 
ERROR - 2019-08-18 21:14:49 --> Severity: Warning --> Illegal string offset 'keyword' /home/fullbasketproper/public_html/application/views/listing.php 186
ERROR - 2019-08-18 21:20:16 --> 404 Page Not Found: 
ERROR - 2019-08-18 21:21:34 --> 404 Page Not Found: 
ERROR - 2019-08-18 21:23:18 --> Severity: Warning --> Illegal string offset 'keyword' /home/fullbasketproper/public_html/application/views/listing.php 186
ERROR - 2019-08-18 22:01:24 --> Severity: Warning --> Illegal string offset 'keyword' /home/fullbasketproper/public_html/application/views/listing.php 186
ERROR - 2019-08-18 22:54:54 --> 404 Page Not Found: 
ERROR - 2019-08-18 23:06:01 --> 404 Page Not Found: 
ERROR - 2019-08-18 23:12:02 --> 404 Page Not Found: 
ERROR - 2019-08-18 23:18:19 --> 404 Page Not Found: 
ERROR - 2019-08-18 23:21:12 --> 404 Page Not Found: 
ERROR - 2019-08-18 23:21:59 --> 404 Page Not Found: 
ERROR - 2019-08-18 23:22:05 --> Severity: Warning --> Illegal string offset 'keyword' /home/fullbasketproper/public_html/application/views/listing.php 186
ERROR - 2019-08-18 23:22:52 --> 404 Page Not Found: 
ERROR - 2019-08-18 23:27:23 --> Severity: Warning --> Illegal string offset 'keyword' /home/fullbasketproper/public_html/application/views/listing.php 186
ERROR - 2019-08-18 23:27:49 --> Severity: Warning --> Illegal string offset 'keyword' /home/fullbasketproper/public_html/application/views/listing.php 186
ERROR - 2019-08-18 23:27:52 --> 404 Page Not Found: 
ERROR - 2019-08-18 23:52:09 --> 404 Page Not Found: 
