ERROR - 2020-07-11 16:24:37 --> 404 Page Not Found: 
ERROR - 2020-07-11 16:24:37 --> 404 Page Not Found: 
ERROR - 2020-07-11 16:24:37 --> 404 Page Not Found: 
ERROR - 2020-07-11 16:24:37 --> 404 Page Not Found: 
ERROR - 2020-07-11 16:24:37 --> 404 Page Not Found: 
ERROR - 2020-07-11 16:24:37 --> 404 Page Not Found: 
ERROR - 2020-07-11 16:24:37 --> 404 Page Not Found: 
ERROR - 2020-07-11 16:24:37 --> 404 Page Not Found: 
ERROR - 2020-07-11 16:24:38 --> 404 Page Not Found: 
ERROR - 2020-07-11 16:24:39 --> 404 Page Not Found: 
ERROR - 2020-07-11 16:24:39 --> 404 Page Not Found: 
ERROR - 2020-07-11 16:24:39 --> 404 Page Not Found: 
ERROR - 2020-07-11 16:24:39 --> 404 Page Not Found: 
ERROR - 2020-07-11 16:24:40 --> 404 Page Not Found: 
ERROR - 2020-07-11 16:24:40 --> 404 Page Not Found: 
ERROR - 2020-07-11 16:24:40 --> 404 Page Not Found: 
ERROR - 2020-07-11 16:24:40 --> 404 Page Not Found: 
ERROR - 2020-07-11 16:24:41 --> 404 Page Not Found: 
ERROR - 2020-07-11 16:24:41 --> 404 Page Not Found: 
ERROR - 2020-07-11 16:24:41 --> 404 Page Not Found: 
ERROR - 2020-07-11 16:24:41 --> 404 Page Not Found: 
ERROR - 2020-07-11 16:24:42 --> 404 Page Not Found: 
ERROR - 2020-07-11 16:24:42 --> 404 Page Not Found: 
ERROR - 2020-07-11 16:24:48 --> 404 Page Not Found: 
ERROR - 2020-07-11 16:24:48 --> 404 Page Not Found: 
ERROR - 2020-07-11 16:24:49 --> 404 Page Not Found: 
ERROR - 2020-07-11 16:24:51 --> 404 Page Not Found: 
ERROR - 2020-07-11 16:24:52 --> 404 Page Not Found: 
ERROR - 2020-07-11 16:24:52 --> 404 Page Not Found: 
ERROR - 2020-07-11 16:24:52 --> 404 Page Not Found: 
ERROR - 2020-07-11 16:24:52 --> 404 Page Not Found: 
ERROR - 2020-07-11 16:24:52 --> 404 Page Not Found: 
ERROR - 2020-07-11 16:24:52 --> 404 Page Not Found: 
ERROR - 2020-07-11 16:24:52 --> 404 Page Not Found: 
ERROR - 2020-07-11 16:24:52 --> 404 Page Not Found: 
ERROR - 2020-07-11 16:24:54 --> 404 Page Not Found: 
ERROR - 2020-07-11 16:24:54 --> 404 Page Not Found: 
ERROR - 2020-07-11 16:24:54 --> 404 Page Not Found: 
ERROR - 2020-07-11 16:24:54 --> 404 Page Not Found: 
ERROR - 2020-07-11 16:24:54 --> 404 Page Not Found: 
ERROR - 2020-07-11 16:24:54 --> 404 Page Not Found: 
ERROR - 2020-07-11 16:24:54 --> 404 Page Not Found: 
ERROR - 2020-07-11 16:24:54 --> 404 Page Not Found: 
ERROR - 2020-07-11 16:24:54 --> 404 Page Not Found: 
ERROR - 2020-07-11 16:24:54 --> 404 Page Not Found: 
ERROR - 2020-07-11 16:24:54 --> 404 Page Not Found: 
ERROR - 2020-07-11 16:24:54 --> 404 Page Not Found: 
ERROR - 2020-07-11 16:24:55 --> 404 Page Not Found: 
ERROR - 2020-07-11 16:24:55 --> 404 Page Not Found: 
ERROR - 2020-07-11 16:24:55 --> 404 Page Not Found: 
ERROR - 2020-07-11 16:24:55 --> 404 Page Not Found: 
ERROR - 2020-07-11 16:24:55 --> 404 Page Not Found: 
ERROR - 2020-07-11 16:26:49 --> 404 Page Not Found: 
ERROR - 2020-07-11 16:26:49 --> 404 Page Not Found: 
ERROR - 2020-07-11 16:26:49 --> 404 Page Not Found: 
ERROR - 2020-07-11 16:26:49 --> 404 Page Not Found: 
ERROR - 2020-07-11 16:26:49 --> 404 Page Not Found: 
ERROR - 2020-07-11 16:26:50 --> 404 Page Not Found: 
ERROR - 2020-07-11 16:26:50 --> 404 Page Not Found: 
ERROR - 2020-07-11 16:26:50 --> 404 Page Not Found: 
ERROR - 2020-07-11 16:26:50 --> 404 Page Not Found: 
ERROR - 2020-07-11 16:26:51 --> 404 Page Not Found: 
ERROR - 2020-07-11 16:26:53 --> 404 Page Not Found: 
ERROR - 2020-07-11 16:26:54 --> 404 Page Not Found: 
ERROR - 2020-07-11 16:26:54 --> 404 Page Not Found: 
ERROR - 2020-07-11 16:26:54 --> 404 Page Not Found: 
ERROR - 2020-07-11 16:26:54 --> 404 Page Not Found: 
ERROR - 2020-07-11 16:26:54 --> 404 Page Not Found: 
ERROR - 2020-07-11 16:26:54 --> 404 Page Not Found: 
ERROR - 2020-07-11 16:26:54 --> 404 Page Not Found: 
ERROR - 2020-07-11 16:26:55 --> 404 Page Not Found: 
ERROR - 2020-07-11 16:26:55 --> 404 Page Not Found: 
ERROR - 2020-07-11 16:26:55 --> 404 Page Not Found: 
ERROR - 2020-07-11 16:26:55 --> 404 Page Not Found: 
ERROR - 2020-07-11 16:26:55 --> 404 Page Not Found: 
ERROR - 2020-07-11 16:26:55 --> 404 Page Not Found: 
ERROR - 2020-07-11 16:26:55 --> 404 Page Not Found: 
ERROR - 2020-07-11 16:26:55 --> 404 Page Not Found: 
ERROR - 2020-07-11 16:27:45 --> Severity: Warning --> Illegal string offset 'bhk' F:\FBP.com\application\controllers\Home.php 108
ERROR - 2020-07-11 16:27:45 --> Severity: Warning --> Illegal string offset 'bhk_range' F:\FBP.com\application\controllers\Home.php 108
ERROR - 2020-07-11 16:27:45 --> Severity: Warning --> Illegal string offset 'price' F:\FBP.com\application\controllers\Home.php 109
ERROR - 2020-07-11 16:27:45 --> Severity: Warning --> Illegal string offset 'price_range' F:\FBP.com\application\controllers\Home.php 109
ERROR - 2020-07-11 16:27:45 --> Severity: Warning --> Illegal string offset 'baths' F:\FBP.com\application\controllers\Home.php 110
ERROR - 2020-07-11 16:27:45 --> Severity: Warning --> Illegal string offset 'baths_range' F:\FBP.com\application\controllers\Home.php 110
ERROR - 2020-07-11 16:28:09 --> Severity: Warning --> Illegal string offset 'bhk' F:\FBP.com\application\controllers\Home.php 108
ERROR - 2020-07-11 16:28:09 --> Severity: Warning --> Illegal string offset 'bhk_range' F:\FBP.com\application\controllers\Home.php 108
ERROR - 2020-07-11 16:28:09 --> Severity: Warning --> Illegal string offset 'price' F:\FBP.com\application\controllers\Home.php 109
ERROR - 2020-07-11 16:28:09 --> Severity: Warning --> Illegal string offset 'price_range' F:\FBP.com\application\controllers\Home.php 109
ERROR - 2020-07-11 16:28:09 --> Severity: Warning --> Illegal string offset 'baths' F:\FBP.com\application\controllers\Home.php 110
ERROR - 2020-07-11 16:28:09 --> Severity: Warning --> Illegal string offset 'baths_range' F:\FBP.com\application\controllers\Home.php 110
ERROR - 2020-07-11 16:28:18 --> 404 Page Not Found: 
ERROR - 2020-07-11 16:28:18 --> 404 Page Not Found: 
ERROR - 2020-07-11 16:28:18 --> 404 Page Not Found: 
ERROR - 2020-07-11 16:28:18 --> 404 Page Not Found: 
ERROR - 2020-07-11 16:28:18 --> 404 Page Not Found: 
ERROR - 2020-07-11 16:28:28 --> 404 Page Not Found: 
ERROR - 2020-07-11 16:28:29 --> 404 Page Not Found: 
ERROR - 2020-07-11 16:28:29 --> 404 Page Not Found: 
ERROR - 2020-07-11 16:28:29 --> 404 Page Not Found: 
ERROR - 2020-07-11 16:28:29 --> 404 Page Not Found: 
ERROR - 2020-07-11 16:28:29 --> 404 Page Not Found: 
ERROR - 2020-07-11 16:28:30 --> 404 Page Not Found: 
ERROR - 2020-07-11 16:28:35 --> 404 Page Not Found: 
ERROR - 2020-07-11 16:30:18 --> 404 Page Not Found: 
ERROR - 2020-07-11 16:30:19 --> 404 Page Not Found: 
ERROR - 2020-07-11 16:30:19 --> 404 Page Not Found: 
ERROR - 2020-07-11 16:30:19 --> 404 Page Not Found: 
ERROR - 2020-07-11 16:30:20 --> 404 Page Not Found: 
ERROR - 2020-07-11 16:30:20 --> 404 Page Not Found: 
ERROR - 2020-07-11 16:30:21 --> 404 Page Not Found: 
ERROR - 2020-07-11 16:30:24 --> 404 Page Not Found: 
ERROR - 2020-07-11 16:30:52 --> 404 Page Not Found: 
ERROR - 2020-07-11 16:30:52 --> 404 Page Not Found: 
ERROR - 2020-07-11 16:30:52 --> 404 Page Not Found: 
ERROR - 2020-07-11 16:30:52 --> 404 Page Not Found: 
ERROR - 2020-07-11 16:30:52 --> 404 Page Not Found: 
ERROR - 2020-07-11 16:30:53 --> 404 Page Not Found: 
ERROR - 2020-07-11 16:30:57 --> 404 Page Not Found: 
ERROR - 2020-07-11 16:31:50 --> 404 Page Not Found: 
ERROR - 2020-07-11 16:31:51 --> 404 Page Not Found: 
ERROR - 2020-07-11 16:31:51 --> 404 Page Not Found: 
ERROR - 2020-07-11 16:31:51 --> 404 Page Not Found: 
ERROR - 2020-07-11 16:31:51 --> 404 Page Not Found: 
ERROR - 2020-07-11 16:31:51 --> 404 Page Not Found: 
ERROR - 2020-07-11 16:31:57 --> 404 Page Not Found: 
ERROR - 2020-07-11 16:35:21 --> 404 Page Not Found: 
ERROR - 2020-07-11 16:35:21 --> 404 Page Not Found: 
ERROR - 2020-07-11 16:35:21 --> 404 Page Not Found: 
ERROR - 2020-07-11 16:35:21 --> 404 Page Not Found: 
ERROR - 2020-07-11 16:35:21 --> 404 Page Not Found: 
ERROR - 2020-07-11 16:35:21 --> 404 Page Not Found: 
ERROR - 2020-07-11 16:35:22 --> 404 Page Not Found: 
ERROR - 2020-07-11 16:35:28 --> 404 Page Not Found: 
ERROR - 2020-07-11 16:36:33 --> Severity: Warning --> Invalid argument supplied for foreach() F:\FBP.com\application\views\header.php 80
ERROR - 2020-07-11 16:36:33 --> Severity: Warning --> Invalid argument supplied for foreach() F:\FBP.com\application\views\header.php 147
ERROR - 2020-07-11 16:36:40 --> 404 Page Not Found: 
ERROR - 2020-07-11 16:36:40 --> 404 Page Not Found: 
ERROR - 2020-07-11 16:36:40 --> 404 Page Not Found: 
ERROR - 2020-07-11 16:36:40 --> 404 Page Not Found: 
ERROR - 2020-07-11 16:36:41 --> 404 Page Not Found: 
ERROR - 2020-07-11 16:36:41 --> 404 Page Not Found: 
ERROR - 2020-07-11 16:36:42 --> 404 Page Not Found: 
ERROR - 2020-07-11 16:36:50 --> 404 Page Not Found: 
ERROR - 2020-07-11 16:36:53 --> 404 Page Not Found: 
ERROR - 2020-07-11 16:36:53 --> 404 Page Not Found: 
ERROR - 2020-07-11 16:36:54 --> 404 Page Not Found: 
ERROR - 2020-07-11 16:36:54 --> 404 Page Not Found: 
ERROR - 2020-07-11 16:36:54 --> 404 Page Not Found: 
ERROR - 2020-07-11 16:36:54 --> 404 Page Not Found: 
ERROR - 2020-07-11 16:36:54 --> 404 Page Not Found: 
ERROR - 2020-07-11 16:36:54 --> 404 Page Not Found: 
ERROR - 2020-07-11 16:37:07 --> 404 Page Not Found: 
ERROR - 2020-07-11 16:37:08 --> 404 Page Not Found: 
ERROR - 2020-07-11 16:37:08 --> 404 Page Not Found: 
ERROR - 2020-07-11 16:37:08 --> 404 Page Not Found: 
ERROR - 2020-07-11 16:37:08 --> 404 Page Not Found: 
ERROR - 2020-07-11 16:37:08 --> 404 Page Not Found: 
ERROR - 2020-07-11 16:37:09 --> 404 Page Not Found: 
ERROR - 2020-07-11 16:37:16 --> 404 Page Not Found: 
ERROR - 2020-07-11 16:39:32 --> 404 Page Not Found: 
ERROR - 2020-07-11 16:39:32 --> 404 Page Not Found: 
ERROR - 2020-07-11 16:39:32 --> 404 Page Not Found: 
ERROR - 2020-07-11 16:39:32 --> 404 Page Not Found: 
ERROR - 2020-07-11 16:39:33 --> 404 Page Not Found: 
ERROR - 2020-07-11 16:39:33 --> 404 Page Not Found: 
ERROR - 2020-07-11 16:39:40 --> 404 Page Not Found: 
ERROR - 2020-07-11 16:51:41 --> 404 Page Not Found: 
ERROR - 2020-07-11 16:51:46 --> 404 Page Not Found: 
ERROR - 2020-07-11 17:08:39 --> Severity: Warning --> Illegal string offset 'bhk' F:\FBP.com\application\controllers\Home.php 108
ERROR - 2020-07-11 17:08:39 --> Severity: Warning --> Illegal string offset 'bhk_range' F:\FBP.com\application\controllers\Home.php 108
ERROR - 2020-07-11 17:08:39 --> Severity: Warning --> Illegal string offset 'price' F:\FBP.com\application\controllers\Home.php 109
ERROR - 2020-07-11 17:08:39 --> Severity: Warning --> Illegal string offset 'price_range' F:\FBP.com\application\controllers\Home.php 109
ERROR - 2020-07-11 17:08:39 --> Severity: Warning --> Illegal string offset 'baths' F:\FBP.com\application\controllers\Home.php 110
ERROR - 2020-07-11 17:08:39 --> Severity: Warning --> Illegal string offset 'baths_range' F:\FBP.com\application\controllers\Home.php 110
ERROR - 2020-07-11 17:08:56 --> 404 Page Not Found: 
ERROR - 2020-07-11 17:08:57 --> 404 Page Not Found: 
ERROR - 2020-07-11 17:08:57 --> 404 Page Not Found: 
ERROR - 2020-07-11 17:08:57 --> 404 Page Not Found: 
ERROR - 2020-07-11 17:08:57 --> 404 Page Not Found: 
ERROR - 2020-07-11 17:09:14 --> Severity: Warning --> Illegal string offset 'bhk' F:\FBP.com\application\controllers\Home.php 108
ERROR - 2020-07-11 17:09:14 --> Severity: Warning --> Illegal string offset 'bhk_range' F:\FBP.com\application\controllers\Home.php 108
ERROR - 2020-07-11 17:09:14 --> Severity: Warning --> Illegal string offset 'price' F:\FBP.com\application\controllers\Home.php 109
ERROR - 2020-07-11 17:09:14 --> Severity: Warning --> Illegal string offset 'price_range' F:\FBP.com\application\controllers\Home.php 109
ERROR - 2020-07-11 17:09:14 --> Severity: Warning --> Illegal string offset 'baths' F:\FBP.com\application\controllers\Home.php 110
ERROR - 2020-07-11 17:09:14 --> Severity: Warning --> Illegal string offset 'baths_range' F:\FBP.com\application\controllers\Home.php 110
ERROR - 2020-07-11 17:11:39 --> Severity: Warning --> Illegal string offset 'bhk' F:\FBP.com\application\controllers\Home.php 108
ERROR - 2020-07-11 17:11:39 --> Severity: Warning --> Illegal string offset 'bhk_range' F:\FBP.com\application\controllers\Home.php 108
ERROR - 2020-07-11 17:11:39 --> Severity: Warning --> Illegal string offset 'price' F:\FBP.com\application\controllers\Home.php 109
ERROR - 2020-07-11 17:11:39 --> Severity: Warning --> Illegal string offset 'price_range' F:\FBP.com\application\controllers\Home.php 109
ERROR - 2020-07-11 17:11:39 --> Severity: Warning --> Illegal string offset 'baths' F:\FBP.com\application\controllers\Home.php 110
ERROR - 2020-07-11 17:11:39 --> Severity: Warning --> Illegal string offset 'baths_range' F:\FBP.com\application\controllers\Home.php 110
ERROR - 2020-07-11 17:11:53 --> Could not find the language line "properties title propertyList"
ERROR - 2020-07-11 17:12:00 --> 404 Page Not Found: 
ERROR - 2020-07-11 17:12:00 --> 404 Page Not Found: 
ERROR - 2020-07-11 17:12:00 --> 404 Page Not Found: 
ERROR - 2020-07-11 17:12:00 --> 404 Page Not Found: 
ERROR - 2020-07-11 17:12:00 --> 404 Page Not Found: 
ERROR - 2020-07-11 17:12:33 --> Severity: Warning --> Illegal string offset 'bhk' F:\FBP.com\application\controllers\Home.php 108
ERROR - 2020-07-11 17:12:33 --> Severity: Warning --> Illegal string offset 'bhk_range' F:\FBP.com\application\controllers\Home.php 108
ERROR - 2020-07-11 17:12:34 --> Severity: Warning --> Illegal string offset 'price' F:\FBP.com\application\controllers\Home.php 109
ERROR - 2020-07-11 17:12:34 --> Severity: Warning --> Illegal string offset 'price_range' F:\FBP.com\application\controllers\Home.php 109
ERROR - 2020-07-11 17:12:34 --> Severity: Warning --> Illegal string offset 'baths' F:\FBP.com\application\controllers\Home.php 110
ERROR - 2020-07-11 17:12:34 --> Severity: Warning --> Illegal string offset 'baths_range' F:\FBP.com\application\controllers\Home.php 110
ERROR - 2020-07-11 17:12:45 --> Could not find the language line "properties title propertyList"
ERROR - 2020-07-11 17:13:45 --> Severity: Warning --> Illegal string offset 'bhk' F:\FBP.com\application\controllers\Home.php 108
ERROR - 2020-07-11 17:13:45 --> Severity: Warning --> Illegal string offset 'bhk_range' F:\FBP.com\application\controllers\Home.php 108
ERROR - 2020-07-11 17:13:45 --> Severity: Warning --> Illegal string offset 'price' F:\FBP.com\application\controllers\Home.php 109
ERROR - 2020-07-11 17:13:45 --> Severity: Warning --> Illegal string offset 'price_range' F:\FBP.com\application\controllers\Home.php 109
ERROR - 2020-07-11 17:13:45 --> Severity: Warning --> Illegal string offset 'baths' F:\FBP.com\application\controllers\Home.php 110
ERROR - 2020-07-11 17:13:45 --> Severity: Warning --> Illegal string offset 'baths_range' F:\FBP.com\application\controllers\Home.php 110
ERROR - 2020-07-11 17:14:12 --> Severity: Warning --> Illegal string offset 'bhk' F:\FBP.com\application\controllers\Home.php 108
ERROR - 2020-07-11 17:14:12 --> Severity: Warning --> Illegal string offset 'bhk_range' F:\FBP.com\application\controllers\Home.php 108
ERROR - 2020-07-11 17:14:12 --> Severity: Warning --> Illegal string offset 'price' F:\FBP.com\application\controllers\Home.php 109
ERROR - 2020-07-11 17:14:12 --> Severity: Warning --> Illegal string offset 'price_range' F:\FBP.com\application\controllers\Home.php 109
ERROR - 2020-07-11 17:14:12 --> Severity: Warning --> Illegal string offset 'baths' F:\FBP.com\application\controllers\Home.php 110
ERROR - 2020-07-11 17:14:12 --> Severity: Warning --> Illegal string offset 'baths_range' F:\FBP.com\application\controllers\Home.php 110
ERROR - 2020-07-11 17:14:22 --> 404 Page Not Found: 
ERROR - 2020-07-11 17:14:23 --> 404 Page Not Found: 
ERROR - 2020-07-11 17:14:23 --> 404 Page Not Found: 
ERROR - 2020-07-11 17:14:23 --> 404 Page Not Found: 
ERROR - 2020-07-11 17:14:23 --> 404 Page Not Found: 
ERROR - 2020-07-11 17:15:52 --> Severity: Warning --> Illegal string offset 'bhk' F:\FBP.com\application\controllers\Home.php 108
ERROR - 2020-07-11 17:15:52 --> Severity: Warning --> Illegal string offset 'bhk_range' F:\FBP.com\application\controllers\Home.php 108
ERROR - 2020-07-11 17:15:52 --> Severity: Warning --> Illegal string offset 'price' F:\FBP.com\application\controllers\Home.php 109
ERROR - 2020-07-11 17:15:52 --> Severity: Warning --> Illegal string offset 'price_range' F:\FBP.com\application\controllers\Home.php 109
ERROR - 2020-07-11 17:15:52 --> Severity: Warning --> Illegal string offset 'baths' F:\FBP.com\application\controllers\Home.php 110
ERROR - 2020-07-11 17:15:52 --> Severity: Warning --> Illegal string offset 'baths_range' F:\FBP.com\application\controllers\Home.php 110
ERROR - 2020-07-11 17:16:04 --> 404 Page Not Found: 
ERROR - 2020-07-11 17:16:04 --> 404 Page Not Found: 
ERROR - 2020-07-11 17:16:04 --> 404 Page Not Found: 
ERROR - 2020-07-11 17:16:04 --> 404 Page Not Found: 
ERROR - 2020-07-11 17:16:04 --> 404 Page Not Found: 
ERROR - 2020-07-11 17:17:25 --> Severity: Warning --> Illegal string offset 'bhk' F:\FBP.com\application\controllers\Home.php 108
ERROR - 2020-07-11 17:17:25 --> Severity: Warning --> Illegal string offset 'bhk_range' F:\FBP.com\application\controllers\Home.php 108
ERROR - 2020-07-11 17:17:25 --> Severity: Warning --> Illegal string offset 'price' F:\FBP.com\application\controllers\Home.php 109
ERROR - 2020-07-11 17:17:25 --> Severity: Warning --> Illegal string offset 'price_range' F:\FBP.com\application\controllers\Home.php 109
ERROR - 2020-07-11 17:17:25 --> Severity: Warning --> Illegal string offset 'baths' F:\FBP.com\application\controllers\Home.php 110
ERROR - 2020-07-11 17:17:25 --> Severity: Warning --> Illegal string offset 'baths_range' F:\FBP.com\application\controllers\Home.php 110
ERROR - 2020-07-11 17:17:37 --> 404 Page Not Found: 
ERROR - 2020-07-11 17:17:38 --> 404 Page Not Found: 
ERROR - 2020-07-11 17:17:38 --> 404 Page Not Found: 
ERROR - 2020-07-11 17:17:38 --> 404 Page Not Found: 
ERROR - 2020-07-11 17:17:38 --> 404 Page Not Found: 
ERROR - 2020-07-11 17:19:57 --> Severity: Warning --> Illegal string offset 'bhk' F:\FBP.com\application\controllers\Home.php 108
ERROR - 2020-07-11 17:19:57 --> Severity: Warning --> Illegal string offset 'bhk_range' F:\FBP.com\application\controllers\Home.php 108
ERROR - 2020-07-11 17:19:57 --> Severity: Warning --> Illegal string offset 'price' F:\FBP.com\application\controllers\Home.php 109
ERROR - 2020-07-11 17:19:57 --> Severity: Warning --> Illegal string offset 'price_range' F:\FBP.com\application\controllers\Home.php 109
ERROR - 2020-07-11 17:19:57 --> Severity: Warning --> Illegal string offset 'baths' F:\FBP.com\application\controllers\Home.php 110
ERROR - 2020-07-11 17:19:57 --> Severity: Warning --> Illegal string offset 'baths_range' F:\FBP.com\application\controllers\Home.php 110
ERROR - 2020-07-11 17:20:07 --> Severity: error --> Exception: Too few arguments to function Home::locations(), 0 passed in F:\FBP.com\system\core\CodeIgniter.php on line 532 and exactly 1 expected F:\FBP.com\application\controllers\Home.php 66
ERROR - 2020-07-11 17:20:30 --> Severity: Warning --> A non-numeric value encountered F:\FBP.com\application\models\Home_model.php 114
ERROR - 2020-07-11 17:20:30 --> Query error: You have an error in your SQL syntax; check the manual that corresponds to your MariaDB server version for the right syntax to use near '-10, 10' at line 12 - Invalid query: SELECT DISTINCT `p`.*, `c`.`name` as `city_name`, `ps`.`name` as `property_status`, `pt`.`name` as `prop_type`, `b`.`name` as `builder`, `l`.`name` as `location`
FROM `properties` `p`
LEFT JOIN `cities` `c` ON `p`.`city_id` = `c`.`id`
LEFT JOIN `builders` `b` ON `p`.`builder_id` = `b`.`id`
LEFT JOIN `locations` `l` ON `p`.`location_id` = `l`.`id`
LEFT JOIN `property_types` `pt` ON `p`.`property_type_id` = `pt`.`id`
LEFT JOIN `property_status` `ps` ON `p`.`property_status_id` = `ps`.`id`
LEFT JOIN `property_amenities` `pa` ON `pa`.`property_id` = `p`.`id`
LEFT JOIN `property_flat_types` `pft` ON `pft`.`property_id` = `p`.`id`
WHERE `p`.`status` = 1
ORDER BY `p`.`id` DESC
 LIMIT -10, 10
ERROR - 2020-07-11 17:20:30 --> 404 Page Not Found: 
ERROR - 2020-07-11 17:20:35 --> Severity: Warning --> A non-numeric value encountered F:\FBP.com\application\models\Home_model.php 114
ERROR - 2020-07-11 17:20:35 --> Query error: You have an error in your SQL syntax; check the manual that corresponds to your MariaDB server version for the right syntax to use near '-10, 10' at line 12 - Invalid query: SELECT DISTINCT `p`.*, `c`.`name` as `city_name`, `ps`.`name` as `property_status`, `pt`.`name` as `prop_type`, `b`.`name` as `builder`, `l`.`name` as `location`
FROM `properties` `p`
LEFT JOIN `cities` `c` ON `p`.`city_id` = `c`.`id`
LEFT JOIN `builders` `b` ON `p`.`builder_id` = `b`.`id`
LEFT JOIN `locations` `l` ON `p`.`location_id` = `l`.`id`
LEFT JOIN `property_types` `pt` ON `p`.`property_type_id` = `pt`.`id`
LEFT JOIN `property_status` `ps` ON `p`.`property_status_id` = `ps`.`id`
LEFT JOIN `property_amenities` `pa` ON `pa`.`property_id` = `p`.`id`
LEFT JOIN `property_flat_types` `pft` ON `pft`.`property_id` = `p`.`id`
WHERE `p`.`status` = 1
ORDER BY `p`.`id` DESC
 LIMIT -10, 10
ERROR - 2020-07-11 17:20:35 --> 404 Page Not Found: 
ERROR - 2020-07-11 17:20:39 --> Severity: Warning --> A non-numeric value encountered F:\FBP.com\application\models\Home_model.php 114
ERROR - 2020-07-11 17:20:39 --> Query error: You have an error in your SQL syntax; check the manual that corresponds to your MariaDB server version for the right syntax to use near '-10, 10' at line 12 - Invalid query: SELECT DISTINCT `p`.*, `c`.`name` as `city_name`, `ps`.`name` as `property_status`, `pt`.`name` as `prop_type`, `b`.`name` as `builder`, `l`.`name` as `location`
FROM `properties` `p`
LEFT JOIN `cities` `c` ON `p`.`city_id` = `c`.`id`
LEFT JOIN `builders` `b` ON `p`.`builder_id` = `b`.`id`
LEFT JOIN `locations` `l` ON `p`.`location_id` = `l`.`id`
LEFT JOIN `property_types` `pt` ON `p`.`property_type_id` = `pt`.`id`
LEFT JOIN `property_status` `ps` ON `p`.`property_status_id` = `ps`.`id`
LEFT JOIN `property_amenities` `pa` ON `pa`.`property_id` = `p`.`id`
LEFT JOIN `property_flat_types` `pft` ON `pft`.`property_id` = `p`.`id`
WHERE `p`.`status` = 1
ORDER BY `p`.`id` DESC
 LIMIT -10, 10
ERROR - 2020-07-11 17:20:39 --> 404 Page Not Found: 
ERROR - 2020-07-11 17:22:47 --> Severity: error --> Exception: Too few arguments to function Home::locations(), 0 passed in F:\FBP.com\system\core\CodeIgniter.php on line 532 and exactly 1 expected F:\FBP.com\application\controllers\Home.php 66
ERROR - 2020-07-11 17:23:05 --> Severity: Warning --> A non-numeric value encountered F:\FBP.com\application\models\Home_model.php 114
ERROR - 2020-07-11 17:23:05 --> Query error: You have an error in your SQL syntax; check the manual that corresponds to your MariaDB server version for the right syntax to use near '-10, 10' at line 12 - Invalid query: SELECT DISTINCT `p`.*, `c`.`name` as `city_name`, `ps`.`name` as `property_status`, `pt`.`name` as `prop_type`, `b`.`name` as `builder`, `l`.`name` as `location`
FROM `properties` `p`
LEFT JOIN `cities` `c` ON `p`.`city_id` = `c`.`id`
LEFT JOIN `builders` `b` ON `p`.`builder_id` = `b`.`id`
LEFT JOIN `locations` `l` ON `p`.`location_id` = `l`.`id`
LEFT JOIN `property_types` `pt` ON `p`.`property_type_id` = `pt`.`id`
LEFT JOIN `property_status` `ps` ON `p`.`property_status_id` = `ps`.`id`
LEFT JOIN `property_amenities` `pa` ON `pa`.`property_id` = `p`.`id`
LEFT JOIN `property_flat_types` `pft` ON `pft`.`property_id` = `p`.`id`
WHERE `p`.`status` = 1
ORDER BY `p`.`id` DESC
 LIMIT -10, 10
ERROR - 2020-07-11 17:23:06 --> 404 Page Not Found: 
ERROR - 2020-07-11 17:23:52 --> Severity: Warning --> A non-numeric value encountered F:\FBP.com\application\models\Home_model.php 114
ERROR - 2020-07-11 17:23:52 --> Query error: You have an error in your SQL syntax; check the manual that corresponds to your MariaDB server version for the right syntax to use near '-10, 10' at line 12 - Invalid query: SELECT DISTINCT `p`.*, `c`.`name` as `city_name`, `ps`.`name` as `property_status`, `pt`.`name` as `prop_type`, `b`.`name` as `builder`, `l`.`name` as `location`
FROM `properties` `p`
LEFT JOIN `cities` `c` ON `p`.`city_id` = `c`.`id`
LEFT JOIN `builders` `b` ON `p`.`builder_id` = `b`.`id`
LEFT JOIN `locations` `l` ON `p`.`location_id` = `l`.`id`
LEFT JOIN `property_types` `pt` ON `p`.`property_type_id` = `pt`.`id`
LEFT JOIN `property_status` `ps` ON `p`.`property_status_id` = `ps`.`id`
LEFT JOIN `property_amenities` `pa` ON `pa`.`property_id` = `p`.`id`
LEFT JOIN `property_flat_types` `pft` ON `pft`.`property_id` = `p`.`id`
WHERE `p`.`status` = 1
ORDER BY `p`.`id` DESC
 LIMIT -10, 10
ERROR - 2020-07-11 17:25:21 --> Severity: Warning --> A non-numeric value encountered F:\FBP.com\application\models\Home_model.php 114
ERROR - 2020-07-11 17:25:21 --> Query error: You have an error in your SQL syntax; check the manual that corresponds to your MariaDB server version for the right syntax to use near '-10, 10' at line 12 - Invalid query: SELECT DISTINCT `p`.*, `c`.`name` as `city_name`, `ps`.`name` as `property_status`, `pt`.`name` as `prop_type`, `b`.`name` as `builder`, `l`.`name` as `location`
FROM `properties` `p`
LEFT JOIN `cities` `c` ON `p`.`city_id` = `c`.`id`
LEFT JOIN `builders` `b` ON `p`.`builder_id` = `b`.`id`
LEFT JOIN `locations` `l` ON `p`.`location_id` = `l`.`id`
LEFT JOIN `property_types` `pt` ON `p`.`property_type_id` = `pt`.`id`
LEFT JOIN `property_status` `ps` ON `p`.`property_status_id` = `ps`.`id`
LEFT JOIN `property_amenities` `pa` ON `pa`.`property_id` = `p`.`id`
LEFT JOIN `property_flat_types` `pft` ON `pft`.`property_id` = `p`.`id`
WHERE `p`.`status` = 1
ORDER BY `p`.`id` DESC
 LIMIT -10, 10
ERROR - 2020-07-11 17:25:37 --> Severity: error --> Exception: Too few arguments to function Home::locations(), 0 passed in F:\FBP.com\system\core\CodeIgniter.php on line 532 and exactly 1 expected F:\FBP.com\application\controllers\Home.php 66
ERROR - 2020-07-11 17:25:50 --> 404 Page Not Found: 
ERROR - 2020-07-11 17:26:11 --> 404 Page Not Found: 
ERROR - 2020-07-11 17:26:46 --> 404 Page Not Found: 
ERROR - 2020-07-11 17:26:55 --> 404 Page Not Found: 
ERROR - 2020-07-11 13:57:40 --> Severity: Compile Error --> Cannot redeclare Home::locations() F:\FBP.com\application\controllers\Home.php 1122
ERROR - 2020-07-11 13:58:04 --> Severity: Compile Error --> Cannot redeclare Home::locations() F:\FBP.com\application\controllers\Home.php 1122
ERROR - 2020-07-11 17:28:42 --> 404 Page Not Found: 
ERROR - 2020-07-11 17:29:13 --> 404 Page Not Found: 
ERROR - 2020-07-11 17:29:22 --> 404 Page Not Found: 
ERROR - 2020-07-11 17:29:26 --> Severity: error --> Exception: Too few arguments to function Home::locations(), 0 passed in F:\FBP.com\system\core\CodeIgniter.php on line 532 and exactly 1 expected F:\FBP.com\application\controllers\Home.php 66
ERROR - 2020-07-11 17:29:33 --> 404 Page Not Found: 
ERROR - 2020-07-11 17:29:46 --> 404 Page Not Found: 
ERROR - 2020-07-11 17:29:48 --> 404 Page Not Found: 
ERROR - 2020-07-11 17:30:25 --> 404 Page Not Found: 
ERROR - 2020-07-11 17:30:50 --> 404 Page Not Found: 
ERROR - 2020-07-11 17:32:09 --> 404 Page Not Found: 
ERROR - 2020-07-11 17:33:14 --> 404 Page Not Found: 
ERROR - 2020-07-11 17:37:17 --> 404 Page Not Found: 
ERROR - 2020-07-11 17:37:22 --> 404 Page Not Found: 
ERROR - 2020-07-11 17:38:07 --> Severity: error --> Exception: Too few arguments to function Home::locations(), 0 passed in F:\FBP.com\system\core\CodeIgniter.php on line 532 and exactly 1 expected F:\FBP.com\application\controllers\Home.php 66
ERROR - 2020-07-11 17:38:17 --> 404 Page Not Found: 
ERROR - 2020-07-11 17:38:24 --> 404 Page Not Found: 
ERROR - 2020-07-11 17:38:38 --> Severity: error --> Exception: Too few arguments to function Home::get_locations(), 0 passed in F:\FBP.com\system\core\CodeIgniter.php on line 532 and exactly 1 expected F:\FBP.com\application\controllers\Home.php 66
ERROR - 2020-07-11 17:38:40 --> Severity: error --> Exception: Too few arguments to function Home::get_locations(), 0 passed in F:\FBP.com\system\core\CodeIgniter.php on line 532 and exactly 1 expected F:\FBP.com\application\controllers\Home.php 66
ERROR - 2020-07-11 17:38:48 --> 404 Page Not Found: 
ERROR - 2020-07-11 17:39:13 --> 404 Page Not Found: 
ERROR - 2020-07-11 17:39:21 --> Severity: error --> Exception: Too few arguments to function Home::get_locations(), 0 passed in F:\FBP.com\system\core\CodeIgniter.php on line 532 and exactly 1 expected F:\FBP.com\application\controllers\Home.php 66
ERROR - 2020-07-11 17:39:28 --> Severity: error --> Exception: Too few arguments to function Home::get_locations(), 0 passed in F:\FBP.com\system\core\CodeIgniter.php on line 532 and exactly 1 expected F:\FBP.com\application\controllers\Home.php 66
ERROR - 2020-07-11 17:39:46 --> 404 Page Not Found: 
ERROR - 2020-07-11 17:53:13 --> 404 Page Not Found: 
ERROR - 2020-07-11 17:53:53 --> 404 Page Not Found: 
ERROR - 2020-07-11 17:54:07 --> 404 Page Not Found: 
ERROR - 2020-07-11 17:54:34 --> 404 Page Not Found: 
ERROR - 2020-07-11 14:24:34 --> Severity: Warning --> preg_match(): Compilation failed: unmatched closing parenthesis at offset 27 F:\FBP.com\system\core\Router.php 399
ERROR - 2020-07-11 17:55:22 --> 404 Page Not Found: 
ERROR - 2020-07-11 14:25:22 --> Severity: Warning --> preg_match(): Compilation failed: unmatched closing parenthesis at offset 21 F:\FBP.com\system\core\Router.php 399
ERROR - 2020-07-11 17:55:46 --> 404 Page Not Found: 
ERROR - 2020-07-11 17:56:08 --> 404 Page Not Found: 
ERROR - 2020-07-11 18:03:45 --> 404 Page Not Found: 
ERROR - 2020-07-11 18:03:46 --> 404 Page Not Found: 
ERROR - 2020-07-11 18:03:46 --> 404 Page Not Found: 
ERROR - 2020-07-11 18:03:46 --> 404 Page Not Found: 
ERROR - 2020-07-11 18:03:46 --> 404 Page Not Found: 
ERROR - 2020-07-11 18:03:46 --> 404 Page Not Found: 
ERROR - 2020-07-11 18:03:46 --> 404 Page Not Found: 
ERROR - 2020-07-11 18:03:47 --> 404 Page Not Found: 
ERROR - 2020-07-11 18:03:47 --> 404 Page Not Found: 
ERROR - 2020-07-11 18:03:48 --> 404 Page Not Found: 
ERROR - 2020-07-11 18:03:49 --> 404 Page Not Found: 
ERROR - 2020-07-11 18:03:49 --> 404 Page Not Found: 
ERROR - 2020-07-11 18:03:50 --> 404 Page Not Found: 
ERROR - 2020-07-11 18:03:50 --> 404 Page Not Found: 
ERROR - 2020-07-11 18:03:50 --> 404 Page Not Found: 
ERROR - 2020-07-11 18:03:50 --> 404 Page Not Found: 
ERROR - 2020-07-11 18:03:50 --> 404 Page Not Found: 
ERROR - 2020-07-11 18:03:51 --> 404 Page Not Found: 
ERROR - 2020-07-11 18:03:51 --> 404 Page Not Found: 
ERROR - 2020-07-11 18:03:51 --> 404 Page Not Found: 
ERROR - 2020-07-11 18:03:51 --> 404 Page Not Found: 
ERROR - 2020-07-11 18:03:52 --> 404 Page Not Found: 
ERROR - 2020-07-11 18:03:52 --> 404 Page Not Found: 
ERROR - 2020-07-11 18:03:53 --> 404 Page Not Found: 
ERROR - 2020-07-11 18:03:53 --> 404 Page Not Found: 
ERROR - 2020-07-11 18:03:53 --> 404 Page Not Found: 
ERROR - 2020-07-11 18:04:37 --> 404 Page Not Found: 
ERROR - 2020-07-11 18:04:47 --> 404 Page Not Found: 
ERROR - 2020-07-11 18:04:47 --> 404 Page Not Found: 
ERROR - 2020-07-11 18:04:47 --> 404 Page Not Found: 
ERROR - 2020-07-11 18:04:47 --> 404 Page Not Found: 
ERROR - 2020-07-11 18:04:47 --> 404 Page Not Found: 
ERROR - 2020-07-11 18:04:47 --> 404 Page Not Found: 
ERROR - 2020-07-11 18:04:47 --> 404 Page Not Found: 
ERROR - 2020-07-11 18:04:47 --> 404 Page Not Found: 
ERROR - 2020-07-11 18:04:48 --> 404 Page Not Found: 
ERROR - 2020-07-11 18:04:49 --> 404 Page Not Found: 
ERROR - 2020-07-11 18:04:49 --> 404 Page Not Found: 
ERROR - 2020-07-11 18:04:50 --> 404 Page Not Found: 
ERROR - 2020-07-11 18:04:50 --> 404 Page Not Found: 
ERROR - 2020-07-11 18:04:50 --> 404 Page Not Found: 
ERROR - 2020-07-11 18:04:50 --> 404 Page Not Found: 
ERROR - 2020-07-11 18:04:51 --> 404 Page Not Found: 
ERROR - 2020-07-11 18:04:51 --> 404 Page Not Found: 
ERROR - 2020-07-11 18:04:51 --> 404 Page Not Found: 
ERROR - 2020-07-11 18:04:51 --> 404 Page Not Found: 
ERROR - 2020-07-11 18:04:51 --> 404 Page Not Found: 
ERROR - 2020-07-11 18:04:52 --> 404 Page Not Found: 
ERROR - 2020-07-11 18:04:52 --> 404 Page Not Found: 
ERROR - 2020-07-11 18:04:52 --> 404 Page Not Found: 
ERROR - 2020-07-11 18:04:52 --> 404 Page Not Found: 
ERROR - 2020-07-11 18:04:52 --> 404 Page Not Found: 
ERROR - 2020-07-11 18:04:52 --> 404 Page Not Found: 
