ERROR - 2019-03-06 01:45:03 --> 404 Page Not Found: 
ERROR - 2019-03-06 01:50:17 --> 404 Page Not Found: 
ERROR - 2019-03-06 03:26:04 --> 404 Page Not Found: 
ERROR - 2019-03-06 07:33:00 --> 404 Page Not Found: 
ERROR - 2019-03-06 09:22:51 --> 404 Page Not Found: 
ERROR - 2019-03-06 10:56:16 --> 404 Page Not Found: 
ERROR - 2019-03-06 11:28:06 --> Severity: Warning --> Division by zero /home/fullbasketproper/public_html/application/core/Public_Controller.php 47
ERROR - 2019-03-06 11:28:13 --> Severity: Warning --> Division by zero /home/fullbasketproper/public_html/application/core/Public_Controller.php 47
ERROR - 2019-03-06 11:28:16 --> 404 Page Not Found: 
ERROR - 2019-03-06 11:28:17 --> 404 Page Not Found: 
ERROR - 2019-03-06 11:28:52 --> 404 Page Not Found: 
ERROR - 2019-03-06 11:28:53 --> 404 Page Not Found: 
ERROR - 2019-03-06 11:29:23 --> 404 Page Not Found: 
ERROR - 2019-03-06 11:29:24 --> 404 Page Not Found: 
ERROR - 2019-03-06 11:29:25 --> 404 Page Not Found: 
ERROR - 2019-03-06 11:29:26 --> 404 Page Not Found: 
ERROR - 2019-03-06 11:31:15 --> 404 Page Not Found: 
ERROR - 2019-03-06 11:31:16 --> 404 Page Not Found: 
ERROR - 2019-03-06 11:31:37 --> 404 Page Not Found: 
ERROR - 2019-03-06 11:31:38 --> 404 Page Not Found: 
ERROR - 2019-03-06 11:32:02 --> 404 Page Not Found: 
ERROR - 2019-03-06 11:32:03 --> 404 Page Not Found: 
ERROR - 2019-03-06 11:32:48 --> 404 Page Not Found: 
ERROR - 2019-03-06 11:32:48 --> 404 Page Not Found: 
ERROR - 2019-03-06 11:33:09 --> 404 Page Not Found: 
ERROR - 2019-03-06 11:33:10 --> 404 Page Not Found: 
ERROR - 2019-03-06 11:33:24 --> Query error: You have an error in your SQL syntax; check the manual that corresponds to your MySQL server version for the right syntax to use near '-10, 10' at line 11 - Invalid query: SELECT DISTINCT `p`.*, `c`.`name` as `city_name`, `ps`.`name` as `property_status`, `pt`.`name` as `prop_type`, `b`.`name` as `builder`, `l`.`name` as `location`
FROM `properties` `p`
LEFT JOIN `cities` `c` ON `p`.`city_id` = `c`.`id`
LEFT JOIN `builders` `b` ON `p`.`builder_id` = `b`.`id`
LEFT JOIN `locations` `l` ON `p`.`location_id` = `l`.`id`
LEFT JOIN `property_types` `pt` ON `p`.`property_type_id` = `pt`.`id`
LEFT JOIN `property_status` `ps` ON `p`.`property_status_id` = `ps`.`id`
LEFT JOIN `property_amenities` `pa` ON `pa`.`property_id` = `p`.`id`
WHERE `p`.`status` = 1
ORDER BY `p`.`id` DESC
 LIMIT -10, 10
ERROR - 2019-03-06 11:33:27 --> Query error: You have an error in your SQL syntax; check the manual that corresponds to your MySQL server version for the right syntax to use near '-10, 10' at line 11 - Invalid query: SELECT DISTINCT `p`.*, `c`.`name` as `city_name`, `ps`.`name` as `property_status`, `pt`.`name` as `prop_type`, `b`.`name` as `builder`, `l`.`name` as `location`
FROM `properties` `p`
LEFT JOIN `cities` `c` ON `p`.`city_id` = `c`.`id`
LEFT JOIN `builders` `b` ON `p`.`builder_id` = `b`.`id`
LEFT JOIN `locations` `l` ON `p`.`location_id` = `l`.`id`
LEFT JOIN `property_types` `pt` ON `p`.`property_type_id` = `pt`.`id`
LEFT JOIN `property_status` `ps` ON `p`.`property_status_id` = `ps`.`id`
LEFT JOIN `property_amenities` `pa` ON `pa`.`property_id` = `p`.`id`
WHERE `p`.`status` = 1
ORDER BY `p`.`id` DESC
 LIMIT -10, 10
ERROR - 2019-03-06 11:34:10 --> 404 Page Not Found: 
ERROR - 2019-03-06 11:34:11 --> 404 Page Not Found: 
ERROR - 2019-03-06 11:35:42 --> 404 Page Not Found: 
ERROR - 2019-03-06 11:35:43 --> 404 Page Not Found: 
ERROR - 2019-03-06 11:36:00 --> 404 Page Not Found: 
ERROR - 2019-03-06 11:36:01 --> 404 Page Not Found: 
ERROR - 2019-03-06 11:36:04 --> 404 Page Not Found: 
ERROR - 2019-03-06 11:36:05 --> 404 Page Not Found: 
ERROR - 2019-03-06 11:36:31 --> 404 Page Not Found: 
ERROR - 2019-03-06 11:36:31 --> 404 Page Not Found: 
ERROR - 2019-03-06 11:36:31 --> 404 Page Not Found: 
ERROR - 2019-03-06 11:36:31 --> 404 Page Not Found: 
ERROR - 2019-03-06 11:36:31 --> 404 Page Not Found: 
ERROR - 2019-03-06 11:36:31 --> 404 Page Not Found: 
ERROR - 2019-03-06 11:36:32 --> 404 Page Not Found: 
ERROR - 2019-03-06 11:36:32 --> 404 Page Not Found: 
ERROR - 2019-03-06 11:36:32 --> 404 Page Not Found: 
ERROR - 2019-03-06 11:36:32 --> 404 Page Not Found: 
ERROR - 2019-03-06 11:36:32 --> 404 Page Not Found: 
ERROR - 2019-03-06 11:36:32 --> 404 Page Not Found: 
ERROR - 2019-03-06 11:36:32 --> 404 Page Not Found: 
ERROR - 2019-03-06 11:36:32 --> 404 Page Not Found: 
ERROR - 2019-03-06 11:36:33 --> 404 Page Not Found: 
ERROR - 2019-03-06 11:36:33 --> 404 Page Not Found: 
ERROR - 2019-03-06 11:36:33 --> 404 Page Not Found: 
ERROR - 2019-03-06 11:36:33 --> 404 Page Not Found: 
ERROR - 2019-03-06 11:36:33 --> 404 Page Not Found: 
ERROR - 2019-03-06 11:36:33 --> 404 Page Not Found: 
ERROR - 2019-03-06 11:36:33 --> Query error: You have an error in your SQL syntax; check the manual that corresponds to your MySQL server version for the right syntax to use near '-10, 10' at line 11 - Invalid query: SELECT DISTINCT `p`.*, `c`.`name` as `city_name`, `ps`.`name` as `property_status`, `pt`.`name` as `prop_type`, `b`.`name` as `builder`, `l`.`name` as `location`
FROM `properties` `p`
LEFT JOIN `cities` `c` ON `p`.`city_id` = `c`.`id`
LEFT JOIN `builders` `b` ON `p`.`builder_id` = `b`.`id`
LEFT JOIN `locations` `l` ON `p`.`location_id` = `l`.`id`
LEFT JOIN `property_types` `pt` ON `p`.`property_type_id` = `pt`.`id`
LEFT JOIN `property_status` `ps` ON `p`.`property_status_id` = `ps`.`id`
LEFT JOIN `property_amenities` `pa` ON `pa`.`property_id` = `p`.`id`
WHERE `p`.`status` = 1
ORDER BY `p`.`id` DESC
 LIMIT -10, 10
ERROR - 2019-03-06 11:36:33 --> 404 Page Not Found: 
ERROR - 2019-03-06 11:36:34 --> Query error: You have an error in your SQL syntax; check the manual that corresponds to your MySQL server version for the right syntax to use near '-10, 10' at line 11 - Invalid query: SELECT DISTINCT `p`.*, `c`.`name` as `city_name`, `ps`.`name` as `property_status`, `pt`.`name` as `prop_type`, `b`.`name` as `builder`, `l`.`name` as `location`
FROM `properties` `p`
LEFT JOIN `cities` `c` ON `p`.`city_id` = `c`.`id`
LEFT JOIN `builders` `b` ON `p`.`builder_id` = `b`.`id`
LEFT JOIN `locations` `l` ON `p`.`location_id` = `l`.`id`
LEFT JOIN `property_types` `pt` ON `p`.`property_type_id` = `pt`.`id`
LEFT JOIN `property_status` `ps` ON `p`.`property_status_id` = `ps`.`id`
LEFT JOIN `property_amenities` `pa` ON `pa`.`property_id` = `p`.`id`
WHERE `p`.`status` = 1
ORDER BY `p`.`id` DESC
 LIMIT -10, 10
ERROR - 2019-03-06 11:36:34 --> 404 Page Not Found: 
ERROR - 2019-03-06 11:36:34 --> 404 Page Not Found: 
ERROR - 2019-03-06 11:36:34 --> 404 Page Not Found: 
ERROR - 2019-03-06 11:36:35 --> 404 Page Not Found: 
ERROR - 2019-03-06 11:36:35 --> 404 Page Not Found: 
ERROR - 2019-03-06 11:36:35 --> 404 Page Not Found: 
ERROR - 2019-03-06 11:36:35 --> 404 Page Not Found: 
ERROR - 2019-03-06 11:36:35 --> 404 Page Not Found: 
ERROR - 2019-03-06 11:36:35 --> 404 Page Not Found: 
ERROR - 2019-03-06 11:36:36 --> 404 Page Not Found: 
ERROR - 2019-03-06 11:36:36 --> 404 Page Not Found: 
ERROR - 2019-03-06 11:36:36 --> 404 Page Not Found: 
ERROR - 2019-03-06 11:36:36 --> 404 Page Not Found: 
ERROR - 2019-03-06 11:36:36 --> 404 Page Not Found: 
ERROR - 2019-03-06 11:36:36 --> 404 Page Not Found: 
ERROR - 2019-03-06 11:36:36 --> 404 Page Not Found: 
ERROR - 2019-03-06 11:36:36 --> 404 Page Not Found: 
ERROR - 2019-03-06 11:36:37 --> 404 Page Not Found: 
ERROR - 2019-03-06 11:36:37 --> 404 Page Not Found: 
ERROR - 2019-03-06 11:36:37 --> 404 Page Not Found: 
ERROR - 2019-03-06 11:36:37 --> 404 Page Not Found: 
ERROR - 2019-03-06 11:36:37 --> 404 Page Not Found: 
ERROR - 2019-03-06 11:36:37 --> 404 Page Not Found: 
ERROR - 2019-03-06 11:36:37 --> 404 Page Not Found: 
ERROR - 2019-03-06 11:36:38 --> 404 Page Not Found: 
ERROR - 2019-03-06 11:36:38 --> 404 Page Not Found: 
ERROR - 2019-03-06 11:36:38 --> 404 Page Not Found: 
ERROR - 2019-03-06 11:36:38 --> Query error: You have an error in your SQL syntax; check the manual that corresponds to your MySQL server version for the right syntax to use near '-10, 10' at line 11 - Invalid query: SELECT DISTINCT `p`.*, `c`.`name` as `city_name`, `ps`.`name` as `property_status`, `pt`.`name` as `prop_type`, `b`.`name` as `builder`, `l`.`name` as `location`
FROM `properties` `p`
LEFT JOIN `cities` `c` ON `p`.`city_id` = `c`.`id`
LEFT JOIN `builders` `b` ON `p`.`builder_id` = `b`.`id`
LEFT JOIN `locations` `l` ON `p`.`location_id` = `l`.`id`
LEFT JOIN `property_types` `pt` ON `p`.`property_type_id` = `pt`.`id`
LEFT JOIN `property_status` `ps` ON `p`.`property_status_id` = `ps`.`id`
LEFT JOIN `property_amenities` `pa` ON `pa`.`property_id` = `p`.`id`
WHERE `p`.`status` = 1
ORDER BY `p`.`id` DESC
 LIMIT -10, 10
ERROR - 2019-03-06 11:36:39 --> Query error: You have an error in your SQL syntax; check the manual that corresponds to your MySQL server version for the right syntax to use near '-10, 10' at line 11 - Invalid query: SELECT DISTINCT `p`.*, `c`.`name` as `city_name`, `ps`.`name` as `property_status`, `pt`.`name` as `prop_type`, `b`.`name` as `builder`, `l`.`name` as `location`
FROM `properties` `p`
LEFT JOIN `cities` `c` ON `p`.`city_id` = `c`.`id`
LEFT JOIN `builders` `b` ON `p`.`builder_id` = `b`.`id`
LEFT JOIN `locations` `l` ON `p`.`location_id` = `l`.`id`
LEFT JOIN `property_types` `pt` ON `p`.`property_type_id` = `pt`.`id`
LEFT JOIN `property_status` `ps` ON `p`.`property_status_id` = `ps`.`id`
LEFT JOIN `property_amenities` `pa` ON `pa`.`property_id` = `p`.`id`
WHERE `p`.`status` = 1
ORDER BY `p`.`id` DESC
 LIMIT -10, 10
ERROR - 2019-03-06 11:36:42 --> 404 Page Not Found: 
ERROR - 2019-03-06 11:36:42 --> 404 Page Not Found: 
ERROR - 2019-03-06 11:36:43 --> 404 Page Not Found: 
ERROR - 2019-03-06 11:55:57 --> Severity: Warning --> Division by zero /home/fullbasketproper/public_html/application/core/Public_Controller.php 47
ERROR - 2019-03-06 12:38:10 --> 404 Page Not Found: 
ERROR - 2019-03-06 12:55:49 --> Severity: Warning --> Division by zero /home/fullbasketproper/public_html/application/core/Public_Controller.php 47
ERROR - 2019-03-06 12:56:07 --> Severity: Warning --> Division by zero /home/fullbasketproper/public_html/application/core/Public_Controller.php 47
ERROR - 2019-03-06 14:19:42 --> 404 Page Not Found: 
ERROR - 2019-03-06 14:33:20 --> 404 Page Not Found: 
ERROR - 2019-03-06 15:01:40 --> 404 Page Not Found: 
ERROR - 2019-03-06 15:03:45 --> 404 Page Not Found: 
ERROR - 2019-03-06 15:05:09 --> 404 Page Not Found: 
ERROR - 2019-03-06 15:09:21 --> 404 Page Not Found: 
ERROR - 2019-03-06 15:11:54 --> 404 Page Not Found: 
ERROR - 2019-03-06 15:11:55 --> 404 Page Not Found: 
ERROR - 2019-03-06 15:11:56 --> 404 Page Not Found: 
ERROR - 2019-03-06 15:11:56 --> 404 Page Not Found: 
ERROR - 2019-03-06 16:14:14 --> 404 Page Not Found: 
ERROR - 2019-03-06 17:28:08 --> 404 Page Not Found: 
ERROR - 2019-03-06 19:31:06 --> 404 Page Not Found: 
ERROR - 2019-03-06 19:45:16 --> 404 Page Not Found: 
