ERROR - 2019-09-30 10:20:59 --> 404 Page Not Found: 
ERROR - 2019-09-30 08:05:44 --> Severity: Error --> Maximum execution time of 30 seconds exceeded F:\FBP.com\system\database\drivers\mysqli\mysqli_driver.php 305
ERROR - 2019-09-30 08:05:44 --> Severity: Warning --> Unknown: Cannot call session save handler in a recursive manner Unknown 0
ERROR - 2019-09-30 08:05:44 --> Severity: Warning --> Unknown: Failed to write session data using user defined save handler. (session.save_path: C:\xampp\tmp) Unknown 0
ERROR - 2019-09-30 08:07:14 --> Severity: Error --> Maximum execution time of 30 seconds exceeded F:\FBP.com\system\database\drivers\mysqli\mysqli_driver.php 305
ERROR - 2019-09-30 08:07:14 --> Severity: Warning --> Unknown: Cannot call session save handler in a recursive manner Unknown 0
ERROR - 2019-09-30 08:07:14 --> Severity: Warning --> Unknown: Failed to write session data using user defined save handler. (session.save_path: C:\xampp\tmp) Unknown 0
ERROR - 2019-09-30 11:55:05 --> Severity: Warning --> Cannot use a scalar value as an array F:\FBP.com\application\controllers\admin\Properties.php 185
ERROR - 2019-09-30 11:55:05 --> Severity: Warning --> Cannot use a scalar value as an array F:\FBP.com\application\controllers\admin\Properties.php 185
ERROR - 2019-09-30 12:29:02 --> Severity: Warning --> Illegal offset type in unset F:\FBP.com\system\libraries\Session\Session.php 818
ERROR - 2019-09-30 12:29:02 --> Severity: Warning --> Illegal offset type in unset F:\FBP.com\system\libraries\Session\Session.php 818
ERROR - 2019-09-30 12:29:02 --> Severity: Warning --> Illegal offset type in unset F:\FBP.com\system\libraries\Session\Session.php 818
ERROR - 2019-09-30 12:29:02 --> Severity: Warning --> Illegal offset type in unset F:\FBP.com\system\libraries\Session\Session.php 818
ERROR - 2019-09-30 12:29:02 --> Severity: Warning --> Illegal offset type in unset F:\FBP.com\system\libraries\Session\Session.php 818
ERROR - 2019-09-30 12:29:02 --> Severity: Warning --> Illegal offset type in unset F:\FBP.com\system\libraries\Session\Session.php 818
ERROR - 2019-09-30 12:29:02 --> Severity: Warning --> Illegal offset type in unset F:\FBP.com\system\libraries\Session\Session.php 818
ERROR - 2019-09-30 12:29:02 --> Severity: Warning --> Illegal offset type in unset F:\FBP.com\system\libraries\Session\Session.php 818
ERROR - 2019-09-30 12:29:02 --> Severity: Warning --> Illegal offset type in unset F:\FBP.com\system\libraries\Session\Session.php 818
ERROR - 2019-09-30 12:29:02 --> Severity: Warning --> Illegal offset type in unset F:\FBP.com\system\libraries\Session\Session.php 818
ERROR - 2019-09-30 12:29:02 --> Severity: Warning --> Illegal offset type in unset F:\FBP.com\system\libraries\Session\Session.php 818
ERROR - 2019-09-30 12:29:02 --> Severity: Warning --> Illegal offset type in unset F:\FBP.com\system\libraries\Session\Session.php 818
ERROR - 2019-09-30 12:29:02 --> Severity: Warning --> Illegal offset type in unset F:\FBP.com\system\libraries\Session\Session.php 818
ERROR - 2019-09-30 12:29:02 --> Severity: Warning --> Illegal offset type in unset F:\FBP.com\system\libraries\Session\Session.php 818
ERROR - 2019-09-30 12:29:02 --> Severity: Warning --> Illegal offset type in unset F:\FBP.com\system\libraries\Session\Session.php 818
ERROR - 2019-09-30 12:29:02 --> Severity: Warning --> Illegal offset type in unset F:\FBP.com\system\libraries\Session\Session.php 818
ERROR - 2019-09-30 12:29:02 --> Severity: Warning --> Illegal offset type in unset F:\FBP.com\system\libraries\Session\Session.php 818
ERROR - 2019-09-30 12:29:02 --> Severity: Warning --> Illegal offset type in unset F:\FBP.com\system\libraries\Session\Session.php 818
ERROR - 2019-09-30 12:29:02 --> Severity: Warning --> Illegal offset type in unset F:\FBP.com\system\libraries\Session\Session.php 818
ERROR - 2019-09-30 12:29:02 --> Severity: Warning --> Illegal offset type in unset F:\FBP.com\system\libraries\Session\Session.php 818
ERROR - 2019-09-30 12:29:02 --> Severity: Warning --> Illegal offset type in unset F:\FBP.com\system\libraries\Session\Session.php 818
ERROR - 2019-09-30 12:29:02 --> Severity: Warning --> Illegal offset type in unset F:\FBP.com\system\libraries\Session\Session.php 818
ERROR - 2019-09-30 12:29:02 --> Severity: Warning --> Illegal offset type in unset F:\FBP.com\system\libraries\Session\Session.php 818
ERROR - 2019-09-30 12:29:02 --> Severity: Warning --> Illegal offset type in unset F:\FBP.com\system\libraries\Session\Session.php 818
ERROR - 2019-09-30 12:29:02 --> Severity: Warning --> Illegal offset type in unset F:\FBP.com\system\libraries\Session\Session.php 818
ERROR - 2019-09-30 12:29:02 --> Severity: Warning --> Illegal offset type in unset F:\FBP.com\system\libraries\Session\Session.php 818
ERROR - 2019-09-30 12:29:02 --> Severity: Warning --> Illegal offset type in unset F:\FBP.com\system\libraries\Session\Session.php 818
ERROR - 2019-09-30 12:29:02 --> Severity: Warning --> Illegal offset type in unset F:\FBP.com\system\libraries\Session\Session.php 818
ERROR - 2019-09-30 12:29:02 --> Severity: Warning --> Illegal offset type in unset F:\FBP.com\system\libraries\Session\Session.php 818
ERROR - 2019-09-30 12:29:02 --> Severity: Warning --> Illegal offset type in unset F:\FBP.com\system\libraries\Session\Session.php 818
ERROR - 2019-09-30 12:29:02 --> Severity: Warning --> Illegal offset type in unset F:\FBP.com\system\libraries\Session\Session.php 818
ERROR - 2019-09-30 12:29:02 --> Severity: Warning --> Illegal offset type in unset F:\FBP.com\system\libraries\Session\Session.php 818
ERROR - 2019-09-30 12:29:02 --> Severity: Warning --> Illegal offset type in unset F:\FBP.com\system\libraries\Session\Session.php 818
ERROR - 2019-09-30 12:29:02 --> Severity: Warning --> Illegal offset type in unset F:\FBP.com\system\libraries\Session\Session.php 818
ERROR - 2019-09-30 12:29:10 --> Severity: Warning --> Illegal offset type in unset F:\FBP.com\system\libraries\Session\Session.php 818
ERROR - 2019-09-30 12:29:10 --> Severity: Warning --> Illegal offset type in unset F:\FBP.com\system\libraries\Session\Session.php 818
ERROR - 2019-09-30 12:29:10 --> Severity: Warning --> Illegal offset type in unset F:\FBP.com\system\libraries\Session\Session.php 818
ERROR - 2019-09-30 12:29:10 --> Severity: Warning --> Illegal offset type in unset F:\FBP.com\system\libraries\Session\Session.php 818
ERROR - 2019-09-30 12:29:10 --> Severity: Warning --> Illegal offset type in unset F:\FBP.com\system\libraries\Session\Session.php 818
ERROR - 2019-09-30 12:29:10 --> Severity: Warning --> Illegal offset type in unset F:\FBP.com\system\libraries\Session\Session.php 818
ERROR - 2019-09-30 12:29:10 --> Severity: Warning --> Illegal offset type in unset F:\FBP.com\system\libraries\Session\Session.php 818
ERROR - 2019-09-30 12:29:10 --> Severity: Warning --> Illegal offset type in unset F:\FBP.com\system\libraries\Session\Session.php 818
ERROR - 2019-09-30 12:29:10 --> Severity: Warning --> Illegal offset type in unset F:\FBP.com\system\libraries\Session\Session.php 818
ERROR - 2019-09-30 12:29:10 --> Severity: Warning --> Illegal offset type in unset F:\FBP.com\system\libraries\Session\Session.php 818
ERROR - 2019-09-30 12:29:10 --> Severity: Warning --> Illegal offset type in unset F:\FBP.com\system\libraries\Session\Session.php 818
ERROR - 2019-09-30 12:29:10 --> Severity: Warning --> Illegal offset type in unset F:\FBP.com\system\libraries\Session\Session.php 818
ERROR - 2019-09-30 12:29:10 --> Severity: Warning --> Illegal offset type in unset F:\FBP.com\system\libraries\Session\Session.php 818
ERROR - 2019-09-30 12:29:10 --> Severity: Warning --> Illegal offset type in unset F:\FBP.com\system\libraries\Session\Session.php 818
ERROR - 2019-09-30 12:29:10 --> Severity: Warning --> Illegal offset type in unset F:\FBP.com\system\libraries\Session\Session.php 818
ERROR - 2019-09-30 12:29:10 --> Severity: Warning --> Illegal offset type in unset F:\FBP.com\system\libraries\Session\Session.php 818
ERROR - 2019-09-30 12:29:10 --> Severity: Warning --> Illegal offset type in unset F:\FBP.com\system\libraries\Session\Session.php 818
ERROR - 2019-09-30 12:29:10 --> Severity: Warning --> Illegal offset type in unset F:\FBP.com\system\libraries\Session\Session.php 818
ERROR - 2019-09-30 12:29:10 --> Severity: Warning --> Illegal offset type in unset F:\FBP.com\system\libraries\Session\Session.php 818
ERROR - 2019-09-30 12:29:10 --> Severity: Warning --> Illegal offset type in unset F:\FBP.com\system\libraries\Session\Session.php 818
ERROR - 2019-09-30 12:29:10 --> Severity: Warning --> Illegal offset type in unset F:\FBP.com\system\libraries\Session\Session.php 818
ERROR - 2019-09-30 12:29:10 --> Severity: Warning --> Illegal offset type in unset F:\FBP.com\system\libraries\Session\Session.php 818
ERROR - 2019-09-30 12:29:10 --> Severity: Warning --> Illegal offset type in unset F:\FBP.com\system\libraries\Session\Session.php 818
ERROR - 2019-09-30 12:29:10 --> Severity: Warning --> Illegal offset type in unset F:\FBP.com\system\libraries\Session\Session.php 818
ERROR - 2019-09-30 12:29:10 --> Severity: Warning --> Illegal offset type in unset F:\FBP.com\system\libraries\Session\Session.php 818
ERROR - 2019-09-30 12:29:10 --> Severity: Warning --> Illegal offset type in unset F:\FBP.com\system\libraries\Session\Session.php 818
ERROR - 2019-09-30 12:29:10 --> Severity: Warning --> Illegal offset type in unset F:\FBP.com\system\libraries\Session\Session.php 818
ERROR - 2019-09-30 12:29:10 --> Severity: Warning --> Illegal offset type in unset F:\FBP.com\system\libraries\Session\Session.php 818
ERROR - 2019-09-30 12:29:10 --> Severity: Warning --> Illegal offset type in unset F:\FBP.com\system\libraries\Session\Session.php 818
ERROR - 2019-09-30 12:29:10 --> Severity: Warning --> Illegal offset type in unset F:\FBP.com\system\libraries\Session\Session.php 818
ERROR - 2019-09-30 12:29:10 --> Severity: Warning --> Illegal offset type in unset F:\FBP.com\system\libraries\Session\Session.php 818
ERROR - 2019-09-30 12:29:10 --> Severity: Warning --> Illegal offset type in unset F:\FBP.com\system\libraries\Session\Session.php 818
ERROR - 2019-09-30 12:29:10 --> Severity: Warning --> Illegal offset type in unset F:\FBP.com\system\libraries\Session\Session.php 818
ERROR - 2019-09-30 12:29:10 --> Severity: Warning --> Illegal offset type in unset F:\FBP.com\system\libraries\Session\Session.php 818
ERROR - 2019-09-30 12:29:15 --> Severity: Warning --> Illegal offset type in unset F:\FBP.com\system\libraries\Session\Session.php 818
ERROR - 2019-09-30 12:29:15 --> Severity: Warning --> Illegal offset type in unset F:\FBP.com\system\libraries\Session\Session.php 818
ERROR - 2019-09-30 12:29:15 --> Severity: Warning --> Illegal offset type in unset F:\FBP.com\system\libraries\Session\Session.php 818
ERROR - 2019-09-30 12:29:15 --> Severity: Warning --> Illegal offset type in unset F:\FBP.com\system\libraries\Session\Session.php 818
ERROR - 2019-09-30 12:29:15 --> Severity: Warning --> Illegal offset type in unset F:\FBP.com\system\libraries\Session\Session.php 818
ERROR - 2019-09-30 12:29:15 --> Severity: Warning --> Illegal offset type in unset F:\FBP.com\system\libraries\Session\Session.php 818
ERROR - 2019-09-30 12:29:15 --> Severity: Warning --> Illegal offset type in unset F:\FBP.com\system\libraries\Session\Session.php 818
ERROR - 2019-09-30 12:29:15 --> Severity: Warning --> Illegal offset type in unset F:\FBP.com\system\libraries\Session\Session.php 818
ERROR - 2019-09-30 12:29:15 --> Severity: Warning --> Illegal offset type in unset F:\FBP.com\system\libraries\Session\Session.php 818
ERROR - 2019-09-30 12:29:15 --> Severity: Warning --> Illegal offset type in unset F:\FBP.com\system\libraries\Session\Session.php 818
ERROR - 2019-09-30 12:29:15 --> Severity: Warning --> Illegal offset type in unset F:\FBP.com\system\libraries\Session\Session.php 818
ERROR - 2019-09-30 12:29:15 --> Severity: Warning --> Illegal offset type in unset F:\FBP.com\system\libraries\Session\Session.php 818
ERROR - 2019-09-30 12:29:15 --> Severity: Warning --> Illegal offset type in unset F:\FBP.com\system\libraries\Session\Session.php 818
ERROR - 2019-09-30 12:29:15 --> Severity: Warning --> Illegal offset type in unset F:\FBP.com\system\libraries\Session\Session.php 818
ERROR - 2019-09-30 12:29:15 --> Severity: Warning --> Illegal offset type in unset F:\FBP.com\system\libraries\Session\Session.php 818
ERROR - 2019-09-30 12:29:15 --> Severity: Warning --> Illegal offset type in unset F:\FBP.com\system\libraries\Session\Session.php 818
ERROR - 2019-09-30 12:29:15 --> Severity: Warning --> Illegal offset type in unset F:\FBP.com\system\libraries\Session\Session.php 818
ERROR - 2019-09-30 12:29:15 --> Severity: Warning --> Illegal offset type in unset F:\FBP.com\system\libraries\Session\Session.php 818
ERROR - 2019-09-30 12:29:15 --> Severity: Warning --> Illegal offset type in unset F:\FBP.com\system\libraries\Session\Session.php 818
ERROR - 2019-09-30 12:29:15 --> Severity: Warning --> Illegal offset type in unset F:\FBP.com\system\libraries\Session\Session.php 818
ERROR - 2019-09-30 12:29:15 --> Severity: Warning --> Illegal offset type in unset F:\FBP.com\system\libraries\Session\Session.php 818
ERROR - 2019-09-30 12:29:15 --> Severity: Warning --> Illegal offset type in unset F:\FBP.com\system\libraries\Session\Session.php 818
ERROR - 2019-09-30 12:29:15 --> Severity: Warning --> Illegal offset type in unset F:\FBP.com\system\libraries\Session\Session.php 818
ERROR - 2019-09-30 12:29:15 --> Severity: Warning --> Illegal offset type in unset F:\FBP.com\system\libraries\Session\Session.php 818
ERROR - 2019-09-30 12:29:15 --> Severity: Warning --> Illegal offset type in unset F:\FBP.com\system\libraries\Session\Session.php 818
ERROR - 2019-09-30 12:29:15 --> Severity: Warning --> Illegal offset type in unset F:\FBP.com\system\libraries\Session\Session.php 818
ERROR - 2019-09-30 12:29:15 --> Severity: Warning --> Illegal offset type in unset F:\FBP.com\system\libraries\Session\Session.php 818
ERROR - 2019-09-30 12:29:15 --> Severity: Warning --> Illegal offset type in unset F:\FBP.com\system\libraries\Session\Session.php 818
ERROR - 2019-09-30 12:29:15 --> Severity: Warning --> Illegal offset type in unset F:\FBP.com\system\libraries\Session\Session.php 818
ERROR - 2019-09-30 12:29:15 --> Severity: Warning --> Illegal offset type in unset F:\FBP.com\system\libraries\Session\Session.php 818
ERROR - 2019-09-30 12:29:15 --> Severity: Warning --> Illegal offset type in unset F:\FBP.com\system\libraries\Session\Session.php 818
ERROR - 2019-09-30 12:29:15 --> Severity: Warning --> Illegal offset type in unset F:\FBP.com\system\libraries\Session\Session.php 818
ERROR - 2019-09-30 12:29:15 --> Severity: Warning --> Illegal offset type in unset F:\FBP.com\system\libraries\Session\Session.php 818
ERROR - 2019-09-30 12:29:15 --> Severity: Warning --> Illegal offset type in unset F:\FBP.com\system\libraries\Session\Session.php 818
ERROR - 2019-09-30 10:13:23 --> Severity: error --> Exception: syntax error, unexpected '2' (T_LNUMBER), expecting variable (T_VARIABLE) or '{' or '$' F:\FBP.com\application\controllers\admin\Properties.php 188
ERROR - 2019-09-30 13:52:44 --> Severity: Warning --> A non-numeric value encountered F:\FBP.com\application\controllers\admin\Properties.php 187
ERROR - 2019-09-30 13:52:44 --> Severity: Warning --> A non-numeric value encountered F:\FBP.com\application\controllers\admin\Properties.php 187
ERROR - 2019-09-30 14:18:55 --> 404 Page Not Found: 
ERROR - 2019-09-30 14:23:59 --> 404 Page Not Found: 
ERROR - 2019-09-30 14:24:18 --> 404 Page Not Found: 
