ERROR - 2019-01-22 00:43:02 --> 404 Page Not Found: 
ERROR - 2019-01-22 05:43:04 --> 404 Page Not Found: 
ERROR - 2019-01-22 05:49:24 --> 404 Page Not Found: 
ERROR - 2019-01-22 08:12:41 --> 404 Page Not Found: 
ERROR - 2019-01-22 11:50:04 --> 404 Page Not Found: 
ERROR - 2019-01-22 12:25:07 --> 404 Page Not Found: 
ERROR - 2019-01-22 12:38:23 --> Severity: Warning --> Division by zero /home/nkmtein/public_html/fullbasketproperty.com/application/core/Public_Controller.php 47
ERROR - 2019-01-22 12:39:58 --> 404 Page Not Found: 
ERROR - 2019-01-22 14:48:11 --> Query error: You have an error in your SQL syntax; check the manual that corresponds to your MySQL server version for the right syntax to use near '-10, 10' at line 11 - Invalid query: SELECT DISTINCT `p`.*, `c`.`name` as `city_name`, `ps`.`name` as `property_status`, `pt`.`name` as `prop_type`, `b`.`name` as `builder`, `l`.`name` as `location`
FROM `properties` `p`
LEFT JOIN `cities` `c` ON `p`.`city_id` = `c`.`id`
LEFT JOIN `builders` `b` ON `p`.`builder_id` = `b`.`id`
LEFT JOIN `locations` `l` ON `p`.`location_id` = `l`.`id`
LEFT JOIN `property_types` `pt` ON `p`.`property_type_id` = `pt`.`id`
LEFT JOIN `property_status` `ps` ON `p`.`property_status_id` = `ps`.`id`
LEFT JOIN `property_amenities` `pa` ON `pa`.`property_id` = `p`.`id`
WHERE `p`.`status` = 1
ORDER BY `p`.`id` DESC
 LIMIT -10, 10
ERROR - 2019-01-22 16:32:49 --> 404 Page Not Found: 
ERROR - 2019-01-22 17:04:53 --> 404 Page Not Found: 
ERROR - 2019-01-22 17:08:02 --> 404 Page Not Found: 
ERROR - 2019-01-22 17:29:56 --> Severity: Warning --> Division by zero /home/nkmtein/public_html/fullbasketproperty.com/application/core/Public_Controller.php 47
ERROR - 2019-01-22 18:37:35 --> 404 Page Not Found: 
ERROR - 2019-01-22 20:36:03 --> 404 Page Not Found: 
ERROR - 2019-01-22 20:46:05 --> 404 Page Not Found: 
ERROR - 2019-01-22 20:55:53 --> 404 Page Not Found: 
ERROR - 2019-01-22 22:11:39 --> 404 Page Not Found: 
