ERROR - 2019-10-19 10:49:48 --> 404 Page Not Found: 
ERROR - 2019-10-19 11:31:44 --> 404 Page Not Found: 
ERROR - 2019-10-19 13:59:14 --> 404 Page Not Found: 
ERROR - 2019-10-19 14:52:42 --> Severity: Warning --> rename(uploads/properties/choice-bg.png,uploads/kxjabvkjabvjabh55daad5e16bc18/choice-bg.png): The system cannot find the file specified. (code: 2) F:\FBP.com\application\controllers\admin\Properties.php 1200
ERROR - 2019-10-19 14:52:42 --> Severity: Warning --> rename(uploads/properties/choice-bg2.png,uploads/kxjabvkjabvjabh55daad5e16bc18/choice-bg2.png): The system cannot find the file specified. (code: 2) F:\FBP.com\application\controllers\admin\Properties.php 1211
ERROR - 2019-10-19 14:56:44 --> Severity: error --> Exception: Call to undefined function directory_map() F:\FBP.com\application\views\admin\properties\add.php 3
ERROR - 2019-10-19 15:16:35 --> 404 Page Not Found: 
ERROR - 2019-10-19 15:16:42 --> 404 Page Not Found: 
ERROR - 2019-10-19 15:16:42 --> 404 Page Not Found: 
ERROR - 2019-10-19 15:25:15 --> 404 Page Not Found: 
ERROR - 2019-10-19 15:25:16 --> 404 Page Not Found: 
ERROR - 2019-10-19 15:28:00 --> 404 Page Not Found: 
ERROR - 2019-10-19 15:28:01 --> 404 Page Not Found: 
ERROR - 2019-10-19 15:30:10 --> 404 Page Not Found: 
ERROR - 2019-10-19 15:30:11 --> 404 Page Not Found: 
ERROR - 2019-10-19 15:30:24 --> 404 Page Not Found: 
ERROR - 2019-10-19 15:30:24 --> 404 Page Not Found: 
ERROR - 2019-10-19 15:32:22 --> 404 Page Not Found: 
ERROR - 2019-10-19 15:32:24 --> 404 Page Not Found: 
ERROR - 2019-10-19 15:33:00 --> 404 Page Not Found: 
ERROR - 2019-10-19 15:33:01 --> 404 Page Not Found: 
ERROR - 2019-10-19 15:33:39 --> 404 Page Not Found: 
ERROR - 2019-10-19 15:33:40 --> 404 Page Not Found: 
ERROR - 2019-10-19 15:34:52 --> 404 Page Not Found: 
ERROR - 2019-10-19 15:36:26 --> 404 Page Not Found: 
ERROR - 2019-10-19 15:36:26 --> 404 Page Not Found: 
ERROR - 2019-10-19 15:37:43 --> 404 Page Not Found: 
ERROR - 2019-10-19 15:37:44 --> 404 Page Not Found: 
ERROR - 2019-10-19 17:48:01 --> 404 Page Not Found: 
ERROR - 2019-10-19 17:48:02 --> 404 Page Not Found: 
ERROR - 2019-10-19 17:48:30 --> 404 Page Not Found: 
ERROR - 2019-10-19 17:48:31 --> 404 Page Not Found: 
ERROR - 2019-10-19 17:49:14 --> Severity: error --> Exception: syntax error, unexpected '?>' F:\FBP.com\application\views\new_property_design.php 1299
ERROR - 2019-10-19 17:49:37 --> 404 Page Not Found: 
ERROR - 2019-10-19 17:49:37 --> 404 Page Not Found: 
ERROR - 2019-10-19 17:50:19 --> Severity: error --> Exception: syntax error, unexpected '!=' (T_IS_NOT_EQUAL) F:\FBP.com\application\views\new_property_design.php 1298
ERROR - 2019-10-19 17:50:28 --> Severity: error --> Exception: syntax error, unexpected ')' F:\FBP.com\application\views\new_property_design.php 1298
ERROR - 2019-10-19 17:50:42 --> 404 Page Not Found: 
ERROR - 2019-10-19 17:50:42 --> 404 Page Not Found: 
ERROR - 2019-10-19 17:51:38 --> Severity: error --> Exception: syntax error, unexpected 'else' (T_ELSE) F:\FBP.com\application\views\new_property_design.php 1303
ERROR - 2019-10-19 17:57:01 --> 404 Page Not Found: 
ERROR - 2019-10-19 17:57:02 --> 404 Page Not Found: 
ERROR - 2019-10-19 17:57:14 --> 404 Page Not Found: 
ERROR - 2019-10-19 17:57:17 --> 404 Page Not Found: 
ERROR - 2019-10-19 17:58:10 --> 404 Page Not Found: 
ERROR - 2019-10-19 17:58:10 --> 404 Page Not Found: 
ERROR - 2019-10-19 17:58:37 --> 404 Page Not Found: 
ERROR - 2019-10-19 17:58:38 --> 404 Page Not Found: 
ERROR - 2019-10-19 17:58:56 --> 404 Page Not Found: 
ERROR - 2019-10-19 17:58:57 --> 404 Page Not Found: 
ERROR - 2019-10-19 17:59:39 --> 404 Page Not Found: 
ERROR - 2019-10-19 17:59:40 --> 404 Page Not Found: 
ERROR - 2019-10-19 18:00:33 --> 404 Page Not Found: 
ERROR - 2019-10-19 18:00:33 --> 404 Page Not Found: 
ERROR - 2019-10-19 18:00:33 --> 404 Page Not Found: 
ERROR - 2019-10-19 18:00:33 --> 404 Page Not Found: 
ERROR - 2019-10-19 18:00:33 --> 404 Page Not Found: 
ERROR - 2019-10-19 18:00:34 --> 404 Page Not Found: 
ERROR - 2019-10-19 18:00:34 --> 404 Page Not Found: 
ERROR - 2019-10-19 18:00:34 --> 404 Page Not Found: 
ERROR - 2019-10-19 18:12:23 --> 404 Page Not Found: 
