ERROR - 2019-07-07 00:00:08 --> 404 Page Not Found: 
ERROR - 2019-07-07 00:05:03 --> 404 Page Not Found: 
ERROR - 2019-07-07 01:27:54 --> 404 Page Not Found: 
ERROR - 2019-07-07 01:30:38 --> 404 Page Not Found: 
ERROR - 2019-07-07 01:37:36 --> 404 Page Not Found: 
ERROR - 2019-07-07 01:38:46 --> 404 Page Not Found: 
ERROR - 2019-07-07 01:56:46 --> 404 Page Not Found: 
ERROR - 2019-07-07 04:00:09 --> 404 Page Not Found: 
ERROR - 2019-07-07 04:08:59 --> 404 Page Not Found: 
ERROR - 2019-07-07 04:10:02 --> 404 Page Not Found: 
ERROR - 2019-07-07 04:12:29 --> 404 Page Not Found: 
ERROR - 2019-07-07 05:38:08 --> 404 Page Not Found: 
ERROR - 2019-07-07 06:31:38 --> 404 Page Not Found: 
ERROR - 2019-07-07 06:32:34 --> 404 Page Not Found: 
ERROR - 2019-07-07 06:33:29 --> 404 Page Not Found: 
ERROR - 2019-07-07 06:34:16 --> 404 Page Not Found: 
ERROR - 2019-07-07 07:18:34 --> 404 Page Not Found: 
ERROR - 2019-07-07 08:41:24 --> 404 Page Not Found: 
ERROR - 2019-07-07 09:15:41 --> 404 Page Not Found: 
ERROR - 2019-07-07 09:22:55 --> 404 Page Not Found: 
ERROR - 2019-07-07 10:13:19 --> Query error: You have an error in your SQL syntax; check the manual that corresponds to your MySQL server version for the right syntax to use near '-10, 10' at line 11 - Invalid query: SELECT DISTINCT `p`.*, `c`.`name` as `city_name`, `ps`.`name` as `property_status`, `pt`.`name` as `prop_type`, `b`.`name` as `builder`, `l`.`name` as `location`
FROM `properties` `p`
LEFT JOIN `cities` `c` ON `p`.`city_id` = `c`.`id`
LEFT JOIN `builders` `b` ON `p`.`builder_id` = `b`.`id`
LEFT JOIN `locations` `l` ON `p`.`location_id` = `l`.`id`
LEFT JOIN `property_types` `pt` ON `p`.`property_type_id` = `pt`.`id`
LEFT JOIN `property_status` `ps` ON `p`.`property_status_id` = `ps`.`id`
LEFT JOIN `property_amenities` `pa` ON `pa`.`property_id` = `p`.`id`
WHERE `p`.`status` = 1
ORDER BY `p`.`id` DESC
 LIMIT -10, 10
ERROR - 2019-07-07 10:15:27 --> 404 Page Not Found: 
ERROR - 2019-07-07 10:54:30 --> 404 Page Not Found: 
ERROR - 2019-07-07 11:04:06 --> 404 Page Not Found: 
ERROR - 2019-07-07 11:19:16 --> 404 Page Not Found: 
ERROR - 2019-07-07 11:35:26 --> 404 Page Not Found: 
ERROR - 2019-07-07 12:01:09 --> 404 Page Not Found: 
ERROR - 2019-07-07 12:21:38 --> 404 Page Not Found: 
ERROR - 2019-07-07 12:30:37 --> 404 Page Not Found: 
ERROR - 2019-07-07 12:33:36 --> 404 Page Not Found: 
ERROR - 2019-07-07 12:33:46 --> 404 Page Not Found: 
ERROR - 2019-07-07 12:34:03 --> 404 Page Not Found: 
ERROR - 2019-07-07 12:34:48 --> 404 Page Not Found: 
ERROR - 2019-07-07 12:40:25 --> 404 Page Not Found: 
ERROR - 2019-07-07 12:47:40 --> 404 Page Not Found: 
ERROR - 2019-07-07 12:49:01 --> 404 Page Not Found: 
ERROR - 2019-07-07 12:52:00 --> 404 Page Not Found: 
ERROR - 2019-07-07 12:52:01 --> 404 Page Not Found: 
ERROR - 2019-07-07 12:52:13 --> 404 Page Not Found: 
ERROR - 2019-07-07 12:52:16 --> 404 Page Not Found: 
ERROR - 2019-07-07 13:03:41 --> 404 Page Not Found: 
ERROR - 2019-07-07 13:10:58 --> 404 Page Not Found: 
ERROR - 2019-07-07 13:22:00 --> 404 Page Not Found: 
ERROR - 2019-07-07 13:39:21 --> 404 Page Not Found: 
ERROR - 2019-07-07 14:11:50 --> 404 Page Not Found: 
ERROR - 2019-07-07 14:12:33 --> 404 Page Not Found: 
ERROR - 2019-07-07 15:06:30 --> 404 Page Not Found: 
ERROR - 2019-07-07 15:06:31 --> 404 Page Not Found: 
ERROR - 2019-07-07 15:11:51 --> 404 Page Not Found: 
ERROR - 2019-07-07 15:57:46 --> 404 Page Not Found: 
ERROR - 2019-07-07 16:27:02 --> 404 Page Not Found: 
ERROR - 2019-07-07 16:32:59 --> 404 Page Not Found: 
ERROR - 2019-07-07 16:36:02 --> 404 Page Not Found: 
ERROR - 2019-07-07 16:56:52 --> 404 Page Not Found: 
ERROR - 2019-07-07 17:33:00 --> 404 Page Not Found: 
ERROR - 2019-07-07 17:33:38 --> 404 Page Not Found: 
ERROR - 2019-07-07 17:44:41 --> 404 Page Not Found: 
ERROR - 2019-07-07 18:15:19 --> 404 Page Not Found: 
ERROR - 2019-07-07 18:41:47 --> 404 Page Not Found: 
ERROR - 2019-07-07 18:43:00 --> 404 Page Not Found: 
ERROR - 2019-07-07 18:43:02 --> 404 Page Not Found: 
ERROR - 2019-07-07 18:45:03 --> 404 Page Not Found: 
ERROR - 2019-07-07 19:33:40 --> 404 Page Not Found: 
ERROR - 2019-07-07 19:34:36 --> 404 Page Not Found: 
ERROR - 2019-07-07 19:39:12 --> 404 Page Not Found: 
ERROR - 2019-07-07 20:35:36 --> 404 Page Not Found: 
ERROR - 2019-07-07 20:41:32 --> 404 Page Not Found: 
ERROR - 2019-07-07 21:06:33 --> 404 Page Not Found: 
ERROR - 2019-07-07 21:44:35 --> 404 Page Not Found: 
ERROR - 2019-07-07 21:50:45 --> 404 Page Not Found: 
ERROR - 2019-07-07 21:50:48 --> 404 Page Not Found: 
ERROR - 2019-07-07 21:50:58 --> 404 Page Not Found: 
ERROR - 2019-07-07 22:03:03 --> 404 Page Not Found: 
ERROR - 2019-07-07 22:44:15 --> 404 Page Not Found: 
ERROR - 2019-07-07 23:00:11 --> 404 Page Not Found: 
ERROR - 2019-07-07 23:15:53 --> 404 Page Not Found: 
ERROR - 2019-07-07 23:35:25 --> 404 Page Not Found: 
