ERROR - 2019-04-26 00:08:03 --> 404 Page Not Found: 
ERROR - 2019-04-26 00:22:00 --> 404 Page Not Found: 
ERROR - 2019-04-26 00:46:33 --> 404 Page Not Found: 
ERROR - 2019-04-26 00:47:07 --> 404 Page Not Found: 
ERROR - 2019-04-26 00:47:07 --> 404 Page Not Found: 
ERROR - 2019-04-26 01:22:34 --> 404 Page Not Found: 
ERROR - 2019-04-26 01:28:16 --> 404 Page Not Found: 
ERROR - 2019-04-26 01:40:29 --> 404 Page Not Found: 
ERROR - 2019-04-26 02:39:28 --> 404 Page Not Found: 
ERROR - 2019-04-26 02:43:58 --> 404 Page Not Found: 
ERROR - 2019-04-26 03:51:35 --> 404 Page Not Found: 
ERROR - 2019-04-26 03:53:05 --> 404 Page Not Found: 
ERROR - 2019-04-26 04:45:59 --> 404 Page Not Found: 
ERROR - 2019-04-26 05:19:23 --> 404 Page Not Found: 
ERROR - 2019-04-26 05:42:24 --> 404 Page Not Found: 
ERROR - 2019-04-26 05:51:15 --> 404 Page Not Found: 
ERROR - 2019-04-26 06:53:52 --> 404 Page Not Found: 
ERROR - 2019-04-26 06:53:52 --> 404 Page Not Found: 
ERROR - 2019-04-26 07:06:27 --> 404 Page Not Found: 
ERROR - 2019-04-26 08:44:51 --> 404 Page Not Found: 
ERROR - 2019-04-26 08:44:51 --> 404 Page Not Found: 
ERROR - 2019-04-26 08:47:36 --> 404 Page Not Found: 
ERROR - 2019-04-26 08:47:36 --> 404 Page Not Found: 
ERROR - 2019-04-26 09:15:36 --> 404 Page Not Found: 
ERROR - 2019-04-26 09:22:59 --> 404 Page Not Found: 
ERROR - 2019-04-26 09:22:59 --> 404 Page Not Found: 
ERROR - 2019-04-26 09:23:03 --> 404 Page Not Found: 
ERROR - 2019-04-26 09:23:03 --> 404 Page Not Found: 
ERROR - 2019-04-26 09:38:50 --> 404 Page Not Found: 
ERROR - 2019-04-26 09:38:53 --> 404 Page Not Found: 
ERROR - 2019-04-26 09:39:28 --> 404 Page Not Found: 
ERROR - 2019-04-26 09:39:28 --> 404 Page Not Found: 
ERROR - 2019-04-26 09:50:02 --> 404 Page Not Found: 
ERROR - 2019-04-26 09:50:02 --> 404 Page Not Found: 
ERROR - 2019-04-26 09:59:16 --> 404 Page Not Found: 
ERROR - 2019-04-26 10:09:20 --> 404 Page Not Found: 
ERROR - 2019-04-26 10:09:20 --> 404 Page Not Found: 
ERROR - 2019-04-26 10:16:37 --> 404 Page Not Found: 
ERROR - 2019-04-26 10:17:20 --> 404 Page Not Found: 
ERROR - 2019-04-26 10:17:21 --> 404 Page Not Found: 
ERROR - 2019-04-26 10:24:23 --> 404 Page Not Found: 
ERROR - 2019-04-26 10:24:28 --> 404 Page Not Found: 
ERROR - 2019-04-26 10:24:29 --> 404 Page Not Found: 
ERROR - 2019-04-26 10:24:53 --> 404 Page Not Found: 
ERROR - 2019-04-26 10:25:31 --> Severity: Warning --> Division by zero /home/fullbasketproper/public_html/application/core/Public_Controller.php 47
ERROR - 2019-04-26 10:33:51 --> 404 Page Not Found: 
ERROR - 2019-04-26 10:37:52 --> 404 Page Not Found: 
ERROR - 2019-04-26 10:58:36 --> 404 Page Not Found: 
ERROR - 2019-04-26 11:13:48 --> 404 Page Not Found: 
ERROR - 2019-04-26 11:13:49 --> 404 Page Not Found: 
ERROR - 2019-04-26 11:25:08 --> 404 Page Not Found: 
ERROR - 2019-04-26 11:28:40 --> 404 Page Not Found: 
ERROR - 2019-04-26 11:40:04 --> 404 Page Not Found: 
ERROR - 2019-04-26 11:40:05 --> 404 Page Not Found: 
ERROR - 2019-04-26 12:05:45 --> 404 Page Not Found: 
ERROR - 2019-04-26 12:05:45 --> 404 Page Not Found: 
ERROR - 2019-04-26 12:15:25 --> 404 Page Not Found: 
ERROR - 2019-04-26 12:32:14 --> 404 Page Not Found: 
ERROR - 2019-04-26 12:32:14 --> 404 Page Not Found: 
ERROR - 2019-04-26 12:32:52 --> 404 Page Not Found: 
ERROR - 2019-04-26 12:32:52 --> 404 Page Not Found: 
ERROR - 2019-04-26 12:33:10 --> 404 Page Not Found: 
ERROR - 2019-04-26 12:33:10 --> 404 Page Not Found: 
ERROR - 2019-04-26 12:40:18 --> 404 Page Not Found: 
ERROR - 2019-04-26 12:40:19 --> 404 Page Not Found: 
ERROR - 2019-04-26 12:41:52 --> 404 Page Not Found: 
ERROR - 2019-04-26 12:44:50 --> 404 Page Not Found: 
ERROR - 2019-04-26 12:44:51 --> 404 Page Not Found: 
ERROR - 2019-04-26 12:45:17 --> 404 Page Not Found: 
ERROR - 2019-04-26 12:45:17 --> 404 Page Not Found: 
ERROR - 2019-04-26 12:45:36 --> 404 Page Not Found: 
ERROR - 2019-04-26 12:45:36 --> 404 Page Not Found: 
ERROR - 2019-04-26 12:47:31 --> 404 Page Not Found: 
ERROR - 2019-04-26 12:47:31 --> 404 Page Not Found: 
ERROR - 2019-04-26 12:47:38 --> 404 Page Not Found: 
ERROR - 2019-04-26 12:47:38 --> 404 Page Not Found: 
ERROR - 2019-04-26 12:47:50 --> 404 Page Not Found: 
ERROR - 2019-04-26 12:47:50 --> 404 Page Not Found: 
ERROR - 2019-04-26 12:47:57 --> 404 Page Not Found: 
ERROR - 2019-04-26 12:47:58 --> 404 Page Not Found: 
ERROR - 2019-04-26 12:48:20 --> 404 Page Not Found: 
ERROR - 2019-04-26 12:48:21 --> 404 Page Not Found: 
ERROR - 2019-04-26 12:48:31 --> 404 Page Not Found: 
ERROR - 2019-04-26 12:48:32 --> 404 Page Not Found: 
ERROR - 2019-04-26 12:49:03 --> 404 Page Not Found: 
ERROR - 2019-04-26 12:49:04 --> 404 Page Not Found: 
ERROR - 2019-04-26 12:49:22 --> 404 Page Not Found: 
ERROR - 2019-04-26 12:49:23 --> 404 Page Not Found: 
ERROR - 2019-04-26 12:50:07 --> 404 Page Not Found: 
ERROR - 2019-04-26 12:50:07 --> 404 Page Not Found: 
ERROR - 2019-04-26 12:56:52 --> 404 Page Not Found: 
ERROR - 2019-04-26 12:58:19 --> Severity: Warning --> rename(uploads/master_plans/Master_plan_of_verdana.png,uploads/pionier-lifestyle/Master_plan_of_verdana.png): No such file or directory /home/fullbasketproper/public_html/application/controllers/admin/Properties.php 295
ERROR - 2019-04-26 13:01:10 --> 404 Page Not Found: 
ERROR - 2019-04-26 13:03:12 --> 404 Page Not Found: 
ERROR - 2019-04-26 13:03:12 --> 404 Page Not Found: 
ERROR - 2019-04-26 13:04:26 --> 404 Page Not Found: 
ERROR - 2019-04-26 13:04:26 --> 404 Page Not Found: 
ERROR - 2019-04-26 13:04:51 --> 404 Page Not Found: 
ERROR - 2019-04-26 13:05:56 --> 404 Page Not Found: 
ERROR - 2019-04-26 07:36:33 --> Severity: Warning --> Missing argument 1 for HAuth::login() /home/fullbasketproper/public_html/application/controllers/Hauth.php 29
ERROR - 2019-04-26 07:36:33 --> controllers.HAuth.login: This provider is not enabled ()
ERROR - 2019-04-26 07:36:33 --> 404 Page Not Found: /hauth/login
ERROR - 2019-04-26 13:06:39 --> 404 Page Not Found: 
ERROR - 2019-04-26 13:06:39 --> 404 Page Not Found: 
ERROR - 2019-04-26 13:06:53 --> 404 Page Not Found: 
ERROR - 2019-04-26 13:06:54 --> 404 Page Not Found: 
ERROR - 2019-04-26 13:08:03 --> 404 Page Not Found: 
ERROR - 2019-04-26 13:08:04 --> 404 Page Not Found: 
ERROR - 2019-04-26 13:08:15 --> 404 Page Not Found: 
ERROR - 2019-04-26 13:08:16 --> 404 Page Not Found: 
ERROR - 2019-04-26 13:09:01 --> 404 Page Not Found: 
ERROR - 2019-04-26 13:09:02 --> 404 Page Not Found: 
ERROR - 2019-04-26 13:12:02 --> 404 Page Not Found: 
ERROR - 2019-04-26 13:12:02 --> 404 Page Not Found: 
ERROR - 2019-04-26 13:28:24 --> 404 Page Not Found: 
ERROR - 2019-04-26 13:28:24 --> 404 Page Not Found: 
ERROR - 2019-04-26 13:28:31 --> 404 Page Not Found: 
ERROR - 2019-04-26 13:28:31 --> 404 Page Not Found: 
ERROR - 2019-04-26 13:29:48 --> 404 Page Not Found: 
ERROR - 2019-04-26 13:29:48 --> 404 Page Not Found: 
ERROR - 2019-04-26 13:31:33 --> 404 Page Not Found: 
ERROR - 2019-04-26 13:31:33 --> 404 Page Not Found: 
ERROR - 2019-04-26 13:35:13 --> 404 Page Not Found: 
ERROR - 2019-04-26 13:35:13 --> 404 Page Not Found: 
ERROR - 2019-04-26 13:35:24 --> 404 Page Not Found: 
ERROR - 2019-04-26 13:35:24 --> 404 Page Not Found: 
ERROR - 2019-04-26 13:35:47 --> 404 Page Not Found: 
ERROR - 2019-04-26 13:35:47 --> 404 Page Not Found: 
ERROR - 2019-04-26 13:38:06 --> 404 Page Not Found: 
ERROR - 2019-04-26 13:38:07 --> 404 Page Not Found: 
ERROR - 2019-04-26 13:44:37 --> 404 Page Not Found: 
ERROR - 2019-04-26 13:44:37 --> 404 Page Not Found: 
ERROR - 2019-04-26 13:45:09 --> 404 Page Not Found: 
ERROR - 2019-04-26 13:45:13 --> 404 Page Not Found: 
ERROR - 2019-04-26 13:45:25 --> 404 Page Not Found: 
ERROR - 2019-04-26 13:45:29 --> 404 Page Not Found: 
ERROR - 2019-04-26 13:45:46 --> 404 Page Not Found: 
ERROR - 2019-04-26 13:45:46 --> 404 Page Not Found: 
ERROR - 2019-04-26 13:45:50 --> 404 Page Not Found: 
ERROR - 2019-04-26 13:59:46 --> 404 Page Not Found: 
ERROR - 2019-04-26 13:59:46 --> 404 Page Not Found: 
ERROR - 2019-04-26 14:25:45 --> 404 Page Not Found: 
ERROR - 2019-04-26 14:25:46 --> 404 Page Not Found: 
ERROR - 2019-04-26 14:25:53 --> 404 Page Not Found: 
ERROR - 2019-04-26 14:25:53 --> 404 Page Not Found: 
ERROR - 2019-04-26 14:46:05 --> 404 Page Not Found: 
ERROR - 2019-04-26 14:46:05 --> 404 Page Not Found: 
ERROR - 2019-04-26 15:15:24 --> 404 Page Not Found: 
ERROR - 2019-04-26 15:15:25 --> 404 Page Not Found: 
ERROR - 2019-04-26 15:25:41 --> 404 Page Not Found: 
ERROR - 2019-04-26 15:26:24 --> 404 Page Not Found: 
ERROR - 2019-04-26 15:26:25 --> 404 Page Not Found: 
ERROR - 2019-04-26 15:26:32 --> 404 Page Not Found: 
ERROR - 2019-04-26 15:26:32 --> 404 Page Not Found: 
ERROR - 2019-04-26 15:49:46 --> 404 Page Not Found: 
ERROR - 2019-04-26 15:49:46 --> 404 Page Not Found: 
ERROR - 2019-04-26 15:50:56 --> 404 Page Not Found: 
ERROR - 2019-04-26 15:50:56 --> 404 Page Not Found: 
ERROR - 2019-04-26 16:11:24 --> 404 Page Not Found: 
ERROR - 2019-04-26 16:11:25 --> 404 Page Not Found: 
ERROR - 2019-04-26 16:17:39 --> 404 Page Not Found: 
ERROR - 2019-04-26 16:21:22 --> 404 Page Not Found: 
ERROR - 2019-04-26 16:55:38 --> 404 Page Not Found: 
ERROR - 2019-04-26 16:55:38 --> 404 Page Not Found: 
ERROR - 2019-04-26 16:55:44 --> 404 Page Not Found: 
ERROR - 2019-04-26 16:55:44 --> 404 Page Not Found: 
ERROR - 2019-04-26 16:56:11 --> 404 Page Not Found: 
ERROR - 2019-04-26 16:56:11 --> 404 Page Not Found: 
ERROR - 2019-04-26 17:01:28 --> 404 Page Not Found: 
ERROR - 2019-04-26 17:01:30 --> 404 Page Not Found: 
ERROR - 2019-04-26 17:01:38 --> 404 Page Not Found: 
ERROR - 2019-04-26 17:01:39 --> 404 Page Not Found: 
ERROR - 2019-04-26 17:10:16 --> 404 Page Not Found: 
ERROR - 2019-04-26 17:10:16 --> 404 Page Not Found: 
ERROR - 2019-04-26 17:10:17 --> 404 Page Not Found: 
ERROR - 2019-04-26 17:10:17 --> 404 Page Not Found: 
ERROR - 2019-04-26 17:13:49 --> 404 Page Not Found: 
ERROR - 2019-04-26 17:17:45 --> 404 Page Not Found: 
ERROR - 2019-04-26 17:17:45 --> 404 Page Not Found: 
ERROR - 2019-04-26 17:17:46 --> 404 Page Not Found: 
ERROR - 2019-04-26 17:17:46 --> 404 Page Not Found: 
ERROR - 2019-04-26 17:18:21 --> 404 Page Not Found: 
ERROR - 2019-04-26 17:18:21 --> 404 Page Not Found: 
ERROR - 2019-04-26 17:18:25 --> 404 Page Not Found: 
ERROR - 2019-04-26 17:18:27 --> 404 Page Not Found: 
ERROR - 2019-04-26 17:18:32 --> 404 Page Not Found: 
ERROR - 2019-04-26 17:18:33 --> 404 Page Not Found: 
ERROR - 2019-04-26 17:31:24 --> 404 Page Not Found: 
ERROR - 2019-04-26 17:31:24 --> 404 Page Not Found: 
ERROR - 2019-04-26 17:33:16 --> 404 Page Not Found: 
ERROR - 2019-04-26 17:33:16 --> 404 Page Not Found: 
ERROR - 2019-04-26 17:33:16 --> 404 Page Not Found: 
ERROR - 2019-04-26 17:33:16 --> 404 Page Not Found: 
ERROR - 2019-04-26 17:36:22 --> 404 Page Not Found: 
ERROR - 2019-04-26 17:36:22 --> 404 Page Not Found: 
ERROR - 2019-04-26 17:37:57 --> 404 Page Not Found: 
ERROR - 2019-04-26 17:37:57 --> 404 Page Not Found: 
ERROR - 2019-04-26 17:41:23 --> 404 Page Not Found: 
ERROR - 2019-04-26 17:46:11 --> 404 Page Not Found: 
ERROR - 2019-04-26 18:15:29 --> 404 Page Not Found: 
ERROR - 2019-04-26 18:15:31 --> 404 Page Not Found: 
ERROR - 2019-04-26 18:36:10 --> 404 Page Not Found: 
ERROR - 2019-04-26 18:36:12 --> 404 Page Not Found: 
ERROR - 2019-04-26 18:43:31 --> 404 Page Not Found: 
ERROR - 2019-04-26 18:52:02 --> 404 Page Not Found: 
ERROR - 2019-04-26 18:52:02 --> 404 Page Not Found: 
ERROR - 2019-04-26 19:35:24 --> 404 Page Not Found: 
ERROR - 2019-04-26 19:51:43 --> 404 Page Not Found: 
ERROR - 2019-04-26 19:59:56 --> 404 Page Not Found: 
ERROR - 2019-04-26 19:59:56 --> 404 Page Not Found: 
ERROR - 2019-04-26 19:59:59 --> 404 Page Not Found: 
ERROR - 2019-04-26 19:59:59 --> 404 Page Not Found: 
ERROR - 2019-04-26 20:00:01 --> 404 Page Not Found: 
ERROR - 2019-04-26 20:00:01 --> 404 Page Not Found: 
ERROR - 2019-04-26 20:00:02 --> 404 Page Not Found: 
ERROR - 2019-04-26 20:00:04 --> 404 Page Not Found: 
ERROR - 2019-04-26 20:16:53 --> 404 Page Not Found: 
ERROR - 2019-04-26 20:32:25 --> 404 Page Not Found: 
ERROR - 2019-04-26 21:12:06 --> 404 Page Not Found: 
ERROR - 2019-04-26 21:13:22 --> Query error: You have an error in your SQL syntax; check the manual that corresponds to your MySQL server version for the right syntax to use near '-10, 10' at line 11 - Invalid query: SELECT DISTINCT `p`.*, `c`.`name` as `city_name`, `ps`.`name` as `property_status`, `pt`.`name` as `prop_type`, `b`.`name` as `builder`, `l`.`name` as `location`
FROM `properties` `p`
LEFT JOIN `cities` `c` ON `p`.`city_id` = `c`.`id`
LEFT JOIN `builders` `b` ON `p`.`builder_id` = `b`.`id`
LEFT JOIN `locations` `l` ON `p`.`location_id` = `l`.`id`
LEFT JOIN `property_types` `pt` ON `p`.`property_type_id` = `pt`.`id`
LEFT JOIN `property_status` `ps` ON `p`.`property_status_id` = `ps`.`id`
LEFT JOIN `property_amenities` `pa` ON `pa`.`property_id` = `p`.`id`
WHERE `p`.`status` = 1
ORDER BY `p`.`id` DESC
 LIMIT -10, 10
ERROR - 2019-04-26 21:29:04 --> 404 Page Not Found: 
ERROR - 2019-04-26 22:16:31 --> 404 Page Not Found: 
ERROR - 2019-04-26 22:52:53 --> 404 Page Not Found: 
ERROR - 2019-04-26 22:53:35 --> 404 Page Not Found: 
ERROR - 2019-04-26 22:53:35 --> 404 Page Not Found: 
ERROR - 2019-04-26 23:43:13 --> 404 Page Not Found: 
ERROR - 2019-04-26 23:55:23 --> 404 Page Not Found: 
