ERROR - 2020-06-06 13:31:01 --> 404 Page Not Found: 
ERROR - 2020-06-06 13:31:01 --> 404 Page Not Found: 
ERROR - 2020-06-06 13:31:01 --> 404 Page Not Found: 
ERROR - 2020-06-06 13:31:01 --> 404 Page Not Found: 
ERROR - 2020-06-06 13:31:01 --> 404 Page Not Found: 
ERROR - 2020-06-06 13:31:02 --> 404 Page Not Found: 
ERROR - 2020-06-06 13:31:02 --> 404 Page Not Found: 
ERROR - 2020-06-06 13:31:02 --> 404 Page Not Found: 
ERROR - 2020-06-06 13:31:03 --> 404 Page Not Found: 
ERROR - 2020-06-06 13:31:04 --> 404 Page Not Found: 
ERROR - 2020-06-06 13:31:04 --> 404 Page Not Found: 
ERROR - 2020-06-06 13:31:05 --> 404 Page Not Found: 
ERROR - 2020-06-06 13:31:05 --> 404 Page Not Found: 
ERROR - 2020-06-06 13:31:05 --> 404 Page Not Found: 
ERROR - 2020-06-06 13:31:06 --> 404 Page Not Found: 
ERROR - 2020-06-06 13:31:06 --> 404 Page Not Found: 
ERROR - 2020-06-06 13:31:06 --> 404 Page Not Found: 
ERROR - 2020-06-06 13:31:06 --> 404 Page Not Found: 
ERROR - 2020-06-06 13:31:07 --> 404 Page Not Found: 
ERROR - 2020-06-06 13:31:07 --> 404 Page Not Found: 
ERROR - 2020-06-06 13:31:07 --> 404 Page Not Found: 
ERROR - 2020-06-06 13:31:08 --> 404 Page Not Found: 
ERROR - 2020-06-06 13:31:08 --> 404 Page Not Found: 
ERROR - 2020-06-06 13:31:08 --> 404 Page Not Found: 
ERROR - 2020-06-06 13:31:09 --> 404 Page Not Found: 
ERROR - 2020-06-06 13:31:09 --> 404 Page Not Found: 
ERROR - 2020-06-06 14:11:17 --> 404 Page Not Found: 
ERROR - 2020-06-06 14:11:17 --> 404 Page Not Found: 
ERROR - 2020-06-06 14:11:17 --> 404 Page Not Found: 
ERROR - 2020-06-06 14:11:17 --> 404 Page Not Found: 
ERROR - 2020-06-06 14:11:17 --> 404 Page Not Found: 
ERROR - 2020-06-06 14:11:17 --> 404 Page Not Found: 
ERROR - 2020-06-06 14:11:17 --> 404 Page Not Found: 
ERROR - 2020-06-06 14:11:17 --> 404 Page Not Found: 
ERROR - 2020-06-06 14:11:20 --> 404 Page Not Found: 
ERROR - 2020-06-06 14:11:21 --> 404 Page Not Found: 
ERROR - 2020-06-06 14:11:22 --> 404 Page Not Found: 
ERROR - 2020-06-06 14:11:22 --> 404 Page Not Found: 
ERROR - 2020-06-06 14:11:22 --> 404 Page Not Found: 
ERROR - 2020-06-06 14:11:22 --> 404 Page Not Found: 
ERROR - 2020-06-06 14:11:22 --> 404 Page Not Found: 
ERROR - 2020-06-06 14:11:22 --> 404 Page Not Found: 
ERROR - 2020-06-06 14:11:22 --> 404 Page Not Found: 
ERROR - 2020-06-06 14:11:22 --> 404 Page Not Found: 
ERROR - 2020-06-06 14:11:22 --> 404 Page Not Found: 
ERROR - 2020-06-06 14:11:22 --> 404 Page Not Found: 
ERROR - 2020-06-06 14:11:22 --> 404 Page Not Found: 
ERROR - 2020-06-06 14:11:22 --> 404 Page Not Found: 
ERROR - 2020-06-06 14:11:22 --> 404 Page Not Found: 
ERROR - 2020-06-06 14:11:23 --> 404 Page Not Found: 
ERROR - 2020-06-06 14:11:23 --> 404 Page Not Found: 
ERROR - 2020-06-06 14:11:23 --> 404 Page Not Found: 
ERROR - 2020-06-06 14:11:48 --> Severity: Warning --> Illegal string offset 'bhk' F:\FBP.com\application\controllers\Home.php 108
ERROR - 2020-06-06 14:11:48 --> Severity: Warning --> Illegal string offset 'bhk_range' F:\FBP.com\application\controllers\Home.php 108
ERROR - 2020-06-06 14:11:48 --> Severity: Warning --> Illegal string offset 'price' F:\FBP.com\application\controllers\Home.php 109
ERROR - 2020-06-06 14:11:48 --> Severity: Warning --> Illegal string offset 'price_range' F:\FBP.com\application\controllers\Home.php 109
ERROR - 2020-06-06 14:11:48 --> Severity: Warning --> Illegal string offset 'baths' F:\FBP.com\application\controllers\Home.php 110
ERROR - 2020-06-06 14:11:48 --> Severity: Warning --> Illegal string offset 'baths_range' F:\FBP.com\application\controllers\Home.php 110
