ERROR - 2019-10-21 10:08:17 --> 404 Page Not Found: 
ERROR - 2019-10-21 10:39:25 --> 404 Page Not Found: 
ERROR - 2019-10-21 10:39:26 --> 404 Page Not Found: 
ERROR - 2019-10-21 10:39:26 --> 404 Page Not Found: 
ERROR - 2019-10-21 10:39:26 --> 404 Page Not Found: 
ERROR - 2019-10-21 10:40:09 --> 404 Page Not Found: 
ERROR - 2019-10-21 10:40:09 --> 404 Page Not Found: 
ERROR - 2019-10-21 10:40:55 --> 404 Page Not Found: 
ERROR - 2019-10-21 10:40:56 --> 404 Page Not Found: 
ERROR - 2019-10-21 11:01:46 --> Severity: error --> Exception: syntax error, unexpected '!=' (T_IS_NOT_EQUAL) F:\FBP.com\application\views\new_property_design.php 1300
ERROR - 2019-10-21 11:01:54 --> Severity: error --> Exception: syntax error, unexpected ')' F:\FBP.com\application\views\new_property_design.php 1300
ERROR - 2019-10-21 11:11:11 --> Severity: error --> Exception: syntax error, unexpected 'else' (T_ELSE) F:\FBP.com\application\views\new_property_design.php 1445
ERROR - 2019-10-21 11:19:07 --> 404 Page Not Found: 
ERROR - 2019-10-21 11:23:19 --> 404 Page Not Found: 
ERROR - 2019-10-21 11:23:19 --> Severity: Warning --> getimagesize(http://localhost/uploads/kxjabvkjabvjabh/map/): failed to open stream: HTTP request failed! HTTP/1.0 404 Not Found
 F:\FBP.com\application\views\new_property_design.php 1427
ERROR - 2019-10-21 11:26:32 --> 404 Page Not Found: 
ERROR - 2019-10-21 11:26:33 --> 404 Page Not Found: 
ERROR - 2019-10-21 11:42:23 --> 404 Page Not Found: 
ERROR - 2019-10-21 11:42:24 --> 404 Page Not Found: 
ERROR - 2019-10-21 11:42:29 --> 404 Page Not Found: 
ERROR - 2019-10-21 11:42:30 --> 404 Page Not Found: 
ERROR - 2019-10-21 11:42:39 --> 404 Page Not Found: 
ERROR - 2019-10-21 11:42:40 --> 404 Page Not Found: 
ERROR - 2019-10-21 11:43:04 --> 404 Page Not Found: 
ERROR - 2019-10-21 11:43:05 --> 404 Page Not Found: 
ERROR - 2019-10-21 11:43:37 --> 404 Page Not Found: 
ERROR - 2019-10-21 11:43:38 --> 404 Page Not Found: 
ERROR - 2019-10-21 11:44:38 --> 404 Page Not Found: 
ERROR - 2019-10-21 11:44:39 --> 404 Page Not Found: 
ERROR - 2019-10-21 11:44:41 --> 404 Page Not Found: 
ERROR - 2019-10-21 11:44:41 --> 404 Page Not Found: 
ERROR - 2019-10-21 11:44:44 --> 404 Page Not Found: 
ERROR - 2019-10-21 11:44:44 --> 404 Page Not Found: 
ERROR - 2019-10-21 11:44:46 --> 404 Page Not Found: 
ERROR - 2019-10-21 11:44:46 --> 404 Page Not Found: 
ERROR - 2019-10-21 11:45:15 --> 404 Page Not Found: 
ERROR - 2019-10-21 11:45:16 --> 404 Page Not Found: 
ERROR - 2019-10-21 11:55:31 --> Severity: error --> Exception: syntax error, unexpected end of file F:\FBP.com\application\views\new_property_design.php 2010
ERROR - 2019-10-21 10:36:35 --> Severity: Warning --> mysqli::real_connect(): (HY000/1045): Access denied for user 'fullbask_website'@'localhost' (using password: YES) F:\FBP.com\system\database\drivers\mysqli\mysqli_driver.php 201
ERROR - 2019-10-21 10:36:35 --> Unable to connect to the database
ERROR - 2019-10-21 10:36:39 --> Severity: Warning --> mysqli::real_connect(): (HY000/1045): Access denied for user 'fullbask_website'@'localhost' (using password: YES) F:\FBP.com\system\database\drivers\mysqli\mysqli_driver.php 201
ERROR - 2019-10-21 10:36:39 --> Unable to connect to the database
