ERROR - 2019-10-14 10:21:52 --> 404 Page Not Found: 
ERROR - 2019-10-14 10:41:28 --> Severity: Warning --> Invalid argument supplied for foreach() F:\FBP.com\application\controllers\admin\Properties.php 1044
ERROR - 2019-10-14 10:41:48 --> Severity: Warning --> Invalid argument supplied for foreach() F:\FBP.com\application\controllers\admin\Properties.php 1044
ERROR - 2019-10-14 10:47:58 --> Severity: Warning --> rename(uploads/properties/banner-038.jpg,uploads/475/gsdfgsdf/banner-038.jpg): The system cannot find the path specified. (code: 3) F:\FBP.com\application\controllers\admin\Properties.php 1204
ERROR - 2019-10-14 10:47:58 --> Query error: Unknown column 'mobile_banner_path' in 'field list' - Invalid query: INSERT INTO `property_images` (`property_id`, `mobile_banner_path`) VALUES (475, 'uploads/475/gsdfgsdf/banner-039.jpg')
ERROR - 2019-10-14 10:52:30 --> Query error: Unknown column 'mobile_banner_path' in 'field list' - Invalid query: INSERT INTO `property_images` (`property_id`, `mobile_banner_path`) VALUES (476, 'uploads/gsdfgsdf55da406148edc5/banner-039.jpg')
ERROR - 2019-10-14 10:53:31 --> Severity: Warning --> rename(uploads/properties/banner-038.jpg,uploads/gsdfgsdf55da40651daf71/banner-038.jpg): The system cannot find the file specified. (code: 2) F:\FBP.com\application\controllers\admin\Properties.php 1204
ERROR - 2019-10-14 10:53:31 --> Query error: Unknown column 'mobile_banner_path' in 'field list' - Invalid query: INSERT INTO `property_images` (`property_id`, `mobile_banner_path`) VALUES (477, 'uploads/gsdfgsdf55da40651daf71/banner-039.jpg')
ERROR - 2019-10-14 10:55:13 --> Severity: Warning --> rename(uploads/properties/banner-038.jpg,uploads/gsdfgsdf55da406b7a8f58/banner-038.jpg): The system cannot find the file specified. (code: 2) F:\FBP.com\application\controllers\admin\Properties.php 1204
ERROR - 2019-10-14 10:55:13 --> Severity: Warning --> Invalid argument supplied for foreach() F:\FBP.com\application\controllers\admin\Properties.php 1329
ERROR - 2019-10-14 10:56:47 --> Severity: Warning --> rename(uploads/properties/banner-038.jpg,uploads/gsdfgsdf55da40715f0a26/banner-038.jpg): The system cannot find the file specified. (code: 2) F:\FBP.com\application\controllers\admin\Properties.php 1204
ERROR - 2019-10-14 10:56:47 --> Severity: Warning --> rename(uploads/properties/banner-039.jpg,uploads/gsdfgsdf55da40715f0a26/banner-039.jpg): The system cannot find the file specified. (code: 2) F:\FBP.com\application\controllers\admin\Properties.php 1215
ERROR - 2019-10-14 11:12:26 --> Severity: error --> Exception: syntax error, unexpected '0' (T_LNUMBER), expecting identifier (T_STRING) or variable (T_VARIABLE) or '{' or '$' F:\FBP.com\application\views\new_property_design.php 386
ERROR - 2019-10-14 11:57:01 --> 404 Page Not Found: 
ERROR - 2019-10-14 11:57:04 --> 404 Page Not Found: 
ERROR - 2019-10-14 12:20:57 --> Severity: error --> Exception: syntax error, unexpected '&&' (T_BOOLEAN_AND), expecting :: (T_PAAMAYIM_NEKUDOTAYIM) F:\FBP.com\application\views\new_property_design.php 396
ERROR - 2019-10-14 12:21:06 --> Severity: error --> Exception: syntax error, unexpected '&&' (T_BOOLEAN_AND), expecting :: (T_PAAMAYIM_NEKUDOTAYIM) F:\FBP.com\application\views\new_property_design.php 396
ERROR - 2019-10-14 12:22:15 --> Severity: error --> Exception: syntax error, unexpected '&&' (T_BOOLEAN_AND), expecting :: (T_PAAMAYIM_NEKUDOTAYIM) F:\FBP.com\application\views\new_property_design.php 397
ERROR - 2019-10-14 12:34:39 --> Severity: error --> Exception: syntax error, unexpected '}', expecting ',' or ';' F:\FBP.com\application\views\new_property_design.php 410
ERROR - 2019-10-14 12:34:47 --> Severity: error --> Exception: syntax error, unexpected '}', expecting ',' or ';' F:\FBP.com\application\views\new_property_design.php 410
ERROR - 2019-10-14 12:41:07 --> Severity: error --> Exception: syntax error, unexpected '}', expecting end of file F:\FBP.com\application\views\new_property_design.php 433
ERROR - 2019-10-14 12:46:01 --> Severity: error --> Exception: syntax error, unexpected 'else' (T_ELSE) F:\FBP.com\application\views\new_property_design.php 410
ERROR - 2019-10-14 14:06:13 --> 404 Page Not Found: 
ERROR - 2019-10-14 14:16:22 --> Severity: Warning --> rename(uploads/properties/banner-0112.jpg,uploads/asdfasdf55da435dd3badb/banner-0112.jpg): The system cannot find the file specified. (code: 2) F:\FBP.com\application\controllers\admin\Properties.php 1199
ERROR - 2019-10-14 14:16:22 --> Severity: Warning --> rename(uploads/properties/banner-026.jpg,uploads/asdfasdf55da435dd3badb/banner-026.jpg): The system cannot find the file specified. (code: 2) F:\FBP.com\application\controllers\admin\Properties.php 1199
ERROR - 2019-10-14 14:16:23 --> Severity: Warning --> rename(uploads/properties/banner-038.jpg,uploads/asdfasdf55da435dd3badb/banner-038.jpg): The system cannot find the file specified. (code: 2) F:\FBP.com\application\controllers\admin\Properties.php 1199
ERROR - 2019-10-14 14:16:23 --> Severity: Warning --> rename(uploads/properties/mobile1.jpg,uploads/asdfasdf55da435dd3badb/mobile1.jpg): The system cannot find the file specified. (code: 2) F:\FBP.com\application\controllers\admin\Properties.php 1210
ERROR - 2019-10-14 14:16:23 --> Severity: Warning --> rename(uploads/properties/mobile2.jpg,uploads/asdfasdf55da435dd3badb/mobile2.jpg): The system cannot find the file specified. (code: 2) F:\FBP.com\application\controllers\admin\Properties.php 1210
ERROR - 2019-10-14 14:16:23 --> Severity: Warning --> rename(uploads/properties/mobile-07.jpg,uploads/asdfasdf55da435dd3badb/mobile-07.jpg): The system cannot find the file specified. (code: 2) F:\FBP.com\application\controllers\admin\Properties.php 1210
ERROR - 2019-10-14 14:41:52 --> Severity: Warning --> rename(uploads/properties/banner-0112.jpg,uploads/asdfasdf55da43bd704514/banner-0112.jpg): The system cannot find the file specified. (code: 2) F:\FBP.com\application\controllers\admin\Properties.php 1197
ERROR - 2019-10-14 14:41:52 --> Severity: Warning --> rename(uploads/properties/banner-026.jpg,uploads/asdfasdf55da43bd704514/banner-026.jpg): The system cannot find the file specified. (code: 2) F:\FBP.com\application\controllers\admin\Properties.php 1197
ERROR - 2019-10-14 14:41:52 --> Severity: Warning --> rename(uploads/properties/banner-038.jpg,uploads/asdfasdf55da43bd704514/banner-038.jpg): The system cannot find the file specified. (code: 2) F:\FBP.com\application\controllers\admin\Properties.php 1197
ERROR - 2019-10-14 14:41:52 --> Severity: Warning --> rename(uploads/properties/mobile2.jpg,uploads/asdfasdf55da43bd704514/mobile2.jpg): The system cannot find the file specified. (code: 2) F:\FBP.com\application\controllers\admin\Properties.php 1208
ERROR - 2019-10-14 14:41:52 --> Severity: Warning --> rename(uploads/properties/mobile1.jpg,uploads/asdfasdf55da43bd704514/mobile1.jpg): The system cannot find the file specified. (code: 2) F:\FBP.com\application\controllers\admin\Properties.php 1208
ERROR - 2019-10-14 14:41:52 --> Severity: Warning --> rename(uploads/properties/mobile-07.jpg,uploads/asdfasdf55da43bd704514/mobile-07.jpg): The system cannot find the file specified. (code: 2) F:\FBP.com\application\controllers\admin\Properties.php 1208
ERROR - 2019-10-14 15:09:52 --> 404 Page Not Found: 
ERROR - 2019-10-14 15:10:21 --> 404 Page Not Found: 
ERROR - 2019-10-14 15:47:52 --> Severity: Warning --> A non-numeric value encountered F:\FBP.com\application\views\new_property_design.php 326
ERROR - 2019-10-14 15:48:22 --> 404 Page Not Found: 
ERROR - 2019-10-14 19:53:33 --> 404 Page Not Found: 
