ERROR - 2020-04-09 17:17:18 --> 404 Page Not Found: 
ERROR - 2020-04-09 17:17:19 --> 404 Page Not Found: 
ERROR - 2020-04-09 17:17:19 --> 404 Page Not Found: 
ERROR - 2020-04-09 17:17:19 --> 404 Page Not Found: 
ERROR - 2020-04-09 17:17:19 --> 404 Page Not Found: 
ERROR - 2020-04-09 17:17:19 --> 404 Page Not Found: 
ERROR - 2020-04-09 17:17:19 --> 404 Page Not Found: 
ERROR - 2020-04-09 17:17:19 --> 404 Page Not Found: 
ERROR - 2020-04-09 17:17:19 --> 404 Page Not Found: 
ERROR - 2020-04-09 17:17:20 --> 404 Page Not Found: 
ERROR - 2020-04-09 17:17:21 --> 404 Page Not Found: 
ERROR - 2020-04-09 17:17:21 --> 404 Page Not Found: 
ERROR - 2020-04-09 17:17:21 --> 404 Page Not Found: 
ERROR - 2020-04-09 17:17:21 --> 404 Page Not Found: 
ERROR - 2020-04-09 17:17:21 --> 404 Page Not Found: 
ERROR - 2020-04-09 17:17:21 --> 404 Page Not Found: 
ERROR - 2020-04-09 17:17:22 --> 404 Page Not Found: 
ERROR - 2020-04-09 17:17:22 --> 404 Page Not Found: 
ERROR - 2020-04-09 17:17:22 --> 404 Page Not Found: 
ERROR - 2020-04-09 17:17:22 --> 404 Page Not Found: 
ERROR - 2020-04-09 17:17:22 --> 404 Page Not Found: 
ERROR - 2020-04-09 17:17:22 --> 404 Page Not Found: 
ERROR - 2020-04-09 17:17:22 --> 404 Page Not Found: 
ERROR - 2020-04-09 17:17:23 --> 404 Page Not Found: 
ERROR - 2020-04-09 17:17:23 --> 404 Page Not Found: 
ERROR - 2020-04-09 17:17:23 --> 404 Page Not Found: 
ERROR - 2020-04-09 17:17:29 --> 404 Page Not Found: 
ERROR - 2020-04-09 17:17:29 --> 404 Page Not Found: 
ERROR - 2020-04-09 17:17:29 --> 404 Page Not Found: 
ERROR - 2020-04-09 17:17:30 --> 404 Page Not Found: 
ERROR - 2020-04-09 17:17:30 --> 404 Page Not Found: 
ERROR - 2020-04-09 17:17:30 --> 404 Page Not Found: 
ERROR - 2020-04-09 17:17:30 --> 404 Page Not Found: 
ERROR - 2020-04-09 17:17:30 --> 404 Page Not Found: 
ERROR - 2020-04-09 17:17:30 --> 404 Page Not Found: 
ERROR - 2020-04-09 17:17:31 --> 404 Page Not Found: 
ERROR - 2020-04-09 17:17:31 --> 404 Page Not Found: 
ERROR - 2020-04-09 17:17:31 --> 404 Page Not Found: 
ERROR - 2020-04-09 17:17:31 --> 404 Page Not Found: 
ERROR - 2020-04-09 17:17:31 --> 404 Page Not Found: 
ERROR - 2020-04-09 17:17:31 --> 404 Page Not Found: 
ERROR - 2020-04-09 17:17:31 --> 404 Page Not Found: 
ERROR - 2020-04-09 17:17:31 --> 404 Page Not Found: 
ERROR - 2020-04-09 17:17:32 --> 404 Page Not Found: 
ERROR - 2020-04-09 17:17:32 --> 404 Page Not Found: 
ERROR - 2020-04-09 17:17:32 --> 404 Page Not Found: 
ERROR - 2020-04-09 17:17:32 --> 404 Page Not Found: 
ERROR - 2020-04-09 17:17:33 --> 404 Page Not Found: 
ERROR - 2020-04-09 17:17:33 --> 404 Page Not Found: 
ERROR - 2020-04-09 17:17:33 --> 404 Page Not Found: 
ERROR - 2020-04-09 17:17:33 --> 404 Page Not Found: 
ERROR - 2020-04-09 17:17:33 --> 404 Page Not Found: 
ERROR - 2020-04-09 17:17:46 --> Severity: Warning --> Illegal string offset 'bhk' F:\FBP.com\application\controllers\Home.php 108
ERROR - 2020-04-09 17:17:46 --> Severity: Warning --> Illegal string offset 'bhk_range' F:\FBP.com\application\controllers\Home.php 108
ERROR - 2020-04-09 17:17:46 --> Severity: Warning --> Illegal string offset 'price' F:\FBP.com\application\controllers\Home.php 109
ERROR - 2020-04-09 17:17:46 --> Severity: Warning --> Illegal string offset 'price_range' F:\FBP.com\application\controllers\Home.php 109
ERROR - 2020-04-09 17:17:46 --> Severity: Warning --> Illegal string offset 'baths' F:\FBP.com\application\controllers\Home.php 110
ERROR - 2020-04-09 17:17:46 --> Severity: Warning --> Illegal string offset 'baths_range' F:\FBP.com\application\controllers\Home.php 110
ERROR - 2020-04-09 17:18:15 --> 404 Page Not Found: 
ERROR - 2020-04-09 17:18:15 --> 404 Page Not Found: 
ERROR - 2020-04-09 17:22:35 --> 404 Page Not Found: 
ERROR - 2020-04-09 17:22:35 --> 404 Page Not Found: 
ERROR - 2020-04-09 17:22:35 --> 404 Page Not Found: 
ERROR - 2020-04-09 17:22:36 --> 404 Page Not Found: 
ERROR - 2020-04-09 17:22:36 --> 404 Page Not Found: 
ERROR - 2020-04-09 17:22:36 --> 404 Page Not Found: 
ERROR - 2020-04-09 17:22:36 --> 404 Page Not Found: 
ERROR - 2020-04-09 17:22:36 --> 404 Page Not Found: 
ERROR - 2020-04-09 17:22:36 --> 404 Page Not Found: 
ERROR - 2020-04-09 17:22:37 --> 404 Page Not Found: 
ERROR - 2020-04-09 17:22:37 --> 404 Page Not Found: 
ERROR - 2020-04-09 17:22:37 --> 404 Page Not Found: 
ERROR - 2020-04-09 17:22:37 --> 404 Page Not Found: 
ERROR - 2020-04-09 17:22:38 --> 404 Page Not Found: 
ERROR - 2020-04-09 17:22:38 --> 404 Page Not Found: 
ERROR - 2020-04-09 17:22:38 --> 404 Page Not Found: 
ERROR - 2020-04-09 17:22:38 --> 404 Page Not Found: 
ERROR - 2020-04-09 17:22:39 --> 404 Page Not Found: 
ERROR - 2020-04-09 17:22:39 --> 404 Page Not Found: 
ERROR - 2020-04-09 17:22:39 --> 404 Page Not Found: 
ERROR - 2020-04-09 17:22:39 --> 404 Page Not Found: 
ERROR - 2020-04-09 17:22:39 --> 404 Page Not Found: 
ERROR - 2020-04-09 17:22:39 --> 404 Page Not Found: 
ERROR - 2020-04-09 17:22:39 --> 404 Page Not Found: 
ERROR - 2020-04-09 17:22:40 --> 404 Page Not Found: 
ERROR - 2020-04-09 17:22:40 --> 404 Page Not Found: 
ERROR - 2020-04-09 17:26:40 --> 404 Page Not Found: 
ERROR - 2020-04-09 17:26:40 --> 404 Page Not Found: 
ERROR - 2020-04-09 17:26:41 --> 404 Page Not Found: 
ERROR - 2020-04-09 17:26:41 --> 404 Page Not Found: 
ERROR - 2020-04-09 17:26:41 --> 404 Page Not Found: 
ERROR - 2020-04-09 17:26:41 --> 404 Page Not Found: 
ERROR - 2020-04-09 17:26:41 --> 404 Page Not Found: 
ERROR - 2020-04-09 17:26:41 --> 404 Page Not Found: 
ERROR - 2020-04-09 17:26:41 --> 404 Page Not Found: 
ERROR - 2020-04-09 17:26:42 --> 404 Page Not Found: 
ERROR - 2020-04-09 17:26:42 --> 404 Page Not Found: 
ERROR - 2020-04-09 17:26:42 --> 404 Page Not Found: 
ERROR - 2020-04-09 17:26:42 --> 404 Page Not Found: 
ERROR - 2020-04-09 17:26:43 --> 404 Page Not Found: 
ERROR - 2020-04-09 17:26:44 --> 404 Page Not Found: 
ERROR - 2020-04-09 17:26:44 --> 404 Page Not Found: 
ERROR - 2020-04-09 17:26:44 --> 404 Page Not Found: 
ERROR - 2020-04-09 17:26:45 --> 404 Page Not Found: 
ERROR - 2020-04-09 17:26:45 --> 404 Page Not Found: 
ERROR - 2020-04-09 17:26:45 --> 404 Page Not Found: 
ERROR - 2020-04-09 17:26:45 --> 404 Page Not Found: 
ERROR - 2020-04-09 17:26:45 --> 404 Page Not Found: 
ERROR - 2020-04-09 17:26:45 --> 404 Page Not Found: 
ERROR - 2020-04-09 17:26:46 --> 404 Page Not Found: 
ERROR - 2020-04-09 17:26:46 --> 404 Page Not Found: 
ERROR - 2020-04-09 17:26:46 --> 404 Page Not Found: 
ERROR - 2020-04-09 17:27:16 --> 404 Page Not Found: 
ERROR - 2020-04-09 17:27:16 --> 404 Page Not Found: 
ERROR - 2020-04-09 17:27:16 --> 404 Page Not Found: 
ERROR - 2020-04-09 17:27:16 --> 404 Page Not Found: 
ERROR - 2020-04-09 17:27:16 --> 404 Page Not Found: 
ERROR - 2020-04-09 17:27:16 --> 404 Page Not Found: 
ERROR - 2020-04-09 17:27:49 --> 404 Page Not Found: 
ERROR - 2020-04-09 17:27:49 --> 404 Page Not Found: 
ERROR - 2020-04-09 17:27:49 --> 404 Page Not Found: 
ERROR - 2020-04-09 17:27:49 --> 404 Page Not Found: 
ERROR - 2020-04-09 17:27:49 --> 404 Page Not Found: 
ERROR - 2020-04-09 17:27:49 --> 404 Page Not Found: 
ERROR - 2020-04-09 17:28:26 --> 404 Page Not Found: 
ERROR - 2020-04-09 17:28:26 --> 404 Page Not Found: 
ERROR - 2020-04-09 17:28:26 --> 404 Page Not Found: 
ERROR - 2020-04-09 17:28:26 --> 404 Page Not Found: 
ERROR - 2020-04-09 17:28:26 --> 404 Page Not Found: 
ERROR - 2020-04-09 17:28:26 --> 404 Page Not Found: 
ERROR - 2020-04-09 17:33:48 --> 404 Page Not Found: 
ERROR - 2020-04-09 17:33:48 --> 404 Page Not Found: 
ERROR - 2020-04-09 17:33:48 --> 404 Page Not Found: 
ERROR - 2020-04-09 17:33:48 --> 404 Page Not Found: 
ERROR - 2020-04-09 17:33:49 --> 404 Page Not Found: 
ERROR - 2020-04-09 17:33:49 --> 404 Page Not Found: 
ERROR - 2020-04-09 17:43:08 --> 404 Page Not Found: 
ERROR - 2020-04-09 17:43:08 --> 404 Page Not Found: 
ERROR - 2020-04-09 17:43:09 --> 404 Page Not Found: 
ERROR - 2020-04-09 17:43:09 --> 404 Page Not Found: 
ERROR - 2020-04-09 17:43:24 --> 404 Page Not Found: 
ERROR - 2020-04-09 17:43:24 --> 404 Page Not Found: 
ERROR - 2020-04-09 17:43:44 --> 404 Page Not Found: 
ERROR - 2020-04-09 17:43:44 --> 404 Page Not Found: 
ERROR - 2020-04-09 17:43:45 --> 404 Page Not Found: 
ERROR - 2020-04-09 17:43:45 --> 404 Page Not Found: 
ERROR - 2020-04-09 17:43:50 --> 404 Page Not Found: 
ERROR - 2020-04-09 17:44:05 --> 404 Page Not Found: 
ERROR - 2020-04-09 17:44:35 --> 404 Page Not Found: 
ERROR - 2020-04-09 17:44:48 --> 404 Page Not Found: 
ERROR - 2020-04-09 17:44:48 --> 404 Page Not Found: 
ERROR - 2020-04-09 17:44:48 --> 404 Page Not Found: 
ERROR - 2020-04-09 17:44:49 --> 404 Page Not Found: 
ERROR - 2020-04-09 17:44:49 --> 404 Page Not Found: 
ERROR - 2020-04-09 17:44:49 --> 404 Page Not Found: 
ERROR - 2020-04-09 17:44:49 --> 404 Page Not Found: 
ERROR - 2020-04-09 17:44:49 --> 404 Page Not Found: 
ERROR - 2020-04-09 17:44:50 --> 404 Page Not Found: 
ERROR - 2020-04-09 17:44:50 --> Severity: Warning --> Illegal string offset 'bhk' F:\FBP.com\application\controllers\Home.php 108
ERROR - 2020-04-09 17:44:50 --> Severity: Warning --> Illegal string offset 'bhk_range' F:\FBP.com\application\controllers\Home.php 108
ERROR - 2020-04-09 17:44:50 --> Severity: Warning --> Illegal string offset 'price' F:\FBP.com\application\controllers\Home.php 109
ERROR - 2020-04-09 17:44:50 --> Severity: Warning --> Illegal string offset 'price_range' F:\FBP.com\application\controllers\Home.php 109
ERROR - 2020-04-09 17:44:50 --> Severity: Warning --> Illegal string offset 'baths' F:\FBP.com\application\controllers\Home.php 110
ERROR - 2020-04-09 17:44:50 --> Severity: Warning --> Illegal string offset 'baths_range' F:\FBP.com\application\controllers\Home.php 110
ERROR - 2020-04-09 17:44:59 --> 404 Page Not Found: 
ERROR - 2020-04-09 17:44:59 --> 404 Page Not Found: 
ERROR - 2020-04-09 17:44:59 --> 404 Page Not Found: 
ERROR - 2020-04-09 17:44:59 --> 404 Page Not Found: 
ERROR - 2020-04-09 17:45:00 --> 404 Page Not Found: 
ERROR - 2020-04-09 17:45:00 --> 404 Page Not Found: 
ERROR - 2020-04-09 17:45:31 --> 404 Page Not Found: 
ERROR - 2020-04-09 17:45:31 --> 404 Page Not Found: 
ERROR - 2020-04-09 17:45:32 --> 404 Page Not Found: 
ERROR - 2020-04-09 17:45:32 --> 404 Page Not Found: 
ERROR - 2020-04-09 17:45:50 --> 404 Page Not Found: 
ERROR - 2020-04-09 17:45:50 --> 404 Page Not Found: 
ERROR - 2020-04-09 17:46:01 --> 404 Page Not Found: 
ERROR - 2020-04-09 17:46:21 --> 404 Page Not Found: 
