ERROR - 2020-02-06 10:23:28 --> Language file contains no data: language/english/achievements_lang.php
ERROR - 2020-02-06 10:23:28 --> Could not find the language line "achievements title addAchievement"
ERROR - 2020-02-06 10:23:32 --> Language file contains no data: language/english/achievements_lang.php
ERROR - 2020-02-06 10:23:32 --> Could not find the language line "achievements title achievements"
ERROR - 2020-02-06 10:23:34 --> Language file contains no data: language/english/achievements_lang.php
ERROR - 2020-02-06 10:23:34 --> Could not find the language line "achievements title editAchievement"
ERROR - 2020-02-06 10:24:50 --> Language file contains no data: language/english/achievements_lang.php
ERROR - 2020-02-06 10:24:50 --> Could not find the language line "achievements title editAchievement"
ERROR - 2020-02-06 10:25:13 --> Language file contains no data: language/english/achievements_lang.php
ERROR - 2020-02-06 10:25:13 --> Could not find the language line "achievements title editAchievement"
ERROR - 2020-02-06 10:25:44 --> Language file contains no data: language/english/achievements_lang.php
ERROR - 2020-02-06 10:25:44 --> Language file contains no data: language/english/achievements_lang.php
ERROR - 2020-02-06 10:25:44 --> Could not find the language line "achievements title achievements"
ERROR - 2020-02-06 10:25:46 --> Language file contains no data: language/english/achievements_lang.php
ERROR - 2020-02-06 10:25:46 --> Could not find the language line "achievements title editAchievement"
ERROR - 2020-02-06 10:25:50 --> Language file contains no data: language/english/achievements_lang.php
ERROR - 2020-02-06 10:25:50 --> Language file contains no data: language/english/achievements_lang.php
ERROR - 2020-02-06 10:25:50 --> Could not find the language line "achievements title achievements"
ERROR - 2020-02-06 10:25:52 --> Language file contains no data: language/english/achievements_lang.php
ERROR - 2020-02-06 10:25:52 --> Could not find the language line "achievements title editAchievement"
ERROR - 2020-02-06 10:27:00 --> Language file contains no data: language/english/achievements_lang.php
ERROR - 2020-02-06 10:27:00 --> Could not find the language line "achievements title addAchievement"
ERROR - 2020-02-06 10:27:17 --> Language file contains no data: language/english/achievements_lang.php
ERROR - 2020-02-06 10:27:24 --> Language file contains no data: language/english/achievements_lang.php
ERROR - 2020-02-06 10:27:24 --> Could not find the language line "achievements title addAchievement"
ERROR - 2020-02-06 10:27:52 --> Language file contains no data: language/english/achievements_lang.php
ERROR - 2020-02-06 10:27:52 --> Could not find the language line "achievements title achievements"
ERROR - 2020-02-06 10:28:02 --> Language file contains no data: language/english/achievements_lang.php
ERROR - 2020-02-06 10:28:02 --> Could not find the language line "achievements title editAchievement"
ERROR - 2020-02-06 10:33:09 --> 404 Page Not Found: 
ERROR - 2020-02-06 10:50:56 --> Severity: error --> Exception: syntax error, unexpected '<', expecting end of file F:\FBP.com\application\views\about.php 246
ERROR - 2020-02-06 12:27:37 --> 404 Page Not Found: 
ERROR - 2020-02-06 12:27:42 --> 404 Page Not Found: 
ERROR - 2020-02-06 15:34:55 --> Query error: Table 'nkmtein_fullbasket_new.nri' doesn't exist - Invalid query: SELECT *
FROM `nri`
WHERE `name` = 'first_title'
ERROR - 2020-02-06 15:44:21 --> Severity: error --> Exception: Call to a member function getOption() on null F:\FBP.com\application\views\admin\Nri.php 51
ERROR - 2020-02-06 15:48:09 --> Severity: error --> Exception: Call to a member function getOption() on null F:\FBP.com\application\views\nri.php 198
ERROR - 2020-02-06 15:49:17 --> Severity: error --> Exception: Call to a member function getOption() on null F:\FBP.com\application\views\nri.php 198
ERROR - 2020-02-06 15:49:41 --> Severity: error --> Exception: Call to a member function getOption() on null F:\FBP.com\application\views\nri.php 198
ERROR - 2020-02-06 15:49:58 --> Severity: error --> Exception: Call to a member function getOption() on null F:\FBP.com\application\views\nri.php 198
ERROR - 2020-02-06 15:50:30 --> Severity: error --> Exception: Call to a member function getOption() on null F:\FBP.com\application\views\nri.php 198
ERROR - 2020-02-06 15:50:43 --> Severity: error --> Exception: Call to a member function getOption() on null F:\FBP.com\application\views\nri.php 198
ERROR - 2020-02-06 15:52:24 --> Severity: error --> Exception: Call to a member function getOption() on null F:\FBP.com\application\views\nri.php 198
ERROR - 2020-02-06 15:53:21 --> Severity: error --> Exception: Call to a member function getOption() on null F:\FBP.com\application\views\nri.php 198
ERROR - 2020-02-06 15:54:27 --> Severity: error --> Exception: Call to a member function getWhere() on null F:\FBP.com\application\controllers\Home.php 1015
ERROR - 2020-02-06 15:54:28 --> Severity: error --> Exception: Call to a member function getWhere() on null F:\FBP.com\application\controllers\Home.php 1015
ERROR - 2020-02-06 15:55:38 --> Severity: error --> Exception: Call to a member function getOption() on null F:\FBP.com\application\views\nri.php 198
ERROR - 2020-02-06 15:56:39 --> Severity: error --> Exception: Call to a member function getOption() on null F:\FBP.com\application\views\nri.php 198
ERROR - 2020-02-06 15:56:40 --> Severity: error --> Exception: Call to a member function getOption() on null F:\FBP.com\application\views\nri.php 198
ERROR - 2020-02-06 15:57:49 --> Severity: error --> Exception: Call to a member function getOption() on null F:\FBP.com\application\views\nri.php 198
ERROR - 2020-02-06 15:57:50 --> Severity: error --> Exception: Call to a member function getOption() on null F:\FBP.com\application\views\nri.php 198
ERROR - 2020-02-06 16:00:15 --> Severity: error --> Exception: Call to a member function getOption() on null F:\FBP.com\application\controllers\Home.php 1015
ERROR - 2020-02-06 16:00:17 --> Severity: error --> Exception: Call to a member function getOption() on null F:\FBP.com\application\controllers\Home.php 1015
ERROR - 2020-02-06 16:01:25 --> Severity: error --> Exception: Call to a member function getOption() on null F:\FBP.com\application\controllers\Home.php 1015
ERROR - 2020-02-06 16:01:26 --> Severity: error --> Exception: Call to a member function getOption() on null F:\FBP.com\application\controllers\Home.php 1015
ERROR - 2020-02-06 16:01:42 --> Severity: error --> Exception: Call to a member function getOption1() on null F:\FBP.com\application\controllers\Home.php 1015
ERROR - 2020-02-06 16:01:43 --> Severity: error --> Exception: Call to a member function getOption1() on null F:\FBP.com\application\controllers\Home.php 1015
ERROR - 2020-02-06 16:02:32 --> Severity: error --> Exception: Call to a member function getContent() on null F:\FBP.com\application\controllers\Home.php 1015
ERROR - 2020-02-06 16:02:34 --> Severity: error --> Exception: Call to a member function getContent() on null F:\FBP.com\application\controllers\Home.php 1015
ERROR - 2020-02-06 16:02:34 --> Severity: error --> Exception: Call to a member function getContent() on null F:\FBP.com\application\controllers\Home.php 1015
ERROR - 2020-02-06 16:02:34 --> Severity: error --> Exception: Call to a member function getContent() on null F:\FBP.com\application\controllers\Home.php 1015
ERROR - 2020-02-06 16:02:35 --> Severity: error --> Exception: Call to a member function getContent() on null F:\FBP.com\application\controllers\Home.php 1015
ERROR - 2020-02-06 16:04:52 --> Severity: error --> Exception: Call to a member function getContent() on null F:\FBP.com\application\controllers\Home.php 1015
ERROR - 2020-02-06 16:04:53 --> Severity: error --> Exception: Call to a member function getContent() on null F:\FBP.com\application\controllers\Home.php 1015
ERROR - 2020-02-06 16:04:54 --> Severity: error --> Exception: Call to a member function getContent() on null F:\FBP.com\application\controllers\Home.php 1015
ERROR - 2020-02-06 16:04:54 --> Severity: error --> Exception: Call to a member function getContent() on null F:\FBP.com\application\controllers\Home.php 1015
ERROR - 2020-02-06 16:04:54 --> Severity: error --> Exception: Call to a member function getContent() on null F:\FBP.com\application\controllers\Home.php 1015
ERROR - 2020-02-06 16:05:06 --> Severity: error --> Exception: Call to a member function getContent() on null F:\FBP.com\application\controllers\Home.php 1015
ERROR - 2020-02-06 16:05:07 --> Severity: error --> Exception: Call to a member function getContent() on null F:\FBP.com\application\controllers\Home.php 1015
ERROR - 2020-02-06 16:05:16 --> Severity: error --> Exception: Call to a member function getContent() on null F:\FBP.com\application\controllers\Home.php 1015
ERROR - 2020-02-06 16:05:16 --> Severity: error --> Exception: Call to a member function getContent() on null F:\FBP.com\application\controllers\Home.php 1015
ERROR - 2020-02-06 16:07:39 --> Severity: error --> Exception: Call to a member function getContent() on null F:\FBP.com\application\controllers\Home.php 1015
ERROR - 2020-02-06 16:07:40 --> Severity: error --> Exception: Call to a member function getContent() on null F:\FBP.com\application\controllers\Home.php 1015
ERROR - 2020-02-06 16:20:14 --> Severity: error --> Exception: Call to a member function getContent() on null F:\FBP.com\application\controllers\Home.php 1015
ERROR - 2020-02-06 16:21:43 --> Severity: error --> Exception: Call to a member function getContent() on null F:\FBP.com\application\controllers\Home.php 1015
ERROR - 2020-02-06 16:21:44 --> Severity: error --> Exception: Call to a member function getContent() on null F:\FBP.com\application\controllers\Home.php 1015
ERROR - 2020-02-06 16:23:38 --> Severity: error --> Exception: Call to a member function getContent() on null F:\FBP.com\application\controllers\Home.php 1015
ERROR - 2020-02-06 16:23:39 --> Severity: error --> Exception: Call to a member function getContent() on null F:\FBP.com\application\controllers\Home.php 1015
ERROR - 2020-02-06 16:24:15 --> Severity: error --> Exception: Call to a member function getContent() on null F:\FBP.com\application\controllers\Home.php 1015
ERROR - 2020-02-06 16:24:16 --> Severity: error --> Exception: Call to a member function getContent() on null F:\FBP.com\application\controllers\Home.php 1015
ERROR - 2020-02-06 16:24:16 --> Severity: error --> Exception: Call to a member function getContent() on null F:\FBP.com\application\controllers\Home.php 1015
ERROR - 2020-02-06 16:24:16 --> Severity: error --> Exception: Call to a member function getContent() on null F:\FBP.com\application\controllers\Home.php 1015
ERROR - 2020-02-06 16:24:16 --> Severity: error --> Exception: Call to a member function getContent() on null F:\FBP.com\application\controllers\Home.php 1015
ERROR - 2020-02-06 16:24:17 --> Severity: error --> Exception: Call to a member function getContent() on null F:\FBP.com\application\controllers\Home.php 1015
ERROR - 2020-02-06 16:24:17 --> Severity: error --> Exception: Call to a member function getContent() on null F:\FBP.com\application\controllers\Home.php 1015
ERROR - 2020-02-06 16:24:17 --> Severity: error --> Exception: Call to a member function getContent() on null F:\FBP.com\application\controllers\Home.php 1015
ERROR - 2020-02-06 16:24:17 --> Severity: error --> Exception: Call to a member function getContent() on null F:\FBP.com\application\controllers\Home.php 1015
ERROR - 2020-02-06 16:24:17 --> Severity: error --> Exception: Call to a member function getContent() on null F:\FBP.com\application\controllers\Home.php 1015
ERROR - 2020-02-06 16:24:17 --> Severity: error --> Exception: Call to a member function getContent() on null F:\FBP.com\application\controllers\Home.php 1015
ERROR - 2020-02-06 16:24:18 --> Severity: error --> Exception: Call to a member function getContent() on null F:\FBP.com\application\controllers\Home.php 1015
ERROR - 2020-02-06 16:24:18 --> Severity: error --> Exception: Call to a member function getContent() on null F:\FBP.com\application\controllers\Home.php 1015
ERROR - 2020-02-06 16:24:18 --> Severity: error --> Exception: Call to a member function getContent() on null F:\FBP.com\application\controllers\Home.php 1015
ERROR - 2020-02-06 16:24:18 --> Severity: error --> Exception: Call to a member function getContent() on null F:\FBP.com\application\controllers\Home.php 1015
ERROR - 2020-02-06 16:24:18 --> Severity: error --> Exception: Call to a member function getContent() on null F:\FBP.com\application\controllers\Home.php 1015
ERROR - 2020-02-06 16:24:18 --> Severity: error --> Exception: Call to a member function getContent() on null F:\FBP.com\application\controllers\Home.php 1015
ERROR - 2020-02-06 16:24:18 --> Severity: error --> Exception: Call to a member function getContent() on null F:\FBP.com\application\controllers\Home.php 1015
ERROR - 2020-02-06 16:24:19 --> Severity: error --> Exception: Call to a member function getContent() on null F:\FBP.com\application\controllers\Home.php 1015
ERROR - 2020-02-06 16:24:19 --> Severity: error --> Exception: Call to a member function getContent() on null F:\FBP.com\application\controllers\Home.php 1015
ERROR - 2020-02-06 16:24:19 --> Severity: error --> Exception: Call to a member function getContent() on null F:\FBP.com\application\controllers\Home.php 1015
ERROR - 2020-02-06 16:24:19 --> Severity: error --> Exception: Call to a member function getContent() on null F:\FBP.com\application\controllers\Home.php 1015
ERROR - 2020-02-06 16:24:19 --> Severity: error --> Exception: Call to a member function getContent() on null F:\FBP.com\application\controllers\Home.php 1015
ERROR - 2020-02-06 16:24:19 --> Severity: error --> Exception: Call to a member function getContent() on null F:\FBP.com\application\controllers\Home.php 1015
ERROR - 2020-02-06 16:24:50 --> Severity: error --> Exception: Call to a member function getContent() on null F:\FBP.com\application\controllers\Home.php 1015
ERROR - 2020-02-06 16:25:16 --> Severity: error --> Exception: Call to a member function getContent() on null F:\FBP.com\application\controllers\Home.php 1015
ERROR - 2020-02-06 16:25:17 --> Severity: error --> Exception: Call to a member function getContent() on null F:\FBP.com\application\controllers\Home.php 1015
ERROR - 2020-02-06 16:25:23 --> Severity: error --> Exception: Call to a member function getContent() on null F:\FBP.com\application\controllers\Home.php 1015
ERROR - 2020-02-06 16:26:47 --> Severity: error --> Exception: Call to a member function getContent() on null F:\FBP.com\application\controllers\Home.php 1015
ERROR - 2020-02-06 16:26:48 --> Severity: error --> Exception: Call to a member function getContent() on null F:\FBP.com\application\controllers\Home.php 1015
ERROR - 2020-02-06 16:27:27 --> Severity: error --> Exception: Call to a member function getContent() on null F:\FBP.com\application\controllers\Home.php 1015
ERROR - 2020-02-06 16:27:28 --> Severity: error --> Exception: Call to a member function getContent() on null F:\FBP.com\application\controllers\Home.php 1015
ERROR - 2020-02-06 16:27:59 --> Severity: error --> Exception: Call to a member function getContent() on null F:\FBP.com\application\controllers\Home.php 1015
ERROR - 2020-02-06 16:28:14 --> Severity: error --> Exception: Call to a member function getContent() on null F:\FBP.com\application\controllers\Home.php 1015
ERROR - 2020-02-06 16:28:41 --> Severity: error --> Exception: Call to a member function getContent() on null F:\FBP.com\application\controllers\Home.php 1015
ERROR - 2020-02-06 16:28:53 --> Severity: error --> Exception: Call to a member function getCsfgsdfontent() on null F:\FBP.com\application\controllers\Home.php 1015
ERROR - 2020-02-06 16:30:07 --> Severity: error --> Exception: Call to a member function getContent() on null F:\FBP.com\application\controllers\Home.php 1015
ERROR - 2020-02-06 16:30:08 --> Severity: error --> Exception: Call to a member function getContent() on null F:\FBP.com\application\controllers\Home.php 1015
ERROR - 2020-02-06 16:30:18 --> Severity: error --> Exception: Call to a member function getOption() on null F:\FBP.com\application\controllers\Home.php 1015
ERROR - 2020-02-06 16:30:20 --> Severity: error --> Exception: Call to a member function getOption() on null F:\FBP.com\application\controllers\Home.php 1015
ERROR - 2020-02-06 16:31:11 --> Severity: error --> Exception: Call to a member function getOption() on null F:\FBP.com\application\views\nri.php 198
ERROR - 2020-02-06 16:31:18 --> Severity: error --> Exception: Call to a member function getOption() on null F:\FBP.com\application\views\nri.php 198
ERROR - 2020-02-06 16:31:41 --> Severity: error --> Exception: Call to a member function getOption() on null F:\FBP.com\application\views\nri.php 198
ERROR - 2020-02-06 16:31:43 --> Severity: error --> Exception: Call to a member function getOption() on null F:\FBP.com\application\views\nri.php 198
ERROR - 2020-02-06 16:31:44 --> Severity: error --> Exception: Call to a member function getOption() on null F:\FBP.com\application\views\nri.php 198
ERROR - 2020-02-06 16:32:29 --> Severity: error --> Exception: Call to a member function getOption() on null F:\FBP.com\application\views\nri.php 198
ERROR - 2020-02-06 16:33:00 --> Severity: error --> Exception: Call to a member function getOption() on null F:\FBP.com\application\views\nri.php 198
ERROR - 2020-02-06 16:33:33 --> Severity: error --> Exception: Call to a member function getvalue() on null F:\FBP.com\application\views\nri.php 198
ERROR - 2020-02-06 16:34:33 --> Severity: error --> Exception: Call to a member function getvalue() on null F:\FBP.com\application\views\nri.php 198
ERROR - 2020-02-06 16:34:40 --> Severity: error --> Exception: Call to a member function getOption() on null F:\FBP.com\application\controllers\Home.php 1015
ERROR - 2020-02-06 16:35:08 --> Severity: error --> Exception: Call to a member function getOption() on null F:\FBP.com\application\controllers\Home.php 1015
ERROR - 2020-02-06 16:35:09 --> Severity: error --> Exception: Call to a member function getOption() on null F:\FBP.com\application\controllers\Home.php 1015
ERROR - 2020-02-06 16:35:17 --> Severity: error --> Exception: Call to a member function getOption() on null F:\FBP.com\application\controllers\Home.php 1015
ERROR - 2020-02-06 16:35:23 --> Severity: error --> Exception: Call to a member function getOption() on null F:\FBP.com\application\controllers\Home.php 1015
ERROR - 2020-02-06 16:35:23 --> Severity: error --> Exception: Call to a member function getOption() on null F:\FBP.com\application\controllers\Home.php 1015
ERROR - 2020-02-06 16:35:33 --> Severity: error --> Exception: Call to a member function getOption() on null F:\FBP.com\application\controllers\Home.php 1015
ERROR - 2020-02-06 16:35:33 --> Severity: error --> Exception: Call to a member function getOption() on null F:\FBP.com\application\controllers\Home.php 1015
ERROR - 2020-02-06 12:06:59 --> Severity: error --> Exception: syntax error, unexpected ',' F:\FBP.com\application\models\AboutUs_model.php 23
ERROR - 2020-02-06 12:06:59 --> Severity: error --> Exception: syntax error, unexpected ',' F:\FBP.com\application\models\AboutUs_model.php 23
ERROR - 2020-02-06 16:37:36 --> Severity: error --> Exception: Call to a member function getcontent() on null F:\FBP.com\application\controllers\Home.php 1015
ERROR - 2020-02-06 16:37:37 --> Severity: error --> Exception: Call to a member function getcontent() on null F:\FBP.com\application\controllers\Home.php 1015
ERROR - 2020-02-06 16:38:28 --> Severity: error --> Exception: Call to a member function getcontent() on null F:\FBP.com\application\controllers\Home.php 1015
ERROR - 2020-02-06 16:38:28 --> Severity: error --> Exception: Call to a member function getcontent() on null F:\FBP.com\application\controllers\Home.php 1015
ERROR - 2020-02-06 16:38:29 --> Severity: error --> Exception: Call to a member function getcontent() on null F:\FBP.com\application\controllers\Home.php 1015
ERROR - 2020-02-06 16:38:29 --> Severity: error --> Exception: Call to a member function getcontent() on null F:\FBP.com\application\controllers\Home.php 1015
ERROR - 2020-02-06 16:38:29 --> Severity: error --> Exception: Call to a member function getcontent() on null F:\FBP.com\application\controllers\Home.php 1015
ERROR - 2020-02-06 16:38:29 --> Severity: error --> Exception: Call to a member function getcontent() on null F:\FBP.com\application\controllers\Home.php 1015
ERROR - 2020-02-06 16:38:46 --> Severity: error --> Exception: Call to a member function getcontent() on null F:\FBP.com\application\controllers\Home.php 1015
ERROR - 2020-02-06 16:39:02 --> Severity: error --> Exception: Call to a member function getOption() on null F:\FBP.com\application\controllers\Home.php 1015
ERROR - 2020-02-06 16:39:14 --> Severity: error --> Exception: Call to a member function getOption() on null F:\FBP.com\application\controllers\Home.php 1015
ERROR - 2020-02-06 16:39:18 --> Severity: error --> Exception: Call to a member function getOptionf() on null F:\FBP.com\application\controllers\Home.php 1015
ERROR - 2020-02-06 17:10:30 --> Severity: error --> Exception: Call to a member function getOption() on null F:\FBP.com\application\controllers\Home.php 1015
ERROR - 2020-02-06 17:10:39 --> Severity: error --> Exception: Call to a member function getOptions() on null F:\FBP.com\application\controllers\Home.php 1015
ERROR - 2020-02-06 17:11:26 --> Severity: error --> Exception: Call to a member function getOptions() on null F:\FBP.com\application\controllers\Home.php 1015
ERROR - 2020-02-06 17:11:27 --> Severity: error --> Exception: Call to a member function getOptions() on null F:\FBP.com\application\controllers\Home.php 1015
ERROR - 2020-02-06 17:11:55 --> Severity: error --> Exception: Call to a member function getOption() on null F:\FBP.com\application\views\nri.php 198
ERROR - 2020-02-06 17:12:33 --> Severity: error --> Exception: Call to a member function getOption() on null F:\FBP.com\application\views\nri.php 198
ERROR - 2020-02-06 17:12:34 --> Severity: error --> Exception: Call to a member function getOption() on null F:\FBP.com\application\views\nri.php 198
ERROR - 2020-02-06 17:14:36 --> Severity: error --> Exception: Call to a member function getOption() on null F:\FBP.com\application\views\nri.php 198
ERROR - 2020-02-06 17:15:08 --> Severity: error --> Exception: Call to a member function getOption() on null F:\FBP.com\application\views\nri.php 199
ERROR - 2020-02-06 17:16:06 --> Severity: error --> Exception: Call to a member function getOption() on null F:\FBP.com\application\views\nri.php 199
ERROR - 2020-02-06 17:16:08 --> Severity: error --> Exception: Call to a member function getOption() on null F:\FBP.com\application\views\nri.php 199
ERROR - 2020-02-06 17:19:01 --> Severity: error --> Exception: Call to a member function getOption() on null F:\FBP.com\application\views\admin\Nri.php 47
