ERROR - 2020-07-10 13:13:33 --> 404 Page Not Found: 
ERROR - 2020-07-10 13:13:33 --> 404 Page Not Found: 
ERROR - 2020-07-10 13:13:33 --> 404 Page Not Found: 
ERROR - 2020-07-10 13:13:33 --> 404 Page Not Found: 
ERROR - 2020-07-10 13:13:33 --> 404 Page Not Found: 
ERROR - 2020-07-10 13:13:34 --> 404 Page Not Found: 
ERROR - 2020-07-10 13:13:34 --> 404 Page Not Found: 
ERROR - 2020-07-10 13:13:34 --> 404 Page Not Found: 
ERROR - 2020-07-10 13:13:34 --> 404 Page Not Found: 
ERROR - 2020-07-10 13:13:36 --> 404 Page Not Found: 
ERROR - 2020-07-10 13:13:37 --> 404 Page Not Found: 
ERROR - 2020-07-10 13:13:37 --> Severity: Warning --> Illegal string offset 'bhk' F:\FBP.com\application\controllers\Home.php 108
ERROR - 2020-07-10 13:13:37 --> Severity: Warning --> Illegal string offset 'bhk_range' F:\FBP.com\application\controllers\Home.php 108
ERROR - 2020-07-10 13:13:37 --> Severity: Warning --> Illegal string offset 'price' F:\FBP.com\application\controllers\Home.php 109
ERROR - 2020-07-10 13:13:37 --> Severity: Warning --> Illegal string offset 'price_range' F:\FBP.com\application\controllers\Home.php 109
ERROR - 2020-07-10 13:13:37 --> Severity: Warning --> Illegal string offset 'baths' F:\FBP.com\application\controllers\Home.php 110
ERROR - 2020-07-10 13:13:37 --> Severity: Warning --> Illegal string offset 'baths_range' F:\FBP.com\application\controllers\Home.php 110
ERROR - 2020-07-10 13:13:45 --> 404 Page Not Found: 
ERROR - 2020-07-10 13:13:45 --> 404 Page Not Found: 
ERROR - 2020-07-10 13:13:45 --> 404 Page Not Found: 
ERROR - 2020-07-10 13:13:47 --> 404 Page Not Found: 
ERROR - 2020-07-10 13:13:48 --> 404 Page Not Found: 
ERROR - 2020-07-10 19:30:11 --> 404 Page Not Found: 
ERROR - 2020-07-10 19:30:11 --> 404 Page Not Found: 
ERROR - 2020-07-10 19:30:11 --> 404 Page Not Found: 
ERROR - 2020-07-10 19:30:11 --> 404 Page Not Found: 
ERROR - 2020-07-10 19:30:11 --> 404 Page Not Found: 
ERROR - 2020-07-10 19:30:12 --> 404 Page Not Found: 
ERROR - 2020-07-10 19:30:12 --> 404 Page Not Found: 
ERROR - 2020-07-10 19:30:12 --> 404 Page Not Found: 
ERROR - 2020-07-10 19:30:12 --> 404 Page Not Found: 
ERROR - 2020-07-10 19:30:13 --> 404 Page Not Found: 
ERROR - 2020-07-10 19:30:14 --> 404 Page Not Found: 
ERROR - 2020-07-10 19:30:14 --> 404 Page Not Found: 
ERROR - 2020-07-10 19:30:14 --> 404 Page Not Found: 
ERROR - 2020-07-10 19:30:14 --> 404 Page Not Found: 
ERROR - 2020-07-10 19:30:14 --> 404 Page Not Found: 
ERROR - 2020-07-10 19:30:14 --> 404 Page Not Found: 
ERROR - 2020-07-10 19:30:14 --> 404 Page Not Found: 
ERROR - 2020-07-10 19:30:14 --> 404 Page Not Found: 
ERROR - 2020-07-10 19:30:14 --> 404 Page Not Found: 
ERROR - 2020-07-10 19:30:15 --> 404 Page Not Found: 
ERROR - 2020-07-10 19:30:15 --> 404 Page Not Found: 
ERROR - 2020-07-10 19:30:15 --> 404 Page Not Found: 
ERROR - 2020-07-10 19:30:15 --> 404 Page Not Found: 
ERROR - 2020-07-10 19:30:15 --> 404 Page Not Found: 
ERROR - 2020-07-10 19:30:15 --> 404 Page Not Found: 
ERROR - 2020-07-10 19:30:15 --> 404 Page Not Found: 
ERROR - 2020-07-10 19:33:45 --> Severity: Warning --> Illegal string offset 'bhk' F:\FBP.com\application\controllers\Home.php 108
ERROR - 2020-07-10 19:33:45 --> Severity: Warning --> Illegal string offset 'bhk_range' F:\FBP.com\application\controllers\Home.php 108
ERROR - 2020-07-10 19:33:45 --> Severity: Warning --> Illegal string offset 'price' F:\FBP.com\application\controllers\Home.php 109
ERROR - 2020-07-10 19:33:45 --> Severity: Warning --> Illegal string offset 'price_range' F:\FBP.com\application\controllers\Home.php 109
ERROR - 2020-07-10 19:33:45 --> Severity: Warning --> Illegal string offset 'baths' F:\FBP.com\application\controllers\Home.php 110
ERROR - 2020-07-10 19:33:45 --> Severity: Warning --> Illegal string offset 'baths_range' F:\FBP.com\application\controllers\Home.php 110
ERROR - 2020-07-10 19:40:28 --> 404 Page Not Found: 
ERROR - 2020-07-10 19:40:28 --> 404 Page Not Found: 
ERROR - 2020-07-10 19:40:28 --> 404 Page Not Found: 
ERROR - 2020-07-10 19:40:28 --> 404 Page Not Found: 
ERROR - 2020-07-10 19:40:28 --> 404 Page Not Found: 
ERROR - 2020-07-10 19:40:28 --> 404 Page Not Found: 
ERROR - 2020-07-10 19:40:29 --> 404 Page Not Found: 
ERROR - 2020-07-10 19:40:29 --> 404 Page Not Found: 
ERROR - 2020-07-10 19:40:29 --> 404 Page Not Found: 
ERROR - 2020-07-10 19:40:29 --> 404 Page Not Found: 
ERROR - 2020-07-10 19:40:29 --> 404 Page Not Found: 
ERROR - 2020-07-10 19:40:30 --> 404 Page Not Found: 
ERROR - 2020-07-10 19:40:30 --> 404 Page Not Found: 
ERROR - 2020-07-10 19:40:30 --> 404 Page Not Found: 
ERROR - 2020-07-10 19:40:30 --> 404 Page Not Found: 
ERROR - 2020-07-10 19:40:31 --> 404 Page Not Found: 
ERROR - 2020-07-10 19:40:31 --> 404 Page Not Found: 
ERROR - 2020-07-10 19:40:31 --> 404 Page Not Found: 
ERROR - 2020-07-10 19:40:32 --> 404 Page Not Found: 
ERROR - 2020-07-10 19:40:32 --> 404 Page Not Found: 
ERROR - 2020-07-10 19:40:32 --> 404 Page Not Found: 
ERROR - 2020-07-10 19:40:32 --> 404 Page Not Found: 
ERROR - 2020-07-10 19:40:33 --> 404 Page Not Found: 
ERROR - 2020-07-10 19:40:33 --> 404 Page Not Found: 
ERROR - 2020-07-10 19:40:33 --> 404 Page Not Found: 
ERROR - 2020-07-10 19:40:33 --> 404 Page Not Found: 
ERROR - 2020-07-10 19:41:01 --> Severity: Warning --> Illegal string offset 'bhk' F:\FBP.com\application\controllers\Home.php 108
ERROR - 2020-07-10 19:41:01 --> Severity: Warning --> Illegal string offset 'bhk_range' F:\FBP.com\application\controllers\Home.php 108
ERROR - 2020-07-10 19:41:01 --> Severity: Warning --> Illegal string offset 'price' F:\FBP.com\application\controllers\Home.php 109
ERROR - 2020-07-10 19:41:01 --> Severity: Warning --> Illegal string offset 'price_range' F:\FBP.com\application\controllers\Home.php 109
ERROR - 2020-07-10 19:41:01 --> Severity: Warning --> Illegal string offset 'baths' F:\FBP.com\application\controllers\Home.php 110
ERROR - 2020-07-10 19:41:01 --> Severity: Warning --> Illegal string offset 'baths_range' F:\FBP.com\application\controllers\Home.php 110
