ERROR - 2018-07-13 00:03:57 --> 404 Page Not Found: 
ERROR - 2018-07-13 00:44:32 --> 404 Page Not Found: 
ERROR - 2018-07-13 01:38:21 --> 404 Page Not Found: 
ERROR - 2018-07-13 02:07:04 --> 404 Page Not Found: 
ERROR - 2018-07-13 04:10:27 --> 404 Page Not Found: 
ERROR - 2018-07-13 05:34:43 --> 404 Page Not Found: 
ERROR - 2018-07-13 06:30:27 --> 404 Page Not Found: 
ERROR - 2018-07-13 09:36:51 --> 404 Page Not Found: 
ERROR - 2018-07-13 09:39:20 --> 404 Page Not Found: 
ERROR - 2018-07-13 09:50:17 --> 404 Page Not Found: 
ERROR - 2018-07-13 10:11:17 --> 404 Page Not Found: 
ERROR - 2018-07-13 10:12:31 --> Severity: Warning --> Division by zero /home/nkmtein/public_html/fullbasketproperty.com/application/core/Public_Controller.php 47
ERROR - 2018-07-13 10:12:49 --> Severity: Warning --> Division by zero /home/nkmtein/public_html/fullbasketproperty.com/application/core/Public_Controller.php 47
ERROR - 2018-07-13 10:13:01 --> Severity: Warning --> Division by zero /home/nkmtein/public_html/fullbasketproperty.com/application/core/Public_Controller.php 47
ERROR - 2018-07-13 10:13:27 --> Severity: Warning --> Division by zero /home/nkmtein/public_html/fullbasketproperty.com/application/core/Public_Controller.php 47
ERROR - 2018-07-13 10:13:42 --> Severity: Warning --> Division by zero /home/nkmtein/public_html/fullbasketproperty.com/application/core/Public_Controller.php 47
ERROR - 2018-07-13 10:14:08 --> Severity: Warning --> Division by zero /home/nkmtein/public_html/fullbasketproperty.com/application/core/Public_Controller.php 47
ERROR - 2018-07-13 10:16:22 --> Severity: Warning --> Division by zero /home/nkmtein/public_html/fullbasketproperty.com/application/core/Public_Controller.php 47
ERROR - 2018-07-13 10:16:43 --> 404 Page Not Found: 
ERROR - 2018-07-13 10:16:55 --> 404 Page Not Found: 
ERROR - 2018-07-13 10:17:03 --> Severity: Warning --> Division by zero /home/nkmtein/public_html/fullbasketproperty.com/application/core/Public_Controller.php 47
ERROR - 2018-07-13 12:53:54 --> 404 Page Not Found: 
ERROR - 2018-07-13 15:29:37 --> Query error: You have an error in your SQL syntax; check the manual that corresponds to your MySQL server version for the right syntax to use near '-10, 10' at line 11 - Invalid query: SELECT DISTINCT `p`.*, `c`.`name` as `city_name`, `ps`.`name` as `property_status`, `pt`.`name` as `prop_type`, `b`.`name` as `builder`, `l`.`name` as `location`
FROM `properties` `p`
LEFT JOIN `cities` `c` ON `p`.`city_id` = `c`.`id`
LEFT JOIN `builders` `b` ON `p`.`builder_id` = `b`.`id`
LEFT JOIN `locations` `l` ON `p`.`location_id` = `l`.`id`
LEFT JOIN `property_types` `pt` ON `p`.`property_type_id` = `pt`.`id`
LEFT JOIN `property_status` `ps` ON `p`.`property_status_id` = `ps`.`id`
LEFT JOIN `property_amenities` `pa` ON `pa`.`property_id` = `p`.`id`
WHERE `p`.`status` = 1
ORDER BY `p`.`id` DESC
 LIMIT -10, 10
ERROR - 2018-07-13 15:29:40 --> Query error: You have an error in your SQL syntax; check the manual that corresponds to your MySQL server version for the right syntax to use near '-10, 10' at line 11 - Invalid query: SELECT DISTINCT `p`.*, `c`.`name` as `city_name`, `ps`.`name` as `property_status`, `pt`.`name` as `prop_type`, `b`.`name` as `builder`, `l`.`name` as `location`
FROM `properties` `p`
LEFT JOIN `cities` `c` ON `p`.`city_id` = `c`.`id`
LEFT JOIN `builders` `b` ON `p`.`builder_id` = `b`.`id`
LEFT JOIN `locations` `l` ON `p`.`location_id` = `l`.`id`
LEFT JOIN `property_types` `pt` ON `p`.`property_type_id` = `pt`.`id`
LEFT JOIN `property_status` `ps` ON `p`.`property_status_id` = `ps`.`id`
LEFT JOIN `property_amenities` `pa` ON `pa`.`property_id` = `p`.`id`
WHERE `p`.`status` = 1
ORDER BY `p`.`id` DESC
 LIMIT -10, 10
ERROR - 2018-07-13 16:24:52 --> Query error: You have an error in your SQL syntax; check the manual that corresponds to your MySQL server version for the right syntax to use near '-10, 10' at line 11 - Invalid query: SELECT DISTINCT `p`.*, `c`.`name` as `city_name`, `ps`.`name` as `property_status`, `pt`.`name` as `prop_type`, `b`.`name` as `builder`, `l`.`name` as `location`
FROM `properties` `p`
LEFT JOIN `cities` `c` ON `p`.`city_id` = `c`.`id`
LEFT JOIN `builders` `b` ON `p`.`builder_id` = `b`.`id`
LEFT JOIN `locations` `l` ON `p`.`location_id` = `l`.`id`
LEFT JOIN `property_types` `pt` ON `p`.`property_type_id` = `pt`.`id`
LEFT JOIN `property_status` `ps` ON `p`.`property_status_id` = `ps`.`id`
LEFT JOIN `property_amenities` `pa` ON `pa`.`property_id` = `p`.`id`
WHERE `p`.`status` = 1
ORDER BY `p`.`id` DESC
 LIMIT -10, 10
ERROR - 2018-07-13 16:24:56 --> Query error: You have an error in your SQL syntax; check the manual that corresponds to your MySQL server version for the right syntax to use near '-10, 10' at line 11 - Invalid query: SELECT DISTINCT `p`.*, `c`.`name` as `city_name`, `ps`.`name` as `property_status`, `pt`.`name` as `prop_type`, `b`.`name` as `builder`, `l`.`name` as `location`
FROM `properties` `p`
LEFT JOIN `cities` `c` ON `p`.`city_id` = `c`.`id`
LEFT JOIN `builders` `b` ON `p`.`builder_id` = `b`.`id`
LEFT JOIN `locations` `l` ON `p`.`location_id` = `l`.`id`
LEFT JOIN `property_types` `pt` ON `p`.`property_type_id` = `pt`.`id`
LEFT JOIN `property_status` `ps` ON `p`.`property_status_id` = `ps`.`id`
LEFT JOIN `property_amenities` `pa` ON `pa`.`property_id` = `p`.`id`
WHERE `p`.`status` = 1
ORDER BY `p`.`id` DESC
 LIMIT -10, 10
ERROR - 2018-07-13 17:10:47 --> 404 Page Not Found: 
ERROR - 2018-07-13 22:10:50 --> 404 Page Not Found: 
ERROR - 2018-07-13 22:11:06 --> 404 Page Not Found: 
ERROR - 2018-07-13 22:13:31 --> 404 Page Not Found: 
ERROR - 2018-07-13 22:13:43 --> 404 Page Not Found: 
ERROR - 2018-07-13 22:25:20 --> 404 Page Not Found: 
ERROR - 2018-07-13 22:25:21 --> 404 Page Not Found: 
ERROR - 2018-07-13 22:25:21 --> 404 Page Not Found: 
ERROR - 2018-07-13 22:25:21 --> 404 Page Not Found: 
ERROR - 2018-07-13 22:25:22 --> 404 Page Not Found: 
ERROR - 2018-07-13 22:28:00 --> 404 Page Not Found: 
ERROR - 2018-07-13 22:54:50 --> 404 Page Not Found: 
