ERROR - 2018-05-07 00:30:24 --> 404 Page Not Found: 
ERROR - 2018-05-07 01:11:29 --> 404 Page Not Found: 
ERROR - 2018-05-07 02:25:09 --> 404 Page Not Found: 
ERROR - 2018-05-07 02:25:09 --> 404 Page Not Found: 
ERROR - 2018-05-07 02:25:10 --> 404 Page Not Found: 
ERROR - 2018-05-07 02:56:08 --> 404 Page Not Found: 
ERROR - 2018-05-07 04:11:04 --> 404 Page Not Found: 
ERROR - 2018-05-07 05:12:15 --> 404 Page Not Found: 
ERROR - 2018-05-07 07:28:17 --> 404 Page Not Found: 
ERROR - 2018-05-07 08:52:14 --> 404 Page Not Found: 
ERROR - 2018-05-07 09:07:17 --> 404 Page Not Found: 
ERROR - 2018-05-07 09:22:11 --> 404 Page Not Found: 
ERROR - 2018-05-07 10:53:15 --> Severity: Warning --> include(/home/nkmtein/public_html/fullbasketproperty.com/system/language/english/achievements_lang.php): failed to open stream: No such file or directory /home/nkmtein/public_html/fullbasketproperty.com/application/core/MY_Lang.php 112
ERROR - 2018-05-07 10:53:15 --> Severity: Warning --> include(): Failed opening '/home/nkmtein/public_html/fullbasketproperty.com/system/language/english/achievements_lang.php' for inclusion (include_path='.:/opt/cpanel/ea-php56/root/usr/share/pear') /home/nkmtein/public_html/fullbasketproperty.com/application/core/MY_Lang.php 112
ERROR - 2018-05-07 10:53:15 --> Language file contains no data: language/english/achievements_lang.php
ERROR - 2018-05-07 10:53:15 --> Could not find the language line "achievements title addAchievement"
ERROR - 2018-05-07 11:20:38 --> Severity: Warning --> include(/home/nkmtein/public_html/fullbasketproperty.com/system/language/english/achievements_lang.php): failed to open stream: No such file or directory /home/nkmtein/public_html/fullbasketproperty.com/application/core/MY_Lang.php 112
ERROR - 2018-05-07 11:20:38 --> Severity: Warning --> include(): Failed opening '/home/nkmtein/public_html/fullbasketproperty.com/system/language/english/achievements_lang.php' for inclusion (include_path='.:/opt/cpanel/ea-php56/root/usr/share/pear') /home/nkmtein/public_html/fullbasketproperty.com/application/core/MY_Lang.php 112
ERROR - 2018-05-07 11:20:38 --> Language file contains no data: language/english/achievements_lang.php
ERROR - 2018-05-07 11:20:39 --> Severity: Warning --> include(/home/nkmtein/public_html/fullbasketproperty.com/system/language/english/achievements_lang.php): failed to open stream: No such file or directory /home/nkmtein/public_html/fullbasketproperty.com/application/core/MY_Lang.php 112
ERROR - 2018-05-07 11:20:39 --> Severity: Warning --> include(): Failed opening '/home/nkmtein/public_html/fullbasketproperty.com/system/language/english/achievements_lang.php' for inclusion (include_path='.:/opt/cpanel/ea-php56/root/usr/share/pear') /home/nkmtein/public_html/fullbasketproperty.com/application/core/MY_Lang.php 112
ERROR - 2018-05-07 11:20:39 --> Language file contains no data: language/english/achievements_lang.php
ERROR - 2018-05-07 11:20:39 --> Could not find the language line "achievements title achievements"
ERROR - 2018-05-07 16:07:27 --> 404 Page Not Found: 
ERROR - 2018-05-07 16:07:30 --> 404 Page Not Found: 
ERROR - 2018-05-07 16:07:50 --> Severity: Warning --> Division by zero /home/nkmtein/public_html/fullbasketproperty.com/application/core/Public_Controller.php 47
ERROR - 2018-05-07 16:27:09 --> 404 Page Not Found: 
ERROR - 2018-05-07 20:33:17 --> 404 Page Not Found: 
ERROR - 2018-05-07 20:43:38 --> 404 Page Not Found: 
ERROR - 2018-05-07 22:26:02 --> 404 Page Not Found: 
ERROR - 2018-05-07 22:29:56 --> 404 Page Not Found: 
ERROR - 2018-05-07 22:33:56 --> 404 Page Not Found: 
ERROR - 2018-05-07 23:37:14 --> 404 Page Not Found: 
