ERROR - 2020-05-15 19:25:44 --> 404 Page Not Found: 
ERROR - 2020-05-15 19:25:45 --> 404 Page Not Found: 
ERROR - 2020-05-15 19:25:45 --> 404 Page Not Found: 
ERROR - 2020-05-15 19:25:45 --> 404 Page Not Found: 
ERROR - 2020-05-15 19:25:45 --> 404 Page Not Found: 
ERROR - 2020-05-15 19:25:45 --> 404 Page Not Found: 
ERROR - 2020-05-15 19:25:45 --> 404 Page Not Found: 
ERROR - 2020-05-15 19:25:45 --> 404 Page Not Found: 
ERROR - 2020-05-15 19:25:45 --> 404 Page Not Found: 
ERROR - 2020-05-15 19:25:46 --> 404 Page Not Found: 
ERROR - 2020-05-15 19:25:46 --> 404 Page Not Found: 
ERROR - 2020-05-15 19:25:46 --> 404 Page Not Found: 
ERROR - 2020-05-15 19:25:46 --> 404 Page Not Found: 
ERROR - 2020-05-15 19:25:46 --> 404 Page Not Found: 
ERROR - 2020-05-15 19:25:46 --> 404 Page Not Found: 
ERROR - 2020-05-15 19:25:46 --> 404 Page Not Found: 
ERROR - 2020-05-15 19:25:46 --> 404 Page Not Found: 
ERROR - 2020-05-15 19:25:46 --> 404 Page Not Found: 
ERROR - 2020-05-15 19:25:46 --> 404 Page Not Found: 
ERROR - 2020-05-15 19:25:46 --> 404 Page Not Found: 
ERROR - 2020-05-15 19:25:46 --> 404 Page Not Found: 
ERROR - 2020-05-15 19:25:46 --> 404 Page Not Found: 
ERROR - 2020-05-15 19:25:47 --> 404 Page Not Found: 
ERROR - 2020-05-15 19:25:47 --> 404 Page Not Found: 
ERROR - 2020-05-15 19:25:47 --> 404 Page Not Found: 
ERROR - 2020-05-15 19:25:47 --> 404 Page Not Found: 
ERROR - 2020-05-15 19:34:18 --> Severity: Warning --> Illegal string offset 'bhk' F:\SDS\FBP.com\application\controllers\Home.php 108
ERROR - 2020-05-15 19:34:19 --> Severity: Warning --> Illegal string offset 'bhk_range' F:\SDS\FBP.com\application\controllers\Home.php 108
ERROR - 2020-05-15 19:34:19 --> Severity: Warning --> Illegal string offset 'price' F:\SDS\FBP.com\application\controllers\Home.php 109
ERROR - 2020-05-15 19:34:19 --> Severity: Warning --> Illegal string offset 'price_range' F:\SDS\FBP.com\application\controllers\Home.php 109
ERROR - 2020-05-15 19:34:19 --> Severity: Warning --> Illegal string offset 'baths' F:\SDS\FBP.com\application\controllers\Home.php 110
ERROR - 2020-05-15 19:34:19 --> Severity: Warning --> Illegal string offset 'baths_range' F:\SDS\FBP.com\application\controllers\Home.php 110
ERROR - 2020-05-15 19:34:37 --> 404 Page Not Found: 
ERROR - 2020-05-15 19:34:37 --> 404 Page Not Found: 
ERROR - 2020-05-15 19:42:49 --> Severity: Warning --> Illegal string offset 'bhk' F:\SDS\FBP.com\application\controllers\Home.php 108
ERROR - 2020-05-15 19:42:49 --> Severity: Warning --> Illegal string offset 'bhk_range' F:\SDS\FBP.com\application\controllers\Home.php 108
ERROR - 2020-05-15 19:42:49 --> Severity: Warning --> Illegal string offset 'price' F:\SDS\FBP.com\application\controllers\Home.php 109
ERROR - 2020-05-15 19:42:49 --> Severity: Warning --> Illegal string offset 'price_range' F:\SDS\FBP.com\application\controllers\Home.php 109
ERROR - 2020-05-15 19:42:49 --> Severity: Warning --> Illegal string offset 'baths' F:\SDS\FBP.com\application\controllers\Home.php 110
ERROR - 2020-05-15 19:42:49 --> Severity: Warning --> Illegal string offset 'baths_range' F:\SDS\FBP.com\application\controllers\Home.php 110
