ERROR - 2020-03-30 13:15:11 --> Severity: Warning --> count(): Parameter must be an array or an object that implements Countable F:\FBP.com\application\controllers\Home.php 54
ERROR - 2020-03-30 13:15:11 --> Severity: Warning --> Invalid argument supplied for foreach() F:\FBP.com\application\views\header.php 69
ERROR - 2020-03-30 13:15:11 --> Severity: Warning --> Invalid argument supplied for foreach() F:\FBP.com\application\views\header.php 128
ERROR - 2020-03-30 13:15:11 --> Severity: Warning --> Invalid argument supplied for foreach() F:\FBP.com\application\views\index.php 268
ERROR - 2020-03-30 13:15:11 --> Severity: Warning --> Invalid argument supplied for foreach() F:\FBP.com\application\views\footer.php 251
ERROR - 2020-03-30 13:15:13 --> 404 Page Not Found: 
ERROR - 2020-03-30 13:15:13 --> 404 Page Not Found: 
ERROR - 2020-03-30 13:15:13 --> 404 Page Not Found: 
ERROR - 2020-03-30 13:15:14 --> 404 Page Not Found: 
ERROR - 2020-03-30 13:15:14 --> 404 Page Not Found: 
ERROR - 2020-03-30 13:15:14 --> 404 Page Not Found: 
ERROR - 2020-03-30 13:15:15 --> 404 Page Not Found: 
ERROR - 2020-03-30 13:15:15 --> 404 Page Not Found: 
ERROR - 2020-03-30 13:15:15 --> 404 Page Not Found: 
ERROR - 2020-03-30 13:15:16 --> 404 Page Not Found: 
ERROR - 2020-03-30 13:15:17 --> 404 Page Not Found: 
ERROR - 2020-03-30 13:15:17 --> 404 Page Not Found: 
ERROR - 2020-03-30 13:15:17 --> 404 Page Not Found: 
ERROR - 2020-03-30 13:15:17 --> 404 Page Not Found: 
ERROR - 2020-03-30 13:15:18 --> 404 Page Not Found: 
ERROR - 2020-03-30 13:15:18 --> 404 Page Not Found: 
ERROR - 2020-03-30 13:15:18 --> 404 Page Not Found: 
ERROR - 2020-03-30 13:15:18 --> 404 Page Not Found: 
ERROR - 2020-03-30 13:15:18 --> 404 Page Not Found: 
ERROR - 2020-03-30 13:15:19 --> 404 Page Not Found: 
ERROR - 2020-03-30 13:15:19 --> 404 Page Not Found: 
ERROR - 2020-03-30 13:15:19 --> 404 Page Not Found: 
ERROR - 2020-03-30 13:15:19 --> 404 Page Not Found: 
ERROR - 2020-03-30 13:15:19 --> 404 Page Not Found: 
ERROR - 2020-03-30 13:15:19 --> 404 Page Not Found: 
ERROR - 2020-03-30 13:15:19 --> 404 Page Not Found: 
ERROR - 2020-03-30 13:37:45 --> Severity: Warning --> count(): Parameter must be an array or an object that implements Countable F:\FBP.com\application\controllers\Home.php 54
ERROR - 2020-03-30 13:37:46 --> Severity: Warning --> Invalid argument supplied for foreach() F:\FBP.com\application\views\header.php 69
ERROR - 2020-03-30 13:37:46 --> Severity: Warning --> Invalid argument supplied for foreach() F:\FBP.com\application\views\header.php 128
ERROR - 2020-03-30 13:37:46 --> Severity: Warning --> Invalid argument supplied for foreach() F:\FBP.com\application\views\index.php 268
ERROR - 2020-03-30 13:37:46 --> Severity: Warning --> Invalid argument supplied for foreach() F:\FBP.com\application\views\footer.php 251
ERROR - 2020-03-30 13:37:46 --> 404 Page Not Found: 
ERROR - 2020-03-30 13:37:47 --> 404 Page Not Found: 
ERROR - 2020-03-30 13:37:47 --> 404 Page Not Found: 
ERROR - 2020-03-30 13:37:47 --> 404 Page Not Found: 
ERROR - 2020-03-30 13:37:47 --> 404 Page Not Found: 
ERROR - 2020-03-30 13:37:47 --> 404 Page Not Found: 
ERROR - 2020-03-30 13:37:48 --> 404 Page Not Found: 
ERROR - 2020-03-30 13:37:48 --> 404 Page Not Found: 
ERROR - 2020-03-30 13:37:48 --> 404 Page Not Found: 
ERROR - 2020-03-30 13:37:49 --> 404 Page Not Found: 
ERROR - 2020-03-30 13:37:49 --> 404 Page Not Found: 
ERROR - 2020-03-30 13:37:49 --> 404 Page Not Found: 
ERROR - 2020-03-30 13:37:49 --> 404 Page Not Found: 
ERROR - 2020-03-30 13:37:49 --> 404 Page Not Found: 
ERROR - 2020-03-30 13:37:49 --> 404 Page Not Found: 
ERROR - 2020-03-30 13:37:49 --> 404 Page Not Found: 
ERROR - 2020-03-30 13:37:49 --> 404 Page Not Found: 
ERROR - 2020-03-30 13:37:50 --> 404 Page Not Found: 
ERROR - 2020-03-30 13:37:50 --> 404 Page Not Found: 
ERROR - 2020-03-30 13:37:50 --> 404 Page Not Found: 
ERROR - 2020-03-30 13:37:50 --> 404 Page Not Found: 
ERROR - 2020-03-30 13:37:50 --> 404 Page Not Found: 
ERROR - 2020-03-30 13:37:50 --> 404 Page Not Found: 
ERROR - 2020-03-30 13:37:50 --> 404 Page Not Found: 
ERROR - 2020-03-30 13:37:50 --> 404 Page Not Found: 
ERROR - 2020-03-30 13:37:51 --> 404 Page Not Found: 
ERROR - 2020-03-30 13:38:48 --> Severity: Warning --> count(): Parameter must be an array or an object that implements Countable F:\FBP.com\application\controllers\Home.php 54
ERROR - 2020-03-30 13:38:48 --> Severity: Warning --> Invalid argument supplied for foreach() F:\FBP.com\application\views\header.php 69
ERROR - 2020-03-30 13:38:48 --> Severity: Warning --> Invalid argument supplied for foreach() F:\FBP.com\application\views\header.php 128
ERROR - 2020-03-30 13:38:48 --> Severity: Warning --> Invalid argument supplied for foreach() F:\FBP.com\application\views\index.php 268
ERROR - 2020-03-30 13:38:48 --> Severity: Warning --> Invalid argument supplied for foreach() F:\FBP.com\application\views\footer.php 251
ERROR - 2020-03-30 13:38:49 --> 404 Page Not Found: 
ERROR - 2020-03-30 13:38:49 --> 404 Page Not Found: 
ERROR - 2020-03-30 13:38:49 --> 404 Page Not Found: 
ERROR - 2020-03-30 13:38:50 --> 404 Page Not Found: 
ERROR - 2020-03-30 13:38:50 --> 404 Page Not Found: 
ERROR - 2020-03-30 13:38:50 --> 404 Page Not Found: 
ERROR - 2020-03-30 13:38:50 --> 404 Page Not Found: 
ERROR - 2020-03-30 13:38:50 --> 404 Page Not Found: 
ERROR - 2020-03-30 13:38:50 --> 404 Page Not Found: 
ERROR - 2020-03-30 13:38:51 --> 404 Page Not Found: 
ERROR - 2020-03-30 13:38:51 --> 404 Page Not Found: 
ERROR - 2020-03-30 13:38:51 --> 404 Page Not Found: 
ERROR - 2020-03-30 13:38:51 --> 404 Page Not Found: 
ERROR - 2020-03-30 13:38:51 --> 404 Page Not Found: 
ERROR - 2020-03-30 13:38:52 --> 404 Page Not Found: 
ERROR - 2020-03-30 13:38:52 --> 404 Page Not Found: 
ERROR - 2020-03-30 13:38:52 --> 404 Page Not Found: 
ERROR - 2020-03-30 13:38:53 --> 404 Page Not Found: 
ERROR - 2020-03-30 13:38:53 --> 404 Page Not Found: 
ERROR - 2020-03-30 13:38:53 --> 404 Page Not Found: 
ERROR - 2020-03-30 13:38:53 --> 404 Page Not Found: 
ERROR - 2020-03-30 13:38:53 --> 404 Page Not Found: 
ERROR - 2020-03-30 13:38:53 --> 404 Page Not Found: 
ERROR - 2020-03-30 13:38:53 --> 404 Page Not Found: 
ERROR - 2020-03-30 13:38:53 --> 404 Page Not Found: 
ERROR - 2020-03-30 13:38:53 --> 404 Page Not Found: 
ERROR - 2020-03-30 14:05:57 --> Severity: Warning --> count(): Parameter must be an array or an object that implements Countable F:\FBP.com\application\controllers\Home.php 54
ERROR - 2020-03-30 14:05:57 --> Severity: Warning --> Invalid argument supplied for foreach() F:\FBP.com\application\views\header.php 69
ERROR - 2020-03-30 14:05:57 --> Severity: Warning --> Invalid argument supplied for foreach() F:\FBP.com\application\views\header.php 128
ERROR - 2020-03-30 14:05:57 --> Severity: Warning --> Invalid argument supplied for foreach() F:\FBP.com\application\views\index.php 268
ERROR - 2020-03-30 14:05:57 --> Severity: Warning --> Invalid argument supplied for foreach() F:\FBP.com\application\views\footer.php 251
ERROR - 2020-03-30 14:05:58 --> 404 Page Not Found: 
ERROR - 2020-03-30 14:05:58 --> 404 Page Not Found: 
ERROR - 2020-03-30 14:05:58 --> 404 Page Not Found: 
ERROR - 2020-03-30 14:05:58 --> 404 Page Not Found: 
ERROR - 2020-03-30 14:05:58 --> 404 Page Not Found: 
ERROR - 2020-03-30 14:05:58 --> 404 Page Not Found: 
ERROR - 2020-03-30 14:05:58 --> 404 Page Not Found: 
ERROR - 2020-03-30 14:05:58 --> 404 Page Not Found: 
ERROR - 2020-03-30 14:05:59 --> 404 Page Not Found: 
ERROR - 2020-03-30 14:05:59 --> 404 Page Not Found: 
ERROR - 2020-03-30 14:05:59 --> 404 Page Not Found: 
ERROR - 2020-03-30 14:06:00 --> 404 Page Not Found: 
ERROR - 2020-03-30 14:06:00 --> 404 Page Not Found: 
ERROR - 2020-03-30 14:06:00 --> 404 Page Not Found: 
ERROR - 2020-03-30 14:06:00 --> 404 Page Not Found: 
ERROR - 2020-03-30 14:06:00 --> 404 Page Not Found: 
ERROR - 2020-03-30 14:06:00 --> 404 Page Not Found: 
ERROR - 2020-03-30 14:06:00 --> 404 Page Not Found: 
ERROR - 2020-03-30 14:06:01 --> 404 Page Not Found: 
ERROR - 2020-03-30 14:06:01 --> 404 Page Not Found: 
ERROR - 2020-03-30 14:06:01 --> 404 Page Not Found: 
ERROR - 2020-03-30 14:06:01 --> 404 Page Not Found: 
ERROR - 2020-03-30 14:06:01 --> 404 Page Not Found: 
ERROR - 2020-03-30 14:06:01 --> 404 Page Not Found: 
ERROR - 2020-03-30 14:06:01 --> 404 Page Not Found: 
ERROR - 2020-03-30 14:06:02 --> 404 Page Not Found: 
ERROR - 2020-03-30 14:06:35 --> Severity: Warning --> count(): Parameter must be an array or an object that implements Countable F:\FBP.com\application\controllers\Home.php 54
ERROR - 2020-03-30 14:06:35 --> Severity: Warning --> Invalid argument supplied for foreach() F:\FBP.com\application\views\header.php 69
ERROR - 2020-03-30 14:06:35 --> Severity: Warning --> Invalid argument supplied for foreach() F:\FBP.com\application\views\header.php 128
ERROR - 2020-03-30 14:06:35 --> Severity: Warning --> Invalid argument supplied for foreach() F:\FBP.com\application\views\index.php 268
ERROR - 2020-03-30 14:06:36 --> Severity: Warning --> Invalid argument supplied for foreach() F:\FBP.com\application\views\footer.php 251
ERROR - 2020-03-30 14:06:37 --> 404 Page Not Found: 
ERROR - 2020-03-30 14:06:37 --> 404 Page Not Found: 
ERROR - 2020-03-30 14:06:37 --> 404 Page Not Found: 
ERROR - 2020-03-30 14:06:37 --> 404 Page Not Found: 
ERROR - 2020-03-30 14:06:37 --> 404 Page Not Found: 
ERROR - 2020-03-30 14:06:37 --> 404 Page Not Found: 
ERROR - 2020-03-30 14:06:37 --> 404 Page Not Found: 
ERROR - 2020-03-30 14:06:38 --> 404 Page Not Found: 
ERROR - 2020-03-30 14:06:38 --> 404 Page Not Found: 
ERROR - 2020-03-30 14:06:38 --> 404 Page Not Found: 
ERROR - 2020-03-30 14:06:38 --> 404 Page Not Found: 
ERROR - 2020-03-30 14:06:39 --> 404 Page Not Found: 
ERROR - 2020-03-30 14:06:39 --> 404 Page Not Found: 
ERROR - 2020-03-30 14:06:39 --> 404 Page Not Found: 
ERROR - 2020-03-30 14:06:39 --> 404 Page Not Found: 
ERROR - 2020-03-30 14:06:39 --> 404 Page Not Found: 
ERROR - 2020-03-30 14:06:39 --> 404 Page Not Found: 
ERROR - 2020-03-30 14:06:39 --> 404 Page Not Found: 
ERROR - 2020-03-30 14:06:40 --> 404 Page Not Found: 
ERROR - 2020-03-30 14:06:40 --> 404 Page Not Found: 
ERROR - 2020-03-30 14:06:40 --> 404 Page Not Found: 
ERROR - 2020-03-30 14:06:40 --> 404 Page Not Found: 
ERROR - 2020-03-30 14:06:40 --> 404 Page Not Found: 
ERROR - 2020-03-30 14:06:40 --> 404 Page Not Found: 
ERROR - 2020-03-30 14:06:40 --> 404 Page Not Found: 
ERROR - 2020-03-30 14:06:40 --> 404 Page Not Found: 
ERROR - 2020-03-30 14:06:58 --> Severity: Warning --> Invalid argument supplied for foreach() F:\FBP.com\application\views\header.php 69
ERROR - 2020-03-30 14:06:58 --> Severity: Warning --> Invalid argument supplied for foreach() F:\FBP.com\application\views\header.php 128
ERROR - 2020-03-30 14:06:59 --> Severity: Warning --> Invalid argument supplied for foreach() F:\FBP.com\application\views\listing.php 300
ERROR - 2020-03-30 14:06:59 --> Severity: Warning --> Invalid argument supplied for foreach() F:\FBP.com\application\views\footer.php 251
ERROR - 2020-03-30 14:07:00 --> 404 Page Not Found: 
ERROR - 2020-03-30 14:07:01 --> 404 Page Not Found: 
ERROR - 2020-03-30 14:07:01 --> 404 Page Not Found: 
ERROR - 2020-03-30 14:07:01 --> 404 Page Not Found: 
ERROR - 2020-03-30 14:07:01 --> 404 Page Not Found: 
ERROR - 2020-03-30 14:07:01 --> 404 Page Not Found: 
ERROR - 2020-03-30 14:07:06 --> Severity: Warning --> count(): Parameter must be an array or an object that implements Countable F:\FBP.com\application\controllers\Home.php 54
ERROR - 2020-03-30 14:07:06 --> Severity: Warning --> Invalid argument supplied for foreach() F:\FBP.com\application\views\header.php 69
ERROR - 2020-03-30 14:07:06 --> Severity: Warning --> Invalid argument supplied for foreach() F:\FBP.com\application\views\header.php 128
ERROR - 2020-03-30 14:07:06 --> Severity: Warning --> Invalid argument supplied for foreach() F:\FBP.com\application\views\index.php 268
ERROR - 2020-03-30 14:07:06 --> Severity: Warning --> Invalid argument supplied for foreach() F:\FBP.com\application\views\footer.php 251
ERROR - 2020-03-30 14:07:07 --> 404 Page Not Found: 
ERROR - 2020-03-30 14:07:07 --> 404 Page Not Found: 
ERROR - 2020-03-30 14:07:07 --> 404 Page Not Found: 
ERROR - 2020-03-30 14:07:07 --> 404 Page Not Found: 
ERROR - 2020-03-30 14:07:07 --> 404 Page Not Found: 
ERROR - 2020-03-30 14:07:08 --> 404 Page Not Found: 
ERROR - 2020-03-30 14:07:08 --> 404 Page Not Found: 
ERROR - 2020-03-30 14:07:08 --> 404 Page Not Found: 
ERROR - 2020-03-30 14:07:08 --> 404 Page Not Found: 
ERROR - 2020-03-30 14:07:08 --> 404 Page Not Found: 
ERROR - 2020-03-30 14:07:09 --> 404 Page Not Found: 
ERROR - 2020-03-30 14:07:09 --> 404 Page Not Found: 
ERROR - 2020-03-30 14:07:09 --> 404 Page Not Found: 
ERROR - 2020-03-30 14:07:09 --> 404 Page Not Found: 
ERROR - 2020-03-30 14:07:09 --> 404 Page Not Found: 
ERROR - 2020-03-30 14:07:10 --> 404 Page Not Found: 
ERROR - 2020-03-30 14:07:10 --> Severity: Warning --> count(): Parameter must be an array or an object that implements Countable F:\FBP.com\application\controllers\Home.php 54
ERROR - 2020-03-30 14:07:10 --> Severity: Warning --> Invalid argument supplied for foreach() F:\FBP.com\application\views\header.php 69
ERROR - 2020-03-30 14:07:10 --> Severity: Warning --> Invalid argument supplied for foreach() F:\FBP.com\application\views\header.php 128
ERROR - 2020-03-30 14:07:10 --> Severity: Warning --> Invalid argument supplied for foreach() F:\FBP.com\application\views\index.php 268
ERROR - 2020-03-30 14:07:10 --> Severity: Warning --> Invalid argument supplied for foreach() F:\FBP.com\application\views\footer.php 251
ERROR - 2020-03-30 14:07:10 --> 404 Page Not Found: 
ERROR - 2020-03-30 14:07:11 --> 404 Page Not Found: 
ERROR - 2020-03-30 14:07:11 --> 404 Page Not Found: 
ERROR - 2020-03-30 14:07:11 --> 404 Page Not Found: 
ERROR - 2020-03-30 14:07:11 --> 404 Page Not Found: 
ERROR - 2020-03-30 14:07:11 --> 404 Page Not Found: 
ERROR - 2020-03-30 14:07:12 --> 404 Page Not Found: 
ERROR - 2020-03-30 14:07:12 --> 404 Page Not Found: 
ERROR - 2020-03-30 14:07:12 --> 404 Page Not Found: 
ERROR - 2020-03-30 14:07:12 --> 404 Page Not Found: 
ERROR - 2020-03-30 14:07:12 --> 404 Page Not Found: 
ERROR - 2020-03-30 14:07:12 --> 404 Page Not Found: 
ERROR - 2020-03-30 14:07:13 --> 404 Page Not Found: 
ERROR - 2020-03-30 14:07:13 --> 404 Page Not Found: 
ERROR - 2020-03-30 14:07:13 --> 404 Page Not Found: 
ERROR - 2020-03-30 14:07:14 --> 404 Page Not Found: 
ERROR - 2020-03-30 14:07:15 --> 404 Page Not Found: 
ERROR - 2020-03-30 14:07:16 --> 404 Page Not Found: 
ERROR - 2020-03-30 14:07:16 --> 404 Page Not Found: 
ERROR - 2020-03-30 14:07:16 --> 404 Page Not Found: 
ERROR - 2020-03-30 14:07:16 --> 404 Page Not Found: 
ERROR - 2020-03-30 14:07:16 --> 404 Page Not Found: 
ERROR - 2020-03-30 14:07:16 --> 404 Page Not Found: 
ERROR - 2020-03-30 14:07:16 --> 404 Page Not Found: 
ERROR - 2020-03-30 14:07:16 --> 404 Page Not Found: 
ERROR - 2020-03-30 14:07:16 --> 404 Page Not Found: 
ERROR - 2020-03-30 14:07:17 --> 404 Page Not Found: 
ERROR - 2020-03-30 14:07:17 --> 404 Page Not Found: 
ERROR - 2020-03-30 14:07:17 --> 404 Page Not Found: 
ERROR - 2020-03-30 14:07:17 --> 404 Page Not Found: 
ERROR - 2020-03-30 14:07:17 --> 404 Page Not Found: 
ERROR - 2020-03-30 14:07:17 --> 404 Page Not Found: 
ERROR - 2020-03-30 14:07:27 --> Severity: Warning --> count(): Parameter must be an array or an object that implements Countable F:\FBP.com\application\controllers\Home.php 54
ERROR - 2020-03-30 14:07:27 --> Severity: Warning --> Invalid argument supplied for foreach() F:\FBP.com\application\views\header.php 69
ERROR - 2020-03-30 14:07:27 --> Severity: Warning --> Invalid argument supplied for foreach() F:\FBP.com\application\views\header.php 128
ERROR - 2020-03-30 14:07:27 --> Severity: Warning --> Invalid argument supplied for foreach() F:\FBP.com\application\views\index.php 268
ERROR - 2020-03-30 14:07:27 --> Severity: Warning --> Invalid argument supplied for foreach() F:\FBP.com\application\views\footer.php 251
ERROR - 2020-03-30 14:07:28 --> 404 Page Not Found: 
ERROR - 2020-03-30 14:07:28 --> 404 Page Not Found: 
ERROR - 2020-03-30 14:07:28 --> 404 Page Not Found: 
ERROR - 2020-03-30 14:07:28 --> 404 Page Not Found: 
ERROR - 2020-03-30 14:07:29 --> 404 Page Not Found: 
ERROR - 2020-03-30 14:07:29 --> 404 Page Not Found: 
ERROR - 2020-03-30 14:07:29 --> 404 Page Not Found: 
ERROR - 2020-03-30 14:07:29 --> 404 Page Not Found: 
ERROR - 2020-03-30 14:07:29 --> 404 Page Not Found: 
ERROR - 2020-03-30 14:07:30 --> 404 Page Not Found: 
ERROR - 2020-03-30 14:07:30 --> 404 Page Not Found: 
ERROR - 2020-03-30 14:07:30 --> 404 Page Not Found: 
ERROR - 2020-03-30 14:07:30 --> 404 Page Not Found: 
ERROR - 2020-03-30 14:07:30 --> 404 Page Not Found: 
ERROR - 2020-03-30 14:07:31 --> 404 Page Not Found: 
ERROR - 2020-03-30 14:07:31 --> 404 Page Not Found: 
ERROR - 2020-03-30 14:07:31 --> 404 Page Not Found: 
ERROR - 2020-03-30 14:07:31 --> 404 Page Not Found: 
ERROR - 2020-03-30 14:07:31 --> 404 Page Not Found: 
ERROR - 2020-03-30 14:07:32 --> 404 Page Not Found: 
ERROR - 2020-03-30 14:07:32 --> 404 Page Not Found: 
ERROR - 2020-03-30 14:07:32 --> 404 Page Not Found: 
ERROR - 2020-03-30 14:07:33 --> 404 Page Not Found: 
ERROR - 2020-03-30 14:07:33 --> 404 Page Not Found: 
ERROR - 2020-03-30 14:07:33 --> 404 Page Not Found: 
ERROR - 2020-03-30 14:07:33 --> 404 Page Not Found: 
ERROR - 2020-03-30 14:07:46 --> Severity: Warning --> count(): Parameter must be an array or an object that implements Countable F:\FBP.com\application\controllers\Home.php 54
ERROR - 2020-03-30 14:07:46 --> Severity: Warning --> Invalid argument supplied for foreach() F:\FBP.com\application\views\header.php 69
ERROR - 2020-03-30 14:07:46 --> Severity: Warning --> Invalid argument supplied for foreach() F:\FBP.com\application\views\header.php 128
ERROR - 2020-03-30 14:07:46 --> Severity: error --> Exception: syntax error, unexpected '?>' F:\FBP.com\application\views\index.php 236
ERROR - 2020-03-30 14:08:03 --> Severity: Warning --> count(): Parameter must be an array or an object that implements Countable F:\FBP.com\application\controllers\Home.php 54
ERROR - 2020-03-30 14:08:03 --> Severity: Warning --> Invalid argument supplied for foreach() F:\FBP.com\application\views\header.php 69
ERROR - 2020-03-30 14:08:03 --> Severity: Warning --> Invalid argument supplied for foreach() F:\FBP.com\application\views\header.php 128
ERROR - 2020-03-30 14:08:03 --> Severity: Warning --> Invalid argument supplied for foreach() F:\FBP.com\application\views\index.php 268
ERROR - 2020-03-30 14:08:03 --> Severity: Warning --> Invalid argument supplied for foreach() F:\FBP.com\application\views\footer.php 251
ERROR - 2020-03-30 14:08:04 --> 404 Page Not Found: 
ERROR - 2020-03-30 14:08:04 --> 404 Page Not Found: 
ERROR - 2020-03-30 14:08:04 --> 404 Page Not Found: 
ERROR - 2020-03-30 14:08:05 --> 404 Page Not Found: 
ERROR - 2020-03-30 14:08:05 --> 404 Page Not Found: 
ERROR - 2020-03-30 14:08:05 --> 404 Page Not Found: 
ERROR - 2020-03-30 14:08:05 --> 404 Page Not Found: 
ERROR - 2020-03-30 14:08:05 --> 404 Page Not Found: 
ERROR - 2020-03-30 14:08:05 --> 404 Page Not Found: 
ERROR - 2020-03-30 14:08:06 --> 404 Page Not Found: 
ERROR - 2020-03-30 14:08:06 --> 404 Page Not Found: 
ERROR - 2020-03-30 14:08:06 --> 404 Page Not Found: 
ERROR - 2020-03-30 14:08:07 --> 404 Page Not Found: 
ERROR - 2020-03-30 14:08:07 --> 404 Page Not Found: 
ERROR - 2020-03-30 14:08:07 --> 404 Page Not Found: 
ERROR - 2020-03-30 14:08:07 --> 404 Page Not Found: 
ERROR - 2020-03-30 14:08:07 --> 404 Page Not Found: 
ERROR - 2020-03-30 14:08:07 --> 404 Page Not Found: 
ERROR - 2020-03-30 14:08:07 --> 404 Page Not Found: 
ERROR - 2020-03-30 14:08:08 --> 404 Page Not Found: 
ERROR - 2020-03-30 14:08:08 --> 404 Page Not Found: 
ERROR - 2020-03-30 14:08:08 --> 404 Page Not Found: 
ERROR - 2020-03-30 14:08:08 --> 404 Page Not Found: 
ERROR - 2020-03-30 14:08:08 --> 404 Page Not Found: 
ERROR - 2020-03-30 14:08:09 --> 404 Page Not Found: 
ERROR - 2020-03-30 14:08:09 --> 404 Page Not Found: 
ERROR - 2020-03-30 14:08:31 --> Severity: Warning --> count(): Parameter must be an array or an object that implements Countable F:\FBP.com\application\controllers\Home.php 54
ERROR - 2020-03-30 14:08:31 --> Severity: Warning --> Invalid argument supplied for foreach() F:\FBP.com\application\views\header.php 69
ERROR - 2020-03-30 14:08:31 --> Severity: Warning --> Invalid argument supplied for foreach() F:\FBP.com\application\views\header.php 128
ERROR - 2020-03-30 14:08:31 --> Severity: Warning --> Invalid argument supplied for foreach() F:\FBP.com\application\views\index.php 268
ERROR - 2020-03-30 14:08:31 --> Severity: Warning --> Invalid argument supplied for foreach() F:\FBP.com\application\views\footer.php 251
ERROR - 2020-03-30 14:08:33 --> 404 Page Not Found: 
ERROR - 2020-03-30 14:08:33 --> 404 Page Not Found: 
ERROR - 2020-03-30 14:08:33 --> 404 Page Not Found: 
ERROR - 2020-03-30 14:08:33 --> 404 Page Not Found: 
ERROR - 2020-03-30 14:08:33 --> 404 Page Not Found: 
ERROR - 2020-03-30 14:08:33 --> 404 Page Not Found: 
ERROR - 2020-03-30 14:08:33 --> 404 Page Not Found: 
ERROR - 2020-03-30 14:08:33 --> 404 Page Not Found: 
ERROR - 2020-03-30 14:08:33 --> 404 Page Not Found: 
ERROR - 2020-03-30 14:08:34 --> 404 Page Not Found: 
ERROR - 2020-03-30 14:08:34 --> 404 Page Not Found: 
ERROR - 2020-03-30 14:08:35 --> 404 Page Not Found: 
ERROR - 2020-03-30 14:08:35 --> 404 Page Not Found: 
ERROR - 2020-03-30 14:08:35 --> 404 Page Not Found: 
ERROR - 2020-03-30 14:08:35 --> 404 Page Not Found: 
ERROR - 2020-03-30 14:08:35 --> 404 Page Not Found: 
ERROR - 2020-03-30 14:08:35 --> 404 Page Not Found: 
ERROR - 2020-03-30 14:08:35 --> 404 Page Not Found: 
ERROR - 2020-03-30 14:08:36 --> 404 Page Not Found: 
ERROR - 2020-03-30 14:08:36 --> 404 Page Not Found: 
ERROR - 2020-03-30 14:08:36 --> 404 Page Not Found: 
ERROR - 2020-03-30 14:08:36 --> 404 Page Not Found: 
ERROR - 2020-03-30 14:08:36 --> 404 Page Not Found: 
ERROR - 2020-03-30 14:08:37 --> 404 Page Not Found: 
ERROR - 2020-03-30 14:08:37 --> 404 Page Not Found: 
ERROR - 2020-03-30 14:08:37 --> 404 Page Not Found: 
ERROR - 2020-03-30 14:10:27 --> Severity: Warning --> count(): Parameter must be an array or an object that implements Countable F:\FBP.com\application\controllers\Home.php 54
ERROR - 2020-03-30 14:10:27 --> Severity: Warning --> Invalid argument supplied for foreach() F:\FBP.com\application\views\header.php 69
ERROR - 2020-03-30 14:10:27 --> Severity: Warning --> Invalid argument supplied for foreach() F:\FBP.com\application\views\header.php 128
ERROR - 2020-03-30 14:10:27 --> Severity: Warning --> Invalid argument supplied for foreach() F:\FBP.com\application\views\index.php 268
ERROR - 2020-03-30 14:10:27 --> Severity: Warning --> Invalid argument supplied for foreach() F:\FBP.com\application\views\footer.php 251
ERROR - 2020-03-30 14:10:28 --> 404 Page Not Found: 
ERROR - 2020-03-30 14:10:28 --> 404 Page Not Found: 
ERROR - 2020-03-30 14:10:29 --> 404 Page Not Found: 
ERROR - 2020-03-30 14:10:29 --> 404 Page Not Found: 
ERROR - 2020-03-30 14:10:29 --> 404 Page Not Found: 
ERROR - 2020-03-30 14:10:29 --> 404 Page Not Found: 
ERROR - 2020-03-30 14:10:29 --> 404 Page Not Found: 
ERROR - 2020-03-30 14:10:29 --> 404 Page Not Found: 
ERROR - 2020-03-30 14:10:29 --> 404 Page Not Found: 
ERROR - 2020-03-30 14:10:30 --> 404 Page Not Found: 
ERROR - 2020-03-30 14:10:31 --> 404 Page Not Found: 
ERROR - 2020-03-30 14:10:31 --> 404 Page Not Found: 
ERROR - 2020-03-30 14:10:31 --> 404 Page Not Found: 
ERROR - 2020-03-30 14:10:31 --> 404 Page Not Found: 
ERROR - 2020-03-30 14:10:32 --> 404 Page Not Found: 
ERROR - 2020-03-30 14:10:32 --> 404 Page Not Found: 
ERROR - 2020-03-30 14:10:32 --> 404 Page Not Found: 
ERROR - 2020-03-30 14:10:32 --> 404 Page Not Found: 
ERROR - 2020-03-30 14:10:32 --> 404 Page Not Found: 
ERROR - 2020-03-30 14:10:32 --> 404 Page Not Found: 
ERROR - 2020-03-30 14:10:33 --> 404 Page Not Found: 
ERROR - 2020-03-30 14:10:33 --> 404 Page Not Found: 
ERROR - 2020-03-30 14:10:33 --> 404 Page Not Found: 
ERROR - 2020-03-30 14:10:33 --> 404 Page Not Found: 
ERROR - 2020-03-30 14:10:33 --> 404 Page Not Found: 
ERROR - 2020-03-30 14:10:34 --> 404 Page Not Found: 
ERROR - 2020-03-30 14:10:58 --> Severity: Warning --> count(): Parameter must be an array or an object that implements Countable F:\FBP.com\application\controllers\Home.php 54
ERROR - 2020-03-30 14:10:58 --> Severity: Warning --> Invalid argument supplied for foreach() F:\FBP.com\application\views\header.php 69
ERROR - 2020-03-30 14:10:58 --> Severity: Warning --> Invalid argument supplied for foreach() F:\FBP.com\application\views\header.php 128
ERROR - 2020-03-30 14:10:58 --> Severity: Warning --> Invalid argument supplied for foreach() F:\FBP.com\application\views\index.php 268
ERROR - 2020-03-30 14:10:59 --> Severity: Warning --> Invalid argument supplied for foreach() F:\FBP.com\application\views\footer.php 251
ERROR - 2020-03-30 14:11:00 --> 404 Page Not Found: 
ERROR - 2020-03-30 14:11:00 --> 404 Page Not Found: 
ERROR - 2020-03-30 14:11:00 --> 404 Page Not Found: 
ERROR - 2020-03-30 14:11:00 --> 404 Page Not Found: 
ERROR - 2020-03-30 14:11:00 --> 404 Page Not Found: 
ERROR - 2020-03-30 14:11:00 --> 404 Page Not Found: 
ERROR - 2020-03-30 14:11:01 --> 404 Page Not Found: 
ERROR - 2020-03-30 14:11:01 --> 404 Page Not Found: 
ERROR - 2020-03-30 14:11:01 --> 404 Page Not Found: 
ERROR - 2020-03-30 14:11:02 --> 404 Page Not Found: 
ERROR - 2020-03-30 14:11:02 --> 404 Page Not Found: 
ERROR - 2020-03-30 14:11:02 --> 404 Page Not Found: 
ERROR - 2020-03-30 14:11:03 --> 404 Page Not Found: 
ERROR - 2020-03-30 14:11:03 --> 404 Page Not Found: 
ERROR - 2020-03-30 14:11:03 --> 404 Page Not Found: 
ERROR - 2020-03-30 14:11:03 --> 404 Page Not Found: 
ERROR - 2020-03-30 14:11:03 --> 404 Page Not Found: 
ERROR - 2020-03-30 14:11:04 --> 404 Page Not Found: 
ERROR - 2020-03-30 14:11:04 --> 404 Page Not Found: 
ERROR - 2020-03-30 14:11:04 --> 404 Page Not Found: 
ERROR - 2020-03-30 14:11:04 --> 404 Page Not Found: 
ERROR - 2020-03-30 14:11:04 --> 404 Page Not Found: 
ERROR - 2020-03-30 14:11:04 --> 404 Page Not Found: 
ERROR - 2020-03-30 14:11:05 --> 404 Page Not Found: 
ERROR - 2020-03-30 14:11:05 --> 404 Page Not Found: 
ERROR - 2020-03-30 14:11:05 --> 404 Page Not Found: 
ERROR - 2020-03-30 14:11:06 --> Severity: Warning --> Invalid argument supplied for foreach() F:\FBP.com\application\views\header.php 69
ERROR - 2020-03-30 14:11:06 --> Severity: Warning --> Invalid argument supplied for foreach() F:\FBP.com\application\views\header.php 128
ERROR - 2020-03-30 14:11:06 --> Severity: Warning --> Invalid argument supplied for foreach() F:\FBP.com\application\views\listing.php 300
ERROR - 2020-03-30 14:11:07 --> Severity: Warning --> Invalid argument supplied for foreach() F:\FBP.com\application\views\footer.php 251
ERROR - 2020-03-30 14:11:17 --> Severity: Warning --> Invalid argument supplied for foreach() F:\FBP.com\application\views\footer.php 251
ERROR - 2020-03-30 14:11:50 --> Severity: Warning --> Invalid argument supplied for foreach() F:\FBP.com\application\views\header.php 69
ERROR - 2020-03-30 14:11:50 --> Severity: Warning --> Invalid argument supplied for foreach() F:\FBP.com\application\views\header.php 128
ERROR - 2020-03-30 14:11:50 --> Severity: Warning --> Invalid argument supplied for foreach() F:\FBP.com\application\views\listing.php 300
ERROR - 2020-03-30 14:11:50 --> Severity: Warning --> Invalid argument supplied for foreach() F:\FBP.com\application\views\footer.php 251
ERROR - 2020-03-30 14:12:01 --> Severity: Warning --> Invalid argument supplied for foreach() F:\FBP.com\application\views\header.php 69
ERROR - 2020-03-30 14:12:01 --> Severity: Warning --> Invalid argument supplied for foreach() F:\FBP.com\application\views\header.php 128
ERROR - 2020-03-30 14:12:02 --> Severity: Warning --> Invalid argument supplied for foreach() F:\FBP.com\application\views\listing.php 300
ERROR - 2020-03-30 14:12:02 --> Severity: Warning --> Invalid argument supplied for foreach() F:\FBP.com\application\views\footer.php 251
ERROR - 2020-03-30 14:12:27 --> Severity: Warning --> Invalid argument supplied for foreach() F:\FBP.com\application\views\header.php 69
ERROR - 2020-03-30 14:12:27 --> Severity: Warning --> Invalid argument supplied for foreach() F:\FBP.com\application\views\header.php 128
ERROR - 2020-03-30 14:12:27 --> Severity: Warning --> Invalid argument supplied for foreach() F:\FBP.com\application\views\listing.php 300
ERROR - 2020-03-30 14:12:27 --> Severity: Warning --> Invalid argument supplied for foreach() F:\FBP.com\application\views\footer.php 251
ERROR - 2020-03-30 14:12:45 --> Severity: Warning --> Invalid argument supplied for foreach() F:\FBP.com\application\views\header.php 69
ERROR - 2020-03-30 14:12:45 --> Severity: Warning --> Invalid argument supplied for foreach() F:\FBP.com\application\views\header.php 128
ERROR - 2020-03-30 14:12:46 --> Severity: Warning --> Invalid argument supplied for foreach() F:\FBP.com\application\views\listing.php 300
ERROR - 2020-03-30 14:12:46 --> Severity: Warning --> Invalid argument supplied for foreach() F:\FBP.com\application\views\footer.php 251
ERROR - 2020-03-30 14:12:57 --> Severity: Warning --> Invalid argument supplied for foreach() F:\FBP.com\application\views\header.php 69
ERROR - 2020-03-30 14:12:57 --> Severity: Warning --> Invalid argument supplied for foreach() F:\FBP.com\application\views\header.php 128
ERROR - 2020-03-30 14:12:57 --> Severity: Warning --> Invalid argument supplied for foreach() F:\FBP.com\application\views\listing.php 300
ERROR - 2020-03-30 14:12:57 --> Severity: Warning --> Invalid argument supplied for foreach() F:\FBP.com\application\views\footer.php 251
ERROR - 2020-03-30 14:13:02 --> Severity: Warning --> count(): Parameter must be an array or an object that implements Countable F:\FBP.com\application\controllers\Home.php 54
ERROR - 2020-03-30 14:13:02 --> Severity: Warning --> Invalid argument supplied for foreach() F:\FBP.com\application\views\header.php 69
ERROR - 2020-03-30 14:13:02 --> Severity: Warning --> Invalid argument supplied for foreach() F:\FBP.com\application\views\header.php 128
ERROR - 2020-03-30 14:13:02 --> Severity: Warning --> Invalid argument supplied for foreach() F:\FBP.com\application\views\index.php 268
ERROR - 2020-03-30 14:13:02 --> Severity: Warning --> Invalid argument supplied for foreach() F:\FBP.com\application\views\footer.php 251
ERROR - 2020-03-30 14:13:04 --> 404 Page Not Found: 
ERROR - 2020-03-30 14:13:04 --> 404 Page Not Found: 
ERROR - 2020-03-30 14:13:04 --> 404 Page Not Found: 
ERROR - 2020-03-30 14:13:04 --> 404 Page Not Found: 
ERROR - 2020-03-30 14:13:04 --> 404 Page Not Found: 
ERROR - 2020-03-30 14:13:04 --> 404 Page Not Found: 
ERROR - 2020-03-30 14:13:05 --> 404 Page Not Found: 
ERROR - 2020-03-30 14:13:05 --> 404 Page Not Found: 
ERROR - 2020-03-30 14:13:05 --> 404 Page Not Found: 
ERROR - 2020-03-30 14:13:06 --> 404 Page Not Found: 
ERROR - 2020-03-30 14:13:06 --> 404 Page Not Found: 
ERROR - 2020-03-30 14:13:06 --> 404 Page Not Found: 
ERROR - 2020-03-30 14:13:06 --> 404 Page Not Found: 
ERROR - 2020-03-30 14:13:07 --> 404 Page Not Found: 
ERROR - 2020-03-30 14:13:07 --> 404 Page Not Found: 
ERROR - 2020-03-30 14:13:07 --> 404 Page Not Found: 
ERROR - 2020-03-30 14:13:08 --> 404 Page Not Found: 
ERROR - 2020-03-30 14:13:08 --> 404 Page Not Found: 
ERROR - 2020-03-30 14:13:08 --> 404 Page Not Found: 
ERROR - 2020-03-30 14:13:08 --> 404 Page Not Found: 
ERROR - 2020-03-30 14:13:08 --> 404 Page Not Found: 
ERROR - 2020-03-30 14:13:08 --> 404 Page Not Found: 
ERROR - 2020-03-30 14:13:09 --> 404 Page Not Found: 
ERROR - 2020-03-30 14:13:09 --> 404 Page Not Found: 
ERROR - 2020-03-30 14:13:09 --> 404 Page Not Found: 
ERROR - 2020-03-30 14:13:09 --> 404 Page Not Found: 
ERROR - 2020-03-30 14:13:26 --> Severity: Warning --> Invalid argument supplied for foreach() F:\FBP.com\application\views\header.php 69
ERROR - 2020-03-30 14:13:26 --> Severity: Warning --> Invalid argument supplied for foreach() F:\FBP.com\application\views\header.php 128
ERROR - 2020-03-30 14:13:26 --> Severity: Warning --> Invalid argument supplied for foreach() F:\FBP.com\application\views\listing.php 300
ERROR - 2020-03-30 14:13:27 --> Severity: Warning --> Invalid argument supplied for foreach() F:\FBP.com\application\views\footer.php 251
ERROR - 2020-03-30 14:13:29 --> 404 Page Not Found: 
ERROR - 2020-03-30 14:13:29 --> 404 Page Not Found: 
ERROR - 2020-03-30 14:13:29 --> 404 Page Not Found: 
ERROR - 2020-03-30 14:13:30 --> 404 Page Not Found: 
ERROR - 2020-03-30 14:13:30 --> 404 Page Not Found: 
ERROR - 2020-03-30 14:13:30 --> 404 Page Not Found: 
ERROR - 2020-03-30 14:14:25 --> Severity: Warning --> Invalid argument supplied for foreach() F:\FBP.com\application\views\header.php 69
ERROR - 2020-03-30 14:14:25 --> Severity: Warning --> Invalid argument supplied for foreach() F:\FBP.com\application\views\header.php 128
ERROR - 2020-03-30 14:14:25 --> Severity: Warning --> Invalid argument supplied for foreach() F:\FBP.com\application\views\listing.php 300
ERROR - 2020-03-30 14:14:26 --> Severity: Warning --> Invalid argument supplied for foreach() F:\FBP.com\application\views\footer.php 251
ERROR - 2020-03-30 14:14:26 --> Severity: Warning --> count(): Parameter must be an array or an object that implements Countable F:\FBP.com\application\controllers\Home.php 54
ERROR - 2020-03-30 14:14:26 --> Severity: Warning --> Invalid argument supplied for foreach() F:\FBP.com\application\views\header.php 69
ERROR - 2020-03-30 14:14:26 --> Severity: Warning --> Invalid argument supplied for foreach() F:\FBP.com\application\views\header.php 128
ERROR - 2020-03-30 14:14:26 --> Severity: Warning --> Invalid argument supplied for foreach() F:\FBP.com\application\views\index.php 268
ERROR - 2020-03-30 14:14:26 --> Severity: Warning --> Invalid argument supplied for foreach() F:\FBP.com\application\views\footer.php 251
ERROR - 2020-03-30 14:14:28 --> 404 Page Not Found: 
ERROR - 2020-03-30 14:14:28 --> 404 Page Not Found: 
ERROR - 2020-03-30 14:14:28 --> 404 Page Not Found: 
ERROR - 2020-03-30 14:14:28 --> 404 Page Not Found: 
ERROR - 2020-03-30 14:14:28 --> 404 Page Not Found: 
ERROR - 2020-03-30 14:14:29 --> 404 Page Not Found: 
ERROR - 2020-03-30 14:14:29 --> 404 Page Not Found: 
ERROR - 2020-03-30 14:14:29 --> 404 Page Not Found: 
ERROR - 2020-03-30 14:14:29 --> 404 Page Not Found: 
ERROR - 2020-03-30 14:14:29 --> 404 Page Not Found: 
ERROR - 2020-03-30 14:14:30 --> 404 Page Not Found: 
ERROR - 2020-03-30 14:14:30 --> 404 Page Not Found: 
ERROR - 2020-03-30 14:14:30 --> 404 Page Not Found: 
ERROR - 2020-03-30 14:14:30 --> 404 Page Not Found: 
ERROR - 2020-03-30 14:14:31 --> 404 Page Not Found: 
ERROR - 2020-03-30 14:14:31 --> 404 Page Not Found: 
ERROR - 2020-03-30 14:14:31 --> 404 Page Not Found: 
ERROR - 2020-03-30 14:14:31 --> 404 Page Not Found: 
ERROR - 2020-03-30 14:14:31 --> 404 Page Not Found: 
ERROR - 2020-03-30 14:14:31 --> 404 Page Not Found: 
ERROR - 2020-03-30 14:14:31 --> 404 Page Not Found: 
ERROR - 2020-03-30 14:14:31 --> 404 Page Not Found: 
ERROR - 2020-03-30 14:14:31 --> 404 Page Not Found: 
ERROR - 2020-03-30 14:14:31 --> 404 Page Not Found: 
ERROR - 2020-03-30 14:14:31 --> 404 Page Not Found: 
ERROR - 2020-03-30 14:14:32 --> 404 Page Not Found: 
ERROR - 2020-03-30 14:19:14 --> 404 Page Not Found: 
ERROR - 2020-03-30 14:19:14 --> 404 Page Not Found: 
ERROR - 2020-03-30 14:19:14 --> 404 Page Not Found: 
ERROR - 2020-03-30 14:19:15 --> 404 Page Not Found: 
ERROR - 2020-03-30 14:19:15 --> 404 Page Not Found: 
ERROR - 2020-03-30 14:19:15 --> 404 Page Not Found: 
ERROR - 2020-03-30 14:19:15 --> 404 Page Not Found: 
ERROR - 2020-03-30 14:19:15 --> 404 Page Not Found: 
ERROR - 2020-03-30 14:19:15 --> 404 Page Not Found: 
ERROR - 2020-03-30 14:19:17 --> 404 Page Not Found: 
ERROR - 2020-03-30 14:19:17 --> 404 Page Not Found: 
ERROR - 2020-03-30 14:19:17 --> 404 Page Not Found: 
ERROR - 2020-03-30 14:19:18 --> 404 Page Not Found: 
ERROR - 2020-03-30 14:19:18 --> 404 Page Not Found: 
ERROR - 2020-03-30 14:19:18 --> 404 Page Not Found: 
ERROR - 2020-03-30 14:19:18 --> 404 Page Not Found: 
ERROR - 2020-03-30 14:19:18 --> 404 Page Not Found: 
ERROR - 2020-03-30 14:19:18 --> 404 Page Not Found: 
ERROR - 2020-03-30 14:19:19 --> 404 Page Not Found: 
ERROR - 2020-03-30 14:19:19 --> 404 Page Not Found: 
ERROR - 2020-03-30 14:19:19 --> 404 Page Not Found: 
ERROR - 2020-03-30 14:19:19 --> 404 Page Not Found: 
ERROR - 2020-03-30 14:19:20 --> 404 Page Not Found: 
ERROR - 2020-03-30 14:19:20 --> 404 Page Not Found: 
ERROR - 2020-03-30 14:19:20 --> 404 Page Not Found: 
ERROR - 2020-03-30 14:19:20 --> 404 Page Not Found: 
ERROR - 2020-03-30 14:19:37 --> 404 Page Not Found: 
ERROR - 2020-03-30 14:19:38 --> 404 Page Not Found: 
ERROR - 2020-03-30 14:19:38 --> 404 Page Not Found: 
ERROR - 2020-03-30 14:19:38 --> 404 Page Not Found: 
ERROR - 2020-03-30 14:19:38 --> 404 Page Not Found: 
ERROR - 2020-03-30 14:19:39 --> 404 Page Not Found: 
ERROR - 2020-03-30 14:19:39 --> 404 Page Not Found: 
ERROR - 2020-03-30 14:19:39 --> 404 Page Not Found: 
ERROR - 2020-03-30 14:19:39 --> 404 Page Not Found: 
ERROR - 2020-03-30 14:20:00 --> 404 Page Not Found: 
ERROR - 2020-03-30 14:20:00 --> 404 Page Not Found: 
ERROR - 2020-03-30 14:20:57 --> 404 Page Not Found: 
ERROR - 2020-03-30 14:20:57 --> 404 Page Not Found: 
ERROR - 2020-03-30 14:21:54 --> 404 Page Not Found: 
ERROR - 2020-03-30 14:22:45 --> 404 Page Not Found: 
ERROR - 2020-03-30 14:22:45 --> 404 Page Not Found: 
ERROR - 2020-03-30 14:22:45 --> 404 Page Not Found: 
ERROR - 2020-03-30 14:22:45 --> 404 Page Not Found: 
ERROR - 2020-03-30 14:22:45 --> 404 Page Not Found: 
ERROR - 2020-03-30 14:22:45 --> 404 Page Not Found: 
ERROR - 2020-03-30 14:22:46 --> 404 Page Not Found: 
ERROR - 2020-03-30 14:22:46 --> 404 Page Not Found: 
ERROR - 2020-03-30 14:22:46 --> 404 Page Not Found: 
ERROR - 2020-03-30 14:22:54 --> 404 Page Not Found: 
ERROR - 2020-03-30 14:22:54 --> 404 Page Not Found: 
ERROR - 2020-03-30 14:22:54 --> 404 Page Not Found: 
ERROR - 2020-03-30 14:26:32 --> 404 Page Not Found: 
ERROR - 2020-03-30 14:26:55 --> 404 Page Not Found: 
ERROR - 2020-03-30 14:31:40 --> 404 Page Not Found: 
ERROR - 2020-03-30 14:35:01 --> 404 Page Not Found: 
ERROR - 2020-03-30 14:35:01 --> 404 Page Not Found: 
ERROR - 2020-03-30 14:35:01 --> 404 Page Not Found: 
ERROR - 2020-03-30 14:35:01 --> 404 Page Not Found: 
ERROR - 2020-03-30 14:35:01 --> 404 Page Not Found: 
ERROR - 2020-03-30 14:35:01 --> 404 Page Not Found: 
ERROR - 2020-03-30 14:35:02 --> 404 Page Not Found: 
ERROR - 2020-03-30 14:35:02 --> 404 Page Not Found: 
ERROR - 2020-03-30 14:35:02 --> 404 Page Not Found: 
ERROR - 2020-03-30 14:35:04 --> 404 Page Not Found: 
ERROR - 2020-03-30 14:35:04 --> 404 Page Not Found: 
ERROR - 2020-03-30 14:35:04 --> 404 Page Not Found: 
ERROR - 2020-03-30 14:35:05 --> 404 Page Not Found: 
ERROR - 2020-03-30 14:35:05 --> 404 Page Not Found: 
ERROR - 2020-03-30 14:35:22 --> 404 Page Not Found: 
ERROR - 2020-03-30 14:35:22 --> 404 Page Not Found: 
ERROR - 2020-03-30 14:35:22 --> 404 Page Not Found: 
ERROR - 2020-03-30 14:35:22 --> 404 Page Not Found: 
ERROR - 2020-03-30 14:35:22 --> 404 Page Not Found: 
ERROR - 2020-03-30 14:35:22 --> 404 Page Not Found: 
ERROR - 2020-03-30 14:35:22 --> 404 Page Not Found: 
ERROR - 2020-03-30 14:35:22 --> 404 Page Not Found: 
ERROR - 2020-03-30 14:35:24 --> 404 Page Not Found: 
ERROR - 2020-03-30 14:35:24 --> 404 Page Not Found: 
ERROR - 2020-03-30 14:35:24 --> 404 Page Not Found: 
ERROR - 2020-03-30 14:35:24 --> 404 Page Not Found: 
ERROR - 2020-03-30 14:35:24 --> 404 Page Not Found: 
ERROR - 2020-03-30 14:35:24 --> 404 Page Not Found: 
ERROR - 2020-03-30 14:35:25 --> 404 Page Not Found: 
ERROR - 2020-03-30 14:35:25 --> 404 Page Not Found: 
ERROR - 2020-03-30 14:35:25 --> 404 Page Not Found: 
ERROR - 2020-03-30 14:35:56 --> 404 Page Not Found: 
ERROR - 2020-03-30 14:36:08 --> 404 Page Not Found: 
ERROR - 2020-03-30 14:36:08 --> 404 Page Not Found: 
ERROR - 2020-03-30 14:36:09 --> 404 Page Not Found: 
ERROR - 2020-03-30 14:36:09 --> 404 Page Not Found: 
ERROR - 2020-03-30 14:36:09 --> 404 Page Not Found: 
ERROR - 2020-03-30 14:36:09 --> 404 Page Not Found: 
ERROR - 2020-03-30 14:36:10 --> 404 Page Not Found: 
ERROR - 2020-03-30 14:36:10 --> 404 Page Not Found: 
ERROR - 2020-03-30 14:36:11 --> 404 Page Not Found: 
ERROR - 2020-03-30 14:36:29 --> 404 Page Not Found: 
ERROR - 2020-03-30 14:36:41 --> 404 Page Not Found: 
ERROR - 2020-03-30 14:36:41 --> 404 Page Not Found: 
ERROR - 2020-03-30 14:36:41 --> 404 Page Not Found: 
ERROR - 2020-03-30 14:36:41 --> 404 Page Not Found: 
ERROR - 2020-03-30 14:36:41 --> 404 Page Not Found: 
ERROR - 2020-03-30 14:36:42 --> 404 Page Not Found: 
ERROR - 2020-03-30 14:36:42 --> 404 Page Not Found: 
ERROR - 2020-03-30 14:36:42 --> 404 Page Not Found: 
ERROR - 2020-03-30 14:51:46 --> 404 Page Not Found: 
ERROR - 2020-03-30 14:51:46 --> 404 Page Not Found: 
ERROR - 2020-03-30 14:51:47 --> 404 Page Not Found: 
ERROR - 2020-03-30 14:51:47 --> 404 Page Not Found: 
ERROR - 2020-03-30 14:51:47 --> 404 Page Not Found: 
ERROR - 2020-03-30 14:51:47 --> 404 Page Not Found: 
ERROR - 2020-03-30 14:51:47 --> 404 Page Not Found: 
ERROR - 2020-03-30 14:51:47 --> 404 Page Not Found: 
ERROR - 2020-03-30 14:51:47 --> 404 Page Not Found: 
ERROR - 2020-03-30 14:51:48 --> 404 Page Not Found: 
ERROR - 2020-03-30 14:51:48 --> 404 Page Not Found: 
ERROR - 2020-03-30 14:51:48 --> 404 Page Not Found: 
ERROR - 2020-03-30 14:51:49 --> 404 Page Not Found: 
ERROR - 2020-03-30 14:51:49 --> 404 Page Not Found: 
ERROR - 2020-03-30 14:51:49 --> 404 Page Not Found: 
ERROR - 2020-03-30 14:51:49 --> 404 Page Not Found: 
ERROR - 2020-03-30 14:51:49 --> 404 Page Not Found: 
ERROR - 2020-03-30 14:51:50 --> 404 Page Not Found: 
ERROR - 2020-03-30 14:51:50 --> 404 Page Not Found: 
ERROR - 2020-03-30 14:51:50 --> 404 Page Not Found: 
ERROR - 2020-03-30 14:51:51 --> 404 Page Not Found: 
ERROR - 2020-03-30 14:51:51 --> 404 Page Not Found: 
ERROR - 2020-03-30 14:51:51 --> 404 Page Not Found: 
ERROR - 2020-03-30 14:51:51 --> 404 Page Not Found: 
ERROR - 2020-03-30 14:51:51 --> 404 Page Not Found: 
ERROR - 2020-03-30 14:51:52 --> 404 Page Not Found: 
ERROR - 2020-03-30 14:52:28 --> 404 Page Not Found: 
ERROR - 2020-03-30 14:52:28 --> 404 Page Not Found: 
ERROR - 2020-03-30 14:52:28 --> 404 Page Not Found: 
ERROR - 2020-03-30 14:52:28 --> 404 Page Not Found: 
ERROR - 2020-03-30 14:52:28 --> 404 Page Not Found: 
ERROR - 2020-03-30 14:52:28 --> 404 Page Not Found: 
ERROR - 2020-03-30 14:52:28 --> 404 Page Not Found: 
ERROR - 2020-03-30 14:52:29 --> 404 Page Not Found: 
ERROR - 2020-03-30 14:52:29 --> 404 Page Not Found: 
ERROR - 2020-03-30 14:52:29 --> 404 Page Not Found: 
ERROR - 2020-03-30 14:52:29 --> 404 Page Not Found: 
ERROR - 2020-03-30 14:52:30 --> 404 Page Not Found: 
ERROR - 2020-03-30 14:52:30 --> 404 Page Not Found: 
ERROR - 2020-03-30 14:52:30 --> 404 Page Not Found: 
ERROR - 2020-03-30 14:52:30 --> 404 Page Not Found: 
ERROR - 2020-03-30 14:52:31 --> 404 Page Not Found: 
ERROR - 2020-03-30 14:52:31 --> 404 Page Not Found: 
ERROR - 2020-03-30 14:52:31 --> 404 Page Not Found: 
ERROR - 2020-03-30 14:52:31 --> 404 Page Not Found: 
ERROR - 2020-03-30 14:52:32 --> 404 Page Not Found: 
ERROR - 2020-03-30 14:52:32 --> 404 Page Not Found: 
ERROR - 2020-03-30 14:52:32 --> 404 Page Not Found: 
ERROR - 2020-03-30 14:52:32 --> 404 Page Not Found: 
ERROR - 2020-03-30 14:52:32 --> 404 Page Not Found: 
ERROR - 2020-03-30 14:52:32 --> 404 Page Not Found: 
ERROR - 2020-03-30 14:52:32 --> 404 Page Not Found: 
ERROR - 2020-03-30 14:53:30 --> 404 Page Not Found: 
ERROR - 2020-03-30 14:53:30 --> 404 Page Not Found: 
ERROR - 2020-03-30 14:53:30 --> 404 Page Not Found: 
ERROR - 2020-03-30 14:53:30 --> 404 Page Not Found: 
ERROR - 2020-03-30 14:53:30 --> 404 Page Not Found: 
ERROR - 2020-03-30 14:53:30 --> 404 Page Not Found: 
ERROR - 2020-03-30 14:53:30 --> 404 Page Not Found: 
ERROR - 2020-03-30 14:53:31 --> 404 Page Not Found: 
ERROR - 2020-03-30 14:53:31 --> 404 Page Not Found: 
ERROR - 2020-03-30 14:53:32 --> 404 Page Not Found: 
ERROR - 2020-03-30 14:53:32 --> 404 Page Not Found: 
ERROR - 2020-03-30 14:53:32 --> 404 Page Not Found: 
ERROR - 2020-03-30 14:53:33 --> 404 Page Not Found: 
ERROR - 2020-03-30 14:53:33 --> 404 Page Not Found: 
ERROR - 2020-03-30 14:53:33 --> 404 Page Not Found: 
ERROR - 2020-03-30 14:53:34 --> 404 Page Not Found: 
ERROR - 2020-03-30 14:53:34 --> 404 Page Not Found: 
ERROR - 2020-03-30 14:53:35 --> 404 Page Not Found: 
ERROR - 2020-03-30 14:53:35 --> 404 Page Not Found: 
ERROR - 2020-03-30 14:53:35 --> 404 Page Not Found: 
ERROR - 2020-03-30 14:53:35 --> 404 Page Not Found: 
ERROR - 2020-03-30 14:53:35 --> 404 Page Not Found: 
ERROR - 2020-03-30 14:53:36 --> 404 Page Not Found: 
ERROR - 2020-03-30 14:53:36 --> 404 Page Not Found: 
ERROR - 2020-03-30 14:53:36 --> 404 Page Not Found: 
ERROR - 2020-03-30 14:53:36 --> 404 Page Not Found: 
