ERROR - 2018-01-29 12:58:44 --> Severity: Warning --> fsockopen(): unable to connect to ssl://smtp.gmail.com:465 (Network is unreachable) /home/nkmtein/public_html/fullbasketproperty.com/system/libraries/Email.php 2055
ERROR - 2018-01-29 13:38:28 --> Severity: Warning --> fsockopen(): unable to connect to ssl://smtp.gmail.com:465 (Network is unreachable) /home/nkmtein/public_html/fullbasketproperty.com/system/libraries/Email.php 2055
ERROR - 2018-01-29 13:47:21 --> Severity: Warning --> fsockopen(): unable to connect to ssl://smtp.gmail.com:465 (Network is unreachable) /home/nkmtein/public_html/fullbasketproperty.com/system/libraries/Email.php 2055
ERROR - 2018-01-29 16:42:50 --> Severity: Warning --> include(/home/nkmtein/public_html/fullbasketproperty.com/system/language/english/achievements_lang.php): failed to open stream: No such file or directory /home/nkmtein/public_html/fullbasketproperty.com/application/core/MY_Lang.php 112
ERROR - 2018-01-29 16:42:50 --> Severity: Warning --> include(): Failed opening '/home/nkmtein/public_html/fullbasketproperty.com/system/language/english/achievements_lang.php' for inclusion (include_path='.:/opt/cpanel/ea-php56/root/usr/share/pear') /home/nkmtein/public_html/fullbasketproperty.com/application/core/MY_Lang.php 112
ERROR - 2018-01-29 16:42:50 --> Language file contains no data: language/english/achievements_lang.php
ERROR - 2018-01-29 16:42:50 --> Could not find the language line "achievements title addAchievement"
ERROR - 2018-01-29 16:43:04 --> Severity: Warning --> include(/home/nkmtein/public_html/fullbasketproperty.com/system/language/english/achievements_lang.php): failed to open stream: No such file or directory /home/nkmtein/public_html/fullbasketproperty.com/application/core/MY_Lang.php 112
ERROR - 2018-01-29 16:43:04 --> Severity: Warning --> include(): Failed opening '/home/nkmtein/public_html/fullbasketproperty.com/system/language/english/achievements_lang.php' for inclusion (include_path='.:/opt/cpanel/ea-php56/root/usr/share/pear') /home/nkmtein/public_html/fullbasketproperty.com/application/core/MY_Lang.php 112
ERROR - 2018-01-29 16:43:04 --> Language file contains no data: language/english/achievements_lang.php
ERROR - 2018-01-29 16:43:05 --> Severity: Warning --> include(/home/nkmtein/public_html/fullbasketproperty.com/system/language/english/achievements_lang.php): failed to open stream: No such file or directory /home/nkmtein/public_html/fullbasketproperty.com/application/core/MY_Lang.php 112
ERROR - 2018-01-29 16:43:05 --> Severity: Warning --> include(): Failed opening '/home/nkmtein/public_html/fullbasketproperty.com/system/language/english/achievements_lang.php' for inclusion (include_path='.:/opt/cpanel/ea-php56/root/usr/share/pear') /home/nkmtein/public_html/fullbasketproperty.com/application/core/MY_Lang.php 112
ERROR - 2018-01-29 16:43:05 --> Language file contains no data: language/english/achievements_lang.php
ERROR - 2018-01-29 16:43:05 --> Could not find the language line "achievements title achievements"
ERROR - 2018-01-29 16:43:37 --> Severity: Warning --> include(/home/nkmtein/public_html/fullbasketproperty.com/system/language/english/achievements_lang.php): failed to open stream: No such file or directory /home/nkmtein/public_html/fullbasketproperty.com/application/core/MY_Lang.php 112
ERROR - 2018-01-29 16:43:37 --> Severity: Warning --> include(): Failed opening '/home/nkmtein/public_html/fullbasketproperty.com/system/language/english/achievements_lang.php' for inclusion (include_path='.:/opt/cpanel/ea-php56/root/usr/share/pear') /home/nkmtein/public_html/fullbasketproperty.com/application/core/MY_Lang.php 112
ERROR - 2018-01-29 16:43:37 --> Language file contains no data: language/english/achievements_lang.php
ERROR - 2018-01-29 16:43:37 --> Severity: Warning --> include(/home/nkmtein/public_html/fullbasketproperty.com/system/language/english/achievements_lang.php): failed to open stream: No such file or directory /home/nkmtein/public_html/fullbasketproperty.com/application/core/MY_Lang.php 112
ERROR - 2018-01-29 16:43:37 --> Severity: Warning --> include(): Failed opening '/home/nkmtein/public_html/fullbasketproperty.com/system/language/english/achievements_lang.php' for inclusion (include_path='.:/opt/cpanel/ea-php56/root/usr/share/pear') /home/nkmtein/public_html/fullbasketproperty.com/application/core/MY_Lang.php 112
ERROR - 2018-01-29 16:43:37 --> Language file contains no data: language/english/achievements_lang.php
ERROR - 2018-01-29 16:43:37 --> Could not find the language line "achievements title achievements"
ERROR - 2018-01-29 17:21:21 --> Severity: Warning --> include(/home/nkmtein/public_html/fullbasketproperty.com/system/language/english/achievements_lang.php): failed to open stream: No such file or directory /home/nkmtein/public_html/fullbasketproperty.com/application/core/MY_Lang.php 112
ERROR - 2018-01-29 17:21:21 --> Severity: Warning --> include(): Failed opening '/home/nkmtein/public_html/fullbasketproperty.com/system/language/english/achievements_lang.php' for inclusion (include_path='.:/opt/cpanel/ea-php56/root/usr/share/pear') /home/nkmtein/public_html/fullbasketproperty.com/application/core/MY_Lang.php 112
ERROR - 2018-01-29 17:21:21 --> Language file contains no data: language/english/achievements_lang.php
ERROR - 2018-01-29 17:21:21 --> Could not find the language line "achievements title addAchievement"
ERROR - 2018-01-29 22:37:39 --> Severity: Warning --> fsockopen(): unable to connect to ssl://smtp.gmail.com:465 (Network is unreachable) /home/nkmtein/public_html/fullbasketproperty.com/system/libraries/Email.php 2055
ERROR - 2018-01-29 23:30:18 --> Severity: Warning --> fsockopen(): unable to connect to ssl://smtp.gmail.com:465 (Network is unreachable) /home/nkmtein/public_html/fullbasketproperty.com/system/libraries/Email.php 2055
