ERROR - 2019-07-25 00:23:27 --> Severity: Warning --> Illegal string offset 'keyword' /home/fullbasketproper/public_html/application/views/listing.php 186
ERROR - 2019-07-25 00:43:35 --> 404 Page Not Found: 
ERROR - 2019-07-25 01:40:56 --> 404 Page Not Found: 
ERROR - 2019-07-25 02:11:36 --> Severity: Warning --> Illegal string offset 'keyword' /home/fullbasketproper/public_html/application/views/listing.php 186
ERROR - 2019-07-25 02:11:44 --> 404 Page Not Found: 
ERROR - 2019-07-25 02:25:24 --> 404 Page Not Found: 
ERROR - 2019-07-25 02:28:41 --> 404 Page Not Found: 
ERROR - 2019-07-25 02:28:42 --> 404 Page Not Found: 
ERROR - 2019-07-25 02:46:54 --> 404 Page Not Found: 
ERROR - 2019-07-25 03:25:06 --> 404 Page Not Found: 
ERROR - 2019-07-25 03:35:40 --> Severity: Warning --> Illegal string offset 'keyword' /home/fullbasketproper/public_html/application/views/listing.php 186
ERROR - 2019-07-25 03:41:42 --> 404 Page Not Found: 
ERROR - 2019-07-25 03:53:58 --> Severity: Warning --> Illegal string offset 'keyword' /home/fullbasketproper/public_html/application/views/listing.php 186
ERROR - 2019-07-25 04:52:51 --> 404 Page Not Found: 
ERROR - 2019-07-25 05:34:19 --> Severity: Warning --> Illegal string offset 'keyword' /home/fullbasketproper/public_html/application/views/listing.php 186
ERROR - 2019-07-25 05:45:37 --> Severity: Warning --> Illegal string offset 'keyword' /home/fullbasketproper/public_html/application/views/listing.php 186
ERROR - 2019-07-25 06:28:56 --> Severity: Warning --> Illegal string offset 'keyword' /home/fullbasketproper/public_html/application/views/listing.php 186
ERROR - 2019-07-25 06:52:28 --> 404 Page Not Found: 
ERROR - 2019-07-25 07:31:21 --> 404 Page Not Found: 
ERROR - 2019-07-25 08:06:25 --> 404 Page Not Found: 
ERROR - 2019-07-25 08:27:15 --> Severity: Warning --> Illegal string offset 'keyword' /home/fullbasketproper/public_html/application/views/listing.php 186
ERROR - 2019-07-25 08:27:24 --> Severity: Warning --> Illegal string offset 'keyword' /home/fullbasketproper/public_html/application/views/listing.php 186
ERROR - 2019-07-25 09:17:29 --> 404 Page Not Found: 
ERROR - 2019-07-25 09:21:53 --> 404 Page Not Found: 
ERROR - 2019-07-25 10:25:21 --> 404 Page Not Found: 
ERROR - 2019-07-25 10:27:29 --> 404 Page Not Found: 
ERROR - 2019-07-25 10:38:58 --> 404 Page Not Found: 
ERROR - 2019-07-25 11:14:33 --> Severity: Warning --> Illegal string offset 'keyword' /home/fullbasketproper/public_html/application/views/listing.php 186
ERROR - 2019-07-25 11:14:36 --> Severity: Warning --> Illegal string offset 'keyword' /home/fullbasketproper/public_html/application/views/listing.php 186
ERROR - 2019-07-25 11:19:08 --> 404 Page Not Found: 
ERROR - 2019-07-25 11:20:45 --> 404 Page Not Found: 
ERROR - 2019-07-25 11:26:10 --> 404 Page Not Found: 
ERROR - 2019-07-25 11:29:47 --> Severity: Warning --> Illegal string offset 'keyword' /home/fullbasketproper/public_html/application/views/listing.php 186
ERROR - 2019-07-25 11:48:08 --> Severity: Warning --> rename(uploads/master_plans/3bhk_Master_Plan.png,uploads/gr-heights/3bhk_Master_Plan.png): No such file or directory /home/fullbasketproper/public_html/application/controllers/admin/Properties.php 295
ERROR - 2019-07-25 11:48:08 --> Severity: Warning --> rename(uploads/master_plans/Master_Plan_2bhk.png,uploads/gr-heights/Master_Plan_2bhk.png): No such file or directory /home/fullbasketproper/public_html/application/controllers/admin/Properties.php 295
ERROR - 2019-07-25 11:48:08 --> Severity: Warning --> rename(uploads/elevations/GR_Heights.jpg,uploads/gr-heights/GR_Heights.jpg): No such file or directory /home/fullbasketproper/public_html/application/controllers/admin/Properties.php 335
ERROR - 2019-07-25 12:42:14 --> 404 Page Not Found: 
ERROR - 2019-07-25 12:44:12 --> 404 Page Not Found: 
ERROR - 2019-07-25 12:51:42 --> 404 Page Not Found: 
ERROR - 2019-07-25 13:06:49 --> 404 Page Not Found: 
ERROR - 2019-07-25 14:41:04 --> Severity: Warning --> Illegal string offset 'keyword' /home/fullbasketproper/public_html/application/views/listing.php 186
ERROR - 2019-07-25 14:45:30 --> 404 Page Not Found: 
ERROR - 2019-07-25 14:45:37 --> 404 Page Not Found: 
ERROR - 2019-07-25 14:49:11 --> 404 Page Not Found: 
ERROR - 2019-07-25 15:01:47 --> 404 Page Not Found: 
ERROR - 2019-07-25 15:02:02 --> 404 Page Not Found: 
ERROR - 2019-07-25 15:11:34 --> Severity: Warning --> Illegal string offset 'keyword' /home/fullbasketproper/public_html/application/views/listing.php 186
ERROR - 2019-07-25 15:13:03 --> 404 Page Not Found: 
ERROR - 2019-07-25 15:13:11 --> Severity: Warning --> Illegal string offset 'keyword' /home/fullbasketproper/public_html/application/views/listing.php 186
ERROR - 2019-07-25 15:13:55 --> Severity: Warning --> Illegal string offset 'keyword' /home/fullbasketproper/public_html/application/views/listing.php 186
ERROR - 2019-07-25 15:26:31 --> 404 Page Not Found: 
ERROR - 2019-07-25 15:40:49 --> 404 Page Not Found: 
ERROR - 2019-07-25 15:46:24 --> Severity: Warning --> Illegal string offset 'keyword' /home/fullbasketproper/public_html/application/views/listing.php 186
ERROR - 2019-07-25 15:46:41 --> 404 Page Not Found: 
ERROR - 2019-07-25 16:04:06 --> 404 Page Not Found: 
ERROR - 2019-07-25 16:08:56 --> 404 Page Not Found: 
ERROR - 2019-07-25 16:30:31 --> Severity: Warning --> Illegal string offset 'keyword' /home/fullbasketproper/public_html/application/views/listing.php 186
ERROR - 2019-07-25 16:40:40 --> 404 Page Not Found: 
ERROR - 2019-07-25 17:05:10 --> 404 Page Not Found: 
ERROR - 2019-07-25 17:05:12 --> 404 Page Not Found: 
ERROR - 2019-07-25 17:26:42 --> 404 Page Not Found: 
ERROR - 2019-07-25 17:27:32 --> 404 Page Not Found: 
ERROR - 2019-07-25 17:27:45 --> Severity: Warning --> Illegal string offset 'keyword' /home/fullbasketproper/public_html/application/views/listing.php 186
ERROR - 2019-07-25 17:51:31 --> 404 Page Not Found: 
ERROR - 2019-07-25 17:51:35 --> 404 Page Not Found: 
ERROR - 2019-07-25 17:52:00 --> Severity: Warning --> Illegal string offset 'keyword' /home/fullbasketproper/public_html/application/views/listing.php 186
ERROR - 2019-07-25 18:00:39 --> Severity: Warning --> Illegal string offset 'keyword' /home/fullbasketproper/public_html/application/views/listing.php 186
ERROR - 2019-07-25 18:02:20 --> 404 Page Not Found: 
ERROR - 2019-07-25 18:12:45 --> 404 Page Not Found: 
ERROR - 2019-07-25 18:31:37 --> 404 Page Not Found: 
ERROR - 2019-07-25 18:31:38 --> 404 Page Not Found: 
ERROR - 2019-07-25 19:10:38 --> Severity: Warning --> Illegal string offset 'keyword' /home/fullbasketproper/public_html/application/views/listing.php 186
ERROR - 2019-07-25 19:10:47 --> Severity: Warning --> Illegal string offset 'keyword' /home/fullbasketproper/public_html/application/views/listing.php 186
ERROR - 2019-07-25 19:11:02 --> Severity: Warning --> Illegal string offset 'keyword' /home/fullbasketproper/public_html/application/views/listing.php 186
ERROR - 2019-07-25 19:11:19 --> Severity: Warning --> Illegal string offset 'keyword' /home/fullbasketproper/public_html/application/views/listing.php 186
ERROR - 2019-07-25 19:11:36 --> Severity: Warning --> Illegal string offset 'keyword' /home/fullbasketproper/public_html/application/views/listing.php 186
ERROR - 2019-07-25 19:11:57 --> Severity: Warning --> Illegal string offset 'keyword' /home/fullbasketproper/public_html/application/views/listing.php 186
ERROR - 2019-07-25 19:12:15 --> Severity: Warning --> Illegal string offset 'keyword' /home/fullbasketproper/public_html/application/views/listing.php 186
ERROR - 2019-07-25 19:12:30 --> Severity: Warning --> Illegal string offset 'keyword' /home/fullbasketproper/public_html/application/views/listing.php 186
ERROR - 2019-07-25 19:12:43 --> Severity: Warning --> Illegal string offset 'keyword' /home/fullbasketproper/public_html/application/views/listing.php 186
ERROR - 2019-07-25 19:12:52 --> Severity: Warning --> Illegal string offset 'keyword' /home/fullbasketproper/public_html/application/views/listing.php 186
ERROR - 2019-07-25 19:25:22 --> 404 Page Not Found: 
ERROR - 2019-07-25 19:25:49 --> Severity: Warning --> Illegal string offset 'keyword' /home/fullbasketproper/public_html/application/views/listing.php 186
ERROR - 2019-07-25 19:28:27 --> Severity: Warning --> Illegal string offset 'keyword' /home/fullbasketproper/public_html/application/views/listing.php 186
ERROR - 2019-07-25 19:28:45 --> Severity: Warning --> Illegal string offset 'keyword' /home/fullbasketproper/public_html/application/views/listing.php 186
ERROR - 2019-07-25 19:29:02 --> Severity: Warning --> Illegal string offset 'keyword' /home/fullbasketproper/public_html/application/views/listing.php 186
ERROR - 2019-07-25 19:29:21 --> Severity: Warning --> Illegal string offset 'keyword' /home/fullbasketproper/public_html/application/views/listing.php 186
ERROR - 2019-07-25 19:29:36 --> Severity: Warning --> Illegal string offset 'keyword' /home/fullbasketproper/public_html/application/views/listing.php 186
ERROR - 2019-07-25 19:29:50 --> Severity: Warning --> Illegal string offset 'keyword' /home/fullbasketproper/public_html/application/views/listing.php 186
ERROR - 2019-07-25 19:30:04 --> Severity: Warning --> Illegal string offset 'keyword' /home/fullbasketproper/public_html/application/views/listing.php 186
ERROR - 2019-07-25 19:30:20 --> Severity: Warning --> Illegal string offset 'keyword' /home/fullbasketproper/public_html/application/views/listing.php 186
ERROR - 2019-07-25 19:30:38 --> Severity: Warning --> Illegal string offset 'keyword' /home/fullbasketproper/public_html/application/views/listing.php 186
ERROR - 2019-07-25 19:30:55 --> Severity: Warning --> Illegal string offset 'keyword' /home/fullbasketproper/public_html/application/views/listing.php 186
ERROR - 2019-07-25 20:12:43 --> 404 Page Not Found: 
ERROR - 2019-07-25 20:52:40 --> Severity: Warning --> Illegal string offset 'keyword' /home/fullbasketproper/public_html/application/views/listing.php 186
ERROR - 2019-07-25 22:31:53 --> 404 Page Not Found: 
ERROR - 2019-07-25 22:53:54 --> 404 Page Not Found: 
ERROR - 2019-07-25 23:07:38 --> 404 Page Not Found: 
ERROR - 2019-07-25 23:35:13 --> 404 Page Not Found: 
ERROR - 2019-07-25 23:42:56 --> Severity: Warning --> Illegal string offset 'keyword' /home/fullbasketproper/public_html/application/views/listing.php 186
ERROR - 2019-07-25 23:42:57 --> Severity: Warning --> Illegal string offset 'keyword' /home/fullbasketproper/public_html/application/views/listing.php 186
