ERROR - 2019-09-13 00:42:40 --> Query error: You have an error in your SQL syntax; check the manual that corresponds to your MySQL server version for the right syntax to use near '-10, 10' at line 11 - Invalid query: SELECT DISTINCT `p`.*, `c`.`name` as `city_name`, `ps`.`name` as `property_status`, `pt`.`name` as `prop_type`, `b`.`name` as `builder`, `l`.`name` as `location`
FROM `properties` `p`
LEFT JOIN `cities` `c` ON `p`.`city_id` = `c`.`id`
LEFT JOIN `builders` `b` ON `p`.`builder_id` = `b`.`id`
LEFT JOIN `locations` `l` ON `p`.`location_id` = `l`.`id`
LEFT JOIN `property_types` `pt` ON `p`.`property_type_id` = `pt`.`id`
LEFT JOIN `property_status` `ps` ON `p`.`property_status_id` = `ps`.`id`
LEFT JOIN `property_amenities` `pa` ON `pa`.`property_id` = `p`.`id`
WHERE `p`.`status` = 1
ORDER BY `p`.`id` DESC
 LIMIT -10, 10
ERROR - 2019-09-13 02:09:59 --> Severity: Warning --> Illegal string offset 'keyword' /home/fullbasketproper/public_html/application/views/listing.php 186
ERROR - 2019-09-13 02:24:22 --> Severity: Warning --> Illegal string offset 'keyword' /home/fullbasketproper/public_html/application/views/listing.php 186
ERROR - 2019-09-13 02:24:58 --> Severity: Warning --> Illegal string offset 'keyword' /home/fullbasketproper/public_html/application/views/listing.php 186
ERROR - 2019-09-13 02:26:37 --> 404 Page Not Found: 
ERROR - 2019-09-13 02:26:39 --> 404 Page Not Found: 
ERROR - 2019-09-13 03:01:50 --> 404 Page Not Found: 
ERROR - 2019-09-13 03:24:10 --> Severity: Warning --> Illegal string offset 'keyword' /home/fullbasketproper/public_html/application/views/listing.php 186
ERROR - 2019-09-13 04:11:35 --> Severity: Warning --> Illegal string offset 'keyword' /home/fullbasketproper/public_html/application/views/listing.php 186
ERROR - 2019-09-13 04:41:17 --> Severity: Warning --> Illegal string offset 'keyword' /home/fullbasketproper/public_html/application/views/listing.php 186
ERROR - 2019-09-13 06:06:25 --> 404 Page Not Found: 
ERROR - 2019-09-13 06:20:34 --> Severity: Warning --> Illegal string offset 'keyword' /home/fullbasketproper/public_html/application/views/listing.php 186
ERROR - 2019-09-13 06:20:38 --> Severity: Warning --> Illegal string offset 'keyword' /home/fullbasketproper/public_html/application/views/listing.php 186
ERROR - 2019-09-13 06:43:44 --> Severity: Warning --> Illegal string offset 'keyword' /home/fullbasketproper/public_html/application/views/listing.php 186
ERROR - 2019-09-13 06:54:42 --> 404 Page Not Found: 
ERROR - 2019-09-13 06:55:11 --> 404 Page Not Found: 
ERROR - 2019-09-13 07:30:02 --> 404 Page Not Found: 
ERROR - 2019-09-13 07:30:07 --> 404 Page Not Found: 
ERROR - 2019-09-13 07:42:22 --> Severity: Warning --> Illegal string offset 'keyword' /home/fullbasketproper/public_html/application/views/listing.php 186
ERROR - 2019-09-13 08:34:17 --> 404 Page Not Found: 
ERROR - 2019-09-13 08:35:09 --> 404 Page Not Found: 
ERROR - 2019-09-13 08:36:37 --> Severity: Warning --> Illegal string offset 'keyword' /home/fullbasketproper/public_html/application/views/listing.php 186
ERROR - 2019-09-13 08:36:41 --> Severity: Warning --> Illegal string offset 'keyword' /home/fullbasketproper/public_html/application/views/listing.php 186
ERROR - 2019-09-13 08:52:36 --> Severity: Warning --> Illegal string offset 'keyword' /home/fullbasketproper/public_html/application/views/listing.php 186
ERROR - 2019-09-13 09:31:33 --> Severity: Warning --> Illegal string offset 'keyword' /home/fullbasketproper/public_html/application/views/listing.php 186
ERROR - 2019-09-13 09:31:44 --> Severity: Warning --> Illegal string offset 'keyword' /home/fullbasketproper/public_html/application/views/listing.php 186
ERROR - 2019-09-13 09:31:51 --> Severity: Warning --> Illegal string offset 'keyword' /home/fullbasketproper/public_html/application/views/listing.php 186
ERROR - 2019-09-13 09:32:07 --> Severity: Warning --> Illegal string offset 'keyword' /home/fullbasketproper/public_html/application/views/listing.php 186
ERROR - 2019-09-13 09:32:14 --> Severity: Warning --> Illegal string offset 'keyword' /home/fullbasketproper/public_html/application/views/listing.php 186
ERROR - 2019-09-13 09:32:20 --> Severity: Warning --> Illegal string offset 'keyword' /home/fullbasketproper/public_html/application/views/listing.php 186
ERROR - 2019-09-13 09:32:26 --> Severity: Warning --> Illegal string offset 'keyword' /home/fullbasketproper/public_html/application/views/listing.php 186
ERROR - 2019-09-13 09:32:42 --> Severity: Warning --> Illegal string offset 'keyword' /home/fullbasketproper/public_html/application/views/listing.php 186
ERROR - 2019-09-13 09:32:56 --> Severity: Warning --> Illegal string offset 'keyword' /home/fullbasketproper/public_html/application/views/listing.php 186
ERROR - 2019-09-13 09:33:03 --> Severity: Warning --> Illegal string offset 'keyword' /home/fullbasketproper/public_html/application/views/listing.php 186
ERROR - 2019-09-13 09:33:17 --> Severity: Warning --> Illegal string offset 'keyword' /home/fullbasketproper/public_html/application/views/listing.php 186
ERROR - 2019-09-13 09:33:34 --> Severity: Warning --> Illegal string offset 'keyword' /home/fullbasketproper/public_html/application/views/listing.php 186
ERROR - 2019-09-13 09:33:51 --> Severity: Warning --> Illegal string offset 'keyword' /home/fullbasketproper/public_html/application/views/listing.php 186
ERROR - 2019-09-13 09:33:57 --> Severity: Warning --> Illegal string offset 'keyword' /home/fullbasketproper/public_html/application/views/listing.php 186
ERROR - 2019-09-13 09:34:07 --> Severity: Warning --> Illegal string offset 'keyword' /home/fullbasketproper/public_html/application/views/listing.php 186
ERROR - 2019-09-13 09:34:20 --> Severity: Warning --> Illegal string offset 'keyword' /home/fullbasketproper/public_html/application/views/listing.php 186
ERROR - 2019-09-13 09:34:25 --> Severity: Warning --> Illegal string offset 'keyword' /home/fullbasketproper/public_html/application/views/listing.php 186
ERROR - 2019-09-13 09:34:32 --> Severity: Warning --> Illegal string offset 'keyword' /home/fullbasketproper/public_html/application/views/listing.php 186
ERROR - 2019-09-13 09:34:38 --> Severity: Warning --> Illegal string offset 'keyword' /home/fullbasketproper/public_html/application/views/listing.php 186
ERROR - 2019-09-13 09:34:44 --> Severity: Warning --> Illegal string offset 'keyword' /home/fullbasketproper/public_html/application/views/listing.php 186
ERROR - 2019-09-13 09:34:57 --> Severity: Warning --> Illegal string offset 'keyword' /home/fullbasketproper/public_html/application/views/listing.php 186
ERROR - 2019-09-13 09:35:03 --> Severity: Warning --> Illegal string offset 'keyword' /home/fullbasketproper/public_html/application/views/listing.php 186
ERROR - 2019-09-13 09:35:10 --> Severity: Warning --> Illegal string offset 'keyword' /home/fullbasketproper/public_html/application/views/listing.php 186
ERROR - 2019-09-13 09:35:15 --> Severity: Warning --> Illegal string offset 'keyword' /home/fullbasketproper/public_html/application/views/listing.php 186
ERROR - 2019-09-13 09:35:23 --> Severity: Warning --> Illegal string offset 'keyword' /home/fullbasketproper/public_html/application/views/listing.php 186
ERROR - 2019-09-13 09:35:36 --> Severity: Warning --> Illegal string offset 'keyword' /home/fullbasketproper/public_html/application/views/listing.php 186
ERROR - 2019-09-13 09:35:51 --> Severity: Warning --> Illegal string offset 'keyword' /home/fullbasketproper/public_html/application/views/listing.php 186
ERROR - 2019-09-13 09:36:03 --> Severity: Warning --> Illegal string offset 'keyword' /home/fullbasketproper/public_html/application/views/listing.php 186
ERROR - 2019-09-13 09:36:09 --> Severity: Warning --> Illegal string offset 'keyword' /home/fullbasketproper/public_html/application/views/listing.php 186
ERROR - 2019-09-13 09:36:14 --> Severity: Warning --> Illegal string offset 'keyword' /home/fullbasketproper/public_html/application/views/listing.php 186
ERROR - 2019-09-13 09:36:20 --> Severity: Warning --> Illegal string offset 'keyword' /home/fullbasketproper/public_html/application/views/listing.php 186
ERROR - 2019-09-13 09:36:25 --> Severity: Warning --> Illegal string offset 'keyword' /home/fullbasketproper/public_html/application/views/listing.php 186
ERROR - 2019-09-13 09:36:31 --> Severity: Warning --> Illegal string offset 'keyword' /home/fullbasketproper/public_html/application/views/listing.php 186
ERROR - 2019-09-13 09:36:43 --> Severity: Warning --> Illegal string offset 'keyword' /home/fullbasketproper/public_html/application/views/listing.php 186
ERROR - 2019-09-13 09:36:49 --> Severity: Warning --> Illegal string offset 'keyword' /home/fullbasketproper/public_html/application/views/listing.php 186
ERROR - 2019-09-13 09:36:55 --> Severity: Warning --> Illegal string offset 'keyword' /home/fullbasketproper/public_html/application/views/listing.php 186
ERROR - 2019-09-13 09:37:07 --> Severity: Warning --> Illegal string offset 'keyword' /home/fullbasketproper/public_html/application/views/listing.php 186
ERROR - 2019-09-13 09:37:09 --> 404 Page Not Found: 
ERROR - 2019-09-13 09:37:24 --> Severity: Warning --> Illegal string offset 'keyword' /home/fullbasketproper/public_html/application/views/listing.php 186
ERROR - 2019-09-13 09:37:30 --> Severity: Warning --> Illegal string offset 'keyword' /home/fullbasketproper/public_html/application/views/listing.php 186
ERROR - 2019-09-13 09:37:43 --> Severity: Warning --> Illegal string offset 'keyword' /home/fullbasketproper/public_html/application/views/listing.php 186
ERROR - 2019-09-13 09:37:49 --> Severity: Warning --> Illegal string offset 'keyword' /home/fullbasketproper/public_html/application/views/listing.php 186
ERROR - 2019-09-13 09:37:54 --> Severity: Warning --> Illegal string offset 'keyword' /home/fullbasketproper/public_html/application/views/listing.php 186
ERROR - 2019-09-13 09:38:17 --> Severity: Warning --> Illegal string offset 'keyword' /home/fullbasketproper/public_html/application/views/listing.php 186
ERROR - 2019-09-13 09:38:36 --> Severity: Warning --> Illegal string offset 'keyword' /home/fullbasketproper/public_html/application/views/listing.php 186
ERROR - 2019-09-13 09:38:40 --> Severity: Warning --> Illegal string offset 'keyword' /home/fullbasketproper/public_html/application/views/listing.php 186
ERROR - 2019-09-13 10:02:46 --> 404 Page Not Found: 
ERROR - 2019-09-13 10:11:48 --> 404 Page Not Found: 
ERROR - 2019-09-13 10:11:55 --> 404 Page Not Found: 
ERROR - 2019-09-13 10:14:01 --> Severity: Warning --> Illegal string offset 'keyword' /home/fullbasketproper/public_html/application/views/listing.php 186
ERROR - 2019-09-13 10:14:11 --> Severity: Warning --> Illegal string offset 'keyword' /home/fullbasketproper/public_html/application/views/listing.php 186
ERROR - 2019-09-13 10:14:18 --> 404 Page Not Found: 
ERROR - 2019-09-13 10:14:47 --> Severity: Warning --> Illegal string offset 'keyword' /home/fullbasketproper/public_html/application/views/listing.php 186
ERROR - 2019-09-13 10:14:51 --> Severity: Warning --> Illegal string offset 'keyword' /home/fullbasketproper/public_html/application/views/listing.php 186
ERROR - 2019-09-13 10:14:56 --> Severity: Warning --> Illegal string offset 'keyword' /home/fullbasketproper/public_html/application/views/listing.php 186
ERROR - 2019-09-13 10:15:00 --> Severity: Warning --> Illegal string offset 'keyword' /home/fullbasketproper/public_html/application/views/listing.php 186
ERROR - 2019-09-13 10:15:02 --> 404 Page Not Found: 
ERROR - 2019-09-13 11:03:39 --> 404 Page Not Found: 
ERROR - 2019-09-13 11:10:04 --> Severity: Warning --> Illegal string offset 'keyword' /home/fullbasketproper/public_html/application/views/listing.php 186
ERROR - 2019-09-13 12:04:31 --> 404 Page Not Found: 
ERROR - 2019-09-13 12:06:09 --> 404 Page Not Found: 
ERROR - 2019-09-13 12:13:25 --> 404 Page Not Found: 
ERROR - 2019-09-13 12:17:22 --> 404 Page Not Found: 
ERROR - 2019-09-13 12:21:22 --> 404 Page Not Found: 
ERROR - 2019-09-13 12:24:06 --> 404 Page Not Found: 
ERROR - 2019-09-13 12:29:07 --> 404 Page Not Found: 
ERROR - 2019-09-13 12:31:57 --> 404 Page Not Found: 
ERROR - 2019-09-13 12:32:11 --> 404 Page Not Found: 
ERROR - 2019-09-13 12:33:29 --> 404 Page Not Found: 
ERROR - 2019-09-13 12:34:27 --> 404 Page Not Found: 
ERROR - 2019-09-13 12:35:17 --> 404 Page Not Found: 
ERROR - 2019-09-13 12:49:18 --> Severity: Warning --> Illegal string offset 'keyword' /home/fullbasketproper/public_html/application/views/listing.php 186
ERROR - 2019-09-13 13:02:49 --> 404 Page Not Found: 
ERROR - 2019-09-13 13:07:20 --> 404 Page Not Found: 
ERROR - 2019-09-13 13:34:27 --> 404 Page Not Found: 
ERROR - 2019-09-13 13:45:17 --> 404 Page Not Found: 
ERROR - 2019-09-13 14:12:17 --> 404 Page Not Found: 
ERROR - 2019-09-13 14:12:21 --> 404 Page Not Found: 
ERROR - 2019-09-13 14:17:28 --> 404 Page Not Found: 
ERROR - 2019-09-13 14:20:23 --> 404 Page Not Found: 
ERROR - 2019-09-13 14:25:09 --> Severity: Warning --> Illegal string offset 'keyword' /home/fullbasketproper/public_html/application/views/listing.php 186
ERROR - 2019-09-13 14:53:08 --> 404 Page Not Found: 
ERROR - 2019-09-13 14:56:09 --> 404 Page Not Found: 
ERROR - 2019-09-13 15:02:17 --> Severity: Warning --> Illegal string offset 'keyword' /home/fullbasketproper/public_html/application/views/listing.php 186
ERROR - 2019-09-13 15:03:51 --> 404 Page Not Found: 
ERROR - 2019-09-13 15:14:34 --> Severity: Warning --> Illegal string offset 'keyword' /home/fullbasketproper/public_html/application/views/listing.php 186
ERROR - 2019-09-13 15:21:58 --> 404 Page Not Found: 
ERROR - 2019-09-13 15:22:00 --> 404 Page Not Found: 
ERROR - 2019-09-13 15:22:04 --> 404 Page Not Found: 
ERROR - 2019-09-13 15:31:31 --> 404 Page Not Found: 
ERROR - 2019-09-13 15:34:55 --> 404 Page Not Found: 
ERROR - 2019-09-13 16:07:51 --> 404 Page Not Found: 
ERROR - 2019-09-13 16:29:38 --> 404 Page Not Found: 
ERROR - 2019-09-13 16:36:13 --> 404 Page Not Found: 
ERROR - 2019-09-13 16:38:42 --> 404 Page Not Found: 
ERROR - 2019-09-13 17:09:08 --> Severity: Warning --> Illegal string offset 'keyword' /home/fullbasketproper/public_html/application/views/listing.php 186
ERROR - 2019-09-13 17:09:29 --> Severity: Warning --> Illegal string offset 'keyword' /home/fullbasketproper/public_html/application/views/listing.php 186
ERROR - 2019-09-13 17:09:48 --> Severity: Warning --> Illegal string offset 'keyword' /home/fullbasketproper/public_html/application/views/listing.php 186
ERROR - 2019-09-13 17:10:06 --> Severity: Warning --> Illegal string offset 'keyword' /home/fullbasketproper/public_html/application/views/listing.php 186
ERROR - 2019-09-13 17:10:28 --> Severity: Warning --> Illegal string offset 'keyword' /home/fullbasketproper/public_html/application/views/listing.php 186
ERROR - 2019-09-13 17:10:52 --> Severity: Warning --> Illegal string offset 'keyword' /home/fullbasketproper/public_html/application/views/listing.php 186
ERROR - 2019-09-13 17:11:16 --> Severity: Warning --> Illegal string offset 'keyword' /home/fullbasketproper/public_html/application/views/listing.php 186
ERROR - 2019-09-13 17:11:36 --> Severity: Warning --> Illegal string offset 'keyword' /home/fullbasketproper/public_html/application/views/listing.php 186
ERROR - 2019-09-13 17:11:55 --> Severity: Warning --> Illegal string offset 'keyword' /home/fullbasketproper/public_html/application/views/listing.php 186
ERROR - 2019-09-13 17:12:12 --> Severity: Warning --> Illegal string offset 'keyword' /home/fullbasketproper/public_html/application/views/listing.php 186
ERROR - 2019-09-13 17:30:21 --> 404 Page Not Found: 
ERROR - 2019-09-13 17:33:23 --> 404 Page Not Found: 
ERROR - 2019-09-13 17:40:23 --> 404 Page Not Found: 
ERROR - 2019-09-13 17:40:26 --> 404 Page Not Found: 
ERROR - 2019-09-13 17:43:38 --> Severity: Warning --> Illegal string offset 'keyword' /home/fullbasketproper/public_html/application/views/listing.php 186
ERROR - 2019-09-13 17:45:18 --> 404 Page Not Found: 
ERROR - 2019-09-13 17:47:50 --> Severity: Warning --> Illegal string offset 'keyword' /home/fullbasketproper/public_html/application/views/listing.php 186
ERROR - 2019-09-13 18:00:11 --> 404 Page Not Found: 
ERROR - 2019-09-13 18:00:12 --> 404 Page Not Found: 
ERROR - 2019-09-13 18:21:26 --> Severity: Warning --> Illegal string offset 'keyword' /home/fullbasketproper/public_html/application/views/listing.php 186
ERROR - 2019-09-13 18:49:52 --> 404 Page Not Found: 
ERROR - 2019-09-13 18:53:30 --> 404 Page Not Found: 
ERROR - 2019-09-13 18:54:03 --> Severity: Warning --> Illegal string offset 'keyword' /home/fullbasketproper/public_html/application/views/listing.php 186
ERROR - 2019-09-13 18:54:07 --> Severity: Warning --> Illegal string offset 'keyword' /home/fullbasketproper/public_html/application/views/listing.php 186
ERROR - 2019-09-13 18:56:07 --> 404 Page Not Found: 
ERROR - 2019-09-13 19:35:58 --> 404 Page Not Found: 
ERROR - 2019-09-13 20:16:53 --> 404 Page Not Found: 
ERROR - 2019-09-13 21:19:17 --> 404 Page Not Found: 
ERROR - 2019-09-13 21:19:47 --> 404 Page Not Found: 
ERROR - 2019-09-13 22:05:44 --> 404 Page Not Found: 
ERROR - 2019-09-13 22:17:58 --> 404 Page Not Found: 
ERROR - 2019-09-13 22:50:54 --> Severity: Warning --> Illegal string offset 'keyword' /home/fullbasketproper/public_html/application/views/listing.php 186
ERROR - 2019-09-13 22:56:15 --> Severity: Warning --> Illegal string offset 'keyword' /home/fullbasketproper/public_html/application/views/listing.php 186
ERROR - 2019-09-13 22:57:15 --> 404 Page Not Found: 
ERROR - 2019-09-13 23:20:53 --> 404 Page Not Found: 
ERROR - 2019-09-13 23:20:57 --> 404 Page Not Found: 
ERROR - 2019-09-13 23:28:05 --> 404 Page Not Found: 
ERROR - 2019-09-13 23:31:46 --> 404 Page Not Found: 
