ERROR - 2018-10-03 00:21:21 --> 404 Page Not Found: 
ERROR - 2018-10-03 00:22:57 --> 404 Page Not Found: 
ERROR - 2018-10-03 01:03:38 --> 404 Page Not Found: 
ERROR - 2018-10-03 01:50:35 --> 404 Page Not Found: 
ERROR - 2018-10-03 01:50:44 --> 404 Page Not Found: 
ERROR - 2018-10-03 02:37:39 --> 404 Page Not Found: 
ERROR - 2018-10-03 04:09:37 --> 404 Page Not Found: 
ERROR - 2018-10-03 04:20:41 --> 404 Page Not Found: 
ERROR - 2018-10-03 04:22:50 --> 404 Page Not Found: 
ERROR - 2018-10-03 04:35:13 --> 404 Page Not Found: 
ERROR - 2018-10-03 05:08:08 --> 404 Page Not Found: 
ERROR - 2018-10-03 06:26:26 --> 404 Page Not Found: 
ERROR - 2018-10-03 06:48:06 --> 404 Page Not Found: 
ERROR - 2018-10-03 08:00:45 --> 404 Page Not Found: 
ERROR - 2018-10-03 08:29:49 --> 404 Page Not Found: 
ERROR - 2018-10-03 11:20:25 --> 404 Page Not Found: 
ERROR - 2018-10-03 11:36:44 --> Severity: Warning --> Division by zero /home/nkmtein/public_html/fullbasketproperty.com/application/core/Public_Controller.php 47
ERROR - 2018-10-03 11:39:58 --> Severity: Warning --> Division by zero /home/nkmtein/public_html/fullbasketproperty.com/application/core/Public_Controller.php 47
ERROR - 2018-10-03 12:05:55 --> 404 Page Not Found: 
ERROR - 2018-10-03 13:05:14 --> 404 Page Not Found: 
ERROR - 2018-10-03 13:06:21 --> 404 Page Not Found: 
ERROR - 2018-10-03 14:26:43 --> 404 Page Not Found: 
ERROR - 2018-10-03 14:40:46 --> 404 Page Not Found: 
ERROR - 2018-10-03 14:40:46 --> 404 Page Not Found: 
ERROR - 2018-10-03 14:40:46 --> 404 Page Not Found: 
ERROR - 2018-10-03 14:40:47 --> 404 Page Not Found: 
ERROR - 2018-10-03 14:40:47 --> 404 Page Not Found: 
ERROR - 2018-10-03 14:44:12 --> Severity: Warning --> Division by zero /home/nkmtein/public_html/fullbasketproperty.com/application/core/Public_Controller.php 47
ERROR - 2018-10-03 14:44:51 --> Severity: Warning --> Division by zero /home/nkmtein/public_html/fullbasketproperty.com/application/core/Public_Controller.php 47
ERROR - 2018-10-03 14:47:52 --> Severity: Warning --> Division by zero /home/nkmtein/public_html/fullbasketproperty.com/application/core/Public_Controller.php 47
ERROR - 2018-10-03 15:21:54 --> 404 Page Not Found: 
ERROR - 2018-10-03 16:09:19 --> 404 Page Not Found: 
ERROR - 2018-10-03 16:10:36 --> 404 Page Not Found: 
ERROR - 2018-10-03 16:24:09 --> Severity: Warning --> Division by zero /home/nkmtein/public_html/fullbasketproperty.com/application/core/Public_Controller.php 47
ERROR - 2018-10-03 16:24:18 --> 404 Page Not Found: 
ERROR - 2018-10-03 16:31:51 --> 404 Page Not Found: 
ERROR - 2018-10-03 16:47:59 --> 404 Page Not Found: 
ERROR - 2018-10-03 16:53:35 --> Severity: Warning --> include(/home/nkmtein/public_html/fullbasketproperty.com/system/language/english/achievements_lang.php): failed to open stream: No such file or directory /home/nkmtein/public_html/fullbasketproperty.com/application/core/MY_Lang.php 112
ERROR - 2018-10-03 16:53:35 --> Severity: Warning --> include(): Failed opening '/home/nkmtein/public_html/fullbasketproperty.com/system/language/english/achievements_lang.php' for inclusion (include_path='.:/opt/cpanel/ea-php56/root/usr/share/pear') /home/nkmtein/public_html/fullbasketproperty.com/application/core/MY_Lang.php 112
ERROR - 2018-10-03 16:53:35 --> Language file contains no data: language/english/achievements_lang.php
ERROR - 2018-10-03 16:53:35 --> Could not find the language line "achievements title addAchievement"
ERROR - 2018-10-03 16:55:58 --> Severity: Warning --> include(/home/nkmtein/public_html/fullbasketproperty.com/system/language/english/achievements_lang.php): failed to open stream: No such file or directory /home/nkmtein/public_html/fullbasketproperty.com/application/core/MY_Lang.php 112
ERROR - 2018-10-03 16:55:58 --> Severity: Warning --> include(): Failed opening '/home/nkmtein/public_html/fullbasketproperty.com/system/language/english/achievements_lang.php' for inclusion (include_path='.:/opt/cpanel/ea-php56/root/usr/share/pear') /home/nkmtein/public_html/fullbasketproperty.com/application/core/MY_Lang.php 112
ERROR - 2018-10-03 16:55:58 --> Language file contains no data: language/english/achievements_lang.php
ERROR - 2018-10-03 16:55:59 --> Severity: Warning --> include(/home/nkmtein/public_html/fullbasketproperty.com/system/language/english/achievements_lang.php): failed to open stream: No such file or directory /home/nkmtein/public_html/fullbasketproperty.com/application/core/MY_Lang.php 112
ERROR - 2018-10-03 16:55:59 --> Severity: Warning --> include(): Failed opening '/home/nkmtein/public_html/fullbasketproperty.com/system/language/english/achievements_lang.php' for inclusion (include_path='.:/opt/cpanel/ea-php56/root/usr/share/pear') /home/nkmtein/public_html/fullbasketproperty.com/application/core/MY_Lang.php 112
ERROR - 2018-10-03 16:55:59 --> Language file contains no data: language/english/achievements_lang.php
ERROR - 2018-10-03 16:55:59 --> Could not find the language line "achievements title achievements"
ERROR - 2018-10-03 16:56:05 --> Severity: Warning --> include(/home/nkmtein/public_html/fullbasketproperty.com/system/language/english/achievements_lang.php): failed to open stream: No such file or directory /home/nkmtein/public_html/fullbasketproperty.com/application/core/MY_Lang.php 112
ERROR - 2018-10-03 16:56:05 --> Severity: Warning --> include(): Failed opening '/home/nkmtein/public_html/fullbasketproperty.com/system/language/english/achievements_lang.php' for inclusion (include_path='.:/opt/cpanel/ea-php56/root/usr/share/pear') /home/nkmtein/public_html/fullbasketproperty.com/application/core/MY_Lang.php 112
ERROR - 2018-10-03 16:56:05 --> Language file contains no data: language/english/achievements_lang.php
ERROR - 2018-10-03 16:56:05 --> Could not find the language line "achievements title editAchievement"
ERROR - 2018-10-03 16:56:09 --> Severity: Warning --> include(/home/nkmtein/public_html/fullbasketproperty.com/system/language/english/achievements_lang.php): failed to open stream: No such file or directory /home/nkmtein/public_html/fullbasketproperty.com/application/core/MY_Lang.php 112
ERROR - 2018-10-03 16:56:09 --> Severity: Warning --> include(): Failed opening '/home/nkmtein/public_html/fullbasketproperty.com/system/language/english/achievements_lang.php' for inclusion (include_path='.:/opt/cpanel/ea-php56/root/usr/share/pear') /home/nkmtein/public_html/fullbasketproperty.com/application/core/MY_Lang.php 112
ERROR - 2018-10-03 16:56:09 --> Language file contains no data: language/english/achievements_lang.php
ERROR - 2018-10-03 16:56:09 --> Severity: Warning --> include(/home/nkmtein/public_html/fullbasketproperty.com/system/language/english/achievements_lang.php): failed to open stream: No such file or directory /home/nkmtein/public_html/fullbasketproperty.com/application/core/MY_Lang.php 112
ERROR - 2018-10-03 16:56:09 --> Severity: Warning --> include(): Failed opening '/home/nkmtein/public_html/fullbasketproperty.com/system/language/english/achievements_lang.php' for inclusion (include_path='.:/opt/cpanel/ea-php56/root/usr/share/pear') /home/nkmtein/public_html/fullbasketproperty.com/application/core/MY_Lang.php 112
ERROR - 2018-10-03 16:56:09 --> Language file contains no data: language/english/achievements_lang.php
ERROR - 2018-10-03 16:56:09 --> Could not find the language line "achievements title achievements"
ERROR - 2018-10-03 16:56:11 --> Severity: Warning --> include(/home/nkmtein/public_html/fullbasketproperty.com/system/language/english/achievements_lang.php): failed to open stream: No such file or directory /home/nkmtein/public_html/fullbasketproperty.com/application/core/MY_Lang.php 112
ERROR - 2018-10-03 16:56:11 --> Severity: Warning --> include(): Failed opening '/home/nkmtein/public_html/fullbasketproperty.com/system/language/english/achievements_lang.php' for inclusion (include_path='.:/opt/cpanel/ea-php56/root/usr/share/pear') /home/nkmtein/public_html/fullbasketproperty.com/application/core/MY_Lang.php 112
ERROR - 2018-10-03 16:56:11 --> Language file contains no data: language/english/achievements_lang.php
ERROR - 2018-10-03 16:56:11 --> Could not find the language line "achievements title editAchievement"
ERROR - 2018-10-03 16:56:17 --> Severity: Warning --> include(/home/nkmtein/public_html/fullbasketproperty.com/system/language/english/achievements_lang.php): failed to open stream: No such file or directory /home/nkmtein/public_html/fullbasketproperty.com/application/core/MY_Lang.php 112
ERROR - 2018-10-03 16:56:17 --> Severity: Warning --> include(): Failed opening '/home/nkmtein/public_html/fullbasketproperty.com/system/language/english/achievements_lang.php' for inclusion (include_path='.:/opt/cpanel/ea-php56/root/usr/share/pear') /home/nkmtein/public_html/fullbasketproperty.com/application/core/MY_Lang.php 112
ERROR - 2018-10-03 16:56:17 --> Language file contains no data: language/english/achievements_lang.php
ERROR - 2018-10-03 16:56:17 --> Severity: Warning --> include(/home/nkmtein/public_html/fullbasketproperty.com/system/language/english/achievements_lang.php): failed to open stream: No such file or directory /home/nkmtein/public_html/fullbasketproperty.com/application/core/MY_Lang.php 112
ERROR - 2018-10-03 16:56:17 --> Severity: Warning --> include(): Failed opening '/home/nkmtein/public_html/fullbasketproperty.com/system/language/english/achievements_lang.php' for inclusion (include_path='.:/opt/cpanel/ea-php56/root/usr/share/pear') /home/nkmtein/public_html/fullbasketproperty.com/application/core/MY_Lang.php 112
ERROR - 2018-10-03 16:56:17 --> Language file contains no data: language/english/achievements_lang.php
ERROR - 2018-10-03 16:56:17 --> Could not find the language line "achievements title achievements"
ERROR - 2018-10-03 16:56:51 --> Severity: Warning --> include(/home/nkmtein/public_html/fullbasketproperty.com/system/language/english/achievements_lang.php): failed to open stream: No such file or directory /home/nkmtein/public_html/fullbasketproperty.com/application/core/MY_Lang.php 112
ERROR - 2018-10-03 16:56:51 --> Severity: Warning --> include(): Failed opening '/home/nkmtein/public_html/fullbasketproperty.com/system/language/english/achievements_lang.php' for inclusion (include_path='.:/opt/cpanel/ea-php56/root/usr/share/pear') /home/nkmtein/public_html/fullbasketproperty.com/application/core/MY_Lang.php 112
ERROR - 2018-10-03 16:56:51 --> Language file contains no data: language/english/achievements_lang.php
ERROR - 2018-10-03 16:56:51 --> Could not find the language line "achievements title editAchievement"
ERROR - 2018-10-03 16:57:17 --> Severity: Warning --> include(/home/nkmtein/public_html/fullbasketproperty.com/system/language/english/achievements_lang.php): failed to open stream: No such file or directory /home/nkmtein/public_html/fullbasketproperty.com/application/core/MY_Lang.php 112
ERROR - 2018-10-03 16:57:17 --> Severity: Warning --> include(): Failed opening '/home/nkmtein/public_html/fullbasketproperty.com/system/language/english/achievements_lang.php' for inclusion (include_path='.:/opt/cpanel/ea-php56/root/usr/share/pear') /home/nkmtein/public_html/fullbasketproperty.com/application/core/MY_Lang.php 112
ERROR - 2018-10-03 16:57:17 --> Language file contains no data: language/english/achievements_lang.php
ERROR - 2018-10-03 16:57:17 --> Severity: Warning --> include(/home/nkmtein/public_html/fullbasketproperty.com/system/language/english/achievements_lang.php): failed to open stream: No such file or directory /home/nkmtein/public_html/fullbasketproperty.com/application/core/MY_Lang.php 112
ERROR - 2018-10-03 16:57:17 --> Severity: Warning --> include(): Failed opening '/home/nkmtein/public_html/fullbasketproperty.com/system/language/english/achievements_lang.php' for inclusion (include_path='.:/opt/cpanel/ea-php56/root/usr/share/pear') /home/nkmtein/public_html/fullbasketproperty.com/application/core/MY_Lang.php 112
ERROR - 2018-10-03 16:57:17 --> Language file contains no data: language/english/achievements_lang.php
ERROR - 2018-10-03 16:57:17 --> Could not find the language line "achievements title achievements"
ERROR - 2018-10-03 16:59:32 --> 404 Page Not Found: 
ERROR - 2018-10-03 17:04:02 --> Severity: Warning --> include(/home/nkmtein/public_html/fullbasketproperty.com/system/language/english/achievements_lang.php): failed to open stream: No such file or directory /home/nkmtein/public_html/fullbasketproperty.com/application/core/MY_Lang.php 112
ERROR - 2018-10-03 17:04:02 --> Severity: Warning --> include(): Failed opening '/home/nkmtein/public_html/fullbasketproperty.com/system/language/english/achievements_lang.php' for inclusion (include_path='.:/opt/cpanel/ea-php56/root/usr/share/pear') /home/nkmtein/public_html/fullbasketproperty.com/application/core/MY_Lang.php 112
ERROR - 2018-10-03 17:04:02 --> Language file contains no data: language/english/achievements_lang.php
ERROR - 2018-10-03 17:04:02 --> Could not find the language line "achievements title addAchievement"
ERROR - 2018-10-03 17:04:30 --> Severity: Warning --> include(/home/nkmtein/public_html/fullbasketproperty.com/system/language/english/achievements_lang.php): failed to open stream: No such file or directory /home/nkmtein/public_html/fullbasketproperty.com/application/core/MY_Lang.php 112
ERROR - 2018-10-03 17:04:30 --> Severity: Warning --> include(): Failed opening '/home/nkmtein/public_html/fullbasketproperty.com/system/language/english/achievements_lang.php' for inclusion (include_path='.:/opt/cpanel/ea-php56/root/usr/share/pear') /home/nkmtein/public_html/fullbasketproperty.com/application/core/MY_Lang.php 112
ERROR - 2018-10-03 17:04:30 --> Language file contains no data: language/english/achievements_lang.php
ERROR - 2018-10-03 17:04:31 --> Severity: Warning --> include(/home/nkmtein/public_html/fullbasketproperty.com/system/language/english/achievements_lang.php): failed to open stream: No such file or directory /home/nkmtein/public_html/fullbasketproperty.com/application/core/MY_Lang.php 112
ERROR - 2018-10-03 17:04:31 --> Severity: Warning --> include(): Failed opening '/home/nkmtein/public_html/fullbasketproperty.com/system/language/english/achievements_lang.php' for inclusion (include_path='.:/opt/cpanel/ea-php56/root/usr/share/pear') /home/nkmtein/public_html/fullbasketproperty.com/application/core/MY_Lang.php 112
ERROR - 2018-10-03 17:04:31 --> Language file contains no data: language/english/achievements_lang.php
ERROR - 2018-10-03 17:04:31 --> Could not find the language line "achievements title achievements"
ERROR - 2018-10-03 17:05:45 --> Severity: Warning --> include(/home/nkmtein/public_html/fullbasketproperty.com/system/language/english/achievements_lang.php): failed to open stream: No such file or directory /home/nkmtein/public_html/fullbasketproperty.com/application/core/MY_Lang.php 112
ERROR - 2018-10-03 17:05:45 --> Severity: Warning --> include(): Failed opening '/home/nkmtein/public_html/fullbasketproperty.com/system/language/english/achievements_lang.php' for inclusion (include_path='.:/opt/cpanel/ea-php56/root/usr/share/pear') /home/nkmtein/public_html/fullbasketproperty.com/application/core/MY_Lang.php 112
ERROR - 2018-10-03 17:05:45 --> Language file contains no data: language/english/achievements_lang.php
ERROR - 2018-10-03 17:05:45 --> Could not find the language line "achievements title editAchievement"
ERROR - 2018-10-03 17:05:52 --> Severity: Warning --> include(/home/nkmtein/public_html/fullbasketproperty.com/system/language/english/achievements_lang.php): failed to open stream: No such file or directory /home/nkmtein/public_html/fullbasketproperty.com/application/core/MY_Lang.php 112
ERROR - 2018-10-03 17:05:52 --> Severity: Warning --> include(): Failed opening '/home/nkmtein/public_html/fullbasketproperty.com/system/language/english/achievements_lang.php' for inclusion (include_path='.:/opt/cpanel/ea-php56/root/usr/share/pear') /home/nkmtein/public_html/fullbasketproperty.com/application/core/MY_Lang.php 112
ERROR - 2018-10-03 17:05:52 --> Language file contains no data: language/english/achievements_lang.php
ERROR - 2018-10-03 17:05:52 --> Severity: Warning --> include(/home/nkmtein/public_html/fullbasketproperty.com/system/language/english/achievements_lang.php): failed to open stream: No such file or directory /home/nkmtein/public_html/fullbasketproperty.com/application/core/MY_Lang.php 112
ERROR - 2018-10-03 17:05:52 --> Severity: Warning --> include(): Failed opening '/home/nkmtein/public_html/fullbasketproperty.com/system/language/english/achievements_lang.php' for inclusion (include_path='.:/opt/cpanel/ea-php56/root/usr/share/pear') /home/nkmtein/public_html/fullbasketproperty.com/application/core/MY_Lang.php 112
ERROR - 2018-10-03 17:05:52 --> Language file contains no data: language/english/achievements_lang.php
ERROR - 2018-10-03 17:05:52 --> Could not find the language line "achievements title achievements"
ERROR - 2018-10-03 17:05:56 --> Severity: Warning --> include(/home/nkmtein/public_html/fullbasketproperty.com/system/language/english/achievements_lang.php): failed to open stream: No such file or directory /home/nkmtein/public_html/fullbasketproperty.com/application/core/MY_Lang.php 112
ERROR - 2018-10-03 17:05:56 --> Severity: Warning --> include(): Failed opening '/home/nkmtein/public_html/fullbasketproperty.com/system/language/english/achievements_lang.php' for inclusion (include_path='.:/opt/cpanel/ea-php56/root/usr/share/pear') /home/nkmtein/public_html/fullbasketproperty.com/application/core/MY_Lang.php 112
ERROR - 2018-10-03 17:05:56 --> Language file contains no data: language/english/achievements_lang.php
ERROR - 2018-10-03 17:05:56 --> Could not find the language line "achievements title achievements"
ERROR - 2018-10-03 17:06:06 --> Severity: Warning --> include(/home/nkmtein/public_html/fullbasketproperty.com/system/language/english/achievements_lang.php): failed to open stream: No such file or directory /home/nkmtein/public_html/fullbasketproperty.com/application/core/MY_Lang.php 112
ERROR - 2018-10-03 17:06:06 --> Severity: Warning --> include(): Failed opening '/home/nkmtein/public_html/fullbasketproperty.com/system/language/english/achievements_lang.php' for inclusion (include_path='.:/opt/cpanel/ea-php56/root/usr/share/pear') /home/nkmtein/public_html/fullbasketproperty.com/application/core/MY_Lang.php 112
ERROR - 2018-10-03 17:06:06 --> Language file contains no data: language/english/achievements_lang.php
ERROR - 2018-10-03 17:06:06 --> Could not find the language line "achievements title achievements"
ERROR - 2018-10-03 17:06:17 --> Severity: Warning --> include(/home/nkmtein/public_html/fullbasketproperty.com/system/language/english/achievements_lang.php): failed to open stream: No such file or directory /home/nkmtein/public_html/fullbasketproperty.com/application/core/MY_Lang.php 112
ERROR - 2018-10-03 17:06:17 --> Severity: Warning --> include(): Failed opening '/home/nkmtein/public_html/fullbasketproperty.com/system/language/english/achievements_lang.php' for inclusion (include_path='.:/opt/cpanel/ea-php56/root/usr/share/pear') /home/nkmtein/public_html/fullbasketproperty.com/application/core/MY_Lang.php 112
ERROR - 2018-10-03 17:06:17 --> Language file contains no data: language/english/achievements_lang.php
ERROR - 2018-10-03 17:06:17 --> Could not find the language line "achievements title achievements"
ERROR - 2018-10-03 17:06:18 --> Severity: Warning --> include(/home/nkmtein/public_html/fullbasketproperty.com/system/language/english/achievements_lang.php): failed to open stream: No such file or directory /home/nkmtein/public_html/fullbasketproperty.com/application/core/MY_Lang.php 112
ERROR - 2018-10-03 17:06:18 --> Severity: Warning --> include(): Failed opening '/home/nkmtein/public_html/fullbasketproperty.com/system/language/english/achievements_lang.php' for inclusion (include_path='.:/opt/cpanel/ea-php56/root/usr/share/pear') /home/nkmtein/public_html/fullbasketproperty.com/application/core/MY_Lang.php 112
ERROR - 2018-10-03 17:06:18 --> Language file contains no data: language/english/achievements_lang.php
ERROR - 2018-10-03 17:06:18 --> Could not find the language line "achievements title editAchievement"
ERROR - 2018-10-03 17:06:20 --> Severity: Warning --> include(/home/nkmtein/public_html/fullbasketproperty.com/system/language/english/achievements_lang.php): failed to open stream: No such file or directory /home/nkmtein/public_html/fullbasketproperty.com/application/core/MY_Lang.php 112
ERROR - 2018-10-03 17:06:20 --> Severity: Warning --> include(): Failed opening '/home/nkmtein/public_html/fullbasketproperty.com/system/language/english/achievements_lang.php' for inclusion (include_path='.:/opt/cpanel/ea-php56/root/usr/share/pear') /home/nkmtein/public_html/fullbasketproperty.com/application/core/MY_Lang.php 112
ERROR - 2018-10-03 17:06:20 --> Language file contains no data: language/english/achievements_lang.php
ERROR - 2018-10-03 17:06:20 --> Could not find the language line "achievements title achievements"
ERROR - 2018-10-03 17:21:25 --> Severity: Warning --> Division by zero /home/nkmtein/public_html/fullbasketproperty.com/application/core/Public_Controller.php 47
ERROR - 2018-10-03 17:29:42 --> Severity: Warning --> Division by zero /home/nkmtein/public_html/fullbasketproperty.com/application/core/Public_Controller.php 47
ERROR - 2018-10-03 17:38:56 --> Severity: Warning --> Division by zero /home/nkmtein/public_html/fullbasketproperty.com/application/core/Public_Controller.php 47
ERROR - 2018-10-03 18:56:37 --> 404 Page Not Found: 
ERROR - 2018-10-03 19:05:40 --> 404 Page Not Found: 
ERROR - 2018-10-03 19:18:43 --> 404 Page Not Found: 
ERROR - 2018-10-03 20:28:54 --> 404 Page Not Found: 
ERROR - 2018-10-03 22:19:05 --> 404 Page Not Found: 
ERROR - 2018-10-03 22:58:45 --> 404 Page Not Found: 
ERROR - 2018-10-03 23:50:02 --> 404 Page Not Found: 
