ERROR - 2018-11-20 01:04:43 --> 404 Page Not Found: 
ERROR - 2018-11-20 02:05:13 --> 404 Page Not Found: 
ERROR - 2018-11-20 02:42:56 --> 404 Page Not Found: 
ERROR - 2018-11-20 03:03:09 --> 404 Page Not Found: 
ERROR - 2018-11-20 04:47:23 --> 404 Page Not Found: 
ERROR - 2018-11-20 04:47:23 --> 404 Page Not Found: 
ERROR - 2018-11-20 04:47:23 --> 404 Page Not Found: 
ERROR - 2018-11-20 04:47:24 --> 404 Page Not Found: 
ERROR - 2018-11-20 04:47:24 --> 404 Page Not Found: 
ERROR - 2018-11-20 05:35:39 --> 404 Page Not Found: 
ERROR - 2018-11-20 06:32:44 --> 404 Page Not Found: 
ERROR - 2018-11-20 06:39:48 --> 404 Page Not Found: 
ERROR - 2018-11-20 08:36:51 --> 404 Page Not Found: 
ERROR - 2018-11-20 10:18:25 --> Severity: Warning --> Division by zero /home/nkmtein/public_html/fullbasketproperty.com/application/core/Public_Controller.php 47
ERROR - 2018-11-20 10:53:08 --> 404 Page Not Found: 
ERROR - 2018-11-20 10:54:54 --> 404 Page Not Found: 
ERROR - 2018-11-20 11:04:14 --> 404 Page Not Found: 
ERROR - 2018-11-20 11:12:09 --> 404 Page Not Found: 
ERROR - 2018-11-20 12:03:05 --> Severity: Warning --> Division by zero /home/nkmtein/public_html/fullbasketproperty.com/application/core/Public_Controller.php 47
ERROR - 2018-11-20 12:03:22 --> Severity: Warning --> Division by zero /home/nkmtein/public_html/fullbasketproperty.com/application/core/Public_Controller.php 47
ERROR - 2018-11-20 12:10:45 --> 404 Page Not Found: 
ERROR - 2018-11-20 12:31:49 --> Severity: Warning --> Division by zero /home/nkmtein/public_html/fullbasketproperty.com/application/core/Public_Controller.php 47
ERROR - 2018-11-20 12:49:40 --> 404 Page Not Found: 
ERROR - 2018-11-20 13:12:26 --> 404 Page Not Found: 
ERROR - 2018-11-20 13:13:37 --> Severity: Warning --> Division by zero /home/nkmtein/public_html/fullbasketproperty.com/application/core/Public_Controller.php 47
ERROR - 2018-11-20 13:15:38 --> Severity: Warning --> Division by zero /home/nkmtein/public_html/fullbasketproperty.com/application/core/Public_Controller.php 47
ERROR - 2018-11-20 13:31:03 --> Severity: Warning --> Division by zero /home/nkmtein/public_html/fullbasketproperty.com/application/core/Public_Controller.php 47
ERROR - 2018-11-20 13:48:57 --> 404 Page Not Found: 
ERROR - 2018-11-20 14:07:30 --> 404 Page Not Found: 
ERROR - 2018-11-20 14:07:30 --> 404 Page Not Found: 
ERROR - 2018-11-20 14:31:36 --> Severity: Warning --> Division by zero /home/nkmtein/public_html/fullbasketproperty.com/application/core/Public_Controller.php 47
ERROR - 2018-11-20 14:31:51 --> Severity: Warning --> Division by zero /home/nkmtein/public_html/fullbasketproperty.com/application/core/Public_Controller.php 47
ERROR - 2018-11-20 14:40:51 --> Severity: Warning --> Division by zero /home/nkmtein/public_html/fullbasketproperty.com/application/core/Public_Controller.php 47
ERROR - 2018-11-20 14:47:28 --> 404 Page Not Found: 
ERROR - 2018-11-20 14:54:59 --> 404 Page Not Found: 
ERROR - 2018-11-20 14:54:59 --> 404 Page Not Found: 
ERROR - 2018-11-20 15:29:45 --> Severity: Warning --> Division by zero /home/nkmtein/public_html/fullbasketproperty.com/application/core/Public_Controller.php 47
ERROR - 2018-11-20 15:29:52 --> Severity: Warning --> Division by zero /home/nkmtein/public_html/fullbasketproperty.com/application/core/Public_Controller.php 47
ERROR - 2018-11-20 15:36:02 --> Severity: Warning --> Division by zero /home/nkmtein/public_html/fullbasketproperty.com/application/core/Public_Controller.php 47
ERROR - 2018-11-20 15:57:56 --> 404 Page Not Found: 
ERROR - 2018-11-20 15:57:58 --> 404 Page Not Found: 
ERROR - 2018-11-20 15:57:59 --> 404 Page Not Found: 
ERROR - 2018-11-20 15:58:01 --> 404 Page Not Found: 
ERROR - 2018-11-20 15:58:26 --> 404 Page Not Found: 
ERROR - 2018-11-20 15:58:30 --> 404 Page Not Found: 
ERROR - 2018-11-20 15:58:30 --> 404 Page Not Found: 
ERROR - 2018-11-20 15:58:31 --> 404 Page Not Found: 
ERROR - 2018-11-20 15:59:40 --> 404 Page Not Found: 
ERROR - 2018-11-20 15:59:44 --> 404 Page Not Found: 
ERROR - 2018-11-20 15:59:45 --> 404 Page Not Found: 
ERROR - 2018-11-20 15:59:45 --> 404 Page Not Found: 
ERROR - 2018-11-20 15:59:46 --> 404 Page Not Found: 
ERROR - 2018-11-20 15:59:51 --> 404 Page Not Found: 
ERROR - 2018-11-20 16:15:35 --> 404 Page Not Found: 
ERROR - 2018-11-20 16:15:35 --> 404 Page Not Found: 
ERROR - 2018-11-20 16:29:23 --> Severity: Warning --> unlink(./uploads/f-residences/F-Residencies_Bedroom_2.jpg): No such file or directory /home/nkmtein/public_html/fullbasketproperty.com/application/controllers/admin/Properties.php 778
ERROR - 2018-11-20 16:29:41 --> Severity: Warning --> unlink(./uploads/paranjape-blue-ridge/Blue_Ridge_Township.jpg): No such file or directory /home/nkmtein/public_html/fullbasketproperty.com/application/controllers/admin/Properties.php 778
ERROR - 2018-11-20 16:32:59 --> 404 Page Not Found: 
ERROR - 2018-11-20 16:32:59 --> 404 Page Not Found: 
ERROR - 2018-11-20 16:33:11 --> 404 Page Not Found: 
ERROR - 2018-11-20 16:33:18 --> 404 Page Not Found: 
ERROR - 2018-11-20 16:33:28 --> 404 Page Not Found: 
ERROR - 2018-11-20 16:33:28 --> 404 Page Not Found: 
ERROR - 2018-11-20 16:48:09 --> Severity: Warning --> Division by zero /home/nkmtein/public_html/fullbasketproperty.com/application/core/Public_Controller.php 47
ERROR - 2018-11-20 16:51:34 --> 404 Page Not Found: 
ERROR - 2018-11-20 18:00:18 --> 404 Page Not Found: 
ERROR - 2018-11-20 18:39:17 --> 404 Page Not Found: 
ERROR - 2018-11-20 19:56:00 --> 404 Page Not Found: 
ERROR - 2018-11-20 21:00:07 --> 404 Page Not Found: 
ERROR - 2018-11-20 21:09:26 --> 404 Page Not Found: 
ERROR - 2018-11-20 21:09:32 --> 404 Page Not Found: 
ERROR - 2018-11-20 23:20:11 --> 404 Page Not Found: 
ERROR - 2018-11-20 23:29:32 --> 404 Page Not Found: 
ERROR - 2018-11-20 23:56:34 --> 404 Page Not Found: 
ERROR - 2018-11-20 23:56:34 --> Severity: Warning --> Cannot modify header information - headers already sent by (output started at /home/nkmtein/public_html/fullbasketproperty.com/application/controllers/Home.php:20) /home/nkmtein/public_html/fullbasketproperty.com/system/core/Common.php 564
ERROR - 2018-11-20 23:57:33 --> 404 Page Not Found: 
ERROR - 2018-11-20 23:57:33 --> Severity: Warning --> Cannot modify header information - headers already sent by (output started at /home/nkmtein/public_html/fullbasketproperty.com/application/controllers/Home.php:20) /home/nkmtein/public_html/fullbasketproperty.com/system/core/Common.php 564
