ERROR - 2019-03-07 02:47:20 --> 404 Page Not Found: 
ERROR - 2019-03-07 03:02:06 --> 404 Page Not Found: 
ERROR - 2019-03-07 03:04:08 --> 404 Page Not Found: 
ERROR - 2019-03-07 03:04:18 --> 404 Page Not Found: 
ERROR - 2019-03-07 03:04:28 --> 404 Page Not Found: 
ERROR - 2019-03-07 03:04:35 --> 404 Page Not Found: 
ERROR - 2019-03-07 03:04:41 --> 404 Page Not Found: 
ERROR - 2019-03-07 03:23:29 --> 404 Page Not Found: 
ERROR - 2019-03-07 06:19:33 --> 404 Page Not Found: 
ERROR - 2019-03-07 10:33:50 --> 404 Page Not Found: 
ERROR - 2019-03-07 10:45:15 --> 404 Page Not Found: 
ERROR - 2019-03-07 10:45:30 --> 404 Page Not Found: 
ERROR - 2019-03-07 10:45:42 --> 404 Page Not Found: 
ERROR - 2019-03-07 10:46:03 --> 404 Page Not Found: 
ERROR - 2019-03-07 10:50:25 --> 404 Page Not Found: 
ERROR - 2019-03-07 10:50:26 --> 404 Page Not Found: 
ERROR - 2019-03-07 10:50:36 --> 404 Page Not Found: 
ERROR - 2019-03-07 10:51:46 --> 404 Page Not Found: 
ERROR - 2019-03-07 10:52:33 --> 404 Page Not Found: 
ERROR - 2019-03-07 10:52:35 --> Query error: You have an error in your SQL syntax; check the manual that corresponds to your MySQL server version for the right syntax to use near '-10, 10' at line 11 - Invalid query: SELECT DISTINCT `p`.*, `c`.`name` as `city_name`, `ps`.`name` as `property_status`, `pt`.`name` as `prop_type`, `b`.`name` as `builder`, `l`.`name` as `location`
FROM `properties` `p`
LEFT JOIN `cities` `c` ON `p`.`city_id` = `c`.`id`
LEFT JOIN `builders` `b` ON `p`.`builder_id` = `b`.`id`
LEFT JOIN `locations` `l` ON `p`.`location_id` = `l`.`id`
LEFT JOIN `property_types` `pt` ON `p`.`property_type_id` = `pt`.`id`
LEFT JOIN `property_status` `ps` ON `p`.`property_status_id` = `ps`.`id`
LEFT JOIN `property_amenities` `pa` ON `pa`.`property_id` = `p`.`id`
WHERE `p`.`status` = 1
ORDER BY `p`.`id` DESC
 LIMIT -10, 10
ERROR - 2019-03-07 10:54:28 --> 404 Page Not Found: 
ERROR - 2019-03-07 10:54:38 --> 404 Page Not Found: 
ERROR - 2019-03-07 10:54:59 --> 404 Page Not Found: 
ERROR - 2019-03-07 10:55:07 --> 404 Page Not Found: 
ERROR - 2019-03-07 10:55:15 --> 404 Page Not Found: 
ERROR - 2019-03-07 10:55:26 --> 404 Page Not Found: 
ERROR - 2019-03-07 10:58:44 --> 404 Page Not Found: 
ERROR - 2019-03-07 10:59:29 --> 404 Page Not Found: 
ERROR - 2019-03-07 11:00:16 --> 404 Page Not Found: 
ERROR - 2019-03-07 11:00:16 --> 404 Page Not Found: 
ERROR - 2019-03-07 11:00:33 --> 404 Page Not Found: 
ERROR - 2019-03-07 11:00:55 --> 404 Page Not Found: 
ERROR - 2019-03-07 11:01:16 --> 404 Page Not Found: 
ERROR - 2019-03-07 11:01:22 --> 404 Page Not Found: 
ERROR - 2019-03-07 11:01:38 --> 404 Page Not Found: 
ERROR - 2019-03-07 11:03:01 --> 404 Page Not Found: 
ERROR - 2019-03-07 11:04:58 --> 404 Page Not Found: 
ERROR - 2019-03-07 11:04:58 --> 404 Page Not Found: 
ERROR - 2019-03-07 11:04:58 --> 404 Page Not Found: 
ERROR - 2019-03-07 11:04:59 --> 404 Page Not Found: 
ERROR - 2019-03-07 11:04:59 --> 404 Page Not Found: 
ERROR - 2019-03-07 11:04:59 --> 404 Page Not Found: 
ERROR - 2019-03-07 11:08:43 --> 404 Page Not Found: 
ERROR - 2019-03-07 11:09:15 --> 404 Page Not Found: 
ERROR - 2019-03-07 11:09:24 --> 404 Page Not Found: 
ERROR - 2019-03-07 11:09:33 --> 404 Page Not Found: 
ERROR - 2019-03-07 11:10:12 --> 404 Page Not Found: 
ERROR - 2019-03-07 12:48:07 --> 404 Page Not Found: 
ERROR - 2019-03-07 13:02:28 --> 404 Page Not Found: 
ERROR - 2019-03-07 15:34:25 --> 404 Page Not Found: 
ERROR - 2019-03-07 15:35:44 --> 404 Page Not Found: 
ERROR - 2019-03-07 16:10:01 --> 404 Page Not Found: 
ERROR - 2019-03-07 16:15:34 --> 404 Page Not Found: 
ERROR - 2019-03-07 16:16:38 --> Severity: Warning --> Division by zero /home/fullbasketproper/public_html/application/core/Public_Controller.php 47
ERROR - 2019-03-07 16:45:08 --> 404 Page Not Found: 
ERROR - 2019-03-07 17:27:12 --> 404 Page Not Found: 
ERROR - 2019-03-07 17:57:23 --> 404 Page Not Found: 
ERROR - 2019-03-07 18:47:16 --> 404 Page Not Found: 
ERROR - 2019-03-07 18:47:36 --> 404 Page Not Found: 
ERROR - 2019-03-07 18:53:47 --> 404 Page Not Found: 
ERROR - 2019-03-07 19:14:19 --> 404 Page Not Found: 
ERROR - 2019-03-07 19:17:10 --> 404 Page Not Found: 
ERROR - 2019-03-07 19:44:31 --> 404 Page Not Found: 
ERROR - 2019-03-07 19:44:31 --> 404 Page Not Found: 
ERROR - 2019-03-07 19:44:32 --> 404 Page Not Found: 
ERROR - 2019-03-07 19:44:32 --> 404 Page Not Found: 
ERROR - 2019-03-07 19:44:33 --> 404 Page Not Found: 
ERROR - 2019-03-07 19:44:33 --> 404 Page Not Found: 
ERROR - 2019-03-07 19:44:33 --> 404 Page Not Found: 
ERROR - 2019-03-07 19:44:34 --> 404 Page Not Found: 
ERROR - 2019-03-07 19:44:34 --> 404 Page Not Found: 
ERROR - 2019-03-07 19:44:35 --> 404 Page Not Found: 
ERROR - 2019-03-07 19:44:35 --> 404 Page Not Found: 
ERROR - 2019-03-07 19:44:36 --> 404 Page Not Found: 
ERROR - 2019-03-07 19:44:36 --> 404 Page Not Found: 
ERROR - 2019-03-07 19:44:37 --> 404 Page Not Found: 
ERROR - 2019-03-07 19:44:37 --> 404 Page Not Found: 
ERROR - 2019-03-07 19:44:38 --> 404 Page Not Found: 
ERROR - 2019-03-07 19:44:38 --> 404 Page Not Found: 
ERROR - 2019-03-07 19:44:39 --> 404 Page Not Found: 
ERROR - 2019-03-07 19:44:40 --> 404 Page Not Found: 
ERROR - 2019-03-07 19:44:40 --> 404 Page Not Found: 
ERROR - 2019-03-07 20:22:38 --> 404 Page Not Found: 
ERROR - 2019-03-07 20:23:04 --> 404 Page Not Found: 
ERROR - 2019-03-07 20:23:34 --> 404 Page Not Found: 
ERROR - 2019-03-07 20:23:49 --> Severity: Warning --> Division by zero /home/fullbasketproper/public_html/application/core/Public_Controller.php 47
ERROR - 2019-03-07 20:45:09 --> 404 Page Not Found: 
ERROR - 2019-03-07 21:04:21 --> 404 Page Not Found: 
ERROR - 2019-03-07 21:16:04 --> 404 Page Not Found: 
ERROR - 2019-03-07 22:06:49 --> 404 Page Not Found: 
ERROR - 2019-03-07 22:24:28 --> 404 Page Not Found: 
ERROR - 2019-03-07 22:36:42 --> 404 Page Not Found: 
ERROR - 2019-03-07 22:56:12 --> 404 Page Not Found: 
