ERROR - 2020-04-25 12:17:11 --> 404 Page Not Found: 
ERROR - 2020-04-25 12:17:12 --> 404 Page Not Found: 
ERROR - 2020-04-25 12:17:12 --> 404 Page Not Found: 
ERROR - 2020-04-25 12:17:12 --> 404 Page Not Found: 
ERROR - 2020-04-25 12:17:12 --> 404 Page Not Found: 
ERROR - 2020-04-25 12:17:12 --> 404 Page Not Found: 
ERROR - 2020-04-25 12:17:12 --> 404 Page Not Found: 
ERROR - 2020-04-25 12:17:12 --> 404 Page Not Found: 
ERROR - 2020-04-25 12:17:13 --> 404 Page Not Found: 
ERROR - 2020-04-25 12:17:17 --> 404 Page Not Found: 
ERROR - 2020-04-25 12:17:17 --> 404 Page Not Found: 
ERROR - 2020-04-25 12:17:18 --> 404 Page Not Found: 
ERROR - 2020-04-25 12:17:18 --> 404 Page Not Found: 
ERROR - 2020-04-25 12:17:18 --> 404 Page Not Found: 
ERROR - 2020-04-25 12:17:19 --> 404 Page Not Found: 
ERROR - 2020-04-25 12:17:19 --> 404 Page Not Found: 
ERROR - 2020-04-25 12:17:19 --> 404 Page Not Found: 
ERROR - 2020-04-25 12:17:19 --> 404 Page Not Found: 
ERROR - 2020-04-25 12:17:20 --> 404 Page Not Found: 
ERROR - 2020-04-25 12:17:20 --> 404 Page Not Found: 
ERROR - 2020-04-25 12:17:20 --> 404 Page Not Found: 
ERROR - 2020-04-25 12:17:20 --> 404 Page Not Found: 
ERROR - 2020-04-25 12:17:20 --> 404 Page Not Found: 
ERROR - 2020-04-25 12:17:21 --> 404 Page Not Found: 
ERROR - 2020-04-25 12:17:21 --> 404 Page Not Found: 
ERROR - 2020-04-25 12:17:21 --> 404 Page Not Found: 
ERROR - 2020-04-25 12:17:44 --> Severity: Warning --> Illegal string offset 'bhk' F:\FBP.com\application\controllers\Home.php 108
ERROR - 2020-04-25 12:17:45 --> Severity: Warning --> Illegal string offset 'bhk_range' F:\FBP.com\application\controllers\Home.php 108
ERROR - 2020-04-25 12:17:45 --> Severity: Warning --> Illegal string offset 'price' F:\FBP.com\application\controllers\Home.php 109
ERROR - 2020-04-25 12:17:45 --> Severity: Warning --> Illegal string offset 'price_range' F:\FBP.com\application\controllers\Home.php 109
ERROR - 2020-04-25 12:17:45 --> Severity: Warning --> Illegal string offset 'baths' F:\FBP.com\application\controllers\Home.php 110
ERROR - 2020-04-25 12:17:45 --> Severity: Warning --> Illegal string offset 'baths_range' F:\FBP.com\application\controllers\Home.php 110
