ERROR - 2018-12-26 04:54:53 --> 404 Page Not Found: 
ERROR - 2018-12-26 04:55:57 --> 404 Page Not Found: 
ERROR - 2018-12-26 04:56:29 --> 404 Page Not Found: 
ERROR - 2018-12-26 04:56:57 --> 404 Page Not Found: 
ERROR - 2018-12-26 05:38:04 --> Query error: You have an error in your SQL syntax; check the manual that corresponds to your MySQL server version for the right syntax to use near '-10, 10' at line 11 - Invalid query: SELECT DISTINCT `p`.*, `c`.`name` as `city_name`, `ps`.`name` as `property_status`, `pt`.`name` as `prop_type`, `b`.`name` as `builder`, `l`.`name` as `location`
FROM `properties` `p`
LEFT JOIN `cities` `c` ON `p`.`city_id` = `c`.`id`
LEFT JOIN `builders` `b` ON `p`.`builder_id` = `b`.`id`
LEFT JOIN `locations` `l` ON `p`.`location_id` = `l`.`id`
LEFT JOIN `property_types` `pt` ON `p`.`property_type_id` = `pt`.`id`
LEFT JOIN `property_status` `ps` ON `p`.`property_status_id` = `ps`.`id`
LEFT JOIN `property_amenities` `pa` ON `pa`.`property_id` = `p`.`id`
WHERE `p`.`status` = 1
ORDER BY `p`.`id` DESC
 LIMIT -10, 10
ERROR - 2018-12-26 05:38:08 --> Query error: You have an error in your SQL syntax; check the manual that corresponds to your MySQL server version for the right syntax to use near '-10, 10' at line 11 - Invalid query: SELECT DISTINCT `p`.*, `c`.`name` as `city_name`, `ps`.`name` as `property_status`, `pt`.`name` as `prop_type`, `b`.`name` as `builder`, `l`.`name` as `location`
FROM `properties` `p`
LEFT JOIN `cities` `c` ON `p`.`city_id` = `c`.`id`
LEFT JOIN `builders` `b` ON `p`.`builder_id` = `b`.`id`
LEFT JOIN `locations` `l` ON `p`.`location_id` = `l`.`id`
LEFT JOIN `property_types` `pt` ON `p`.`property_type_id` = `pt`.`id`
LEFT JOIN `property_status` `ps` ON `p`.`property_status_id` = `ps`.`id`
LEFT JOIN `property_amenities` `pa` ON `pa`.`property_id` = `p`.`id`
WHERE `p`.`status` = 1
ORDER BY `p`.`id` DESC
 LIMIT -10, 10
ERROR - 2018-12-26 05:38:26 --> Query error: You have an error in your SQL syntax; check the manual that corresponds to your MySQL server version for the right syntax to use near '-10, 10' at line 11 - Invalid query: SELECT DISTINCT `p`.*, `c`.`name` as `city_name`, `ps`.`name` as `property_status`, `pt`.`name` as `prop_type`, `b`.`name` as `builder`, `l`.`name` as `location`
FROM `properties` `p`
LEFT JOIN `cities` `c` ON `p`.`city_id` = `c`.`id`
LEFT JOIN `builders` `b` ON `p`.`builder_id` = `b`.`id`
LEFT JOIN `locations` `l` ON `p`.`location_id` = `l`.`id`
LEFT JOIN `property_types` `pt` ON `p`.`property_type_id` = `pt`.`id`
LEFT JOIN `property_status` `ps` ON `p`.`property_status_id` = `ps`.`id`
LEFT JOIN `property_amenities` `pa` ON `pa`.`property_id` = `p`.`id`
WHERE `p`.`status` = 1
ORDER BY `p`.`id` DESC
 LIMIT -10, 10
ERROR - 2018-12-26 06:48:49 --> 404 Page Not Found: 
ERROR - 2018-12-26 08:22:11 --> 404 Page Not Found: 
ERROR - 2018-12-26 09:39:47 --> 404 Page Not Found: 
ERROR - 2018-12-26 09:53:02 --> 404 Page Not Found: 
ERROR - 2018-12-26 10:35:11 --> 404 Page Not Found: 
ERROR - 2018-12-26 11:33:51 --> 404 Page Not Found: 
ERROR - 2018-12-26 11:37:52 --> 404 Page Not Found: 
ERROR - 2018-12-26 14:21:32 --> 404 Page Not Found: 
ERROR - 2018-12-26 14:40:00 --> Severity: Warning --> Division by zero /home/nkmtein/public_html/fullbasketproperty.com/application/core/Public_Controller.php 47
ERROR - 2018-12-26 15:30:46 --> 404 Page Not Found: 
ERROR - 2018-12-26 17:21:36 --> Severity: Warning --> Division by zero /home/nkmtein/public_html/fullbasketproperty.com/application/core/Public_Controller.php 47
ERROR - 2018-12-26 17:23:06 --> 404 Page Not Found: 
ERROR - 2018-12-26 18:30:29 --> 404 Page Not Found: 
ERROR - 2018-12-26 19:04:22 --> Severity: Warning --> Division by zero /home/nkmtein/public_html/fullbasketproperty.com/application/core/Public_Controller.php 47
ERROR - 2018-12-26 19:20:46 --> 404 Page Not Found: 
ERROR - 2018-12-26 19:20:46 --> 404 Page Not Found: 
ERROR - 2018-12-26 20:39:17 --> 404 Page Not Found: 
ERROR - 2018-12-26 22:12:37 --> 404 Page Not Found: 
ERROR - 2018-12-26 22:59:58 --> 404 Page Not Found: 
ERROR - 2018-12-26 23:15:21 --> 404 Page Not Found: 
ERROR - 2018-12-26 23:32:04 --> 404 Page Not Found: 
ERROR - 2018-12-26 23:32:04 --> 404 Page Not Found: 
ERROR - 2018-12-26 23:52:18 --> 404 Page Not Found: 
ERROR - 2018-12-26 23:52:20 --> 404 Page Not Found: 
