ERROR - 2018-10-10 00:48:34 --> 404 Page Not Found: 
ERROR - 2018-10-10 03:47:30 --> 404 Page Not Found: 
ERROR - 2018-10-10 04:58:27 --> 404 Page Not Found: 
ERROR - 2018-10-10 05:10:38 --> 404 Page Not Found: 
ERROR - 2018-10-10 05:10:40 --> 404 Page Not Found: 
ERROR - 2018-10-10 05:10:51 --> 404 Page Not Found: 
ERROR - 2018-10-10 06:43:04 --> 404 Page Not Found: 
ERROR - 2018-10-10 11:49:23 --> 404 Page Not Found: 
ERROR - 2018-10-10 12:03:23 --> 404 Page Not Found: 
ERROR - 2018-10-10 13:12:44 --> 404 Page Not Found: 
ERROR - 2018-10-10 13:18:01 --> 404 Page Not Found: 
ERROR - 2018-10-10 14:00:42 --> 404 Page Not Found: 
ERROR - 2018-10-10 14:13:06 --> 404 Page Not Found: 
ERROR - 2018-10-10 14:17:52 --> 404 Page Not Found: 
ERROR - 2018-10-10 14:40:11 --> 404 Page Not Found: 
ERROR - 2018-10-10 14:41:36 --> 404 Page Not Found: 
ERROR - 2018-10-10 14:48:56 --> 404 Page Not Found: 
ERROR - 2018-10-10 14:49:26 --> 404 Page Not Found: 
ERROR - 2018-10-10 14:49:37 --> 404 Page Not Found: 
ERROR - 2018-10-10 17:36:19 --> 404 Page Not Found: 
ERROR - 2018-10-10 18:13:36 --> 404 Page Not Found: 
ERROR - 2018-10-10 18:15:05 --> 404 Page Not Found: 
ERROR - 2018-10-10 18:34:58 --> 404 Page Not Found: 
ERROR - 2018-10-10 18:51:08 --> 404 Page Not Found: 
ERROR - 2018-10-10 19:38:05 --> 404 Page Not Found: 
ERROR - 2018-10-10 20:00:30 --> Query error: You have an error in your SQL syntax; check the manual that corresponds to your MySQL server version for the right syntax to use near '-10, 10' at line 11 - Invalid query: SELECT DISTINCT `p`.*, `c`.`name` as `city_name`, `ps`.`name` as `property_status`, `pt`.`name` as `prop_type`, `b`.`name` as `builder`, `l`.`name` as `location`
FROM `properties` `p`
LEFT JOIN `cities` `c` ON `p`.`city_id` = `c`.`id`
LEFT JOIN `builders` `b` ON `p`.`builder_id` = `b`.`id`
LEFT JOIN `locations` `l` ON `p`.`location_id` = `l`.`id`
LEFT JOIN `property_types` `pt` ON `p`.`property_type_id` = `pt`.`id`
LEFT JOIN `property_status` `ps` ON `p`.`property_status_id` = `ps`.`id`
LEFT JOIN `property_amenities` `pa` ON `pa`.`property_id` = `p`.`id`
WHERE `p`.`status` = 1
ORDER BY `p`.`id` DESC
 LIMIT -10, 10
ERROR - 2018-10-10 20:00:33 --> Query error: You have an error in your SQL syntax; check the manual that corresponds to your MySQL server version for the right syntax to use near '-10, 10' at line 11 - Invalid query: SELECT DISTINCT `p`.*, `c`.`name` as `city_name`, `ps`.`name` as `property_status`, `pt`.`name` as `prop_type`, `b`.`name` as `builder`, `l`.`name` as `location`
FROM `properties` `p`
LEFT JOIN `cities` `c` ON `p`.`city_id` = `c`.`id`
LEFT JOIN `builders` `b` ON `p`.`builder_id` = `b`.`id`
LEFT JOIN `locations` `l` ON `p`.`location_id` = `l`.`id`
LEFT JOIN `property_types` `pt` ON `p`.`property_type_id` = `pt`.`id`
LEFT JOIN `property_status` `ps` ON `p`.`property_status_id` = `ps`.`id`
LEFT JOIN `property_amenities` `pa` ON `pa`.`property_id` = `p`.`id`
WHERE `p`.`status` = 1
ORDER BY `p`.`id` DESC
 LIMIT -10, 10
ERROR - 2018-10-10 20:00:45 --> Query error: You have an error in your SQL syntax; check the manual that corresponds to your MySQL server version for the right syntax to use near '-10, 10' at line 11 - Invalid query: SELECT DISTINCT `p`.*, `c`.`name` as `city_name`, `ps`.`name` as `property_status`, `pt`.`name` as `prop_type`, `b`.`name` as `builder`, `l`.`name` as `location`
FROM `properties` `p`
LEFT JOIN `cities` `c` ON `p`.`city_id` = `c`.`id`
LEFT JOIN `builders` `b` ON `p`.`builder_id` = `b`.`id`
LEFT JOIN `locations` `l` ON `p`.`location_id` = `l`.`id`
LEFT JOIN `property_types` `pt` ON `p`.`property_type_id` = `pt`.`id`
LEFT JOIN `property_status` `ps` ON `p`.`property_status_id` = `ps`.`id`
LEFT JOIN `property_amenities` `pa` ON `pa`.`property_id` = `p`.`id`
WHERE `p`.`status` = 1
ORDER BY `p`.`id` DESC
 LIMIT -10, 10
ERROR - 2018-10-10 20:20:17 --> 404 Page Not Found: 
ERROR - 2018-10-10 20:29:57 --> Query error: You have an error in your SQL syntax; check the manual that corresponds to your MySQL server version for the right syntax to use near '-10, 10' at line 11 - Invalid query: SELECT DISTINCT `p`.*, `c`.`name` as `city_name`, `ps`.`name` as `property_status`, `pt`.`name` as `prop_type`, `b`.`name` as `builder`, `l`.`name` as `location`
FROM `properties` `p`
LEFT JOIN `cities` `c` ON `p`.`city_id` = `c`.`id`
LEFT JOIN `builders` `b` ON `p`.`builder_id` = `b`.`id`
LEFT JOIN `locations` `l` ON `p`.`location_id` = `l`.`id`
LEFT JOIN `property_types` `pt` ON `p`.`property_type_id` = `pt`.`id`
LEFT JOIN `property_status` `ps` ON `p`.`property_status_id` = `ps`.`id`
LEFT JOIN `property_amenities` `pa` ON `pa`.`property_id` = `p`.`id`
WHERE `p`.`status` = 1
ORDER BY `p`.`id` DESC
 LIMIT -10, 10
ERROR - 2018-10-10 20:30:00 --> Query error: You have an error in your SQL syntax; check the manual that corresponds to your MySQL server version for the right syntax to use near '-10, 10' at line 11 - Invalid query: SELECT DISTINCT `p`.*, `c`.`name` as `city_name`, `ps`.`name` as `property_status`, `pt`.`name` as `prop_type`, `b`.`name` as `builder`, `l`.`name` as `location`
FROM `properties` `p`
LEFT JOIN `cities` `c` ON `p`.`city_id` = `c`.`id`
LEFT JOIN `builders` `b` ON `p`.`builder_id` = `b`.`id`
LEFT JOIN `locations` `l` ON `p`.`location_id` = `l`.`id`
LEFT JOIN `property_types` `pt` ON `p`.`property_type_id` = `pt`.`id`
LEFT JOIN `property_status` `ps` ON `p`.`property_status_id` = `ps`.`id`
LEFT JOIN `property_amenities` `pa` ON `pa`.`property_id` = `p`.`id`
WHERE `p`.`status` = 1
ORDER BY `p`.`id` DESC
 LIMIT -10, 10
ERROR - 2018-10-10 21:01:13 --> 404 Page Not Found: 
ERROR - 2018-10-10 21:53:54 --> 404 Page Not Found: 
ERROR - 2018-10-10 23:25:20 --> 404 Page Not Found: 
ERROR - 2018-10-10 23:25:22 --> 404 Page Not Found: 
ERROR - 2018-10-10 23:52:47 --> 404 Page Not Found: 
