ERROR - 2018-12-28 00:13:34 --> 404 Page Not Found: 
ERROR - 2018-12-28 01:01:55 --> 404 Page Not Found: 
ERROR - 2018-12-28 02:51:06 --> 404 Page Not Found: 
ERROR - 2018-12-28 03:25:35 --> 404 Page Not Found: 
ERROR - 2018-12-28 03:56:10 --> 404 Page Not Found: 
ERROR - 2018-12-28 04:15:23 --> 404 Page Not Found: 
ERROR - 2018-12-28 04:16:31 --> 404 Page Not Found: 
ERROR - 2018-12-28 04:59:51 --> 404 Page Not Found: 
ERROR - 2018-12-28 05:59:04 --> 404 Page Not Found: 
ERROR - 2018-12-28 06:28:38 --> 404 Page Not Found: 
ERROR - 2018-12-28 06:47:21 --> 404 Page Not Found: 
ERROR - 2018-12-28 07:09:12 --> 404 Page Not Found: 
ERROR - 2018-12-28 07:21:36 --> 404 Page Not Found: 
ERROR - 2018-12-28 08:37:33 --> 404 Page Not Found: 
ERROR - 2018-12-28 08:48:18 --> 404 Page Not Found: 
ERROR - 2018-12-28 08:57:12 --> 404 Page Not Found: 
ERROR - 2018-12-28 09:24:18 --> 404 Page Not Found: 
ERROR - 2018-12-28 09:47:24 --> 404 Page Not Found: 
ERROR - 2018-12-28 10:32:14 --> 404 Page Not Found: 
ERROR - 2018-12-28 10:32:15 --> 404 Page Not Found: 
ERROR - 2018-12-28 10:45:54 --> 404 Page Not Found: 
ERROR - 2018-12-28 10:45:55 --> 404 Page Not Found: 
ERROR - 2018-12-28 10:59:29 --> 404 Page Not Found: 
ERROR - 2018-12-28 11:13:49 --> 404 Page Not Found: 
ERROR - 2018-12-28 11:46:48 --> 404 Page Not Found: 
ERROR - 2018-12-28 12:58:42 --> 404 Page Not Found: 
ERROR - 2018-12-28 13:36:13 --> 404 Page Not Found: 
ERROR - 2018-12-28 13:40:34 --> 404 Page Not Found: 
ERROR - 2018-12-28 14:19:03 --> 404 Page Not Found: 
ERROR - 2018-12-28 14:25:43 --> 404 Page Not Found: 
ERROR - 2018-12-28 15:19:26 --> 404 Page Not Found: 
ERROR - 2018-12-28 15:28:26 --> 404 Page Not Found: 
ERROR - 2018-12-28 15:42:47 --> 404 Page Not Found: 
ERROR - 2018-12-28 15:43:07 --> 404 Page Not Found: 
ERROR - 2018-12-28 15:51:27 --> 404 Page Not Found: 
ERROR - 2018-12-28 15:54:14 --> 404 Page Not Found: 
ERROR - 2018-12-28 17:23:07 --> 404 Page Not Found: 
ERROR - 2018-12-28 17:44:03 --> 404 Page Not Found: 
ERROR - 2018-12-28 18:52:30 --> 404 Page Not Found: 
ERROR - 2018-12-28 21:45:07 --> Query error: You have an error in your SQL syntax; check the manual that corresponds to your MySQL server version for the right syntax to use near '-10, 10' at line 11 - Invalid query: SELECT DISTINCT `p`.*, `c`.`name` as `city_name`, `ps`.`name` as `property_status`, `pt`.`name` as `prop_type`, `b`.`name` as `builder`, `l`.`name` as `location`
FROM `properties` `p`
LEFT JOIN `cities` `c` ON `p`.`city_id` = `c`.`id`
LEFT JOIN `builders` `b` ON `p`.`builder_id` = `b`.`id`
LEFT JOIN `locations` `l` ON `p`.`location_id` = `l`.`id`
LEFT JOIN `property_types` `pt` ON `p`.`property_type_id` = `pt`.`id`
LEFT JOIN `property_status` `ps` ON `p`.`property_status_id` = `ps`.`id`
LEFT JOIN `property_amenities` `pa` ON `pa`.`property_id` = `p`.`id`
WHERE `p`.`status` = 1
ORDER BY `p`.`id` DESC
 LIMIT -10, 10
ERROR - 2018-12-28 21:45:12 --> Query error: You have an error in your SQL syntax; check the manual that corresponds to your MySQL server version for the right syntax to use near '-10, 10' at line 11 - Invalid query: SELECT DISTINCT `p`.*, `c`.`name` as `city_name`, `ps`.`name` as `property_status`, `pt`.`name` as `prop_type`, `b`.`name` as `builder`, `l`.`name` as `location`
FROM `properties` `p`
LEFT JOIN `cities` `c` ON `p`.`city_id` = `c`.`id`
LEFT JOIN `builders` `b` ON `p`.`builder_id` = `b`.`id`
LEFT JOIN `locations` `l` ON `p`.`location_id` = `l`.`id`
LEFT JOIN `property_types` `pt` ON `p`.`property_type_id` = `pt`.`id`
LEFT JOIN `property_status` `ps` ON `p`.`property_status_id` = `ps`.`id`
LEFT JOIN `property_amenities` `pa` ON `pa`.`property_id` = `p`.`id`
WHERE `p`.`status` = 1
ORDER BY `p`.`id` DESC
 LIMIT -10, 10
ERROR - 2018-12-28 21:45:25 --> Query error: You have an error in your SQL syntax; check the manual that corresponds to your MySQL server version for the right syntax to use near '-10, 10' at line 11 - Invalid query: SELECT DISTINCT `p`.*, `c`.`name` as `city_name`, `ps`.`name` as `property_status`, `pt`.`name` as `prop_type`, `b`.`name` as `builder`, `l`.`name` as `location`
FROM `properties` `p`
LEFT JOIN `cities` `c` ON `p`.`city_id` = `c`.`id`
LEFT JOIN `builders` `b` ON `p`.`builder_id` = `b`.`id`
LEFT JOIN `locations` `l` ON `p`.`location_id` = `l`.`id`
LEFT JOIN `property_types` `pt` ON `p`.`property_type_id` = `pt`.`id`
LEFT JOIN `property_status` `ps` ON `p`.`property_status_id` = `ps`.`id`
LEFT JOIN `property_amenities` `pa` ON `pa`.`property_id` = `p`.`id`
WHERE `p`.`status` = 1
ORDER BY `p`.`id` DESC
 LIMIT -10, 10
ERROR - 2018-12-28 21:46:19 --> 404 Page Not Found: 
ERROR - 2018-12-28 22:21:22 --> 404 Page Not Found: 
ERROR - 2018-12-28 22:35:37 --> 404 Page Not Found: 
ERROR - 2018-12-28 22:38:49 --> 404 Page Not Found: 
ERROR - 2018-12-28 23:07:27 --> 404 Page Not Found: 
ERROR - 2018-12-28 23:58:45 --> 404 Page Not Found: 
