ERROR - 2019-08-09 00:49:21 --> 404 Page Not Found: 
ERROR - 2019-08-09 01:10:51 --> 404 Page Not Found: 
ERROR - 2019-08-09 01:10:51 --> 404 Page Not Found: 
ERROR - 2019-08-09 01:11:54 --> Severity: Warning --> Illegal string offset 'keyword' /home/fullbasketproper/public_html/application/views/listing.php 186
ERROR - 2019-08-09 01:11:58 --> Severity: Warning --> Illegal string offset 'keyword' /home/fullbasketproper/public_html/application/views/listing.php 186
ERROR - 2019-08-09 01:48:03 --> 404 Page Not Found: 
ERROR - 2019-08-09 02:39:33 --> Query error: You have an error in your SQL syntax; check the manual that corresponds to your MySQL server version for the right syntax to use near '-10, 10' at line 11 - Invalid query: SELECT DISTINCT `p`.*, `c`.`name` as `city_name`, `ps`.`name` as `property_status`, `pt`.`name` as `prop_type`, `b`.`name` as `builder`, `l`.`name` as `location`
FROM `properties` `p`
LEFT JOIN `cities` `c` ON `p`.`city_id` = `c`.`id`
LEFT JOIN `builders` `b` ON `p`.`builder_id` = `b`.`id`
LEFT JOIN `locations` `l` ON `p`.`location_id` = `l`.`id`
LEFT JOIN `property_types` `pt` ON `p`.`property_type_id` = `pt`.`id`
LEFT JOIN `property_status` `ps` ON `p`.`property_status_id` = `ps`.`id`
LEFT JOIN `property_amenities` `pa` ON `pa`.`property_id` = `p`.`id`
WHERE `p`.`status` = 1
ORDER BY `p`.`id` DESC
 LIMIT -10, 10
ERROR - 2019-08-09 02:43:02 --> Severity: Warning --> Illegal string offset 'keyword' /home/fullbasketproper/public_html/application/views/listing.php 186
ERROR - 2019-08-09 02:51:30 --> 404 Page Not Found: 
ERROR - 2019-08-09 03:51:00 --> 404 Page Not Found: 
ERROR - 2019-08-09 05:18:10 --> 404 Page Not Found: 
ERROR - 2019-08-09 06:52:07 --> 404 Page Not Found: 
ERROR - 2019-08-09 08:50:11 --> 404 Page Not Found: 
ERROR - 2019-08-09 10:09:21 --> 404 Page Not Found: 
ERROR - 2019-08-09 10:16:50 --> Severity: Warning --> Illegal string offset 'keyword' /home/fullbasketproper/public_html/application/views/listing.php 186
ERROR - 2019-08-09 10:17:00 --> Severity: Warning --> Illegal string offset 'keyword' /home/fullbasketproper/public_html/application/views/listing.php 186
ERROR - 2019-08-09 10:17:09 --> 404 Page Not Found: 
ERROR - 2019-08-09 10:17:47 --> Severity: Warning --> Illegal string offset 'keyword' /home/fullbasketproper/public_html/application/views/listing.php 186
ERROR - 2019-08-09 10:17:52 --> Severity: Warning --> Illegal string offset 'keyword' /home/fullbasketproper/public_html/application/views/listing.php 186
ERROR - 2019-08-09 10:17:56 --> Severity: Warning --> Illegal string offset 'keyword' /home/fullbasketproper/public_html/application/views/listing.php 186
ERROR - 2019-08-09 10:18:01 --> Severity: Warning --> Illegal string offset 'keyword' /home/fullbasketproper/public_html/application/views/listing.php 186
ERROR - 2019-08-09 10:18:02 --> 404 Page Not Found: 
ERROR - 2019-08-09 10:18:18 --> 404 Page Not Found: 
ERROR - 2019-08-09 10:22:41 --> 404 Page Not Found: 
ERROR - 2019-08-09 10:22:48 --> 404 Page Not Found: 
ERROR - 2019-08-09 10:23:28 --> 404 Page Not Found: 
ERROR - 2019-08-09 10:29:46 --> 404 Page Not Found: 
ERROR - 2019-08-09 10:49:35 --> Severity: Warning --> Illegal string offset 'keyword' /home/fullbasketproper/public_html/application/views/listing.php 186
ERROR - 2019-08-09 10:49:53 --> Severity: Warning --> Illegal string offset 'keyword' /home/fullbasketproper/public_html/application/views/listing.php 186
ERROR - 2019-08-09 10:50:14 --> Severity: Warning --> Illegal string offset 'keyword' /home/fullbasketproper/public_html/application/views/listing.php 186
ERROR - 2019-08-09 10:50:29 --> Severity: Warning --> Illegal string offset 'keyword' /home/fullbasketproper/public_html/application/views/listing.php 186
ERROR - 2019-08-09 10:50:41 --> Severity: Warning --> Illegal string offset 'keyword' /home/fullbasketproper/public_html/application/views/listing.php 186
ERROR - 2019-08-09 10:51:20 --> Severity: Warning --> Illegal string offset 'keyword' /home/fullbasketproper/public_html/application/views/listing.php 186
ERROR - 2019-08-09 10:51:26 --> Severity: Warning --> Illegal string offset 'keyword' /home/fullbasketproper/public_html/application/views/listing.php 186
ERROR - 2019-08-09 10:51:31 --> Severity: Warning --> Illegal string offset 'keyword' /home/fullbasketproper/public_html/application/views/listing.php 186
ERROR - 2019-08-09 10:51:47 --> Severity: Warning --> Illegal string offset 'keyword' /home/fullbasketproper/public_html/application/views/listing.php 186
ERROR - 2019-08-09 10:52:08 --> Severity: Warning --> Illegal string offset 'keyword' /home/fullbasketproper/public_html/application/views/listing.php 186
ERROR - 2019-08-09 10:52:27 --> Severity: Warning --> Illegal string offset 'keyword' /home/fullbasketproper/public_html/application/views/listing.php 186
ERROR - 2019-08-09 10:52:33 --> Severity: Warning --> Illegal string offset 'keyword' /home/fullbasketproper/public_html/application/views/listing.php 186
ERROR - 2019-08-09 10:52:46 --> Severity: Warning --> Illegal string offset 'keyword' /home/fullbasketproper/public_html/application/views/listing.php 186
ERROR - 2019-08-09 10:52:54 --> Severity: Warning --> Illegal string offset 'keyword' /home/fullbasketproper/public_html/application/views/listing.php 186
ERROR - 2019-08-09 10:53:03 --> Severity: Warning --> Illegal string offset 'keyword' /home/fullbasketproper/public_html/application/views/listing.php 186
ERROR - 2019-08-09 10:53:19 --> Severity: Warning --> Illegal string offset 'keyword' /home/fullbasketproper/public_html/application/views/listing.php 186
ERROR - 2019-08-09 10:53:27 --> Severity: Warning --> Illegal string offset 'keyword' /home/fullbasketproper/public_html/application/views/listing.php 186
ERROR - 2019-08-09 10:53:36 --> Severity: Warning --> Illegal string offset 'keyword' /home/fullbasketproper/public_html/application/views/listing.php 186
ERROR - 2019-08-09 10:53:41 --> Severity: Warning --> Illegal string offset 'keyword' /home/fullbasketproper/public_html/application/views/listing.php 186
ERROR - 2019-08-09 10:54:03 --> Severity: Warning --> Illegal string offset 'keyword' /home/fullbasketproper/public_html/application/views/listing.php 186
ERROR - 2019-08-09 10:54:14 --> Severity: Warning --> Illegal string offset 'keyword' /home/fullbasketproper/public_html/application/views/listing.php 186
ERROR - 2019-08-09 10:54:20 --> Severity: Warning --> Illegal string offset 'keyword' /home/fullbasketproper/public_html/application/views/listing.php 186
ERROR - 2019-08-09 10:54:29 --> Severity: Warning --> Illegal string offset 'keyword' /home/fullbasketproper/public_html/application/views/listing.php 186
ERROR - 2019-08-09 10:54:40 --> Severity: Warning --> Illegal string offset 'keyword' /home/fullbasketproper/public_html/application/views/listing.php 186
ERROR - 2019-08-09 10:55:04 --> Severity: Warning --> Illegal string offset 'keyword' /home/fullbasketproper/public_html/application/views/listing.php 186
ERROR - 2019-08-09 10:55:10 --> Severity: Warning --> Illegal string offset 'keyword' /home/fullbasketproper/public_html/application/views/listing.php 186
ERROR - 2019-08-09 10:55:16 --> Severity: Warning --> Illegal string offset 'keyword' /home/fullbasketproper/public_html/application/views/listing.php 186
ERROR - 2019-08-09 10:55:22 --> Severity: Warning --> Illegal string offset 'keyword' /home/fullbasketproper/public_html/application/views/listing.php 186
ERROR - 2019-08-09 10:55:27 --> Severity: Warning --> Illegal string offset 'keyword' /home/fullbasketproper/public_html/application/views/listing.php 186
ERROR - 2019-08-09 10:55:33 --> Severity: Warning --> Illegal string offset 'keyword' /home/fullbasketproper/public_html/application/views/listing.php 186
ERROR - 2019-08-09 10:55:53 --> Severity: Warning --> Illegal string offset 'keyword' /home/fullbasketproper/public_html/application/views/listing.php 186
ERROR - 2019-08-09 10:56:09 --> Severity: Warning --> Illegal string offset 'keyword' /home/fullbasketproper/public_html/application/views/listing.php 186
ERROR - 2019-08-09 10:56:20 --> Severity: Warning --> Illegal string offset 'keyword' /home/fullbasketproper/public_html/application/views/listing.php 186
ERROR - 2019-08-09 10:56:41 --> Severity: Warning --> Illegal string offset 'keyword' /home/fullbasketproper/public_html/application/views/listing.php 186
ERROR - 2019-08-09 10:56:47 --> Severity: Warning --> Illegal string offset 'keyword' /home/fullbasketproper/public_html/application/views/listing.php 186
ERROR - 2019-08-09 10:56:59 --> Severity: Warning --> Illegal string offset 'keyword' /home/fullbasketproper/public_html/application/views/listing.php 186
ERROR - 2019-08-09 10:57:11 --> Severity: Warning --> Illegal string offset 'keyword' /home/fullbasketproper/public_html/application/views/listing.php 186
ERROR - 2019-08-09 10:57:18 --> Severity: Warning --> Illegal string offset 'keyword' /home/fullbasketproper/public_html/application/views/listing.php 186
ERROR - 2019-08-09 10:57:34 --> Severity: Warning --> Illegal string offset 'keyword' /home/fullbasketproper/public_html/application/views/listing.php 186
ERROR - 2019-08-09 10:57:40 --> Severity: Warning --> Illegal string offset 'keyword' /home/fullbasketproper/public_html/application/views/listing.php 186
ERROR - 2019-08-09 10:57:56 --> Severity: Warning --> Illegal string offset 'keyword' /home/fullbasketproper/public_html/application/views/listing.php 186
ERROR - 2019-08-09 10:58:01 --> Severity: Warning --> Illegal string offset 'keyword' /home/fullbasketproper/public_html/application/views/listing.php 186
ERROR - 2019-08-09 10:58:08 --> Severity: Warning --> Illegal string offset 'keyword' /home/fullbasketproper/public_html/application/views/listing.php 186
ERROR - 2019-08-09 10:58:11 --> Severity: Warning --> Illegal string offset 'keyword' /home/fullbasketproper/public_html/application/views/listing.php 186
ERROR - 2019-08-09 11:03:30 --> 404 Page Not Found: 
ERROR - 2019-08-09 11:07:23 --> Severity: Warning --> Illegal string offset 'keyword' /home/fullbasketproper/public_html/application/views/listing.php 186
ERROR - 2019-08-09 11:07:27 --> Severity: Warning --> Illegal string offset 'keyword' /home/fullbasketproper/public_html/application/views/listing.php 186
ERROR - 2019-08-09 11:07:30 --> Severity: Warning --> Illegal string offset 'keyword' /home/fullbasketproper/public_html/application/views/listing.php 186
ERROR - 2019-08-09 11:07:34 --> Severity: Warning --> Illegal string offset 'keyword' /home/fullbasketproper/public_html/application/views/listing.php 186
ERROR - 2019-08-09 11:07:37 --> Severity: Warning --> Illegal string offset 'keyword' /home/fullbasketproper/public_html/application/views/listing.php 186
ERROR - 2019-08-09 11:08:13 --> Severity: Warning --> Illegal string offset 'keyword' /home/fullbasketproper/public_html/application/views/listing.php 186
ERROR - 2019-08-09 11:18:21 --> Severity: Warning --> Illegal string offset 'keyword' /home/fullbasketproper/public_html/application/views/listing.php 186
ERROR - 2019-08-09 11:54:16 --> Severity: Warning --> Illegal string offset 'keyword' /home/fullbasketproper/public_html/application/views/listing.php 186
ERROR - 2019-08-09 11:54:28 --> 404 Page Not Found: 
ERROR - 2019-08-09 11:58:10 --> 404 Page Not Found: 
ERROR - 2019-08-09 12:01:33 --> Severity: Warning --> Illegal string offset 'keyword' /home/fullbasketproper/public_html/application/views/listing.php 186
ERROR - 2019-08-09 12:24:44 --> Severity: Warning --> Illegal string offset 'keyword' /home/fullbasketproper/public_html/application/views/listing.php 186
ERROR - 2019-08-09 12:53:29 --> Severity: Warning --> Illegal string offset 'keyword' /home/fullbasketproper/public_html/application/views/listing.php 186
ERROR - 2019-08-09 12:55:09 --> Severity: Warning --> Illegal string offset 'keyword' /home/fullbasketproper/public_html/application/views/listing.php 186
ERROR - 2019-08-09 12:57:44 --> 404 Page Not Found: 
ERROR - 2019-08-09 13:31:57 --> 404 Page Not Found: 
ERROR - 2019-08-09 13:49:07 --> 404 Page Not Found: 
ERROR - 2019-08-09 13:52:52 --> Severity: Warning --> Illegal string offset 'keyword' /home/fullbasketproper/public_html/application/views/listing.php 186
ERROR - 2019-08-09 13:58:53 --> 404 Page Not Found: 
ERROR - 2019-08-09 14:10:21 --> 404 Page Not Found: 
ERROR - 2019-08-09 14:11:13 --> 404 Page Not Found: 
ERROR - 2019-08-09 14:11:28 --> 404 Page Not Found: 
ERROR - 2019-08-09 14:11:37 --> Severity: Warning --> Illegal string offset 'keyword' /home/fullbasketproper/public_html/application/views/listing.php 186
ERROR - 2019-08-09 14:12:08 --> Severity: Warning --> Illegal string offset 'keyword' /home/fullbasketproper/public_html/application/views/listing.php 186
ERROR - 2019-08-09 14:29:05 --> Severity: Warning --> Illegal string offset 'keyword' /home/fullbasketproper/public_html/application/views/listing.php 186
ERROR - 2019-08-09 14:46:06 --> 404 Page Not Found: 
ERROR - 2019-08-09 14:51:57 --> 404 Page Not Found: 
ERROR - 2019-08-09 14:54:04 --> Severity: Warning --> Illegal string offset 'keyword' /home/fullbasketproper/public_html/application/views/listing.php 186
ERROR - 2019-08-09 15:12:27 --> 404 Page Not Found: 
ERROR - 2019-08-09 15:18:19 --> Severity: Warning --> Illegal string offset 'keyword' /home/fullbasketproper/public_html/application/views/listing.php 186
ERROR - 2019-08-09 15:35:44 --> 404 Page Not Found: 
ERROR - 2019-08-09 15:41:41 --> 404 Page Not Found: 
ERROR - 2019-08-09 15:41:58 --> 404 Page Not Found: 
ERROR - 2019-08-09 16:33:53 --> 404 Page Not Found: 
ERROR - 2019-08-09 16:33:54 --> 404 Page Not Found: 
ERROR - 2019-08-09 16:33:55 --> 404 Page Not Found: 
ERROR - 2019-08-09 16:33:55 --> 404 Page Not Found: 
ERROR - 2019-08-09 16:33:55 --> 404 Page Not Found: 
ERROR - 2019-08-09 16:33:58 --> 404 Page Not Found: 
ERROR - 2019-08-09 16:33:58 --> 404 Page Not Found: 
ERROR - 2019-08-09 16:41:03 --> 404 Page Not Found: 
ERROR - 2019-08-09 16:41:22 --> 404 Page Not Found: 
ERROR - 2019-08-09 16:41:42 --> 404 Page Not Found: 
ERROR - 2019-08-09 16:42:26 --> Severity: Warning --> Illegal string offset 'keyword' /home/fullbasketproper/public_html/application/views/listing.php 186
ERROR - 2019-08-09 16:42:35 --> Severity: Warning --> Illegal string offset 'keyword' /home/fullbasketproper/public_html/application/views/listing.php 186
ERROR - 2019-08-09 16:43:37 --> 404 Page Not Found: 
ERROR - 2019-08-09 16:44:06 --> Severity: Warning --> Illegal string offset 'keyword' /home/fullbasketproper/public_html/application/views/listing.php 186
ERROR - 2019-08-09 16:45:15 --> 404 Page Not Found: 
ERROR - 2019-08-09 16:49:13 --> Severity: Warning --> Illegal string offset 'keyword' /home/fullbasketproper/public_html/application/views/listing.php 186
ERROR - 2019-08-09 17:07:30 --> 404 Page Not Found: 
ERROR - 2019-08-09 17:31:36 --> 404 Page Not Found: 
ERROR - 2019-08-09 17:45:13 --> 404 Page Not Found: 
ERROR - 2019-08-09 17:58:43 --> 404 Page Not Found: 
ERROR - 2019-08-09 17:58:47 --> 404 Page Not Found: 
ERROR - 2019-08-09 17:58:54 --> Severity: Warning --> Illegal string offset 'keyword' /home/fullbasketproper/public_html/application/views/listing.php 186
ERROR - 2019-08-09 17:59:16 --> Severity: Warning --> Illegal string offset 'keyword' /home/fullbasketproper/public_html/application/views/listing.php 186
ERROR - 2019-08-09 18:04:52 --> 404 Page Not Found: 
ERROR - 2019-08-09 18:06:46 --> 404 Page Not Found: 
ERROR - 2019-08-09 18:15:11 --> Severity: Warning --> Illegal string offset 'keyword' /home/fullbasketproper/public_html/application/views/listing.php 186
ERROR - 2019-08-09 18:16:35 --> 404 Page Not Found: 
ERROR - 2019-08-09 18:17:56 --> Severity: Warning --> Illegal string offset 'keyword' /home/fullbasketproper/public_html/application/views/listing.php 186
ERROR - 2019-08-09 18:18:48 --> 404 Page Not Found: 
ERROR - 2019-08-09 18:29:39 --> 404 Page Not Found: 
ERROR - 2019-08-09 18:33:53 --> Severity: Warning --> Illegal string offset 'keyword' /home/fullbasketproper/public_html/application/views/listing.php 186
ERROR - 2019-08-09 18:43:29 --> Severity: Warning --> Illegal string offset 'keyword' /home/fullbasketproper/public_html/application/views/listing.php 186
ERROR - 2019-08-09 19:36:55 --> Severity: Warning --> Illegal string offset 'keyword' /home/fullbasketproper/public_html/application/views/listing.php 186
ERROR - 2019-08-09 20:02:08 --> Severity: Warning --> Illegal string offset 'keyword' /home/fullbasketproper/public_html/application/views/listing.php 186
ERROR - 2019-08-09 20:52:31 --> 404 Page Not Found: 
ERROR - 2019-08-09 21:00:06 --> Severity: Warning --> Illegal string offset 'keyword' /home/fullbasketproper/public_html/application/views/listing.php 186
ERROR - 2019-08-09 21:13:40 --> Severity: Warning --> Illegal string offset 'keyword' /home/fullbasketproper/public_html/application/views/listing.php 186
ERROR - 2019-08-09 21:16:31 --> Severity: Warning --> Illegal string offset 'keyword' /home/fullbasketproper/public_html/application/views/listing.php 186
ERROR - 2019-08-09 21:16:47 --> Severity: Warning --> Illegal string offset 'keyword' /home/fullbasketproper/public_html/application/views/listing.php 186
ERROR - 2019-08-09 21:21:24 --> 404 Page Not Found: 
ERROR - 2019-08-09 21:25:53 --> 404 Page Not Found: 
ERROR - 2019-08-09 22:12:08 --> Severity: Warning --> Illegal string offset 'keyword' /home/fullbasketproper/public_html/application/views/listing.php 186
ERROR - 2019-08-09 22:22:09 --> Severity: Warning --> Illegal string offset 'keyword' /home/fullbasketproper/public_html/application/views/listing.php 186
ERROR - 2019-08-09 22:23:32 --> Severity: Warning --> Illegal string offset 'keyword' /home/fullbasketproper/public_html/application/views/listing.php 186
ERROR - 2019-08-09 22:38:44 --> 404 Page Not Found: 
ERROR - 2019-08-09 22:38:46 --> Severity: Warning --> Illegal string offset 'keyword' /home/fullbasketproper/public_html/application/views/listing.php 186
ERROR - 2019-08-09 22:45:35 --> Severity: Warning --> Illegal string offset 'keyword' /home/fullbasketproper/public_html/application/views/listing.php 186
ERROR - 2019-08-09 22:54:29 --> 404 Page Not Found: 
ERROR - 2019-08-09 23:11:44 --> 404 Page Not Found: 
ERROR - 2019-08-09 23:11:46 --> 404 Page Not Found: 
ERROR - 2019-08-09 23:37:13 --> 404 Page Not Found: 
ERROR - 2019-08-09 23:38:22 --> 404 Page Not Found: 
ERROR - 2019-08-09 23:38:28 --> 404 Page Not Found: 
ERROR - 2019-08-09 23:38:35 --> 404 Page Not Found: 
ERROR - 2019-08-09 23:51:14 --> Severity: Warning --> Illegal string offset 'keyword' /home/fullbasketproper/public_html/application/views/listing.php 186
ERROR - 2019-08-09 23:51:31 --> Severity: Warning --> Illegal string offset 'keyword' /home/fullbasketproper/public_html/application/views/listing.php 186
